ARM GAS  C:\Users\doug_000\AppData\Local\Temp\ccFP345K.s 			page 1


   1              		.syntax unified
   2              		.cpu cortex-m3
   3              		.fpu softvfp
   4              		.eabi_attribute 20, 1
   5              		.eabi_attribute 21, 1
   6              		.eabi_attribute 23, 3
   7              		.eabi_attribute 24, 1
   8              		.eabi_attribute 25, 1
   9              		.eabi_attribute 26, 1
  10              		.eabi_attribute 30, 1
  11              		.eabi_attribute 34, 1
  12              		.eabi_attribute 18, 4
  13              		.thumb
  14              		.file	"cymetadata.c"
  15              		.text
  16              	.Ltext0:
  17              		.cfi_sections	.debug_frame
  18              		.global	cy_metadata
  19              		.global	cy_meta_flashprotect
  20              		.global	cy_meta_wonvl
  21              		.global	cy_meta_custnvl
  22              		.global	cy_meta_configecc
  23              		.section	.cyconfigecc,"a",%progbits
  24              		.align	2
  25              		.type	cy_meta_configecc, %object
  26              		.size	cy_meta_configecc, 1720
  27              	cy_meta_configecc:
  28 0000 0A       		.byte	10
  29 0001 52       		.byte	82
  30 0002 00       		.byte	0
  31 0003 40       		.byte	64
  32 0004 47       		.byte	71
  33 0005 00       		.byte	0
  34 0006 01       		.byte	1
  35 0007 40       		.byte	64
  36 0008 31       		.byte	49
  37 0009 01       		.byte	1
  38 000a 01       		.byte	1
  39 000b 40       		.byte	64
  40 000c 47       		.byte	71
  41 000d 02       		.byte	2
  42 000e 01       		.byte	1
  43 000f 40       		.byte	64
  44 0010 49       		.byte	73
  45 0011 03       		.byte	3
  46 0012 01       		.byte	1
  47 0013 40       		.byte	64
  48 0014 4F       		.byte	79
  49 0015 04       		.byte	4
  50 0016 01       		.byte	1
  51 0017 40       		.byte	64
  52 0018 48       		.byte	72
  53 0019 05       		.byte	5
  54 001a 01       		.byte	1
  55 001b 40       		.byte	64
  56 001c 42       		.byte	66
  57 001d 06       		.byte	6
ARM GAS  C:\Users\doug_000\AppData\Local\Temp\ccFP345K.s 			page 2


  58 001e 01       		.byte	1
  59 001f 40       		.byte	64
  60 0020 43       		.byte	67
  61 0021 07       		.byte	7
  62 0022 01       		.byte	1
  63 0023 40       		.byte	64
  64 0024 05       		.byte	5
  65 0025 15       		.byte	21
  66 0026 01       		.byte	1
  67 0027 40       		.byte	64
  68 0028 4B       		.byte	75
  69 0029 16       		.byte	22
  70 002a 01       		.byte	1
  71 002b 40       		.byte	64
  72 002c 42       		.byte	66
  73 002d 17       		.byte	23
  74 002e 01       		.byte	1
  75 002f 40       		.byte	64
  76 0030 04       		.byte	4
  77 0031 18       		.byte	24
  78 0032 01       		.byte	1
  79 0033 40       		.byte	64
  80 0034 01       		.byte	1
  81 0035 19       		.byte	25
  82 0036 01       		.byte	1
  83 0037 40       		.byte	64
  84 0038 01       		.byte	1
  85 0039 1B       		.byte	27
  86 003a 01       		.byte	1
  87 003b 40       		.byte	64
  88 003c 12       		.byte	18
  89 003d 40       		.byte	64
  90 003e 01       		.byte	1
  91 003f 40       		.byte	64
  92 0040 10       		.byte	16
  93 0041 41       		.byte	65
  94 0042 01       		.byte	1
  95 0043 40       		.byte	64
  96 0044 0A       		.byte	10
  97 0045 42       		.byte	66
  98 0046 01       		.byte	1
  99 0047 40       		.byte	64
 100 0048 03       		.byte	3
 101 0049 43       		.byte	67
 102 004a 01       		.byte	1
 103 004b 40       		.byte	64
 104 004c 04       		.byte	4
 105 004d 48       		.byte	72
 106 004e 01       		.byte	1
 107 004f 40       		.byte	64
 108 0050 0A       		.byte	10
 109 0051 49       		.byte	73
 110 0052 01       		.byte	1
 111 0053 40       		.byte	64
 112 0054 05       		.byte	5
 113 0055 4D       		.byte	77
 114 0056 01       		.byte	1
ARM GAS  C:\Users\doug_000\AppData\Local\Temp\ccFP345K.s 			page 3


 115 0057 40       		.byte	64
 116 0058 05       		.byte	5
 117 0059 50       		.byte	80
 118 005a 01       		.byte	1
 119 005b 40       		.byte	64
 120 005c 00       		.byte	0
 121 005d 35       		.byte	53
 122 005e 01       		.byte	1
 123 005f 53       		.byte	83
 124 0060 18       		.byte	24
 125 0061 5A       		.byte	90
 126 0062 19       		.byte	25
 127 0063 F5       		.byte	-11
 128 0064 20       		.byte	32
 129 0065 A3       		.byte	-93
 130 0066 21       		.byte	33
 131 0067 99       		.byte	-103
 132 0068 28       		.byte	40
 133 0069 10       		.byte	16
 134 006a 29       		.byte	41
 135 006b 10       		.byte	16
 136 006c 60       		.byte	96
 137 006d 08       		.byte	8
 138 006e 61       		.byte	97
 139 006f 0A       		.byte	10
 140 0070 00       		.byte	0
 141 0071 60       		.byte	96
 142 0072 03       		.byte	3
 143 0073 08       		.byte	8
 144 0074 04       		.byte	4
 145 0075 02       		.byte	2
 146 0076 07       		.byte	7
 147 0077 02       		.byte	2
 148 0078 08       		.byte	8
 149 0079 04       		.byte	4
 150 007a 09       		.byte	9
 151 007b 01       		.byte	1
 152 007c 0D       		.byte	13
 153 007d 02       		.byte	2
 154 007e 0E       		.byte	14
 155 007f 10       		.byte	16
 156 0080 10       		.byte	16
 157 0081 20       		.byte	32
 158 0082 11       		.byte	17
 159 0083 04       		.byte	4
 160 0084 12       		.byte	18
 161 0085 40       		.byte	64
 162 0086 14       		.byte	20
 163 0087 01       		.byte	1
 164 0088 15       		.byte	21
 165 0089 08       		.byte	8
 166 008a 19       		.byte	25
 167 008b 20       		.byte	32
 168 008c 1A       		.byte	26
 169 008d 08       		.byte	8
 170 008e 1B       		.byte	27
 171 008f 10       		.byte	16
ARM GAS  C:\Users\doug_000\AppData\Local\Temp\ccFP345K.s 			page 4


 172 0090 1D       		.byte	29
 173 0091 80       		.byte	-128
 174 0092 1E       		.byte	30
 175 0093 02       		.byte	2
 176 0094 1F       		.byte	31
 177 0095 40       		.byte	64
 178 0096 22       		.byte	34
 179 0097 04       		.byte	4
 180 0098 23       		.byte	35
 181 0099 04       		.byte	4
 182 009a 25       		.byte	37
 183 009b 40       		.byte	64
 184 009c 26       		.byte	38
 185 009d 01       		.byte	1
 186 009e 27       		.byte	39
 187 009f 80       		.byte	-128
 188 00a0 28       		.byte	40
 189 00a1 40       		.byte	64
 190 00a2 2A       		.byte	42
 191 00a3 20       		.byte	32
 192 00a4 2B       		.byte	43
 193 00a5 01       		.byte	1
 194 00a6 2C       		.byte	44
 195 00a7 08       		.byte	8
 196 00a8 2D       		.byte	45
 197 00a9 10       		.byte	16
 198 00aa 2F       		.byte	47
 199 00ab 20       		.byte	32
 200 00ac 30       		.byte	48
 201 00ad 60       		.byte	96
 202 00ae 31       		.byte	49
 203 00af FF       		.byte	-1
 204 00b0 34       		.byte	52
 205 00b1 1F       		.byte	31
 206 00b2 38       		.byte	56
 207 00b3 20       		.byte	32
 208 00b4 3B       		.byte	59
 209 00b5 C0       		.byte	-64
 210 00b6 3E       		.byte	62
 211 00b7 10       		.byte	16
 212 00b8 3F       		.byte	63
 213 00b9 01       		.byte	1
 214 00ba 58       		.byte	88
 215 00bb 04       		.byte	4
 216 00bc 59       		.byte	89
 217 00bd 04       		.byte	4
 218 00be 5B       		.byte	91
 219 00bf 04       		.byte	4
 220 00c0 5C       		.byte	92
 221 00c1 10       		.byte	16
 222 00c2 5F       		.byte	95
 223 00c3 01       		.byte	1
 224 00c4 81       		.byte	-127
 225 00c5 0C       		.byte	12
 226 00c6 83       		.byte	-125
 227 00c7 03       		.byte	3
 228 00c8 88       		.byte	-120
ARM GAS  C:\Users\doug_000\AppData\Local\Temp\ccFP345K.s 			page 5


 229 00c9 02       		.byte	2
 230 00ca 89       		.byte	-119
 231 00cb 07       		.byte	7
 232 00cc 8A       		.byte	-118
 233 00cd 0D       		.byte	13
 234 00ce 8B       		.byte	-117
 235 00cf 08       		.byte	8
 236 00d0 90       		.byte	-112
 237 00d1 0D       		.byte	13
 238 00d2 92       		.byte	-110
 239 00d3 02       		.byte	2
 240 00d4 95       		.byte	-107
 241 00d5 0A       		.byte	10
 242 00d6 97       		.byte	-105
 243 00d7 05       		.byte	5
 244 00d8 98       		.byte	-104
 245 00d9 06       		.byte	6
 246 00da 9A       		.byte	-102
 247 00db 09       		.byte	9
 248 00dc 9C       		.byte	-100
 249 00dd 03       		.byte	3
 250 00de 9D       		.byte	-99
 251 00df 0B       		.byte	11
 252 00e0 9E       		.byte	-98
 253 00e1 0C       		.byte	12
 254 00e2 9F       		.byte	-97
 255 00e3 04       		.byte	4
 256 00e4 B0       		.byte	-80
 257 00e5 01       		.byte	1
 258 00e6 B1       		.byte	-79
 259 00e7 04       		.byte	4
 260 00e8 B2       		.byte	-78
 261 00e9 04       		.byte	4
 262 00ea B3       		.byte	-77
 263 00eb 02       		.byte	2
 264 00ec B4       		.byte	-76
 265 00ed 02       		.byte	2
 266 00ee B5       		.byte	-75
 267 00ef 01       		.byte	1
 268 00f0 B6       		.byte	-74
 269 00f1 08       		.byte	8
 270 00f2 B7       		.byte	-73
 271 00f3 08       		.byte	8
 272 00f4 BE       		.byte	-66
 273 00f5 55       		.byte	85
 274 00f6 BF       		.byte	-65
 275 00f7 55       		.byte	85
 276 00f8 D8       		.byte	-40
 277 00f9 04       		.byte	4
 278 00fa D9       		.byte	-39
 279 00fb 04       		.byte	4
 280 00fc DF       		.byte	-33
 281 00fd 01       		.byte	1
 282 00fe 00       		.byte	0
 283 00ff 46       		.byte	70
 284 0100 02       		.byte	2
 285 0101 04       		.byte	4
ARM GAS  C:\Users\doug_000\AppData\Local\Temp\ccFP345K.s 			page 6


 286 0102 04       		.byte	4
 287 0103 10       		.byte	16
 288 0104 08       		.byte	8
 289 0105 08       		.byte	8
 290 0106 09       		.byte	9
 291 0107 80       		.byte	-128
 292 0108 0A       		.byte	10
 293 0109 48       		.byte	72
 294 010a 0E       		.byte	14
 295 010b 88       		.byte	-120
 296 010c 0F       		.byte	15
 297 010d 01       		.byte	1
 298 010e 10       		.byte	16
 299 010f 04       		.byte	4
 300 0110 11       		.byte	17
 301 0111 01       		.byte	1
 302 0112 12       		.byte	18
 303 0113 01       		.byte	1
 304 0114 13       		.byte	19
 305 0115 04       		.byte	4
 306 0116 19       		.byte	25
 307 0117 22       		.byte	34
 308 0118 1A       		.byte	26
 309 0119 40       		.byte	64
 310 011a 1B       		.byte	27
 311 011b 01       		.byte	1
 312 011c 1C       		.byte	28
 313 011d 80       		.byte	-128
 314 011e 1E       		.byte	30
 315 011f 01       		.byte	1
 316 0120 1F       		.byte	31
 317 0121 28       		.byte	40
 318 0122 20       		.byte	32
 319 0123 40       		.byte	64
 320 0124 23       		.byte	35
 321 0125 01       		.byte	1
 322 0126 24       		.byte	36
 323 0127 02       		.byte	2
 324 0128 25       		.byte	37
 325 0129 10       		.byte	16
 326 012a 26       		.byte	38
 327 012b 0A       		.byte	10
 328 012c 28       		.byte	40
 329 012d 88       		.byte	-120
 330 012e 29       		.byte	41
 331 012f 04       		.byte	4
 332 0130 2B       		.byte	43
 333 0131 01       		.byte	1
 334 0132 32       		.byte	50
 335 0133 55       		.byte	85
 336 0134 36       		.byte	54
 337 0135 44       		.byte	68
 338 0136 38       		.byte	56
 339 0137 A4       		.byte	-92
 340 0138 3A       		.byte	58
 341 0139 01       		.byte	1
 342 013a 3C       		.byte	60
ARM GAS  C:\Users\doug_000\AppData\Local\Temp\ccFP345K.s 			page 7


 343 013b 10       		.byte	16
 344 013c 3F       		.byte	63
 345 013d 01       		.byte	1
 346 013e 69       		.byte	105
 347 013f 01       		.byte	1
 348 0140 6A       		.byte	106
 349 0141 AA       		.byte	-86
 350 0142 70       		.byte	112
 351 0143 50       		.byte	80
 352 0144 71       		.byte	113
 353 0145 80       		.byte	-128
 354 0146 73       		.byte	115
 355 0147 54       		.byte	84
 356 0148 83       		.byte	-125
 357 0149 08       		.byte	8
 358 014a 86       		.byte	-122
 359 014b 08       		.byte	8
 360 014c 88       		.byte	-120
 361 014d 40       		.byte	64
 362 014e 8A       		.byte	-118
 363 014f 01       		.byte	1
 364 0150 8D       		.byte	-115
 365 0151 10       		.byte	16
 366 0152 C0       		.byte	-64
 367 0153 4F       		.byte	79
 368 0154 C2       		.byte	-62
 369 0155 DF       		.byte	-33
 370 0156 C4       		.byte	-60
 371 0157 0F       		.byte	15
 372 0158 CA       		.byte	-54
 373 0159 0F       		.byte	15
 374 015a CC       		.byte	-52
 375 015b 5F       		.byte	95
 376 015c CE       		.byte	-50
 377 015d AF       		.byte	-81
 378 015e E6       		.byte	-26
 379 015f B0       		.byte	-80
 380 0160 03       		.byte	3
 381 0161 0F       		.byte	15
 382 0162 08       		.byte	8
 383 0163 06       		.byte	6
 384 0164 09       		.byte	9
 385 0165 0C       		.byte	12
 386 0166 0A       		.byte	10
 387 0167 09       		.byte	9
 388 0168 0B       		.byte	11
 389 0169 03       		.byte	3
 390 016a 10       		.byte	16
 391 016b 06       		.byte	6
 392 016c 12       		.byte	18
 393 016d 09       		.byte	9
 394 016e 15       		.byte	21
 395 016f 09       		.byte	9
 396 0170 17       		.byte	23
 397 0171 06       		.byte	6
 398 0172 18       		.byte	24
 399 0173 03       		.byte	3
ARM GAS  C:\Users\doug_000\AppData\Local\Temp\ccFP345K.s 			page 8


 400 0174 1A       		.byte	26
 401 0175 0C       		.byte	12
 402 0176 1C       		.byte	28
 403 0177 0F       		.byte	15
 404 0178 1F       		.byte	31
 405 0179 0F       		.byte	15
 406 017a 30       		.byte	48
 407 017b 01       		.byte	1
 408 017c 31       		.byte	49
 409 017d 02       		.byte	2
 410 017e 32       		.byte	50
 411 017f 02       		.byte	2
 412 0180 33       		.byte	51
 413 0181 04       		.byte	4
 414 0182 34       		.byte	52
 415 0183 08       		.byte	8
 416 0184 35       		.byte	53
 417 0185 08       		.byte	8
 418 0186 36       		.byte	54
 419 0187 04       		.byte	4
 420 0188 37       		.byte	55
 421 0189 01       		.byte	1
 422 018a 3E       		.byte	62
 423 018b 55       		.byte	85
 424 018c 3F       		.byte	63
 425 018d 55       		.byte	85
 426 018e 58       		.byte	88
 427 018f 04       		.byte	4
 428 0190 59       		.byte	89
 429 0191 04       		.byte	4
 430 0192 5B       		.byte	91
 431 0193 04       		.byte	4
 432 0194 5F       		.byte	95
 433 0195 01       		.byte	1
 434 0196 80       		.byte	-128
 435 0197 A0       		.byte	-96
 436 0198 81       		.byte	-127
 437 0199 04       		.byte	4
 438 019a 82       		.byte	-126
 439 019b 40       		.byte	64
 440 019c 85       		.byte	-123
 441 019d 08       		.byte	8
 442 019e 86       		.byte	-122
 443 019f 08       		.byte	8
 444 01a0 88       		.byte	-120
 445 01a1 80       		.byte	-128
 446 01a2 89       		.byte	-119
 447 01a3 01       		.byte	1
 448 01a4 8A       		.byte	-118
 449 01a5 20       		.byte	32
 450 01a6 8C       		.byte	-116
 451 01a7 08       		.byte	8
 452 01a8 8D       		.byte	-115
 453 01a9 02       		.byte	2
 454 01aa 8E       		.byte	-114
 455 01ab 20       		.byte	32
 456 01ac 92       		.byte	-110
ARM GAS  C:\Users\doug_000\AppData\Local\Temp\ccFP345K.s 			page 9


 457 01ad 20       		.byte	32
 458 01ae 93       		.byte	-109
 459 01af 02       		.byte	2
 460 01b0 94       		.byte	-108
 461 01b1 01       		.byte	1
 462 01b2 95       		.byte	-107
 463 01b3 40       		.byte	64
 464 01b4 97       		.byte	-105
 465 01b5 80       		.byte	-128
 466 01b6 98       		.byte	-104
 467 01b7 02       		.byte	2
 468 01b8 99       		.byte	-103
 469 01b9 20       		.byte	32
 470 01ba 9B       		.byte	-101
 471 01bb 10       		.byte	16
 472 01bc 9D       		.byte	-99
 473 01bd 80       		.byte	-128
 474 01be 9E       		.byte	-98
 475 01bf 10       		.byte	16
 476 01c0 9F       		.byte	-97
 477 01c1 40       		.byte	64
 478 01c2 A2       		.byte	-94
 479 01c3 02       		.byte	2
 480 01c4 A3       		.byte	-93
 481 01c5 08       		.byte	8
 482 01c6 A6       		.byte	-90
 483 01c7 01       		.byte	1
 484 01c8 A7       		.byte	-89
 485 01c9 04       		.byte	4
 486 01ca A8       		.byte	-88
 487 01cb 04       		.byte	4
 488 01cc AA       		.byte	-86
 489 01cd 40       		.byte	64
 490 01ce AB       		.byte	-85
 491 01cf 01       		.byte	1
 492 01d0 AD       		.byte	-83
 493 01d1 10       		.byte	16
 494 01d2 AE       		.byte	-82
 495 01d3 04       		.byte	4
 496 01d4 AF       		.byte	-81
 497 01d5 20       		.byte	32
 498 01d6 B2       		.byte	-78
 499 01d7 80       		.byte	-128
 500 01d8 B4       		.byte	-76
 501 01d9 60       		.byte	96
 502 01da B6       		.byte	-74
 503 01db 1F       		.byte	31
 504 01dc B7       		.byte	-73
 505 01dd FF       		.byte	-1
 506 01de B8       		.byte	-72
 507 01df 80       		.byte	-128
 508 01e0 BA       		.byte	-70
 509 01e1 20       		.byte	32
 510 01e2 BE       		.byte	-66
 511 01e3 40       		.byte	64
 512 01e4 BF       		.byte	-65
 513 01e5 40       		.byte	64
ARM GAS  C:\Users\doug_000\AppData\Local\Temp\ccFP345K.s 			page 10


 514 01e6 D8       		.byte	-40
 515 01e7 04       		.byte	4
 516 01e8 D9       		.byte	-39
 517 01e9 04       		.byte	4
 518 01ea DB       		.byte	-37
 519 01eb 04       		.byte	4
 520 01ec DF       		.byte	-33
 521 01ed 01       		.byte	1
 522 01ee 00       		.byte	0
 523 01ef 02       		.byte	2
 524 01f0 01       		.byte	1
 525 01f1 04       		.byte	4
 526 01f2 02       		.byte	2
 527 01f3 01       		.byte	1
 528 01f4 03       		.byte	3
 529 01f5 08       		.byte	8
 530 01f6 04       		.byte	4
 531 01f7 10       		.byte	16
 532 01f8 08       		.byte	8
 533 01f9 09       		.byte	9
 534 01fa 09       		.byte	9
 535 01fb 80       		.byte	-128
 536 01fc 0A       		.byte	10
 537 01fd 04       		.byte	4
 538 01fe 0E       		.byte	14
 539 01ff 88       		.byte	-120
 540 0200 0F       		.byte	15
 541 0201 01       		.byte	1
 542 0202 10       		.byte	16
 543 0203 80       		.byte	-128
 544 0204 12       		.byte	18
 545 0205 04       		.byte	4
 546 0206 13       		.byte	19
 547 0207 84       		.byte	-124
 548 0208 18       		.byte	24
 549 0209 02       		.byte	2
 550 020a 19       		.byte	25
 551 020b 0C       		.byte	12
 552 020c 1B       		.byte	27
 553 020d 1C       		.byte	28
 554 020e 1C       		.byte	28
 555 020f 80       		.byte	-128
 556 0210 1E       		.byte	30
 557 0211 02       		.byte	2
 558 0212 1F       		.byte	31
 559 0213 14       		.byte	20
 560 0214 21       		.byte	33
 561 0215 80       		.byte	-128
 562 0216 25       		.byte	37
 563 0217 10       		.byte	16
 564 0218 27       		.byte	39
 565 0219 52       		.byte	82
 566 021a 28       		.byte	40
 567 021b 89       		.byte	-119
 568 021c 2A       		.byte	42
 569 021d 05       		.byte	5
 570 021e 2B       		.byte	43
ARM GAS  C:\Users\doug_000\AppData\Local\Temp\ccFP345K.s 			page 11


 571 021f 11       		.byte	17
 572 0220 2C       		.byte	44
 573 0221 10       		.byte	16
 574 0222 2D       		.byte	45
 575 0223 08       		.byte	8
 576 0224 30       		.byte	48
 577 0225 04       		.byte	4
 578 0226 31       		.byte	49
 579 0227 04       		.byte	4
 580 0228 32       		.byte	50
 581 0229 50       		.byte	80
 582 022a 33       		.byte	51
 583 022b 02       		.byte	2
 584 022c 36       		.byte	54
 585 022d 44       		.byte	68
 586 022e 38       		.byte	56
 587 022f A0       		.byte	-96
 588 0230 39       		.byte	57
 589 0231 05       		.byte	5
 590 0232 3C       		.byte	60
 591 0233 14       		.byte	20
 592 0234 3E       		.byte	62
 593 0235 04       		.byte	4
 594 0236 3F       		.byte	63
 595 0237 01       		.byte	1
 596 0238 69       		.byte	105
 597 0239 05       		.byte	5
 598 023a 6A       		.byte	106
 599 023b A0       		.byte	-96
 600 023c 6B       		.byte	107
 601 023d 80       		.byte	-128
 602 023e 6E       		.byte	110
 603 023f 50       		.byte	80
 604 0240 6F       		.byte	111
 605 0241 01       		.byte	1
 606 0242 70       		.byte	112
 607 0243 D4       		.byte	-44
 608 0244 72       		.byte	114
 609 0245 80       		.byte	-128
 610 0246 73       		.byte	115
 611 0247 04       		.byte	4
 612 0248 81       		.byte	-127
 613 0249 01       		.byte	1
 614 024a 83       		.byte	-125
 615 024b 10       		.byte	16
 616 024c 8E       		.byte	-114
 617 024d 10       		.byte	16
 618 024e 8F       		.byte	-113
 619 024f 50       		.byte	80
 620 0250 93       		.byte	-109
 621 0251 51       		.byte	81
 622 0252 94       		.byte	-108
 623 0253 14       		.byte	20
 624 0254 99       		.byte	-103
 625 0255 22       		.byte	34
 626 0256 9C       		.byte	-100
 627 0257 0C       		.byte	12
ARM GAS  C:\Users\doug_000\AppData\Local\Temp\ccFP345K.s 			page 12


 628 0258 9D       		.byte	-99
 629 0259 04       		.byte	4
 630 025a 9E       		.byte	-98
 631 025b 05       		.byte	5
 632 025c A3       		.byte	-93
 633 025d 01       		.byte	1
 634 025e A4       		.byte	-92
 635 025f 01       		.byte	1
 636 0260 A6       		.byte	-90
 637 0261 44       		.byte	68
 638 0262 A7       		.byte	-89
 639 0263 10       		.byte	16
 640 0264 A8       		.byte	-88
 641 0265 81       		.byte	-127
 642 0266 AB       		.byte	-85
 643 0267 10       		.byte	16
 644 0268 B6       		.byte	-74
 645 0269 02       		.byte	2
 646 026a B7       		.byte	-73
 647 026b 20       		.byte	32
 648 026c C0       		.byte	-64
 649 026d 4F       		.byte	79
 650 026e C2       		.byte	-62
 651 026f DF       		.byte	-33
 652 0270 C4       		.byte	-60
 653 0271 0F       		.byte	15
 654 0272 CA       		.byte	-54
 655 0273 0F       		.byte	15
 656 0274 CC       		.byte	-52
 657 0275 5F       		.byte	95
 658 0276 CE       		.byte	-50
 659 0277 AF       		.byte	-81
 660 0278 E2       		.byte	-30
 661 0279 10       		.byte	16
 662 027a E6       		.byte	-26
 663 027b 50       		.byte	80
 664 027c EA       		.byte	-22
 665 027d 40       		.byte	64
 666 027e EE       		.byte	-18
 667 027f 10       		.byte	16
 668 0280 00       		.byte	0
 669 0281 06       		.byte	6
 670 0282 02       		.byte	2
 671 0283 38       		.byte	56
 672 0284 03       		.byte	3
 673 0285 1E       		.byte	30
 674 0286 05       		.byte	5
 675 0287 0A       		.byte	10
 676 0288 07       		.byte	7
 677 0289 14       		.byte	20
 678 028a 0A       		.byte	10
 679 028b 1E       		.byte	30
 680 028c 0B       		.byte	11
 681 028d 40       		.byte	64
 682 028e 0E       		.byte	14
 683 028f 01       		.byte	1
 684 0290 10       		.byte	16
ARM GAS  C:\Users\doug_000\AppData\Local\Temp\ccFP345K.s 			page 13


 685 0291 06       		.byte	6
 686 0292 12       		.byte	18
 687 0293 18       		.byte	24
 688 0294 13       		.byte	19
 689 0295 01       		.byte	1
 690 0296 14       		.byte	20
 691 0297 0A       		.byte	10
 692 0298 15       		.byte	21
 693 0299 4A       		.byte	74
 694 029a 16       		.byte	22
 695 029b 54       		.byte	84
 696 029c 17       		.byte	23
 697 029d 14       		.byte	20
 698 029e 18       		.byte	24
 699 029f E0       		.byte	-32
 700 02a0 19       		.byte	25
 701 02a1 60       		.byte	96
 702 02a2 1C       		.byte	28
 703 02a3 80       		.byte	-128
 704 02a4 1D       		.byte	29
 705 02a5 26       		.byte	38
 706 02a6 1F       		.byte	31
 707 02a7 18       		.byte	24
 708 02a8 23       		.byte	35
 709 02a9 20       		.byte	32
 710 02aa 24       		.byte	36
 711 02ab 40       		.byte	64
 712 02ac 27       		.byte	39
 713 02ad 80       		.byte	-128
 714 02ae 28       		.byte	40
 715 02af 0A       		.byte	10
 716 02b0 2A       		.byte	42
 717 02b1 14       		.byte	20
 718 02b2 2C       		.byte	44
 719 02b3 20       		.byte	32
 720 02b4 2D       		.byte	45
 721 02b5 06       		.byte	6
 722 02b6 2F       		.byte	47
 723 02b7 18       		.byte	24
 724 02b8 32       		.byte	50
 725 02b9 FF       		.byte	-1
 726 02ba 35       		.byte	53
 727 02bb E0       		.byte	-32
 728 02bc 37       		.byte	55
 729 02bd 1F       		.byte	31
 730 02be 39       		.byte	57
 731 02bf 20       		.byte	32
 732 02c0 3E       		.byte	62
 733 02c1 04       		.byte	4
 734 02c2 3F       		.byte	63
 735 02c3 40       		.byte	64
 736 02c4 58       		.byte	88
 737 02c5 04       		.byte	4
 738 02c6 59       		.byte	89
 739 02c7 04       		.byte	4
 740 02c8 5F       		.byte	95
 741 02c9 01       		.byte	1
ARM GAS  C:\Users\doug_000\AppData\Local\Temp\ccFP345K.s 			page 14


 742 02ca 81       		.byte	-127
 743 02cb 04       		.byte	4
 744 02cc 82       		.byte	-126
 745 02cd 10       		.byte	16
 746 02ce 84       		.byte	-124
 747 02cf 02       		.byte	2
 748 02d0 85       		.byte	-123
 749 02d1 40       		.byte	64
 750 02d2 87       		.byte	-121
 751 02d3 80       		.byte	-128
 752 02d4 8A       		.byte	-118
 753 02d5 A0       		.byte	-96
 754 02d6 8B       		.byte	-117
 755 02d7 04       		.byte	4
 756 02d8 8D       		.byte	-115
 757 02d9 80       		.byte	-128
 758 02da 8E       		.byte	-114
 759 02db 04       		.byte	4
 760 02dc 8F       		.byte	-113
 761 02dd 40       		.byte	64
 762 02de 91       		.byte	-111
 763 02df 10       		.byte	16
 764 02e0 92       		.byte	-110
 765 02e1 20       		.byte	32
 766 02e2 93       		.byte	-109
 767 02e3 20       		.byte	32
 768 02e4 94       		.byte	-108
 769 02e5 04       		.byte	4
 770 02e6 97       		.byte	-105
 771 02e7 01       		.byte	1
 772 02e8 99       		.byte	-103
 773 02e9 01       		.byte	1
 774 02ea 9A       		.byte	-102
 775 02eb 08       		.byte	8
 776 02ec 9E       		.byte	-98
 777 02ed E0       		.byte	-32
 778 02ee 9F       		.byte	-97
 779 02ef 08       		.byte	8
 780 02f0 A0       		.byte	-96
 781 02f1 08       		.byte	8
 782 02f2 A1       		.byte	-95
 783 02f3 02       		.byte	2
 784 02f4 A5       		.byte	-91
 785 02f5 08       		.byte	8
 786 02f6 A6       		.byte	-90
 787 02f7 01       		.byte	1
 788 02f8 A8       		.byte	-88
 789 02f9 01       		.byte	1
 790 02fa A9       		.byte	-87
 791 02fb 20       		.byte	32
 792 02fc AB       		.byte	-85
 793 02fd 10       		.byte	16
 794 02fe AE       		.byte	-82
 795 02ff 02       		.byte	2
 796 0300 AF       		.byte	-81
 797 0301 02       		.byte	2
 798 0302 B0       		.byte	-80
ARM GAS  C:\Users\doug_000\AppData\Local\Temp\ccFP345K.s 			page 15


 799 0303 80       		.byte	-128
 800 0304 B1       		.byte	-79
 801 0305 FF       		.byte	-1
 802 0306 B2       		.byte	-78
 803 0307 40       		.byte	64
 804 0308 B4       		.byte	-76
 805 0309 20       		.byte	32
 806 030a B6       		.byte	-74
 807 030b 1F       		.byte	31
 808 030c B8       		.byte	-72
 809 030d 80       		.byte	-128
 810 030e BA       		.byte	-70
 811 030f 2A       		.byte	42
 812 0310 BE       		.byte	-66
 813 0311 40       		.byte	64
 814 0312 BF       		.byte	-65
 815 0313 01       		.byte	1
 816 0314 D8       		.byte	-40
 817 0315 04       		.byte	4
 818 0316 D9       		.byte	-39
 819 0317 04       		.byte	4
 820 0318 DB       		.byte	-37
 821 0319 04       		.byte	4
 822 031a DC       		.byte	-36
 823 031b 01       		.byte	1
 824 031c DF       		.byte	-33
 825 031d 01       		.byte	1
 826 031e 01       		.byte	1
 827 031f 20       		.byte	32
 828 0320 02       		.byte	2
 829 0321 80       		.byte	-128
 830 0322 03       		.byte	3
 831 0323 01       		.byte	1
 832 0324 04       		.byte	4
 833 0325 94       		.byte	-108
 834 0326 07       		.byte	7
 835 0327 80       		.byte	-128
 836 0328 08       		.byte	8
 837 0329 24       		.byte	36
 838 032a 09       		.byte	9
 839 032b A0       		.byte	-96
 840 032c 0B       		.byte	11
 841 032d 40       		.byte	64
 842 032e 0E       		.byte	14
 843 032f 84       		.byte	-124
 844 0330 0F       		.byte	15
 845 0331 21       		.byte	33
 846 0332 10       		.byte	16
 847 0333 02       		.byte	2
 848 0334 12       		.byte	18
 849 0335 10       		.byte	16
 850 0336 13       		.byte	19
 851 0337 10       		.byte	16
 852 0338 14       		.byte	20
 853 0339 88       		.byte	-120
 854 033a 16       		.byte	22
 855 033b 02       		.byte	2
ARM GAS  C:\Users\doug_000\AppData\Local\Temp\ccFP345K.s 			page 16


 856 033c 17       		.byte	23
 857 033d 08       		.byte	8
 858 033e 19       		.byte	25
 859 033f 08       		.byte	8
 860 0340 1C       		.byte	28
 861 0341 10       		.byte	16
 862 0342 1D       		.byte	29
 863 0343 80       		.byte	-128
 864 0344 1E       		.byte	30
 865 0345 88       		.byte	-120
 866 0346 20       		.byte	32
 867 0347 0B       		.byte	11
 868 0348 21       		.byte	33
 869 0349 20       		.byte	32
 870 034a 27       		.byte	39
 871 034b 80       		.byte	-128
 872 034c 29       		.byte	41
 873 034d 09       		.byte	9
 874 034e 2A       		.byte	42
 875 034f 80       		.byte	-128
 876 0350 2E       		.byte	46
 877 0351 02       		.byte	2
 878 0352 2F       		.byte	47
 879 0353 2A       		.byte	42
 880 0354 30       		.byte	48
 881 0355 04       		.byte	4
 882 0356 31       		.byte	49
 883 0357 20       		.byte	32
 884 0358 32       		.byte	50
 885 0359 88       		.byte	-120
 886 035a 33       		.byte	51
 887 035b 01       		.byte	1
 888 035c 34       		.byte	52
 889 035d 88       		.byte	-120
 890 035e 35       		.byte	53
 891 035f 12       		.byte	18
 892 0360 38       		.byte	56
 893 0361 0A       		.byte	10
 894 0362 3A       		.byte	58
 895 0363 10       		.byte	16
 896 0364 3D       		.byte	61
 897 0365 81       		.byte	-127
 898 0366 3F       		.byte	63
 899 0367 28       		.byte	40
 900 0368 6C       		.byte	108
 901 0369 40       		.byte	64
 902 036a 6D       		.byte	109
 903 036b 81       		.byte	-127
 904 036c 6E       		.byte	110
 905 036d 04       		.byte	4
 906 036e 6F       		.byte	111
 907 036f 28       		.byte	40
 908 0370 74       		.byte	116
 909 0371 02       		.byte	2
 910 0372 75       		.byte	117
 911 0373 11       		.byte	17
 912 0374 76       		.byte	118
ARM GAS  C:\Users\doug_000\AppData\Local\Temp\ccFP345K.s 			page 17


 913 0375 12       		.byte	18
 914 0376 77       		.byte	119
 915 0377 08       		.byte	8
 916 0378 90       		.byte	-112
 917 0379 0A       		.byte	10
 918 037a 92       		.byte	-110
 919 037b 40       		.byte	64
 920 037c 93       		.byte	-109
 921 037d 51       		.byte	81
 922 037e 94       		.byte	-108
 923 037f 14       		.byte	20
 924 0380 98       		.byte	-104
 925 0381 10       		.byte	16
 926 0382 99       		.byte	-103
 927 0383 22       		.byte	34
 928 0384 9A       		.byte	-102
 929 0385 80       		.byte	-128
 930 0386 9B       		.byte	-101
 931 0387 01       		.byte	1
 932 0388 9C       		.byte	-100
 933 0389 88       		.byte	-120
 934 038a A1       		.byte	-95
 935 038b 01       		.byte	1
 936 038c A3       		.byte	-93
 937 038d 14       		.byte	20
 938 038e A4       		.byte	-92
 939 038f 01       		.byte	1
 940 0390 A6       		.byte	-90
 941 0391 44       		.byte	68
 942 0392 A7       		.byte	-89
 943 0393 02       		.byte	2
 944 0394 AA       		.byte	-86
 945 0395 01       		.byte	1
 946 0396 B0       		.byte	-80
 947 0397 40       		.byte	64
 948 0398 B3       		.byte	-77
 949 0399 14       		.byte	20
 950 039a B5       		.byte	-75
 951 039b 10       		.byte	16
 952 039c B7       		.byte	-73
 953 039d 02       		.byte	2
 954 039e C0       		.byte	-64
 955 039f FB       		.byte	-5
 956 03a0 C2       		.byte	-62
 957 03a1 FF       		.byte	-1
 958 03a2 C4       		.byte	-60
 959 03a3 F7       		.byte	-9
 960 03a4 CA       		.byte	-54
 961 03a5 FB       		.byte	-5
 962 03a6 CC       		.byte	-52
 963 03a7 FF       		.byte	-1
 964 03a8 CE       		.byte	-50
 965 03a9 F7       		.byte	-9
 966 03aa EA       		.byte	-22
 967 03ab B0       		.byte	-80
 968 03ac EE       		.byte	-18
 969 03ad 30       		.byte	48
ARM GAS  C:\Users\doug_000\AppData\Local\Temp\ccFP345K.s 			page 18


 970 03ae 00       		.byte	0
 971 03af 10       		.byte	16
 972 03b0 01       		.byte	1
 973 03b1 04       		.byte	4
 974 03b2 02       		.byte	2
 975 03b3 20       		.byte	32
 976 03b4 06       		.byte	6
 977 03b5 02       		.byte	2
 978 03b6 07       		.byte	7
 979 03b7 08       		.byte	8
 980 03b8 08       		.byte	8
 981 03b9 01       		.byte	1
 982 03ba 0C       		.byte	12
 983 03bb 02       		.byte	2
 984 03bc 0F       		.byte	15
 985 03bd 02       		.byte	2
 986 03be 10       		.byte	16
 987 03bf 80       		.byte	-128
 988 03c0 12       		.byte	18
 989 03c1 40       		.byte	64
 990 03c2 13       		.byte	19
 991 03c3 04       		.byte	4
 992 03c4 14       		.byte	20
 993 03c5 20       		.byte	32
 994 03c6 15       		.byte	21
 995 03c7 02       		.byte	2
 996 03c8 16       		.byte	22
 997 03c9 10       		.byte	16
 998 03ca 18       		.byte	24
 999 03cb 08       		.byte	8
 1000 03cc 19       		.byte	25
 1001 03cd 01       		.byte	1
 1002 03ce 1C       		.byte	28
 1003 03cf 04       		.byte	4
 1004 03d0 1F       		.byte	31
 1005 03d1 20       		.byte	32
 1006 03d2 22       		.byte	34
 1007 03d3 08       		.byte	8
 1008 03d4 23       		.byte	35
 1009 03d5 10       		.byte	16
 1010 03d6 24       		.byte	36
 1011 03d7 40       		.byte	64
 1012 03d8 26       		.byte	38
 1013 03d9 80       		.byte	-128
 1014 03da 27       		.byte	39
 1015 03db 01       		.byte	1
 1016 03dc 2A       		.byte	42
 1017 03dd 01       		.byte	1
 1018 03de 2D       		.byte	45
 1019 03df 08       		.byte	8
 1020 03e0 2E       		.byte	46
 1021 03e1 04       		.byte	4
 1022 03e2 33       		.byte	51
 1023 03e3 1F       		.byte	31
 1024 03e4 36       		.byte	54
 1025 03e5 FF       		.byte	-1
 1026 03e6 37       		.byte	55
ARM GAS  C:\Users\doug_000\AppData\Local\Temp\ccFP345K.s 			page 19


 1027 03e7 20       		.byte	32
 1028 03e8 39       		.byte	57
 1029 03e9 08       		.byte	8
 1030 03ea 3E       		.byte	62
 1031 03eb 40       		.byte	64
 1032 03ec 3F       		.byte	63
 1033 03ed 04       		.byte	4
 1034 03ee 58       		.byte	88
 1035 03ef 04       		.byte	4
 1036 03f0 59       		.byte	89
 1037 03f1 04       		.byte	4
 1038 03f2 5B       		.byte	91
 1039 03f3 04       		.byte	4
 1040 03f4 5F       		.byte	95
 1041 03f5 01       		.byte	1
 1042 03f6 81       		.byte	-127
 1043 03f7 55       		.byte	85
 1044 03f8 83       		.byte	-125
 1045 03f9 AA       		.byte	-86
 1046 03fa 87       		.byte	-121
 1047 03fb 85       		.byte	-123
 1048 03fc 8B       		.byte	-117
 1049 03fd 09       		.byte	9
 1050 03fe 8E       		.byte	-114
 1051 03ff 01       		.byte	1
 1052 0400 8F       		.byte	-113
 1053 0401 65       		.byte	101
 1054 0402 90       		.byte	-112
 1055 0403 04       		.byte	4
 1056 0404 9A       		.byte	-102
 1057 0405 02       		.byte	2
 1058 0406 9B       		.byte	-101
 1059 0407 55       		.byte	85
 1060 0408 9E       		.byte	-98
 1061 0409 0C       		.byte	12
 1062 040a 9F       		.byte	-97
 1063 040b 02       		.byte	2
 1064 040c A3       		.byte	-93
 1065 040d 55       		.byte	85
 1066 040e AB       		.byte	-85
 1067 040f 05       		.byte	5
 1068 0410 AC       		.byte	-84
 1069 0411 03       		.byte	3
 1070 0412 AF       		.byte	-81
 1071 0413 45       		.byte	69
 1072 0414 B0       		.byte	-80
 1073 0415 08       		.byte	8
 1074 0416 B1       		.byte	-79
 1075 0417 30       		.byte	48
 1076 0418 B3       		.byte	-77
 1077 0419 0C       		.byte	12
 1078 041a B4       		.byte	-76
 1079 041b 04       		.byte	4
 1080 041c B5       		.byte	-75
 1081 041d C0       		.byte	-64
 1082 041e B6       		.byte	-74
 1083 041f 03       		.byte	3
ARM GAS  C:\Users\doug_000\AppData\Local\Temp\ccFP345K.s 			page 20


 1084 0420 B7       		.byte	-73
 1085 0421 03       		.byte	3
 1086 0422 BB       		.byte	-69
 1087 0423 AA       		.byte	-86
 1088 0424 D2       		.byte	-46
 1089 0425 01       		.byte	1
 1090 0426 D3       		.byte	-45
 1091 0427 01       		.byte	1
 1092 0428 D6       		.byte	-42
 1093 0429 10       		.byte	16
 1094 042a D8       		.byte	-40
 1095 042b 04       		.byte	4
 1096 042c D9       		.byte	-39
 1097 042d 04       		.byte	4
 1098 042e DB       		.byte	-37
 1099 042f 04       		.byte	4
 1100 0430 DF       		.byte	-33
 1101 0431 01       		.byte	1
 1102 0432 01       		.byte	1
 1103 0433 80       		.byte	-128
 1104 0434 04       		.byte	4
 1105 0435 04       		.byte	4
 1106 0436 05       		.byte	5
 1107 0437 06       		.byte	6
 1108 0438 06       		.byte	6
 1109 0439 08       		.byte	8
 1110 043a 07       		.byte	7
 1111 043b 01       		.byte	1
 1112 043c 09       		.byte	9
 1113 043d 40       		.byte	64
 1114 043e 0A       		.byte	10
 1115 043f 88       		.byte	-120
 1116 0440 0E       		.byte	14
 1117 0441 A6       		.byte	-90
 1118 0442 10       		.byte	16
 1119 0443 02       		.byte	2
 1120 0444 14       		.byte	20
 1121 0445 1A       		.byte	26
 1122 0446 15       		.byte	21
 1123 0447 02       		.byte	2
 1124 0448 16       		.byte	22
 1125 0449 80       		.byte	-128
 1126 044a 17       		.byte	23
 1127 044b 10       		.byte	16
 1128 044c 19       		.byte	25
 1129 044d 80       		.byte	-128
 1130 044e 1A       		.byte	26
 1131 044f 88       		.byte	-120
 1132 0450 1F       		.byte	31
 1133 0451 80       		.byte	-128
 1134 0452 20       		.byte	32
 1135 0453 44       		.byte	68
 1136 0454 21       		.byte	33
 1137 0455 01       		.byte	1
 1138 0456 22       		.byte	34
 1139 0457 88       		.byte	-120
 1140 0458 23       		.byte	35
ARM GAS  C:\Users\doug_000\AppData\Local\Temp\ccFP345K.s 			page 21


 1141 0459 12       		.byte	18
 1142 045a 25       		.byte	37
 1143 045b 40       		.byte	64
 1144 045c 26       		.byte	38
 1145 045d 04       		.byte	4
 1146 045e 28       		.byte	40
 1147 045f 0A       		.byte	10
 1148 0460 29       		.byte	41
 1149 0461 02       		.byte	2
 1150 0462 2E       		.byte	46
 1151 0463 88       		.byte	-120
 1152 0464 2F       		.byte	47
 1153 0465 80       		.byte	-128
 1154 0466 30       		.byte	48
 1155 0467 10       		.byte	16
 1156 0468 32       		.byte	50
 1157 0469 80       		.byte	-128
 1158 046a 34       		.byte	52
 1159 046b 40       		.byte	64
 1160 046c 35       		.byte	53
 1161 046d 04       		.byte	4
 1162 046e 36       		.byte	54
 1163 046f 01       		.byte	1
 1164 0470 37       		.byte	55
 1165 0471 10       		.byte	16
 1166 0472 38       		.byte	56
 1167 0473 45       		.byte	69
 1168 0474 3B       		.byte	59
 1169 0475 10       		.byte	16
 1170 0476 3C       		.byte	60
 1171 0477 80       		.byte	-128
 1172 0478 3D       		.byte	61
 1173 0479 02       		.byte	2
 1174 047a 3E       		.byte	62
 1175 047b 04       		.byte	4
 1176 047c 40       		.byte	64
 1177 047d 80       		.byte	-128
 1178 047e 41       		.byte	65
 1179 047f 01       		.byte	1
 1180 0480 5C       		.byte	92
 1181 0481 20       		.byte	32
 1182 0482 5F       		.byte	95
 1183 0483 84       		.byte	-124
 1184 0484 68       		.byte	104
 1185 0485 02       		.byte	2
 1186 0486 6E       		.byte	110
 1187 0487 A6       		.byte	-90
 1188 0488 74       		.byte	116
 1189 0489 40       		.byte	64
 1190 048a 76       		.byte	118
 1191 048b 28       		.byte	40
 1192 048c 77       		.byte	119
 1193 048d 41       		.byte	65
 1194 048e 7C       		.byte	124
 1195 048f 02       		.byte	2
 1196 0490 7D       		.byte	125
 1197 0491 02       		.byte	2
ARM GAS  C:\Users\doug_000\AppData\Local\Temp\ccFP345K.s 			page 22


 1198 0492 85       		.byte	-123
 1199 0493 80       		.byte	-128
 1200 0494 8F       		.byte	-113
 1201 0495 84       		.byte	-124
 1202 0496 90       		.byte	-112
 1203 0497 01       		.byte	1
 1204 0498 92       		.byte	-110
 1205 0499 40       		.byte	64
 1206 049a 94       		.byte	-108
 1207 049b 04       		.byte	4
 1208 049c 98       		.byte	-104
 1209 049d 30       		.byte	48
 1210 049e 99       		.byte	-103
 1211 049f 02       		.byte	2
 1212 04a0 9C       		.byte	-100
 1213 04a1 88       		.byte	-120
 1214 04a2 A0       		.byte	-96
 1215 04a3 04       		.byte	4
 1216 04a4 A1       		.byte	-95
 1217 04a5 01       		.byte	1
 1218 04a6 A6       		.byte	-90
 1219 04a7 88       		.byte	-120
 1220 04a8 A7       		.byte	-89
 1221 04a9 02       		.byte	2
 1222 04aa C0       		.byte	-64
 1223 04ab F1       		.byte	-15
 1224 04ac C2       		.byte	-62
 1225 04ad FB       		.byte	-5
 1226 04ae C4       		.byte	-60
 1227 04af F1       		.byte	-15
 1228 04b0 CA       		.byte	-54
 1229 04b1 DD       		.byte	-35
 1230 04b2 CC       		.byte	-52
 1231 04b3 FC       		.byte	-4
 1232 04b4 CE       		.byte	-50
 1233 04b5 DF       		.byte	-33
 1234 04b6 D6       		.byte	-42
 1235 04b7 70       		.byte	112
 1236 04b8 81       		.byte	-127
 1237 04b9 02       		.byte	2
 1238 04ba 8E       		.byte	-114
 1239 04bb 80       		.byte	-128
 1240 04bc A1       		.byte	-95
 1241 04bd 02       		.byte	2
 1242 04be A2       		.byte	-94
 1243 04bf 80       		.byte	-128
 1244 04c0 E2       		.byte	-30
 1245 04c1 40       		.byte	64
 1246 04c2 00       		.byte	0
 1247 04c3 20       		.byte	32
 1248 04c4 04       		.byte	4
 1249 04c5 40       		.byte	64
 1250 04c6 05       		.byte	5
 1251 04c7 10       		.byte	16
 1252 04c8 08       		.byte	8
 1253 04c9 E0       		.byte	-32
 1254 04ca 0B       		.byte	11
ARM GAS  C:\Users\doug_000\AppData\Local\Temp\ccFP345K.s 			page 23


 1255 04cb 02       		.byte	2
 1256 04cc 0C       		.byte	12
 1257 04cd 06       		.byte	6
 1258 04ce 0E       		.byte	14
 1259 04cf 38       		.byte	56
 1260 04d0 11       		.byte	17
 1261 04d1 01       		.byte	1
 1262 04d2 12       		.byte	18
 1263 04d3 01       		.byte	1
 1264 04d4 14       		.byte	20
 1265 04d5 0A       		.byte	10
 1266 04d6 15       		.byte	21
 1267 04d7 0B       		.byte	11
 1268 04d8 16       		.byte	22
 1269 04d9 54       		.byte	84
 1270 04da 18       		.byte	24
 1271 04db 80       		.byte	-128
 1272 04dc 1F       		.byte	31
 1273 04dd 01       		.byte	1
 1274 04de 20       		.byte	32
 1275 04df 06       		.byte	6
 1276 04e0 22       		.byte	34
 1277 04e1 18       		.byte	24
 1278 04e2 23       		.byte	35
 1279 04e3 04       		.byte	4
 1280 04e4 26       		.byte	38
 1281 04e5 1E       		.byte	30
 1282 04e6 28       		.byte	40
 1283 04e7 0A       		.byte	10
 1284 04e8 29       		.byte	41
 1285 04e9 02       		.byte	2
 1286 04ea 2A       		.byte	42
 1287 04eb 14       		.byte	20
 1288 04ec 31       		.byte	49
 1289 04ed 10       		.byte	16
 1290 04ee 35       		.byte	53
 1291 04ef 07       		.byte	7
 1292 04f0 36       		.byte	54
 1293 04f1 FF       		.byte	-1
 1294 04f2 37       		.byte	55
 1295 04f3 08       		.byte	8
 1296 04f4 39       		.byte	57
 1297 04f5 20       		.byte	32
 1298 04f6 3E       		.byte	62
 1299 04f7 40       		.byte	64
 1300 04f8 3F       		.byte	63
 1301 04f9 41       		.byte	65
 1302 04fa 58       		.byte	88
 1303 04fb 04       		.byte	4
 1304 04fc 59       		.byte	89
 1305 04fd 04       		.byte	4
 1306 04fe 5F       		.byte	95
 1307 04ff 01       		.byte	1
 1308 0500 80       		.byte	-128
 1309 0501 10       		.byte	16
 1310 0502 81       		.byte	-127
 1311 0503 20       		.byte	32
ARM GAS  C:\Users\doug_000\AppData\Local\Temp\ccFP345K.s 			page 24


 1312 0504 82       		.byte	-126
 1313 0505 20       		.byte	32
 1314 0506 83       		.byte	-125
 1315 0507 40       		.byte	64
 1316 0508 86       		.byte	-122
 1317 0509 02       		.byte	2
 1318 050a 87       		.byte	-121
 1319 050b 08       		.byte	8
 1320 050c 88       		.byte	-120
 1321 050d 08       		.byte	8
 1322 050e 8B       		.byte	-117
 1323 050f 01       		.byte	1
 1324 0510 8D       		.byte	-115
 1325 0511 08       		.byte	8
 1326 0512 8E       		.byte	-114
 1327 0513 08       		.byte	8
 1328 0514 8F       		.byte	-113
 1329 0515 20       		.byte	32
 1330 0516 92       		.byte	-110
 1331 0517 04       		.byte	4
 1332 0518 93       		.byte	-109
 1333 0519 04       		.byte	4
 1334 051a 96       		.byte	-106
 1335 051b 01       		.byte	1
 1336 051c 97       		.byte	-105
 1337 051d 10       		.byte	16
 1338 051e 98       		.byte	-104
 1339 051f 40       		.byte	64
 1340 0520 99       		.byte	-103
 1341 0521 01       		.byte	1
 1342 0522 9A       		.byte	-102
 1343 0523 80       		.byte	-128
 1344 0524 9B       		.byte	-101
 1345 0525 40       		.byte	64
 1346 0526 9C       		.byte	-100
 1347 0527 02       		.byte	2
 1348 0528 9F       		.byte	-97
 1349 0529 02       		.byte	2
 1350 052a A0       		.byte	-96
 1351 052b 04       		.byte	4
 1352 052c A3       		.byte	-93
 1353 052d 20       		.byte	32
 1354 052e A4       		.byte	-92
 1355 052f 01       		.byte	1
 1356 0530 A7       		.byte	-89
 1357 0531 20       		.byte	32
 1358 0532 A8       		.byte	-88
 1359 0533 20       		.byte	32
 1360 0534 A9       		.byte	-87
 1361 0535 02       		.byte	2
 1362 0536 AA       		.byte	-86
 1363 0537 10       		.byte	16
 1364 0538 AB       		.byte	-85
 1365 0539 20       		.byte	32
 1366 053a AC       		.byte	-84
 1367 053b 80       		.byte	-128
 1368 053c AD       		.byte	-83
ARM GAS  C:\Users\doug_000\AppData\Local\Temp\ccFP345K.s 			page 25


 1369 053d 04       		.byte	4
 1370 053e AE       		.byte	-82
 1371 053f 40       		.byte	64
 1372 0540 AF       		.byte	-81
 1373 0541 20       		.byte	32
 1374 0542 B2       		.byte	-78
 1375 0543 FF       		.byte	-1
 1376 0544 B3       		.byte	-77
 1377 0545 1F       		.byte	31
 1378 0546 B5       		.byte	-75
 1379 0547 60       		.byte	96
 1380 0548 B9       		.byte	-71
 1381 0549 08       		.byte	8
 1382 054a BB       		.byte	-69
 1383 054b 20       		.byte	32
 1384 054c BE       		.byte	-66
 1385 054d 04       		.byte	4
 1386 054e BF       		.byte	-65
 1387 054f 04       		.byte	4
 1388 0550 D8       		.byte	-40
 1389 0551 04       		.byte	4
 1390 0552 D9       		.byte	-39
 1391 0553 04       		.byte	4
 1392 0554 DB       		.byte	-37
 1393 0555 04       		.byte	4
 1394 0556 DF       		.byte	-33
 1395 0557 01       		.byte	1
 1396 0558 00       		.byte	0
 1397 0559 64       		.byte	100
 1398 055a 01       		.byte	1
 1399 055b 02       		.byte	2
 1400 055c 02       		.byte	2
 1401 055d 10       		.byte	16
 1402 055e 06       		.byte	6
 1403 055f 20       		.byte	32
 1404 0560 07       		.byte	7
 1405 0561 46       		.byte	70
 1406 0562 08       		.byte	8
 1407 0563 18       		.byte	24
 1408 0564 09       		.byte	9
 1409 0565 81       		.byte	-127
 1410 0566 0E       		.byte	14
 1411 0567 58       		.byte	88
 1412 0568 0F       		.byte	15
 1413 0569 10       		.byte	16
 1414 056a 10       		.byte	16
 1415 056b 0A       		.byte	10
 1416 056c 11       		.byte	17
 1417 056d 01       		.byte	1
 1418 056e 13       		.byte	19
 1419 056f 04       		.byte	4
 1420 0570 15       		.byte	21
 1421 0571 08       		.byte	8
 1422 0572 16       		.byte	22
 1423 0573 80       		.byte	-128
 1424 0574 17       		.byte	23
 1425 0575 20       		.byte	32
ARM GAS  C:\Users\doug_000\AppData\Local\Temp\ccFP345K.s 			page 26


 1426 0576 19       		.byte	25
 1427 0577 04       		.byte	4
 1428 0578 1F       		.byte	31
 1429 0579 80       		.byte	-128
 1430 057a 21       		.byte	33
 1431 057b 14       		.byte	20
 1432 057c 22       		.byte	34
 1433 057d 10       		.byte	16
 1434 057e 25       		.byte	37
 1435 057f 02       		.byte	2
 1436 0580 26       		.byte	38
 1437 0581 80       		.byte	-128
 1438 0582 27       		.byte	39
 1439 0583 04       		.byte	4
 1440 0584 28       		.byte	40
 1441 0585 12       		.byte	18
 1442 0586 29       		.byte	41
 1443 0587 02       		.byte	2
 1444 0588 2A       		.byte	42
 1445 0589 10       		.byte	16
 1446 058a 2E       		.byte	46
 1447 058b 10       		.byte	16
 1448 058c 2F       		.byte	47
 1449 058d 80       		.byte	-128
 1450 058e 31       		.byte	49
 1451 058f 84       		.byte	-124
 1452 0590 32       		.byte	50
 1453 0591 11       		.byte	17
 1454 0592 37       		.byte	55
 1455 0593 46       		.byte	70
 1456 0594 38       		.byte	56
 1457 0595 61       		.byte	97
 1458 0596 39       		.byte	57
 1459 0597 04       		.byte	4
 1460 0598 3C       		.byte	60
 1461 0599 08       		.byte	8
 1462 059a 3E       		.byte	62
 1463 059b 20       		.byte	32
 1464 059c 40       		.byte	64
 1465 059d 08       		.byte	8
 1466 059e 41       		.byte	65
 1467 059f 10       		.byte	16
 1468 05a0 68       		.byte	104
 1469 05a1 1A       		.byte	26
 1470 05a2 69       		.byte	105
 1471 05a3 05       		.byte	5
 1472 05a4 6A       		.byte	106
 1473 05a5 02       		.byte	2
 1474 05a6 70       		.byte	112
 1475 05a7 10       		.byte	16
 1476 05a8 71       		.byte	113
 1477 05a9 80       		.byte	-128
 1478 05aa 72       		.byte	114
 1479 05ab 80       		.byte	-128
 1480 05ac 73       		.byte	115
 1481 05ad 24       		.byte	36
 1482 05ae 84       		.byte	-124
ARM GAS  C:\Users\doug_000\AppData\Local\Temp\ccFP345K.s 			page 27


 1483 05af 40       		.byte	64
 1484 05b0 90       		.byte	-112
 1485 05b1 45       		.byte	69
 1486 05b2 92       		.byte	-110
 1487 05b3 40       		.byte	64
 1488 05b4 93       		.byte	-109
 1489 05b5 10       		.byte	16
 1490 05b6 98       		.byte	-104
 1491 05b7 12       		.byte	18
 1492 05b8 99       		.byte	-103
 1493 05b9 02       		.byte	2
 1494 05ba 9A       		.byte	-102
 1495 05bb 20       		.byte	32
 1496 05bc 9B       		.byte	-101
 1497 05bd 42       		.byte	66
 1498 05be 9C       		.byte	-100
 1499 05bf 48       		.byte	72
 1500 05c0 9F       		.byte	-97
 1501 05c1 04       		.byte	4
 1502 05c2 A0       		.byte	-96
 1503 05c3 04       		.byte	4
 1504 05c4 A1       		.byte	-95
 1505 05c5 01       		.byte	1
 1506 05c6 A2       		.byte	-94
 1507 05c7 04       		.byte	4
 1508 05c8 A8       		.byte	-88
 1509 05c9 04       		.byte	4
 1510 05ca AB       		.byte	-85
 1511 05cb 02       		.byte	2
 1512 05cc AD       		.byte	-83
 1513 05cd 40       		.byte	64
 1514 05ce AF       		.byte	-81
 1515 05cf 04       		.byte	4
 1516 05d0 C0       		.byte	-64
 1517 05d1 FF       		.byte	-1
 1518 05d2 C2       		.byte	-62
 1519 05d3 7F       		.byte	127
 1520 05d4 C4       		.byte	-60
 1521 05d5 7F       		.byte	127
 1522 05d6 CA       		.byte	-54
 1523 05d7 AF       		.byte	-81
 1524 05d8 CC       		.byte	-52
 1525 05d9 DF       		.byte	-33
 1526 05da CE       		.byte	-50
 1527 05db 6F       		.byte	111
 1528 05dc B8       		.byte	-72
 1529 05dd 80       		.byte	-128
 1530 05de BE       		.byte	-66
 1531 05df 40       		.byte	64
 1532 05e0 D8       		.byte	-40
 1533 05e1 04       		.byte	4
 1534 05e2 DF       		.byte	-33
 1535 05e3 01       		.byte	1
 1536 05e4 18       		.byte	24
 1537 05e5 02       		.byte	2
 1538 05e6 B4       		.byte	-76
 1539 05e7 01       		.byte	1
ARM GAS  C:\Users\doug_000\AppData\Local\Temp\ccFP345K.s 			page 28


 1540 05e8 50       		.byte	80
 1541 05e9 02       		.byte	2
 1542 05ea 51       		.byte	81
 1543 05eb 08       		.byte	8
 1544 05ec 55       		.byte	85
 1545 05ed 02       		.byte	2
 1546 05ee 57       		.byte	87
 1547 05ef 80       		.byte	-128
 1548 05f0 58       		.byte	88
 1549 05f1 04       		.byte	4
 1550 05f2 62       		.byte	98
 1551 05f3 02       		.byte	2
 1552 05f4 65       		.byte	101
 1553 05f5 20       		.byte	32
 1554 05f6 67       		.byte	103
 1555 05f7 02       		.byte	2
 1556 05f8 81       		.byte	-127
 1557 05f9 20       		.byte	32
 1558 05fa 84       		.byte	-124
 1559 05fb 02       		.byte	2
 1560 05fc 88       		.byte	-120
 1561 05fd 04       		.byte	4
 1562 05fe 8A       		.byte	-118
 1563 05ff 02       		.byte	2
 1564 0600 8D       		.byte	-115
 1565 0601 08       		.byte	8
 1566 0602 D4       		.byte	-44
 1567 0603 E0       		.byte	-32
 1568 0604 D6       		.byte	-42
 1569 0605 E0       		.byte	-32
 1570 0606 D8       		.byte	-40
 1571 0607 C0       		.byte	-64
 1572 0608 E2       		.byte	-30
 1573 0609 10       		.byte	16
 1574 060a E6       		.byte	-26
 1575 060b 80       		.byte	-128
 1576 060c 52       		.byte	82
 1577 060d 12       		.byte	18
 1578 060e 54       		.byte	84
 1579 060f 02       		.byte	2
 1580 0610 57       		.byte	87
 1581 0611 08       		.byte	8
 1582 0612 58       		.byte	88
 1583 0613 08       		.byte	8
 1584 0614 5E       		.byte	94
 1585 0615 02       		.byte	2
 1586 0616 63       		.byte	99
 1587 0617 20       		.byte	32
 1588 0618 66       		.byte	102
 1589 0619 08       		.byte	8
 1590 061a 8C       		.byte	-116
 1591 061b 42       		.byte	66
 1592 061c 8E       		.byte	-114
 1593 061d 08       		.byte	8
 1594 061e AB       		.byte	-85
 1595 061f 01       		.byte	1
 1596 0620 B5       		.byte	-75
ARM GAS  C:\Users\doug_000\AppData\Local\Temp\ccFP345K.s 			page 29


 1597 0621 02       		.byte	2
 1598 0622 B7       		.byte	-73
 1599 0623 80       		.byte	-128
 1600 0624 D4       		.byte	-44
 1601 0625 E0       		.byte	-32
 1602 0626 D6       		.byte	-42
 1603 0627 E0       		.byte	-32
 1604 0628 D8       		.byte	-40
 1605 0629 C0       		.byte	-64
 1606 062a EE       		.byte	-18
 1607 062b 20       		.byte	32
 1608 062c 50       		.byte	80
 1609 062d 40       		.byte	64
 1610 062e 54       		.byte	84
 1611 062f 80       		.byte	-128
 1612 0630 90       		.byte	-112
 1613 0631 80       		.byte	-128
 1614 0632 AB       		.byte	-85
 1615 0633 10       		.byte	16
 1616 0634 B0       		.byte	-80
 1617 0635 08       		.byte	8
 1618 0636 B2       		.byte	-78
 1619 0637 10       		.byte	16
 1620 0638 B3       		.byte	-77
 1621 0639 08       		.byte	8
 1622 063a B6       		.byte	-74
 1623 063b 03       		.byte	3
 1624 063c D4       		.byte	-44
 1625 063d 60       		.byte	96
 1626 063e EE       		.byte	-18
 1627 063f 80       		.byte	-128
 1628 0640 84       		.byte	-124
 1629 0641 80       		.byte	-128
 1630 0642 A4       		.byte	-92
 1631 0643 80       		.byte	-128
 1632 0644 E2       		.byte	-30
 1633 0645 10       		.byte	16
 1634 0646 05       		.byte	5
 1635 0647 40       		.byte	64
 1636 0648 85       		.byte	-123
 1637 0649 40       		.byte	64
 1638 064a C0       		.byte	-64
 1639 064b 80       		.byte	-128
 1640 064c E4       		.byte	-28
 1641 064d 10       		.byte	16
 1642 064e 50       		.byte	80
 1643 064f 01       		.byte	1
 1644 0650 55       		.byte	85
 1645 0651 08       		.byte	8
 1646 0652 61       		.byte	97
 1647 0653 08       		.byte	8
 1648 0654 66       		.byte	102
 1649 0655 02       		.byte	2
 1650 0656 81       		.byte	-127
 1651 0657 08       		.byte	8
 1652 0658 8C       		.byte	-116
 1653 0659 01       		.byte	1
ARM GAS  C:\Users\doug_000\AppData\Local\Temp\ccFP345K.s 			page 30


 1654 065a 8E       		.byte	-114
 1655 065b 02       		.byte	2
 1656 065c D4       		.byte	-44
 1657 065d C0       		.byte	-64
 1658 065e D8       		.byte	-40
 1659 065f C0       		.byte	-64
 1660 0660 E2       		.byte	-30
 1661 0661 80       		.byte	-128
 1662 0662 64       		.byte	100
 1663 0663 08       		.byte	8
 1664 0664 98       		.byte	-104
 1665 0665 08       		.byte	8
 1666 0666 B4       		.byte	-76
 1667 0667 08       		.byte	8
 1668 0668 D8       		.byte	-40
 1669 0669 01       		.byte	1
 1670 066a E8       		.byte	-24
 1671 066b 02       		.byte	2
 1672 066c 00       		.byte	0
 1673 066d 03       		.byte	3
 1674 066e 08       		.byte	8
 1675 066f 03       		.byte	3
 1676 0670 0A       		.byte	10
 1677 0671 03       		.byte	3
 1678 0672 10       		.byte	16
 1679 0673 01       		.byte	1
 1680 0674 1A       		.byte	26
 1681 0675 01       		.byte	1
 1682 0676 00       		.byte	0
 1683 0677 00       		.byte	0
 1684 0678 00       		.byte	0
 1685 0679 FF       		.byte	-1
 1686 067a FF       		.byte	-1
 1687 067b 00       		.byte	0
 1688 067c FF       		.byte	-1
 1689 067d 00       		.byte	0
 1690 067e 00       		.byte	0
 1691 067f 00       		.byte	0
 1692 0680 00       		.byte	0
 1693 0681 0F       		.byte	15
 1694 0682 0F       		.byte	15
 1695 0683 00       		.byte	0
 1696 0684 0F       		.byte	15
 1697 0685 00       		.byte	0
 1698 0686 00       		.byte	0
 1699 0687 00       		.byte	0
 1700 0688 08       		.byte	8
 1701 0689 00       		.byte	0
 1702 068a 00       		.byte	0
 1703 068b 0C       		.byte	12
 1704 068c 04       		.byte	4
 1705 068d 00       		.byte	0
 1706 068e 04       		.byte	4
 1707 068f 00       		.byte	0
 1708 0690 00       		.byte	0
 1709 0691 00       		.byte	0
 1710 0692 00       		.byte	0
ARM GAS  C:\Users\doug_000\AppData\Local\Temp\ccFP345K.s 			page 31


 1711 0693 00       		.byte	0
 1712 0694 00       		.byte	0
 1713 0695 0B       		.byte	11
 1714 0696 0B       		.byte	11
 1715 0697 00       		.byte	0
 1716 0698 00       		.byte	0
 1717 0699 00       		.byte	0
 1718 069a 00       		.byte	0
 1719 069b 00       		.byte	0
 1720 069c 02       		.byte	2
 1721 069d 00       		.byte	0
 1722 069e 00       		.byte	0
 1723 069f FF       		.byte	-1
 1724 06a0 FD       		.byte	-3
 1725 06a1 FF       		.byte	-1
 1726 06a2 FF       		.byte	-1
 1727 06a3 00       		.byte	0
 1728 06a4 00       		.byte	0
 1729 06a5 00       		.byte	0
 1730 06a6 00       		.byte	0
 1731 06a7 00       		.byte	0
 1732 06a8 00       		.byte	0
 1733 06a9 FF       		.byte	-1
 1734 06aa FF       		.byte	-1
 1735 06ab 00       		.byte	0
 1736 06ac FF       		.byte	-1
 1737 06ad 00       		.byte	0
 1738 06ae 00       		.byte	0
 1739 06af 00       		.byte	0
 1740 06b0 00       		.byte	0
 1741 06b1 10       		.byte	16
 1742 06b2 10       		.byte	16
 1743 06b3 00       		.byte	0
 1744 06b4 10       		.byte	16
 1745 06b5 00       		.byte	0
 1746 06b6 00       		.byte	0
 1747 06b7 00       		.byte	0
 1748              		.section	.cywolatch,"a",%progbits
 1749              		.align	2
 1750              		.type	cy_meta_wonvl, %object
 1751              		.size	cy_meta_wonvl, 4
 1752              	cy_meta_wonvl:
 1753 0000 BC       		.byte	-68
 1754 0001 90       		.byte	-112
 1755 0002 AC       		.byte	-84
 1756 0003 AF       		.byte	-81
 1757              		.section	.cycustnvl,"a",%progbits
 1758              		.align	2
 1759              		.type	cy_meta_custnvl, %object
 1760              		.size	cy_meta_custnvl, 4
 1761              	cy_meta_custnvl:
 1762 0000 00       		.byte	0
 1763 0001 00       		.byte	0
 1764 0002 40       		.byte	64
 1765 0003 05       		.byte	5
 1766              		.section	.cymeta,"a",%progbits
 1767              		.align	2
ARM GAS  C:\Users\doug_000\AppData\Local\Temp\ccFP345K.s 			page 32


 1768              		.type	cy_metadata, %object
 1769              		.size	cy_metadata, 12
 1770              	cy_metadata:
 1771 0000 00       		.byte	0
 1772 0001 01       		.byte	1
 1773 0002 2E       		.byte	46
 1774 0003 13       		.byte	19
 1775 0004 30       		.byte	48
 1776 0005 69       		.byte	105
 1777 0006 00       		.byte	0
 1778 0007 01       		.byte	1
 1779 0008 00       		.byte	0
 1780 0009 00       		.byte	0
 1781 000a 00       		.byte	0
 1782 000b 00       		.byte	0
 1783              		.section	.cyflashprotect,"a",%progbits
 1784              		.align	2
 1785              		.type	cy_meta_flashprotect, %object
 1786              		.size	cy_meta_flashprotect, 128
 1787              	cy_meta_flashprotect:
 1788 0000 00000000 		.space	128
 1788      00000000 
 1788      00000000 
 1788      00000000 
 1788      00000000 
 1789              		.text
 1790              	.Letext0:
 1791              		.file 1 "Generated_Source\\PSoC5\\cymetadata.c"
 1792              		.file 2 "Generated_Source\\PSoC5\\cytypes.h"
 1793              		.section	.debug_info,"",%progbits
 1794              	.Ldebug_info0:
 1795 0000 3B010000 		.4byte	0x13b
 1796 0004 0400     		.2byte	0x4
 1797 0006 00000000 		.4byte	.Ldebug_abbrev0
 1798 000a 04       		.byte	0x4
 1799 000b 01       		.uleb128 0x1
 1800 000c CE000000 		.4byte	.LASF18
 1801 0010 01       		.byte	0x1
 1802 0011 E4010000 		.4byte	.LASF19
 1803 0015 12000000 		.4byte	.LASF20
 1804 0019 00000000 		.4byte	.Ldebug_line0
 1805 001d 02       		.uleb128 0x2
 1806 001e 01       		.byte	0x1
 1807 001f 06       		.byte	0x6
 1808 0020 D8010000 		.4byte	.LASF0
 1809 0024 02       		.uleb128 0x2
 1810 0025 01       		.byte	0x1
 1811 0026 08       		.byte	0x8
 1812 0027 72000000 		.4byte	.LASF1
 1813 002b 02       		.uleb128 0x2
 1814 002c 02       		.byte	0x2
 1815 002d 05       		.byte	0x5
 1816 002e BF010000 		.4byte	.LASF2
 1817 0032 02       		.uleb128 0x2
 1818 0033 02       		.byte	0x2
 1819 0034 07       		.byte	0x7
 1820 0035 92000000 		.4byte	.LASF3
ARM GAS  C:\Users\doug_000\AppData\Local\Temp\ccFP345K.s 			page 33


 1821 0039 02       		.uleb128 0x2
 1822 003a 04       		.byte	0x4
 1823 003b 05       		.byte	0x5
 1824 003c CF010000 		.4byte	.LASF4
 1825 0040 02       		.uleb128 0x2
 1826 0041 04       		.byte	0x4
 1827 0042 07       		.byte	0x7
 1828 0043 80000000 		.4byte	.LASF5
 1829 0047 02       		.uleb128 0x2
 1830 0048 08       		.byte	0x8
 1831 0049 05       		.byte	0x5
 1832 004a AC010000 		.4byte	.LASF6
 1833 004e 02       		.uleb128 0x2
 1834 004f 08       		.byte	0x8
 1835 0050 07       		.byte	0x7
 1836 0051 69010000 		.4byte	.LASF7
 1837 0055 03       		.uleb128 0x3
 1838 0056 04       		.byte	0x4
 1839 0057 05       		.byte	0x5
 1840 0058 696E7400 		.ascii	"int\000"
 1841 005c 02       		.uleb128 0x2
 1842 005d 04       		.byte	0x4
 1843 005e 07       		.byte	0x7
 1844 005f 5C010000 		.4byte	.LASF8
 1845 0063 04       		.uleb128 0x4
 1846 0064 C9010000 		.4byte	.LASF21
 1847 0068 02       		.byte	0x2
 1848 0069 9201     		.2byte	0x192
 1849 006b 24000000 		.4byte	0x24
 1850 006f 02       		.uleb128 0x2
 1851 0070 04       		.byte	0x4
 1852 0071 04       		.byte	0x4
 1853 0072 0C000000 		.4byte	.LASF9
 1854 0076 02       		.uleb128 0x2
 1855 0077 08       		.byte	0x8
 1856 0078 04       		.byte	0x4
 1857 0079 A5000000 		.4byte	.LASF10
 1858 007d 02       		.uleb128 0x2
 1859 007e 01       		.byte	0x1
 1860 007f 08       		.byte	0x8
 1861 0080 BA010000 		.4byte	.LASF11
 1862 0084 05       		.uleb128 0x5
 1863 0085 63000000 		.4byte	0x63
 1864 0089 95000000 		.4byte	0x95
 1865 008d 06       		.uleb128 0x6
 1866 008e 95000000 		.4byte	0x95
 1867 0092 B706     		.2byte	0x6b7
 1868 0094 00       		.byte	0
 1869 0095 02       		.uleb128 0x2
 1870 0096 04       		.byte	0x4
 1871 0097 07       		.byte	0x7
 1872 0098 A3010000 		.4byte	.LASF12
 1873 009c 07       		.uleb128 0x7
 1874 009d BC000000 		.4byte	.LASF13
 1875 00a1 01       		.byte	0x1
 1876 00a2 1F       		.byte	0x1f
 1877 00a3 AD000000 		.4byte	0xad
ARM GAS  C:\Users\doug_000\AppData\Local\Temp\ccFP345K.s 			page 34


 1878 00a7 05       		.uleb128 0x5
 1879 00a8 03       		.byte	0x3
 1880 00a9 00000000 		.4byte	cy_meta_configecc
 1881 00ad 08       		.uleb128 0x8
 1882 00ae 84000000 		.4byte	0x84
 1883 00b2 05       		.uleb128 0x5
 1884 00b3 63000000 		.4byte	0x63
 1885 00b7 C2000000 		.4byte	0xc2
 1886 00bb 09       		.uleb128 0x9
 1887 00bc 95000000 		.4byte	0x95
 1888 00c0 03       		.byte	0x3
 1889 00c1 00       		.byte	0
 1890 00c2 0A       		.uleb128 0xa
 1891 00c3 AC000000 		.4byte	.LASF14
 1892 00c7 01       		.byte	0x1
 1893 00c8 0301     		.2byte	0x103
 1894 00ca D4000000 		.4byte	0xd4
 1895 00ce 05       		.uleb128 0x5
 1896 00cf 03       		.byte	0x3
 1897 00d0 00000000 		.4byte	cy_meta_custnvl
 1898 00d4 08       		.uleb128 0x8
 1899 00d5 B2000000 		.4byte	0xb2
 1900 00d9 0A       		.uleb128 0xa
 1901 00da 95010000 		.4byte	.LASF15
 1902 00de 01       		.byte	0x1
 1903 00df 1101     		.2byte	0x111
 1904 00e1 EB000000 		.4byte	0xeb
 1905 00e5 05       		.uleb128 0x5
 1906 00e6 03       		.byte	0x3
 1907 00e7 00000000 		.4byte	cy_meta_wonvl
 1908 00eb 08       		.uleb128 0x8
 1909 00ec B2000000 		.4byte	0xb2
 1910 00f0 05       		.uleb128 0x5
 1911 00f1 63000000 		.4byte	0x63
 1912 00f5 00010000 		.4byte	0x100
 1913 00f9 09       		.uleb128 0x9
 1914 00fa 95000000 		.4byte	0x95
 1915 00fe 7F       		.byte	0x7f
 1916 00ff 00       		.byte	0
 1917 0100 0A       		.uleb128 0xa
 1918 0101 80010000 		.4byte	.LASF16
 1919 0105 01       		.byte	0x1
 1920 0106 1F01     		.2byte	0x11f
 1921 0108 12010000 		.4byte	0x112
 1922 010c 05       		.uleb128 0x5
 1923 010d 03       		.byte	0x3
 1924 010e 00000000 		.4byte	cy_meta_flashprotect
 1925 0112 08       		.uleb128 0x8
 1926 0113 F0000000 		.4byte	0xf0
 1927 0117 05       		.uleb128 0x5
 1928 0118 63000000 		.4byte	0x63
 1929 011c 27010000 		.4byte	0x127
 1930 0120 09       		.uleb128 0x9
 1931 0121 95000000 		.4byte	0x95
 1932 0125 0B       		.byte	0xb
 1933 0126 00       		.byte	0
 1934 0127 0A       		.uleb128 0xa
ARM GAS  C:\Users\doug_000\AppData\Local\Temp\ccFP345K.s 			page 35


 1935 0128 00000000 		.4byte	.LASF17
 1936 012c 01       		.byte	0x1
 1937 012d 3C01     		.2byte	0x13c
 1938 012f 39010000 		.4byte	0x139
 1939 0133 05       		.uleb128 0x5
 1940 0134 03       		.byte	0x3
 1941 0135 00000000 		.4byte	cy_metadata
 1942 0139 08       		.uleb128 0x8
 1943 013a 17010000 		.4byte	0x117
 1944 013e 00       		.byte	0
 1945              		.section	.debug_abbrev,"",%progbits
 1946              	.Ldebug_abbrev0:
 1947 0000 01       		.uleb128 0x1
 1948 0001 11       		.uleb128 0x11
 1949 0002 01       		.byte	0x1
 1950 0003 25       		.uleb128 0x25
 1951 0004 0E       		.uleb128 0xe
 1952 0005 13       		.uleb128 0x13
 1953 0006 0B       		.uleb128 0xb
 1954 0007 03       		.uleb128 0x3
 1955 0008 0E       		.uleb128 0xe
 1956 0009 1B       		.uleb128 0x1b
 1957 000a 0E       		.uleb128 0xe
 1958 000b 10       		.uleb128 0x10
 1959 000c 17       		.uleb128 0x17
 1960 000d 00       		.byte	0
 1961 000e 00       		.byte	0
 1962 000f 02       		.uleb128 0x2
 1963 0010 24       		.uleb128 0x24
 1964 0011 00       		.byte	0
 1965 0012 0B       		.uleb128 0xb
 1966 0013 0B       		.uleb128 0xb
 1967 0014 3E       		.uleb128 0x3e
 1968 0015 0B       		.uleb128 0xb
 1969 0016 03       		.uleb128 0x3
 1970 0017 0E       		.uleb128 0xe
 1971 0018 00       		.byte	0
 1972 0019 00       		.byte	0
 1973 001a 03       		.uleb128 0x3
 1974 001b 24       		.uleb128 0x24
 1975 001c 00       		.byte	0
 1976 001d 0B       		.uleb128 0xb
 1977 001e 0B       		.uleb128 0xb
 1978 001f 3E       		.uleb128 0x3e
 1979 0020 0B       		.uleb128 0xb
 1980 0021 03       		.uleb128 0x3
 1981 0022 08       		.uleb128 0x8
 1982 0023 00       		.byte	0
 1983 0024 00       		.byte	0
 1984 0025 04       		.uleb128 0x4
 1985 0026 16       		.uleb128 0x16
 1986 0027 00       		.byte	0
 1987 0028 03       		.uleb128 0x3
 1988 0029 0E       		.uleb128 0xe
 1989 002a 3A       		.uleb128 0x3a
 1990 002b 0B       		.uleb128 0xb
 1991 002c 3B       		.uleb128 0x3b
ARM GAS  C:\Users\doug_000\AppData\Local\Temp\ccFP345K.s 			page 36


 1992 002d 05       		.uleb128 0x5
 1993 002e 49       		.uleb128 0x49
 1994 002f 13       		.uleb128 0x13
 1995 0030 00       		.byte	0
 1996 0031 00       		.byte	0
 1997 0032 05       		.uleb128 0x5
 1998 0033 01       		.uleb128 0x1
 1999 0034 01       		.byte	0x1
 2000 0035 49       		.uleb128 0x49
 2001 0036 13       		.uleb128 0x13
 2002 0037 01       		.uleb128 0x1
 2003 0038 13       		.uleb128 0x13
 2004 0039 00       		.byte	0
 2005 003a 00       		.byte	0
 2006 003b 06       		.uleb128 0x6
 2007 003c 21       		.uleb128 0x21
 2008 003d 00       		.byte	0
 2009 003e 49       		.uleb128 0x49
 2010 003f 13       		.uleb128 0x13
 2011 0040 2F       		.uleb128 0x2f
 2012 0041 05       		.uleb128 0x5
 2013 0042 00       		.byte	0
 2014 0043 00       		.byte	0
 2015 0044 07       		.uleb128 0x7
 2016 0045 34       		.uleb128 0x34
 2017 0046 00       		.byte	0
 2018 0047 03       		.uleb128 0x3
 2019 0048 0E       		.uleb128 0xe
 2020 0049 3A       		.uleb128 0x3a
 2021 004a 0B       		.uleb128 0xb
 2022 004b 3B       		.uleb128 0x3b
 2023 004c 0B       		.uleb128 0xb
 2024 004d 49       		.uleb128 0x49
 2025 004e 13       		.uleb128 0x13
 2026 004f 3F       		.uleb128 0x3f
 2027 0050 19       		.uleb128 0x19
 2028 0051 02       		.uleb128 0x2
 2029 0052 18       		.uleb128 0x18
 2030 0053 00       		.byte	0
 2031 0054 00       		.byte	0
 2032 0055 08       		.uleb128 0x8
 2033 0056 26       		.uleb128 0x26
 2034 0057 00       		.byte	0
 2035 0058 49       		.uleb128 0x49
 2036 0059 13       		.uleb128 0x13
 2037 005a 00       		.byte	0
 2038 005b 00       		.byte	0
 2039 005c 09       		.uleb128 0x9
 2040 005d 21       		.uleb128 0x21
 2041 005e 00       		.byte	0
 2042 005f 49       		.uleb128 0x49
 2043 0060 13       		.uleb128 0x13
 2044 0061 2F       		.uleb128 0x2f
 2045 0062 0B       		.uleb128 0xb
 2046 0063 00       		.byte	0
 2047 0064 00       		.byte	0
 2048 0065 0A       		.uleb128 0xa
ARM GAS  C:\Users\doug_000\AppData\Local\Temp\ccFP345K.s 			page 37


 2049 0066 34       		.uleb128 0x34
 2050 0067 00       		.byte	0
 2051 0068 03       		.uleb128 0x3
 2052 0069 0E       		.uleb128 0xe
 2053 006a 3A       		.uleb128 0x3a
 2054 006b 0B       		.uleb128 0xb
 2055 006c 3B       		.uleb128 0x3b
 2056 006d 05       		.uleb128 0x5
 2057 006e 49       		.uleb128 0x49
 2058 006f 13       		.uleb128 0x13
 2059 0070 3F       		.uleb128 0x3f
 2060 0071 19       		.uleb128 0x19
 2061 0072 02       		.uleb128 0x2
 2062 0073 18       		.uleb128 0x18
 2063 0074 00       		.byte	0
 2064 0075 00       		.byte	0
 2065 0076 00       		.byte	0
 2066              		.section	.debug_aranges,"",%progbits
 2067 0000 14000000 		.4byte	0x14
 2068 0004 0200     		.2byte	0x2
 2069 0006 00000000 		.4byte	.Ldebug_info0
 2070 000a 04       		.byte	0x4
 2071 000b 00       		.byte	0
 2072 000c 0000     		.2byte	0
 2073 000e 0000     		.2byte	0
 2074 0010 00000000 		.4byte	0
 2075 0014 00000000 		.4byte	0
 2076              		.section	.debug_line,"",%progbits
 2077              	.Ldebug_line0:
 2078 0000 4D000000 		.section	.debug_str,"MS",%progbits,1
 2078      02004700 
 2078      00000201 
 2078      FB0E0D00 
 2078      01010101 
 2079              	.LASF17:
 2080 0000 63795F6D 		.ascii	"cy_metadata\000"
 2080      65746164 
 2080      61746100 
 2081              	.LASF9:
 2082 000c 666C6F61 		.ascii	"float\000"
 2082      7400
 2083              	.LASF20:
 2084 0012 433A5C55 		.ascii	"C:\\Users\\doug_000\\Documents\\GitHub\\ODAS\\ODAS-"
 2084      73657273 
 2084      5C646F75 
 2084      675F3030 
 2084      305C446F 
 2085 003f 50534F43 		.ascii	"PSOC5\\ODAS-PSOC5-01\\ODAS-PSOC5\\ODAS-PSOC5-03.cyd"
 2085      355C4F44 
 2085      41532D50 
 2085      534F4335 
 2085      2D30315C 
 2086 006f 736E00   		.ascii	"sn\000"
 2087              	.LASF1:
 2088 0072 756E7369 		.ascii	"unsigned char\000"
 2088      676E6564 
 2088      20636861 
ARM GAS  C:\Users\doug_000\AppData\Local\Temp\ccFP345K.s 			page 38


 2088      7200
 2089              	.LASF5:
 2090 0080 6C6F6E67 		.ascii	"long unsigned int\000"
 2090      20756E73 
 2090      69676E65 
 2090      6420696E 
 2090      7400
 2091              	.LASF3:
 2092 0092 73686F72 		.ascii	"short unsigned int\000"
 2092      7420756E 
 2092      7369676E 
 2092      65642069 
 2092      6E7400
 2093              	.LASF10:
 2094 00a5 646F7562 		.ascii	"double\000"
 2094      6C6500
 2095              	.LASF14:
 2096 00ac 63795F6D 		.ascii	"cy_meta_custnvl\000"
 2096      6574615F 
 2096      63757374 
 2096      6E766C00 
 2097              	.LASF13:
 2098 00bc 63795F6D 		.ascii	"cy_meta_configecc\000"
 2098      6574615F 
 2098      636F6E66 
 2098      69676563 
 2098      6300
 2099              	.LASF18:
 2100 00ce 474E5520 		.ascii	"GNU C 4.9.3 20150303 (release) [ARM/embedded-4_9-br"
 2100      4320342E 
 2100      392E3320 
 2100      32303135 
 2100      30333033 
 2101 0101 616E6368 		.ascii	"anch revision 221220] -mcpu=cortex-m3 -mthumb -g -O"
 2101      20726576 
 2101      6973696F 
 2101      6E203232 
 2101      31323230 
 2102 0134 67202D66 		.ascii	"g -ffunction-sections -ffat-lto-objects\000"
 2102      66756E63 
 2102      74696F6E 
 2102      2D736563 
 2102      74696F6E 
 2103              	.LASF8:
 2104 015c 756E7369 		.ascii	"unsigned int\000"
 2104      676E6564 
 2104      20696E74 
 2104      00
 2105              	.LASF7:
 2106 0169 6C6F6E67 		.ascii	"long long unsigned int\000"
 2106      206C6F6E 
 2106      6720756E 
 2106      7369676E 
 2106      65642069 
 2107              	.LASF16:
 2108 0180 63795F6D 		.ascii	"cy_meta_flashprotect\000"
 2108      6574615F 
ARM GAS  C:\Users\doug_000\AppData\Local\Temp\ccFP345K.s 			page 39


 2108      666C6173 
 2108      6870726F 
 2108      74656374 
 2109              	.LASF15:
 2110 0195 63795F6D 		.ascii	"cy_meta_wonvl\000"
 2110      6574615F 
 2110      776F6E76 
 2110      6C00
 2111              	.LASF12:
 2112 01a3 73697A65 		.ascii	"sizetype\000"
 2112      74797065 
 2112      00
 2113              	.LASF6:
 2114 01ac 6C6F6E67 		.ascii	"long long int\000"
 2114      206C6F6E 
 2114      6720696E 
 2114      7400
 2115              	.LASF11:
 2116 01ba 63686172 		.ascii	"char\000"
 2116      00
 2117              	.LASF2:
 2118 01bf 73686F72 		.ascii	"short int\000"
 2118      7420696E 
 2118      7400
 2119              	.LASF21:
 2120 01c9 75696E74 		.ascii	"uint8\000"
 2120      3800
 2121              	.LASF4:
 2122 01cf 6C6F6E67 		.ascii	"long int\000"
 2122      20696E74 
 2122      00
 2123              	.LASF0:
 2124 01d8 7369676E 		.ascii	"signed char\000"
 2124      65642063 
 2124      68617200 
 2125              	.LASF19:
 2126 01e4 47656E65 		.ascii	"Generated_Source\\PSoC5\\cymetadata.c\000"
 2126      72617465 
 2126      645F536F 
 2126      75726365 
 2126      5C50536F 
 2127              		.ident	"GCC: (GNU Tools for ARM Embedded Processors) 4.9.3 20150303 (release) [ARM/embedded-4_9-br
