ARM GAS  C:\Users\Doug\AppData\Local\Temp\ccWzAXsI.s 			page 1


   1              		.syntax unified
   2              		.cpu cortex-m3
   3              		.fpu softvfp
   4              		.eabi_attribute 20, 1
   5              		.eabi_attribute 21, 1
   6              		.eabi_attribute 23, 3
   7              		.eabi_attribute 24, 1
   8              		.eabi_attribute 25, 1
   9              		.eabi_attribute 26, 1
  10              		.eabi_attribute 30, 1
  11              		.eabi_attribute 34, 1
  12              		.eabi_attribute 18, 4
  13              		.thumb
  14              		.syntax unified
  15              		.file	"main.c"
  16              		.text
  17              	.Ltext0:
  18              		.cfi_sections	.debug_frame
  19              		.section	.text.main,"ax",%progbits
  20              		.align	2
  21              		.global	main
  22              		.thumb
  23              		.thumb_func
  24              		.type	main, %function
  25              	main:
  26              	.LFB63:
  27              		.file 1 "main.c"
   1:main.c        **** /* ========================================
   2:main.c        ****  *
   3:main.c        ****  * Copyright YOUR COMPANY, THE YEAR
   4:main.c        ****  * All Rights Reserved
   5:main.c        ****  * UNPUBLISHED, LICENSED SOFTWARE.
   6:main.c        ****  *
   7:main.c        ****  * CONFIDENTIAL AND PROPRIETARY INFORMATION
   8:main.c        ****  * WHICH IS THE PROPERTY OF your company.
   9:main.c        ****  *
  10:main.c        ****  * ========================================
  11:main.c        **** */
  12:main.c        **** 
  13:main.c        **** #include "project.h"
  14:main.c        **** int mainTinyBASIC(int, char*);
  15:main.c        **** char noPtr[1];
  16:main.c        **** 
  17:main.c        **** ////////////////////////////////////////////////////////////////
  18:main.c        **** ////////////////////////////////////////////////////////////////
  19:main.c        **** 
  20:main.c        **** int main(void)
  21:main.c        **** {
  28              		.loc 1 21 0
  29              		.cfi_startproc
  30              		@ Volatile: function does not return.
  31              		@ args = 0, pretend = 0, frame = 0
  32              		@ frame_needed = 0, uses_anonymous_args = 0
  33 0000 08B5     		push	{r3, lr}
  34              		.cfi_def_cfa_offset 8
  35              		.cfi_offset 3, -8
  36              		.cfi_offset 14, -4
ARM GAS  C:\Users\Doug\AppData\Local\Temp\ccWzAXsI.s 			page 2


  37              	.L2:
  22:main.c        ****     
  23:main.c        **** while(1)
  24:main.c        **** mainTinyBASIC(0,noPtr);
  38              		.loc 1 24 0 discriminator 1
  39 0002 0249     		ldr	r1, .L4
  40 0004 0020     		movs	r0, #0
  41 0006 FFF7FEFF 		bl	mainTinyBASIC
  42              	.LVL0:
  43 000a FAE7     		b	.L2
  44              	.L5:
  45              		.align	2
  46              	.L4:
  47 000c 00000000 		.word	noPtr
  48              		.cfi_endproc
  49              	.LFE63:
  50              		.size	main, .-main
  51              		.comm	noPtr,1,4
  52              		.text
  53              	.Letext0:
  54              		.file 2 "c:\\program files (x86)\\cypress\\psoc creator\\4.2\\psoc creator\\import\\gnu\\arm\\5.4.
  55              		.file 3 "c:\\program files (x86)\\cypress\\psoc creator\\4.2\\psoc creator\\import\\gnu\\arm\\5.4.
  56              		.file 4 "Generated_Source\\PSoC5/core_cm3.h"
  57              		.section	.debug_info,"",%progbits
  58              	.Ldebug_info0:
  59 0000 10010000 		.4byte	0x110
  60 0004 0400     		.2byte	0x4
  61 0006 00000000 		.4byte	.Ldebug_abbrev0
  62 000a 04       		.byte	0x4
  63 000b 01       		.uleb128 0x1
  64 000c 3A000000 		.4byte	.LASF18
  65 0010 0C       		.byte	0xc
  66 0011 2E000000 		.4byte	.LASF19
  67 0015 22010000 		.4byte	.LASF20
  68 0019 00000000 		.4byte	.Ldebug_ranges0+0
  69 001d 00000000 		.4byte	0
  70 0021 00000000 		.4byte	.Ldebug_line0
  71 0025 02       		.uleb128 0x2
  72 0026 01       		.byte	0x1
  73 0027 06       		.byte	0x6
  74 0028 8B010000 		.4byte	.LASF0
  75 002c 02       		.uleb128 0x2
  76 002d 01       		.byte	0x1
  77 002e 08       		.byte	0x8
  78 002f FF000000 		.4byte	.LASF1
  79 0033 02       		.uleb128 0x2
  80 0034 02       		.byte	0x2
  81 0035 05       		.byte	0x5
  82 0036 B3010000 		.4byte	.LASF2
  83 003a 02       		.uleb128 0x2
  84 003b 02       		.byte	0x2
  85 003c 07       		.byte	0x7
  86 003d 0E000000 		.4byte	.LASF3
  87 0041 03       		.uleb128 0x3
  88 0042 A3010000 		.4byte	.LASF9
  89 0046 02       		.byte	0x2
  90 0047 3F       		.byte	0x3f
ARM GAS  C:\Users\Doug\AppData\Local\Temp\ccWzAXsI.s 			page 3


  91 0048 4C000000 		.4byte	0x4c
  92 004c 02       		.uleb128 0x2
  93 004d 04       		.byte	0x4
  94 004e 05       		.byte	0x5
  95 004f 12010000 		.4byte	.LASF4
  96 0053 02       		.uleb128 0x2
  97 0054 04       		.byte	0x4
  98 0055 07       		.byte	0x7
  99 0056 C8000000 		.4byte	.LASF5
 100 005a 02       		.uleb128 0x2
 101 005b 08       		.byte	0x8
 102 005c 05       		.byte	0x5
 103 005d 00000000 		.4byte	.LASF6
 104 0061 02       		.uleb128 0x2
 105 0062 08       		.byte	0x8
 106 0063 07       		.byte	0x7
 107 0064 DA000000 		.4byte	.LASF7
 108 0068 04       		.uleb128 0x4
 109 0069 04       		.byte	0x4
 110 006a 05       		.byte	0x5
 111 006b 696E7400 		.ascii	"int\000"
 112 006f 02       		.uleb128 0x2
 113 0070 04       		.byte	0x4
 114 0071 07       		.byte	0x7
 115 0072 21000000 		.4byte	.LASF8
 116 0076 03       		.uleb128 0x3
 117 0077 BD010000 		.4byte	.LASF10
 118 007b 03       		.byte	0x3
 119 007c 2C       		.byte	0x2c
 120 007d 41000000 		.4byte	0x41
 121 0081 02       		.uleb128 0x2
 122 0082 04       		.byte	0x4
 123 0083 04       		.byte	0x4
 124 0084 AD010000 		.4byte	.LASF11
 125 0088 02       		.uleb128 0x2
 126 0089 08       		.byte	0x8
 127 008a 04       		.byte	0x4
 128 008b 1B010000 		.4byte	.LASF12
 129 008f 02       		.uleb128 0x2
 130 0090 01       		.byte	0x1
 131 0091 08       		.byte	0x8
 132 0092 0D010000 		.4byte	.LASF13
 133 0096 02       		.uleb128 0x2
 134 0097 04       		.byte	0x4
 135 0098 07       		.byte	0x7
 136 0099 75010000 		.4byte	.LASF14
 137 009d 02       		.uleb128 0x2
 138 009e 08       		.byte	0x8
 139 009f 04       		.byte	0x4
 140 00a0 97010000 		.4byte	.LASF15
 141 00a4 05       		.uleb128 0x5
 142 00a5 35000000 		.4byte	.LASF21
 143 00a9 01       		.byte	0x1
 144 00aa 14       		.byte	0x14
 145 00ab 68000000 		.4byte	0x68
 146 00af 00000000 		.4byte	.LFB63
 147 00b3 10000000 		.4byte	.LFE63-.LFB63
ARM GAS  C:\Users\Doug\AppData\Local\Temp\ccWzAXsI.s 			page 4


 148 00b7 01       		.uleb128 0x1
 149 00b8 9C       		.byte	0x9c
 150 00b9 D6000000 		.4byte	0xd6
 151 00bd 06       		.uleb128 0x6
 152 00be 0A000000 		.4byte	.LVL0
 153 00c2 08010000 		.4byte	0x108
 154 00c6 07       		.uleb128 0x7
 155 00c7 01       		.uleb128 0x1
 156 00c8 50       		.byte	0x50
 157 00c9 01       		.uleb128 0x1
 158 00ca 30       		.byte	0x30
 159 00cb 07       		.uleb128 0x7
 160 00cc 01       		.uleb128 0x1
 161 00cd 51       		.byte	0x51
 162 00ce 05       		.uleb128 0x5
 163 00cf 03       		.byte	0x3
 164 00d0 00000000 		.4byte	noPtr
 165 00d4 00       		.byte	0
 166 00d5 00       		.byte	0
 167 00d6 08       		.uleb128 0x8
 168 00d7 7E010000 		.4byte	.LASF16
 169 00db 04       		.byte	0x4
 170 00dc 9606     		.2byte	0x696
 171 00de E2000000 		.4byte	0xe2
 172 00e2 09       		.uleb128 0x9
 173 00e3 76000000 		.4byte	0x76
 174 00e7 0A       		.uleb128 0xa
 175 00e8 8F000000 		.4byte	0x8f
 176 00ec F7000000 		.4byte	0xf7
 177 00f0 0B       		.uleb128 0xb
 178 00f1 96000000 		.4byte	0x96
 179 00f5 00       		.byte	0
 180 00f6 00       		.byte	0
 181 00f7 0C       		.uleb128 0xc
 182 00f8 C5010000 		.4byte	.LASF17
 183 00fc 01       		.byte	0x1
 184 00fd 0F       		.byte	0xf
 185 00fe E7000000 		.4byte	0xe7
 186 0102 05       		.uleb128 0x5
 187 0103 03       		.byte	0x3
 188 0104 00000000 		.4byte	noPtr
 189 0108 0D       		.uleb128 0xd
 190 0109 F1000000 		.4byte	.LASF22
 191 010d F1000000 		.4byte	.LASF22
 192 0111 01       		.byte	0x1
 193 0112 0E       		.byte	0xe
 194 0113 00       		.byte	0
 195              		.section	.debug_abbrev,"",%progbits
 196              	.Ldebug_abbrev0:
 197 0000 01       		.uleb128 0x1
 198 0001 11       		.uleb128 0x11
 199 0002 01       		.byte	0x1
 200 0003 25       		.uleb128 0x25
 201 0004 0E       		.uleb128 0xe
 202 0005 13       		.uleb128 0x13
 203 0006 0B       		.uleb128 0xb
 204 0007 03       		.uleb128 0x3
ARM GAS  C:\Users\Doug\AppData\Local\Temp\ccWzAXsI.s 			page 5


 205 0008 0E       		.uleb128 0xe
 206 0009 1B       		.uleb128 0x1b
 207 000a 0E       		.uleb128 0xe
 208 000b 55       		.uleb128 0x55
 209 000c 17       		.uleb128 0x17
 210 000d 11       		.uleb128 0x11
 211 000e 01       		.uleb128 0x1
 212 000f 10       		.uleb128 0x10
 213 0010 17       		.uleb128 0x17
 214 0011 00       		.byte	0
 215 0012 00       		.byte	0
 216 0013 02       		.uleb128 0x2
 217 0014 24       		.uleb128 0x24
 218 0015 00       		.byte	0
 219 0016 0B       		.uleb128 0xb
 220 0017 0B       		.uleb128 0xb
 221 0018 3E       		.uleb128 0x3e
 222 0019 0B       		.uleb128 0xb
 223 001a 03       		.uleb128 0x3
 224 001b 0E       		.uleb128 0xe
 225 001c 00       		.byte	0
 226 001d 00       		.byte	0
 227 001e 03       		.uleb128 0x3
 228 001f 16       		.uleb128 0x16
 229 0020 00       		.byte	0
 230 0021 03       		.uleb128 0x3
 231 0022 0E       		.uleb128 0xe
 232 0023 3A       		.uleb128 0x3a
 233 0024 0B       		.uleb128 0xb
 234 0025 3B       		.uleb128 0x3b
 235 0026 0B       		.uleb128 0xb
 236 0027 49       		.uleb128 0x49
 237 0028 13       		.uleb128 0x13
 238 0029 00       		.byte	0
 239 002a 00       		.byte	0
 240 002b 04       		.uleb128 0x4
 241 002c 24       		.uleb128 0x24
 242 002d 00       		.byte	0
 243 002e 0B       		.uleb128 0xb
 244 002f 0B       		.uleb128 0xb
 245 0030 3E       		.uleb128 0x3e
 246 0031 0B       		.uleb128 0xb
 247 0032 03       		.uleb128 0x3
 248 0033 08       		.uleb128 0x8
 249 0034 00       		.byte	0
 250 0035 00       		.byte	0
 251 0036 05       		.uleb128 0x5
 252 0037 2E       		.uleb128 0x2e
 253 0038 01       		.byte	0x1
 254 0039 3F       		.uleb128 0x3f
 255 003a 19       		.uleb128 0x19
 256 003b 03       		.uleb128 0x3
 257 003c 0E       		.uleb128 0xe
 258 003d 3A       		.uleb128 0x3a
 259 003e 0B       		.uleb128 0xb
 260 003f 3B       		.uleb128 0x3b
 261 0040 0B       		.uleb128 0xb
ARM GAS  C:\Users\Doug\AppData\Local\Temp\ccWzAXsI.s 			page 6


 262 0041 27       		.uleb128 0x27
 263 0042 19       		.uleb128 0x19
 264 0043 49       		.uleb128 0x49
 265 0044 13       		.uleb128 0x13
 266 0045 8701     		.uleb128 0x87
 267 0047 19       		.uleb128 0x19
 268 0048 11       		.uleb128 0x11
 269 0049 01       		.uleb128 0x1
 270 004a 12       		.uleb128 0x12
 271 004b 06       		.uleb128 0x6
 272 004c 40       		.uleb128 0x40
 273 004d 18       		.uleb128 0x18
 274 004e 9742     		.uleb128 0x2117
 275 0050 19       		.uleb128 0x19
 276 0051 01       		.uleb128 0x1
 277 0052 13       		.uleb128 0x13
 278 0053 00       		.byte	0
 279 0054 00       		.byte	0
 280 0055 06       		.uleb128 0x6
 281 0056 898201   		.uleb128 0x4109
 282 0059 01       		.byte	0x1
 283 005a 11       		.uleb128 0x11
 284 005b 01       		.uleb128 0x1
 285 005c 31       		.uleb128 0x31
 286 005d 13       		.uleb128 0x13
 287 005e 00       		.byte	0
 288 005f 00       		.byte	0
 289 0060 07       		.uleb128 0x7
 290 0061 8A8201   		.uleb128 0x410a
 291 0064 00       		.byte	0
 292 0065 02       		.uleb128 0x2
 293 0066 18       		.uleb128 0x18
 294 0067 9142     		.uleb128 0x2111
 295 0069 18       		.uleb128 0x18
 296 006a 00       		.byte	0
 297 006b 00       		.byte	0
 298 006c 08       		.uleb128 0x8
 299 006d 34       		.uleb128 0x34
 300 006e 00       		.byte	0
 301 006f 03       		.uleb128 0x3
 302 0070 0E       		.uleb128 0xe
 303 0071 3A       		.uleb128 0x3a
 304 0072 0B       		.uleb128 0xb
 305 0073 3B       		.uleb128 0x3b
 306 0074 05       		.uleb128 0x5
 307 0075 49       		.uleb128 0x49
 308 0076 13       		.uleb128 0x13
 309 0077 3F       		.uleb128 0x3f
 310 0078 19       		.uleb128 0x19
 311 0079 3C       		.uleb128 0x3c
 312 007a 19       		.uleb128 0x19
 313 007b 00       		.byte	0
 314 007c 00       		.byte	0
 315 007d 09       		.uleb128 0x9
 316 007e 35       		.uleb128 0x35
 317 007f 00       		.byte	0
 318 0080 49       		.uleb128 0x49
ARM GAS  C:\Users\Doug\AppData\Local\Temp\ccWzAXsI.s 			page 7


 319 0081 13       		.uleb128 0x13
 320 0082 00       		.byte	0
 321 0083 00       		.byte	0
 322 0084 0A       		.uleb128 0xa
 323 0085 01       		.uleb128 0x1
 324 0086 01       		.byte	0x1
 325 0087 49       		.uleb128 0x49
 326 0088 13       		.uleb128 0x13
 327 0089 01       		.uleb128 0x1
 328 008a 13       		.uleb128 0x13
 329 008b 00       		.byte	0
 330 008c 00       		.byte	0
 331 008d 0B       		.uleb128 0xb
 332 008e 21       		.uleb128 0x21
 333 008f 00       		.byte	0
 334 0090 49       		.uleb128 0x49
 335 0091 13       		.uleb128 0x13
 336 0092 2F       		.uleb128 0x2f
 337 0093 0B       		.uleb128 0xb
 338 0094 00       		.byte	0
 339 0095 00       		.byte	0
 340 0096 0C       		.uleb128 0xc
 341 0097 34       		.uleb128 0x34
 342 0098 00       		.byte	0
 343 0099 03       		.uleb128 0x3
 344 009a 0E       		.uleb128 0xe
 345 009b 3A       		.uleb128 0x3a
 346 009c 0B       		.uleb128 0xb
 347 009d 3B       		.uleb128 0x3b
 348 009e 0B       		.uleb128 0xb
 349 009f 49       		.uleb128 0x49
 350 00a0 13       		.uleb128 0x13
 351 00a1 3F       		.uleb128 0x3f
 352 00a2 19       		.uleb128 0x19
 353 00a3 02       		.uleb128 0x2
 354 00a4 18       		.uleb128 0x18
 355 00a5 00       		.byte	0
 356 00a6 00       		.byte	0
 357 00a7 0D       		.uleb128 0xd
 358 00a8 2E       		.uleb128 0x2e
 359 00a9 00       		.byte	0
 360 00aa 3F       		.uleb128 0x3f
 361 00ab 19       		.uleb128 0x19
 362 00ac 3C       		.uleb128 0x3c
 363 00ad 19       		.uleb128 0x19
 364 00ae 6E       		.uleb128 0x6e
 365 00af 0E       		.uleb128 0xe
 366 00b0 03       		.uleb128 0x3
 367 00b1 0E       		.uleb128 0xe
 368 00b2 3A       		.uleb128 0x3a
 369 00b3 0B       		.uleb128 0xb
 370 00b4 3B       		.uleb128 0x3b
 371 00b5 0B       		.uleb128 0xb
 372 00b6 00       		.byte	0
 373 00b7 00       		.byte	0
 374 00b8 00       		.byte	0
 375              		.section	.debug_aranges,"",%progbits
ARM GAS  C:\Users\Doug\AppData\Local\Temp\ccWzAXsI.s 			page 8


 376 0000 1C000000 		.4byte	0x1c
 377 0004 0200     		.2byte	0x2
 378 0006 00000000 		.4byte	.Ldebug_info0
 379 000a 04       		.byte	0x4
 380 000b 00       		.byte	0
 381 000c 0000     		.2byte	0
 382 000e 0000     		.2byte	0
 383 0010 00000000 		.4byte	.LFB63
 384 0014 10000000 		.4byte	.LFE63-.LFB63
 385 0018 00000000 		.4byte	0
 386 001c 00000000 		.4byte	0
 387              		.section	.debug_ranges,"",%progbits
 388              	.Ldebug_ranges0:
 389 0000 00000000 		.4byte	.LFB63
 390 0004 10000000 		.4byte	.LFE63
 391 0008 00000000 		.4byte	0
 392 000c 00000000 		.4byte	0
 393              		.section	.debug_line,"",%progbits
 394              	.Ldebug_line0:
 395 0000 59010000 		.section	.debug_str,"MS",%progbits,1
 395      02003F01 
 395      00000201 
 395      FB0E0D00 
 395      01010101 
 396              	.LASF6:
 397 0000 6C6F6E67 		.ascii	"long long int\000"
 397      206C6F6E 
 397      6720696E 
 397      7400
 398              	.LASF3:
 399 000e 73686F72 		.ascii	"short unsigned int\000"
 399      7420756E 
 399      7369676E 
 399      65642069 
 399      6E7400
 400              	.LASF8:
 401 0021 756E7369 		.ascii	"unsigned int\000"
 401      676E6564 
 401      20696E74 
 401      00
 402              	.LASF19:
 403 002e 6D61696E 		.ascii	"main.c\000"
 403      2E6300
 404              	.LASF21:
 405 0035 6D61696E 		.ascii	"main\000"
 405      00
 406              	.LASF18:
 407 003a 474E5520 		.ascii	"GNU C11 5.4.1 20160609 (release) [ARM/embedded-5-br"
 407      43313120 
 407      352E342E 
 407      31203230 
 407      31363036 
 408 006d 616E6368 		.ascii	"anch revision 237715] -mcpu=cortex-m3 -mthumb -g -O"
 408      20726576 
 408      6973696F 
 408      6E203233 
 408      37373135 
ARM GAS  C:\Users\Doug\AppData\Local\Temp\ccWzAXsI.s 			page 9


 409 00a0 67202D66 		.ascii	"g -ffunction-sections -ffat-lto-objects\000"
 409      66756E63 
 409      74696F6E 
 409      2D736563 
 409      74696F6E 
 410              	.LASF5:
 411 00c8 6C6F6E67 		.ascii	"long unsigned int\000"
 411      20756E73 
 411      69676E65 
 411      6420696E 
 411      7400
 412              	.LASF7:
 413 00da 6C6F6E67 		.ascii	"long long unsigned int\000"
 413      206C6F6E 
 413      6720756E 
 413      7369676E 
 413      65642069 
 414              	.LASF22:
 415 00f1 6D61696E 		.ascii	"mainTinyBASIC\000"
 415      54696E79 
 415      42415349 
 415      4300
 416              	.LASF1:
 417 00ff 756E7369 		.ascii	"unsigned char\000"
 417      676E6564 
 417      20636861 
 417      7200
 418              	.LASF13:
 419 010d 63686172 		.ascii	"char\000"
 419      00
 420              	.LASF4:
 421 0112 6C6F6E67 		.ascii	"long int\000"
 421      20696E74 
 421      00
 422              	.LASF12:
 423 011b 646F7562 		.ascii	"double\000"
 423      6C6500
 424              	.LASF20:
 425 0122 433A5C55 		.ascii	"C:\\Users\\Doug\\Documents\\GitHub\\ODAS\\ODAS-PSOC"
 425      73657273 
 425      5C446F75 
 425      675C446F 
 425      63756D65 
 426 014f 355C5072 		.ascii	"5\\Projects\\ODAS-PSOC5-TinyBASIC.cydsn\000"
 426      6F6A6563 
 426      74735C4F 
 426      4441532D 
 426      50534F43 
 427              	.LASF14:
 428 0175 73697A65 		.ascii	"sizetype\000"
 428      74797065 
 428      00
 429              	.LASF16:
 430 017e 49544D5F 		.ascii	"ITM_RxBuffer\000"
 430      52784275 
 430      66666572 
 430      00
ARM GAS  C:\Users\Doug\AppData\Local\Temp\ccWzAXsI.s 			page 10


 431              	.LASF0:
 432 018b 7369676E 		.ascii	"signed char\000"
 432      65642063 
 432      68617200 
 433              	.LASF15:
 434 0197 6C6F6E67 		.ascii	"long double\000"
 434      20646F75 
 434      626C6500 
 435              	.LASF9:
 436 01a3 5F5F696E 		.ascii	"__int32_t\000"
 436      7433325F 
 436      7400
 437              	.LASF11:
 438 01ad 666C6F61 		.ascii	"float\000"
 438      7400
 439              	.LASF2:
 440 01b3 73686F72 		.ascii	"short int\000"
 440      7420696E 
 440      7400
 441              	.LASF10:
 442 01bd 696E7433 		.ascii	"int32_t\000"
 442      325F7400 
 443              	.LASF17:
 444 01c5 6E6F5074 		.ascii	"noPtr\000"
 444      7200
 445              		.ident	"GCC: (GNU Tools for ARM Embedded Processors) 5.4.1 20160609 (release) [ARM/embedded-5-bran
