ARM GAS  C:\Users\DGILLI~1\AppData\Local\Temp\cc4DkRRc.s 			page 1


   1              		.syntax unified
   2              		.cpu cortex-m3
   3              		.fpu softvfp
   4              		.eabi_attribute 20, 1
   5              		.eabi_attribute 21, 1
   6              		.eabi_attribute 23, 3
   7              		.eabi_attribute 24, 1
   8              		.eabi_attribute 25, 1
   9              		.eabi_attribute 26, 1
  10              		.eabi_attribute 30, 1
  11              		.eabi_attribute 34, 1
  12              		.eabi_attribute 18, 4
  13              		.thumb
  14              		.file	"main.c"
  15              		.text
  16              	.Ltext0:
  17              		.cfi_sections	.debug_frame
  18              		.section	.text.toggleLED,"ax",%progbits
  19              		.align	2
  20              		.global	toggleLED
  21              		.thumb
  22              		.thumb_func
  23              		.type	toggleLED, %function
  24              	toggleLED:
  25              	.LFB63:
  26              		.file 1 "main.c"
   1:main.c        **** /* ========================================
   2:main.c        ****  *
   3:main.c        ****  * Copyright YOUR COMPANY, THE YEAR
   4:main.c        ****  * All Rights Reserved
   5:main.c        ****  * UNPUBLISHED, LICENSED SOFTWARE.
   6:main.c        ****  *
   7:main.c        ****  * CONFIDENTIAL AND PROPRIETARY INFORMATION
   8:main.c        ****  * WHICH IS THE PROPERTY OF your company.
   9:main.c        ****  *
  10:main.c        ****  * ========================================
  11:main.c        **** */
  12:main.c        **** 
  13:main.c        **** #include "project.h"
  14:main.c        **** 
  15:main.c        **** #define FREQ        100
  16:main.c        **** #define STARTA      1
  17:main.c        **** #define PWM_WIDTH   1
  18:main.c        **** #define PWM_STEP    4
  19:main.c        **** 
  20:main.c        **** ////////////////////////////////////////////////////////////////
  21:main.c        **** // toggleLED()  Does not work in Rev X1
  22:main.c        **** ////////////////////////////////////////////////////////////////
  23:main.c        **** 
  24:main.c        **** void toggleLED(void)
  25:main.c        **** {
  27              		.loc 1 25 0
  28              		.cfi_startproc
  29              		@ args = 0, pretend = 0, frame = 0
  30              		@ frame_needed = 0, uses_anonymous_args = 0
  31 0000 08B5     		push	{r3, lr}
  32              		.cfi_def_cfa_offset 8
ARM GAS  C:\Users\DGILLI~1\AppData\Local\Temp\cc4DkRRc.s 			page 2


  33              		.cfi_offset 3, -8
  34              		.cfi_offset 14, -4
  26:main.c        ****     Control_Reg_1_Write(Control_Reg_1_Read() | 0x02);
  35              		.loc 1 26 0
  36 0002 FFF7FEFF 		bl	Control_Reg_1_Read
  37              	.LVL0:
  38 0006 40F00200 		orr	r0, r0, #2
  39 000a C0B2     		uxtb	r0, r0
  40 000c FFF7FEFF 		bl	Control_Reg_1_Write
  41              	.LVL1:
  27:main.c        ****     Control_Reg_1_Write(Control_Reg_1_Read() & 0xfd);    
  42              		.loc 1 27 0
  43 0010 FFF7FEFF 		bl	Control_Reg_1_Read
  44              	.LVL2:
  45 0014 00F0FD00 		and	r0, r0, #253
  46 0018 FFF7FEFF 		bl	Control_Reg_1_Write
  47              	.LVL3:
  48 001c 08BD     		pop	{r3, pc}
  49              		.cfi_endproc
  50              	.LFE63:
  51              		.size	toggleLED, .-toggleLED
  52 001e 00BF     		.section	.text.main,"ax",%progbits
  53              		.align	2
  54              		.global	main
  55              		.thumb
  56              		.thumb_func
  57              		.type	main, %function
  58              	main:
  59              	.LFB64:
  28:main.c        **** }
  29:main.c        **** 
  30:main.c        **** uint8 pwmTable[] = {4,8,12,16,20,24,28,32,36,40,44,48,48,48,48,48,48,48,48,48,48,48,48,48,48,48,48,
  31:main.c        **** 
  32:main.c        **** ////////////////////////////////////////////////////////////////
  33:main.c        **** ////////////////////////////////////////////////////////////////
  34:main.c        **** 
  35:main.c        **** enum stateVals_t {STARTUP, TXENA, BURSTIP, BURSTDONE, BURSTWAITFORRESET, BURSTGOTRESET} myState;
  36:main.c        **** 
  37:main.c        **** int main(void)
  38:main.c        **** {
  60              		.loc 1 38 0
  61              		.cfi_startproc
  62              		@ args = 0, pretend = 0, frame = 0
  63              		@ frame_needed = 0, uses_anonymous_args = 0
  64 0000 F8B5     		push	{r3, r4, r5, r6, r7, lr}
  65              		.cfi_def_cfa_offset 24
  66              		.cfi_offset 3, -24
  67              		.cfi_offset 4, -20
  68              		.cfi_offset 5, -16
  69              		.cfi_offset 6, -12
  70              		.cfi_offset 7, -8
  71              		.cfi_offset 14, -4
  72              	.LVL4:
  39:main.c        ****     uint8 lastStatRegValue;
  40:main.c        ****     uint8 currentStatusRegValue;
  41:main.c        ****     uint8 diffBits;
  42:main.c        ****     uint8 burstNumber = 0;
ARM GAS  C:\Users\DGILLI~1\AppData\Local\Temp\cc4DkRRc.s 			page 3


  43:main.c        ****     
  44:main.c        **** 	CyGlobalIntEnable; /* Enable global interrupts. */
  73              		.loc 1 44 0
  74              	@ 44 "main.c" 1
  75 0002 62B6     		CPSIE   i
  76              	@ 0 "" 2
  45:main.c        ****     
  46:main.c        ****     Control_Reg_1_Write(1);
  77              		.loc 1 46 0
  78              		.thumb
  79 0004 0120     		movs	r0, #1
  80 0006 FFF7FEFF 		bl	Control_Reg_1_Write
  81              	.LVL5:
  47:main.c        **** 	Freq_Write(FREQ-1);
  82              		.loc 1 47 0
  83 000a 6320     		movs	r0, #99
  84 000c FFF7FEFF 		bl	Freq_Write
  85              	.LVL6:
  48:main.c        **** 	StartPWMA_Write(STARTA);
  86              		.loc 1 48 0
  87 0010 0120     		movs	r0, #1
  88 0012 FFF7FEFF 		bl	StartPWMA_Write
  89              	.LVL7:
  49:main.c        **** 	EndPWMA_Write(STARTA+1);
  90              		.loc 1 49 0
  91 0016 0220     		movs	r0, #2
  92 0018 FFF7FEFF 		bl	EndPWMA_Write
  93              	.LVL8:
  50:main.c        **** 	StartPWMB_Write(STARTA+((FREQ)/2));
  94              		.loc 1 50 0
  95 001c 3320     		movs	r0, #51
  96 001e FFF7FEFF 		bl	StartPWMB_Write
  97              	.LVL9:
  51:main.c        **** 	EndPWMB_Write(PWM_WIDTH+STARTA+((FREQ)/2));
  98              		.loc 1 51 0
  99 0022 3420     		movs	r0, #52
 100 0024 FFF7FEFF 		bl	EndPWMB_Write
 101              	.LVL10:
  52:main.c        ****     lastStatRegValue = Status_Reg_1_Read() & 0x03;
 102              		.loc 1 52 0
 103 0028 FFF7FEFF 		bl	Status_Reg_1_Read
 104              	.LVL11:
 105 002c 00F00304 		and	r4, r0, #3
 106              	.LVL12:
  53:main.c        **** 	
  54:main.c        ****     myState = STARTUP;
 107              		.loc 1 54 0
 108 0030 0026     		movs	r6, #0
 109 0032 474B     		ldr	r3, .L18
 110 0034 1E70     		strb	r6, [r3]
 111 0036 02E0     		b	.L5
 112              	.LVL13:
 113              	.L15:
  55:main.c        ****     
  56:main.c        **** while(1)
  57:main.c        **** 	{
  58:main.c        ****         switch (myState)
ARM GAS  C:\Users\DGILLI~1\AppData\Local\Temp\cc4DkRRc.s 			page 4


  59:main.c        ****         {
  60:main.c        ****             case STARTUP:
  61:main.c        ****                 toggleLED();
  62:main.c        ****                 myState = TXENA;
  63:main.c        ****                 burstNumber = 0;
  64:main.c        ****             	EndPWMA_Write(STARTA+pwmTable[0]);
  65:main.c        ****                 EndPWMB_Write(pwmTable[0]+STARTA+(FREQ/2));
  66:main.c        ****                 Control_Reg_1_Write(0);       // Un-reset
  67:main.c        ****                 break;
  68:main.c        ****             case TXENA:
  69:main.c        ****                 myState = BURSTIP;
  70:main.c        ****                 TxEnaCtlReg_Write(0x00);
  71:main.c        ****                 CyDelayUs(2);
  72:main.c        ****                 TxEnaCtlReg_Write(0x0f);
  73:main.c        ****                 CyDelayUs(2);
  74:main.c        ****                 TxEnaCtlReg_Write(0x00);
  75:main.c        ****                 break;
  76:main.c        ****             case BURSTIP:
  77:main.c        ****                 currentStatusRegValue = Status_Reg_1_Read() & 0x03;
  78:main.c        ****                 if (currentStatusRegValue != lastStatRegValue)
  79:main.c        ****                     {
  80:main.c        ****                         diffBits = currentStatusRegValue ^ lastStatRegValue;
  81:main.c        ****                         if (((diffBits & 0x2) == 0x2) && ((currentStatusRegValue & 0x2) == 2))  // 
  82:main.c        ****                         {
  83:main.c        ****                            // toggleLED();
  84:main.c        ****             	            EndPWMA_Write(STARTA+pwmTable[burstNumber]-1);
  85:main.c        ****                             burstNumber += 1;
  86:main.c        ****                             if (burstNumber >= 40)
  87:main.c        ****                                 myState = BURSTDONE;
  88:main.c        ****                         }
  89:main.c        ****                         if (((diffBits & 0x1) == 0x1) && ((currentStatusRegValue & 0x1) == 1))  // 
  90:main.c        ****                         {
  91:main.c        ****                             EndPWMB_Write(pwmTable[burstNumber]+STARTA+(FREQ/2));
  92:main.c        ****                         }
  93:main.c        ****                         lastStatRegValue = currentStatusRegValue;
 114              		.loc 1 93 0
 115 0038 2C46     		mov	r4, r5
 116              	.LVL14:
 117 003a 00E0     		b	.L5
 118              	.LVL15:
 119              	.L16:
 120 003c 2C46     		mov	r4, r5
 121              	.LVL16:
 122              	.L5:
  58:main.c        ****         {
 123              		.loc 1 58 0
 124 003e 444B     		ldr	r3, .L18
 125 0040 1B78     		ldrb	r3, [r3]	@ zero_extendqisi2
 126 0042 052B     		cmp	r3, #5
 127 0044 FBD8     		bhi	.L5
 128 0046 DFE803F0 		tbb	[pc, r3]
 129              	.L7:
 130 004a 03       		.byte	(.L6-.L7)/2
 131 004b 18       		.byte	(.L8-.L7)/2
 132 004c 2B       		.byte	(.L9-.L7)/2
 133 004d 53       		.byte	(.L10-.L7)/2
 134 004e 64       		.byte	(.L11-.L7)/2
ARM GAS  C:\Users\DGILLI~1\AppData\Local\Temp\cc4DkRRc.s 			page 5


 135 004f 7A       		.byte	(.L12-.L7)/2
 136              		.p2align 1
 137              	.L6:
  61:main.c        ****                 myState = TXENA;
 138              		.loc 1 61 0
 139 0050 FFF7FEFF 		bl	toggleLED
 140              	.LVL17:
  62:main.c        ****                 burstNumber = 0;
 141              		.loc 1 62 0
 142 0054 0122     		movs	r2, #1
 143 0056 3E4B     		ldr	r3, .L18
 144 0058 1A70     		strb	r2, [r3]
 145              	.LVL18:
  64:main.c        ****                 EndPWMB_Write(pwmTable[0]+STARTA+(FREQ/2));
 146              		.loc 1 64 0
 147 005a 3E4D     		ldr	r5, .L18+4
 148 005c 2878     		ldrb	r0, [r5]	@ zero_extendqisi2
 149 005e 1044     		add	r0, r0, r2
 150 0060 C0B2     		uxtb	r0, r0
 151 0062 FFF7FEFF 		bl	EndPWMA_Write
 152              	.LVL19:
  65:main.c        ****                 Control_Reg_1_Write(0);       // Un-reset
 153              		.loc 1 65 0
 154 0066 2878     		ldrb	r0, [r5]	@ zero_extendqisi2
 155 0068 3330     		adds	r0, r0, #51
 156 006a C0B2     		uxtb	r0, r0
 157 006c FFF7FEFF 		bl	EndPWMB_Write
 158              	.LVL20:
  66:main.c        ****                 break;
 159              		.loc 1 66 0
 160 0070 0020     		movs	r0, #0
 161 0072 FFF7FEFF 		bl	Control_Reg_1_Write
 162              	.LVL21:
  63:main.c        ****             	EndPWMA_Write(STARTA+pwmTable[0]);
 163              		.loc 1 63 0
 164 0076 0026     		movs	r6, #0
  67:main.c        ****             case TXENA:
 165              		.loc 1 67 0
 166 0078 E1E7     		b	.L5
 167              	.LVL22:
 168              	.L8:
  69:main.c        ****                 TxEnaCtlReg_Write(0x00);
 169              		.loc 1 69 0
 170 007a 0225     		movs	r5, #2
 171 007c 344B     		ldr	r3, .L18
 172 007e 1D70     		strb	r5, [r3]
  70:main.c        ****                 CyDelayUs(2);
 173              		.loc 1 70 0
 174 0080 0020     		movs	r0, #0
 175 0082 FFF7FEFF 		bl	TxEnaCtlReg_Write
 176              	.LVL23:
  71:main.c        ****                 TxEnaCtlReg_Write(0x0f);
 177              		.loc 1 71 0
 178 0086 2846     		mov	r0, r5
 179 0088 FFF7FEFF 		bl	CyDelayUs
 180              	.LVL24:
  72:main.c        ****                 CyDelayUs(2);
ARM GAS  C:\Users\DGILLI~1\AppData\Local\Temp\cc4DkRRc.s 			page 6


 181              		.loc 1 72 0
 182 008c 0F20     		movs	r0, #15
 183 008e FFF7FEFF 		bl	TxEnaCtlReg_Write
 184              	.LVL25:
  73:main.c        ****                 TxEnaCtlReg_Write(0x00);
 185              		.loc 1 73 0
 186 0092 2846     		mov	r0, r5
 187 0094 FFF7FEFF 		bl	CyDelayUs
 188              	.LVL26:
  74:main.c        ****                 break;
 189              		.loc 1 74 0
 190 0098 0020     		movs	r0, #0
 191 009a FFF7FEFF 		bl	TxEnaCtlReg_Write
 192              	.LVL27:
  75:main.c        ****             case BURSTIP:
 193              		.loc 1 75 0
 194 009e CEE7     		b	.L5
 195              	.L9:
  77:main.c        ****                 if (currentStatusRegValue != lastStatRegValue)
 196              		.loc 1 77 0
 197 00a0 FFF7FEFF 		bl	Status_Reg_1_Read
 198              	.LVL28:
 199 00a4 0746     		mov	r7, r0
 200 00a6 00F00305 		and	r5, r0, #3
 201              	.LVL29:
  78:main.c        ****                     {
 202              		.loc 1 78 0
 203 00aa A542     		cmp	r5, r4
 204 00ac C7D0     		beq	.L5
  80:main.c        ****                         if (((diffBits & 0x2) == 0x2) && ((currentStatusRegValue & 0x2) == 2))  // 
 205              		.loc 1 80 0
 206 00ae 6C40     		eors	r4, r4, r5
 207              	.LVL30:
 208 00b0 E4B2     		uxtb	r4, r4
 209              	.LVL31:
  81:main.c        ****                         {
 210              		.loc 1 81 0
 211 00b2 14F0020F 		tst	r4, #2
 212 00b6 0DD0     		beq	.L14
  81:main.c        ****                         {
 213              		.loc 1 81 0 is_stmt 0 discriminator 1
 214 00b8 10F0020F 		tst	r0, #2
 215 00bc 0AD0     		beq	.L14
  84:main.c        ****                             burstNumber += 1;
 216              		.loc 1 84 0 is_stmt 1
 217 00be 254B     		ldr	r3, .L18+4
 218 00c0 985D     		ldrb	r0, [r3, r6]	@ zero_extendqisi2
 219 00c2 FFF7FEFF 		bl	EndPWMA_Write
 220              	.LVL32:
  85:main.c        ****                             if (burstNumber >= 40)
 221              		.loc 1 85 0
 222 00c6 0136     		adds	r6, r6, #1
 223              	.LVL33:
 224 00c8 F6B2     		uxtb	r6, r6
 225              	.LVL34:
  86:main.c        ****                                 myState = BURSTDONE;
 226              		.loc 1 86 0
ARM GAS  C:\Users\DGILLI~1\AppData\Local\Temp\cc4DkRRc.s 			page 7


 227 00ca 272E     		cmp	r6, #39
 228 00cc 02D9     		bls	.L14
  87:main.c        ****                         }
 229              		.loc 1 87 0
 230 00ce 0322     		movs	r2, #3
 231 00d0 1F4B     		ldr	r3, .L18
 232 00d2 1A70     		strb	r2, [r3]
 233              	.L14:
  89:main.c        ****                         {
 234              		.loc 1 89 0
 235 00d4 14F0010F 		tst	r4, #1
 236 00d8 AED0     		beq	.L15
  89:main.c        ****                         {
 237              		.loc 1 89 0 is_stmt 0 discriminator 1
 238 00da 17F0010F 		tst	r7, #1
 239 00de ADD0     		beq	.L16
  91:main.c        ****                         }
 240              		.loc 1 91 0 is_stmt 1
 241 00e0 1C4B     		ldr	r3, .L18+4
 242 00e2 985D     		ldrb	r0, [r3, r6]	@ zero_extendqisi2
 243 00e4 3330     		adds	r0, r0, #51
 244 00e6 C0B2     		uxtb	r0, r0
 245 00e8 FFF7FEFF 		bl	EndPWMB_Write
 246              	.LVL35:
 247              		.loc 1 93 0
 248 00ec 2C46     		mov	r4, r5
 249              	.LVL36:
 250 00ee A6E7     		b	.L5
 251              	.LVL37:
 252              	.L10:
  94:main.c        ****                     }
  95:main.c        ****                 break;
  96:main.c        ****             case BURSTDONE:
  97:main.c        ****                 Control_Reg_1_Write(Control_Reg_1_Read() | 0x01);   // Set reset line
 253              		.loc 1 97 0
 254 00f0 FFF7FEFF 		bl	Control_Reg_1_Read
 255              	.LVL38:
 256 00f4 40F00100 		orr	r0, r0, #1
 257 00f8 C0B2     		uxtb	r0, r0
 258 00fa FFF7FEFF 		bl	Control_Reg_1_Write
 259              	.LVL39:
  98:main.c        ****                 TxEnaCtlReg_Write(0x00);                            // Shut off TxEnables
 260              		.loc 1 98 0
 261 00fe 0020     		movs	r0, #0
 262 0100 FFF7FEFF 		bl	TxEnaCtlReg_Write
 263              	.LVL40:
  99:main.c        ****                 myState = BURSTWAITFORRESET;
 264              		.loc 1 99 0
 265 0104 0422     		movs	r2, #4
 266 0106 124B     		ldr	r3, .L18
 267 0108 1A70     		strb	r2, [r3]
 100:main.c        ****                 Control_Reg_2_Write(1);
 268              		.loc 1 100 0
 269 010a 0120     		movs	r0, #1
 270 010c FFF7FEFF 		bl	Control_Reg_2_Write
 271              	.LVL41:
 101:main.c        ****                 break;
ARM GAS  C:\Users\DGILLI~1\AppData\Local\Temp\cc4DkRRc.s 			page 8


 272              		.loc 1 101 0
 273 0110 95E7     		b	.L5
 274              	.L11:
 102:main.c        ****             case BURSTWAITFORRESET:
 103:main.c        ****                 if ((Status_Reg_1_Read() & 0x4) == 0x0)
 275              		.loc 1 103 0
 276 0112 FFF7FEFF 		bl	Status_Reg_1_Read
 277              	.LVL42:
 278 0116 10F0040F 		tst	r0, #4
 279 011a 90D1     		bne	.L5
 280              	.LVL43:
 104:main.c        ****                 {
 105:main.c        ****                     burstNumber = 0;
 106:main.c        ****                     Control_Reg_1_Write(Control_Reg_1_Read() | 0x01);   // Set reset line
 281              		.loc 1 106 0
 282 011c FFF7FEFF 		bl	Control_Reg_1_Read
 283              	.LVL44:
 284 0120 40F00100 		orr	r0, r0, #1
 285 0124 C0B2     		uxtb	r0, r0
 286 0126 FFF7FEFF 		bl	Control_Reg_1_Write
 287              	.LVL45:
 107:main.c        ****                     toggleLED();
 288              		.loc 1 107 0
 289 012a FFF7FEFF 		bl	toggleLED
 290              	.LVL46:
 108:main.c        ****                     CyDelay(10);
 291              		.loc 1 108 0
 292 012e 0A20     		movs	r0, #10
 293 0130 FFF7FEFF 		bl	CyDelay
 294              	.LVL47:
 109:main.c        ****                     myState = BURSTGOTRESET;
 295              		.loc 1 109 0
 296 0134 0522     		movs	r2, #5
 297 0136 064B     		ldr	r3, .L18
 298 0138 1A70     		strb	r2, [r3]
 105:main.c        ****                     Control_Reg_1_Write(Control_Reg_1_Read() | 0x01);   // Set reset line
 299              		.loc 1 105 0
 300 013a 0026     		movs	r6, #0
 301 013c 7FE7     		b	.L5
 302              	.LVL48:
 303              	.L12:
 110:main.c        ****                 }
 111:main.c        ****                 break;
 112:main.c        ****             case BURSTGOTRESET:
 113:main.c        ****                 while ((Status_Reg_1_Read() & 0x4) == 0x0);
 304              		.loc 1 113 0 discriminator 1
 305 013e FFF7FEFF 		bl	Status_Reg_1_Read
 306              	.LVL49:
 307 0142 10F0040F 		tst	r0, #4
 308 0146 FAD0     		beq	.L12
 114:main.c        ****                 myState = STARTUP;
 309              		.loc 1 114 0
 310 0148 0022     		movs	r2, #0
 311 014a 014B     		ldr	r3, .L18
 312 014c 1A70     		strb	r2, [r3]
 115:main.c        ****                 break;
 313              		.loc 1 115 0
ARM GAS  C:\Users\DGILLI~1\AppData\Local\Temp\cc4DkRRc.s 			page 9


 314 014e 76E7     		b	.L5
 315              	.L19:
 316              		.align	2
 317              	.L18:
 318 0150 00000000 		.word	myState
 319 0154 00000000 		.word	.LANCHOR0
 320              		.cfi_endproc
 321              	.LFE64:
 322              		.size	main, .-main
 323              		.comm	myState,1,1
 324              		.global	pwmTable
 325              		.data
 326              		.align	2
 327              		.set	.LANCHOR0,. + 0
 328              		.type	pwmTable, %object
 329              		.size	pwmTable, 43
 330              	pwmTable:
 331 0000 04       		.byte	4
 332 0001 08       		.byte	8
 333 0002 0C       		.byte	12
 334 0003 10       		.byte	16
 335 0004 14       		.byte	20
 336 0005 18       		.byte	24
 337 0006 1C       		.byte	28
 338 0007 20       		.byte	32
 339 0008 24       		.byte	36
 340 0009 28       		.byte	40
 341 000a 2C       		.byte	44
 342 000b 30       		.byte	48
 343 000c 30       		.byte	48
 344 000d 30       		.byte	48
 345 000e 30       		.byte	48
 346 000f 30       		.byte	48
 347 0010 30       		.byte	48
 348 0011 30       		.byte	48
 349 0012 30       		.byte	48
 350 0013 30       		.byte	48
 351 0014 30       		.byte	48
 352 0015 30       		.byte	48
 353 0016 30       		.byte	48
 354 0017 30       		.byte	48
 355 0018 30       		.byte	48
 356 0019 30       		.byte	48
 357 001a 30       		.byte	48
 358 001b 30       		.byte	48
 359 001c 30       		.byte	48
 360 001d 30       		.byte	48
 361 001e 30       		.byte	48
 362 001f 30       		.byte	48
 363 0020 28       		.byte	40
 364 0021 24       		.byte	36
 365 0022 20       		.byte	32
 366 0023 1C       		.byte	28
 367 0024 18       		.byte	24
 368 0025 14       		.byte	20
 369 0026 10       		.byte	16
 370 0027 0C       		.byte	12
ARM GAS  C:\Users\DGILLI~1\AppData\Local\Temp\cc4DkRRc.s 			page 10


 371 0028 08       		.byte	8
 372 0029 04       		.byte	4
 373 002a 00       		.byte	0
 374 002b 00       		.text
 375              	.Letext0:
 376              		.file 2 "c:\\program files (x86)\\cypress\\psoc creator\\4.0\\psoc creator\\import\\gnu\\arm\\4.9.
 377              		.file 3 "c:\\program files (x86)\\cypress\\psoc creator\\4.0\\psoc creator\\import\\gnu\\arm\\4.9.
 378              		.file 4 "Generated_Source\\PSoC5/cytypes.h"
 379              		.file 5 "Generated_Source\\PSoC5/core_cm3.h"
 380              		.file 6 "Generated_Source\\PSoC5/Control_Reg_1.h"
 381              		.file 7 "Generated_Source\\PSoC5/Freq.h"
 382              		.file 8 "Generated_Source\\PSoC5/StartPWMA.h"
 383              		.file 9 "Generated_Source\\PSoC5/EndPWMA.h"
 384              		.file 10 "Generated_Source\\PSoC5/StartPWMB.h"
 385              		.file 11 "Generated_Source\\PSoC5/EndPWMB.h"
 386              		.file 12 "Generated_Source\\PSoC5/Status_Reg_1.h"
 387              		.file 13 "Generated_Source\\PSoC5/TxEnaCtlReg.h"
 388              		.file 14 "Generated_Source\\PSoC5/CyLib.h"
 389              		.file 15 "Generated_Source\\PSoC5/Control_Reg_2.h"
 390              		.section	.debug_info,"",%progbits
 391              	.Ldebug_info0:
 392 0000 1E040000 		.4byte	0x41e
 393 0004 0400     		.2byte	0x4
 394 0006 00000000 		.4byte	.Ldebug_abbrev0
 395 000a 04       		.byte	0x4
 396 000b 01       		.uleb128 0x1
 397 000c 1C010000 		.4byte	.LASF42
 398 0010 01       		.byte	0x1
 399 0011 44020000 		.4byte	.LASF43
 400 0015 72020000 		.4byte	.LASF44
 401 0019 00000000 		.4byte	.Ldebug_ranges0+0
 402 001d 00000000 		.4byte	0
 403 0021 00000000 		.4byte	.Ldebug_line0
 404 0025 02       		.uleb128 0x2
 405 0026 01       		.byte	0x1
 406 0027 06       		.byte	0x6
 407 0028 DD020000 		.4byte	.LASF0
 408 002c 02       		.uleb128 0x2
 409 002d 01       		.byte	0x1
 410 002e 08       		.byte	0x8
 411 002f 7D000000 		.4byte	.LASF1
 412 0033 02       		.uleb128 0x2
 413 0034 02       		.byte	0x2
 414 0035 05       		.byte	0x5
 415 0036 58020000 		.4byte	.LASF2
 416 003a 02       		.uleb128 0x2
 417 003b 02       		.byte	0x2
 418 003c 07       		.byte	0x7
 419 003d E9020000 		.4byte	.LASF3
 420 0041 03       		.uleb128 0x3
 421 0042 3B000000 		.4byte	.LASF9
 422 0046 02       		.byte	0x2
 423 0047 3F       		.byte	0x3f
 424 0048 4C000000 		.4byte	0x4c
 425 004c 02       		.uleb128 0x2
 426 004d 04       		.byte	0x4
 427 004e 05       		.byte	0x5
ARM GAS  C:\Users\DGILLI~1\AppData\Local\Temp\cc4DkRRc.s 			page 11


 428 004f D4020000 		.4byte	.LASF4
 429 0053 02       		.uleb128 0x2
 430 0054 04       		.byte	0x4
 431 0055 07       		.byte	0x7
 432 0056 AD000000 		.4byte	.LASF5
 433 005a 02       		.uleb128 0x2
 434 005b 08       		.byte	0x8
 435 005c 05       		.byte	0x5
 436 005d 24020000 		.4byte	.LASF6
 437 0061 02       		.uleb128 0x2
 438 0062 08       		.byte	0x8
 439 0063 07       		.byte	0x7
 440 0064 C9010000 		.4byte	.LASF7
 441 0068 04       		.uleb128 0x4
 442 0069 04       		.byte	0x4
 443 006a 05       		.byte	0x5
 444 006b 696E7400 		.ascii	"int\000"
 445 006f 02       		.uleb128 0x2
 446 0070 04       		.byte	0x4
 447 0071 07       		.byte	0x7
 448 0072 BC010000 		.4byte	.LASF8
 449 0076 03       		.uleb128 0x3
 450 0077 FF010000 		.4byte	.LASF10
 451 007b 03       		.byte	0x3
 452 007c 2C       		.byte	0x2c
 453 007d 41000000 		.4byte	0x41
 454 0081 05       		.uleb128 0x5
 455 0082 6C020000 		.4byte	.LASF11
 456 0086 04       		.byte	0x4
 457 0087 9201     		.2byte	0x192
 458 0089 2C000000 		.4byte	0x2c
 459 008d 05       		.uleb128 0x5
 460 008e F1000000 		.4byte	.LASF12
 461 0092 04       		.byte	0x4
 462 0093 9301     		.2byte	0x193
 463 0095 3A000000 		.4byte	0x3a
 464 0099 05       		.uleb128 0x5
 465 009a 15010000 		.4byte	.LASF13
 466 009e 04       		.byte	0x4
 467 009f 9401     		.2byte	0x194
 468 00a1 53000000 		.4byte	0x53
 469 00a5 02       		.uleb128 0x2
 470 00a6 04       		.byte	0x4
 471 00a7 04       		.byte	0x4
 472 00a8 77000000 		.4byte	.LASF14
 473 00ac 02       		.uleb128 0x2
 474 00ad 08       		.byte	0x8
 475 00ae 04       		.byte	0x4
 476 00af EA000000 		.4byte	.LASF15
 477 00b3 02       		.uleb128 0x2
 478 00b4 01       		.byte	0x1
 479 00b5 08       		.byte	0x8
 480 00b6 4B020000 		.4byte	.LASF16
 481 00ba 02       		.uleb128 0x2
 482 00bb 04       		.byte	0x4
 483 00bc 07       		.byte	0x7
 484 00bd 07020000 		.4byte	.LASF17
ARM GAS  C:\Users\DGILLI~1\AppData\Local\Temp\cc4DkRRc.s 			page 12


 485 00c1 06       		.uleb128 0x6
 486 00c2 00000000 		.4byte	.LASF45
 487 00c6 01       		.byte	0x1
 488 00c7 01       		.byte	0x1
 489 00c8 23       		.byte	0x23
 490 00c9 F2000000 		.4byte	0xf2
 491 00cd 07       		.uleb128 0x7
 492 00ce 0C000000 		.4byte	.LASF18
 493 00d2 00       		.sleb128 0
 494 00d3 07       		.uleb128 0x7
 495 00d4 F4010000 		.4byte	.LASF19
 496 00d8 01       		.sleb128 1
 497 00d9 07       		.uleb128 0x7
 498 00da 50020000 		.4byte	.LASF20
 499 00de 02       		.sleb128 2
 500 00df 07       		.uleb128 0x7
 501 00e0 62020000 		.4byte	.LASF21
 502 00e4 03       		.sleb128 3
 503 00e5 07       		.uleb128 0x7
 504 00e6 9B000000 		.4byte	.LASF22
 505 00ea 04       		.sleb128 4
 506 00eb 07       		.uleb128 0x7
 507 00ec DC000000 		.4byte	.LASF23
 508 00f0 05       		.sleb128 5
 509 00f1 00       		.byte	0
 510 00f2 08       		.uleb128 0x8
 511 00f3 F8000000 		.4byte	.LASF46
 512 00f7 01       		.byte	0x1
 513 00f8 18       		.byte	0x18
 514 00f9 00000000 		.4byte	.LFB63
 515 00fd 1E000000 		.4byte	.LFE63-.LFB63
 516 0101 01       		.uleb128 0x1
 517 0102 9C       		.byte	0x9c
 518 0103 2C010000 		.4byte	0x12c
 519 0107 09       		.uleb128 0x9
 520 0108 06000000 		.4byte	.LVL0
 521 010c 65030000 		.4byte	0x365
 522 0110 09       		.uleb128 0x9
 523 0111 10000000 		.4byte	.LVL1
 524 0115 70030000 		.4byte	0x370
 525 0119 09       		.uleb128 0x9
 526 011a 14000000 		.4byte	.LVL2
 527 011e 65030000 		.4byte	0x365
 528 0122 09       		.uleb128 0x9
 529 0123 1C000000 		.4byte	.LVL3
 530 0127 70030000 		.4byte	0x370
 531 012b 00       		.byte	0
 532 012c 0A       		.uleb128 0xa
 533 012d FA010000 		.4byte	.LASF47
 534 0131 01       		.byte	0x1
 535 0132 25       		.byte	0x25
 536 0133 68000000 		.4byte	0x68
 537 0137 00000000 		.4byte	.LFB64
 538 013b 58010000 		.4byte	.LFE64-.LFB64
 539 013f 01       		.uleb128 0x1
 540 0140 9C       		.byte	0x9c
 541 0141 22030000 		.4byte	0x322
ARM GAS  C:\Users\DGILLI~1\AppData\Local\Temp\cc4DkRRc.s 			page 13


 542 0145 0B       		.uleb128 0xb
 543 0146 2A000000 		.4byte	.LASF24
 544 014a 01       		.byte	0x1
 545 014b 27       		.byte	0x27
 546 014c 81000000 		.4byte	0x81
 547 0150 00000000 		.4byte	.LLST0
 548 0154 0B       		.uleb128 0xb
 549 0155 61000000 		.4byte	.LASF25
 550 0159 01       		.byte	0x1
 551 015a 28       		.byte	0x28
 552 015b 81000000 		.4byte	0x81
 553 015f 29000000 		.4byte	.LLST1
 554 0163 0B       		.uleb128 0xb
 555 0164 02010000 		.4byte	.LASF26
 556 0168 01       		.byte	0x1
 557 0169 29       		.byte	0x29
 558 016a 81000000 		.4byte	0x81
 559 016e 47000000 		.4byte	.LLST2
 560 0172 0B       		.uleb128 0xb
 561 0173 15030000 		.4byte	.LASF27
 562 0177 01       		.byte	0x1
 563 0178 2A       		.byte	0x2a
 564 0179 81000000 		.4byte	0x81
 565 017d 70000000 		.4byte	.LLST3
 566 0181 0C       		.uleb128 0xc
 567 0182 0A000000 		.4byte	.LVL5
 568 0186 70030000 		.4byte	0x370
 569 018a 94010000 		.4byte	0x194
 570 018e 0D       		.uleb128 0xd
 571 018f 01       		.uleb128 0x1
 572 0190 50       		.byte	0x50
 573 0191 01       		.uleb128 0x1
 574 0192 31       		.byte	0x31
 575 0193 00       		.byte	0
 576 0194 0C       		.uleb128 0xc
 577 0195 10000000 		.4byte	.LVL6
 578 0199 81030000 		.4byte	0x381
 579 019d A8010000 		.4byte	0x1a8
 580 01a1 0D       		.uleb128 0xd
 581 01a2 01       		.uleb128 0x1
 582 01a3 50       		.byte	0x50
 583 01a4 02       		.uleb128 0x2
 584 01a5 08       		.byte	0x8
 585 01a6 63       		.byte	0x63
 586 01a7 00       		.byte	0
 587 01a8 0C       		.uleb128 0xc
 588 01a9 16000000 		.4byte	.LVL7
 589 01ad 92030000 		.4byte	0x392
 590 01b1 BB010000 		.4byte	0x1bb
 591 01b5 0D       		.uleb128 0xd
 592 01b6 01       		.uleb128 0x1
 593 01b7 50       		.byte	0x50
 594 01b8 01       		.uleb128 0x1
 595 01b9 31       		.byte	0x31
 596 01ba 00       		.byte	0
 597 01bb 0C       		.uleb128 0xc
 598 01bc 1C000000 		.4byte	.LVL8
ARM GAS  C:\Users\DGILLI~1\AppData\Local\Temp\cc4DkRRc.s 			page 14


 599 01c0 A3030000 		.4byte	0x3a3
 600 01c4 CE010000 		.4byte	0x1ce
 601 01c8 0D       		.uleb128 0xd
 602 01c9 01       		.uleb128 0x1
 603 01ca 50       		.byte	0x50
 604 01cb 01       		.uleb128 0x1
 605 01cc 32       		.byte	0x32
 606 01cd 00       		.byte	0
 607 01ce 0C       		.uleb128 0xc
 608 01cf 22000000 		.4byte	.LVL9
 609 01d3 B4030000 		.4byte	0x3b4
 610 01d7 E2010000 		.4byte	0x1e2
 611 01db 0D       		.uleb128 0xd
 612 01dc 01       		.uleb128 0x1
 613 01dd 50       		.byte	0x50
 614 01de 02       		.uleb128 0x2
 615 01df 08       		.byte	0x8
 616 01e0 33       		.byte	0x33
 617 01e1 00       		.byte	0
 618 01e2 0C       		.uleb128 0xc
 619 01e3 28000000 		.4byte	.LVL10
 620 01e7 C5030000 		.4byte	0x3c5
 621 01eb F6010000 		.4byte	0x1f6
 622 01ef 0D       		.uleb128 0xd
 623 01f0 01       		.uleb128 0x1
 624 01f1 50       		.byte	0x50
 625 01f2 02       		.uleb128 0x2
 626 01f3 08       		.byte	0x8
 627 01f4 34       		.byte	0x34
 628 01f5 00       		.byte	0
 629 01f6 09       		.uleb128 0x9
 630 01f7 2C000000 		.4byte	.LVL11
 631 01fb D6030000 		.4byte	0x3d6
 632 01ff 09       		.uleb128 0x9
 633 0200 54000000 		.4byte	.LVL17
 634 0204 F2000000 		.4byte	0xf2
 635 0208 09       		.uleb128 0x9
 636 0209 66000000 		.4byte	.LVL19
 637 020d A3030000 		.4byte	0x3a3
 638 0211 09       		.uleb128 0x9
 639 0212 70000000 		.4byte	.LVL20
 640 0216 C5030000 		.4byte	0x3c5
 641 021a 0C       		.uleb128 0xc
 642 021b 76000000 		.4byte	.LVL21
 643 021f 70030000 		.4byte	0x370
 644 0223 2D020000 		.4byte	0x22d
 645 0227 0D       		.uleb128 0xd
 646 0228 01       		.uleb128 0x1
 647 0229 50       		.byte	0x50
 648 022a 01       		.uleb128 0x1
 649 022b 30       		.byte	0x30
 650 022c 00       		.byte	0
 651 022d 0C       		.uleb128 0xc
 652 022e 86000000 		.4byte	.LVL23
 653 0232 E1030000 		.4byte	0x3e1
 654 0236 40020000 		.4byte	0x240
 655 023a 0D       		.uleb128 0xd
ARM GAS  C:\Users\DGILLI~1\AppData\Local\Temp\cc4DkRRc.s 			page 15


 656 023b 01       		.uleb128 0x1
 657 023c 50       		.byte	0x50
 658 023d 01       		.uleb128 0x1
 659 023e 30       		.byte	0x30
 660 023f 00       		.byte	0
 661 0240 0C       		.uleb128 0xc
 662 0241 8C000000 		.4byte	.LVL24
 663 0245 F2030000 		.4byte	0x3f2
 664 0249 54020000 		.4byte	0x254
 665 024d 0D       		.uleb128 0xd
 666 024e 01       		.uleb128 0x1
 667 024f 50       		.byte	0x50
 668 0250 02       		.uleb128 0x2
 669 0251 75       		.byte	0x75
 670 0252 00       		.sleb128 0
 671 0253 00       		.byte	0
 672 0254 0C       		.uleb128 0xc
 673 0255 92000000 		.4byte	.LVL25
 674 0259 E1030000 		.4byte	0x3e1
 675 025d 67020000 		.4byte	0x267
 676 0261 0D       		.uleb128 0xd
 677 0262 01       		.uleb128 0x1
 678 0263 50       		.byte	0x50
 679 0264 01       		.uleb128 0x1
 680 0265 3F       		.byte	0x3f
 681 0266 00       		.byte	0
 682 0267 0C       		.uleb128 0xc
 683 0268 98000000 		.4byte	.LVL26
 684 026c F2030000 		.4byte	0x3f2
 685 0270 7B020000 		.4byte	0x27b
 686 0274 0D       		.uleb128 0xd
 687 0275 01       		.uleb128 0x1
 688 0276 50       		.byte	0x50
 689 0277 02       		.uleb128 0x2
 690 0278 75       		.byte	0x75
 691 0279 00       		.sleb128 0
 692 027a 00       		.byte	0
 693 027b 0C       		.uleb128 0xc
 694 027c 9E000000 		.4byte	.LVL27
 695 0280 E1030000 		.4byte	0x3e1
 696 0284 8E020000 		.4byte	0x28e
 697 0288 0D       		.uleb128 0xd
 698 0289 01       		.uleb128 0x1
 699 028a 50       		.byte	0x50
 700 028b 01       		.uleb128 0x1
 701 028c 30       		.byte	0x30
 702 028d 00       		.byte	0
 703 028e 09       		.uleb128 0x9
 704 028f A4000000 		.4byte	.LVL28
 705 0293 D6030000 		.4byte	0x3d6
 706 0297 09       		.uleb128 0x9
 707 0298 C6000000 		.4byte	.LVL32
 708 029c A3030000 		.4byte	0x3a3
 709 02a0 09       		.uleb128 0x9
 710 02a1 EC000000 		.4byte	.LVL35
 711 02a5 C5030000 		.4byte	0x3c5
 712 02a9 09       		.uleb128 0x9
ARM GAS  C:\Users\DGILLI~1\AppData\Local\Temp\cc4DkRRc.s 			page 16


 713 02aa F4000000 		.4byte	.LVL38
 714 02ae 65030000 		.4byte	0x365
 715 02b2 09       		.uleb128 0x9
 716 02b3 FE000000 		.4byte	.LVL39
 717 02b7 70030000 		.4byte	0x370
 718 02bb 0C       		.uleb128 0xc
 719 02bc 04010000 		.4byte	.LVL40
 720 02c0 E1030000 		.4byte	0x3e1
 721 02c4 CE020000 		.4byte	0x2ce
 722 02c8 0D       		.uleb128 0xd
 723 02c9 01       		.uleb128 0x1
 724 02ca 50       		.byte	0x50
 725 02cb 01       		.uleb128 0x1
 726 02cc 30       		.byte	0x30
 727 02cd 00       		.byte	0
 728 02ce 0C       		.uleb128 0xc
 729 02cf 10010000 		.4byte	.LVL41
 730 02d3 03040000 		.4byte	0x403
 731 02d7 E1020000 		.4byte	0x2e1
 732 02db 0D       		.uleb128 0xd
 733 02dc 01       		.uleb128 0x1
 734 02dd 50       		.byte	0x50
 735 02de 01       		.uleb128 0x1
 736 02df 31       		.byte	0x31
 737 02e0 00       		.byte	0
 738 02e1 09       		.uleb128 0x9
 739 02e2 16010000 		.4byte	.LVL42
 740 02e6 D6030000 		.4byte	0x3d6
 741 02ea 09       		.uleb128 0x9
 742 02eb 20010000 		.4byte	.LVL44
 743 02ef 65030000 		.4byte	0x365
 744 02f3 09       		.uleb128 0x9
 745 02f4 2A010000 		.4byte	.LVL45
 746 02f8 70030000 		.4byte	0x370
 747 02fc 09       		.uleb128 0x9
 748 02fd 2E010000 		.4byte	.LVL46
 749 0301 F2000000 		.4byte	0xf2
 750 0305 0C       		.uleb128 0xc
 751 0306 34010000 		.4byte	.LVL47
 752 030a 14040000 		.4byte	0x414
 753 030e 18030000 		.4byte	0x318
 754 0312 0D       		.uleb128 0xd
 755 0313 01       		.uleb128 0x1
 756 0314 50       		.byte	0x50
 757 0315 01       		.uleb128 0x1
 758 0316 3A       		.byte	0x3a
 759 0317 00       		.byte	0
 760 0318 09       		.uleb128 0x9
 761 0319 42010000 		.4byte	.LVL49
 762 031d D6030000 		.4byte	0x3d6
 763 0321 00       		.byte	0
 764 0322 0E       		.uleb128 0xe
 765 0323 CF000000 		.4byte	.LASF28
 766 0327 05       		.byte	0x5
 767 0328 9606     		.2byte	0x696
 768 032a 2E030000 		.4byte	0x32e
 769 032e 0F       		.uleb128 0xf
ARM GAS  C:\Users\DGILLI~1\AppData\Local\Temp\cc4DkRRc.s 			page 17


 770 032f 76000000 		.4byte	0x76
 771 0333 10       		.uleb128 0x10
 772 0334 81000000 		.4byte	0x81
 773 0338 43030000 		.4byte	0x343
 774 033c 11       		.uleb128 0x11
 775 033d BA000000 		.4byte	0xba
 776 0341 2A       		.byte	0x2a
 777 0342 00       		.byte	0
 778 0343 12       		.uleb128 0x12
 779 0344 58000000 		.4byte	.LASF29
 780 0348 01       		.byte	0x1
 781 0349 1E       		.byte	0x1e
 782 034a 33030000 		.4byte	0x333
 783 034e 05       		.uleb128 0x5
 784 034f 03       		.byte	0x3
 785 0350 00000000 		.4byte	pwmTable
 786 0354 12       		.uleb128 0x12
 787 0355 22000000 		.4byte	.LASF30
 788 0359 01       		.byte	0x1
 789 035a 23       		.byte	0x23
 790 035b C1000000 		.4byte	0xc1
 791 035f 05       		.uleb128 0x5
 792 0360 03       		.byte	0x3
 793 0361 00000000 		.4byte	myState
 794 0365 13       		.uleb128 0x13
 795 0366 45000000 		.4byte	.LASF37
 796 036a 06       		.byte	0x6
 797 036b 28       		.byte	0x28
 798 036c 81000000 		.4byte	0x81
 799 0370 14       		.uleb128 0x14
 800 0371 E0010000 		.4byte	.LASF31
 801 0375 06       		.byte	0x6
 802 0376 27       		.byte	0x27
 803 0377 81030000 		.4byte	0x381
 804 037b 15       		.uleb128 0x15
 805 037c 81000000 		.4byte	0x81
 806 0380 00       		.byte	0
 807 0381 14       		.uleb128 0x14
 808 0382 0A030000 		.4byte	.LASF32
 809 0386 07       		.byte	0x7
 810 0387 27       		.byte	0x27
 811 0388 92030000 		.4byte	0x392
 812 038c 15       		.uleb128 0x15
 813 038d 81000000 		.4byte	0x81
 814 0391 00       		.byte	0
 815 0392 14       		.uleb128 0x14
 816 0393 BF000000 		.4byte	.LASF33
 817 0397 08       		.byte	0x8
 818 0398 27       		.byte	0x27
 819 0399 A3030000 		.4byte	0x3a3
 820 039d 15       		.uleb128 0x15
 821 039e 81000000 		.4byte	0x81
 822 03a2 00       		.byte	0
 823 03a3 14       		.uleb128 0x14
 824 03a4 FC020000 		.4byte	.LASF34
 825 03a8 09       		.byte	0x9
 826 03a9 27       		.byte	0x27
ARM GAS  C:\Users\DGILLI~1\AppData\Local\Temp\cc4DkRRc.s 			page 18


 827 03aa B4030000 		.4byte	0x3b4
 828 03ae 15       		.uleb128 0x15
 829 03af 81000000 		.4byte	0x81
 830 03b3 00       		.byte	0
 831 03b4 14       		.uleb128 0x14
 832 03b5 8B000000 		.4byte	.LASF35
 833 03b9 0A       		.byte	0xa
 834 03ba 27       		.byte	0x27
 835 03bb C5030000 		.4byte	0x3c5
 836 03bf 15       		.uleb128 0x15
 837 03c0 81000000 		.4byte	0x81
 838 03c4 00       		.byte	0
 839 03c5 14       		.uleb128 0x14
 840 03c6 14000000 		.4byte	.LASF36
 841 03ca 0B       		.byte	0xb
 842 03cb 27       		.byte	0x27
 843 03cc D6030000 		.4byte	0x3d6
 844 03d0 15       		.uleb128 0x15
 845 03d1 81000000 		.4byte	0x81
 846 03d5 00       		.byte	0
 847 03d6 13       		.uleb128 0x13
 848 03d7 32020000 		.4byte	.LASF38
 849 03db 0C       		.byte	0xc
 850 03dc 28       		.byte	0x28
 851 03dd 81000000 		.4byte	0x81
 852 03e1 14       		.uleb128 0x14
 853 03e2 AA010000 		.4byte	.LASF39
 854 03e6 0D       		.byte	0xd
 855 03e7 27       		.byte	0x27
 856 03e8 F2030000 		.4byte	0x3f2
 857 03ec 15       		.uleb128 0x15
 858 03ed 81000000 		.4byte	0x81
 859 03f1 00       		.byte	0
 860 03f2 14       		.uleb128 0x14
 861 03f3 0B010000 		.4byte	.LASF40
 862 03f7 0E       		.byte	0xe
 863 03f8 77       		.byte	0x77
 864 03f9 03040000 		.4byte	0x403
 865 03fd 15       		.uleb128 0x15
 866 03fe 8D000000 		.4byte	0x8d
 867 0402 00       		.byte	0
 868 0403 14       		.uleb128 0x14
 869 0404 10020000 		.4byte	.LASF41
 870 0408 0F       		.byte	0xf
 871 0409 27       		.byte	0x27
 872 040a 14040000 		.4byte	0x414
 873 040e 15       		.uleb128 0x15
 874 040f 81000000 		.4byte	0x81
 875 0413 00       		.byte	0
 876 0414 16       		.uleb128 0x16
 877 0415 21030000 		.4byte	.LASF48
 878 0419 0E       		.byte	0xe
 879 041a 76       		.byte	0x76
 880 041b 15       		.uleb128 0x15
 881 041c 99000000 		.4byte	0x99
 882 0420 00       		.byte	0
 883 0421 00       		.byte	0
ARM GAS  C:\Users\DGILLI~1\AppData\Local\Temp\cc4DkRRc.s 			page 19


 884              		.section	.debug_abbrev,"",%progbits
 885              	.Ldebug_abbrev0:
 886 0000 01       		.uleb128 0x1
 887 0001 11       		.uleb128 0x11
 888 0002 01       		.byte	0x1
 889 0003 25       		.uleb128 0x25
 890 0004 0E       		.uleb128 0xe
 891 0005 13       		.uleb128 0x13
 892 0006 0B       		.uleb128 0xb
 893 0007 03       		.uleb128 0x3
 894 0008 0E       		.uleb128 0xe
 895 0009 1B       		.uleb128 0x1b
 896 000a 0E       		.uleb128 0xe
 897 000b 55       		.uleb128 0x55
 898 000c 17       		.uleb128 0x17
 899 000d 11       		.uleb128 0x11
 900 000e 01       		.uleb128 0x1
 901 000f 10       		.uleb128 0x10
 902 0010 17       		.uleb128 0x17
 903 0011 00       		.byte	0
 904 0012 00       		.byte	0
 905 0013 02       		.uleb128 0x2
 906 0014 24       		.uleb128 0x24
 907 0015 00       		.byte	0
 908 0016 0B       		.uleb128 0xb
 909 0017 0B       		.uleb128 0xb
 910 0018 3E       		.uleb128 0x3e
 911 0019 0B       		.uleb128 0xb
 912 001a 03       		.uleb128 0x3
 913 001b 0E       		.uleb128 0xe
 914 001c 00       		.byte	0
 915 001d 00       		.byte	0
 916 001e 03       		.uleb128 0x3
 917 001f 16       		.uleb128 0x16
 918 0020 00       		.byte	0
 919 0021 03       		.uleb128 0x3
 920 0022 0E       		.uleb128 0xe
 921 0023 3A       		.uleb128 0x3a
 922 0024 0B       		.uleb128 0xb
 923 0025 3B       		.uleb128 0x3b
 924 0026 0B       		.uleb128 0xb
 925 0027 49       		.uleb128 0x49
 926 0028 13       		.uleb128 0x13
 927 0029 00       		.byte	0
 928 002a 00       		.byte	0
 929 002b 04       		.uleb128 0x4
 930 002c 24       		.uleb128 0x24
 931 002d 00       		.byte	0
 932 002e 0B       		.uleb128 0xb
 933 002f 0B       		.uleb128 0xb
 934 0030 3E       		.uleb128 0x3e
 935 0031 0B       		.uleb128 0xb
 936 0032 03       		.uleb128 0x3
 937 0033 08       		.uleb128 0x8
 938 0034 00       		.byte	0
 939 0035 00       		.byte	0
 940 0036 05       		.uleb128 0x5
ARM GAS  C:\Users\DGILLI~1\AppData\Local\Temp\cc4DkRRc.s 			page 20


 941 0037 16       		.uleb128 0x16
 942 0038 00       		.byte	0
 943 0039 03       		.uleb128 0x3
 944 003a 0E       		.uleb128 0xe
 945 003b 3A       		.uleb128 0x3a
 946 003c 0B       		.uleb128 0xb
 947 003d 3B       		.uleb128 0x3b
 948 003e 05       		.uleb128 0x5
 949 003f 49       		.uleb128 0x49
 950 0040 13       		.uleb128 0x13
 951 0041 00       		.byte	0
 952 0042 00       		.byte	0
 953 0043 06       		.uleb128 0x6
 954 0044 04       		.uleb128 0x4
 955 0045 01       		.byte	0x1
 956 0046 03       		.uleb128 0x3
 957 0047 0E       		.uleb128 0xe
 958 0048 0B       		.uleb128 0xb
 959 0049 0B       		.uleb128 0xb
 960 004a 3A       		.uleb128 0x3a
 961 004b 0B       		.uleb128 0xb
 962 004c 3B       		.uleb128 0x3b
 963 004d 0B       		.uleb128 0xb
 964 004e 01       		.uleb128 0x1
 965 004f 13       		.uleb128 0x13
 966 0050 00       		.byte	0
 967 0051 00       		.byte	0
 968 0052 07       		.uleb128 0x7
 969 0053 28       		.uleb128 0x28
 970 0054 00       		.byte	0
 971 0055 03       		.uleb128 0x3
 972 0056 0E       		.uleb128 0xe
 973 0057 1C       		.uleb128 0x1c
 974 0058 0D       		.uleb128 0xd
 975 0059 00       		.byte	0
 976 005a 00       		.byte	0
 977 005b 08       		.uleb128 0x8
 978 005c 2E       		.uleb128 0x2e
 979 005d 01       		.byte	0x1
 980 005e 3F       		.uleb128 0x3f
 981 005f 19       		.uleb128 0x19
 982 0060 03       		.uleb128 0x3
 983 0061 0E       		.uleb128 0xe
 984 0062 3A       		.uleb128 0x3a
 985 0063 0B       		.uleb128 0xb
 986 0064 3B       		.uleb128 0x3b
 987 0065 0B       		.uleb128 0xb
 988 0066 27       		.uleb128 0x27
 989 0067 19       		.uleb128 0x19
 990 0068 11       		.uleb128 0x11
 991 0069 01       		.uleb128 0x1
 992 006a 12       		.uleb128 0x12
 993 006b 06       		.uleb128 0x6
 994 006c 40       		.uleb128 0x40
 995 006d 18       		.uleb128 0x18
 996 006e 9742     		.uleb128 0x2117
 997 0070 19       		.uleb128 0x19
ARM GAS  C:\Users\DGILLI~1\AppData\Local\Temp\cc4DkRRc.s 			page 21


 998 0071 01       		.uleb128 0x1
 999 0072 13       		.uleb128 0x13
 1000 0073 00       		.byte	0
 1001 0074 00       		.byte	0
 1002 0075 09       		.uleb128 0x9
 1003 0076 898201   		.uleb128 0x4109
 1004 0079 00       		.byte	0
 1005 007a 11       		.uleb128 0x11
 1006 007b 01       		.uleb128 0x1
 1007 007c 31       		.uleb128 0x31
 1008 007d 13       		.uleb128 0x13
 1009 007e 00       		.byte	0
 1010 007f 00       		.byte	0
 1011 0080 0A       		.uleb128 0xa
 1012 0081 2E       		.uleb128 0x2e
 1013 0082 01       		.byte	0x1
 1014 0083 3F       		.uleb128 0x3f
 1015 0084 19       		.uleb128 0x19
 1016 0085 03       		.uleb128 0x3
 1017 0086 0E       		.uleb128 0xe
 1018 0087 3A       		.uleb128 0x3a
 1019 0088 0B       		.uleb128 0xb
 1020 0089 3B       		.uleb128 0x3b
 1021 008a 0B       		.uleb128 0xb
 1022 008b 27       		.uleb128 0x27
 1023 008c 19       		.uleb128 0x19
 1024 008d 49       		.uleb128 0x49
 1025 008e 13       		.uleb128 0x13
 1026 008f 11       		.uleb128 0x11
 1027 0090 01       		.uleb128 0x1
 1028 0091 12       		.uleb128 0x12
 1029 0092 06       		.uleb128 0x6
 1030 0093 40       		.uleb128 0x40
 1031 0094 18       		.uleb128 0x18
 1032 0095 9742     		.uleb128 0x2117
 1033 0097 19       		.uleb128 0x19
 1034 0098 01       		.uleb128 0x1
 1035 0099 13       		.uleb128 0x13
 1036 009a 00       		.byte	0
 1037 009b 00       		.byte	0
 1038 009c 0B       		.uleb128 0xb
 1039 009d 34       		.uleb128 0x34
 1040 009e 00       		.byte	0
 1041 009f 03       		.uleb128 0x3
 1042 00a0 0E       		.uleb128 0xe
 1043 00a1 3A       		.uleb128 0x3a
 1044 00a2 0B       		.uleb128 0xb
 1045 00a3 3B       		.uleb128 0x3b
 1046 00a4 0B       		.uleb128 0xb
 1047 00a5 49       		.uleb128 0x49
 1048 00a6 13       		.uleb128 0x13
 1049 00a7 02       		.uleb128 0x2
 1050 00a8 17       		.uleb128 0x17
 1051 00a9 00       		.byte	0
 1052 00aa 00       		.byte	0
 1053 00ab 0C       		.uleb128 0xc
 1054 00ac 898201   		.uleb128 0x4109
ARM GAS  C:\Users\DGILLI~1\AppData\Local\Temp\cc4DkRRc.s 			page 22


 1055 00af 01       		.byte	0x1
 1056 00b0 11       		.uleb128 0x11
 1057 00b1 01       		.uleb128 0x1
 1058 00b2 31       		.uleb128 0x31
 1059 00b3 13       		.uleb128 0x13
 1060 00b4 01       		.uleb128 0x1
 1061 00b5 13       		.uleb128 0x13
 1062 00b6 00       		.byte	0
 1063 00b7 00       		.byte	0
 1064 00b8 0D       		.uleb128 0xd
 1065 00b9 8A8201   		.uleb128 0x410a
 1066 00bc 00       		.byte	0
 1067 00bd 02       		.uleb128 0x2
 1068 00be 18       		.uleb128 0x18
 1069 00bf 9142     		.uleb128 0x2111
 1070 00c1 18       		.uleb128 0x18
 1071 00c2 00       		.byte	0
 1072 00c3 00       		.byte	0
 1073 00c4 0E       		.uleb128 0xe
 1074 00c5 34       		.uleb128 0x34
 1075 00c6 00       		.byte	0
 1076 00c7 03       		.uleb128 0x3
 1077 00c8 0E       		.uleb128 0xe
 1078 00c9 3A       		.uleb128 0x3a
 1079 00ca 0B       		.uleb128 0xb
 1080 00cb 3B       		.uleb128 0x3b
 1081 00cc 05       		.uleb128 0x5
 1082 00cd 49       		.uleb128 0x49
 1083 00ce 13       		.uleb128 0x13
 1084 00cf 3F       		.uleb128 0x3f
 1085 00d0 19       		.uleb128 0x19
 1086 00d1 3C       		.uleb128 0x3c
 1087 00d2 19       		.uleb128 0x19
 1088 00d3 00       		.byte	0
 1089 00d4 00       		.byte	0
 1090 00d5 0F       		.uleb128 0xf
 1091 00d6 35       		.uleb128 0x35
 1092 00d7 00       		.byte	0
 1093 00d8 49       		.uleb128 0x49
 1094 00d9 13       		.uleb128 0x13
 1095 00da 00       		.byte	0
 1096 00db 00       		.byte	0
 1097 00dc 10       		.uleb128 0x10
 1098 00dd 01       		.uleb128 0x1
 1099 00de 01       		.byte	0x1
 1100 00df 49       		.uleb128 0x49
 1101 00e0 13       		.uleb128 0x13
 1102 00e1 01       		.uleb128 0x1
 1103 00e2 13       		.uleb128 0x13
 1104 00e3 00       		.byte	0
 1105 00e4 00       		.byte	0
 1106 00e5 11       		.uleb128 0x11
 1107 00e6 21       		.uleb128 0x21
 1108 00e7 00       		.byte	0
 1109 00e8 49       		.uleb128 0x49
 1110 00e9 13       		.uleb128 0x13
 1111 00ea 2F       		.uleb128 0x2f
ARM GAS  C:\Users\DGILLI~1\AppData\Local\Temp\cc4DkRRc.s 			page 23


 1112 00eb 0B       		.uleb128 0xb
 1113 00ec 00       		.byte	0
 1114 00ed 00       		.byte	0
 1115 00ee 12       		.uleb128 0x12
 1116 00ef 34       		.uleb128 0x34
 1117 00f0 00       		.byte	0
 1118 00f1 03       		.uleb128 0x3
 1119 00f2 0E       		.uleb128 0xe
 1120 00f3 3A       		.uleb128 0x3a
 1121 00f4 0B       		.uleb128 0xb
 1122 00f5 3B       		.uleb128 0x3b
 1123 00f6 0B       		.uleb128 0xb
 1124 00f7 49       		.uleb128 0x49
 1125 00f8 13       		.uleb128 0x13
 1126 00f9 3F       		.uleb128 0x3f
 1127 00fa 19       		.uleb128 0x19
 1128 00fb 02       		.uleb128 0x2
 1129 00fc 18       		.uleb128 0x18
 1130 00fd 00       		.byte	0
 1131 00fe 00       		.byte	0
 1132 00ff 13       		.uleb128 0x13
 1133 0100 2E       		.uleb128 0x2e
 1134 0101 00       		.byte	0
 1135 0102 3F       		.uleb128 0x3f
 1136 0103 19       		.uleb128 0x19
 1137 0104 03       		.uleb128 0x3
 1138 0105 0E       		.uleb128 0xe
 1139 0106 3A       		.uleb128 0x3a
 1140 0107 0B       		.uleb128 0xb
 1141 0108 3B       		.uleb128 0x3b
 1142 0109 0B       		.uleb128 0xb
 1143 010a 27       		.uleb128 0x27
 1144 010b 19       		.uleb128 0x19
 1145 010c 49       		.uleb128 0x49
 1146 010d 13       		.uleb128 0x13
 1147 010e 3C       		.uleb128 0x3c
 1148 010f 19       		.uleb128 0x19
 1149 0110 00       		.byte	0
 1150 0111 00       		.byte	0
 1151 0112 14       		.uleb128 0x14
 1152 0113 2E       		.uleb128 0x2e
 1153 0114 01       		.byte	0x1
 1154 0115 3F       		.uleb128 0x3f
 1155 0116 19       		.uleb128 0x19
 1156 0117 03       		.uleb128 0x3
 1157 0118 0E       		.uleb128 0xe
 1158 0119 3A       		.uleb128 0x3a
 1159 011a 0B       		.uleb128 0xb
 1160 011b 3B       		.uleb128 0x3b
 1161 011c 0B       		.uleb128 0xb
 1162 011d 27       		.uleb128 0x27
 1163 011e 19       		.uleb128 0x19
 1164 011f 3C       		.uleb128 0x3c
 1165 0120 19       		.uleb128 0x19
 1166 0121 01       		.uleb128 0x1
 1167 0122 13       		.uleb128 0x13
 1168 0123 00       		.byte	0
ARM GAS  C:\Users\DGILLI~1\AppData\Local\Temp\cc4DkRRc.s 			page 24


 1169 0124 00       		.byte	0
 1170 0125 15       		.uleb128 0x15
 1171 0126 05       		.uleb128 0x5
 1172 0127 00       		.byte	0
 1173 0128 49       		.uleb128 0x49
 1174 0129 13       		.uleb128 0x13
 1175 012a 00       		.byte	0
 1176 012b 00       		.byte	0
 1177 012c 16       		.uleb128 0x16
 1178 012d 2E       		.uleb128 0x2e
 1179 012e 01       		.byte	0x1
 1180 012f 3F       		.uleb128 0x3f
 1181 0130 19       		.uleb128 0x19
 1182 0131 03       		.uleb128 0x3
 1183 0132 0E       		.uleb128 0xe
 1184 0133 3A       		.uleb128 0x3a
 1185 0134 0B       		.uleb128 0xb
 1186 0135 3B       		.uleb128 0x3b
 1187 0136 0B       		.uleb128 0xb
 1188 0137 27       		.uleb128 0x27
 1189 0138 19       		.uleb128 0x19
 1190 0139 3C       		.uleb128 0x3c
 1191 013a 19       		.uleb128 0x19
 1192 013b 00       		.byte	0
 1193 013c 00       		.byte	0
 1194 013d 00       		.byte	0
 1195              		.section	.debug_loc,"",%progbits
 1196              	.Ldebug_loc0:
 1197              	.LLST0:
 1198 0000 30000000 		.4byte	.LVL12
 1199 0004 38000000 		.4byte	.LVL13
 1200 0008 0100     		.2byte	0x1
 1201 000a 54       		.byte	0x54
 1202 000b 3E000000 		.4byte	.LVL16
 1203 000f B0000000 		.4byte	.LVL30
 1204 0013 0100     		.2byte	0x1
 1205 0015 54       		.byte	0x54
 1206 0016 F0000000 		.4byte	.LVL37
 1207 001a 58010000 		.4byte	.LFE64
 1208 001e 0100     		.2byte	0x1
 1209 0020 54       		.byte	0x54
 1210 0021 00000000 		.4byte	0
 1211 0025 00000000 		.4byte	0
 1212              	.LLST1:
 1213 0029 38000000 		.4byte	.LVL13
 1214 002d 3E000000 		.4byte	.LVL16
 1215 0031 0100     		.2byte	0x1
 1216 0033 55       		.byte	0x55
 1217 0034 AA000000 		.4byte	.LVL29
 1218 0038 F0000000 		.4byte	.LVL37
 1219 003c 0100     		.2byte	0x1
 1220 003e 55       		.byte	0x55
 1221 003f 00000000 		.4byte	0
 1222 0043 00000000 		.4byte	0
 1223              	.LLST2:
 1224 0047 38000000 		.4byte	.LVL13
 1225 004b 3A000000 		.4byte	.LVL14
ARM GAS  C:\Users\DGILLI~1\AppData\Local\Temp\cc4DkRRc.s 			page 25


 1226 004f 0100     		.2byte	0x1
 1227 0051 54       		.byte	0x54
 1228 0052 3C000000 		.4byte	.LVL15
 1229 0056 3E000000 		.4byte	.LVL16
 1230 005a 0100     		.2byte	0x1
 1231 005c 54       		.byte	0x54
 1232 005d B2000000 		.4byte	.LVL31
 1233 0061 EE000000 		.4byte	.LVL36
 1234 0065 0100     		.2byte	0x1
 1235 0067 54       		.byte	0x54
 1236 0068 00000000 		.4byte	0
 1237 006c 00000000 		.4byte	0
 1238              	.LLST3:
 1239 0070 02000000 		.4byte	.LVL4
 1240 0074 38000000 		.4byte	.LVL13
 1241 0078 0200     		.2byte	0x2
 1242 007a 30       		.byte	0x30
 1243 007b 9F       		.byte	0x9f
 1244 007c 38000000 		.4byte	.LVL13
 1245 0080 5A000000 		.4byte	.LVL18
 1246 0084 0100     		.2byte	0x1
 1247 0086 56       		.byte	0x56
 1248 0087 5A000000 		.4byte	.LVL18
 1249 008b 7A000000 		.4byte	.LVL22
 1250 008f 0200     		.2byte	0x2
 1251 0091 30       		.byte	0x30
 1252 0092 9F       		.byte	0x9f
 1253 0093 7A000000 		.4byte	.LVL22
 1254 0097 C8000000 		.4byte	.LVL33
 1255 009b 0100     		.2byte	0x1
 1256 009d 56       		.byte	0x56
 1257 009e CA000000 		.4byte	.LVL34
 1258 00a2 1C010000 		.4byte	.LVL43
 1259 00a6 0100     		.2byte	0x1
 1260 00a8 56       		.byte	0x56
 1261 00a9 1C010000 		.4byte	.LVL43
 1262 00ad 3E010000 		.4byte	.LVL48
 1263 00b1 0200     		.2byte	0x2
 1264 00b3 30       		.byte	0x30
 1265 00b4 9F       		.byte	0x9f
 1266 00b5 3E010000 		.4byte	.LVL48
 1267 00b9 58010000 		.4byte	.LFE64
 1268 00bd 0100     		.2byte	0x1
 1269 00bf 56       		.byte	0x56
 1270 00c0 00000000 		.4byte	0
 1271 00c4 00000000 		.4byte	0
 1272              		.section	.debug_aranges,"",%progbits
 1273 0000 24000000 		.4byte	0x24
 1274 0004 0200     		.2byte	0x2
 1275 0006 00000000 		.4byte	.Ldebug_info0
 1276 000a 04       		.byte	0x4
 1277 000b 00       		.byte	0
 1278 000c 0000     		.2byte	0
 1279 000e 0000     		.2byte	0
 1280 0010 00000000 		.4byte	.LFB63
 1281 0014 1E000000 		.4byte	.LFE63-.LFB63
 1282 0018 00000000 		.4byte	.LFB64
ARM GAS  C:\Users\DGILLI~1\AppData\Local\Temp\cc4DkRRc.s 			page 26


 1283 001c 58010000 		.4byte	.LFE64-.LFB64
 1284 0020 00000000 		.4byte	0
 1285 0024 00000000 		.4byte	0
 1286              		.section	.debug_ranges,"",%progbits
 1287              	.Ldebug_ranges0:
 1288 0000 00000000 		.4byte	.LFB63
 1289 0004 1E000000 		.4byte	.LFE63
 1290 0008 00000000 		.4byte	.LFB64
 1291 000c 58010000 		.4byte	.LFE64
 1292 0010 00000000 		.4byte	0
 1293 0014 00000000 		.4byte	0
 1294              		.section	.debug_line,"",%progbits
 1295              	.Ldebug_line0:
 1296 0000 4B020000 		.section	.debug_str,"MS",%progbits,1
 1296      0200DD01 
 1296      00000201 
 1296      FB0E0D00 
 1296      01010101 
 1297              	.LASF45:
 1298 0000 73746174 		.ascii	"stateVals_t\000"
 1298      6556616C 
 1298      735F7400 
 1299              	.LASF18:
 1300 000c 53544152 		.ascii	"STARTUP\000"
 1300      54555000 
 1301              	.LASF36:
 1302 0014 456E6450 		.ascii	"EndPWMB_Write\000"
 1302      574D425F 
 1302      57726974 
 1302      6500
 1303              	.LASF30:
 1304 0022 6D795374 		.ascii	"myState\000"
 1304      61746500 
 1305              	.LASF24:
 1306 002a 6C617374 		.ascii	"lastStatRegValue\000"
 1306      53746174 
 1306      52656756 
 1306      616C7565 
 1306      00
 1307              	.LASF9:
 1308 003b 5F5F696E 		.ascii	"__int32_t\000"
 1308      7433325F 
 1308      7400
 1309              	.LASF37:
 1310 0045 436F6E74 		.ascii	"Control_Reg_1_Read\000"
 1310      726F6C5F 
 1310      5265675F 
 1310      315F5265 
 1310      616400
 1311              	.LASF29:
 1312 0058 70776D54 		.ascii	"pwmTable\000"
 1312      61626C65 
 1312      00
 1313              	.LASF25:
 1314 0061 63757272 		.ascii	"currentStatusRegValue\000"
 1314      656E7453 
 1314      74617475 
ARM GAS  C:\Users\DGILLI~1\AppData\Local\Temp\cc4DkRRc.s 			page 27


 1314      73526567 
 1314      56616C75 
 1315              	.LASF14:
 1316 0077 666C6F61 		.ascii	"float\000"
 1316      7400
 1317              	.LASF1:
 1318 007d 756E7369 		.ascii	"unsigned char\000"
 1318      676E6564 
 1318      20636861 
 1318      7200
 1319              	.LASF35:
 1320 008b 53746172 		.ascii	"StartPWMB_Write\000"
 1320      7450574D 
 1320      425F5772 
 1320      69746500 
 1321              	.LASF22:
 1322 009b 42555253 		.ascii	"BURSTWAITFORRESET\000"
 1322      54574149 
 1322      54464F52 
 1322      52455345 
 1322      5400
 1323              	.LASF5:
 1324 00ad 6C6F6E67 		.ascii	"long unsigned int\000"
 1324      20756E73 
 1324      69676E65 
 1324      6420696E 
 1324      7400
 1325              	.LASF33:
 1326 00bf 53746172 		.ascii	"StartPWMA_Write\000"
 1326      7450574D 
 1326      415F5772 
 1326      69746500 
 1327              	.LASF28:
 1328 00cf 49544D5F 		.ascii	"ITM_RxBuffer\000"
 1328      52784275 
 1328      66666572 
 1328      00
 1329              	.LASF23:
 1330 00dc 42555253 		.ascii	"BURSTGOTRESET\000"
 1330      54474F54 
 1330      52455345 
 1330      5400
 1331              	.LASF15:
 1332 00ea 646F7562 		.ascii	"double\000"
 1332      6C6500
 1333              	.LASF12:
 1334 00f1 75696E74 		.ascii	"uint16\000"
 1334      313600
 1335              	.LASF46:
 1336 00f8 746F6767 		.ascii	"toggleLED\000"
 1336      6C654C45 
 1336      4400
 1337              	.LASF26:
 1338 0102 64696666 		.ascii	"diffBits\000"
 1338      42697473 
 1338      00
 1339              	.LASF40:
ARM GAS  C:\Users\DGILLI~1\AppData\Local\Temp\cc4DkRRc.s 			page 28


 1340 010b 43794465 		.ascii	"CyDelayUs\000"
 1340      6C617955 
 1340      7300
 1341              	.LASF13:
 1342 0115 75696E74 		.ascii	"uint32\000"
 1342      333200
 1343              	.LASF42:
 1344 011c 474E5520 		.ascii	"GNU C 4.9.3 20150303 (release) [ARM/embedded-4_9-br"
 1344      4320342E 
 1344      392E3320 
 1344      32303135 
 1344      30333033 
 1345 014f 616E6368 		.ascii	"anch revision 221220] -mcpu=cortex-m3 -mthumb -g -O"
 1345      20726576 
 1345      6973696F 
 1345      6E203232 
 1345      31323230 
 1346 0182 67202D66 		.ascii	"g -ffunction-sections -ffat-lto-objects\000"
 1346      66756E63 
 1346      74696F6E 
 1346      2D736563 
 1346      74696F6E 
 1347              	.LASF39:
 1348 01aa 5478456E 		.ascii	"TxEnaCtlReg_Write\000"
 1348      6143746C 
 1348      5265675F 
 1348      57726974 
 1348      6500
 1349              	.LASF8:
 1350 01bc 756E7369 		.ascii	"unsigned int\000"
 1350      676E6564 
 1350      20696E74 
 1350      00
 1351              	.LASF7:
 1352 01c9 6C6F6E67 		.ascii	"long long unsigned int\000"
 1352      206C6F6E 
 1352      6720756E 
 1352      7369676E 
 1352      65642069 
 1353              	.LASF31:
 1354 01e0 436F6E74 		.ascii	"Control_Reg_1_Write\000"
 1354      726F6C5F 
 1354      5265675F 
 1354      315F5772 
 1354      69746500 
 1355              	.LASF19:
 1356 01f4 5458454E 		.ascii	"TXENA\000"
 1356      4100
 1357              	.LASF47:
 1358 01fa 6D61696E 		.ascii	"main\000"
 1358      00
 1359              	.LASF10:
 1360 01ff 696E7433 		.ascii	"int32_t\000"
 1360      325F7400 
 1361              	.LASF17:
 1362 0207 73697A65 		.ascii	"sizetype\000"
 1362      74797065 
ARM GAS  C:\Users\DGILLI~1\AppData\Local\Temp\cc4DkRRc.s 			page 29


 1362      00
 1363              	.LASF41:
 1364 0210 436F6E74 		.ascii	"Control_Reg_2_Write\000"
 1364      726F6C5F 
 1364      5265675F 
 1364      325F5772 
 1364      69746500 
 1365              	.LASF6:
 1366 0224 6C6F6E67 		.ascii	"long long int\000"
 1366      206C6F6E 
 1366      6720696E 
 1366      7400
 1367              	.LASF38:
 1368 0232 53746174 		.ascii	"Status_Reg_1_Read\000"
 1368      75735F52 
 1368      65675F31 
 1368      5F526561 
 1368      6400
 1369              	.LASF43:
 1370 0244 6D61696E 		.ascii	"main.c\000"
 1370      2E6300
 1371              	.LASF16:
 1372 024b 63686172 		.ascii	"char\000"
 1372      00
 1373              	.LASF20:
 1374 0250 42555253 		.ascii	"BURSTIP\000"
 1374      54495000 
 1375              	.LASF2:
 1376 0258 73686F72 		.ascii	"short int\000"
 1376      7420696E 
 1376      7400
 1377              	.LASF21:
 1378 0262 42555253 		.ascii	"BURSTDONE\000"
 1378      54444F4E 
 1378      4500
 1379              	.LASF11:
 1380 026c 75696E74 		.ascii	"uint8\000"
 1380      3800
 1381              	.LASF44:
 1382 0272 433A5C55 		.ascii	"C:\\Users\\DGilliland\\Documents\\GitHub\\ODAS\\ODA"
 1382      73657273 
 1382      5C444769 
 1382      6C6C696C 
 1382      616E645C 
 1383 029f 532D5053 		.ascii	"S-PSOC5\\ODAS-PSOC5-01\\ODAS-PSOC5\\ODAS-PSOC5-03.c"
 1383      4F43355C 
 1383      4F444153 
 1383      2D50534F 
 1383      43352D30 
 1384 02cf 7964736E 		.ascii	"ydsn\000"
 1384      00
 1385              	.LASF4:
 1386 02d4 6C6F6E67 		.ascii	"long int\000"
 1386      20696E74 
 1386      00
 1387              	.LASF0:
 1388 02dd 7369676E 		.ascii	"signed char\000"
ARM GAS  C:\Users\DGILLI~1\AppData\Local\Temp\cc4DkRRc.s 			page 30


 1388      65642063 
 1388      68617200 
 1389              	.LASF3:
 1390 02e9 73686F72 		.ascii	"short unsigned int\000"
 1390      7420756E 
 1390      7369676E 
 1390      65642069 
 1390      6E7400
 1391              	.LASF34:
 1392 02fc 456E6450 		.ascii	"EndPWMA_Write\000"
 1392      574D415F 
 1392      57726974 
 1392      6500
 1393              	.LASF32:
 1394 030a 46726571 		.ascii	"Freq_Write\000"
 1394      5F577269 
 1394      746500
 1395              	.LASF27:
 1396 0315 62757273 		.ascii	"burstNumber\000"
 1396      744E756D 
 1396      62657200 
 1397              	.LASF48:
 1398 0321 43794465 		.ascii	"CyDelay\000"
 1398      6C617900 
 1399              		.ident	"GCC: (GNU Tools for ARM Embedded Processors) 4.9.3 20150303 (release) [ARM/embedded-4_9-br
