ARM GAS  C:\Users\doug_000\AppData\Local\Temp\cc1WTGBb.s 			page 1


   1              		.syntax unified
   2              		.cpu cortex-m3
   3              		.fpu softvfp
   4              		.eabi_attribute 20, 1
   5              		.eabi_attribute 21, 1
   6              		.eabi_attribute 23, 3
   7              		.eabi_attribute 24, 1
   8              		.eabi_attribute 25, 1
   9              		.eabi_attribute 26, 1
  10              		.eabi_attribute 30, 1
  11              		.eabi_attribute 34, 1
  12              		.eabi_attribute 18, 4
  13              		.thumb
  14              		.file	"cymetadata.c"
  15              		.text
  16              	.Ltext0:
  17              		.cfi_sections	.debug_frame
  18              		.global	cy_metadata
  19              		.global	cy_meta_flashprotect
  20              		.global	cy_meta_wonvl
  21              		.global	cy_meta_custnvl
  22              		.global	cy_meta_configecc
  23              		.section	.cyconfigecc,"a",%progbits
  24              		.align	2
  25              		.type	cy_meta_configecc, %object
  26              		.size	cy_meta_configecc, 1708
  27              	cy_meta_configecc:
  28 0000 08       		.byte	8
  29 0001 52       		.byte	82
  30 0002 00       		.byte	0
  31 0003 40       		.byte	64
  32 0004 46       		.byte	70
  33 0005 00       		.byte	0
  34 0006 01       		.byte	1
  35 0007 40       		.byte	64
  36 0008 36       		.byte	54
  37 0009 01       		.byte	1
  38 000a 01       		.byte	1
  39 000b 40       		.byte	64
  40 000c 40       		.byte	64
  41 000d 02       		.byte	2
  42 000e 01       		.byte	1
  43 000f 40       		.byte	64
  44 0010 42       		.byte	66
  45 0011 03       		.byte	3
  46 0012 01       		.byte	1
  47 0013 40       		.byte	64
  48 0014 47       		.byte	71
  49 0015 04       		.byte	4
  50 0016 01       		.byte	1
  51 0017 40       		.byte	64
  52 0018 4C       		.byte	76
  53 0019 05       		.byte	5
  54 001a 01       		.byte	1
  55 001b 40       		.byte	64
  56 001c 4B       		.byte	75
  57 001d 06       		.byte	6
ARM GAS  C:\Users\doug_000\AppData\Local\Temp\cc1WTGBb.s 			page 2


  58 001e 01       		.byte	1
  59 001f 40       		.byte	64
  60 0020 43       		.byte	67
  61 0021 07       		.byte	7
  62 0022 01       		.byte	1
  63 0023 40       		.byte	64
  64 0024 06       		.byte	6
  65 0025 15       		.byte	21
  66 0026 01       		.byte	1
  67 0027 40       		.byte	64
  68 0028 48       		.byte	72
  69 0029 16       		.byte	22
  70 002a 01       		.byte	1
  71 002b 40       		.byte	64
  72 002c 49       		.byte	73
  73 002d 17       		.byte	23
  74 002e 01       		.byte	1
  75 002f 40       		.byte	64
  76 0030 04       		.byte	4
  77 0031 18       		.byte	24
  78 0032 01       		.byte	1
  79 0033 40       		.byte	64
  80 0034 01       		.byte	1
  81 0035 19       		.byte	25
  82 0036 01       		.byte	1
  83 0037 40       		.byte	64
  84 0038 01       		.byte	1
  85 0039 1B       		.byte	27
  86 003a 01       		.byte	1
  87 003b 40       		.byte	64
  88 003c 11       		.byte	17
  89 003d 40       		.byte	64
  90 003e 01       		.byte	1
  91 003f 40       		.byte	64
  92 0040 0F       		.byte	15
  93 0041 41       		.byte	65
  94 0042 01       		.byte	1
  95 0043 40       		.byte	64
  96 0044 0B       		.byte	11
  97 0045 42       		.byte	66
  98 0046 01       		.byte	1
  99 0047 40       		.byte	64
 100 0048 02       		.byte	2
 101 0049 43       		.byte	67
 102 004a 01       		.byte	1
 103 004b 40       		.byte	64
 104 004c 02       		.byte	2
 105 004d 48       		.byte	72
 106 004e 01       		.byte	1
 107 004f 40       		.byte	64
 108 0050 0D       		.byte	13
 109 0051 49       		.byte	73
 110 0052 01       		.byte	1
 111 0053 40       		.byte	64
 112 0054 05       		.byte	5
 113 0055 4D       		.byte	77
 114 0056 01       		.byte	1
ARM GAS  C:\Users\doug_000\AppData\Local\Temp\cc1WTGBb.s 			page 3


 115 0057 40       		.byte	64
 116 0058 05       		.byte	5
 117 0059 50       		.byte	80
 118 005a 01       		.byte	1
 119 005b 40       		.byte	64
 120 005c 00       		.byte	0
 121 005d 95       		.byte	-107
 122 005e 01       		.byte	1
 123 005f 5C       		.byte	92
 124 0060 18       		.byte	24
 125 0061 04       		.byte	4
 126 0062 19       		.byte	25
 127 0063 21       		.byte	33
 128 0064 20       		.byte	32
 129 0065 A3       		.byte	-93
 130 0066 21       		.byte	33
 131 0067 C9       		.byte	-55
 132 0068 28       		.byte	40
 133 0069 10       		.byte	16
 134 006a 29       		.byte	41
 135 006b 10       		.byte	16
 136 006c 01       		.byte	1
 137 006d 04       		.byte	4
 138 006e 02       		.byte	2
 139 006f 10       		.byte	16
 140 0070 05       		.byte	5
 141 0071 08       		.byte	8
 142 0072 06       		.byte	6
 143 0073 08       		.byte	8
 144 0074 08       		.byte	8
 145 0075 02       		.byte	2
 146 0076 09       		.byte	9
 147 0077 01       		.byte	1
 148 0078 0D       		.byte	13
 149 0079 80       		.byte	-128
 150 007a 0F       		.byte	15
 151 007b 40       		.byte	64
 152 007c 10       		.byte	16
 153 007d 04       		.byte	4
 154 007e 13       		.byte	19
 155 007f 08       		.byte	8
 156 0080 17       		.byte	23
 157 0081 02       		.byte	2
 158 0082 19       		.byte	25
 159 0083 20       		.byte	32
 160 0084 1A       		.byte	26
 161 0085 20       		.byte	32
 162 0086 1B       		.byte	27
 163 0087 10       		.byte	16
 164 0088 1D       		.byte	29
 165 0089 10       		.byte	16
 166 008a 1E       		.byte	30
 167 008b 02       		.byte	2
 168 008c 1F       		.byte	31
 169 008d 20       		.byte	32
 170 008e 21       		.byte	33
 171 008f 02       		.byte	2
ARM GAS  C:\Users\doug_000\AppData\Local\Temp\cc1WTGBb.s 			page 4


 172 0090 22       		.byte	34
 173 0091 04       		.byte	4
 174 0092 26       		.byte	38
 175 0093 01       		.byte	1
 176 0094 27       		.byte	39
 177 0095 04       		.byte	4
 178 0096 28       		.byte	40
 179 0097 01       		.byte	1
 180 0098 2B       		.byte	43
 181 0099 01       		.byte	1
 182 009a 2C       		.byte	44
 183 009b 08       		.byte	8
 184 009c 2D       		.byte	45
 185 009d 40       		.byte	64
 186 009e 2F       		.byte	47
 187 009f 80       		.byte	-128
 188 00a0 30       		.byte	48
 189 00a1 20       		.byte	32
 190 00a2 32       		.byte	50
 191 00a3 1F       		.byte	31
 192 00a4 37       		.byte	55
 193 00a5 FF       		.byte	-1
 194 00a6 38       		.byte	56
 195 00a7 08       		.byte	8
 196 00a8 3A       		.byte	58
 197 00a9 02       		.byte	2
 198 00aa 3B       		.byte	59
 199 00ab 0C       		.byte	12
 200 00ac 3E       		.byte	62
 201 00ad 04       		.byte	4
 202 00ae 3F       		.byte	63
 203 00af 40       		.byte	64
 204 00b0 58       		.byte	88
 205 00b1 04       		.byte	4
 206 00b2 59       		.byte	89
 207 00b3 04       		.byte	4
 208 00b4 5B       		.byte	91
 209 00b5 04       		.byte	4
 210 00b6 5C       		.byte	92
 211 00b7 11       		.byte	17
 212 00b8 5F       		.byte	95
 213 00b9 01       		.byte	1
 214 00ba 81       		.byte	-127
 215 00bb 05       		.byte	5
 216 00bc 83       		.byte	-125
 217 00bd 0A       		.byte	10
 218 00be 85       		.byte	-123
 219 00bf 0C       		.byte	12
 220 00c0 87       		.byte	-121
 221 00c1 01       		.byte	1
 222 00c2 89       		.byte	-119
 223 00c3 09       		.byte	9
 224 00c4 8B       		.byte	-117
 225 00c5 06       		.byte	6
 226 00c6 91       		.byte	-111
 227 00c7 0C       		.byte	12
 228 00c8 93       		.byte	-109
ARM GAS  C:\Users\doug_000\AppData\Local\Temp\cc1WTGBb.s 			page 5


 229 00c9 01       		.byte	1
 230 00ca 9C       		.byte	-100
 231 00cb 06       		.byte	6
 232 00cc 9E       		.byte	-98
 233 00cd 09       		.byte	9
 234 00ce A0       		.byte	-96
 235 00cf 0C       		.byte	12
 236 00d0 A2       		.byte	-94
 237 00d1 03       		.byte	3
 238 00d2 A4       		.byte	-92
 239 00d3 05       		.byte	5
 240 00d4 A6       		.byte	-90
 241 00d5 0A       		.byte	10
 242 00d6 A8       		.byte	-88
 243 00d7 0B       		.byte	11
 244 00d8 AA       		.byte	-86
 245 00d9 04       		.byte	4
 246 00da B0       		.byte	-80
 247 00db 08       		.byte	8
 248 00dc B1       		.byte	-79
 249 00dd 01       		.byte	1
 250 00de B2       		.byte	-78
 251 00df 04       		.byte	4
 252 00e0 B3       		.byte	-77
 253 00e1 02       		.byte	2
 254 00e2 B4       		.byte	-76
 255 00e3 02       		.byte	2
 256 00e4 B5       		.byte	-75
 257 00e5 08       		.byte	8
 258 00e6 B6       		.byte	-74
 259 00e7 01       		.byte	1
 260 00e8 B7       		.byte	-73
 261 00e9 04       		.byte	4
 262 00ea BB       		.byte	-69
 263 00eb 08       		.byte	8
 264 00ec BE       		.byte	-66
 265 00ed 55       		.byte	85
 266 00ee BF       		.byte	-65
 267 00ef 51       		.byte	81
 268 00f0 D8       		.byte	-40
 269 00f1 04       		.byte	4
 270 00f2 D9       		.byte	-39
 271 00f3 04       		.byte	4
 272 00f4 DC       		.byte	-36
 273 00f5 10       		.byte	16
 274 00f6 DF       		.byte	-33
 275 00f7 01       		.byte	1
 276 00f8 00       		.byte	0
 277 00f9 02       		.byte	2
 278 00fa 01       		.byte	1
 279 00fb 04       		.byte	4
 280 00fc 03       		.byte	3
 281 00fd 04       		.byte	4
 282 00fe 08       		.byte	8
 283 00ff 02       		.byte	2
 284 0100 0A       		.byte	10
 285 0101 09       		.byte	9
ARM GAS  C:\Users\doug_000\AppData\Local\Temp\cc1WTGBb.s 			page 6


 286 0102 0F       		.byte	15
 287 0103 02       		.byte	2
 288 0104 10       		.byte	16
 289 0105 04       		.byte	4
 290 0106 11       		.byte	17
 291 0107 01       		.byte	1
 292 0108 12       		.byte	18
 293 0109 02       		.byte	2
 294 010a 13       		.byte	19
 295 010b 04       		.byte	4
 296 010c 15       		.byte	21
 297 010d 08       		.byte	8
 298 010e 17       		.byte	23
 299 010f 11       		.byte	17
 300 0110 18       		.byte	24
 301 0111 10       		.byte	16
 302 0112 1A       		.byte	26
 303 0113 80       		.byte	-128
 304 0114 1B       		.byte	27
 305 0115 01       		.byte	1
 306 0116 1D       		.byte	29
 307 0117 01       		.byte	1
 308 0118 1E       		.byte	30
 309 0119 02       		.byte	2
 310 011a 1F       		.byte	31
 311 011b 28       		.byte	40
 312 011c 20       		.byte	32
 313 011d 22       		.byte	34
 314 011e 21       		.byte	33
 315 011f 04       		.byte	4
 316 0120 22       		.byte	34
 317 0121 04       		.byte	4
 318 0122 25       		.byte	37
 319 0123 04       		.byte	4
 320 0124 26       		.byte	38
 321 0125 90       		.byte	-112
 322 0126 27       		.byte	39
 323 0127 50       		.byte	80
 324 0128 28       		.byte	40
 325 0129 04       		.byte	4
 326 012a 29       		.byte	41
 327 012b 14       		.byte	20
 328 012c 2A       		.byte	42
 329 012d 82       		.byte	-126
 330 012e 31       		.byte	49
 331 012f 80       		.byte	-128
 332 0130 32       		.byte	50
 333 0131 12       		.byte	18
 334 0132 33       		.byte	51
 335 0133 04       		.byte	4
 336 0134 37       		.byte	55
 337 0135 01       		.byte	1
 338 0136 38       		.byte	56
 339 0137 20       		.byte	32
 340 0138 39       		.byte	57
 341 0139 45       		.byte	69
 342 013a 3C       		.byte	60
ARM GAS  C:\Users\doug_000\AppData\Local\Temp\cc1WTGBb.s 			page 7


 343 013b 20       		.byte	32
 344 013c 3D       		.byte	61
 345 013d 08       		.byte	8
 346 013e 3F       		.byte	63
 347 013f 02       		.byte	2
 348 0140 69       		.byte	105
 349 0141 45       		.byte	69
 350 0142 6A       		.byte	106
 351 0143 20       		.byte	32
 352 0144 70       		.byte	112
 353 0145 10       		.byte	16
 354 0146 71       		.byte	113
 355 0147 08       		.byte	8
 356 0148 72       		.byte	114
 357 0149 43       		.byte	67
 358 014a 73       		.byte	115
 359 014b 04       		.byte	4
 360 014c 81       		.byte	-127
 361 014d 01       		.byte	1
 362 014e 83       		.byte	-125
 363 014f 40       		.byte	64
 364 0150 85       		.byte	-123
 365 0151 80       		.byte	-128
 366 0152 86       		.byte	-122
 367 0153 81       		.byte	-127
 368 0154 8A       		.byte	-118
 369 0155 10       		.byte	16
 370 0156 C0       		.byte	-64
 371 0157 0E       		.byte	14
 372 0158 C2       		.byte	-62
 373 0159 8B       		.byte	-117
 374 015a C4       		.byte	-60
 375 015b 7F       		.byte	127
 376 015c CA       		.byte	-54
 377 015d 0F       		.byte	15
 378 015e CC       		.byte	-52
 379 015f 8F       		.byte	-113
 380 0160 CE       		.byte	-50
 381 0161 EF       		.byte	-17
 382 0162 E2       		.byte	-30
 383 0163 80       		.byte	-128
 384 0164 05       		.byte	5
 385 0165 08       		.byte	8
 386 0166 07       		.byte	7
 387 0167 07       		.byte	7
 388 0168 12       		.byte	18
 389 0169 02       		.byte	2
 390 016a 13       		.byte	19
 391 016b 0F       		.byte	15
 392 016c 1C       		.byte	28
 393 016d 01       		.byte	1
 394 016e 1E       		.byte	30
 395 016f 0C       		.byte	12
 396 0170 20       		.byte	32
 397 0171 09       		.byte	9
 398 0172 21       		.byte	33
 399 0173 0C       		.byte	12
ARM GAS  C:\Users\doug_000\AppData\Local\Temp\cc1WTGBb.s 			page 8


 400 0174 22       		.byte	34
 401 0175 04       		.byte	4
 402 0176 23       		.byte	35
 403 0177 03       		.byte	3
 404 0178 24       		.byte	36
 405 0179 09       		.byte	9
 406 017a 25       		.byte	37
 407 017b 09       		.byte	9
 408 017c 26       		.byte	38
 409 017d 04       		.byte	4
 410 017e 27       		.byte	39
 411 017f 06       		.byte	6
 412 0180 28       		.byte	40
 413 0181 05       		.byte	5
 414 0182 2A       		.byte	42
 415 0183 08       		.byte	8
 416 0184 30       		.byte	48
 417 0185 01       		.byte	1
 418 0186 31       		.byte	49
 419 0187 08       		.byte	8
 420 0188 32       		.byte	50
 421 0189 08       		.byte	8
 422 018a 33       		.byte	51
 423 018b 01       		.byte	1
 424 018c 34       		.byte	52
 425 018d 02       		.byte	2
 426 018e 35       		.byte	53
 427 018f 02       		.byte	2
 428 0190 36       		.byte	54
 429 0191 04       		.byte	4
 430 0192 37       		.byte	55
 431 0193 04       		.byte	4
 432 0194 3E       		.byte	62
 433 0195 45       		.byte	69
 434 0196 3F       		.byte	63
 435 0197 55       		.byte	85
 436 0198 58       		.byte	88
 437 0199 04       		.byte	4
 438 019a 59       		.byte	89
 439 019b 04       		.byte	4
 440 019c 5B       		.byte	91
 441 019d 04       		.byte	4
 442 019e 5F       		.byte	95
 443 019f 01       		.byte	1
 444 01a0 80       		.byte	-128
 445 01a1 80       		.byte	-128
 446 01a2 82       		.byte	-126
 447 01a3 40       		.byte	64
 448 01a4 83       		.byte	-125
 449 01a5 04       		.byte	4
 450 01a6 84       		.byte	-124
 451 01a7 08       		.byte	8
 452 01a8 87       		.byte	-121
 453 01a9 08       		.byte	8
 454 01aa 8A       		.byte	-118
 455 01ab 02       		.byte	2
 456 01ac 8C       		.byte	-116
ARM GAS  C:\Users\doug_000\AppData\Local\Temp\cc1WTGBb.s 			page 9


 457 01ad 40       		.byte	64
 458 01ae 8E       		.byte	-114
 459 01af 80       		.byte	-128
 460 01b0 8F       		.byte	-113
 461 01b1 02       		.byte	2
 462 01b2 91       		.byte	-111
 463 01b3 08       		.byte	8
 464 01b4 92       		.byte	-110
 465 01b5 04       		.byte	4
 466 01b6 94       		.byte	-108
 467 01b7 10       		.byte	16
 468 01b8 95       		.byte	-107
 469 01b9 04       		.byte	4
 470 01ba 96       		.byte	-106
 471 01bb 20       		.byte	32
 472 01bc 98       		.byte	-104
 473 01bd 01       		.byte	1
 474 01be 9B       		.byte	-101
 475 01bf 01       		.byte	1
 476 01c0 9C       		.byte	-100
 477 01c1 02       		.byte	2
 478 01c2 A0       		.byte	-96
 479 01c3 04       		.byte	4
 480 01c4 A3       		.byte	-93
 481 01c5 10       		.byte	16
 482 01c6 A5       		.byte	-91
 483 01c7 02       		.byte	2
 484 01c8 A6       		.byte	-90
 485 01c9 01       		.byte	1
 486 01ca A8       		.byte	-88
 487 01cb 20       		.byte	32
 488 01cc A9       		.byte	-87
 489 01cd 01       		.byte	1
 490 01ce AA       		.byte	-86
 491 01cf 10       		.byte	16
 492 01d0 AE       		.byte	-82
 493 01d1 08       		.byte	8
 494 01d2 B0       		.byte	-80
 495 01d3 FF       		.byte	-1
 496 01d4 B7       		.byte	-73
 497 01d5 1F       		.byte	31
 498 01d6 B9       		.byte	-71
 499 01d7 80       		.byte	-128
 500 01d8 BE       		.byte	-66
 501 01d9 01       		.byte	1
 502 01da BF       		.byte	-65
 503 01db 40       		.byte	64
 504 01dc D8       		.byte	-40
 505 01dd 04       		.byte	4
 506 01de D9       		.byte	-39
 507 01df 04       		.byte	4
 508 01e0 DB       		.byte	-37
 509 01e1 04       		.byte	4
 510 01e2 DF       		.byte	-33
 511 01e3 01       		.byte	1
 512 01e4 00       		.byte	0
 513 01e5 02       		.byte	2
ARM GAS  C:\Users\doug_000\AppData\Local\Temp\cc1WTGBb.s 			page 10


 514 01e6 01       		.byte	1
 515 01e7 44       		.byte	68
 516 01e8 02       		.byte	2
 517 01e9 04       		.byte	4
 518 01ea 03       		.byte	3
 519 01eb 04       		.byte	4
 520 01ec 08       		.byte	8
 521 01ed 06       		.byte	6
 522 01ee 09       		.byte	9
 523 01ef 20       		.byte	32
 524 01f0 0A       		.byte	10
 525 01f1 01       		.byte	1
 526 01f2 0C       		.byte	12
 527 01f3 40       		.byte	64
 528 01f4 0F       		.byte	15
 529 01f5 82       		.byte	-126
 530 01f6 11       		.byte	17
 531 01f7 11       		.byte	17
 532 01f8 12       		.byte	18
 533 01f9 22       		.byte	34
 534 01fa 14       		.byte	20
 535 01fb 10       		.byte	16
 536 01fc 15       		.byte	21
 537 01fd 0A       		.byte	10
 538 01fe 17       		.byte	23
 539 01ff 11       		.byte	17
 540 0200 19       		.byte	25
 541 0201 01       		.byte	1
 542 0202 1E       		.byte	30
 543 0203 04       		.byte	4
 544 0204 1F       		.byte	31
 545 0205 4A       		.byte	74
 546 0206 23       		.byte	35
 547 0207 01       		.byte	1
 548 0208 24       		.byte	36
 549 0209 20       		.byte	32
 550 020a 26       		.byte	38
 551 020b 51       		.byte	81
 552 020c 29       		.byte	41
 553 020d 11       		.byte	17
 554 020e 2A       		.byte	42
 555 020f 04       		.byte	4
 556 0210 2C       		.byte	44
 557 0211 50       		.byte	80
 558 0212 31       		.byte	49
 559 0213 24       		.byte	36
 560 0214 32       		.byte	50
 561 0215 02       		.byte	2
 562 0216 35       		.byte	53
 563 0217 10       		.byte	16
 564 0218 36       		.byte	54
 565 0219 A0       		.byte	-96
 566 021a 37       		.byte	55
 567 021b 81       		.byte	-127
 568 021c 38       		.byte	56
 569 021d 80       		.byte	-128
 570 021e 39       		.byte	57
ARM GAS  C:\Users\doug_000\AppData\Local\Temp\cc1WTGBb.s 			page 11


 571 021f 05       		.byte	5
 572 0220 3D       		.byte	61
 573 0221 08       		.byte	8
 574 0222 5C       		.byte	92
 575 0223 20       		.byte	32
 576 0224 5E       		.byte	94
 577 0225 04       		.byte	4
 578 0226 5F       		.byte	95
 579 0227 80       		.byte	-128
 580 0228 68       		.byte	104
 581 0229 01       		.byte	1
 582 022a 69       		.byte	105
 583 022b 15       		.byte	21
 584 022c 70       		.byte	112
 585 022d 40       		.byte	64
 586 022e 71       		.byte	113
 587 022f 20       		.byte	32
 588 0230 72       		.byte	114
 589 0231 01       		.byte	1
 590 0232 73       		.byte	115
 591 0233 50       		.byte	80
 592 0234 87       		.byte	-121
 593 0235 40       		.byte	64
 594 0236 8E       		.byte	-114
 595 0237 01       		.byte	1
 596 0238 90       		.byte	-112
 597 0239 10       		.byte	16
 598 023a 91       		.byte	-111
 599 023b 08       		.byte	8
 600 023c 92       		.byte	-110
 601 023d C8       		.byte	-56
 602 023e 96       		.byte	-106
 603 023f 02       		.byte	2
 604 0240 9B       		.byte	-101
 605 0241 10       		.byte	16
 606 0242 9C       		.byte	-100
 607 0243 02       		.byte	2
 608 0244 9D       		.byte	-99
 609 0245 14       		.byte	20
 610 0246 9E       		.byte	-98
 611 0247 80       		.byte	-128
 612 0248 9F       		.byte	-97
 613 0249 05       		.byte	5
 614 024a A1       		.byte	-95
 615 024b 0C       		.byte	12
 616 024c A3       		.byte	-93
 617 024d 01       		.byte	1
 618 024e A6       		.byte	-90
 619 024f 02       		.byte	2
 620 0250 B3       		.byte	-77
 621 0251 08       		.byte	8
 622 0252 B6       		.byte	-74
 623 0253 01       		.byte	1
 624 0254 B7       		.byte	-73
 625 0255 20       		.byte	32
 626 0256 C0       		.byte	-64
 627 0257 0F       		.byte	15
ARM GAS  C:\Users\doug_000\AppData\Local\Temp\cc1WTGBb.s 			page 12


 628 0258 C2       		.byte	-62
 629 0259 9F       		.byte	-97
 630 025a C4       		.byte	-60
 631 025b 7F       		.byte	127
 632 025c CA       		.byte	-54
 633 025d C7       		.byte	-57
 634 025e CC       		.byte	-52
 635 025f 87       		.byte	-121
 636 0260 CE       		.byte	-50
 637 0261 4B       		.byte	75
 638 0262 D6       		.byte	-42
 639 0263 70       		.byte	112
 640 0264 E2       		.byte	-30
 641 0265 10       		.byte	16
 642 0266 EA       		.byte	-22
 643 0267 70       		.byte	112
 644 0268 00       		.byte	0
 645 0269 07       		.byte	7
 646 026a 01       		.byte	1
 647 026b 05       		.byte	5
 648 026c 04       		.byte	4
 649 026d 50       		.byte	80
 650 026e 06       		.byte	6
 651 026f A0       		.byte	-96
 652 0270 08       		.byte	8
 653 0271 04       		.byte	4
 654 0272 0E       		.byte	14
 655 0273 08       		.byte	8
 656 0274 10       		.byte	16
 657 0275 01       		.byte	1
 658 0276 14       		.byte	20
 659 0277 02       		.byte	2
 660 0278 17       		.byte	23
 661 0279 07       		.byte	7
 662 027a 18       		.byte	24
 663 027b 50       		.byte	80
 664 027c 1A       		.byte	26
 665 027d A2       		.byte	-94
 666 027e 1B       		.byte	27
 667 027f 07       		.byte	7
 668 0280 1C       		.byte	28
 669 0281 30       		.byte	48
 670 0282 1D       		.byte	29
 671 0283 04       		.byte	4
 672 0284 1E       		.byte	30
 673 0285 C1       		.byte	-63
 674 0286 1F       		.byte	31
 675 0287 03       		.byte	3
 676 0288 20       		.byte	32
 677 0289 30       		.byte	48
 678 028a 22       		.byte	34
 679 028b C0       		.byte	-64
 680 028c 26       		.byte	38
 681 028d F0       		.byte	-16
 682 028e 31       		.byte	49
 683 028f 02       		.byte	2
 684 0290 32       		.byte	50
ARM GAS  C:\Users\doug_000\AppData\Local\Temp\cc1WTGBb.s 			page 13


 685 0291 FF       		.byte	-1
 686 0292 33       		.byte	51
 687 0293 04       		.byte	4
 688 0294 35       		.byte	53
 689 0295 01       		.byte	1
 690 0296 3B       		.byte	59
 691 0297 02       		.byte	2
 692 0298 3E       		.byte	62
 693 0299 04       		.byte	4
 694 029a 3F       		.byte	63
 695 029b 14       		.byte	20
 696 029c 58       		.byte	88
 697 029d 04       		.byte	4
 698 029e 59       		.byte	89
 699 029f 04       		.byte	4
 700 02a0 5C       		.byte	92
 701 02a1 10       		.byte	16
 702 02a2 5F       		.byte	95
 703 02a3 01       		.byte	1
 704 02a4 82       		.byte	-126
 705 02a5 08       		.byte	8
 706 02a6 83       		.byte	-125
 707 02a7 20       		.byte	32
 708 02a8 86       		.byte	-122
 709 02a9 04       		.byte	4
 710 02aa 87       		.byte	-121
 711 02ab 08       		.byte	8
 712 02ac 89       		.byte	-119
 713 02ad 04       		.byte	4
 714 02ae 8A       		.byte	-118
 715 02af 02       		.byte	2
 716 02b0 8E       		.byte	-114
 717 02b1 01       		.byte	1
 718 02b2 8F       		.byte	-113
 719 02b3 02       		.byte	2
 720 02b4 90       		.byte	-112
 721 02b5 80       		.byte	-128
 722 02b6 91       		.byte	-111
 723 02b7 08       		.byte	8
 724 02b8 92       		.byte	-110
 725 02b9 40       		.byte	64
 726 02ba 93       		.byte	-109
 727 02bb 40       		.byte	64
 728 02bc 94       		.byte	-108
 729 02bd 10       		.byte	16
 730 02be 95       		.byte	-107
 731 02bf 02       		.byte	2
 732 02c0 96       		.byte	-106
 733 02c1 20       		.byte	32
 734 02c2 98       		.byte	-104
 735 02c3 01       		.byte	1
 736 02c4 9B       		.byte	-101
 737 02c5 20       		.byte	32
 738 02c6 9C       		.byte	-100
 739 02c7 04       		.byte	4
 740 02c8 9D       		.byte	-99
 741 02c9 20       		.byte	32
ARM GAS  C:\Users\doug_000\AppData\Local\Temp\cc1WTGBb.s 			page 14


 742 02ca 9F       		.byte	-97
 743 02cb 40       		.byte	64
 744 02cc A0       		.byte	-96
 745 02cd 02       		.byte	2
 746 02ce A3       		.byte	-93
 747 02cf 04       		.byte	4
 748 02d0 A4       		.byte	-92
 749 02d1 08       		.byte	8
 750 02d2 A7       		.byte	-89
 751 02d3 01       		.byte	1
 752 02d4 A8       		.byte	-88
 753 02d5 20       		.byte	32
 754 02d6 AA       		.byte	-86
 755 02d7 10       		.byte	16
 756 02d8 AB       		.byte	-85
 757 02d9 10       		.byte	16
 758 02da AC       		.byte	-84
 759 02db 40       		.byte	64
 760 02dc AD       		.byte	-83
 761 02dd 01       		.byte	1
 762 02de AE       		.byte	-82
 763 02df 80       		.byte	-128
 764 02e0 B2       		.byte	-78
 765 02e1 FF       		.byte	-1
 766 02e2 B3       		.byte	-77
 767 02e3 1F       		.byte	31
 768 02e4 B7       		.byte	-73
 769 02e5 60       		.byte	96
 770 02e6 B9       		.byte	-71
 771 02e7 08       		.byte	8
 772 02e8 BB       		.byte	-69
 773 02e9 80       		.byte	-128
 774 02ea BE       		.byte	-66
 775 02eb 04       		.byte	4
 776 02ec BF       		.byte	-65
 777 02ed 04       		.byte	4
 778 02ee D8       		.byte	-40
 779 02ef 04       		.byte	4
 780 02f0 D9       		.byte	-39
 781 02f1 04       		.byte	4
 782 02f2 DB       		.byte	-37
 783 02f3 04       		.byte	4
 784 02f4 DF       		.byte	-33
 785 02f5 01       		.byte	1
 786 02f6 00       		.byte	0
 787 02f7 18       		.byte	24
 788 02f8 02       		.byte	2
 789 02f9 80       		.byte	-128
 790 02fa 03       		.byte	3
 791 02fb 02       		.byte	2
 792 02fc 04       		.byte	4
 793 02fd 42       		.byte	66
 794 02fe 05       		.byte	5
 795 02ff 84       		.byte	-124
 796 0300 06       		.byte	6
 797 0301 20       		.byte	32
 798 0302 07       		.byte	7
ARM GAS  C:\Users\doug_000\AppData\Local\Temp\cc1WTGBb.s 			page 15


 799 0303 04       		.byte	4
 800 0304 08       		.byte	8
 801 0305 01       		.byte	1
 802 0306 09       		.byte	9
 803 0307 08       		.byte	8
 804 0308 0A       		.byte	10
 805 0309 40       		.byte	64
 806 030a 0B       		.byte	11
 807 030b 0A       		.byte	10
 808 030c 0C       		.byte	12
 809 030d 24       		.byte	36
 810 030e 0E       		.byte	14
 811 030f 82       		.byte	-126
 812 0310 0F       		.byte	15
 813 0311 20       		.byte	32
 814 0312 11       		.byte	17
 815 0313 08       		.byte	8
 816 0314 12       		.byte	18
 817 0315 40       		.byte	64
 818 0316 15       		.byte	21
 819 0317 94       		.byte	-108
 820 0318 16       		.byte	22
 821 0319 02       		.byte	2
 822 031a 17       		.byte	23
 823 031b 02       		.byte	2
 824 031c 18       		.byte	24
 825 031d 20       		.byte	32
 826 031e 1F       		.byte	31
 827 031f 08       		.byte	8
 828 0320 21       		.byte	33
 829 0321 25       		.byte	37
 830 0322 24       		.byte	36
 831 0323 02       		.byte	2
 832 0324 25       		.byte	37
 833 0325 04       		.byte	4
 834 0326 28       		.byte	40
 835 0327 10       		.byte	16
 836 0328 2B       		.byte	43
 837 0329 10       		.byte	16
 838 032a 2C       		.byte	44
 839 032b 20       		.byte	32
 840 032c 2D       		.byte	45
 841 032d 80       		.byte	-128
 842 032e 2E       		.byte	46
 843 032f 01       		.byte	1
 844 0330 2F       		.byte	47
 845 0331 08       		.byte	8
 846 0332 32       		.byte	50
 847 0333 44       		.byte	68
 848 0334 33       		.byte	51
 849 0335 10       		.byte	16
 850 0336 34       		.byte	52
 851 0337 10       		.byte	16
 852 0338 36       		.byte	54
 853 0339 02       		.byte	2
 854 033a 37       		.byte	55
 855 033b 44       		.byte	68
ARM GAS  C:\Users\doug_000\AppData\Local\Temp\cc1WTGBb.s 			page 16


 856 033c 39       		.byte	57
 857 033d C2       		.byte	-62
 858 033e 3A       		.byte	58
 859 033f 80       		.byte	-128
 860 0340 3C       		.byte	60
 861 0341 80       		.byte	-128
 862 0342 3D       		.byte	61
 863 0343 04       		.byte	4
 864 0344 3E       		.byte	62
 865 0345 22       		.byte	34
 866 0346 6D       		.byte	109
 867 0347 14       		.byte	20
 868 0348 6E       		.byte	110
 869 0349 83       		.byte	-125
 870 034a 74       		.byte	116
 871 034b 64       		.byte	100
 872 034c 76       		.byte	118
 873 034d 40       		.byte	64
 874 034e 77       		.byte	119
 875 034f 02       		.byte	2
 876 0350 80       		.byte	-128
 877 0351 40       		.byte	64
 878 0352 81       		.byte	-127
 879 0353 10       		.byte	16
 880 0354 84       		.byte	-124
 881 0355 10       		.byte	16
 882 0356 85       		.byte	-123
 883 0357 20       		.byte	32
 884 0358 86       		.byte	-122
 885 0359 01       		.byte	1
 886 035a 90       		.byte	-112
 887 035b 10       		.byte	16
 888 035c 92       		.byte	-110
 889 035d C8       		.byte	-56
 890 035e 93       		.byte	-109
 891 035f 51       		.byte	81
 892 0360 95       		.byte	-107
 893 0361 42       		.byte	66
 894 0362 96       		.byte	-106
 895 0363 02       		.byte	2
 896 0364 9B       		.byte	-101
 897 0365 10       		.byte	16
 898 0366 9C       		.byte	-100
 899 0367 24       		.byte	36
 900 0368 9D       		.byte	-99
 901 0369 14       		.byte	20
 902 036a 9E       		.byte	-98
 903 036b 80       		.byte	-128
 904 036c 9F       		.byte	-97
 905 036d 04       		.byte	4
 906 036e A1       		.byte	-95
 907 036f 08       		.byte	8
 908 0370 A6       		.byte	-90
 909 0371 82       		.byte	-126
 910 0372 A7       		.byte	-89
 911 0373 40       		.byte	64
 912 0374 A8       		.byte	-88
ARM GAS  C:\Users\doug_000\AppData\Local\Temp\cc1WTGBb.s 			page 17


 913 0375 02       		.byte	2
 914 0376 A9       		.byte	-87
 915 0377 04       		.byte	4
 916 0378 AF       		.byte	-81
 917 0379 0A       		.byte	10
 918 037a B2       		.byte	-78
 919 037b 50       		.byte	80
 920 037c B4       		.byte	-76
 921 037d 10       		.byte	16
 922 037e C0       		.byte	-64
 923 037f FF       		.byte	-1
 924 0380 C2       		.byte	-62
 925 0381 FF       		.byte	-1
 926 0382 C4       		.byte	-60
 927 0383 FC       		.byte	-4
 928 0384 CA       		.byte	-54
 929 0385 F0       		.byte	-16
 930 0386 CC       		.byte	-52
 931 0387 FE       		.byte	-2
 932 0388 CE       		.byte	-50
 933 0389 F1       		.byte	-15
 934 038a EA       		.byte	-22
 935 038b A0       		.byte	-96
 936 038c EE       		.byte	-18
 937 038d 40       		.byte	64
 938 038e 01       		.byte	1
 939 038f 01       		.byte	1
 940 0390 02       		.byte	2
 941 0391 08       		.byte	8
 942 0392 06       		.byte	6
 943 0393 04       		.byte	4
 944 0394 07       		.byte	7
 945 0395 20       		.byte	32
 946 0396 0A       		.byte	10
 947 0397 01       		.byte	1
 948 0398 0B       		.byte	11
 949 0399 20       		.byte	32
 950 039a 0C       		.byte	12
 951 039b 10       		.byte	16
 952 039c 0E       		.byte	14
 953 039d 20       		.byte	32
 954 039e 0F       		.byte	15
 955 039f 02       		.byte	2
 956 03a0 10       		.byte	16
 957 03a1 80       		.byte	-128
 958 03a2 12       		.byte	18
 959 03a3 40       		.byte	64
 960 03a4 13       		.byte	19
 961 03a5 04       		.byte	4
 962 03a6 15       		.byte	21
 963 03a7 04       		.byte	4
 964 03a8 16       		.byte	22
 965 03a9 02       		.byte	2
 966 03aa 17       		.byte	23
 967 03ab 20       		.byte	32
 968 03ac 18       		.byte	24
 969 03ad 01       		.byte	1
ARM GAS  C:\Users\doug_000\AppData\Local\Temp\cc1WTGBb.s 			page 18


 970 03ae 1B       		.byte	27
 971 03af 08       		.byte	8
 972 03b0 1C       		.byte	28
 973 03b1 04       		.byte	4
 974 03b2 1D       		.byte	29
 975 03b3 20       		.byte	32
 976 03b4 1F       		.byte	31
 977 03b5 40       		.byte	64
 978 03b6 20       		.byte	32
 979 03b7 02       		.byte	2
 980 03b8 23       		.byte	35
 981 03b9 10       		.byte	16
 982 03ba 24       		.byte	36
 983 03bb 08       		.byte	8
 984 03bc 27       		.byte	39
 985 03bd 01       		.byte	1
 986 03be 28       		.byte	40
 987 03bf 20       		.byte	32
 988 03c0 29       		.byte	41
 989 03c1 02       		.byte	2
 990 03c2 2A       		.byte	42
 991 03c3 10       		.byte	16
 992 03c4 2B       		.byte	43
 993 03c5 40       		.byte	64
 994 03c6 2C       		.byte	44
 995 03c7 40       		.byte	64
 996 03c8 2D       		.byte	45
 997 03c9 08       		.byte	8
 998 03ca 2E       		.byte	46
 999 03cb 80       		.byte	-128
 1000 03cc 2F       		.byte	47
 1001 03cd 20       		.byte	32
 1002 03ce 35       		.byte	53
 1003 03cf 60       		.byte	96
 1004 03d0 36       		.byte	54
 1005 03d1 FF       		.byte	-1
 1006 03d2 37       		.byte	55
 1007 03d3 1F       		.byte	31
 1008 03d4 39       		.byte	57
 1009 03d5 80       		.byte	-128
 1010 03d6 3B       		.byte	59
 1011 03d7 20       		.byte	32
 1012 03d8 3E       		.byte	62
 1013 03d9 40       		.byte	64
 1014 03da 3F       		.byte	63
 1015 03db 40       		.byte	64
 1016 03dc 58       		.byte	88
 1017 03dd 04       		.byte	4
 1018 03de 59       		.byte	89
 1019 03df 04       		.byte	4
 1020 03e0 5B       		.byte	91
 1021 03e1 04       		.byte	4
 1022 03e2 5F       		.byte	95
 1023 03e3 01       		.byte	1
 1024 03e4 81       		.byte	-127
 1025 03e5 09       		.byte	9
 1026 03e6 85       		.byte	-123
ARM GAS  C:\Users\doug_000\AppData\Local\Temp\cc1WTGBb.s 			page 19


 1027 03e7 12       		.byte	18
 1028 03e8 8A       		.byte	-118
 1029 03e9 F0       		.byte	-16
 1030 03ea 8B       		.byte	-117
 1031 03eb 20       		.byte	32
 1032 03ec 8E       		.byte	-114
 1033 03ed 08       		.byte	8
 1034 03ee 8F       		.byte	-113
 1035 03ef 01       		.byte	1
 1036 03f0 90       		.byte	-112
 1037 03f1 30       		.byte	48
 1038 03f2 92       		.byte	-110
 1039 03f3 C0       		.byte	-64
 1040 03f4 94       		.byte	-108
 1041 03f5 50       		.byte	80
 1042 03f6 96       		.byte	-106
 1043 03f7 A0       		.byte	-96
 1044 03f8 97       		.byte	-105
 1045 03f9 10       		.byte	16
 1046 03fa 98       		.byte	-104
 1047 03fb 07       		.byte	7
 1048 03fc 99       		.byte	-103
 1049 03fd 03       		.byte	3
 1050 03fe 9C       		.byte	-100
 1051 03ff 30       		.byte	48
 1052 0400 9D       		.byte	-99
 1053 0401 18       		.byte	24
 1054 0402 9E       		.byte	-98
 1055 0403 C1       		.byte	-63
 1056 0404 A0       		.byte	-96
 1057 0405 04       		.byte	4
 1058 0406 A4       		.byte	-92
 1059 0407 50       		.byte	80
 1060 0408 A6       		.byte	-90
 1061 0409 A2       		.byte	-94
 1062 040a A7       		.byte	-89
 1063 040b 04       		.byte	4
 1064 040c A8       		.byte	-88
 1065 040d 02       		.byte	2
 1066 040e AB       		.byte	-85
 1067 040f 02       		.byte	2
 1068 0410 AC       		.byte	-84
 1069 0411 01       		.byte	1
 1070 0412 AF       		.byte	-81
 1071 0413 08       		.byte	8
 1072 0414 B2       		.byte	-78
 1073 0415 FF       		.byte	-1
 1074 0416 B3       		.byte	-77
 1075 0417 07       		.byte	7
 1076 0418 B7       		.byte	-73
 1077 0419 38       		.byte	56
 1078 041a B9       		.byte	-71
 1079 041b 88       		.byte	-120
 1080 041c BE       		.byte	-66
 1081 041d 04       		.byte	4
 1082 041e D8       		.byte	-40
 1083 041f 04       		.byte	4
ARM GAS  C:\Users\doug_000\AppData\Local\Temp\cc1WTGBb.s 			page 20


 1084 0420 D9       		.byte	-39
 1085 0421 04       		.byte	4
 1086 0422 DF       		.byte	-33
 1087 0423 01       		.byte	1
 1088 0424 00       		.byte	0
 1089 0425 10       		.byte	16
 1090 0426 03       		.byte	3
 1091 0427 02       		.byte	2
 1092 0428 04       		.byte	4
 1093 0429 42       		.byte	66
 1094 042a 05       		.byte	5
 1095 042b 14       		.byte	20
 1096 042c 08       		.byte	8
 1097 042d 30       		.byte	48
 1098 042e 0A       		.byte	10
 1099 042f 58       		.byte	88
 1100 0430 0B       		.byte	11
 1101 0431 02       		.byte	2
 1102 0432 0C       		.byte	12
 1103 0433 28       		.byte	40
 1104 0434 0E       		.byte	14
 1105 0435 A2       		.byte	-94
 1106 0436 10       		.byte	16
 1107 0437 04       		.byte	4
 1108 0438 13       		.byte	19
 1109 0439 55       		.byte	85
 1110 043a 15       		.byte	21
 1111 043b 94       		.byte	-108
 1112 043c 17       		.byte	23
 1113 043d 01       		.byte	1
 1114 043e 19       		.byte	25
 1115 043f 08       		.byte	8
 1116 0440 1F       		.byte	31
 1117 0441 40       		.byte	64
 1118 0442 22       		.byte	34
 1119 0443 84       		.byte	-124
 1120 0444 26       		.byte	38
 1121 0445 10       		.byte	16
 1122 0446 27       		.byte	39
 1123 0447 06       		.byte	6
 1124 0448 28       		.byte	40
 1125 0449 05       		.byte	5
 1126 044a 29       		.byte	41
 1127 044b 08       		.byte	8
 1128 044c 2C       		.byte	44
 1129 044d 28       		.byte	40
 1130 044e 2D       		.byte	45
 1131 044f 80       		.byte	-128
 1132 0450 2F       		.byte	47
 1133 0451 40       		.byte	64
 1134 0452 30       		.byte	48
 1135 0453 10       		.byte	16
 1136 0454 31       		.byte	49
 1137 0455 08       		.byte	8
 1138 0456 32       		.byte	50
 1139 0457 80       		.byte	-128
 1140 0458 35       		.byte	53
ARM GAS  C:\Users\doug_000\AppData\Local\Temp\cc1WTGBb.s 			page 21


 1141 0459 04       		.byte	4
 1142 045a 36       		.byte	54
 1143 045b 01       		.byte	1
 1144 045c 37       		.byte	55
 1145 045d 50       		.byte	80
 1146 045e 38       		.byte	56
 1147 045f 20       		.byte	32
 1148 0460 3B       		.byte	59
 1149 0461 4A       		.byte	74
 1150 0462 3C       		.byte	60
 1151 0463 80       		.byte	-128
 1152 0464 3E       		.byte	62
 1153 0465 05       		.byte	5
 1154 0466 3F       		.byte	63
 1155 0467 20       		.byte	32
 1156 0468 4C       		.byte	76
 1157 0469 01       		.byte	1
 1158 046a 4D       		.byte	77
 1159 046b 80       		.byte	-128
 1160 046c 4E       		.byte	78
 1161 046d 02       		.byte	2
 1162 046e 59       		.byte	89
 1163 046f 02       		.byte	2
 1164 0470 5A       		.byte	90
 1165 0471 01       		.byte	1
 1166 0472 67       		.byte	103
 1167 0473 0C       		.byte	12
 1168 0474 6D       		.byte	109
 1169 0475 14       		.byte	20
 1170 0476 6E       		.byte	110
 1171 0477 82       		.byte	-126
 1172 0478 6F       		.byte	111
 1173 0479 10       		.byte	16
 1174 047a 74       		.byte	116
 1175 047b 61       		.byte	97
 1176 047c 76       		.byte	118
 1177 047d 20       		.byte	32
 1178 047e 77       		.byte	119
 1179 047f 01       		.byte	1
 1180 0480 7C       		.byte	124
 1181 0481 40       		.byte	64
 1182 0482 7E       		.byte	126
 1183 0483 01       		.byte	1
 1184 0484 90       		.byte	-112
 1185 0485 22       		.byte	34
 1186 0486 93       		.byte	-109
 1187 0487 51       		.byte	81
 1188 0488 95       		.byte	-107
 1189 0489 80       		.byte	-128
 1190 048a 96       		.byte	-106
 1191 048b 02       		.byte	2
 1192 048c 97       		.byte	-105
 1193 048d 0A       		.byte	10
 1194 048e 98       		.byte	-104
 1195 048f 01       		.byte	1
 1196 0490 9C       		.byte	-100
 1197 0491 20       		.byte	32
ARM GAS  C:\Users\doug_000\AppData\Local\Temp\cc1WTGBb.s 			page 22


 1198 0492 9D       		.byte	-99
 1199 0493 14       		.byte	20
 1200 0494 9F       		.byte	-97
 1201 0495 44       		.byte	68
 1202 0496 A1       		.byte	-95
 1203 0497 08       		.byte	8
 1204 0498 A6       		.byte	-90
 1205 0499 82       		.byte	-126
 1206 049a A7       		.byte	-89
 1207 049b 42       		.byte	66
 1208 049c AD       		.byte	-83
 1209 049d 04       		.byte	4
 1210 049e C0       		.byte	-64
 1211 049f F3       		.byte	-13
 1212 04a0 C2       		.byte	-62
 1213 04a1 FF       		.byte	-1
 1214 04a2 C4       		.byte	-60
 1215 04a3 FF       		.byte	-1
 1216 04a4 CA       		.byte	-54
 1217 04a5 FE       		.byte	-2
 1218 04a6 CC       		.byte	-52
 1219 04a7 FE       		.byte	-2
 1220 04a8 CE       		.byte	-50
 1221 04a9 FF       		.byte	-1
 1222 04aa 80       		.byte	-128
 1223 04ab 04       		.byte	4
 1224 04ac 83       		.byte	-125
 1225 04ad 40       		.byte	64
 1226 04ae 90       		.byte	-112
 1227 04af 08       		.byte	8
 1228 04b0 A7       		.byte	-89
 1229 04b1 40       		.byte	64
 1230 04b2 B2       		.byte	-78
 1231 04b3 04       		.byte	4
 1232 04b4 EA       		.byte	-22
 1233 04b5 80       		.byte	-128
 1234 04b6 00       		.byte	0
 1235 04b7 55       		.byte	85
 1236 04b8 01       		.byte	1
 1237 04b9 06       		.byte	6
 1238 04ba 02       		.byte	2
 1239 04bb AA       		.byte	-86
 1240 04bc 03       		.byte	3
 1241 04bd 18       		.byte	24
 1242 04be 09       		.byte	9
 1243 04bf 0A       		.byte	10
 1244 04c0 0A       		.byte	10
 1245 04c1 25       		.byte	37
 1246 04c2 0B       		.byte	11
 1247 04c3 14       		.byte	20
 1248 04c4 0D       		.byte	13
 1249 04c5 06       		.byte	6
 1250 04c6 0E       		.byte	14
 1251 04c7 55       		.byte	85
 1252 04c8 0F       		.byte	15
 1253 04c9 18       		.byte	24
 1254 04ca 13       		.byte	19
ARM GAS  C:\Users\doug_000\AppData\Local\Temp\cc1WTGBb.s 			page 23


 1255 04cb 1E       		.byte	30
 1256 04cc 16       		.byte	22
 1257 04cd 09       		.byte	9
 1258 04ce 1A       		.byte	26
 1259 04cf 55       		.byte	85
 1260 04d0 1E       		.byte	30
 1261 04d1 95       		.byte	-107
 1262 04d2 22       		.byte	34
 1263 04d3 02       		.byte	2
 1264 04d4 26       		.byte	38
 1265 04d5 15       		.byte	21
 1266 04d6 29       		.byte	41
 1267 04d7 0A       		.byte	10
 1268 04d8 2A       		.byte	42
 1269 04d9 55       		.byte	85
 1270 04da 2B       		.byte	43
 1271 04db 14       		.byte	20
 1272 04dc 2F       		.byte	47
 1273 04dd 01       		.byte	1
 1274 04de 30       		.byte	48
 1275 04df 03       		.byte	3
 1276 04e0 31       		.byte	49
 1277 04e1 1F       		.byte	31
 1278 04e2 32       		.byte	50
 1279 04e3 0C       		.byte	12
 1280 04e4 34       		.byte	52
 1281 04e5 30       		.byte	48
 1282 04e6 36       		.byte	54
 1283 04e7 C0       		.byte	-64
 1284 04e8 3A       		.byte	58
 1285 04e9 AA       		.byte	-86
 1286 04ea 3F       		.byte	63
 1287 04eb 01       		.byte	1
 1288 04ec 58       		.byte	88
 1289 04ed 04       		.byte	4
 1290 04ee 59       		.byte	89
 1291 04ef 04       		.byte	4
 1292 04f0 5B       		.byte	91
 1293 04f1 04       		.byte	4
 1294 04f2 5F       		.byte	95
 1295 04f3 01       		.byte	1
 1296 04f4 82       		.byte	-126
 1297 04f5 01       		.byte	1
 1298 04f6 83       		.byte	-125
 1299 04f7 04       		.byte	4
 1300 04f8 84       		.byte	-124
 1301 04f9 20       		.byte	32
 1302 04fa 86       		.byte	-122
 1303 04fb 10       		.byte	16
 1304 04fc 87       		.byte	-121
 1305 04fd 08       		.byte	8
 1306 04fe 8A       		.byte	-118
 1307 04ff 02       		.byte	2
 1308 0500 8B       		.byte	-117
 1309 0501 01       		.byte	1
 1310 0502 8D       		.byte	-115
 1311 0503 04       		.byte	4
ARM GAS  C:\Users\doug_000\AppData\Local\Temp\cc1WTGBb.s 			page 24


 1312 0504 8E       		.byte	-114
 1313 0505 08       		.byte	8
 1314 0506 91       		.byte	-111
 1315 0507 08       		.byte	8
 1316 0508 92       		.byte	-110
 1317 0509 04       		.byte	4
 1318 050a 94       		.byte	-108
 1319 050b 40       		.byte	64
 1320 050c 95       		.byte	-107
 1321 050d 02       		.byte	2
 1322 050e 96       		.byte	-106
 1323 050f 80       		.byte	-128
 1324 0510 98       		.byte	-104
 1325 0511 10       		.byte	16
 1326 0512 99       		.byte	-103
 1327 0513 20       		.byte	32
 1328 0514 9A       		.byte	-102
 1329 0515 20       		.byte	32
 1330 0516 9B       		.byte	-101
 1331 0517 40       		.byte	64
 1332 0518 9C       		.byte	-100
 1333 0519 04       		.byte	4
 1334 051a 9D       		.byte	-99
 1335 051b E0       		.byte	-32
 1336 051c A0       		.byte	-96
 1337 051d 02       		.byte	2
 1338 051e A3       		.byte	-93
 1339 051f 02       		.byte	2
 1340 0520 A4       		.byte	-92
 1341 0521 01       		.byte	1
 1342 0522 A7       		.byte	-89
 1343 0523 10       		.byte	16
 1344 0524 A8       		.byte	-88
 1345 0525 08       		.byte	8
 1346 0526 A9       		.byte	-87
 1347 0527 C0       		.byte	-64
 1348 0528 AB       		.byte	-85
 1349 0529 20       		.byte	32
 1350 052a AC       		.byte	-84
 1351 052b 80       		.byte	-128
 1352 052c AD       		.byte	-83
 1353 052d 01       		.byte	1
 1354 052e AE       		.byte	-82
 1355 052f 40       		.byte	64
 1356 0530 B1       		.byte	-79
 1357 0531 60       		.byte	96
 1358 0532 B2       		.byte	-78
 1359 0533 FF       		.byte	-1
 1360 0534 B3       		.byte	-77
 1361 0535 1F       		.byte	31
 1362 0536 B7       		.byte	-73
 1363 0537 80       		.byte	-128
 1364 0538 B9       		.byte	-71
 1365 0539 08       		.byte	8
 1366 053a BE       		.byte	-66
 1367 053b 04       		.byte	4
 1368 053c BF       		.byte	-65
ARM GAS  C:\Users\doug_000\AppData\Local\Temp\cc1WTGBb.s 			page 25


 1369 053d 04       		.byte	4
 1370 053e D8       		.byte	-40
 1371 053f 04       		.byte	4
 1372 0540 D9       		.byte	-39
 1373 0541 04       		.byte	4
 1374 0542 DB       		.byte	-37
 1375 0543 04       		.byte	4
 1376 0544 DF       		.byte	-33
 1377 0545 01       		.byte	1
 1378 0546 00       		.byte	0
 1379 0547 08       		.byte	8
 1380 0548 01       		.byte	1
 1381 0549 02       		.byte	2
 1382 054a 02       		.byte	2
 1383 054b 42       		.byte	66
 1384 054c 03       		.byte	3
 1385 054d 04       		.byte	4
 1386 054e 05       		.byte	5
 1387 054f 90       		.byte	-112
 1388 0550 07       		.byte	7
 1389 0551 40       		.byte	64
 1390 0552 08       		.byte	8
 1391 0553 18       		.byte	24
 1392 0554 09       		.byte	9
 1393 0555 08       		.byte	8
 1394 0556 0A       		.byte	10
 1395 0557 05       		.byte	5
 1396 0558 0B       		.byte	11
 1397 0559 80       		.byte	-128
 1398 055a 0C       		.byte	12
 1399 055b 10       		.byte	16
 1400 055c 0E       		.byte	14
 1401 055d 22       		.byte	34
 1402 055e 10       		.byte	16
 1403 055f 02       		.byte	2
 1404 0560 13       		.byte	19
 1405 0561 25       		.byte	37
 1406 0562 14       		.byte	20
 1407 0563 08       		.byte	8
 1408 0564 16       		.byte	22
 1409 0565 80       		.byte	-128
 1410 0566 17       		.byte	23
 1411 0567 04       		.byte	4
 1412 0568 19       		.byte	25
 1413 0569 08       		.byte	8
 1414 056a 1C       		.byte	28
 1415 056b 80       		.byte	-128
 1416 056c 1D       		.byte	29
 1417 056d 10       		.byte	16
 1418 056e 1E       		.byte	30
 1419 056f 22       		.byte	34
 1420 0570 1F       		.byte	31
 1421 0571 45       		.byte	69
 1422 0572 20       		.byte	32
 1423 0573 10       		.byte	16
 1424 0574 21       		.byte	33
 1425 0575 40       		.byte	64
ARM GAS  C:\Users\doug_000\AppData\Local\Temp\cc1WTGBb.s 			page 26


 1426 0576 22       		.byte	34
 1427 0577 01       		.byte	1
 1428 0578 27       		.byte	39
 1429 0579 40       		.byte	64
 1430 057a 28       		.byte	40
 1431 057b 08       		.byte	8
 1432 057c 29       		.byte	41
 1433 057d 08       		.byte	8
 1434 057e 2A       		.byte	42
 1435 057f 42       		.byte	66
 1436 0580 2F       		.byte	47
 1437 0581 06       		.byte	6
 1438 0582 30       		.byte	48
 1439 0583 10       		.byte	16
 1440 0584 32       		.byte	50
 1441 0585 02       		.byte	2
 1442 0586 33       		.byte	51
 1443 0587 44       		.byte	68
 1444 0588 37       		.byte	55
 1445 0589 02       		.byte	2
 1446 058a 38       		.byte	56
 1447 058b 20       		.byte	32
 1448 058c 39       		.byte	57
 1449 058d 05       		.byte	5
 1450 058e 3B       		.byte	59
 1451 058f 80       		.byte	-128
 1452 0590 3C       		.byte	60
 1453 0591 82       		.byte	-126
 1454 0592 3E       		.byte	62
 1455 0593 A0       		.byte	-96
 1456 0594 61       		.byte	97
 1457 0595 08       		.byte	8
 1458 0596 63       		.byte	99
 1459 0597 20       		.byte	32
 1460 0598 68       		.byte	104
 1461 0599 06       		.byte	6
 1462 059a 69       		.byte	105
 1463 059b 05       		.byte	5
 1464 059c 6A       		.byte	106
 1465 059d 01       		.byte	1
 1466 059e 6B       		.byte	107
 1467 059f 20       		.byte	32
 1468 05a0 6C       		.byte	108
 1469 05a1 04       		.byte	4
 1470 05a2 6F       		.byte	111
 1471 05a3 02       		.byte	2
 1472 05a4 70       		.byte	112
 1473 05a5 10       		.byte	16
 1474 05a6 72       		.byte	114
 1475 05a7 52       		.byte	82
 1476 05a8 73       		.byte	115
 1477 05a9 05       		.byte	5
 1478 05aa 81       		.byte	-127
 1479 05ab 5E       		.byte	94
 1480 05ac 82       		.byte	-126
 1481 05ad 01       		.byte	1
 1482 05ae 84       		.byte	-124
ARM GAS  C:\Users\doug_000\AppData\Local\Temp\cc1WTGBb.s 			page 27


 1483 05af 10       		.byte	16
 1484 05b0 86       		.byte	-122
 1485 05b1 81       		.byte	-127
 1486 05b2 92       		.byte	-110
 1487 05b3 08       		.byte	8
 1488 05b4 94       		.byte	-108
 1489 05b5 10       		.byte	16
 1490 05b6 95       		.byte	-107
 1491 05b7 80       		.byte	-128
 1492 05b8 96       		.byte	-106
 1493 05b9 56       		.byte	86
 1494 05ba 97       		.byte	-105
 1495 05bb 0A       		.byte	10
 1496 05bc 99       		.byte	-103
 1497 05bd 80       		.byte	-128
 1498 05be 9A       		.byte	-102
 1499 05bf 20       		.byte	32
 1500 05c0 9B       		.byte	-101
 1501 05c1 06       		.byte	6
 1502 05c2 9D       		.byte	-99
 1503 05c3 16       		.byte	22
 1504 05c4 9F       		.byte	-97
 1505 05c5 40       		.byte	64
 1506 05c6 A0       		.byte	-96
 1507 05c7 01       		.byte	1
 1508 05c8 A2       		.byte	-94
 1509 05c9 82       		.byte	-126
 1510 05ca A7       		.byte	-89
 1511 05cb 52       		.byte	82
 1512 05cc C0       		.byte	-64
 1513 05cd DF       		.byte	-33
 1514 05ce C2       		.byte	-62
 1515 05cf EF       		.byte	-17
 1516 05d0 C4       		.byte	-60
 1517 05d1 7F       		.byte	127
 1518 05d2 CA       		.byte	-54
 1519 05d3 3F       		.byte	63
 1520 05d4 CC       		.byte	-52
 1521 05d5 8F       		.byte	-113
 1522 05d6 CE       		.byte	-50
 1523 05d7 BF       		.byte	-65
 1524 05d8 B9       		.byte	-71
 1525 05d9 80       		.byte	-128
 1526 05da BF       		.byte	-65
 1527 05db 40       		.byte	64
 1528 05dc D9       		.byte	-39
 1529 05dd 04       		.byte	4
 1530 05de DF       		.byte	-33
 1531 05df 01       		.byte	1
 1532 05e0 20       		.byte	32
 1533 05e1 02       		.byte	2
 1534 05e2 B0       		.byte	-80
 1535 05e3 01       		.byte	1
 1536 05e4 53       		.byte	83
 1537 05e5 80       		.byte	-128
 1538 05e6 55       		.byte	85
 1539 05e7 01       		.byte	1
ARM GAS  C:\Users\doug_000\AppData\Local\Temp\cc1WTGBb.s 			page 28


 1540 05e8 56       		.byte	86
 1541 05e9 08       		.byte	8
 1542 05ea 59       		.byte	89
 1543 05eb 40       		.byte	64
 1544 05ec 5B       		.byte	91
 1545 05ed 02       		.byte	2
 1546 05ee 5C       		.byte	92
 1547 05ef 08       		.byte	8
 1548 05f0 62       		.byte	98
 1549 05f1 08       		.byte	8
 1550 05f2 66       		.byte	102
 1551 05f3 01       		.byte	1
 1552 05f4 81       		.byte	-127
 1553 05f5 01       		.byte	1
 1554 05f6 82       		.byte	-126
 1555 05f7 01       		.byte	1
 1556 05f8 85       		.byte	-123
 1557 05f9 40       		.byte	64
 1558 05fa 88       		.byte	-120
 1559 05fb 08       		.byte	8
 1560 05fc D4       		.byte	-44
 1561 05fd E0       		.byte	-32
 1562 05fe D6       		.byte	-42
 1563 05ff E0       		.byte	-32
 1564 0600 D8       		.byte	-40
 1565 0601 C0       		.byte	-64
 1566 0602 E2       		.byte	-30
 1567 0603 20       		.byte	32
 1568 0604 E6       		.byte	-26
 1569 0605 90       		.byte	-112
 1570 0606 51       		.byte	81
 1571 0607 21       		.byte	33
 1572 0608 57       		.byte	87
 1573 0609 08       		.byte	8
 1574 060a 5B       		.byte	91
 1575 060b 08       		.byte	8
 1576 060c 5E       		.byte	94
 1577 060d 41       		.byte	65
 1578 060e 63       		.byte	99
 1579 060f 20       		.byte	32
 1580 0610 64       		.byte	100
 1581 0611 08       		.byte	8
 1582 0612 86       		.byte	-122
 1583 0613 08       		.byte	8
 1584 0614 8F       		.byte	-113
 1585 0615 10       		.byte	16
 1586 0616 A6       		.byte	-90
 1587 0617 08       		.byte	8
 1588 0618 B2       		.byte	-78
 1589 0619 08       		.byte	8
 1590 061a B7       		.byte	-73
 1591 061b 82       		.byte	-126
 1592 061c D4       		.byte	-44
 1593 061d E0       		.byte	-32
 1594 061e D6       		.byte	-42
 1595 061f E0       		.byte	-32
 1596 0620 D8       		.byte	-40
ARM GAS  C:\Users\doug_000\AppData\Local\Temp\cc1WTGBb.s 			page 29


 1597 0621 C0       		.byte	-64
 1598 0622 E2       		.byte	-30
 1599 0623 10       		.byte	16
 1600 0624 87       		.byte	-121
 1601 0625 08       		.byte	8
 1602 0626 9F       		.byte	-97
 1603 0627 08       		.byte	8
 1604 0628 A5       		.byte	-91
 1605 0629 20       		.byte	32
 1606 062a AD       		.byte	-83
 1607 062b 01       		.byte	1
 1608 062c AE       		.byte	-82
 1609 062d 01       		.byte	1
 1610 062e B0       		.byte	-80
 1611 062f 08       		.byte	8
 1612 0630 B3       		.byte	-77
 1613 0631 08       		.byte	8
 1614 0632 B6       		.byte	-74
 1615 0633 40       		.byte	64
 1616 0634 E2       		.byte	-30
 1617 0635 10       		.byte	16
 1618 0636 EA       		.byte	-22
 1619 0637 10       		.byte	16
 1620 0638 EE       		.byte	-18
 1621 0639 40       		.byte	64
 1622 063a AD       		.byte	-83
 1623 063b 20       		.byte	32
 1624 063c EA       		.byte	-22
 1625 063d 10       		.byte	16
 1626 063e 84       		.byte	-124
 1627 063f 20       		.byte	32
 1628 0640 E6       		.byte	-26
 1629 0641 10       		.byte	16
 1630 0642 07       		.byte	7
 1631 0643 10       		.byte	16
 1632 0644 53       		.byte	83
 1633 0645 04       		.byte	4
 1634 0646 5B       		.byte	91
 1635 0647 40       		.byte	64
 1636 0648 60       		.byte	96
 1637 0649 20       		.byte	32
 1638 064a 83       		.byte	-125
 1639 064b 50       		.byte	80
 1640 064c 93       		.byte	-109
 1641 064d 08       		.byte	8
 1642 064e 98       		.byte	-104
 1643 064f 20       		.byte	32
 1644 0650 B3       		.byte	-77
 1645 0651 04       		.byte	4
 1646 0652 C0       		.byte	-64
 1647 0653 20       		.byte	32
 1648 0654 D4       		.byte	-44
 1649 0655 A0       		.byte	-96
 1650 0656 D8       		.byte	-40
 1651 0657 40       		.byte	64
 1652 0658 E0       		.byte	-32
 1653 0659 20       		.byte	32
ARM GAS  C:\Users\doug_000\AppData\Local\Temp\cc1WTGBb.s 			page 30


 1654 065a E6       		.byte	-26
 1655 065b 80       		.byte	-128
 1656 065c 64       		.byte	100
 1657 065d 08       		.byte	8
 1658 065e 98       		.byte	-104
 1659 065f 08       		.byte	8
 1660 0660 B0       		.byte	-80
 1661 0661 08       		.byte	8
 1662 0662 D8       		.byte	-40
 1663 0663 01       		.byte	1
 1664 0664 E8       		.byte	-24
 1665 0665 01       		.byte	1
 1666 0666 00       		.byte	0
 1667 0667 03       		.byte	3
 1668 0668 08       		.byte	8
 1669 0669 03       		.byte	3
 1670 066a 0A       		.byte	10
 1671 066b 03       		.byte	3
 1672 066c 10       		.byte	16
 1673 066d 01       		.byte	1
 1674 066e 1A       		.byte	26
 1675 066f 01       		.byte	1
 1676 0670 00       		.byte	0
 1677 0671 FF       		.byte	-1
 1678 0672 FF       		.byte	-1
 1679 0673 00       		.byte	0
 1680 0674 FF       		.byte	-1
 1681 0675 00       		.byte	0
 1682 0676 00       		.byte	0
 1683 0677 00       		.byte	0
 1684 0678 00       		.byte	0
 1685 0679 0F       		.byte	15
 1686 067a 0F       		.byte	15
 1687 067b 00       		.byte	0
 1688 067c 0F       		.byte	15
 1689 067d 00       		.byte	0
 1690 067e 00       		.byte	0
 1691 067f 00       		.byte	0
 1692 0680 00       		.byte	0
 1693 0681 0C       		.byte	12
 1694 0682 0C       		.byte	12
 1695 0683 00       		.byte	0
 1696 0684 0C       		.byte	12
 1697 0685 00       		.byte	0
 1698 0686 00       		.byte	0
 1699 0687 00       		.byte	0
 1700 0688 00       		.byte	0
 1701 0689 0B       		.byte	11
 1702 068a 0B       		.byte	11
 1703 068b 00       		.byte	0
 1704 068c 00       		.byte	0
 1705 068d 00       		.byte	0
 1706 068e 00       		.byte	0
 1707 068f 00       		.byte	0
 1708 0690 02       		.byte	2
 1709 0691 00       		.byte	0
 1710 0692 00       		.byte	0
ARM GAS  C:\Users\doug_000\AppData\Local\Temp\cc1WTGBb.s 			page 31


 1711 0693 FF       		.byte	-1
 1712 0694 FD       		.byte	-3
 1713 0695 20       		.byte	32
 1714 0696 FD       		.byte	-3
 1715 0697 00       		.byte	0
 1716 0698 00       		.byte	0
 1717 0699 00       		.byte	0
 1718 069a 00       		.byte	0
 1719 069b 00       		.byte	0
 1720 069c 00       		.byte	0
 1721 069d FF       		.byte	-1
 1722 069e FF       		.byte	-1
 1723 069f 00       		.byte	0
 1724 06a0 FF       		.byte	-1
 1725 06a1 00       		.byte	0
 1726 06a2 00       		.byte	0
 1727 06a3 00       		.byte	0
 1728 06a4 00       		.byte	0
 1729 06a5 10       		.byte	16
 1730 06a6 10       		.byte	16
 1731 06a7 00       		.byte	0
 1732 06a8 10       		.byte	16
 1733 06a9 00       		.byte	0
 1734 06aa 00       		.byte	0
 1735 06ab 00       		.byte	0
 1736              		.section	.cywolatch,"a",%progbits
 1737              		.align	2
 1738              		.type	cy_meta_wonvl, %object
 1739              		.size	cy_meta_wonvl, 4
 1740              	cy_meta_wonvl:
 1741 0000 BC       		.byte	-68
 1742 0001 90       		.byte	-112
 1743 0002 AC       		.byte	-84
 1744 0003 AF       		.byte	-81
 1745              		.section	.cycustnvl,"a",%progbits
 1746              		.align	2
 1747              		.type	cy_meta_custnvl, %object
 1748              		.size	cy_meta_custnvl, 4
 1749              	cy_meta_custnvl:
 1750 0000 00       		.byte	0
 1751 0001 00       		.byte	0
 1752 0002 40       		.byte	64
 1753 0003 05       		.byte	5
 1754              		.section	.cymeta,"a",%progbits
 1755              		.align	2
 1756              		.type	cy_metadata, %object
 1757              		.size	cy_metadata, 12
 1758              	cy_metadata:
 1759 0000 00       		.byte	0
 1760 0001 01       		.byte	1
 1761 0002 2E       		.byte	46
 1762 0003 13       		.byte	19
 1763 0004 30       		.byte	48
 1764 0005 69       		.byte	105
 1765 0006 00       		.byte	0
 1766 0007 01       		.byte	1
 1767 0008 00       		.byte	0
ARM GAS  C:\Users\doug_000\AppData\Local\Temp\cc1WTGBb.s 			page 32


 1768 0009 00       		.byte	0
 1769 000a 00       		.byte	0
 1770 000b 00       		.byte	0
 1771              		.section	.cyflashprotect,"a",%progbits
 1772              		.align	2
 1773              		.type	cy_meta_flashprotect, %object
 1774              		.size	cy_meta_flashprotect, 128
 1775              	cy_meta_flashprotect:
 1776 0000 00000000 		.space	128
 1776      00000000 
 1776      00000000 
 1776      00000000 
 1776      00000000 
 1777              		.text
 1778              	.Letext0:
 1779              		.file 1 "Generated_Source\\PSoC5\\cymetadata.c"
 1780              		.file 2 "Generated_Source\\PSoC5\\cytypes.h"
 1781              		.section	.debug_info,"",%progbits
 1782              	.Ldebug_info0:
 1783 0000 3B010000 		.4byte	0x13b
 1784 0004 0400     		.2byte	0x4
 1785 0006 00000000 		.4byte	.Ldebug_abbrev0
 1786 000a 04       		.byte	0x4
 1787 000b 01       		.uleb128 0x1
 1788 000c CE000000 		.4byte	.LASF18
 1789 0010 01       		.byte	0x1
 1790 0011 E4010000 		.4byte	.LASF19
 1791 0015 00000000 		.4byte	.LASF20
 1792 0019 00000000 		.4byte	.Ldebug_line0
 1793 001d 02       		.uleb128 0x2
 1794 001e 01       		.byte	0x1
 1795 001f 06       		.byte	0x6
 1796 0020 D8010000 		.4byte	.LASF0
 1797 0024 02       		.uleb128 0x2
 1798 0025 01       		.byte	0x1
 1799 0026 08       		.byte	0x8
 1800 0027 72000000 		.4byte	.LASF1
 1801 002b 02       		.uleb128 0x2
 1802 002c 02       		.byte	0x2
 1803 002d 05       		.byte	0x5
 1804 002e BF010000 		.4byte	.LASF2
 1805 0032 02       		.uleb128 0x2
 1806 0033 02       		.byte	0x2
 1807 0034 07       		.byte	0x7
 1808 0035 92000000 		.4byte	.LASF3
 1809 0039 02       		.uleb128 0x2
 1810 003a 04       		.byte	0x4
 1811 003b 05       		.byte	0x5
 1812 003c CF010000 		.4byte	.LASF4
 1813 0040 02       		.uleb128 0x2
 1814 0041 04       		.byte	0x4
 1815 0042 07       		.byte	0x7
 1816 0043 80000000 		.4byte	.LASF5
 1817 0047 02       		.uleb128 0x2
 1818 0048 08       		.byte	0x8
 1819 0049 05       		.byte	0x5
 1820 004a AC010000 		.4byte	.LASF6
ARM GAS  C:\Users\doug_000\AppData\Local\Temp\cc1WTGBb.s 			page 33


 1821 004e 02       		.uleb128 0x2
 1822 004f 08       		.byte	0x8
 1823 0050 07       		.byte	0x7
 1824 0051 69010000 		.4byte	.LASF7
 1825 0055 03       		.uleb128 0x3
 1826 0056 04       		.byte	0x4
 1827 0057 05       		.byte	0x5
 1828 0058 696E7400 		.ascii	"int\000"
 1829 005c 02       		.uleb128 0x2
 1830 005d 04       		.byte	0x4
 1831 005e 07       		.byte	0x7
 1832 005f 5C010000 		.4byte	.LASF8
 1833 0063 04       		.uleb128 0x4
 1834 0064 C9010000 		.4byte	.LASF21
 1835 0068 02       		.byte	0x2
 1836 0069 9201     		.2byte	0x192
 1837 006b 24000000 		.4byte	0x24
 1838 006f 02       		.uleb128 0x2
 1839 0070 04       		.byte	0x4
 1840 0071 04       		.byte	0x4
 1841 0072 6C000000 		.4byte	.LASF9
 1842 0076 02       		.uleb128 0x2
 1843 0077 08       		.byte	0x8
 1844 0078 04       		.byte	0x4
 1845 0079 A5000000 		.4byte	.LASF10
 1846 007d 02       		.uleb128 0x2
 1847 007e 01       		.byte	0x1
 1848 007f 08       		.byte	0x8
 1849 0080 BA010000 		.4byte	.LASF11
 1850 0084 05       		.uleb128 0x5
 1851 0085 63000000 		.4byte	0x63
 1852 0089 95000000 		.4byte	0x95
 1853 008d 06       		.uleb128 0x6
 1854 008e 95000000 		.4byte	0x95
 1855 0092 AB06     		.2byte	0x6ab
 1856 0094 00       		.byte	0
 1857 0095 02       		.uleb128 0x2
 1858 0096 04       		.byte	0x4
 1859 0097 07       		.byte	0x7
 1860 0098 A3010000 		.4byte	.LASF12
 1861 009c 07       		.uleb128 0x7
 1862 009d BC000000 		.4byte	.LASF13
 1863 00a1 01       		.byte	0x1
 1864 00a2 1F       		.byte	0x1f
 1865 00a3 AD000000 		.4byte	0xad
 1866 00a7 05       		.uleb128 0x5
 1867 00a8 03       		.byte	0x3
 1868 00a9 00000000 		.4byte	cy_meta_configecc
 1869 00ad 08       		.uleb128 0x8
 1870 00ae 84000000 		.4byte	0x84
 1871 00b2 05       		.uleb128 0x5
 1872 00b3 63000000 		.4byte	0x63
 1873 00b7 C2000000 		.4byte	0xc2
 1874 00bb 09       		.uleb128 0x9
 1875 00bc 95000000 		.4byte	0x95
 1876 00c0 03       		.byte	0x3
 1877 00c1 00       		.byte	0
ARM GAS  C:\Users\doug_000\AppData\Local\Temp\cc1WTGBb.s 			page 34


 1878 00c2 0A       		.uleb128 0xa
 1879 00c3 AC000000 		.4byte	.LASF14
 1880 00c7 01       		.byte	0x1
 1881 00c8 0201     		.2byte	0x102
 1882 00ca D4000000 		.4byte	0xd4
 1883 00ce 05       		.uleb128 0x5
 1884 00cf 03       		.byte	0x3
 1885 00d0 00000000 		.4byte	cy_meta_custnvl
 1886 00d4 08       		.uleb128 0x8
 1887 00d5 B2000000 		.4byte	0xb2
 1888 00d9 0A       		.uleb128 0xa
 1889 00da 95010000 		.4byte	.LASF15
 1890 00de 01       		.byte	0x1
 1891 00df 1001     		.2byte	0x110
 1892 00e1 EB000000 		.4byte	0xeb
 1893 00e5 05       		.uleb128 0x5
 1894 00e6 03       		.byte	0x3
 1895 00e7 00000000 		.4byte	cy_meta_wonvl
 1896 00eb 08       		.uleb128 0x8
 1897 00ec B2000000 		.4byte	0xb2
 1898 00f0 05       		.uleb128 0x5
 1899 00f1 63000000 		.4byte	0x63
 1900 00f5 00010000 		.4byte	0x100
 1901 00f9 09       		.uleb128 0x9
 1902 00fa 95000000 		.4byte	0x95
 1903 00fe 7F       		.byte	0x7f
 1904 00ff 00       		.byte	0
 1905 0100 0A       		.uleb128 0xa
 1906 0101 80010000 		.4byte	.LASF16
 1907 0105 01       		.byte	0x1
 1908 0106 1E01     		.2byte	0x11e
 1909 0108 12010000 		.4byte	0x112
 1910 010c 05       		.uleb128 0x5
 1911 010d 03       		.byte	0x3
 1912 010e 00000000 		.4byte	cy_meta_flashprotect
 1913 0112 08       		.uleb128 0x8
 1914 0113 F0000000 		.4byte	0xf0
 1915 0117 05       		.uleb128 0x5
 1916 0118 63000000 		.4byte	0x63
 1917 011c 27010000 		.4byte	0x127
 1918 0120 09       		.uleb128 0x9
 1919 0121 95000000 		.4byte	0x95
 1920 0125 0B       		.byte	0xb
 1921 0126 00       		.byte	0
 1922 0127 0A       		.uleb128 0xa
 1923 0128 60000000 		.4byte	.LASF17
 1924 012c 01       		.byte	0x1
 1925 012d 3B01     		.2byte	0x13b
 1926 012f 39010000 		.4byte	0x139
 1927 0133 05       		.uleb128 0x5
 1928 0134 03       		.byte	0x3
 1929 0135 00000000 		.4byte	cy_metadata
 1930 0139 08       		.uleb128 0x8
 1931 013a 17010000 		.4byte	0x117
 1932 013e 00       		.byte	0
 1933              		.section	.debug_abbrev,"",%progbits
 1934              	.Ldebug_abbrev0:
ARM GAS  C:\Users\doug_000\AppData\Local\Temp\cc1WTGBb.s 			page 35


 1935 0000 01       		.uleb128 0x1
 1936 0001 11       		.uleb128 0x11
 1937 0002 01       		.byte	0x1
 1938 0003 25       		.uleb128 0x25
 1939 0004 0E       		.uleb128 0xe
 1940 0005 13       		.uleb128 0x13
 1941 0006 0B       		.uleb128 0xb
 1942 0007 03       		.uleb128 0x3
 1943 0008 0E       		.uleb128 0xe
 1944 0009 1B       		.uleb128 0x1b
 1945 000a 0E       		.uleb128 0xe
 1946 000b 10       		.uleb128 0x10
 1947 000c 17       		.uleb128 0x17
 1948 000d 00       		.byte	0
 1949 000e 00       		.byte	0
 1950 000f 02       		.uleb128 0x2
 1951 0010 24       		.uleb128 0x24
 1952 0011 00       		.byte	0
 1953 0012 0B       		.uleb128 0xb
 1954 0013 0B       		.uleb128 0xb
 1955 0014 3E       		.uleb128 0x3e
 1956 0015 0B       		.uleb128 0xb
 1957 0016 03       		.uleb128 0x3
 1958 0017 0E       		.uleb128 0xe
 1959 0018 00       		.byte	0
 1960 0019 00       		.byte	0
 1961 001a 03       		.uleb128 0x3
 1962 001b 24       		.uleb128 0x24
 1963 001c 00       		.byte	0
 1964 001d 0B       		.uleb128 0xb
 1965 001e 0B       		.uleb128 0xb
 1966 001f 3E       		.uleb128 0x3e
 1967 0020 0B       		.uleb128 0xb
 1968 0021 03       		.uleb128 0x3
 1969 0022 08       		.uleb128 0x8
 1970 0023 00       		.byte	0
 1971 0024 00       		.byte	0
 1972 0025 04       		.uleb128 0x4
 1973 0026 16       		.uleb128 0x16
 1974 0027 00       		.byte	0
 1975 0028 03       		.uleb128 0x3
 1976 0029 0E       		.uleb128 0xe
 1977 002a 3A       		.uleb128 0x3a
 1978 002b 0B       		.uleb128 0xb
 1979 002c 3B       		.uleb128 0x3b
 1980 002d 05       		.uleb128 0x5
 1981 002e 49       		.uleb128 0x49
 1982 002f 13       		.uleb128 0x13
 1983 0030 00       		.byte	0
 1984 0031 00       		.byte	0
 1985 0032 05       		.uleb128 0x5
 1986 0033 01       		.uleb128 0x1
 1987 0034 01       		.byte	0x1
 1988 0035 49       		.uleb128 0x49
 1989 0036 13       		.uleb128 0x13
 1990 0037 01       		.uleb128 0x1
 1991 0038 13       		.uleb128 0x13
ARM GAS  C:\Users\doug_000\AppData\Local\Temp\cc1WTGBb.s 			page 36


 1992 0039 00       		.byte	0
 1993 003a 00       		.byte	0
 1994 003b 06       		.uleb128 0x6
 1995 003c 21       		.uleb128 0x21
 1996 003d 00       		.byte	0
 1997 003e 49       		.uleb128 0x49
 1998 003f 13       		.uleb128 0x13
 1999 0040 2F       		.uleb128 0x2f
 2000 0041 05       		.uleb128 0x5
 2001 0042 00       		.byte	0
 2002 0043 00       		.byte	0
 2003 0044 07       		.uleb128 0x7
 2004 0045 34       		.uleb128 0x34
 2005 0046 00       		.byte	0
 2006 0047 03       		.uleb128 0x3
 2007 0048 0E       		.uleb128 0xe
 2008 0049 3A       		.uleb128 0x3a
 2009 004a 0B       		.uleb128 0xb
 2010 004b 3B       		.uleb128 0x3b
 2011 004c 0B       		.uleb128 0xb
 2012 004d 49       		.uleb128 0x49
 2013 004e 13       		.uleb128 0x13
 2014 004f 3F       		.uleb128 0x3f
 2015 0050 19       		.uleb128 0x19
 2016 0051 02       		.uleb128 0x2
 2017 0052 18       		.uleb128 0x18
 2018 0053 00       		.byte	0
 2019 0054 00       		.byte	0
 2020 0055 08       		.uleb128 0x8
 2021 0056 26       		.uleb128 0x26
 2022 0057 00       		.byte	0
 2023 0058 49       		.uleb128 0x49
 2024 0059 13       		.uleb128 0x13
 2025 005a 00       		.byte	0
 2026 005b 00       		.byte	0
 2027 005c 09       		.uleb128 0x9
 2028 005d 21       		.uleb128 0x21
 2029 005e 00       		.byte	0
 2030 005f 49       		.uleb128 0x49
 2031 0060 13       		.uleb128 0x13
 2032 0061 2F       		.uleb128 0x2f
 2033 0062 0B       		.uleb128 0xb
 2034 0063 00       		.byte	0
 2035 0064 00       		.byte	0
 2036 0065 0A       		.uleb128 0xa
 2037 0066 34       		.uleb128 0x34
 2038 0067 00       		.byte	0
 2039 0068 03       		.uleb128 0x3
 2040 0069 0E       		.uleb128 0xe
 2041 006a 3A       		.uleb128 0x3a
 2042 006b 0B       		.uleb128 0xb
 2043 006c 3B       		.uleb128 0x3b
 2044 006d 05       		.uleb128 0x5
 2045 006e 49       		.uleb128 0x49
 2046 006f 13       		.uleb128 0x13
 2047 0070 3F       		.uleb128 0x3f
 2048 0071 19       		.uleb128 0x19
ARM GAS  C:\Users\doug_000\AppData\Local\Temp\cc1WTGBb.s 			page 37


 2049 0072 02       		.uleb128 0x2
 2050 0073 18       		.uleb128 0x18
 2051 0074 00       		.byte	0
 2052 0075 00       		.byte	0
 2053 0076 00       		.byte	0
 2054              		.section	.debug_aranges,"",%progbits
 2055 0000 14000000 		.4byte	0x14
 2056 0004 0200     		.2byte	0x2
 2057 0006 00000000 		.4byte	.Ldebug_info0
 2058 000a 04       		.byte	0x4
 2059 000b 00       		.byte	0
 2060 000c 0000     		.2byte	0
 2061 000e 0000     		.2byte	0
 2062 0010 00000000 		.4byte	0
 2063 0014 00000000 		.4byte	0
 2064              		.section	.debug_line,"",%progbits
 2065              	.Ldebug_line0:
 2066 0000 4D000000 		.section	.debug_str,"MS",%progbits,1
 2066      02004700 
 2066      00000201 
 2066      FB0E0D00 
 2066      01010101 
 2067              	.LASF20:
 2068 0000 433A5C55 		.ascii	"C:\\Users\\doug_000\\Documents\\GitHub\\ODAS\\ODAS-"
 2068      73657273 
 2068      5C646F75 
 2068      675F3030 
 2068      305C446F 
 2069 002d 50534F43 		.ascii	"PSOC5\\ODAS-PSOC5-01\\ODAS-PSOC5\\ODAS-PSOC5-02.cyd"
 2069      355C4F44 
 2069      41532D50 
 2069      534F4335 
 2069      2D30315C 
 2070 005d 736E00   		.ascii	"sn\000"
 2071              	.LASF17:
 2072 0060 63795F6D 		.ascii	"cy_metadata\000"
 2072      65746164 
 2072      61746100 
 2073              	.LASF9:
 2074 006c 666C6F61 		.ascii	"float\000"
 2074      7400
 2075              	.LASF1:
 2076 0072 756E7369 		.ascii	"unsigned char\000"
 2076      676E6564 
 2076      20636861 
 2076      7200
 2077              	.LASF5:
 2078 0080 6C6F6E67 		.ascii	"long unsigned int\000"
 2078      20756E73 
 2078      69676E65 
 2078      6420696E 
 2078      7400
 2079              	.LASF3:
 2080 0092 73686F72 		.ascii	"short unsigned int\000"
 2080      7420756E 
 2080      7369676E 
 2080      65642069 
ARM GAS  C:\Users\doug_000\AppData\Local\Temp\cc1WTGBb.s 			page 38


 2080      6E7400
 2081              	.LASF10:
 2082 00a5 646F7562 		.ascii	"double\000"
 2082      6C6500
 2083              	.LASF14:
 2084 00ac 63795F6D 		.ascii	"cy_meta_custnvl\000"
 2084      6574615F 
 2084      63757374 
 2084      6E766C00 
 2085              	.LASF13:
 2086 00bc 63795F6D 		.ascii	"cy_meta_configecc\000"
 2086      6574615F 
 2086      636F6E66 
 2086      69676563 
 2086      6300
 2087              	.LASF18:
 2088 00ce 474E5520 		.ascii	"GNU C 4.9.3 20150303 (release) [ARM/embedded-4_9-br"
 2088      4320342E 
 2088      392E3320 
 2088      32303135 
 2088      30333033 
 2089 0101 616E6368 		.ascii	"anch revision 221220] -mcpu=cortex-m3 -mthumb -g -O"
 2089      20726576 
 2089      6973696F 
 2089      6E203232 
 2089      31323230 
 2090 0134 67202D66 		.ascii	"g -ffunction-sections -ffat-lto-objects\000"
 2090      66756E63 
 2090      74696F6E 
 2090      2D736563 
 2090      74696F6E 
 2091              	.LASF8:
 2092 015c 756E7369 		.ascii	"unsigned int\000"
 2092      676E6564 
 2092      20696E74 
 2092      00
 2093              	.LASF7:
 2094 0169 6C6F6E67 		.ascii	"long long unsigned int\000"
 2094      206C6F6E 
 2094      6720756E 
 2094      7369676E 
 2094      65642069 
 2095              	.LASF16:
 2096 0180 63795F6D 		.ascii	"cy_meta_flashprotect\000"
 2096      6574615F 
 2096      666C6173 
 2096      6870726F 
 2096      74656374 
 2097              	.LASF15:
 2098 0195 63795F6D 		.ascii	"cy_meta_wonvl\000"
 2098      6574615F 
 2098      776F6E76 
 2098      6C00
 2099              	.LASF12:
 2100 01a3 73697A65 		.ascii	"sizetype\000"
 2100      74797065 
 2100      00
ARM GAS  C:\Users\doug_000\AppData\Local\Temp\cc1WTGBb.s 			page 39


 2101              	.LASF6:
 2102 01ac 6C6F6E67 		.ascii	"long long int\000"
 2102      206C6F6E 
 2102      6720696E 
 2102      7400
 2103              	.LASF11:
 2104 01ba 63686172 		.ascii	"char\000"
 2104      00
 2105              	.LASF2:
 2106 01bf 73686F72 		.ascii	"short int\000"
 2106      7420696E 
 2106      7400
 2107              	.LASF21:
 2108 01c9 75696E74 		.ascii	"uint8\000"
 2108      3800
 2109              	.LASF4:
 2110 01cf 6C6F6E67 		.ascii	"long int\000"
 2110      20696E74 
 2110      00
 2111              	.LASF0:
 2112 01d8 7369676E 		.ascii	"signed char\000"
 2112      65642063 
 2112      68617200 
 2113              	.LASF19:
 2114 01e4 47656E65 		.ascii	"Generated_Source\\PSoC5\\cymetadata.c\000"
 2114      72617465 
 2114      645F536F 
 2114      75726365 
 2114      5C50536F 
 2115              		.ident	"GCC: (GNU Tools for ARM Embedded Processors) 4.9.3 20150303 (release) [ARM/embedded-4_9-br
