ARM GAS  C:\Users\HPz420\AppData\Local\Temp\ccr9SLaZ.s 			page 1


   1              		.syntax unified
   2              		.cpu cortex-m3
   3              		.fpu softvfp
   4              		.eabi_attribute 20, 1
   5              		.eabi_attribute 21, 1
   6              		.eabi_attribute 23, 3
   7              		.eabi_attribute 24, 1
   8              		.eabi_attribute 25, 1
   9              		.eabi_attribute 26, 1
  10              		.eabi_attribute 30, 1
  11              		.eabi_attribute 34, 1
  12              		.eabi_attribute 18, 4
  13              		.thumb
  14              		.syntax unified
  15              		.file	"Cm3Start.c"
  16              		.text
  17              	.Ltext0:
  18              		.cfi_sections	.debug_frame
  19              		.section	.text.IntDefaultHandler,"ax",%progbits
  20              		.align	2
  21              		.global	IntDefaultHandler
  22              		.thumb
  23              		.thumb_func
  24              		.type	IntDefaultHandler, %function
  25              	IntDefaultHandler:
  26              	.LFB0:
  27              		.file 1 "Generated_Source\\PSoC5\\Cm3Start.c"
   1:Generated_Source\PSoC5/Cm3Start.c **** /***************************************************************************//**
   2:Generated_Source\PSoC5/Cm3Start.c **** * \file Cm3Start.c
   3:Generated_Source\PSoC5/Cm3Start.c **** * \version 5.50
   4:Generated_Source\PSoC5/Cm3Start.c **** *
   5:Generated_Source\PSoC5/Cm3Start.c **** *  \brief
   6:Generated_Source\PSoC5/Cm3Start.c **** *  Startup code for the ARM CM3.
   7:Generated_Source\PSoC5/Cm3Start.c **** *
   8:Generated_Source\PSoC5/Cm3Start.c **** ********************************************************************************
   9:Generated_Source\PSoC5/Cm3Start.c **** * \copyright
  10:Generated_Source\PSoC5/Cm3Start.c **** * Copyright 2008-2016, Cypress Semiconductor Corporation. All rights reserved.
  11:Generated_Source\PSoC5/Cm3Start.c **** * You may use this file only in accordance with the license, terms, conditions,
  12:Generated_Source\PSoC5/Cm3Start.c **** * disclaimers, and limitations in the end user license agreement accompanying
  13:Generated_Source\PSoC5/Cm3Start.c **** * the software package with which this file was provided.
  14:Generated_Source\PSoC5/Cm3Start.c **** *******************************************************************************/
  15:Generated_Source\PSoC5/Cm3Start.c **** 
  16:Generated_Source\PSoC5/Cm3Start.c **** #include <limits.h>
  17:Generated_Source\PSoC5/Cm3Start.c **** #include "cydevice_trm.h"
  18:Generated_Source\PSoC5/Cm3Start.c **** #include "cytypes.h"
  19:Generated_Source\PSoC5/Cm3Start.c **** #include "cyfitter_cfg.h"
  20:Generated_Source\PSoC5/Cm3Start.c **** #include "CyLib.h"
  21:Generated_Source\PSoC5/Cm3Start.c **** #include "CyDmac.h"
  22:Generated_Source\PSoC5/Cm3Start.c **** #include "cyfitter.h"
  23:Generated_Source\PSoC5/Cm3Start.c **** #include "cyapicallbacks.h"
  24:Generated_Source\PSoC5/Cm3Start.c **** 
  25:Generated_Source\PSoC5/Cm3Start.c **** #define CY_NUM_INTERRUPTS           (32u)
  26:Generated_Source\PSoC5/Cm3Start.c **** #define CY_NUM_VECTORS              (CYINT_IRQ_BASE + CY_NUM_INTERRUPTS)
  27:Generated_Source\PSoC5/Cm3Start.c **** #define CY_NUM_ROM_VECTORS          (4u)
  28:Generated_Source\PSoC5/Cm3Start.c **** #define CY_NVIC_APINT_PTR           ((reg32 *) CYREG_NVIC_APPLN_INTR)
  29:Generated_Source\PSoC5/Cm3Start.c **** #define CY_NVIC_CFG_CTRL_PTR        ((reg32 *) CYREG_NVIC_CFG_CONTROL)
  30:Generated_Source\PSoC5/Cm3Start.c **** #define CY_NVIC_APINT_PRIGROUP_3_5  (0x00000400u)  /* Priority group 3.5 split */
ARM GAS  C:\Users\HPz420\AppData\Local\Temp\ccr9SLaZ.s 			page 2


  31:Generated_Source\PSoC5/Cm3Start.c **** #define CY_NVIC_APINT_VECTKEY       (0x05FA0000u)  /* This key is required in order to write the NV
  32:Generated_Source\PSoC5/Cm3Start.c **** #define CY_NVIC_CFG_STACKALIGN      (0x00000200u)  /* This specifies that the exception stack must 
  33:Generated_Source\PSoC5/Cm3Start.c **** 
  34:Generated_Source\PSoC5/Cm3Start.c **** #if defined(__ARMCC_VERSION)
  35:Generated_Source\PSoC5/Cm3Start.c ****     #define INITIAL_STACK_POINTER ((cyisraddress)(uint32)&Image$$ARM_LIB_STACK$$ZI$$Limit)
  36:Generated_Source\PSoC5/Cm3Start.c **** #elif defined (__GNUC__)
  37:Generated_Source\PSoC5/Cm3Start.c ****     #define INITIAL_STACK_POINTER (&__cy_stack)
  38:Generated_Source\PSoC5/Cm3Start.c **** #elif defined (__ICCARM__)
  39:Generated_Source\PSoC5/Cm3Start.c ****     #pragma language=extended
  40:Generated_Source\PSoC5/Cm3Start.c ****     #pragma segment="CSTACK"
  41:Generated_Source\PSoC5/Cm3Start.c ****     #define INITIAL_STACK_POINTER  { .__ptr = __sfe( "CSTACK" ) }
  42:Generated_Source\PSoC5/Cm3Start.c **** 
  43:Generated_Source\PSoC5/Cm3Start.c ****     extern void __iar_program_start( void );
  44:Generated_Source\PSoC5/Cm3Start.c ****     extern void __iar_data_init3 (void);
  45:Generated_Source\PSoC5/Cm3Start.c **** #endif  /* (__ARMCC_VERSION) */
  46:Generated_Source\PSoC5/Cm3Start.c **** 
  47:Generated_Source\PSoC5/Cm3Start.c **** #if defined(__GNUC__)
  48:Generated_Source\PSoC5/Cm3Start.c ****     #include <errno.h>
  49:Generated_Source\PSoC5/Cm3Start.c ****     extern int  errno;
  50:Generated_Source\PSoC5/Cm3Start.c ****     extern int  end;
  51:Generated_Source\PSoC5/Cm3Start.c **** #endif  /* defined(__GNUC__) */
  52:Generated_Source\PSoC5/Cm3Start.c **** 
  53:Generated_Source\PSoC5/Cm3Start.c **** /* Extern functions */
  54:Generated_Source\PSoC5/Cm3Start.c **** extern void CyBtldr_CheckLaunch(void);
  55:Generated_Source\PSoC5/Cm3Start.c **** 
  56:Generated_Source\PSoC5/Cm3Start.c **** /* Function prototypes */
  57:Generated_Source\PSoC5/Cm3Start.c **** void initialize_psoc(void);
  58:Generated_Source\PSoC5/Cm3Start.c **** CY_ISR(IntDefaultHandler);
  59:Generated_Source\PSoC5/Cm3Start.c **** void Reset(void);
  60:Generated_Source\PSoC5/Cm3Start.c **** 
  61:Generated_Source\PSoC5/Cm3Start.c **** /* Global variables */
  62:Generated_Source\PSoC5/Cm3Start.c **** #if !defined (__ICCARM__)
  63:Generated_Source\PSoC5/Cm3Start.c ****     CY_NOINIT static uint32 cySysNoInitDataValid;
  64:Generated_Source\PSoC5/Cm3Start.c **** #endif  /* !defined (__ICCARM__) */
  65:Generated_Source\PSoC5/Cm3Start.c **** 
  66:Generated_Source\PSoC5/Cm3Start.c **** 
  67:Generated_Source\PSoC5/Cm3Start.c **** /*******************************************************************************
  68:Generated_Source\PSoC5/Cm3Start.c **** * Default Ram Interrupt Vector table storage area. Must be 256-byte aligned.
  69:Generated_Source\PSoC5/Cm3Start.c **** *******************************************************************************/
  70:Generated_Source\PSoC5/Cm3Start.c **** #if defined (__ICCARM__)
  71:Generated_Source\PSoC5/Cm3Start.c ****     #pragma location=".ramvectors"
  72:Generated_Source\PSoC5/Cm3Start.c ****     #pragma data_alignment=256
  73:Generated_Source\PSoC5/Cm3Start.c **** #else
  74:Generated_Source\PSoC5/Cm3Start.c ****     CY_SECTION(".ramvectors")
  75:Generated_Source\PSoC5/Cm3Start.c ****     CY_ALIGN(256)
  76:Generated_Source\PSoC5/Cm3Start.c **** #endif  /* defined (__ICCARM__) */
  77:Generated_Source\PSoC5/Cm3Start.c **** cyisraddress CyRamVectors[CY_NUM_VECTORS];
  78:Generated_Source\PSoC5/Cm3Start.c **** 
  79:Generated_Source\PSoC5/Cm3Start.c **** 
  80:Generated_Source\PSoC5/Cm3Start.c **** /*******************************************************************************
  81:Generated_Source\PSoC5/Cm3Start.c **** * Function Name: IntDefaultHandler
  82:Generated_Source\PSoC5/Cm3Start.c **** ****************************************************************************//**
  83:Generated_Source\PSoC5/Cm3Start.c **** *
  84:Generated_Source\PSoC5/Cm3Start.c **** *  This function is called for all interrupts, other than a reset that gets
  85:Generated_Source\PSoC5/Cm3Start.c **** *  called before the system is setup.
  86:Generated_Source\PSoC5/Cm3Start.c **** *
  87:Generated_Source\PSoC5/Cm3Start.c **** * Theory:
ARM GAS  C:\Users\HPz420\AppData\Local\Temp\ccr9SLaZ.s 			page 3


  88:Generated_Source\PSoC5/Cm3Start.c **** *  Any value other than zero is acceptable.
  89:Generated_Source\PSoC5/Cm3Start.c **** *
  90:Generated_Source\PSoC5/Cm3Start.c **** *******************************************************************************/
  91:Generated_Source\PSoC5/Cm3Start.c **** CY_ISR(IntDefaultHandler)
  92:Generated_Source\PSoC5/Cm3Start.c **** {
  28              		.loc 1 92 0
  29              		.cfi_startproc
  30              		@ Volatile: function does not return.
  31              		@ args = 0, pretend = 0, frame = 0
  32              		@ frame_needed = 0, uses_anonymous_args = 0
  33 0000 08B5     		push	{r3, lr}
  34              		.cfi_def_cfa_offset 8
  35              		.cfi_offset 3, -8
  36              		.cfi_offset 14, -4
  93:Generated_Source\PSoC5/Cm3Start.c ****     /***************************************************************************
  94:Generated_Source\PSoC5/Cm3Start.c ****     * We must not get here. If we do, a serious problem occurs, so go into
  95:Generated_Source\PSoC5/Cm3Start.c ****     * an infinite loop.
  96:Generated_Source\PSoC5/Cm3Start.c ****     ***************************************************************************/
  97:Generated_Source\PSoC5/Cm3Start.c **** 
  98:Generated_Source\PSoC5/Cm3Start.c ****     #if defined(__GNUC__)
  99:Generated_Source\PSoC5/Cm3Start.c ****         if (errno == ENOMEM)
  37              		.loc 1 99 0
  38 0002 FFF7FEFF 		bl	__errno
  39              	.LVL0:
  40 0006 0368     		ldr	r3, [r0]
  41 0008 0C2B     		cmp	r3, #12
  42 000a 00D1     		bne	.L2
  43              	.L3:
  44 000c FEE7     		b	.L3
  45              	.L2:
  46 000e FEE7     		b	.L2
  47              		.cfi_endproc
  48              	.LFE0:
  49              		.size	IntDefaultHandler, .-IntDefaultHandler
  50              		.section	.text._exit,"ax",%progbits
  51              		.align	2
  52              		.weak	_exit
  53              		.thumb
  54              		.thumb_func
  55              		.type	_exit, %function
  56              	_exit:
  57              	.LFB1:
 100:Generated_Source\PSoC5/Cm3Start.c ****         {
 101:Generated_Source\PSoC5/Cm3Start.c ****             #ifdef CY_BOOT_INT_DEFAULT_HANDLER_ENOMEM_EXCEPTION_CALLBACK
 102:Generated_Source\PSoC5/Cm3Start.c ****                 CyBoot_IntDefaultHandler_Enomem_Exception_Callback();
 103:Generated_Source\PSoC5/Cm3Start.c ****             #endif /* CY_BOOT_INT_DEFAULT_HANDLER_ENOMEM_EXCEPTION_CALLBACK */
 104:Generated_Source\PSoC5/Cm3Start.c ****             
 105:Generated_Source\PSoC5/Cm3Start.c ****             while(1)
 106:Generated_Source\PSoC5/Cm3Start.c ****             {
 107:Generated_Source\PSoC5/Cm3Start.c ****                 /* Out Of Heap Space
 108:Generated_Source\PSoC5/Cm3Start.c ****                  * This can be increased in the System tab of the Design Wide Resources.
 109:Generated_Source\PSoC5/Cm3Start.c ****                  */
 110:Generated_Source\PSoC5/Cm3Start.c ****             }
 111:Generated_Source\PSoC5/Cm3Start.c ****         }
 112:Generated_Source\PSoC5/Cm3Start.c ****         else
 113:Generated_Source\PSoC5/Cm3Start.c ****     #endif
 114:Generated_Source\PSoC5/Cm3Start.c ****         {
ARM GAS  C:\Users\HPz420\AppData\Local\Temp\ccr9SLaZ.s 			page 4


 115:Generated_Source\PSoC5/Cm3Start.c ****             #ifdef CY_BOOT_INT_DEFAULT_HANDLER_EXCEPTION_ENTRY_CALLBACK
 116:Generated_Source\PSoC5/Cm3Start.c ****                 CyBoot_IntDefaultHandler_Exception_EntryCallback();
 117:Generated_Source\PSoC5/Cm3Start.c ****             #endif /* CY_BOOT_INT_DEFAULT_HANDLER_EXCEPTION_ENTRY_CALLBACK */
 118:Generated_Source\PSoC5/Cm3Start.c **** 
 119:Generated_Source\PSoC5/Cm3Start.c ****             while(1)
 120:Generated_Source\PSoC5/Cm3Start.c ****             {
 121:Generated_Source\PSoC5/Cm3Start.c **** 
 122:Generated_Source\PSoC5/Cm3Start.c ****             }
 123:Generated_Source\PSoC5/Cm3Start.c ****         }
 124:Generated_Source\PSoC5/Cm3Start.c **** }
 125:Generated_Source\PSoC5/Cm3Start.c **** 
 126:Generated_Source\PSoC5/Cm3Start.c **** 
 127:Generated_Source\PSoC5/Cm3Start.c **** #if defined(__ARMCC_VERSION)
 128:Generated_Source\PSoC5/Cm3Start.c **** 
 129:Generated_Source\PSoC5/Cm3Start.c **** /* Local function for device reset. */
 130:Generated_Source\PSoC5/Cm3Start.c **** extern void Reset(void);
 131:Generated_Source\PSoC5/Cm3Start.c **** 
 132:Generated_Source\PSoC5/Cm3Start.c **** /* Application entry point. */
 133:Generated_Source\PSoC5/Cm3Start.c **** extern void $Super$$main(void);
 134:Generated_Source\PSoC5/Cm3Start.c **** 
 135:Generated_Source\PSoC5/Cm3Start.c **** /* Linker-generated Stack Base addresses, Two Region and One Region */
 136:Generated_Source\PSoC5/Cm3Start.c **** extern uint32 Image$$ARM_LIB_STACK$$ZI$$Limit;
 137:Generated_Source\PSoC5/Cm3Start.c **** 
 138:Generated_Source\PSoC5/Cm3Start.c **** /* RealView C Library initialization. */
 139:Generated_Source\PSoC5/Cm3Start.c **** extern int __main(void);
 140:Generated_Source\PSoC5/Cm3Start.c **** 
 141:Generated_Source\PSoC5/Cm3Start.c **** 
 142:Generated_Source\PSoC5/Cm3Start.c **** /*******************************************************************************
 143:Generated_Source\PSoC5/Cm3Start.c **** * Function Name: Reset
 144:Generated_Source\PSoC5/Cm3Start.c **** ****************************************************************************//**
 145:Generated_Source\PSoC5/Cm3Start.c **** *
 146:Generated_Source\PSoC5/Cm3Start.c **** *  This function handles the reset interrupt for the RVDS/MDK toolchains.
 147:Generated_Source\PSoC5/Cm3Start.c **** *  This is the first bit of code that is executed at startup.
 148:Generated_Source\PSoC5/Cm3Start.c **** *
 149:Generated_Source\PSoC5/Cm3Start.c **** *******************************************************************************/
 150:Generated_Source\PSoC5/Cm3Start.c **** void Reset(void)
 151:Generated_Source\PSoC5/Cm3Start.c **** {
 152:Generated_Source\PSoC5/Cm3Start.c ****     #if(CYDEV_PROJ_TYPE != CYDEV_PROJ_TYPE_LOADABLE && CYDEV_PROJ_TYPE != CYDEV_PROJ_TYPE_LOADABLEA
 153:Generated_Source\PSoC5/Cm3Start.c **** 
 154:Generated_Source\PSoC5/Cm3Start.c ****         /* For PSoC 5LP, debugging is enabled by default */
 155:Generated_Source\PSoC5/Cm3Start.c ****         #if(CYDEV_DEBUGGING_ENABLE == 0)
 156:Generated_Source\PSoC5/Cm3Start.c ****             *(reg32 *)(CYDEV_DEBUG_ENABLE_REGISTER) |= CYDEV_DEBUG_ENABLE_MASK;
 157:Generated_Source\PSoC5/Cm3Start.c ****         #endif /* (CYDEV_DEBUGGING_ENABLE) */
 158:Generated_Source\PSoC5/Cm3Start.c **** 
 159:Generated_Source\PSoC5/Cm3Start.c ****         /* Reset Status Register has Read-to-clear SW access mode.
 160:Generated_Source\PSoC5/Cm3Start.c ****         * Preserve current RESET_SR0 state to make it available for next reading.
 161:Generated_Source\PSoC5/Cm3Start.c ****         */
 162:Generated_Source\PSoC5/Cm3Start.c ****         *(reg32 *)(CYREG_PHUB_CFGMEM23_CFG1) = *(reg32 *)(CYREG_RESET_SR0);
 163:Generated_Source\PSoC5/Cm3Start.c **** 
 164:Generated_Source\PSoC5/Cm3Start.c ****     #endif  /* (CYDEV_PROJ_TYPE != CYDEV_PROJ_TYPE_LOADABLE && CYDEV_PROJ_TYPE != CYDEV_PROJ_TYPE_L
 165:Generated_Source\PSoC5/Cm3Start.c **** 
 166:Generated_Source\PSoC5/Cm3Start.c ****     #if ((CYDEV_BOOTLOADER_ENABLE) && (CYDEV_PROJ_TYPE != CYDEV_PROJ_TYPE_LOADABLEANDBOOTLOADER))
 167:Generated_Source\PSoC5/Cm3Start.c ****         CyBtldr_CheckLaunch();
 168:Generated_Source\PSoC5/Cm3Start.c ****     #endif /* ((CYDEV_BOOTLOADER_ENABLE) && (CYDEV_PROJ_TYPE != CYDEV_PROJ_TYPE_LOADABLEANDBOOTLOAD
 169:Generated_Source\PSoC5/Cm3Start.c **** 
 170:Generated_Source\PSoC5/Cm3Start.c ****     __main();
 171:Generated_Source\PSoC5/Cm3Start.c **** }
ARM GAS  C:\Users\HPz420\AppData\Local\Temp\ccr9SLaZ.s 			page 5


 172:Generated_Source\PSoC5/Cm3Start.c **** 
 173:Generated_Source\PSoC5/Cm3Start.c **** 
 174:Generated_Source\PSoC5/Cm3Start.c **** /*******************************************************************************
 175:Generated_Source\PSoC5/Cm3Start.c **** * Function Name: $Sub$$main
 176:Generated_Source\PSoC5/Cm3Start.c **** ****************************************************************************//**
 177:Generated_Source\PSoC5/Cm3Start.c **** *
 178:Generated_Source\PSoC5/Cm3Start.c **** *  This function is called immediately before the users main
 179:Generated_Source\PSoC5/Cm3Start.c **** *
 180:Generated_Source\PSoC5/Cm3Start.c **** *******************************************************************************/
 181:Generated_Source\PSoC5/Cm3Start.c **** void $Sub$$main(void)
 182:Generated_Source\PSoC5/Cm3Start.c **** {
 183:Generated_Source\PSoC5/Cm3Start.c ****     initialize_psoc();
 184:Generated_Source\PSoC5/Cm3Start.c **** 
 185:Generated_Source\PSoC5/Cm3Start.c ****     /* Call original main */
 186:Generated_Source\PSoC5/Cm3Start.c ****     $Super$$main();
 187:Generated_Source\PSoC5/Cm3Start.c **** 
 188:Generated_Source\PSoC5/Cm3Start.c ****     while (1)
 189:Generated_Source\PSoC5/Cm3Start.c ****     {
 190:Generated_Source\PSoC5/Cm3Start.c ****         /* If main returns, it is undefined what we should do. */
 191:Generated_Source\PSoC5/Cm3Start.c ****     }
 192:Generated_Source\PSoC5/Cm3Start.c **** }
 193:Generated_Source\PSoC5/Cm3Start.c **** 
 194:Generated_Source\PSoC5/Cm3Start.c **** #elif defined(__GNUC__)
 195:Generated_Source\PSoC5/Cm3Start.c **** 
 196:Generated_Source\PSoC5/Cm3Start.c **** void Start_c(void);
 197:Generated_Source\PSoC5/Cm3Start.c **** 
 198:Generated_Source\PSoC5/Cm3Start.c **** /* Stack Base address */
 199:Generated_Source\PSoC5/Cm3Start.c **** extern void __cy_stack(void);
 200:Generated_Source\PSoC5/Cm3Start.c **** 
 201:Generated_Source\PSoC5/Cm3Start.c **** /* Application entry point. */
 202:Generated_Source\PSoC5/Cm3Start.c **** extern int main(void);
 203:Generated_Source\PSoC5/Cm3Start.c **** 
 204:Generated_Source\PSoC5/Cm3Start.c **** /* Static objects constructors initializer */
 205:Generated_Source\PSoC5/Cm3Start.c **** extern void __libc_init_array(void);
 206:Generated_Source\PSoC5/Cm3Start.c **** 
 207:Generated_Source\PSoC5/Cm3Start.c **** typedef unsigned char __cy_byte_align8 __attribute ((aligned (8)));
 208:Generated_Source\PSoC5/Cm3Start.c **** 
 209:Generated_Source\PSoC5/Cm3Start.c **** struct __cy_region
 210:Generated_Source\PSoC5/Cm3Start.c **** {
 211:Generated_Source\PSoC5/Cm3Start.c ****     __cy_byte_align8 *init; /* Initial contents of this region.  */
 212:Generated_Source\PSoC5/Cm3Start.c ****     __cy_byte_align8 *data; /* Start address of region.  */
 213:Generated_Source\PSoC5/Cm3Start.c ****     size_t init_size;       /* Size of initial data.  */
 214:Generated_Source\PSoC5/Cm3Start.c ****     size_t zero_size;       /* Additional size to be zeroed.  */
 215:Generated_Source\PSoC5/Cm3Start.c **** };
 216:Generated_Source\PSoC5/Cm3Start.c **** 
 217:Generated_Source\PSoC5/Cm3Start.c **** extern const struct __cy_region __cy_regions[];
 218:Generated_Source\PSoC5/Cm3Start.c **** extern const char __cy_region_num __attribute__((weak));
 219:Generated_Source\PSoC5/Cm3Start.c **** #define __cy_region_num ((size_t)&__cy_region_num)
 220:Generated_Source\PSoC5/Cm3Start.c **** 
 221:Generated_Source\PSoC5/Cm3Start.c **** 
 222:Generated_Source\PSoC5/Cm3Start.c **** /*******************************************************************************
 223:Generated_Source\PSoC5/Cm3Start.c **** * System Calls of the Red Hat newlib C Library
 224:Generated_Source\PSoC5/Cm3Start.c **** *******************************************************************************/
 225:Generated_Source\PSoC5/Cm3Start.c **** 
 226:Generated_Source\PSoC5/Cm3Start.c **** 
 227:Generated_Source\PSoC5/Cm3Start.c **** /*******************************************************************************
 228:Generated_Source\PSoC5/Cm3Start.c **** * Function Name: _exit
ARM GAS  C:\Users\HPz420\AppData\Local\Temp\ccr9SLaZ.s 			page 6


 229:Generated_Source\PSoC5/Cm3Start.c **** ****************************************************************************//**
 230:Generated_Source\PSoC5/Cm3Start.c **** *
 231:Generated_Source\PSoC5/Cm3Start.c **** *  Exit a program without cleaning up files. If your system doesn't provide
 232:Generated_Source\PSoC5/Cm3Start.c **** *  this, it is best to avoid linking with subroutines that require it (exit,
 233:Generated_Source\PSoC5/Cm3Start.c **** *  system).
 234:Generated_Source\PSoC5/Cm3Start.c **** *
 235:Generated_Source\PSoC5/Cm3Start.c **** *  \param status: Status caused program exit.
 236:Generated_Source\PSoC5/Cm3Start.c **** *
 237:Generated_Source\PSoC5/Cm3Start.c **** *******************************************************************************/
 238:Generated_Source\PSoC5/Cm3Start.c **** __attribute__((weak))
 239:Generated_Source\PSoC5/Cm3Start.c **** void _exit(int status)
 240:Generated_Source\PSoC5/Cm3Start.c **** {
  58              		.loc 1 240 0
  59              		.cfi_startproc
  60              		@ Volatile: function does not return.
  61              		@ args = 0, pretend = 0, frame = 0
  62              		@ frame_needed = 0, uses_anonymous_args = 0
  63              	.LVL1:
  64 0000 08B5     		push	{r3, lr}
  65              		.cfi_def_cfa_offset 8
  66              		.cfi_offset 3, -8
  67              		.cfi_offset 14, -4
 241:Generated_Source\PSoC5/Cm3Start.c ****     CyHalt((uint8) status);
  68              		.loc 1 241 0
  69 0002 C0B2     		uxtb	r0, r0
  70              	.LVL2:
  71 0004 FFF7FEFF 		bl	CyHalt
  72              	.LVL3:
  73              	.L6:
  74 0008 FEE7     		b	.L6
  75              		.cfi_endproc
  76              	.LFE1:
  77              		.size	_exit, .-_exit
  78 000a 00BF     		.section	.text._sbrk,"ax",%progbits
  79              		.align	2
  80              		.weak	_sbrk
  81              		.thumb
  82              		.thumb_func
  83              		.type	_sbrk, %function
  84              	_sbrk:
  85              	.LFB2:
 242:Generated_Source\PSoC5/Cm3Start.c ****     while(1)
 243:Generated_Source\PSoC5/Cm3Start.c ****     {
 244:Generated_Source\PSoC5/Cm3Start.c **** 
 245:Generated_Source\PSoC5/Cm3Start.c ****     }
 246:Generated_Source\PSoC5/Cm3Start.c **** }
 247:Generated_Source\PSoC5/Cm3Start.c **** 
 248:Generated_Source\PSoC5/Cm3Start.c **** 
 249:Generated_Source\PSoC5/Cm3Start.c **** /*******************************************************************************
 250:Generated_Source\PSoC5/Cm3Start.c **** * Function Name: _sbrk
 251:Generated_Source\PSoC5/Cm3Start.c **** ****************************************************************************//**
 252:Generated_Source\PSoC5/Cm3Start.c **** *
 253:Generated_Source\PSoC5/Cm3Start.c **** *  Increase program data space. As malloc and related functions depend on this,
 254:Generated_Source\PSoC5/Cm3Start.c **** *  it is useful to have a working implementation. The following suffices for a
 255:Generated_Source\PSoC5/Cm3Start.c **** *  standalone system; it exploits the symbol end automatically defined by the
 256:Generated_Source\PSoC5/Cm3Start.c **** *  GNU linker.
 257:Generated_Source\PSoC5/Cm3Start.c **** *
ARM GAS  C:\Users\HPz420\AppData\Local\Temp\ccr9SLaZ.s 			page 7


 258:Generated_Source\PSoC5/Cm3Start.c **** *  \param nbytes: The number of bytes requested (if the parameter value is positive)
 259:Generated_Source\PSoC5/Cm3Start.c **** *  from the heap or returned back to the heap (if the parameter value is
 260:Generated_Source\PSoC5/Cm3Start.c **** *  negative).
 261:Generated_Source\PSoC5/Cm3Start.c **** *
 262:Generated_Source\PSoC5/Cm3Start.c **** *******************************************************************************/
 263:Generated_Source\PSoC5/Cm3Start.c **** __attribute__((weak))
 264:Generated_Source\PSoC5/Cm3Start.c **** void * _sbrk (int nbytes)
 265:Generated_Source\PSoC5/Cm3Start.c **** {
  86              		.loc 1 265 0
  87              		.cfi_startproc
  88              		@ args = 0, pretend = 0, frame = 0
  89              		@ frame_needed = 0, uses_anonymous_args = 0
  90              	.LVL4:
  91 0000 08B5     		push	{r3, lr}
  92              		.cfi_def_cfa_offset 8
  93              		.cfi_offset 3, -8
  94              		.cfi_offset 14, -4
 266:Generated_Source\PSoC5/Cm3Start.c ****     extern int  end;            /* Symbol defined by linker map. Start of free memory (as symbol). 
 267:Generated_Source\PSoC5/Cm3Start.c ****     void *      returnValue;
 268:Generated_Source\PSoC5/Cm3Start.c **** 
 269:Generated_Source\PSoC5/Cm3Start.c ****     /* The statically held previous end of the heap, with its initialization. */
 270:Generated_Source\PSoC5/Cm3Start.c ****     static void *heapPointer = (void *) &end;                 /* Previous end */
 271:Generated_Source\PSoC5/Cm3Start.c **** 
 272:Generated_Source\PSoC5/Cm3Start.c ****     if (((heapPointer + nbytes) - (void *) &end) <= CYDEV_HEAP_SIZE)
  95              		.loc 1 272 0
  96 0002 094B     		ldr	r3, .L12
  97 0004 1A68     		ldr	r2, [r3]
  98 0006 1044     		add	r0, r0, r2
  99              	.LVL5:
 100 0008 084B     		ldr	r3, .L12+4
 101 000a C31A     		subs	r3, r0, r3
 102 000c 802B     		cmp	r3, #128
 103 000e 02DC     		bgt	.L9
 104              	.LVL6:
 273:Generated_Source\PSoC5/Cm3Start.c ****     {
 274:Generated_Source\PSoC5/Cm3Start.c ****         returnValue  = heapPointer;
 275:Generated_Source\PSoC5/Cm3Start.c ****         heapPointer += nbytes;
 105              		.loc 1 275 0
 106 0010 054B     		ldr	r3, .L12
 107 0012 1860     		str	r0, [r3]
 108 0014 05E0     		b	.L10
 109              	.LVL7:
 110              	.L9:
 276:Generated_Source\PSoC5/Cm3Start.c ****     }
 277:Generated_Source\PSoC5/Cm3Start.c ****     else
 278:Generated_Source\PSoC5/Cm3Start.c ****     {
 279:Generated_Source\PSoC5/Cm3Start.c ****         errno = ENOMEM;
 111              		.loc 1 279 0
 112 0016 FFF7FEFF 		bl	__errno
 113              	.LVL8:
 114 001a 0C23     		movs	r3, #12
 115 001c 0360     		str	r3, [r0]
 116              	.LVL9:
 280:Generated_Source\PSoC5/Cm3Start.c ****         returnValue = (void *) -1;
 117              		.loc 1 280 0
 118 001e 4FF0FF32 		mov	r2, #-1
 119              	.LVL10:
ARM GAS  C:\Users\HPz420\AppData\Local\Temp\ccr9SLaZ.s 			page 8


 120              	.L10:
 281:Generated_Source\PSoC5/Cm3Start.c ****     }
 282:Generated_Source\PSoC5/Cm3Start.c **** 
 283:Generated_Source\PSoC5/Cm3Start.c ****     return (returnValue);
 284:Generated_Source\PSoC5/Cm3Start.c **** }
 121              		.loc 1 284 0
 122 0022 1046     		mov	r0, r2
 123 0024 08BD     		pop	{r3, pc}
 124              	.L13:
 125 0026 00BF     		.align	2
 126              	.L12:
 127 0028 00000000 		.word	.LANCHOR0
 128 002c 00000000 		.word	end
 129              		.cfi_endproc
 130              	.LFE2:
 131              		.size	_sbrk, .-_sbrk
 132              		.section	.text.Start_c,"ax",%progbits
 133              		.align	2
 134              		.global	Start_c
 135              		.thumb
 136              		.thumb_func
 137              		.type	Start_c, %function
 138              	Start_c:
 139              	.LFB4:
 285:Generated_Source\PSoC5/Cm3Start.c **** 
 286:Generated_Source\PSoC5/Cm3Start.c **** 
 287:Generated_Source\PSoC5/Cm3Start.c **** /*******************************************************************************
 288:Generated_Source\PSoC5/Cm3Start.c **** * Function Name: Reset
 289:Generated_Source\PSoC5/Cm3Start.c **** ****************************************************************************//**
 290:Generated_Source\PSoC5/Cm3Start.c **** *
 291:Generated_Source\PSoC5/Cm3Start.c **** *  This function handles the reset interrupt for the GCC toolchain. This is the
 292:Generated_Source\PSoC5/Cm3Start.c **** *  first bit of code that is executed at startup.
 293:Generated_Source\PSoC5/Cm3Start.c **** *
 294:Generated_Source\PSoC5/Cm3Start.c **** *******************************************************************************/
 295:Generated_Source\PSoC5/Cm3Start.c **** void Reset(void)
 296:Generated_Source\PSoC5/Cm3Start.c **** {
 297:Generated_Source\PSoC5/Cm3Start.c ****     #if(CYDEV_PROJ_TYPE != CYDEV_PROJ_TYPE_LOADABLE && CYDEV_PROJ_TYPE != CYDEV_PROJ_TYPE_LOADABLEA
 298:Generated_Source\PSoC5/Cm3Start.c **** 
 299:Generated_Source\PSoC5/Cm3Start.c ****         /* For PSoC 5LP, debugging is enabled by default */
 300:Generated_Source\PSoC5/Cm3Start.c ****         #if(CYDEV_DEBUGGING_ENABLE == 0)
 301:Generated_Source\PSoC5/Cm3Start.c ****             *(reg32 *)(CYDEV_DEBUG_ENABLE_REGISTER) |= CYDEV_DEBUG_ENABLE_MASK;
 302:Generated_Source\PSoC5/Cm3Start.c ****         #endif /* (CYDEV_DEBUGGING_ENABLE) */
 303:Generated_Source\PSoC5/Cm3Start.c **** 
 304:Generated_Source\PSoC5/Cm3Start.c ****         /* Reset Status Register has Read-to-clear SW access mode.
 305:Generated_Source\PSoC5/Cm3Start.c ****         * Preserve current RESET_SR0 state to make it available for next reading.
 306:Generated_Source\PSoC5/Cm3Start.c ****         */
 307:Generated_Source\PSoC5/Cm3Start.c ****         *(reg32 *)(CYREG_PHUB_CFGMEM23_CFG1) = *(reg32 *)(CYREG_RESET_SR0);
 308:Generated_Source\PSoC5/Cm3Start.c **** 
 309:Generated_Source\PSoC5/Cm3Start.c ****     #endif  /* (CYDEV_PROJ_TYPE != CYDEV_PROJ_TYPE_LOADABLE && CYDEV_PROJ_TYPE != CYDEV_PROJ_TYPE_L
 310:Generated_Source\PSoC5/Cm3Start.c **** 
 311:Generated_Source\PSoC5/Cm3Start.c ****     #if ((CYDEV_BOOTLOADER_ENABLE) && (CYDEV_PROJ_TYPE != CYDEV_PROJ_TYPE_LOADABLEANDBOOTLOADER))
 312:Generated_Source\PSoC5/Cm3Start.c ****         CyBtldr_CheckLaunch();
 313:Generated_Source\PSoC5/Cm3Start.c ****     #endif /* ((CYDEV_BOOTLOADER_ENABLE) && (CYDEV_PROJ_TYPE != CYDEV_PROJ_TYPE_LOADABLEANDBOOTLOAD
 314:Generated_Source\PSoC5/Cm3Start.c **** 
 315:Generated_Source\PSoC5/Cm3Start.c ****     Start_c();
 316:Generated_Source\PSoC5/Cm3Start.c **** }
 317:Generated_Source\PSoC5/Cm3Start.c **** 
ARM GAS  C:\Users\HPz420\AppData\Local\Temp\ccr9SLaZ.s 			page 9


 318:Generated_Source\PSoC5/Cm3Start.c **** 
 319:Generated_Source\PSoC5/Cm3Start.c **** /*******************************************************************************
 320:Generated_Source\PSoC5/Cm3Start.c **** * Function Name: Start_c
 321:Generated_Source\PSoC5/Cm3Start.c **** ****************************************************************************//**
 322:Generated_Source\PSoC5/Cm3Start.c **** *
 323:Generated_Source\PSoC5/Cm3Start.c **** *  This function handles initializing the .data and .bss sections in
 324:Generated_Source\PSoC5/Cm3Start.c **** *  preparation for running the standard C code.  Once initialization is complete
 325:Generated_Source\PSoC5/Cm3Start.c **** *  it will call main(). This function will never return.
 326:Generated_Source\PSoC5/Cm3Start.c **** *
 327:Generated_Source\PSoC5/Cm3Start.c **** *******************************************************************************/
 328:Generated_Source\PSoC5/Cm3Start.c **** void Start_c(void)  __attribute__ ((noreturn));
 329:Generated_Source\PSoC5/Cm3Start.c **** void Start_c(void)
 330:Generated_Source\PSoC5/Cm3Start.c **** {
 140              		.loc 1 330 0
 141              		.cfi_startproc
 142              		@ Volatile: function does not return.
 143              		@ args = 0, pretend = 0, frame = 0
 144              		@ frame_needed = 0, uses_anonymous_args = 0
 145 0000 08B5     		push	{r3, lr}
 146              		.cfi_def_cfa_offset 8
 147              		.cfi_offset 3, -8
 148              		.cfi_offset 14, -4
 149              	.LVL11:
 331:Generated_Source\PSoC5/Cm3Start.c ****     unsigned regions = __cy_region_num;
 332:Generated_Source\PSoC5/Cm3Start.c ****     const struct __cy_region *rptr = __cy_regions;
 333:Generated_Source\PSoC5/Cm3Start.c **** 
 334:Generated_Source\PSoC5/Cm3Start.c ****     /* Initialize memory */
 335:Generated_Source\PSoC5/Cm3Start.c ****     for (regions = __cy_region_num; regions != 0u; regions--)
 150              		.loc 1 335 0
 151 0002 104E     		ldr	r6, .L23
 332:Generated_Source\PSoC5/Cm3Start.c **** 
 152              		.loc 1 332 0
 153 0004 104D     		ldr	r5, .L23+4
 154              		.loc 1 335 0
 155 0006 16E0     		b	.L15
 156              	.LVL12:
 157              	.L20:
 158              	.LBB2:
 336:Generated_Source\PSoC5/Cm3Start.c ****     {
 337:Generated_Source\PSoC5/Cm3Start.c ****         uint32 *src = (uint32 *)rptr->init;
 159              		.loc 1 337 0
 160 0008 2968     		ldr	r1, [r5]
 161              	.LVL13:
 338:Generated_Source\PSoC5/Cm3Start.c ****         uint32 *dst = (uint32 *)rptr->data;
 162              		.loc 1 338 0
 163 000a 6B68     		ldr	r3, [r5, #4]
 164              	.LVL14:
 339:Generated_Source\PSoC5/Cm3Start.c ****         unsigned limit = rptr->init_size;
 165              		.loc 1 339 0
 166 000c AC68     		ldr	r4, [r5, #8]
 167              	.LVL15:
 340:Generated_Source\PSoC5/Cm3Start.c ****         unsigned count;
 341:Generated_Source\PSoC5/Cm3Start.c **** 
 342:Generated_Source\PSoC5/Cm3Start.c ****         for (count = 0u; count != limit; count += sizeof (uint32))
 168              		.loc 1 342 0
 169 000e 0022     		movs	r2, #0
 170 0010 04E0     		b	.L16
ARM GAS  C:\Users\HPz420\AppData\Local\Temp\ccr9SLaZ.s 			page 10


 171              	.LVL16:
 172              	.L17:
 343:Generated_Source\PSoC5/Cm3Start.c ****         {
 344:Generated_Source\PSoC5/Cm3Start.c ****             *dst = *src;
 173              		.loc 1 344 0 discriminator 3
 174 0012 51F8040B 		ldr	r0, [r1], #4
 175              	.LVL17:
 176 0016 43F8040B 		str	r0, [r3], #4
 177              	.LVL18:
 342:Generated_Source\PSoC5/Cm3Start.c ****         {
 178              		.loc 1 342 0 discriminator 3
 179 001a 0432     		adds	r2, r2, #4
 180              	.LVL19:
 181              	.L16:
 342:Generated_Source\PSoC5/Cm3Start.c ****         {
 182              		.loc 1 342 0 is_stmt 0 discriminator 1
 183 001c A242     		cmp	r2, r4
 184 001e F8D1     		bne	.L17
 345:Generated_Source\PSoC5/Cm3Start.c ****             dst++;
 346:Generated_Source\PSoC5/Cm3Start.c ****             src++;
 347:Generated_Source\PSoC5/Cm3Start.c ****         }
 348:Generated_Source\PSoC5/Cm3Start.c ****         limit = rptr->zero_size;
 185              		.loc 1 348 0 is_stmt 1
 186 0020 E868     		ldr	r0, [r5, #12]
 187              	.LVL20:
 349:Generated_Source\PSoC5/Cm3Start.c ****         for (count = 0u; count != limit; count += sizeof (uint32))
 188              		.loc 1 349 0
 189 0022 0022     		movs	r2, #0
 190 0024 03E0     		b	.L18
 191              	.LVL21:
 192              	.L19:
 350:Generated_Source\PSoC5/Cm3Start.c ****         {
 351:Generated_Source\PSoC5/Cm3Start.c ****             *dst = 0u;
 193              		.loc 1 351 0 discriminator 3
 194 0026 0021     		movs	r1, #0
 195 0028 43F8041B 		str	r1, [r3], #4
 196              	.LVL22:
 349:Generated_Source\PSoC5/Cm3Start.c ****         for (count = 0u; count != limit; count += sizeof (uint32))
 197              		.loc 1 349 0 discriminator 3
 198 002c 0432     		adds	r2, r2, #4
 199              	.LVL23:
 200              	.L18:
 349:Generated_Source\PSoC5/Cm3Start.c ****         for (count = 0u; count != limit; count += sizeof (uint32))
 201              		.loc 1 349 0 is_stmt 0 discriminator 1
 202 002e 8242     		cmp	r2, r0
 203 0030 F9D1     		bne	.L19
 352:Generated_Source\PSoC5/Cm3Start.c ****             dst++;
 353:Generated_Source\PSoC5/Cm3Start.c ****         }
 354:Generated_Source\PSoC5/Cm3Start.c **** 
 355:Generated_Source\PSoC5/Cm3Start.c ****         rptr++;
 204              		.loc 1 355 0 is_stmt 1 discriminator 2
 205 0032 1035     		adds	r5, r5, #16
 206              	.LVL24:
 207              	.LBE2:
 335:Generated_Source\PSoC5/Cm3Start.c ****     {
 208              		.loc 1 335 0 discriminator 2
 209 0034 013E     		subs	r6, r6, #1
ARM GAS  C:\Users\HPz420\AppData\Local\Temp\ccr9SLaZ.s 			page 11


 210              	.LVL25:
 211              	.L15:
 335:Generated_Source\PSoC5/Cm3Start.c ****     {
 212              		.loc 1 335 0 is_stmt 0 discriminator 1
 213 0036 002E     		cmp	r6, #0
 214 0038 E6D1     		bne	.L20
 356:Generated_Source\PSoC5/Cm3Start.c ****     }
 357:Generated_Source\PSoC5/Cm3Start.c **** 
 358:Generated_Source\PSoC5/Cm3Start.c ****     /* Invoke static objects constructors */
 359:Generated_Source\PSoC5/Cm3Start.c ****     __libc_init_array();
 215              		.loc 1 359 0 is_stmt 1
 216 003a FFF7FEFF 		bl	__libc_init_array
 217              	.LVL26:
 360:Generated_Source\PSoC5/Cm3Start.c ****     (void) main();
 218              		.loc 1 360 0
 219 003e FFF7FEFF 		bl	main
 220              	.LVL27:
 221              	.L21:
 222 0042 FEE7     		b	.L21
 223              	.L24:
 224              		.align	2
 225              	.L23:
 226 0044 00000000 		.word	__cy_region_num
 227 0048 00000000 		.word	__cy_regions
 228              		.cfi_endproc
 229              	.LFE4:
 230              		.size	Start_c, .-Start_c
 231              		.section	.text.Reset,"ax",%progbits
 232              		.align	2
 233              		.global	Reset
 234              		.thumb
 235              		.thumb_func
 236              		.type	Reset, %function
 237              	Reset:
 238              	.LFB3:
 296:Generated_Source\PSoC5/Cm3Start.c ****     #if(CYDEV_PROJ_TYPE != CYDEV_PROJ_TYPE_LOADABLE && CYDEV_PROJ_TYPE != CYDEV_PROJ_TYPE_LOADABLEA
 239              		.loc 1 296 0
 240              		.cfi_startproc
 241              		@ Volatile: function does not return.
 242              		@ args = 0, pretend = 0, frame = 0
 243              		@ frame_needed = 0, uses_anonymous_args = 0
 244 0000 08B5     		push	{r3, lr}
 245              		.cfi_def_cfa_offset 8
 246              		.cfi_offset 3, -8
 247              		.cfi_offset 14, -4
 307:Generated_Source\PSoC5/Cm3Start.c **** 
 248              		.loc 1 307 0
 249 0002 044B     		ldr	r3, .L27
 250 0004 1A68     		ldr	r2, [r3]	@ unaligned
 251 0006 03F53F53 		add	r3, r3, #12224
 252 000a 0233     		adds	r3, r3, #2
 253 000c 1A60     		str	r2, [r3]
 315:Generated_Source\PSoC5/Cm3Start.c **** }
 254              		.loc 1 315 0
 255 000e FFF7FEFF 		bl	Start_c
 256              	.LVL28:
 257              	.L28:
ARM GAS  C:\Users\HPz420\AppData\Local\Temp\ccr9SLaZ.s 			page 12


 258 0012 00BF     		.align	2
 259              	.L27:
 260 0014 FA460040 		.word	1073759994
 261              		.cfi_endproc
 262              	.LFE3:
 263              		.size	Reset, .-Reset
 264              		.section	.text.initialize_psoc,"ax",%progbits
 265              		.align	2
 266              		.global	initialize_psoc
 267              		.thumb
 268              		.thumb_func
 269              		.type	initialize_psoc, %function
 270              	initialize_psoc:
 271              	.LFB5:
 361:Generated_Source\PSoC5/Cm3Start.c **** 
 362:Generated_Source\PSoC5/Cm3Start.c ****     while (1)
 363:Generated_Source\PSoC5/Cm3Start.c ****     {
 364:Generated_Source\PSoC5/Cm3Start.c ****         /* If main returns, make sure we don't return. */
 365:Generated_Source\PSoC5/Cm3Start.c ****     }
 366:Generated_Source\PSoC5/Cm3Start.c **** }
 367:Generated_Source\PSoC5/Cm3Start.c **** 
 368:Generated_Source\PSoC5/Cm3Start.c **** 
 369:Generated_Source\PSoC5/Cm3Start.c **** #elif defined (__ICCARM__)
 370:Generated_Source\PSoC5/Cm3Start.c **** 
 371:Generated_Source\PSoC5/Cm3Start.c **** /*******************************************************************************
 372:Generated_Source\PSoC5/Cm3Start.c **** * Function Name: __low_level_init
 373:Generated_Source\PSoC5/Cm3Start.c **** ****************************************************************************//**
 374:Generated_Source\PSoC5/Cm3Start.c **** *
 375:Generated_Source\PSoC5/Cm3Start.c **** *  This function performs early initializations for the IAR Embedded
 376:Generated_Source\PSoC5/Cm3Start.c **** *  Workbench IDE. It is executed in the context of a reset interrupt handler
 377:Generated_Source\PSoC5/Cm3Start.c **** *  before the data sections are initialized.
 378:Generated_Source\PSoC5/Cm3Start.c **** *
 379:Generated_Source\PSoC5/Cm3Start.c **** * \return
 380:Generated_Source\PSoC5/Cm3Start.c **** *  The value that determines whether or not data sections should be initialized
 381:Generated_Source\PSoC5/Cm3Start.c **** *  by the system startup code:
 382:Generated_Source\PSoC5/Cm3Start.c **** *    0 - skip data sections initialization;
 383:Generated_Source\PSoC5/Cm3Start.c **** *    1 - initialize data sections;
 384:Generated_Source\PSoC5/Cm3Start.c **** *
 385:Generated_Source\PSoC5/Cm3Start.c **** *******************************************************************************/
 386:Generated_Source\PSoC5/Cm3Start.c **** int __low_level_init(void)
 387:Generated_Source\PSoC5/Cm3Start.c **** {
 388:Generated_Source\PSoC5/Cm3Start.c ****     #if (CYDEV_PROJ_TYPE != CYDEV_PROJ_TYPE_LOADABLE && CYDEV_PROJ_TYPE != CYDEV_PROJ_TYPE_LOADABLE
 389:Generated_Source\PSoC5/Cm3Start.c **** 
 390:Generated_Source\PSoC5/Cm3Start.c ****         /* For PSoC 5LP, debugging is enabled by default */
 391:Generated_Source\PSoC5/Cm3Start.c ****         #if(CYDEV_DEBUGGING_ENABLE == 0)
 392:Generated_Source\PSoC5/Cm3Start.c ****             *(reg32 *)(CYDEV_DEBUG_ENABLE_REGISTER) |= CYDEV_DEBUG_ENABLE_MASK;
 393:Generated_Source\PSoC5/Cm3Start.c ****         #endif /* (CYDEV_DEBUGGING_ENABLE) */
 394:Generated_Source\PSoC5/Cm3Start.c **** 
 395:Generated_Source\PSoC5/Cm3Start.c ****         /* Reset Status Register has Read-to-clear SW access mode.
 396:Generated_Source\PSoC5/Cm3Start.c ****         * Preserve current RESET_SR0 state to make it available for next reading.
 397:Generated_Source\PSoC5/Cm3Start.c ****         */
 398:Generated_Source\PSoC5/Cm3Start.c ****         *(reg32 *)(CYREG_PHUB_CFGMEM23_CFG1) = *(reg32 *)(CYREG_RESET_SR0);
 399:Generated_Source\PSoC5/Cm3Start.c **** 
 400:Generated_Source\PSoC5/Cm3Start.c ****     #endif  /* (CYDEV_PROJ_TYPE != CYDEV_PROJ_TYPE_LOADABLE && CYDEV_PROJ_TYPE != CYDEV_PROJ_TYPE_L
 401:Generated_Source\PSoC5/Cm3Start.c **** 
 402:Generated_Source\PSoC5/Cm3Start.c ****     #if ((CYDEV_BOOTLOADER_ENABLE) && (CYDEV_PROJ_TYPE != CYDEV_PROJ_TYPE_LOADABLEANDBOOTLOADER))
 403:Generated_Source\PSoC5/Cm3Start.c ****         CyBtldr_CheckLaunch();
ARM GAS  C:\Users\HPz420\AppData\Local\Temp\ccr9SLaZ.s 			page 13


 404:Generated_Source\PSoC5/Cm3Start.c ****     #endif /* ((CYDEV_BOOTLOADER_ENABLE) && (CYDEV_PROJ_TYPE != CYDEV_PROJ_TYPE_LOADABLEANDBOOTLOAD
 405:Generated_Source\PSoC5/Cm3Start.c **** 
 406:Generated_Source\PSoC5/Cm3Start.c ****     /* Initialize data sections */
 407:Generated_Source\PSoC5/Cm3Start.c ****     __iar_data_init3();
 408:Generated_Source\PSoC5/Cm3Start.c **** 
 409:Generated_Source\PSoC5/Cm3Start.c ****     initialize_psoc();
 410:Generated_Source\PSoC5/Cm3Start.c **** 
 411:Generated_Source\PSoC5/Cm3Start.c ****     return 0;
 412:Generated_Source\PSoC5/Cm3Start.c **** }
 413:Generated_Source\PSoC5/Cm3Start.c **** 
 414:Generated_Source\PSoC5/Cm3Start.c **** #endif /* __GNUC__ */
 415:Generated_Source\PSoC5/Cm3Start.c **** 
 416:Generated_Source\PSoC5/Cm3Start.c **** 
 417:Generated_Source\PSoC5/Cm3Start.c **** /*******************************************************************************
 418:Generated_Source\PSoC5/Cm3Start.c **** *
 419:Generated_Source\PSoC5/Cm3Start.c **** * Default Rom Interrupt Vector table.
 420:Generated_Source\PSoC5/Cm3Start.c **** *
 421:Generated_Source\PSoC5/Cm3Start.c **** *******************************************************************************/
 422:Generated_Source\PSoC5/Cm3Start.c **** #if defined(__ARMCC_VERSION)
 423:Generated_Source\PSoC5/Cm3Start.c ****     /* Suppress diagnostic message 1296-D: extended constant initialiser used */
 424:Generated_Source\PSoC5/Cm3Start.c ****     #pragma diag_suppress 1296
 425:Generated_Source\PSoC5/Cm3Start.c **** #endif  /* defined(__ARMCC_VERSION) */
 426:Generated_Source\PSoC5/Cm3Start.c **** 
 427:Generated_Source\PSoC5/Cm3Start.c **** #if defined (__ICCARM__)
 428:Generated_Source\PSoC5/Cm3Start.c ****     #pragma location=".romvectors"
 429:Generated_Source\PSoC5/Cm3Start.c ****     const intvec_elem __vector_table[CY_NUM_ROM_VECTORS] =
 430:Generated_Source\PSoC5/Cm3Start.c **** #else
 431:Generated_Source\PSoC5/Cm3Start.c ****     CY_SECTION(".romvectors")
 432:Generated_Source\PSoC5/Cm3Start.c ****     const cyisraddress RomVectors[CY_NUM_ROM_VECTORS] =
 433:Generated_Source\PSoC5/Cm3Start.c **** #endif  /* defined (__ICCARM__) */
 434:Generated_Source\PSoC5/Cm3Start.c **** {
 435:Generated_Source\PSoC5/Cm3Start.c ****     INITIAL_STACK_POINTER,   /* Initial stack pointer  0 */
 436:Generated_Source\PSoC5/Cm3Start.c ****     #if defined (__ICCARM__) /* Reset handler          1 */
 437:Generated_Source\PSoC5/Cm3Start.c ****         __iar_program_start,
 438:Generated_Source\PSoC5/Cm3Start.c ****     #else
 439:Generated_Source\PSoC5/Cm3Start.c ****         (cyisraddress)&Reset,
 440:Generated_Source\PSoC5/Cm3Start.c ****     #endif  /* defined (__ICCARM__) */
 441:Generated_Source\PSoC5/Cm3Start.c ****     &IntDefaultHandler,      /* NMI handler            2 */
 442:Generated_Source\PSoC5/Cm3Start.c ****     &IntDefaultHandler,      /* Hard fault handler     3 */
 443:Generated_Source\PSoC5/Cm3Start.c **** };
 444:Generated_Source\PSoC5/Cm3Start.c **** 
 445:Generated_Source\PSoC5/Cm3Start.c **** #if defined(__ARMCC_VERSION)
 446:Generated_Source\PSoC5/Cm3Start.c ****     #pragma diag_default 1296
 447:Generated_Source\PSoC5/Cm3Start.c **** #endif  /* defined(__ARMCC_VERSION) */
 448:Generated_Source\PSoC5/Cm3Start.c **** 
 449:Generated_Source\PSoC5/Cm3Start.c **** 
 450:Generated_Source\PSoC5/Cm3Start.c **** /*******************************************************************************
 451:Generated_Source\PSoC5/Cm3Start.c **** * Function Name: initialize_psoc
 452:Generated_Source\PSoC5/Cm3Start.c **** ****************************************************************************//**
 453:Generated_Source\PSoC5/Cm3Start.c **** *
 454:Generated_Source\PSoC5/Cm3Start.c **** *  This function used to initialize the PSoC chip before calling main.
 455:Generated_Source\PSoC5/Cm3Start.c **** *
 456:Generated_Source\PSoC5/Cm3Start.c **** *******************************************************************************/
 457:Generated_Source\PSoC5/Cm3Start.c **** #if (defined(__GNUC__) && !defined(__ARMCC_VERSION))
 458:Generated_Source\PSoC5/Cm3Start.c **** __attribute__ ((constructor(101)))
 459:Generated_Source\PSoC5/Cm3Start.c **** #endif
 460:Generated_Source\PSoC5/Cm3Start.c **** void initialize_psoc(void)
ARM GAS  C:\Users\HPz420\AppData\Local\Temp\ccr9SLaZ.s 			page 14


 461:Generated_Source\PSoC5/Cm3Start.c **** {
 272              		.loc 1 461 0
 273              		.cfi_startproc
 274              		@ args = 0, pretend = 0, frame = 0
 275              		@ frame_needed = 0, uses_anonymous_args = 0
 276 0000 08B5     		push	{r3, lr}
 277              		.cfi_def_cfa_offset 8
 278              		.cfi_offset 3, -8
 279              		.cfi_offset 14, -4
 462:Generated_Source\PSoC5/Cm3Start.c ****     uint32 i;
 463:Generated_Source\PSoC5/Cm3Start.c **** 
 464:Generated_Source\PSoC5/Cm3Start.c ****     /* Set Priority group 5. */
 465:Generated_Source\PSoC5/Cm3Start.c **** 
 466:Generated_Source\PSoC5/Cm3Start.c ****     /* Writes to NVIC_APINT register require the VECTKEY in the upper half */
 467:Generated_Source\PSoC5/Cm3Start.c ****     *CY_NVIC_APINT_PTR = CY_NVIC_APINT_VECTKEY | CY_NVIC_APINT_PRIGROUP_3_5;
 280              		.loc 1 467 0
 281 0002 114A     		ldr	r2, .L35
 282 0004 114B     		ldr	r3, .L35+4
 283 0006 1A60     		str	r2, [r3]
 468:Generated_Source\PSoC5/Cm3Start.c ****     *CY_NVIC_CFG_CTRL_PTR |= CY_NVIC_CFG_STACKALIGN;
 284              		.loc 1 468 0
 285 0008 114A     		ldr	r2, .L35+8
 286 000a 1368     		ldr	r3, [r2]
 287 000c 43F40073 		orr	r3, r3, #512
 288 0010 1360     		str	r3, [r2]
 289              	.LVL29:
 469:Generated_Source\PSoC5/Cm3Start.c **** 
 470:Generated_Source\PSoC5/Cm3Start.c ****     /* Set Ram interrupt vectors to default functions. */
 471:Generated_Source\PSoC5/Cm3Start.c ****     for (i = 0u; i < CY_NUM_VECTORS; i++)
 290              		.loc 1 471 0
 291 0012 0023     		movs	r3, #0
 292 0014 0AE0     		b	.L30
 293              	.LVL30:
 294              	.L32:
 472:Generated_Source\PSoC5/Cm3Start.c ****     {
 473:Generated_Source\PSoC5/Cm3Start.c ****         #if defined (__ICCARM__)
 474:Generated_Source\PSoC5/Cm3Start.c ****             CyRamVectors[i] = (i < CY_NUM_ROM_VECTORS) ? __vector_table[i].__fun : &IntDefaultHandl
 475:Generated_Source\PSoC5/Cm3Start.c ****         #else
 476:Generated_Source\PSoC5/Cm3Start.c ****             CyRamVectors[i] = (i < CY_NUM_ROM_VECTORS) ? RomVectors[i] : &IntDefaultHandler;
 295              		.loc 1 476 0
 296 0016 032B     		cmp	r3, #3
 297 0018 03D8     		bhi	.L33
 298              		.loc 1 476 0 is_stmt 0 discriminator 1
 299 001a 0E4A     		ldr	r2, .L35+12
 300 001c 52F82310 		ldr	r1, [r2, r3, lsl #2]
 301 0020 00E0     		b	.L31
 302              	.L33:
 303              		.loc 1 476 0
 304 0022 0D49     		ldr	r1, .L35+16
 305              	.L31:
 306              		.loc 1 476 0 discriminator 4
 307 0024 0D4A     		ldr	r2, .L35+20
 308 0026 42F82310 		str	r1, [r2, r3, lsl #2]
 471:Generated_Source\PSoC5/Cm3Start.c ****     {
 309              		.loc 1 471 0 is_stmt 1 discriminator 4
 310 002a 0133     		adds	r3, r3, #1
 311              	.LVL31:
ARM GAS  C:\Users\HPz420\AppData\Local\Temp\ccr9SLaZ.s 			page 15


 312              	.L30:
 471:Generated_Source\PSoC5/Cm3Start.c ****     {
 313              		.loc 1 471 0 is_stmt 0 discriminator 2
 314 002c 2F2B     		cmp	r3, #47
 315 002e F2D9     		bls	.L32
 477:Generated_Source\PSoC5/Cm3Start.c ****         #endif  /* defined (__ICCARM__) */
 478:Generated_Source\PSoC5/Cm3Start.c ****     }
 479:Generated_Source\PSoC5/Cm3Start.c **** 
 480:Generated_Source\PSoC5/Cm3Start.c ****     /* Was stored in CFGMEM to avoid being cleared while SRAM gets cleared */
 481:Generated_Source\PSoC5/Cm3Start.c ****     CyResetStatus = CY_GET_REG8(CYREG_PHUB_CFGMEM23_CFG1);
 316              		.loc 1 481 0 is_stmt 1
 317 0030 0B4B     		ldr	r3, .L35+24
 318              	.LVL32:
 319 0032 1A78     		ldrb	r2, [r3]	@ zero_extendqisi2
 320 0034 0B4B     		ldr	r3, .L35+28
 321 0036 1A70     		strb	r2, [r3]
 482:Generated_Source\PSoC5/Cm3Start.c **** 
 483:Generated_Source\PSoC5/Cm3Start.c ****     /* Point NVIC at RAM vector table. */
 484:Generated_Source\PSoC5/Cm3Start.c ****     *CYINT_VECT_TABLE = CyRamVectors;
 322              		.loc 1 484 0
 323 0038 084A     		ldr	r2, .L35+20
 324 003a 0B4B     		ldr	r3, .L35+32
 325 003c 1A60     		str	r2, [r3]
 485:Generated_Source\PSoC5/Cm3Start.c **** 
 486:Generated_Source\PSoC5/Cm3Start.c ****     /* Initialize the configuration registers. */
 487:Generated_Source\PSoC5/Cm3Start.c ****     cyfitter_cfg();
 326              		.loc 1 487 0
 327 003e FFF7FEFF 		bl	cyfitter_cfg
 328              	.LVL33:
 488:Generated_Source\PSoC5/Cm3Start.c **** 
 489:Generated_Source\PSoC5/Cm3Start.c ****     #if(0u != DMA_CHANNELS_USED__MASK0)
 490:Generated_Source\PSoC5/Cm3Start.c **** 
 491:Generated_Source\PSoC5/Cm3Start.c ****         /* Setup DMA - only necessary if design contains DMA component. */
 492:Generated_Source\PSoC5/Cm3Start.c ****         CyDmacConfigure();
 329              		.loc 1 492 0
 330 0042 FFF7FEFF 		bl	CyDmacConfigure
 331              	.LVL34:
 332 0046 08BD     		pop	{r3, pc}
 333              	.L36:
 334              		.align	2
 335              	.L35:
 336 0048 0004FA05 		.word	100271104
 337 004c 0CED00E0 		.word	-536810228
 338 0050 14ED00E0 		.word	-536810220
 339 0054 00000000 		.word	.LANCHOR1
 340 0058 00000000 		.word	IntDefaultHandler
 341 005c 00000000 		.word	.LANCHOR2
 342 0060 BC760040 		.word	1073772220
 343 0064 00000000 		.word	CyResetStatus
 344 0068 08ED00E0 		.word	-536810232
 345              		.cfi_endproc
 346              	.LFE5:
 347              		.size	initialize_psoc, .-initialize_psoc
 348              		.section	.init_array,"aw",%init_array
 349              		.align	2
 350 0000 00000000 		.word	initialize_psoc(target1)
 351              		.global	RomVectors
ARM GAS  C:\Users\HPz420\AppData\Local\Temp\ccr9SLaZ.s 			page 16


 352              		.global	CyRamVectors
 353              		.section	.romvectors,"a",%progbits
 354              		.align	2
 355              		.set	.LANCHOR1,. + 0
 356              		.type	RomVectors, %object
 357              		.size	RomVectors, 16
 358              	RomVectors:
 359 0000 00000000 		.word	__cy_stack
 360 0004 00000000 		.word	Reset
 361 0008 00000000 		.word	IntDefaultHandler
 362 000c 00000000 		.word	IntDefaultHandler
 363              		.data
 364              		.align	2
 365              		.set	.LANCHOR0,. + 0
 366              		.type	heapPointer.5063, %object
 367              		.size	heapPointer.5063, 4
 368              	heapPointer.5063:
 369 0000 00000000 		.word	end
 370              		.section	.ramvectors,"aw",%progbits
 371              		.align	8
 372              		.set	.LANCHOR2,. + 0
 373              		.type	CyRamVectors, %object
 374              		.size	CyRamVectors, 192
 375              	CyRamVectors:
 376 0000 00000000 		.space	192
 376      00000000 
 376      00000000 
 376      00000000 
 376      00000000 
 377              		.weak	__cy_region_num
 378              		.text
 379              	.Letext0:
 380              		.file 2 "c:\\program files (x86)\\cypress\\psoc creator\\4.4\\psoc creator\\import\\gnu\\arm\\5.4.
 381              		.file 3 "Generated_Source\\PSoC5\\cytypes.h"
 382              		.file 4 "Generated_Source\\PSoC5\\CyLib.h"
 383              		.file 5 "c:\\program files (x86)\\cypress\\psoc creator\\4.4\\psoc creator\\import\\gnu\\arm\\5.4.
 384              		.file 6 "Generated_Source\\PSoC5\\cyfitter_cfg.h"
 385              		.file 7 "Generated_Source\\PSoC5\\CyDmac.h"
 386              		.section	.debug_info,"",%progbits
 387              	.Ldebug_info0:
 388 0000 C5030000 		.4byte	0x3c5
 389 0004 0400     		.2byte	0x4
 390 0006 00000000 		.4byte	.Ldebug_abbrev0
 391 000a 04       		.byte	0x4
 392 000b 01       		.uleb128 0x1
 393 000c A0000000 		.4byte	.LASF49
 394 0010 0C       		.byte	0xc
 395 0011 88010000 		.4byte	.LASF50
 396 0015 B0020000 		.4byte	.LASF51
 397 0019 00000000 		.4byte	.Ldebug_ranges0+0
 398 001d 00000000 		.4byte	0
 399 0021 00000000 		.4byte	.Ldebug_line0
 400 0025 02       		.uleb128 0x2
 401 0026 01       		.byte	0x1
 402 0027 06       		.byte	0x6
 403 0028 A4020000 		.4byte	.LASF0
 404 002c 02       		.uleb128 0x2
ARM GAS  C:\Users\HPz420\AppData\Local\Temp\ccr9SLaZ.s 			page 17


 405 002d 01       		.byte	0x1
 406 002e 08       		.byte	0x8
 407 002f 92000000 		.4byte	.LASF1
 408 0033 02       		.uleb128 0x2
 409 0034 02       		.byte	0x2
 410 0035 05       		.byte	0x5
 411 0036 65020000 		.4byte	.LASF2
 412 003a 02       		.uleb128 0x2
 413 003b 02       		.byte	0x2
 414 003c 07       		.byte	0x7
 415 003d 49000000 		.4byte	.LASF3
 416 0041 02       		.uleb128 0x2
 417 0042 04       		.byte	0x4
 418 0043 05       		.byte	0x5
 419 0044 8F020000 		.4byte	.LASF4
 420 0048 02       		.uleb128 0x2
 421 0049 04       		.byte	0x4
 422 004a 07       		.byte	0x7
 423 004b 39010000 		.4byte	.LASF5
 424 004f 02       		.uleb128 0x2
 425 0050 08       		.byte	0x8
 426 0051 05       		.byte	0x5
 427 0052 52020000 		.4byte	.LASF6
 428 0056 02       		.uleb128 0x2
 429 0057 08       		.byte	0x8
 430 0058 07       		.byte	0x7
 431 0059 FF010000 		.4byte	.LASF7
 432 005d 03       		.uleb128 0x3
 433 005e 04       		.byte	0x4
 434 005f 05       		.byte	0x5
 435 0060 696E7400 		.ascii	"int\000"
 436 0064 02       		.uleb128 0x2
 437 0065 04       		.byte	0x4
 438 0066 07       		.byte	0x7
 439 0067 E5010000 		.4byte	.LASF8
 440 006b 04       		.uleb128 0x4
 441 006c 06000000 		.4byte	.LASF10
 442 0070 02       		.byte	0x2
 443 0071 D8       		.byte	0xd8
 444 0072 64000000 		.4byte	0x64
 445 0076 02       		.uleb128 0x2
 446 0077 08       		.byte	0x8
 447 0078 04       		.byte	0x4
 448 0079 98020000 		.4byte	.LASF9
 449 007d 05       		.uleb128 0x5
 450 007e 6F020000 		.4byte	.LASF11
 451 0082 03       		.byte	0x3
 452 0083 9201     		.2byte	0x192
 453 0085 2C000000 		.4byte	0x2c
 454 0089 05       		.uleb128 0x5
 455 008a DE010000 		.4byte	.LASF12
 456 008e 03       		.byte	0x3
 457 008f 9401     		.2byte	0x194
 458 0091 48000000 		.4byte	0x48
 459 0095 02       		.uleb128 0x2
 460 0096 04       		.byte	0x4
 461 0097 04       		.byte	0x4
ARM GAS  C:\Users\HPz420\AppData\Local\Temp\ccr9SLaZ.s 			page 18


 462 0098 87000000 		.4byte	.LASF13
 463 009c 02       		.uleb128 0x2
 464 009d 08       		.byte	0x8
 465 009e 04       		.byte	0x4
 466 009f C2010000 		.4byte	.LASF14
 467 00a3 02       		.uleb128 0x2
 468 00a4 01       		.byte	0x1
 469 00a5 08       		.byte	0x8
 470 00a6 60020000 		.4byte	.LASF15
 471 00aa 05       		.uleb128 0x5
 472 00ab 44020000 		.4byte	.LASF16
 473 00af 03       		.byte	0x3
 474 00b0 3C02     		.2byte	0x23c
 475 00b2 B6000000 		.4byte	0xb6
 476 00b6 06       		.uleb128 0x6
 477 00b7 7D000000 		.4byte	0x7d
 478 00bb 05       		.uleb128 0x5
 479 00bc 00000000 		.4byte	.LASF17
 480 00c0 03       		.byte	0x3
 481 00c1 3E02     		.2byte	0x23e
 482 00c3 C7000000 		.4byte	0xc7
 483 00c7 06       		.uleb128 0x6
 484 00c8 89000000 		.4byte	0x89
 485 00cc 05       		.uleb128 0x5
 486 00cd 1C020000 		.4byte	.LASF18
 487 00d1 03       		.byte	0x3
 488 00d2 4E02     		.2byte	0x24e
 489 00d4 D8000000 		.4byte	0xd8
 490 00d8 07       		.uleb128 0x7
 491 00d9 04       		.byte	0x4
 492 00da DE000000 		.4byte	0xde
 493 00de 08       		.uleb128 0x8
 494 00df 02       		.uleb128 0x2
 495 00e0 04       		.byte	0x4
 496 00e1 07       		.byte	0x7
 497 00e2 49020000 		.4byte	.LASF19
 498 00e6 09       		.uleb128 0x9
 499 00e7 04       		.byte	0x4
 500 00e8 0A       		.uleb128 0xa
 501 00e9 A3000000 		.4byte	0xa3
 502 00ed 04       		.uleb128 0x4
 503 00ee 33020000 		.4byte	.LASF20
 504 00f2 01       		.byte	0x1
 505 00f3 CF       		.byte	0xcf
 506 00f4 2C000000 		.4byte	0x2c
 507 00f8 0B       		.uleb128 0xb
 508 00f9 28030000 		.4byte	.LASF52
 509 00fd 10       		.byte	0x10
 510 00fe 01       		.byte	0x1
 511 00ff D1       		.byte	0xd1
 512 0100 35010000 		.4byte	0x135
 513 0104 0C       		.uleb128 0xc
 514 0105 6C000000 		.4byte	.LASF21
 515 0109 01       		.byte	0x1
 516 010a D3       		.byte	0xd3
 517 010b 35010000 		.4byte	0x135
 518 010f 00       		.byte	0
ARM GAS  C:\Users\HPz420\AppData\Local\Temp\ccr9SLaZ.s 			page 19


 519 0110 0C       		.uleb128 0xc
 520 0111 8D000000 		.4byte	.LASF22
 521 0115 01       		.byte	0x1
 522 0116 D4       		.byte	0xd4
 523 0117 35010000 		.4byte	0x135
 524 011b 04       		.byte	0x4
 525 011c 0C       		.uleb128 0xc
 526 011d 29020000 		.4byte	.LASF23
 527 0121 01       		.byte	0x1
 528 0122 D5       		.byte	0xd5
 529 0123 6B000000 		.4byte	0x6b
 530 0127 08       		.byte	0x8
 531 0128 0C       		.uleb128 0xc
 532 0129 78000000 		.4byte	.LASF24
 533 012d 01       		.byte	0x1
 534 012e D6       		.byte	0xd6
 535 012f 6B000000 		.4byte	0x6b
 536 0133 0C       		.byte	0xc
 537 0134 00       		.byte	0
 538 0135 07       		.uleb128 0x7
 539 0136 04       		.byte	0x4
 540 0137 ED000000 		.4byte	0xed
 541 013b 0D       		.uleb128 0xd
 542 013c AA010000 		.4byte	.LASF25
 543 0140 01       		.byte	0x1
 544 0141 5B       		.byte	0x5b
 545 0142 00000000 		.4byte	.LFB0
 546 0146 10000000 		.4byte	.LFE0-.LFB0
 547 014a 01       		.uleb128 0x1
 548 014b 9C       		.byte	0x9c
 549 014c 5A010000 		.4byte	0x15a
 550 0150 0E       		.uleb128 0xe
 551 0151 06000000 		.4byte	.LVL0
 552 0155 86030000 		.4byte	0x386
 553 0159 00       		.byte	0
 554 015a 0D       		.uleb128 0xd
 555 015b 82010000 		.4byte	.LASF26
 556 015f 01       		.byte	0x1
 557 0160 EF       		.byte	0xef
 558 0161 00000000 		.4byte	.LFB1
 559 0165 0A000000 		.4byte	.LFE1-.LFB1
 560 0169 01       		.uleb128 0x1
 561 016a 9C       		.byte	0x9c
 562 016b 90010000 		.4byte	0x190
 563 016f 0F       		.uleb128 0xf
 564 0170 71000000 		.4byte	.LASF28
 565 0174 01       		.byte	0x1
 566 0175 EF       		.byte	0xef
 567 0176 5D000000 		.4byte	0x5d
 568 017a 00000000 		.4byte	.LLST0
 569 017e 10       		.uleb128 0x10
 570 017f 08000000 		.4byte	.LVL3
 571 0183 91030000 		.4byte	0x391
 572 0187 11       		.uleb128 0x11
 573 0188 01       		.uleb128 0x1
 574 0189 50       		.byte	0x50
 575 018a 03       		.uleb128 0x3
ARM GAS  C:\Users\HPz420\AppData\Local\Temp\ccr9SLaZ.s 			page 20


 576 018b F3       		.byte	0xf3
 577 018c 01       		.uleb128 0x1
 578 018d 50       		.byte	0x50
 579 018e 00       		.byte	0
 580 018f 00       		.byte	0
 581 0190 12       		.uleb128 0x12
 582 0191 BC010000 		.4byte	.LASF27
 583 0195 01       		.byte	0x1
 584 0196 0801     		.2byte	0x108
 585 0198 E6000000 		.4byte	0xe6
 586 019c 00000000 		.4byte	.LFB2
 587 01a0 30000000 		.4byte	.LFE2-.LFB2
 588 01a4 01       		.uleb128 0x1
 589 01a5 9C       		.byte	0x9c
 590 01a6 F2010000 		.4byte	0x1f2
 591 01aa 13       		.uleb128 0x13
 592 01ab 21030000 		.4byte	.LASF29
 593 01af 01       		.byte	0x1
 594 01b0 0801     		.2byte	0x108
 595 01b2 5D000000 		.4byte	0x5d
 596 01b6 21000000 		.4byte	.LLST1
 597 01ba 14       		.uleb128 0x14
 598 01bb 656E6400 		.ascii	"end\000"
 599 01bf 01       		.byte	0x1
 600 01c0 0A01     		.2byte	0x10a
 601 01c2 5D000000 		.4byte	0x5d
 602 01c6 15       		.uleb128 0x15
 603 01c7 76010000 		.4byte	.LASF30
 604 01cb 01       		.byte	0x1
 605 01cc 0B01     		.2byte	0x10b
 606 01ce E6000000 		.4byte	0xe6
 607 01d2 42000000 		.4byte	.LLST2
 608 01d6 16       		.uleb128 0x16
 609 01d7 3D000000 		.4byte	.LASF31
 610 01db 01       		.byte	0x1
 611 01dc 0E01     		.2byte	0x10e
 612 01de E6000000 		.4byte	0xe6
 613 01e2 05       		.uleb128 0x5
 614 01e3 03       		.byte	0x3
 615 01e4 00000000 		.4byte	heapPointer.5063
 616 01e8 0E       		.uleb128 0xe
 617 01e9 1A000000 		.4byte	.LVL8
 618 01ed 86030000 		.4byte	0x386
 619 01f1 00       		.byte	0
 620 01f2 17       		.uleb128 0x17
 621 01f3 2F000000 		.4byte	.LASF32
 622 01f7 01       		.byte	0x1
 623 01f8 4901     		.2byte	0x149
 624 01fa 00000000 		.4byte	.LFB4
 625 01fe 4C000000 		.4byte	.LFE4-.LFB4
 626 0202 01       		.uleb128 0x1
 627 0203 9C       		.byte	0x9c
 628 0204 89020000 		.4byte	0x289
 629 0208 15       		.uleb128 0x15
 630 0209 19030000 		.4byte	.LASF33
 631 020d 01       		.byte	0x1
 632 020e 4B01     		.2byte	0x14b
ARM GAS  C:\Users\HPz420\AppData\Local\Temp\ccr9SLaZ.s 			page 21


 633 0210 64000000 		.4byte	0x64
 634 0214 6D000000 		.4byte	.LLST3
 635 0218 15       		.uleb128 0x15
 636 0219 82000000 		.4byte	.LASF34
 637 021d 01       		.byte	0x1
 638 021e 4C01     		.2byte	0x14c
 639 0220 89020000 		.4byte	0x289
 640 0224 80000000 		.4byte	.LLST4
 641 0228 18       		.uleb128 0x18
 642 0229 08000000 		.4byte	.LBB2
 643 022d 2C000000 		.4byte	.LBE2-.LBB2
 644 0231 76020000 		.4byte	0x276
 645 0235 19       		.uleb128 0x19
 646 0236 73726300 		.ascii	"src\000"
 647 023a 01       		.byte	0x1
 648 023b 5101     		.2byte	0x151
 649 023d 94020000 		.4byte	0x294
 650 0241 93000000 		.4byte	.LLST5
 651 0245 19       		.uleb128 0x19
 652 0246 64737400 		.ascii	"dst\000"
 653 024a 01       		.byte	0x1
 654 024b 5201     		.2byte	0x152
 655 024d 94020000 		.4byte	0x294
 656 0251 BE000000 		.4byte	.LLST6
 657 0255 15       		.uleb128 0x15
 658 0256 16020000 		.4byte	.LASF35
 659 025a 01       		.byte	0x1
 660 025b 5301     		.2byte	0x153
 661 025d 64000000 		.4byte	0x64
 662 0261 D1000000 		.4byte	.LLST7
 663 0265 15       		.uleb128 0x15
 664 0266 37000000 		.4byte	.LASF36
 665 026a 01       		.byte	0x1
 666 026b 5401     		.2byte	0x154
 667 026d 64000000 		.4byte	0x64
 668 0271 EF000000 		.4byte	.LLST8
 669 0275 00       		.byte	0
 670 0276 0E       		.uleb128 0xe
 671 0277 3E000000 		.4byte	.LVL26
 672 027b 9C030000 		.4byte	0x39c
 673 027f 0E       		.uleb128 0xe
 674 0280 42000000 		.4byte	.LVL27
 675 0284 A7030000 		.4byte	0x3a7
 676 0288 00       		.byte	0
 677 0289 07       		.uleb128 0x7
 678 028a 04       		.byte	0x4
 679 028b 8F020000 		.4byte	0x28f
 680 028f 0A       		.uleb128 0xa
 681 0290 F8000000 		.4byte	0xf8
 682 0294 07       		.uleb128 0x7
 683 0295 04       		.byte	0x4
 684 0296 89000000 		.4byte	0x89
 685 029a 17       		.uleb128 0x17
 686 029b 70010000 		.4byte	.LASF37
 687 029f 01       		.byte	0x1
 688 02a0 2701     		.2byte	0x127
 689 02a2 00000000 		.4byte	.LFB3
ARM GAS  C:\Users\HPz420\AppData\Local\Temp\ccr9SLaZ.s 			page 22


 690 02a6 18000000 		.4byte	.LFE3-.LFB3
 691 02aa 01       		.uleb128 0x1
 692 02ab 9C       		.byte	0x9c
 693 02ac BA020000 		.4byte	0x2ba
 694 02b0 0E       		.uleb128 0xe
 695 02b1 12000000 		.4byte	.LVL28
 696 02b5 F2010000 		.4byte	0x1f2
 697 02b9 00       		.byte	0
 698 02ba 1A       		.uleb128 0x1a
 699 02bb CE010000 		.4byte	.LASF53
 700 02bf 01       		.byte	0x1
 701 02c0 CC01     		.2byte	0x1cc
 702 02c2 00000000 		.4byte	.LFB5
 703 02c6 6C000000 		.4byte	.LFE5-.LFB5
 704 02ca 01       		.uleb128 0x1
 705 02cb 9C       		.byte	0x9c
 706 02cc F1020000 		.4byte	0x2f1
 707 02d0 19       		.uleb128 0x19
 708 02d1 6900     		.ascii	"i\000"
 709 02d3 01       		.byte	0x1
 710 02d4 CE01     		.2byte	0x1ce
 711 02d6 89000000 		.4byte	0x89
 712 02da 25010000 		.4byte	.LLST9
 713 02de 0E       		.uleb128 0xe
 714 02df 42000000 		.4byte	.LVL33
 715 02e3 B2030000 		.4byte	0x3b2
 716 02e7 0E       		.uleb128 0xe
 717 02e8 46000000 		.4byte	.LVL34
 718 02ec BD030000 		.4byte	0x3bd
 719 02f0 00       		.byte	0
 720 02f1 1B       		.uleb128 0x1b
 721 02f2 4B010000 		.4byte	.LASF54
 722 02f6 01       		.byte	0x1
 723 02f7 3F       		.byte	0x3f
 724 02f8 89000000 		.4byte	0x89
 725 02fc 1C       		.uleb128 0x1c
 726 02fd 21000000 		.4byte	.LASF38
 727 0301 04       		.byte	0x4
 728 0302 2C       		.byte	0x2c
 729 0303 7D000000 		.4byte	0x7d
 730 0307 14       		.uleb128 0x14
 731 0308 656E6400 		.ascii	"end\000"
 732 030c 01       		.byte	0x1
 733 030d 0A01     		.2byte	0x10a
 734 030f 5D000000 		.4byte	0x5d
 735 0313 1D       		.uleb128 0x1d
 736 0314 CC000000 		.4byte	0xcc
 737 0318 23030000 		.4byte	0x323
 738 031c 1E       		.uleb128 0x1e
 739 031d DF000000 		.4byte	0xdf
 740 0321 2F       		.byte	0x2f
 741 0322 00       		.byte	0
 742 0323 1F       		.uleb128 0x1f
 743 0324 14000000 		.4byte	.LASF39
 744 0328 01       		.byte	0x1
 745 0329 4D       		.byte	0x4d
 746 032a 13030000 		.4byte	0x313
ARM GAS  C:\Users\HPz420\AppData\Local\Temp\ccr9SLaZ.s 			page 23


 747 032e 05       		.uleb128 0x5
 748 032f 03       		.byte	0x3
 749 0330 00000000 		.4byte	CyRamVectors
 750 0334 1D       		.uleb128 0x1d
 751 0335 8F020000 		.4byte	0x28f
 752 0339 3F030000 		.4byte	0x33f
 753 033d 20       		.uleb128 0x20
 754 033e 00       		.byte	0
 755 033f 1C       		.uleb128 0x1c
 756 0340 0C030000 		.4byte	.LASF40
 757 0344 01       		.byte	0x1
 758 0345 D9       		.byte	0xd9
 759 0346 4A030000 		.4byte	0x34a
 760 034a 0A       		.uleb128 0xa
 761 034b 34030000 		.4byte	0x334
 762 034f 1C       		.uleb128 0x1c
 763 0350 5C000000 		.4byte	.LASF41
 764 0354 01       		.byte	0x1
 765 0355 DA       		.byte	0xda
 766 0356 E8000000 		.4byte	0xe8
 767 035a 1D       		.uleb128 0x1d
 768 035b 6A030000 		.4byte	0x36a
 769 035f 6A030000 		.4byte	0x36a
 770 0363 1E       		.uleb128 0x1e
 771 0364 DF000000 		.4byte	0xdf
 772 0368 03       		.byte	0x3
 773 0369 00       		.byte	0
 774 036a 0A       		.uleb128 0xa
 775 036b CC000000 		.4byte	0xcc
 776 036f 21       		.uleb128 0x21
 777 0370 2E010000 		.4byte	.LASF42
 778 0374 01       		.byte	0x1
 779 0375 B001     		.2byte	0x1b0
 780 0377 81030000 		.4byte	0x381
 781 037b 05       		.uleb128 0x5
 782 037c 03       		.byte	0x3
 783 037d 00000000 		.4byte	RomVectors
 784 0381 0A       		.uleb128 0xa
 785 0382 5A030000 		.4byte	0x35a
 786 0386 22       		.uleb128 0x22
 787 0387 75020000 		.4byte	.LASF43
 788 038b 75020000 		.4byte	.LASF43
 789 038f 05       		.byte	0x5
 790 0390 0F       		.byte	0xf
 791 0391 22       		.uleb128 0x22
 792 0392 0D000000 		.4byte	.LASF44
 793 0396 0D000000 		.4byte	.LASF44
 794 039a 04       		.byte	0x4
 795 039b 7F       		.byte	0x7f
 796 039c 22       		.uleb128 0x22
 797 039d 7D020000 		.4byte	.LASF45
 798 03a1 7D020000 		.4byte	.LASF45
 799 03a5 01       		.byte	0x1
 800 03a6 CD       		.byte	0xcd
 801 03a7 22       		.uleb128 0x22
 802 03a8 C9010000 		.4byte	.LASF46
 803 03ac C9010000 		.4byte	.LASF46
ARM GAS  C:\Users\HPz420\AppData\Local\Temp\ccr9SLaZ.s 			page 24


 804 03b0 01       		.byte	0x1
 805 03b1 CA       		.byte	0xca
 806 03b2 22       		.uleb128 0x22
 807 03b3 F2010000 		.4byte	.LASF47
 808 03b7 F2010000 		.4byte	.LASF47
 809 03bb 06       		.byte	0x6
 810 03bc 16       		.byte	0x16
 811 03bd 22       		.uleb128 0x22
 812 03be 60010000 		.4byte	.LASF48
 813 03c2 60010000 		.4byte	.LASF48
 814 03c6 07       		.byte	0x7
 815 03c7 21       		.byte	0x21
 816 03c8 00       		.byte	0
 817              		.section	.debug_abbrev,"",%progbits
 818              	.Ldebug_abbrev0:
 819 0000 01       		.uleb128 0x1
 820 0001 11       		.uleb128 0x11
 821 0002 01       		.byte	0x1
 822 0003 25       		.uleb128 0x25
 823 0004 0E       		.uleb128 0xe
 824 0005 13       		.uleb128 0x13
 825 0006 0B       		.uleb128 0xb
 826 0007 03       		.uleb128 0x3
 827 0008 0E       		.uleb128 0xe
 828 0009 1B       		.uleb128 0x1b
 829 000a 0E       		.uleb128 0xe
 830 000b 55       		.uleb128 0x55
 831 000c 17       		.uleb128 0x17
 832 000d 11       		.uleb128 0x11
 833 000e 01       		.uleb128 0x1
 834 000f 10       		.uleb128 0x10
 835 0010 17       		.uleb128 0x17
 836 0011 00       		.byte	0
 837 0012 00       		.byte	0
 838 0013 02       		.uleb128 0x2
 839 0014 24       		.uleb128 0x24
 840 0015 00       		.byte	0
 841 0016 0B       		.uleb128 0xb
 842 0017 0B       		.uleb128 0xb
 843 0018 3E       		.uleb128 0x3e
 844 0019 0B       		.uleb128 0xb
 845 001a 03       		.uleb128 0x3
 846 001b 0E       		.uleb128 0xe
 847 001c 00       		.byte	0
 848 001d 00       		.byte	0
 849 001e 03       		.uleb128 0x3
 850 001f 24       		.uleb128 0x24
 851 0020 00       		.byte	0
 852 0021 0B       		.uleb128 0xb
 853 0022 0B       		.uleb128 0xb
 854 0023 3E       		.uleb128 0x3e
 855 0024 0B       		.uleb128 0xb
 856 0025 03       		.uleb128 0x3
 857 0026 08       		.uleb128 0x8
 858 0027 00       		.byte	0
 859 0028 00       		.byte	0
 860 0029 04       		.uleb128 0x4
ARM GAS  C:\Users\HPz420\AppData\Local\Temp\ccr9SLaZ.s 			page 25


 861 002a 16       		.uleb128 0x16
 862 002b 00       		.byte	0
 863 002c 03       		.uleb128 0x3
 864 002d 0E       		.uleb128 0xe
 865 002e 3A       		.uleb128 0x3a
 866 002f 0B       		.uleb128 0xb
 867 0030 3B       		.uleb128 0x3b
 868 0031 0B       		.uleb128 0xb
 869 0032 49       		.uleb128 0x49
 870 0033 13       		.uleb128 0x13
 871 0034 00       		.byte	0
 872 0035 00       		.byte	0
 873 0036 05       		.uleb128 0x5
 874 0037 16       		.uleb128 0x16
 875 0038 00       		.byte	0
 876 0039 03       		.uleb128 0x3
 877 003a 0E       		.uleb128 0xe
 878 003b 3A       		.uleb128 0x3a
 879 003c 0B       		.uleb128 0xb
 880 003d 3B       		.uleb128 0x3b
 881 003e 05       		.uleb128 0x5
 882 003f 49       		.uleb128 0x49
 883 0040 13       		.uleb128 0x13
 884 0041 00       		.byte	0
 885 0042 00       		.byte	0
 886 0043 06       		.uleb128 0x6
 887 0044 35       		.uleb128 0x35
 888 0045 00       		.byte	0
 889 0046 49       		.uleb128 0x49
 890 0047 13       		.uleb128 0x13
 891 0048 00       		.byte	0
 892 0049 00       		.byte	0
 893 004a 07       		.uleb128 0x7
 894 004b 0F       		.uleb128 0xf
 895 004c 00       		.byte	0
 896 004d 0B       		.uleb128 0xb
 897 004e 0B       		.uleb128 0xb
 898 004f 49       		.uleb128 0x49
 899 0050 13       		.uleb128 0x13
 900 0051 00       		.byte	0
 901 0052 00       		.byte	0
 902 0053 08       		.uleb128 0x8
 903 0054 15       		.uleb128 0x15
 904 0055 00       		.byte	0
 905 0056 27       		.uleb128 0x27
 906 0057 19       		.uleb128 0x19
 907 0058 00       		.byte	0
 908 0059 00       		.byte	0
 909 005a 09       		.uleb128 0x9
 910 005b 0F       		.uleb128 0xf
 911 005c 00       		.byte	0
 912 005d 0B       		.uleb128 0xb
 913 005e 0B       		.uleb128 0xb
 914 005f 00       		.byte	0
 915 0060 00       		.byte	0
 916 0061 0A       		.uleb128 0xa
 917 0062 26       		.uleb128 0x26
ARM GAS  C:\Users\HPz420\AppData\Local\Temp\ccr9SLaZ.s 			page 26


 918 0063 00       		.byte	0
 919 0064 49       		.uleb128 0x49
 920 0065 13       		.uleb128 0x13
 921 0066 00       		.byte	0
 922 0067 00       		.byte	0
 923 0068 0B       		.uleb128 0xb
 924 0069 13       		.uleb128 0x13
 925 006a 01       		.byte	0x1
 926 006b 03       		.uleb128 0x3
 927 006c 0E       		.uleb128 0xe
 928 006d 0B       		.uleb128 0xb
 929 006e 0B       		.uleb128 0xb
 930 006f 3A       		.uleb128 0x3a
 931 0070 0B       		.uleb128 0xb
 932 0071 3B       		.uleb128 0x3b
 933 0072 0B       		.uleb128 0xb
 934 0073 01       		.uleb128 0x1
 935 0074 13       		.uleb128 0x13
 936 0075 00       		.byte	0
 937 0076 00       		.byte	0
 938 0077 0C       		.uleb128 0xc
 939 0078 0D       		.uleb128 0xd
 940 0079 00       		.byte	0
 941 007a 03       		.uleb128 0x3
 942 007b 0E       		.uleb128 0xe
 943 007c 3A       		.uleb128 0x3a
 944 007d 0B       		.uleb128 0xb
 945 007e 3B       		.uleb128 0x3b
 946 007f 0B       		.uleb128 0xb
 947 0080 49       		.uleb128 0x49
 948 0081 13       		.uleb128 0x13
 949 0082 38       		.uleb128 0x38
 950 0083 0B       		.uleb128 0xb
 951 0084 00       		.byte	0
 952 0085 00       		.byte	0
 953 0086 0D       		.uleb128 0xd
 954 0087 2E       		.uleb128 0x2e
 955 0088 01       		.byte	0x1
 956 0089 3F       		.uleb128 0x3f
 957 008a 19       		.uleb128 0x19
 958 008b 03       		.uleb128 0x3
 959 008c 0E       		.uleb128 0xe
 960 008d 3A       		.uleb128 0x3a
 961 008e 0B       		.uleb128 0xb
 962 008f 3B       		.uleb128 0x3b
 963 0090 0B       		.uleb128 0xb
 964 0091 27       		.uleb128 0x27
 965 0092 19       		.uleb128 0x19
 966 0093 8701     		.uleb128 0x87
 967 0095 19       		.uleb128 0x19
 968 0096 11       		.uleb128 0x11
 969 0097 01       		.uleb128 0x1
 970 0098 12       		.uleb128 0x12
 971 0099 06       		.uleb128 0x6
 972 009a 40       		.uleb128 0x40
 973 009b 18       		.uleb128 0x18
 974 009c 9742     		.uleb128 0x2117
ARM GAS  C:\Users\HPz420\AppData\Local\Temp\ccr9SLaZ.s 			page 27


 975 009e 19       		.uleb128 0x19
 976 009f 01       		.uleb128 0x1
 977 00a0 13       		.uleb128 0x13
 978 00a1 00       		.byte	0
 979 00a2 00       		.byte	0
 980 00a3 0E       		.uleb128 0xe
 981 00a4 898201   		.uleb128 0x4109
 982 00a7 00       		.byte	0
 983 00a8 11       		.uleb128 0x11
 984 00a9 01       		.uleb128 0x1
 985 00aa 31       		.uleb128 0x31
 986 00ab 13       		.uleb128 0x13
 987 00ac 00       		.byte	0
 988 00ad 00       		.byte	0
 989 00ae 0F       		.uleb128 0xf
 990 00af 05       		.uleb128 0x5
 991 00b0 00       		.byte	0
 992 00b1 03       		.uleb128 0x3
 993 00b2 0E       		.uleb128 0xe
 994 00b3 3A       		.uleb128 0x3a
 995 00b4 0B       		.uleb128 0xb
 996 00b5 3B       		.uleb128 0x3b
 997 00b6 0B       		.uleb128 0xb
 998 00b7 49       		.uleb128 0x49
 999 00b8 13       		.uleb128 0x13
 1000 00b9 02       		.uleb128 0x2
 1001 00ba 17       		.uleb128 0x17
 1002 00bb 00       		.byte	0
 1003 00bc 00       		.byte	0
 1004 00bd 10       		.uleb128 0x10
 1005 00be 898201   		.uleb128 0x4109
 1006 00c1 01       		.byte	0x1
 1007 00c2 11       		.uleb128 0x11
 1008 00c3 01       		.uleb128 0x1
 1009 00c4 31       		.uleb128 0x31
 1010 00c5 13       		.uleb128 0x13
 1011 00c6 00       		.byte	0
 1012 00c7 00       		.byte	0
 1013 00c8 11       		.uleb128 0x11
 1014 00c9 8A8201   		.uleb128 0x410a
 1015 00cc 00       		.byte	0
 1016 00cd 02       		.uleb128 0x2
 1017 00ce 18       		.uleb128 0x18
 1018 00cf 9142     		.uleb128 0x2111
 1019 00d1 18       		.uleb128 0x18
 1020 00d2 00       		.byte	0
 1021 00d3 00       		.byte	0
 1022 00d4 12       		.uleb128 0x12
 1023 00d5 2E       		.uleb128 0x2e
 1024 00d6 01       		.byte	0x1
 1025 00d7 3F       		.uleb128 0x3f
 1026 00d8 19       		.uleb128 0x19
 1027 00d9 03       		.uleb128 0x3
 1028 00da 0E       		.uleb128 0xe
 1029 00db 3A       		.uleb128 0x3a
 1030 00dc 0B       		.uleb128 0xb
 1031 00dd 3B       		.uleb128 0x3b
ARM GAS  C:\Users\HPz420\AppData\Local\Temp\ccr9SLaZ.s 			page 28


 1032 00de 05       		.uleb128 0x5
 1033 00df 27       		.uleb128 0x27
 1034 00e0 19       		.uleb128 0x19
 1035 00e1 49       		.uleb128 0x49
 1036 00e2 13       		.uleb128 0x13
 1037 00e3 11       		.uleb128 0x11
 1038 00e4 01       		.uleb128 0x1
 1039 00e5 12       		.uleb128 0x12
 1040 00e6 06       		.uleb128 0x6
 1041 00e7 40       		.uleb128 0x40
 1042 00e8 18       		.uleb128 0x18
 1043 00e9 9742     		.uleb128 0x2117
 1044 00eb 19       		.uleb128 0x19
 1045 00ec 01       		.uleb128 0x1
 1046 00ed 13       		.uleb128 0x13
 1047 00ee 00       		.byte	0
 1048 00ef 00       		.byte	0
 1049 00f0 13       		.uleb128 0x13
 1050 00f1 05       		.uleb128 0x5
 1051 00f2 00       		.byte	0
 1052 00f3 03       		.uleb128 0x3
 1053 00f4 0E       		.uleb128 0xe
 1054 00f5 3A       		.uleb128 0x3a
 1055 00f6 0B       		.uleb128 0xb
 1056 00f7 3B       		.uleb128 0x3b
 1057 00f8 05       		.uleb128 0x5
 1058 00f9 49       		.uleb128 0x49
 1059 00fa 13       		.uleb128 0x13
 1060 00fb 02       		.uleb128 0x2
 1061 00fc 17       		.uleb128 0x17
 1062 00fd 00       		.byte	0
 1063 00fe 00       		.byte	0
 1064 00ff 14       		.uleb128 0x14
 1065 0100 34       		.uleb128 0x34
 1066 0101 00       		.byte	0
 1067 0102 03       		.uleb128 0x3
 1068 0103 08       		.uleb128 0x8
 1069 0104 3A       		.uleb128 0x3a
 1070 0105 0B       		.uleb128 0xb
 1071 0106 3B       		.uleb128 0x3b
 1072 0107 05       		.uleb128 0x5
 1073 0108 49       		.uleb128 0x49
 1074 0109 13       		.uleb128 0x13
 1075 010a 3F       		.uleb128 0x3f
 1076 010b 19       		.uleb128 0x19
 1077 010c 3C       		.uleb128 0x3c
 1078 010d 19       		.uleb128 0x19
 1079 010e 00       		.byte	0
 1080 010f 00       		.byte	0
 1081 0110 15       		.uleb128 0x15
 1082 0111 34       		.uleb128 0x34
 1083 0112 00       		.byte	0
 1084 0113 03       		.uleb128 0x3
 1085 0114 0E       		.uleb128 0xe
 1086 0115 3A       		.uleb128 0x3a
 1087 0116 0B       		.uleb128 0xb
 1088 0117 3B       		.uleb128 0x3b
ARM GAS  C:\Users\HPz420\AppData\Local\Temp\ccr9SLaZ.s 			page 29


 1089 0118 05       		.uleb128 0x5
 1090 0119 49       		.uleb128 0x49
 1091 011a 13       		.uleb128 0x13
 1092 011b 02       		.uleb128 0x2
 1093 011c 17       		.uleb128 0x17
 1094 011d 00       		.byte	0
 1095 011e 00       		.byte	0
 1096 011f 16       		.uleb128 0x16
 1097 0120 34       		.uleb128 0x34
 1098 0121 00       		.byte	0
 1099 0122 03       		.uleb128 0x3
 1100 0123 0E       		.uleb128 0xe
 1101 0124 3A       		.uleb128 0x3a
 1102 0125 0B       		.uleb128 0xb
 1103 0126 3B       		.uleb128 0x3b
 1104 0127 05       		.uleb128 0x5
 1105 0128 49       		.uleb128 0x49
 1106 0129 13       		.uleb128 0x13
 1107 012a 02       		.uleb128 0x2
 1108 012b 18       		.uleb128 0x18
 1109 012c 00       		.byte	0
 1110 012d 00       		.byte	0
 1111 012e 17       		.uleb128 0x17
 1112 012f 2E       		.uleb128 0x2e
 1113 0130 01       		.byte	0x1
 1114 0131 3F       		.uleb128 0x3f
 1115 0132 19       		.uleb128 0x19
 1116 0133 03       		.uleb128 0x3
 1117 0134 0E       		.uleb128 0xe
 1118 0135 3A       		.uleb128 0x3a
 1119 0136 0B       		.uleb128 0xb
 1120 0137 3B       		.uleb128 0x3b
 1121 0138 05       		.uleb128 0x5
 1122 0139 27       		.uleb128 0x27
 1123 013a 19       		.uleb128 0x19
 1124 013b 8701     		.uleb128 0x87
 1125 013d 19       		.uleb128 0x19
 1126 013e 11       		.uleb128 0x11
 1127 013f 01       		.uleb128 0x1
 1128 0140 12       		.uleb128 0x12
 1129 0141 06       		.uleb128 0x6
 1130 0142 40       		.uleb128 0x40
 1131 0143 18       		.uleb128 0x18
 1132 0144 9742     		.uleb128 0x2117
 1133 0146 19       		.uleb128 0x19
 1134 0147 01       		.uleb128 0x1
 1135 0148 13       		.uleb128 0x13
 1136 0149 00       		.byte	0
 1137 014a 00       		.byte	0
 1138 014b 18       		.uleb128 0x18
 1139 014c 0B       		.uleb128 0xb
 1140 014d 01       		.byte	0x1
 1141 014e 11       		.uleb128 0x11
 1142 014f 01       		.uleb128 0x1
 1143 0150 12       		.uleb128 0x12
 1144 0151 06       		.uleb128 0x6
 1145 0152 01       		.uleb128 0x1
ARM GAS  C:\Users\HPz420\AppData\Local\Temp\ccr9SLaZ.s 			page 30


 1146 0153 13       		.uleb128 0x13
 1147 0154 00       		.byte	0
 1148 0155 00       		.byte	0
 1149 0156 19       		.uleb128 0x19
 1150 0157 34       		.uleb128 0x34
 1151 0158 00       		.byte	0
 1152 0159 03       		.uleb128 0x3
 1153 015a 08       		.uleb128 0x8
 1154 015b 3A       		.uleb128 0x3a
 1155 015c 0B       		.uleb128 0xb
 1156 015d 3B       		.uleb128 0x3b
 1157 015e 05       		.uleb128 0x5
 1158 015f 49       		.uleb128 0x49
 1159 0160 13       		.uleb128 0x13
 1160 0161 02       		.uleb128 0x2
 1161 0162 17       		.uleb128 0x17
 1162 0163 00       		.byte	0
 1163 0164 00       		.byte	0
 1164 0165 1A       		.uleb128 0x1a
 1165 0166 2E       		.uleb128 0x2e
 1166 0167 01       		.byte	0x1
 1167 0168 3F       		.uleb128 0x3f
 1168 0169 19       		.uleb128 0x19
 1169 016a 03       		.uleb128 0x3
 1170 016b 0E       		.uleb128 0xe
 1171 016c 3A       		.uleb128 0x3a
 1172 016d 0B       		.uleb128 0xb
 1173 016e 3B       		.uleb128 0x3b
 1174 016f 05       		.uleb128 0x5
 1175 0170 27       		.uleb128 0x27
 1176 0171 19       		.uleb128 0x19
 1177 0172 11       		.uleb128 0x11
 1178 0173 01       		.uleb128 0x1
 1179 0174 12       		.uleb128 0x12
 1180 0175 06       		.uleb128 0x6
 1181 0176 40       		.uleb128 0x40
 1182 0177 18       		.uleb128 0x18
 1183 0178 9742     		.uleb128 0x2117
 1184 017a 19       		.uleb128 0x19
 1185 017b 01       		.uleb128 0x1
 1186 017c 13       		.uleb128 0x13
 1187 017d 00       		.byte	0
 1188 017e 00       		.byte	0
 1189 017f 1B       		.uleb128 0x1b
 1190 0180 34       		.uleb128 0x34
 1191 0181 00       		.byte	0
 1192 0182 03       		.uleb128 0x3
 1193 0183 0E       		.uleb128 0xe
 1194 0184 3A       		.uleb128 0x3a
 1195 0185 0B       		.uleb128 0xb
 1196 0186 3B       		.uleb128 0x3b
 1197 0187 0B       		.uleb128 0xb
 1198 0188 49       		.uleb128 0x49
 1199 0189 13       		.uleb128 0x13
 1200 018a 00       		.byte	0
 1201 018b 00       		.byte	0
 1202 018c 1C       		.uleb128 0x1c
ARM GAS  C:\Users\HPz420\AppData\Local\Temp\ccr9SLaZ.s 			page 31


 1203 018d 34       		.uleb128 0x34
 1204 018e 00       		.byte	0
 1205 018f 03       		.uleb128 0x3
 1206 0190 0E       		.uleb128 0xe
 1207 0191 3A       		.uleb128 0x3a
 1208 0192 0B       		.uleb128 0xb
 1209 0193 3B       		.uleb128 0x3b
 1210 0194 0B       		.uleb128 0xb
 1211 0195 49       		.uleb128 0x49
 1212 0196 13       		.uleb128 0x13
 1213 0197 3F       		.uleb128 0x3f
 1214 0198 19       		.uleb128 0x19
 1215 0199 3C       		.uleb128 0x3c
 1216 019a 19       		.uleb128 0x19
 1217 019b 00       		.byte	0
 1218 019c 00       		.byte	0
 1219 019d 1D       		.uleb128 0x1d
 1220 019e 01       		.uleb128 0x1
 1221 019f 01       		.byte	0x1
 1222 01a0 49       		.uleb128 0x49
 1223 01a1 13       		.uleb128 0x13
 1224 01a2 01       		.uleb128 0x1
 1225 01a3 13       		.uleb128 0x13
 1226 01a4 00       		.byte	0
 1227 01a5 00       		.byte	0
 1228 01a6 1E       		.uleb128 0x1e
 1229 01a7 21       		.uleb128 0x21
 1230 01a8 00       		.byte	0
 1231 01a9 49       		.uleb128 0x49
 1232 01aa 13       		.uleb128 0x13
 1233 01ab 2F       		.uleb128 0x2f
 1234 01ac 0B       		.uleb128 0xb
 1235 01ad 00       		.byte	0
 1236 01ae 00       		.byte	0
 1237 01af 1F       		.uleb128 0x1f
 1238 01b0 34       		.uleb128 0x34
 1239 01b1 00       		.byte	0
 1240 01b2 03       		.uleb128 0x3
 1241 01b3 0E       		.uleb128 0xe
 1242 01b4 3A       		.uleb128 0x3a
 1243 01b5 0B       		.uleb128 0xb
 1244 01b6 3B       		.uleb128 0x3b
 1245 01b7 0B       		.uleb128 0xb
 1246 01b8 49       		.uleb128 0x49
 1247 01b9 13       		.uleb128 0x13
 1248 01ba 3F       		.uleb128 0x3f
 1249 01bb 19       		.uleb128 0x19
 1250 01bc 02       		.uleb128 0x2
 1251 01bd 18       		.uleb128 0x18
 1252 01be 00       		.byte	0
 1253 01bf 00       		.byte	0
 1254 01c0 20       		.uleb128 0x20
 1255 01c1 21       		.uleb128 0x21
 1256 01c2 00       		.byte	0
 1257 01c3 00       		.byte	0
 1258 01c4 00       		.byte	0
 1259 01c5 21       		.uleb128 0x21
ARM GAS  C:\Users\HPz420\AppData\Local\Temp\ccr9SLaZ.s 			page 32


 1260 01c6 34       		.uleb128 0x34
 1261 01c7 00       		.byte	0
 1262 01c8 03       		.uleb128 0x3
 1263 01c9 0E       		.uleb128 0xe
 1264 01ca 3A       		.uleb128 0x3a
 1265 01cb 0B       		.uleb128 0xb
 1266 01cc 3B       		.uleb128 0x3b
 1267 01cd 05       		.uleb128 0x5
 1268 01ce 49       		.uleb128 0x49
 1269 01cf 13       		.uleb128 0x13
 1270 01d0 3F       		.uleb128 0x3f
 1271 01d1 19       		.uleb128 0x19
 1272 01d2 02       		.uleb128 0x2
 1273 01d3 18       		.uleb128 0x18
 1274 01d4 00       		.byte	0
 1275 01d5 00       		.byte	0
 1276 01d6 22       		.uleb128 0x22
 1277 01d7 2E       		.uleb128 0x2e
 1278 01d8 00       		.byte	0
 1279 01d9 3F       		.uleb128 0x3f
 1280 01da 19       		.uleb128 0x19
 1281 01db 3C       		.uleb128 0x3c
 1282 01dc 19       		.uleb128 0x19
 1283 01dd 6E       		.uleb128 0x6e
 1284 01de 0E       		.uleb128 0xe
 1285 01df 03       		.uleb128 0x3
 1286 01e0 0E       		.uleb128 0xe
 1287 01e1 3A       		.uleb128 0x3a
 1288 01e2 0B       		.uleb128 0xb
 1289 01e3 3B       		.uleb128 0x3b
 1290 01e4 0B       		.uleb128 0xb
 1291 01e5 00       		.byte	0
 1292 01e6 00       		.byte	0
 1293 01e7 00       		.byte	0
 1294              		.section	.debug_loc,"",%progbits
 1295              	.Ldebug_loc0:
 1296              	.LLST0:
 1297 0000 00000000 		.4byte	.LVL1
 1298 0004 04000000 		.4byte	.LVL2
 1299 0008 0100     		.2byte	0x1
 1300 000a 50       		.byte	0x50
 1301 000b 04000000 		.4byte	.LVL2
 1302 000f 0A000000 		.4byte	.LFE1
 1303 0013 0400     		.2byte	0x4
 1304 0015 F3       		.byte	0xf3
 1305 0016 01       		.uleb128 0x1
 1306 0017 50       		.byte	0x50
 1307 0018 9F       		.byte	0x9f
 1308 0019 00000000 		.4byte	0
 1309 001d 00000000 		.4byte	0
 1310              	.LLST1:
 1311 0021 00000000 		.4byte	.LVL4
 1312 0025 08000000 		.4byte	.LVL5
 1313 0029 0100     		.2byte	0x1
 1314 002b 50       		.byte	0x50
 1315 002c 08000000 		.4byte	.LVL5
 1316 0030 30000000 		.4byte	.LFE2
ARM GAS  C:\Users\HPz420\AppData\Local\Temp\ccr9SLaZ.s 			page 33


 1317 0034 0400     		.2byte	0x4
 1318 0036 F3       		.byte	0xf3
 1319 0037 01       		.uleb128 0x1
 1320 0038 50       		.byte	0x50
 1321 0039 9F       		.byte	0x9f
 1322 003a 00000000 		.4byte	0
 1323 003e 00000000 		.4byte	0
 1324              	.LLST2:
 1325 0042 10000000 		.4byte	.LVL6
 1326 0046 16000000 		.4byte	.LVL7
 1327 004a 0100     		.2byte	0x1
 1328 004c 52       		.byte	0x52
 1329 004d 1E000000 		.4byte	.LVL9
 1330 0051 22000000 		.4byte	.LVL10
 1331 0055 0300     		.2byte	0x3
 1332 0057 09       		.byte	0x9
 1333 0058 FF       		.byte	0xff
 1334 0059 9F       		.byte	0x9f
 1335 005a 22000000 		.4byte	.LVL10
 1336 005e 30000000 		.4byte	.LFE2
 1337 0062 0100     		.2byte	0x1
 1338 0064 52       		.byte	0x52
 1339 0065 00000000 		.4byte	0
 1340 0069 00000000 		.4byte	0
 1341              	.LLST3:
 1342 006d 08000000 		.4byte	.LVL12
 1343 0071 4C000000 		.4byte	.LFE4
 1344 0075 0100     		.2byte	0x1
 1345 0077 56       		.byte	0x56
 1346 0078 00000000 		.4byte	0
 1347 007c 00000000 		.4byte	0
 1348              	.LLST4:
 1349 0080 08000000 		.4byte	.LVL12
 1350 0084 4C000000 		.4byte	.LFE4
 1351 0088 0100     		.2byte	0x1
 1352 008a 55       		.byte	0x55
 1353 008b 00000000 		.4byte	0
 1354 008f 00000000 		.4byte	0
 1355              	.LLST5:
 1356 0093 0A000000 		.4byte	.LVL13
 1357 0097 16000000 		.4byte	.LVL17
 1358 009b 0100     		.2byte	0x1
 1359 009d 51       		.byte	0x51
 1360 009e 16000000 		.4byte	.LVL17
 1361 00a2 1A000000 		.4byte	.LVL18
 1362 00a6 0300     		.2byte	0x3
 1363 00a8 71       		.byte	0x71
 1364 00a9 7C       		.sleb128 -4
 1365 00aa 9F       		.byte	0x9f
 1366 00ab 1A000000 		.4byte	.LVL18
 1367 00af 26000000 		.4byte	.LVL21
 1368 00b3 0100     		.2byte	0x1
 1369 00b5 51       		.byte	0x51
 1370 00b6 00000000 		.4byte	0
 1371 00ba 00000000 		.4byte	0
 1372              	.LLST6:
 1373 00be 0C000000 		.4byte	.LVL14
ARM GAS  C:\Users\HPz420\AppData\Local\Temp\ccr9SLaZ.s 			page 34


 1374 00c2 36000000 		.4byte	.LVL25
 1375 00c6 0100     		.2byte	0x1
 1376 00c8 53       		.byte	0x53
 1377 00c9 00000000 		.4byte	0
 1378 00cd 00000000 		.4byte	0
 1379              	.LLST7:
 1380 00d1 0E000000 		.4byte	.LVL15
 1381 00d5 22000000 		.4byte	.LVL20
 1382 00d9 0100     		.2byte	0x1
 1383 00db 54       		.byte	0x54
 1384 00dc 22000000 		.4byte	.LVL20
 1385 00e0 36000000 		.4byte	.LVL25
 1386 00e4 0100     		.2byte	0x1
 1387 00e6 50       		.byte	0x50
 1388 00e7 00000000 		.4byte	0
 1389 00eb 00000000 		.4byte	0
 1390              	.LLST8:
 1391 00ef 0E000000 		.4byte	.LVL15
 1392 00f3 12000000 		.4byte	.LVL16
 1393 00f7 0200     		.2byte	0x2
 1394 00f9 30       		.byte	0x30
 1395 00fa 9F       		.byte	0x9f
 1396 00fb 12000000 		.4byte	.LVL16
 1397 00ff 22000000 		.4byte	.LVL20
 1398 0103 0100     		.2byte	0x1
 1399 0105 52       		.byte	0x52
 1400 0106 22000000 		.4byte	.LVL20
 1401 010a 26000000 		.4byte	.LVL21
 1402 010e 0200     		.2byte	0x2
 1403 0110 30       		.byte	0x30
 1404 0111 9F       		.byte	0x9f
 1405 0112 26000000 		.4byte	.LVL21
 1406 0116 36000000 		.4byte	.LVL25
 1407 011a 0100     		.2byte	0x1
 1408 011c 52       		.byte	0x52
 1409 011d 00000000 		.4byte	0
 1410 0121 00000000 		.4byte	0
 1411              	.LLST9:
 1412 0125 12000000 		.4byte	.LVL29
 1413 0129 16000000 		.4byte	.LVL30
 1414 012d 0200     		.2byte	0x2
 1415 012f 30       		.byte	0x30
 1416 0130 9F       		.byte	0x9f
 1417 0131 16000000 		.4byte	.LVL30
 1418 0135 32000000 		.4byte	.LVL32
 1419 0139 0100     		.2byte	0x1
 1420 013b 53       		.byte	0x53
 1421 013c 00000000 		.4byte	0
 1422 0140 00000000 		.4byte	0
 1423              		.section	.debug_aranges,"",%progbits
 1424 0000 44000000 		.4byte	0x44
 1425 0004 0200     		.2byte	0x2
 1426 0006 00000000 		.4byte	.Ldebug_info0
 1427 000a 04       		.byte	0x4
 1428 000b 00       		.byte	0
 1429 000c 0000     		.2byte	0
 1430 000e 0000     		.2byte	0
ARM GAS  C:\Users\HPz420\AppData\Local\Temp\ccr9SLaZ.s 			page 35


 1431 0010 00000000 		.4byte	.LFB0
 1432 0014 10000000 		.4byte	.LFE0-.LFB0
 1433 0018 00000000 		.4byte	.LFB1
 1434 001c 0A000000 		.4byte	.LFE1-.LFB1
 1435 0020 00000000 		.4byte	.LFB2
 1436 0024 30000000 		.4byte	.LFE2-.LFB2
 1437 0028 00000000 		.4byte	.LFB4
 1438 002c 4C000000 		.4byte	.LFE4-.LFB4
 1439 0030 00000000 		.4byte	.LFB3
 1440 0034 18000000 		.4byte	.LFE3-.LFB3
 1441 0038 00000000 		.4byte	.LFB5
 1442 003c 6C000000 		.4byte	.LFE5-.LFB5
 1443 0040 00000000 		.4byte	0
 1444 0044 00000000 		.4byte	0
 1445              		.section	.debug_ranges,"",%progbits
 1446              	.Ldebug_ranges0:
 1447 0000 00000000 		.4byte	.LFB0
 1448 0004 10000000 		.4byte	.LFE0
 1449 0008 00000000 		.4byte	.LFB1
 1450 000c 0A000000 		.4byte	.LFE1
 1451 0010 00000000 		.4byte	.LFB2
 1452 0014 30000000 		.4byte	.LFE2
 1453 0018 00000000 		.4byte	.LFB4
 1454 001c 4C000000 		.4byte	.LFE4
 1455 0020 00000000 		.4byte	.LFB3
 1456 0024 18000000 		.4byte	.LFE3
 1457 0028 00000000 		.4byte	.LFB5
 1458 002c 6C000000 		.4byte	.LFE5
 1459 0030 00000000 		.4byte	0
 1460 0034 00000000 		.4byte	0
 1461              		.section	.debug_line,"",%progbits
 1462              	.Ldebug_line0:
 1463 0000 3D020000 		.section	.debug_str,"MS",%progbits,1
 1463      02006701 
 1463      00000201 
 1463      FB0E0D00 
 1463      01010101 
 1464              	.LASF17:
 1465 0000 72656733 		.ascii	"reg32\000"
 1465      3200
 1466              	.LASF10:
 1467 0006 73697A65 		.ascii	"size_t\000"
 1467      5F7400
 1468              	.LASF44:
 1469 000d 43794861 		.ascii	"CyHalt\000"
 1469      6C7400
 1470              	.LASF39:
 1471 0014 43795261 		.ascii	"CyRamVectors\000"
 1471      6D566563 
 1471      746F7273 
 1471      00
 1472              	.LASF38:
 1473 0021 43795265 		.ascii	"CyResetStatus\000"
 1473      73657453 
 1473      74617475 
 1473      7300
 1474              	.LASF32:
ARM GAS  C:\Users\HPz420\AppData\Local\Temp\ccr9SLaZ.s 			page 36


 1475 002f 53746172 		.ascii	"Start_c\000"
 1475      745F6300 
 1476              	.LASF36:
 1477 0037 636F756E 		.ascii	"count\000"
 1477      7400
 1478              	.LASF31:
 1479 003d 68656170 		.ascii	"heapPointer\000"
 1479      506F696E 
 1479      74657200 
 1480              	.LASF3:
 1481 0049 73686F72 		.ascii	"short unsigned int\000"
 1481      7420756E 
 1481      7369676E 
 1481      65642069 
 1481      6E7400
 1482              	.LASF41:
 1483 005c 5F5F6379 		.ascii	"__cy_region_num\000"
 1483      5F726567 
 1483      696F6E5F 
 1483      6E756D00 
 1484              	.LASF21:
 1485 006c 696E6974 		.ascii	"init\000"
 1485      00
 1486              	.LASF28:
 1487 0071 73746174 		.ascii	"status\000"
 1487      757300
 1488              	.LASF24:
 1489 0078 7A65726F 		.ascii	"zero_size\000"
 1489      5F73697A 
 1489      6500
 1490              	.LASF34:
 1491 0082 72707472 		.ascii	"rptr\000"
 1491      00
 1492              	.LASF13:
 1493 0087 666C6F61 		.ascii	"float\000"
 1493      7400
 1494              	.LASF22:
 1495 008d 64617461 		.ascii	"data\000"
 1495      00
 1496              	.LASF1:
 1497 0092 756E7369 		.ascii	"unsigned char\000"
 1497      676E6564 
 1497      20636861 
 1497      7200
 1498              	.LASF49:
 1499 00a0 474E5520 		.ascii	"GNU C11 5.4.1 20160609 (release) [ARM/embedded-5-br"
 1499      43313120 
 1499      352E342E 
 1499      31203230 
 1499      31363036 
 1500 00d3 616E6368 		.ascii	"anch revision 237715] -mcpu=cortex-m3 -mthumb -g -O"
 1500      20726576 
 1500      6973696F 
 1500      6E203233 
 1500      37373135 
 1501 0106 67202D66 		.ascii	"g -ffunction-sections -ffat-lto-objects\000"
 1501      66756E63 
ARM GAS  C:\Users\HPz420\AppData\Local\Temp\ccr9SLaZ.s 			page 37


 1501      74696F6E 
 1501      2D736563 
 1501      74696F6E 
 1502              	.LASF42:
 1503 012e 526F6D56 		.ascii	"RomVectors\000"
 1503      6563746F 
 1503      727300
 1504              	.LASF5:
 1505 0139 6C6F6E67 		.ascii	"long unsigned int\000"
 1505      20756E73 
 1505      69676E65 
 1505      6420696E 
 1505      7400
 1506              	.LASF54:
 1507 014b 63795379 		.ascii	"cySysNoInitDataValid\000"
 1507      734E6F49 
 1507      6E697444 
 1507      61746156 
 1507      616C6964 
 1508              	.LASF48:
 1509 0160 4379446D 		.ascii	"CyDmacConfigure\000"
 1509      6163436F 
 1509      6E666967 
 1509      75726500 
 1510              	.LASF37:
 1511 0170 52657365 		.ascii	"Reset\000"
 1511      7400
 1512              	.LASF30:
 1513 0176 72657475 		.ascii	"returnValue\000"
 1513      726E5661 
 1513      6C756500 
 1514              	.LASF26:
 1515 0182 5F657869 		.ascii	"_exit\000"
 1515      7400
 1516              	.LASF50:
 1517 0188 47656E65 		.ascii	"Generated_Source\\PSoC5\\Cm3Start.c\000"
 1517      72617465 
 1517      645F536F 
 1517      75726365 
 1517      5C50536F 
 1518              	.LASF25:
 1519 01aa 496E7444 		.ascii	"IntDefaultHandler\000"
 1519      65666175 
 1519      6C744861 
 1519      6E646C65 
 1519      7200
 1520              	.LASF27:
 1521 01bc 5F736272 		.ascii	"_sbrk\000"
 1521      6B00
 1522              	.LASF14:
 1523 01c2 646F7562 		.ascii	"double\000"
 1523      6C6500
 1524              	.LASF46:
 1525 01c9 6D61696E 		.ascii	"main\000"
 1525      00
 1526              	.LASF53:
 1527 01ce 696E6974 		.ascii	"initialize_psoc\000"
ARM GAS  C:\Users\HPz420\AppData\Local\Temp\ccr9SLaZ.s 			page 38


 1527      69616C69 
 1527      7A655F70 
 1527      736F6300 
 1528              	.LASF12:
 1529 01de 75696E74 		.ascii	"uint32\000"
 1529      333200
 1530              	.LASF8:
 1531 01e5 756E7369 		.ascii	"unsigned int\000"
 1531      676E6564 
 1531      20696E74 
 1531      00
 1532              	.LASF47:
 1533 01f2 63796669 		.ascii	"cyfitter_cfg\000"
 1533      74746572 
 1533      5F636667 
 1533      00
 1534              	.LASF7:
 1535 01ff 6C6F6E67 		.ascii	"long long unsigned int\000"
 1535      206C6F6E 
 1535      6720756E 
 1535      7369676E 
 1535      65642069 
 1536              	.LASF35:
 1537 0216 6C696D69 		.ascii	"limit\000"
 1537      7400
 1538              	.LASF18:
 1539 021c 63796973 		.ascii	"cyisraddress\000"
 1539      72616464 
 1539      72657373 
 1539      00
 1540              	.LASF23:
 1541 0229 696E6974 		.ascii	"init_size\000"
 1541      5F73697A 
 1541      6500
 1542              	.LASF20:
 1543 0233 5F5F6379 		.ascii	"__cy_byte_align8\000"
 1543      5F627974 
 1543      655F616C 
 1543      69676E38 
 1543      00
 1544              	.LASF16:
 1545 0244 72656738 		.ascii	"reg8\000"
 1545      00
 1546              	.LASF19:
 1547 0249 73697A65 		.ascii	"sizetype\000"
 1547      74797065 
 1547      00
 1548              	.LASF6:
 1549 0252 6C6F6E67 		.ascii	"long long int\000"
 1549      206C6F6E 
 1549      6720696E 
 1549      7400
 1550              	.LASF15:
 1551 0260 63686172 		.ascii	"char\000"
 1551      00
 1552              	.LASF2:
 1553 0265 73686F72 		.ascii	"short int\000"
ARM GAS  C:\Users\HPz420\AppData\Local\Temp\ccr9SLaZ.s 			page 39


 1553      7420696E 
 1553      7400
 1554              	.LASF11:
 1555 026f 75696E74 		.ascii	"uint8\000"
 1555      3800
 1556              	.LASF43:
 1557 0275 5F5F6572 		.ascii	"__errno\000"
 1557      726E6F00 
 1558              	.LASF45:
 1559 027d 5F5F6C69 		.ascii	"__libc_init_array\000"
 1559      62635F69 
 1559      6E69745F 
 1559      61727261 
 1559      7900
 1560              	.LASF4:
 1561 028f 6C6F6E67 		.ascii	"long int\000"
 1561      20696E74 
 1561      00
 1562              	.LASF9:
 1563 0298 6C6F6E67 		.ascii	"long double\000"
 1563      20646F75 
 1563      626C6500 
 1564              	.LASF0:
 1565 02a4 7369676E 		.ascii	"signed char\000"
 1565      65642063 
 1565      68617200 
 1566              	.LASF51:
 1567 02b0 433A5C55 		.ascii	"C:\\Users\\HPz420\\Documents\\GitHub\\land-boards\\"
 1567      73657273 
 1567      5C48507A 
 1567      3432305C 
 1567      446F6375 
 1568 02dd 4F444153 		.ascii	"ODAS\\ODAS-PSOC5\\Projects\\DDS_WaveGen_01c.cydsn\000"
 1568      5C4F4441 
 1568      532D5053 
 1568      4F43355C 
 1568      50726F6A 
 1569              	.LASF40:
 1570 030c 5F5F6379 		.ascii	"__cy_regions\000"
 1570      5F726567 
 1570      696F6E73 
 1570      00
 1571              	.LASF33:
 1572 0319 72656769 		.ascii	"regions\000"
 1572      6F6E7300 
 1573              	.LASF29:
 1574 0321 6E627974 		.ascii	"nbytes\000"
 1574      657300
 1575              	.LASF52:
 1576 0328 5F5F6379 		.ascii	"__cy_region\000"
 1576      5F726567 
 1576      696F6E00 
 1577              		.ident	"GCC: (GNU Tools for ARM Embedded Processors) 5.4.1 20160609 (release) [ARM/embedded-5-bran
