ARM GAS  C:\Users\HPz420\AppData\Local\Temp\ccdvsXOf.s 			page 1


   1              		.syntax unified
   2              		.cpu cortex-m3
   3              		.fpu softvfp
   4              		.eabi_attribute 20, 1
   5              		.eabi_attribute 21, 1
   6              		.eabi_attribute 23, 3
   7              		.eabi_attribute 24, 1
   8              		.eabi_attribute 25, 1
   9              		.eabi_attribute 26, 1
  10              		.eabi_attribute 30, 1
  11              		.eabi_attribute 34, 1
  12              		.eabi_attribute 18, 4
  13              		.thumb
  14              		.syntax unified
  15              		.file	"WaveGen.c"
  16              		.text
  17              	.Ltext0:
  18              		.cfi_sections	.debug_frame
  19              		.section	.text.BUF_DMAConfig,"ax",%progbits
  20              		.align	2
  21              		.global	BUF_DMAConfig
  22              		.thumb
  23              		.thumb_func
  24              		.type	BUF_DMAConfig, %function
  25              	BUF_DMAConfig:
  26              	.LFB63:
  27              		.file 1 "WaveGen.c"
   1:WaveGen.c     **** /* ========================================
   2:WaveGen.c     ****  *
   3:WaveGen.c     ****  
   4:WaveGen.c     ****  *
   5:WaveGen.c     ****  * ========================================
   6:WaveGen.c     **** */
   7:WaveGen.c     **** 
   8:WaveGen.c     **** #include "WaveGen.h"
   9:WaveGen.c     **** #include <project.h>
  10:WaveGen.c     **** //#include <stdlib.h>
  11:WaveGen.c     **** 
  12:WaveGen.c     **** 
  13:WaveGen.c     **** 
  14:WaveGen.c     **** //uint8 * pBuffer = VDAC_Buffer;  //ok  
  15:WaveGen.c     **** uint8 * pBuffer = &(VDAC_Buffer[0]);  //correct  
  16:WaveGen.c     **** 
  17:WaveGen.c     **** uint8_t DMA_Chan;
  18:WaveGen.c     **** uint8_t DMA_TD[2]; 
  19:WaveGen.c     **** 
  20:WaveGen.c     **** // local variables 
  21:WaveGen.c     **** //uint16 Num_of_Imp = `$INSTANCE_NAME`_Num_of_Imp; 				// –ß–∏—Ç–∞–µ–º –∫–æ—ç—Ñ—Ñ–∏—Ü–∏–µ–Ω—Ç —É–º–
  22:WaveGen.c     **** //uint32 counter_overflow = `$INSTANCE_NAME`_counter_overflow;	// –≤—Ä–µ–º—è –º–∞–∫—Å–∏–º–∞–ª—å–Ω–æ
  23:WaveGen.c     **** 
  24:WaveGen.c     **** uint8 aInitialized = 0; // initialized
  25:WaveGen.c     **** uint8 aEnabled = 0;     // started (enabled)?
  26:WaveGen.c     **** 
  27:WaveGen.c     **** 
  28:WaveGen.c     **** //==============================================================================
  29:WaveGen.c     **** // DMA Configuration
  30:WaveGen.c     **** //==============================================================================
ARM GAS  C:\Users\HPz420\AppData\Local\Temp\ccdvsXOf.s 			page 2


  31:WaveGen.c     **** 
  32:WaveGen.c     **** void BUF_DMAConfig(void)
  33:WaveGen.c     **** {
  28              		.loc 1 33 0
  29              		.cfi_startproc
  30              		@ args = 0, pretend = 0, frame = 0
  31              		@ frame_needed = 0, uses_anonymous_args = 0
  32 0000 38B5     		push	{r3, r4, r5, lr}
  33              		.cfi_def_cfa_offset 16
  34              		.cfi_offset 3, -16
  35              		.cfi_offset 4, -12
  36              		.cfi_offset 5, -8
  37              		.cfi_offset 14, -4
  34:WaveGen.c     ****     
  35:WaveGen.c     ****     // Variable declarations for DMA2
  36:WaveGen.c     ****     //uint8_t DMA_Chan;
  37:WaveGen.c     ****     //uint8_t DMA_TD[2];
  38:WaveGen.c     ****     
  39:WaveGen.c     ****     #define TRANSFER_COUNT1 (BUF_NumRefHigh)
  40:WaveGen.c     ****     #define TRANSFER_COUNT2 (BUF_NumSamples - BUF_NumRefHigh)
  41:WaveGen.c     ****     
  42:WaveGen.c     ****     #define DMA_BYTES_PER_BURST     (1u)
  43:WaveGen.c     ****     #define DMA_REQUEST_PER_BURST   (1u)
  44:WaveGen.c     ****     //#define DMA_SRC_BASE (&Buffer[0]) - correct 
  45:WaveGen.c     ****     //#define DMA_SRC_BASE (&Buffer[200])
  46:WaveGen.c     ****     #define DMA_SRC_BASE_ (pBuffer) // todo
  47:WaveGen.c     ****     #define DMA_DST_BASE (CYDEV_PERIPH_BASE)
  48:WaveGen.c     ****     
  49:WaveGen.c     ****     DMA_Chan = DMA2_DmaInitialize(DMA_BYTES_PER_BURST, DMA_REQUEST_PER_BURST, HI16(DMA_SRC_BASE_), 
  38              		.loc 1 49 0
  39 0002 4FF48043 		mov	r3, #16384
  40 0006 154A     		ldr	r2, .L3
  41 0008 5288     		ldrh	r2, [r2, #2]
  42 000a 0121     		movs	r1, #1
  43 000c 0846     		mov	r0, r1
  44 000e FFF7FEFF 		bl	DMA2_DmaInitialize
  45              	.LVL0:
  46 0012 134B     		ldr	r3, .L3+4
  47 0014 1870     		strb	r0, [r3]
  50:WaveGen.c     ****     DMA_TD[0] = CyDmaTdAllocate();
  48              		.loc 1 50 0
  49 0016 FFF7FEFF 		bl	CyDmaTdAllocate
  50              	.LVL1:
  51 001a 124C     		ldr	r4, .L3+8
  52 001c 2070     		strb	r0, [r4]
  51:WaveGen.c     **** 	DMA_TD[1] = CyDmaTdAllocate();
  53              		.loc 1 51 0
  54 001e FFF7FEFF 		bl	CyDmaTdAllocate
  55              	.LVL2:
  56 0022 0246     		mov	r2, r0
  57 0024 6070     		strb	r0, [r4, #1]
  52:WaveGen.c     ****      
  53:WaveGen.c     ****     CyDmaTdSetConfiguration(DMA_TD[0], TRANSFER_COUNT1, DMA_TD[1], TD_INC_SRC_ADR | DMA2__TD_TERMOU
  58              		.loc 1 53 0
  59 0026 0523     		movs	r3, #5
  60 0028 8021     		movs	r1, #128
  61 002a 2078     		ldrb	r0, [r4]	@ zero_extendqisi2
ARM GAS  C:\Users\HPz420\AppData\Local\Temp\ccdvsXOf.s 			page 3


  62 002c FFF7FEFF 		bl	CyDmaTdSetConfiguration
  63              	.LVL3:
  54:WaveGen.c     ****     CyDmaTdSetConfiguration(DMA_TD[1], TRANSFER_COUNT2, DMA_TD[0], TD_INC_SRC_ADR | DMA2__TD_TERMOU
  64              		.loc 1 54 0
  65 0030 0523     		movs	r3, #5
  66 0032 2278     		ldrb	r2, [r4]	@ zero_extendqisi2
  67 0034 8021     		movs	r1, #128
  68 0036 6078     		ldrb	r0, [r4, #1]	@ zero_extendqisi2
  69 0038 FFF7FEFF 		bl	CyDmaTdSetConfiguration
  70              	.LVL4:
  55:WaveGen.c     ****     
  56:WaveGen.c     ****     // either ControlReg or VDAC8
  57:WaveGen.c     ****     CyDmaTdSetAddress(DMA_TD[0], LO16((uint32)&VDAC_Buffer[0])              , LO16((uint32)VDAC_Dat
  71              		.loc 1 57 0
  72 003c 0A4D     		ldr	r5, .L3+12
  73 003e 4FF4B742 		mov	r2, #23424
  74 0042 A9B2     		uxth	r1, r5
  75 0044 2078     		ldrb	r0, [r4]	@ zero_extendqisi2
  76 0046 FFF7FEFF 		bl	CyDmaTdSetAddress
  77              	.LVL5:
  58:WaveGen.c     **** 	CyDmaTdSetAddress(DMA_TD[1], LO16((uint32)&VDAC_Buffer[TRANSFER_COUNT1]), LO16((uint32)VDAC_Data_P
  78              		.loc 1 58 0
  79 004a 05F18001 		add	r1, r5, #128
  80 004e 4FF4B742 		mov	r2, #23424
  81 0052 89B2     		uxth	r1, r1
  82 0054 6078     		ldrb	r0, [r4, #1]	@ zero_extendqisi2
  83 0056 FFF7FEFF 		bl	CyDmaTdSetAddress
  84              	.LVL6:
  85 005a 38BD     		pop	{r3, r4, r5, pc}
  86              	.L4:
  87              		.align	2
  88              	.L3:
  89 005c 00000000 		.word	.LANCHOR0
  90 0060 00000000 		.word	DMA_Chan
  91 0064 00000000 		.word	DMA_TD
  92 0068 00000000 		.word	VDAC_Buffer
  93              		.cfi_endproc
  94              	.LFE63:
  95              		.size	BUF_DMAConfig, .-BUF_DMAConfig
  96              		.section	.text.BUF_Initialize,"ax",%progbits
  97              		.align	2
  98              		.global	BUF_Initialize
  99              		.thumb
 100              		.thumb_func
 101              		.type	BUF_Initialize, %function
 102              	BUF_Initialize:
 103              	.LFB64:
  59:WaveGen.c     **** 
  60:WaveGen.c     ****     // moved to _Enable()
  61:WaveGen.c     ****     //CyDmaChSetInitialTd(DMA_Chan, DMA_TD[0]);
  62:WaveGen.c     ****     //CyDmaChEnable(DMA_Chan, 1);    // Enable DMA2 channel 
  63:WaveGen.c     **** }    
  64:WaveGen.c     **** 
  65:WaveGen.c     **** //==============================================================================
  66:WaveGen.c     **** // Initialize component
  67:WaveGen.c     **** //==============================================================================
  68:WaveGen.c     **** 
ARM GAS  C:\Users\HPz420\AppData\Local\Temp\ccdvsXOf.s 			page 4


  69:WaveGen.c     **** void BUF_Initialize() 
  70:WaveGen.c     **** {
 104              		.loc 1 70 0
 105              		.cfi_startproc
 106              		@ args = 0, pretend = 0, frame = 0
 107              		@ frame_needed = 0, uses_anonymous_args = 0
 108 0000 08B5     		push	{r3, lr}
 109              		.cfi_def_cfa_offset 8
 110              		.cfi_offset 3, -8
 111              		.cfi_offset 14, -4
  71:WaveGen.c     ****     //if (aInitialized) return;
  72:WaveGen.c     ****     
  73:WaveGen.c     ****     BUF_DMAConfig();
 112              		.loc 1 73 0
 113 0002 FFF7FEFF 		bl	BUF_DMAConfig
 114              	.LVL7:
  74:WaveGen.c     ****     VDAC_1_Start();        // 
 115              		.loc 1 74 0
 116 0006 FFF7FEFF 		bl	VDAC_1_Start
 117              	.LVL8:
 118 000a 08BD     		pop	{r3, pc}
 119              		.cfi_endproc
 120              	.LFE64:
 121              		.size	BUF_Initialize, .-BUF_Initialize
 122              		.section	.text.BUF_Enable,"ax",%progbits
 123              		.align	2
 124              		.global	BUF_Enable
 125              		.thumb
 126              		.thumb_func
 127              		.type	BUF_Enable, %function
 128              	BUF_Enable:
 129              	.LFB65:
  75:WaveGen.c     ****     
  76:WaveGen.c     ****     //aInitialized = true;
  77:WaveGen.c     **** }
  78:WaveGen.c     **** 
  79:WaveGen.c     **** //==============================================================================
  80:WaveGen.c     **** // Resume DMA transfer
  81:WaveGen.c     **** //==============================================================================
  82:WaveGen.c     **** 
  83:WaveGen.c     **** void BUF_Enable() 
  84:WaveGen.c     **** {
 130              		.loc 1 84 0
 131              		.cfi_startproc
 132              		@ args = 0, pretend = 0, frame = 0
 133              		@ frame_needed = 0, uses_anonymous_args = 0
 134 0000 10B5     		push	{r4, lr}
 135              		.cfi_def_cfa_offset 8
 136              		.cfi_offset 4, -8
 137              		.cfi_offset 14, -4
  85:WaveGen.c     ****     //if (!aInitialized) return;
  86:WaveGen.c     ****     //if (aEnabled)      return; // comment in SW single shot
  87:WaveGen.c     ****     
  88:WaveGen.c     ****     CyDmaChSetInitialTd(DMA_Chan, DMA_TD[0]);
 138              		.loc 1 88 0
 139 0002 054C     		ldr	r4, .L9
 140 0004 054B     		ldr	r3, .L9+4
ARM GAS  C:\Users\HPz420\AppData\Local\Temp\ccdvsXOf.s 			page 5


 141 0006 1978     		ldrb	r1, [r3]	@ zero_extendqisi2
 142 0008 2078     		ldrb	r0, [r4]	@ zero_extendqisi2
 143 000a FFF7FEFF 		bl	CyDmaChSetInitialTd
 144              	.LVL9:
  89:WaveGen.c     ****         
  90:WaveGen.c     ****     CyDmaChEnable(DMA_Chan, 1);// Enable DMA channel
 145              		.loc 1 90 0
 146 000e 0121     		movs	r1, #1
 147 0010 2078     		ldrb	r0, [r4]	@ zero_extendqisi2
 148 0012 FFF7FEFF 		bl	CyDmaChEnable
 149              	.LVL10:
 150 0016 10BD     		pop	{r4, pc}
 151              	.L10:
 152              		.align	2
 153              	.L9:
 154 0018 00000000 		.word	DMA_Chan
 155 001c 00000000 		.word	DMA_TD
 156              		.cfi_endproc
 157              	.LFE65:
 158              		.size	BUF_Enable, .-BUF_Enable
 159              		.section	.text.BUF_Start,"ax",%progbits
 160              		.align	2
 161              		.global	BUF_Start
 162              		.thumb
 163              		.thumb_func
 164              		.type	BUF_Start, %function
 165              	BUF_Start:
 166              	.LFB66:
  91:WaveGen.c     **** 
  92:WaveGen.c     ****     //aEnabled = true;
  93:WaveGen.c     **** }
  94:WaveGen.c     **** 
  95:WaveGen.c     **** //==============================================================================
  96:WaveGen.c     **** // Initialize and start component
  97:WaveGen.c     **** //==============================================================================
  98:WaveGen.c     **** 
  99:WaveGen.c     **** void BUF_Start(void) 
 100:WaveGen.c     **** {
 167              		.loc 1 100 0
 168              		.cfi_startproc
 169              		@ args = 0, pretend = 0, frame = 0
 170              		@ frame_needed = 0, uses_anonymous_args = 0
 171 0000 08B5     		push	{r3, lr}
 172              		.cfi_def_cfa_offset 8
 173              		.cfi_offset 3, -8
 174              		.cfi_offset 14, -4
 101:WaveGen.c     ****     BUF_Initialize();
 175              		.loc 1 101 0
 176 0002 FFF7FEFF 		bl	BUF_Initialize
 177              	.LVL11:
 102:WaveGen.c     ****     BUF_Enable();
 178              		.loc 1 102 0
 179 0006 FFF7FEFF 		bl	BUF_Enable
 180              	.LVL12:
 181 000a 08BD     		pop	{r3, pc}
 182              		.cfi_endproc
 183              	.LFE66:
ARM GAS  C:\Users\HPz420\AppData\Local\Temp\ccdvsXOf.s 			page 6


 184              		.size	BUF_Start, .-BUF_Start
 185              		.global	aEnabled
 186              		.global	aInitialized
 187              		.comm	DMA_TD,2,4
 188              		.comm	DMA_Chan,1,1
 189              		.global	pBuffer
 190              		.comm	VDAC_Buffer,256,4
 191              		.data
 192              		.align	2
 193              		.set	.LANCHOR0,. + 0
 194              		.type	pBuffer, %object
 195              		.size	pBuffer, 4
 196              	pBuffer:
 197 0000 00000000 		.word	VDAC_Buffer
 198              		.bss
 199              		.type	aEnabled, %object
 200              		.size	aEnabled, 1
 201              	aEnabled:
 202 0000 00       		.space	1
 203              		.type	aInitialized, %object
 204              		.size	aInitialized, 1
 205              	aInitialized:
 206 0001 00       		.space	1
 207              		.text
 208              	.Letext0:
 209              		.file 2 "c:\\program files (x86)\\cypress\\psoc creator\\4.4\\psoc creator\\import\\gnu\\arm\\5.4.
 210              		.file 3 "c:\\program files (x86)\\cypress\\psoc creator\\4.4\\psoc creator\\import\\gnu\\arm\\5.4.
 211              		.file 4 "Generated_Source\\PSoC5/cytypes.h"
 212              		.file 5 "Generated_Source\\PSoC5/core_cm3.h"
 213              		.file 6 "WaveGen.h"
 214              		.file 7 "Generated_Source\\PSoC5/DMA2_dma.h"
 215              		.file 8 "Generated_Source\\PSoC5/CYDMAC.H"
 216              		.file 9 "Generated_Source\\PSoC5/VDAC_1.h"
 217              		.section	.debug_info,"",%progbits
 218              	.Ldebug_info0:
 219 0000 00030000 		.4byte	0x300
 220 0004 0400     		.2byte	0x4
 221 0006 00000000 		.4byte	.Ldebug_abbrev0
 222 000a 04       		.byte	0x4
 223 000b 01       		.uleb128 0x1
 224 000c A1000000 		.4byte	.LASF40
 225 0010 0C       		.byte	0xc
 226 0011 78010000 		.4byte	.LASF41
 227 0015 67020000 		.4byte	.LASF42
 228 0019 00000000 		.4byte	.Ldebug_ranges0+0
 229 001d 00000000 		.4byte	0
 230 0021 00000000 		.4byte	.Ldebug_line0
 231 0025 02       		.uleb128 0x2
 232 0026 01       		.byte	0x1
 233 0027 06       		.byte	0x6
 234 0028 5B020000 		.4byte	.LASF0
 235 002c 03       		.uleb128 0x3
 236 002d 13000000 		.4byte	.LASF4
 237 0031 02       		.byte	0x2
 238 0032 1D       		.byte	0x1d
 239 0033 37000000 		.4byte	0x37
 240 0037 02       		.uleb128 0x2
ARM GAS  C:\Users\HPz420\AppData\Local\Temp\ccdvsXOf.s 			page 7


 241 0038 01       		.byte	0x1
 242 0039 08       		.byte	0x8
 243 003a 93000000 		.4byte	.LASF1
 244 003e 02       		.uleb128 0x2
 245 003f 02       		.byte	0x2
 246 0040 05       		.byte	0x5
 247 0041 1B020000 		.4byte	.LASF2
 248 0045 02       		.uleb128 0x2
 249 0046 02       		.byte	0x2
 250 0047 07       		.byte	0x7
 251 0048 56000000 		.4byte	.LASF3
 252 004c 03       		.uleb128 0x3
 253 004d 3A000000 		.4byte	.LASF5
 254 0051 02       		.byte	0x2
 255 0052 3F       		.byte	0x3f
 256 0053 57000000 		.4byte	0x57
 257 0057 02       		.uleb128 0x2
 258 0058 04       		.byte	0x4
 259 0059 05       		.byte	0x5
 260 005a 46020000 		.4byte	.LASF6
 261 005e 02       		.uleb128 0x2
 262 005f 04       		.byte	0x4
 263 0060 07       		.byte	0x7
 264 0061 4C010000 		.4byte	.LASF7
 265 0065 02       		.uleb128 0x2
 266 0066 08       		.byte	0x8
 267 0067 05       		.byte	0x5
 268 0068 08020000 		.4byte	.LASF8
 269 006c 02       		.uleb128 0x2
 270 006d 08       		.byte	0x8
 271 006e 07       		.byte	0x7
 272 006f D0010000 		.4byte	.LASF9
 273 0073 04       		.uleb128 0x4
 274 0074 04       		.byte	0x4
 275 0075 05       		.byte	0x5
 276 0076 696E7400 		.ascii	"int\000"
 277 007a 02       		.uleb128 0x2
 278 007b 04       		.byte	0x4
 279 007c 07       		.byte	0x7
 280 007d C3010000 		.4byte	.LASF10
 281 0081 03       		.uleb128 0x3
 282 0082 E7010000 		.4byte	.LASF11
 283 0086 03       		.byte	0x3
 284 0087 18       		.byte	0x18
 285 0088 2C000000 		.4byte	0x2c
 286 008c 03       		.uleb128 0x3
 287 008d F7010000 		.4byte	.LASF12
 288 0091 03       		.byte	0x3
 289 0092 2C       		.byte	0x2c
 290 0093 4C000000 		.4byte	0x4c
 291 0097 05       		.uleb128 0x5
 292 0098 25020000 		.4byte	.LASF13
 293 009c 04       		.byte	0x4
 294 009d 9201     		.2byte	0x192
 295 009f 37000000 		.4byte	0x37
 296 00a3 05       		.uleb128 0x5
 297 00a4 AC010000 		.4byte	.LASF14
ARM GAS  C:\Users\HPz420\AppData\Local\Temp\ccdvsXOf.s 			page 8


 298 00a8 04       		.byte	0x4
 299 00a9 9301     		.2byte	0x193
 300 00ab 45000000 		.4byte	0x45
 301 00af 05       		.uleb128 0x5
 302 00b0 BC010000 		.4byte	.LASF15
 303 00b4 04       		.byte	0x4
 304 00b5 9401     		.2byte	0x194
 305 00b7 5E000000 		.4byte	0x5e
 306 00bb 02       		.uleb128 0x2
 307 00bc 04       		.byte	0x4
 308 00bd 04       		.byte	0x4
 309 00be 8D000000 		.4byte	.LASF16
 310 00c2 02       		.uleb128 0x2
 311 00c3 08       		.byte	0x8
 312 00c4 04       		.byte	0x4
 313 00c5 8C010000 		.4byte	.LASF17
 314 00c9 02       		.uleb128 0x2
 315 00ca 01       		.byte	0x1
 316 00cb 08       		.byte	0x8
 317 00cc 16020000 		.4byte	.LASF18
 318 00d0 05       		.uleb128 0x5
 319 00d1 2F010000 		.4byte	.LASF19
 320 00d5 04       		.byte	0x4
 321 00d6 3C02     		.2byte	0x23c
 322 00d8 DC000000 		.4byte	0xdc
 323 00dc 06       		.uleb128 0x6
 324 00dd 97000000 		.4byte	0x97
 325 00e1 02       		.uleb128 0x2
 326 00e2 08       		.byte	0x8
 327 00e3 04       		.byte	0x4
 328 00e4 4F020000 		.4byte	.LASF20
 329 00e8 02       		.uleb128 0x2
 330 00e9 04       		.byte	0x4
 331 00ea 07       		.byte	0x7
 332 00eb FF010000 		.4byte	.LASF21
 333 00ef 07       		.uleb128 0x7
 334 00f0 C3020000 		.4byte	.LASF24
 335 00f4 01       		.byte	0x1
 336 00f5 20       		.byte	0x20
 337 00f6 00000000 		.4byte	.LFB63
 338 00fa 6C000000 		.4byte	.LFE63-.LFB63
 339 00fe 01       		.uleb128 0x1
 340 00ff 9C       		.byte	0x9c
 341 0100 9B010000 		.4byte	0x19b
 342 0104 08       		.uleb128 0x8
 343 0105 12000000 		.4byte	.LVL0
 344 0109 B6020000 		.4byte	0x2b6
 345 010d 23010000 		.4byte	0x123
 346 0111 09       		.uleb128 0x9
 347 0112 01       		.uleb128 0x1
 348 0113 50       		.byte	0x50
 349 0114 01       		.uleb128 0x1
 350 0115 31       		.byte	0x31
 351 0116 09       		.uleb128 0x9
 352 0117 01       		.uleb128 0x1
 353 0118 51       		.byte	0x51
 354 0119 01       		.uleb128 0x1
ARM GAS  C:\Users\HPz420\AppData\Local\Temp\ccdvsXOf.s 			page 9


 355 011a 31       		.byte	0x31
 356 011b 09       		.uleb128 0x9
 357 011c 01       		.uleb128 0x1
 358 011d 53       		.byte	0x53
 359 011e 03       		.uleb128 0x3
 360 011f 0A       		.byte	0xa
 361 0120 0040     		.2byte	0x4000
 362 0122 00       		.byte	0
 363 0123 0A       		.uleb128 0xa
 364 0124 1A000000 		.4byte	.LVL1
 365 0128 C1020000 		.4byte	0x2c1
 366 012c 0A       		.uleb128 0xa
 367 012d 22000000 		.4byte	.LVL2
 368 0131 C1020000 		.4byte	0x2c1
 369 0135 08       		.uleb128 0x8
 370 0136 30000000 		.4byte	.LVL3
 371 013a CC020000 		.4byte	0x2cc
 372 013e 4E010000 		.4byte	0x14e
 373 0142 09       		.uleb128 0x9
 374 0143 01       		.uleb128 0x1
 375 0144 51       		.byte	0x51
 376 0145 02       		.uleb128 0x2
 377 0146 08       		.byte	0x8
 378 0147 80       		.byte	0x80
 379 0148 09       		.uleb128 0x9
 380 0149 01       		.uleb128 0x1
 381 014a 53       		.byte	0x53
 382 014b 01       		.uleb128 0x1
 383 014c 35       		.byte	0x35
 384 014d 00       		.byte	0
 385 014e 08       		.uleb128 0x8
 386 014f 3C000000 		.4byte	.LVL4
 387 0153 CC020000 		.4byte	0x2cc
 388 0157 67010000 		.4byte	0x167
 389 015b 09       		.uleb128 0x9
 390 015c 01       		.uleb128 0x1
 391 015d 51       		.byte	0x51
 392 015e 02       		.uleb128 0x2
 393 015f 08       		.byte	0x8
 394 0160 80       		.byte	0x80
 395 0161 09       		.uleb128 0x9
 396 0162 01       		.uleb128 0x1
 397 0163 53       		.byte	0x53
 398 0164 01       		.uleb128 0x1
 399 0165 35       		.byte	0x35
 400 0166 00       		.byte	0
 401 0167 08       		.uleb128 0x8
 402 0168 4A000000 		.4byte	.LVL5
 403 016c D7020000 		.4byte	0x2d7
 404 0170 82010000 		.4byte	0x182
 405 0174 09       		.uleb128 0x9
 406 0175 01       		.uleb128 0x1
 407 0176 51       		.byte	0x51
 408 0177 02       		.uleb128 0x2
 409 0178 75       		.byte	0x75
 410 0179 00       		.sleb128 0
 411 017a 09       		.uleb128 0x9
ARM GAS  C:\Users\HPz420\AppData\Local\Temp\ccdvsXOf.s 			page 10


 412 017b 01       		.uleb128 0x1
 413 017c 52       		.byte	0x52
 414 017d 03       		.uleb128 0x3
 415 017e 0A       		.byte	0xa
 416 017f 805B     		.2byte	0x5b80
 417 0181 00       		.byte	0
 418 0182 0B       		.uleb128 0xb
 419 0183 5A000000 		.4byte	.LVL6
 420 0187 D7020000 		.4byte	0x2d7
 421 018b 09       		.uleb128 0x9
 422 018c 01       		.uleb128 0x1
 423 018d 51       		.byte	0x51
 424 018e 03       		.uleb128 0x3
 425 018f 75       		.byte	0x75
 426 0190 8001     		.sleb128 128
 427 0192 09       		.uleb128 0x9
 428 0193 01       		.uleb128 0x1
 429 0194 52       		.byte	0x52
 430 0195 03       		.uleb128 0x3
 431 0196 0A       		.byte	0xa
 432 0197 805B     		.2byte	0x5b80
 433 0199 00       		.byte	0
 434 019a 00       		.byte	0
 435 019b 0C       		.uleb128 0xc
 436 019c 37020000 		.4byte	.LASF22
 437 01a0 01       		.byte	0x1
 438 01a1 45       		.byte	0x45
 439 01a2 00000000 		.4byte	.LFB64
 440 01a6 0C000000 		.4byte	.LFE64-.LFB64
 441 01aa 01       		.uleb128 0x1
 442 01ab 9C       		.byte	0x9c
 443 01ac C3010000 		.4byte	0x1c3
 444 01b0 0A       		.uleb128 0xa
 445 01b1 06000000 		.4byte	.LVL7
 446 01b5 EF000000 		.4byte	0xef
 447 01b9 0A       		.uleb128 0xa
 448 01ba 0A000000 		.4byte	.LVL8
 449 01be E2020000 		.4byte	0x2e2
 450 01c2 00       		.byte	0
 451 01c3 0C       		.uleb128 0xc
 452 01c4 93010000 		.4byte	.LASF23
 453 01c8 01       		.byte	0x1
 454 01c9 53       		.byte	0x53
 455 01ca 00000000 		.4byte	.LFB65
 456 01ce 20000000 		.4byte	.LFE65-.LFB65
 457 01d2 01       		.uleb128 0x1
 458 01d3 9C       		.byte	0x9c
 459 01d4 F1010000 		.4byte	0x1f1
 460 01d8 0A       		.uleb128 0xa
 461 01d9 0E000000 		.4byte	.LVL9
 462 01dd ED020000 		.4byte	0x2ed
 463 01e1 0B       		.uleb128 0xb
 464 01e2 16000000 		.4byte	.LVL10
 465 01e6 F8020000 		.4byte	0x2f8
 466 01ea 09       		.uleb128 0x9
 467 01eb 01       		.uleb128 0x1
 468 01ec 51       		.byte	0x51
ARM GAS  C:\Users\HPz420\AppData\Local\Temp\ccdvsXOf.s 			page 11


 469 01ed 01       		.uleb128 0x1
 470 01ee 31       		.byte	0x31
 471 01ef 00       		.byte	0
 472 01f0 00       		.byte	0
 473 01f1 07       		.uleb128 0x7
 474 01f2 82010000 		.4byte	.LASF25
 475 01f6 01       		.byte	0x1
 476 01f7 63       		.byte	0x63
 477 01f8 00000000 		.4byte	.LFB66
 478 01fc 0C000000 		.4byte	.LFE66-.LFB66
 479 0200 01       		.uleb128 0x1
 480 0201 9C       		.byte	0x9c
 481 0202 19020000 		.4byte	0x219
 482 0206 0A       		.uleb128 0xa
 483 0207 06000000 		.4byte	.LVL11
 484 020b 9B010000 		.4byte	0x19b
 485 020f 0A       		.uleb128 0xa
 486 0210 0A000000 		.4byte	.LVL12
 487 0214 C3010000 		.4byte	0x1c3
 488 0218 00       		.byte	0
 489 0219 0D       		.uleb128 0xd
 490 021a 6B010000 		.4byte	.LASF26
 491 021e 05       		.byte	0x5
 492 021f 9606     		.2byte	0x696
 493 0221 25020000 		.4byte	0x225
 494 0225 06       		.uleb128 0x6
 495 0226 8C000000 		.4byte	0x8c
 496 022a 0E       		.uleb128 0xe
 497 022b 81000000 		.4byte	0x81
 498 022f 3A020000 		.4byte	0x23a
 499 0233 0F       		.uleb128 0xf
 500 0234 E8000000 		.4byte	0xe8
 501 0238 FF       		.byte	0xff
 502 0239 00       		.byte	0
 503 023a 10       		.uleb128 0x10
 504 023b 2B020000 		.4byte	.LASF27
 505 023f 06       		.byte	0x6
 506 0240 14       		.byte	0x14
 507 0241 2A020000 		.4byte	0x22a
 508 0245 05       		.uleb128 0x5
 509 0246 03       		.byte	0x3
 510 0247 00000000 		.4byte	VDAC_Buffer
 511 024b 10       		.uleb128 0x10
 512 024c EF010000 		.4byte	.LASF28
 513 0250 01       		.byte	0x1
 514 0251 0F       		.byte	0xf
 515 0252 5C020000 		.4byte	0x25c
 516 0256 05       		.uleb128 0x5
 517 0257 03       		.byte	0x3
 518 0258 00000000 		.4byte	pBuffer
 519 025c 11       		.uleb128 0x11
 520 025d 04       		.byte	0x4
 521 025e 97000000 		.4byte	0x97
 522 0262 10       		.uleb128 0x10
 523 0263 B3010000 		.4byte	.LASF29
 524 0267 01       		.byte	0x1
 525 0268 11       		.byte	0x11
ARM GAS  C:\Users\HPz420\AppData\Local\Temp\ccdvsXOf.s 			page 12


 526 0269 81000000 		.4byte	0x81
 527 026d 05       		.uleb128 0x5
 528 026e 03       		.byte	0x3
 529 026f 00000000 		.4byte	DMA_Chan
 530 0273 0E       		.uleb128 0xe
 531 0274 81000000 		.4byte	0x81
 532 0278 83020000 		.4byte	0x283
 533 027c 0F       		.uleb128 0xf
 534 027d E8000000 		.4byte	0xe8
 535 0281 01       		.byte	0x1
 536 0282 00       		.byte	0
 537 0283 10       		.uleb128 0x10
 538 0284 26000000 		.4byte	.LASF30
 539 0288 01       		.byte	0x1
 540 0289 12       		.byte	0x12
 541 028a 73020000 		.4byte	0x273
 542 028e 05       		.uleb128 0x5
 543 028f 03       		.byte	0x3
 544 0290 00000000 		.4byte	DMA_TD
 545 0294 10       		.uleb128 0x10
 546 0295 2D000000 		.4byte	.LASF31
 547 0299 01       		.byte	0x1
 548 029a 18       		.byte	0x18
 549 029b 97000000 		.4byte	0x97
 550 029f 05       		.uleb128 0x5
 551 02a0 03       		.byte	0x3
 552 02a1 00000000 		.4byte	aInitialized
 553 02a5 10       		.uleb128 0x10
 554 02a6 1D000000 		.4byte	.LASF32
 555 02aa 01       		.byte	0x1
 556 02ab 19       		.byte	0x19
 557 02ac 97000000 		.4byte	0x97
 558 02b0 05       		.uleb128 0x5
 559 02b1 03       		.byte	0x3
 560 02b2 00000000 		.4byte	aEnabled
 561 02b6 12       		.uleb128 0x12
 562 02b7 00000000 		.4byte	.LASF33
 563 02bb 00000000 		.4byte	.LASF33
 564 02bf 07       		.byte	0x7
 565 02c0 1E       		.byte	0x1e
 566 02c1 12       		.uleb128 0x12
 567 02c2 7D000000 		.4byte	.LASF34
 568 02c6 7D000000 		.4byte	.LASF34
 569 02ca 08       		.byte	0x8
 570 02cb 38       		.byte	0x38
 571 02cc 12       		.uleb128 0x12
 572 02cd 34010000 		.4byte	.LASF35
 573 02d1 34010000 		.4byte	.LASF35
 574 02d5 08       		.byte	0x8
 575 02d6 3B       		.byte	0x3b
 576 02d7 12       		.uleb128 0x12
 577 02d8 44000000 		.4byte	.LASF36
 578 02dc 44000000 		.4byte	.LASF36
 579 02e0 08       		.byte	0x8
 580 02e1 3F       		.byte	0x3f
 581 02e2 12       		.uleb128 0x12
 582 02e3 5E010000 		.4byte	.LASF37
ARM GAS  C:\Users\HPz420\AppData\Local\Temp\ccdvsXOf.s 			page 13


 583 02e7 5E010000 		.4byte	.LASF37
 584 02eb 09       		.byte	0x9
 585 02ec 33       		.byte	0x33
 586 02ed 12       		.uleb128 0x12
 587 02ee 69000000 		.4byte	.LASF38
 588 02f2 69000000 		.4byte	.LASF38
 589 02f6 08       		.byte	0x8
 590 02f7 2F       		.byte	0x2f
 591 02f8 12       		.uleb128 0x12
 592 02f9 9E010000 		.4byte	.LASF39
 593 02fd 9E010000 		.4byte	.LASF39
 594 0301 08       		.byte	0x8
 595 0302 29       		.byte	0x29
 596 0303 00       		.byte	0
 597              		.section	.debug_abbrev,"",%progbits
 598              	.Ldebug_abbrev0:
 599 0000 01       		.uleb128 0x1
 600 0001 11       		.uleb128 0x11
 601 0002 01       		.byte	0x1
 602 0003 25       		.uleb128 0x25
 603 0004 0E       		.uleb128 0xe
 604 0005 13       		.uleb128 0x13
 605 0006 0B       		.uleb128 0xb
 606 0007 03       		.uleb128 0x3
 607 0008 0E       		.uleb128 0xe
 608 0009 1B       		.uleb128 0x1b
 609 000a 0E       		.uleb128 0xe
 610 000b 55       		.uleb128 0x55
 611 000c 17       		.uleb128 0x17
 612 000d 11       		.uleb128 0x11
 613 000e 01       		.uleb128 0x1
 614 000f 10       		.uleb128 0x10
 615 0010 17       		.uleb128 0x17
 616 0011 00       		.byte	0
 617 0012 00       		.byte	0
 618 0013 02       		.uleb128 0x2
 619 0014 24       		.uleb128 0x24
 620 0015 00       		.byte	0
 621 0016 0B       		.uleb128 0xb
 622 0017 0B       		.uleb128 0xb
 623 0018 3E       		.uleb128 0x3e
 624 0019 0B       		.uleb128 0xb
 625 001a 03       		.uleb128 0x3
 626 001b 0E       		.uleb128 0xe
 627 001c 00       		.byte	0
 628 001d 00       		.byte	0
 629 001e 03       		.uleb128 0x3
 630 001f 16       		.uleb128 0x16
 631 0020 00       		.byte	0
 632 0021 03       		.uleb128 0x3
 633 0022 0E       		.uleb128 0xe
 634 0023 3A       		.uleb128 0x3a
 635 0024 0B       		.uleb128 0xb
 636 0025 3B       		.uleb128 0x3b
 637 0026 0B       		.uleb128 0xb
 638 0027 49       		.uleb128 0x49
 639 0028 13       		.uleb128 0x13
ARM GAS  C:\Users\HPz420\AppData\Local\Temp\ccdvsXOf.s 			page 14


 640 0029 00       		.byte	0
 641 002a 00       		.byte	0
 642 002b 04       		.uleb128 0x4
 643 002c 24       		.uleb128 0x24
 644 002d 00       		.byte	0
 645 002e 0B       		.uleb128 0xb
 646 002f 0B       		.uleb128 0xb
 647 0030 3E       		.uleb128 0x3e
 648 0031 0B       		.uleb128 0xb
 649 0032 03       		.uleb128 0x3
 650 0033 08       		.uleb128 0x8
 651 0034 00       		.byte	0
 652 0035 00       		.byte	0
 653 0036 05       		.uleb128 0x5
 654 0037 16       		.uleb128 0x16
 655 0038 00       		.byte	0
 656 0039 03       		.uleb128 0x3
 657 003a 0E       		.uleb128 0xe
 658 003b 3A       		.uleb128 0x3a
 659 003c 0B       		.uleb128 0xb
 660 003d 3B       		.uleb128 0x3b
 661 003e 05       		.uleb128 0x5
 662 003f 49       		.uleb128 0x49
 663 0040 13       		.uleb128 0x13
 664 0041 00       		.byte	0
 665 0042 00       		.byte	0
 666 0043 06       		.uleb128 0x6
 667 0044 35       		.uleb128 0x35
 668 0045 00       		.byte	0
 669 0046 49       		.uleb128 0x49
 670 0047 13       		.uleb128 0x13
 671 0048 00       		.byte	0
 672 0049 00       		.byte	0
 673 004a 07       		.uleb128 0x7
 674 004b 2E       		.uleb128 0x2e
 675 004c 01       		.byte	0x1
 676 004d 3F       		.uleb128 0x3f
 677 004e 19       		.uleb128 0x19
 678 004f 03       		.uleb128 0x3
 679 0050 0E       		.uleb128 0xe
 680 0051 3A       		.uleb128 0x3a
 681 0052 0B       		.uleb128 0xb
 682 0053 3B       		.uleb128 0x3b
 683 0054 0B       		.uleb128 0xb
 684 0055 27       		.uleb128 0x27
 685 0056 19       		.uleb128 0x19
 686 0057 11       		.uleb128 0x11
 687 0058 01       		.uleb128 0x1
 688 0059 12       		.uleb128 0x12
 689 005a 06       		.uleb128 0x6
 690 005b 40       		.uleb128 0x40
 691 005c 18       		.uleb128 0x18
 692 005d 9742     		.uleb128 0x2117
 693 005f 19       		.uleb128 0x19
 694 0060 01       		.uleb128 0x1
 695 0061 13       		.uleb128 0x13
 696 0062 00       		.byte	0
ARM GAS  C:\Users\HPz420\AppData\Local\Temp\ccdvsXOf.s 			page 15


 697 0063 00       		.byte	0
 698 0064 08       		.uleb128 0x8
 699 0065 898201   		.uleb128 0x4109
 700 0068 01       		.byte	0x1
 701 0069 11       		.uleb128 0x11
 702 006a 01       		.uleb128 0x1
 703 006b 31       		.uleb128 0x31
 704 006c 13       		.uleb128 0x13
 705 006d 01       		.uleb128 0x1
 706 006e 13       		.uleb128 0x13
 707 006f 00       		.byte	0
 708 0070 00       		.byte	0
 709 0071 09       		.uleb128 0x9
 710 0072 8A8201   		.uleb128 0x410a
 711 0075 00       		.byte	0
 712 0076 02       		.uleb128 0x2
 713 0077 18       		.uleb128 0x18
 714 0078 9142     		.uleb128 0x2111
 715 007a 18       		.uleb128 0x18
 716 007b 00       		.byte	0
 717 007c 00       		.byte	0
 718 007d 0A       		.uleb128 0xa
 719 007e 898201   		.uleb128 0x4109
 720 0081 00       		.byte	0
 721 0082 11       		.uleb128 0x11
 722 0083 01       		.uleb128 0x1
 723 0084 31       		.uleb128 0x31
 724 0085 13       		.uleb128 0x13
 725 0086 00       		.byte	0
 726 0087 00       		.byte	0
 727 0088 0B       		.uleb128 0xb
 728 0089 898201   		.uleb128 0x4109
 729 008c 01       		.byte	0x1
 730 008d 11       		.uleb128 0x11
 731 008e 01       		.uleb128 0x1
 732 008f 31       		.uleb128 0x31
 733 0090 13       		.uleb128 0x13
 734 0091 00       		.byte	0
 735 0092 00       		.byte	0
 736 0093 0C       		.uleb128 0xc
 737 0094 2E       		.uleb128 0x2e
 738 0095 01       		.byte	0x1
 739 0096 3F       		.uleb128 0x3f
 740 0097 19       		.uleb128 0x19
 741 0098 03       		.uleb128 0x3
 742 0099 0E       		.uleb128 0xe
 743 009a 3A       		.uleb128 0x3a
 744 009b 0B       		.uleb128 0xb
 745 009c 3B       		.uleb128 0x3b
 746 009d 0B       		.uleb128 0xb
 747 009e 11       		.uleb128 0x11
 748 009f 01       		.uleb128 0x1
 749 00a0 12       		.uleb128 0x12
 750 00a1 06       		.uleb128 0x6
 751 00a2 40       		.uleb128 0x40
 752 00a3 18       		.uleb128 0x18
 753 00a4 9742     		.uleb128 0x2117
ARM GAS  C:\Users\HPz420\AppData\Local\Temp\ccdvsXOf.s 			page 16


 754 00a6 19       		.uleb128 0x19
 755 00a7 01       		.uleb128 0x1
 756 00a8 13       		.uleb128 0x13
 757 00a9 00       		.byte	0
 758 00aa 00       		.byte	0
 759 00ab 0D       		.uleb128 0xd
 760 00ac 34       		.uleb128 0x34
 761 00ad 00       		.byte	0
 762 00ae 03       		.uleb128 0x3
 763 00af 0E       		.uleb128 0xe
 764 00b0 3A       		.uleb128 0x3a
 765 00b1 0B       		.uleb128 0xb
 766 00b2 3B       		.uleb128 0x3b
 767 00b3 05       		.uleb128 0x5
 768 00b4 49       		.uleb128 0x49
 769 00b5 13       		.uleb128 0x13
 770 00b6 3F       		.uleb128 0x3f
 771 00b7 19       		.uleb128 0x19
 772 00b8 3C       		.uleb128 0x3c
 773 00b9 19       		.uleb128 0x19
 774 00ba 00       		.byte	0
 775 00bb 00       		.byte	0
 776 00bc 0E       		.uleb128 0xe
 777 00bd 01       		.uleb128 0x1
 778 00be 01       		.byte	0x1
 779 00bf 49       		.uleb128 0x49
 780 00c0 13       		.uleb128 0x13
 781 00c1 01       		.uleb128 0x1
 782 00c2 13       		.uleb128 0x13
 783 00c3 00       		.byte	0
 784 00c4 00       		.byte	0
 785 00c5 0F       		.uleb128 0xf
 786 00c6 21       		.uleb128 0x21
 787 00c7 00       		.byte	0
 788 00c8 49       		.uleb128 0x49
 789 00c9 13       		.uleb128 0x13
 790 00ca 2F       		.uleb128 0x2f
 791 00cb 0B       		.uleb128 0xb
 792 00cc 00       		.byte	0
 793 00cd 00       		.byte	0
 794 00ce 10       		.uleb128 0x10
 795 00cf 34       		.uleb128 0x34
 796 00d0 00       		.byte	0
 797 00d1 03       		.uleb128 0x3
 798 00d2 0E       		.uleb128 0xe
 799 00d3 3A       		.uleb128 0x3a
 800 00d4 0B       		.uleb128 0xb
 801 00d5 3B       		.uleb128 0x3b
 802 00d6 0B       		.uleb128 0xb
 803 00d7 49       		.uleb128 0x49
 804 00d8 13       		.uleb128 0x13
 805 00d9 3F       		.uleb128 0x3f
 806 00da 19       		.uleb128 0x19
 807 00db 02       		.uleb128 0x2
 808 00dc 18       		.uleb128 0x18
 809 00dd 00       		.byte	0
 810 00de 00       		.byte	0
ARM GAS  C:\Users\HPz420\AppData\Local\Temp\ccdvsXOf.s 			page 17


 811 00df 11       		.uleb128 0x11
 812 00e0 0F       		.uleb128 0xf
 813 00e1 00       		.byte	0
 814 00e2 0B       		.uleb128 0xb
 815 00e3 0B       		.uleb128 0xb
 816 00e4 49       		.uleb128 0x49
 817 00e5 13       		.uleb128 0x13
 818 00e6 00       		.byte	0
 819 00e7 00       		.byte	0
 820 00e8 12       		.uleb128 0x12
 821 00e9 2E       		.uleb128 0x2e
 822 00ea 00       		.byte	0
 823 00eb 3F       		.uleb128 0x3f
 824 00ec 19       		.uleb128 0x19
 825 00ed 3C       		.uleb128 0x3c
 826 00ee 19       		.uleb128 0x19
 827 00ef 6E       		.uleb128 0x6e
 828 00f0 0E       		.uleb128 0xe
 829 00f1 03       		.uleb128 0x3
 830 00f2 0E       		.uleb128 0xe
 831 00f3 3A       		.uleb128 0x3a
 832 00f4 0B       		.uleb128 0xb
 833 00f5 3B       		.uleb128 0x3b
 834 00f6 0B       		.uleb128 0xb
 835 00f7 00       		.byte	0
 836 00f8 00       		.byte	0
 837 00f9 00       		.byte	0
 838              		.section	.debug_aranges,"",%progbits
 839 0000 34000000 		.4byte	0x34
 840 0004 0200     		.2byte	0x2
 841 0006 00000000 		.4byte	.Ldebug_info0
 842 000a 04       		.byte	0x4
 843 000b 00       		.byte	0
 844 000c 0000     		.2byte	0
 845 000e 0000     		.2byte	0
 846 0010 00000000 		.4byte	.LFB63
 847 0014 6C000000 		.4byte	.LFE63-.LFB63
 848 0018 00000000 		.4byte	.LFB64
 849 001c 0C000000 		.4byte	.LFE64-.LFB64
 850 0020 00000000 		.4byte	.LFB65
 851 0024 20000000 		.4byte	.LFE65-.LFB65
 852 0028 00000000 		.4byte	.LFB66
 853 002c 0C000000 		.4byte	.LFE66-.LFB66
 854 0030 00000000 		.4byte	0
 855 0034 00000000 		.4byte	0
 856              		.section	.debug_ranges,"",%progbits
 857              	.Ldebug_ranges0:
 858 0000 00000000 		.4byte	.LFB63
 859 0004 6C000000 		.4byte	.LFE63
 860 0008 00000000 		.4byte	.LFB64
 861 000c 0C000000 		.4byte	.LFE64
 862 0010 00000000 		.4byte	.LFB65
 863 0014 20000000 		.4byte	.LFE65
 864 0018 00000000 		.4byte	.LFB66
 865 001c 0C000000 		.4byte	.LFE66
 866 0020 00000000 		.4byte	0
 867 0024 00000000 		.4byte	0
ARM GAS  C:\Users\HPz420\AppData\Local\Temp\ccdvsXOf.s 			page 18


 868              		.section	.debug_line,"",%progbits
 869              	.Ldebug_line0:
 870 0000 D5010000 		.section	.debug_str,"MS",%progbits,1
 870      02008201 
 870      00000201 
 870      FB0E0D00 
 870      01010101 
 871              	.LASF33:
 872 0000 444D4132 		.ascii	"DMA2_DmaInitialize\000"
 872      5F446D61 
 872      496E6974 
 872      69616C69 
 872      7A6500
 873              	.LASF4:
 874 0013 5F5F7569 		.ascii	"__uint8_t\000"
 874      6E74385F 
 874      7400
 875              	.LASF32:
 876 001d 61456E61 		.ascii	"aEnabled\000"
 876      626C6564 
 876      00
 877              	.LASF30:
 878 0026 444D415F 		.ascii	"DMA_TD\000"
 878      544400
 879              	.LASF31:
 880 002d 61496E69 		.ascii	"aInitialized\000"
 880      7469616C 
 880      697A6564 
 880      00
 881              	.LASF5:
 882 003a 5F5F696E 		.ascii	"__int32_t\000"
 882      7433325F 
 882      7400
 883              	.LASF36:
 884 0044 4379446D 		.ascii	"CyDmaTdSetAddress\000"
 884      61546453 
 884      65744164 
 884      64726573 
 884      7300
 885              	.LASF3:
 886 0056 73686F72 		.ascii	"short unsigned int\000"
 886      7420756E 
 886      7369676E 
 886      65642069 
 886      6E7400
 887              	.LASF38:
 888 0069 4379446D 		.ascii	"CyDmaChSetInitialTd\000"
 888      61436853 
 888      6574496E 
 888      69746961 
 888      6C546400 
 889              	.LASF34:
 890 007d 4379446D 		.ascii	"CyDmaTdAllocate\000"
 890      61546441 
 890      6C6C6F63 
 890      61746500 
 891              	.LASF16:
ARM GAS  C:\Users\HPz420\AppData\Local\Temp\ccdvsXOf.s 			page 19


 892 008d 666C6F61 		.ascii	"float\000"
 892      7400
 893              	.LASF1:
 894 0093 756E7369 		.ascii	"unsigned char\000"
 894      676E6564 
 894      20636861 
 894      7200
 895              	.LASF40:
 896 00a1 474E5520 		.ascii	"GNU C11 5.4.1 20160609 (release) [ARM/embedded-5-br"
 896      43313120 
 896      352E342E 
 896      31203230 
 896      31363036 
 897 00d4 616E6368 		.ascii	"anch revision 237715] -mcpu=cortex-m3 -mthumb -g -O"
 897      20726576 
 897      6973696F 
 897      6E203233 
 897      37373135 
 898 0107 67202D66 		.ascii	"g -ffunction-sections -ffat-lto-objects\000"
 898      66756E63 
 898      74696F6E 
 898      2D736563 
 898      74696F6E 
 899              	.LASF19:
 900 012f 72656738 		.ascii	"reg8\000"
 900      00
 901              	.LASF35:
 902 0134 4379446D 		.ascii	"CyDmaTdSetConfiguration\000"
 902      61546453 
 902      6574436F 
 902      6E666967 
 902      75726174 
 903              	.LASF7:
 904 014c 6C6F6E67 		.ascii	"long unsigned int\000"
 904      20756E73 
 904      69676E65 
 904      6420696E 
 904      7400
 905              	.LASF37:
 906 015e 56444143 		.ascii	"VDAC_1_Start\000"
 906      5F315F53 
 906      74617274 
 906      00
 907              	.LASF26:
 908 016b 49544D5F 		.ascii	"ITM_RxBuffer\000"
 908      52784275 
 908      66666572 
 908      00
 909              	.LASF41:
 910 0178 57617665 		.ascii	"WaveGen.c\000"
 910      47656E2E 
 910      6300
 911              	.LASF25:
 912 0182 4255465F 		.ascii	"BUF_Start\000"
 912      53746172 
 912      7400
 913              	.LASF17:
ARM GAS  C:\Users\HPz420\AppData\Local\Temp\ccdvsXOf.s 			page 20


 914 018c 646F7562 		.ascii	"double\000"
 914      6C6500
 915              	.LASF23:
 916 0193 4255465F 		.ascii	"BUF_Enable\000"
 916      456E6162 
 916      6C6500
 917              	.LASF39:
 918 019e 4379446D 		.ascii	"CyDmaChEnable\000"
 918      61436845 
 918      6E61626C 
 918      6500
 919              	.LASF14:
 920 01ac 75696E74 		.ascii	"uint16\000"
 920      313600
 921              	.LASF29:
 922 01b3 444D415F 		.ascii	"DMA_Chan\000"
 922      4368616E 
 922      00
 923              	.LASF15:
 924 01bc 75696E74 		.ascii	"uint32\000"
 924      333200
 925              	.LASF10:
 926 01c3 756E7369 		.ascii	"unsigned int\000"
 926      676E6564 
 926      20696E74 
 926      00
 927              	.LASF9:
 928 01d0 6C6F6E67 		.ascii	"long long unsigned int\000"
 928      206C6F6E 
 928      6720756E 
 928      7369676E 
 928      65642069 
 929              	.LASF11:
 930 01e7 75696E74 		.ascii	"uint8_t\000"
 930      385F7400 
 931              	.LASF28:
 932 01ef 70427566 		.ascii	"pBuffer\000"
 932      66657200 
 933              	.LASF12:
 934 01f7 696E7433 		.ascii	"int32_t\000"
 934      325F7400 
 935              	.LASF21:
 936 01ff 73697A65 		.ascii	"sizetype\000"
 936      74797065 
 936      00
 937              	.LASF8:
 938 0208 6C6F6E67 		.ascii	"long long int\000"
 938      206C6F6E 
 938      6720696E 
 938      7400
 939              	.LASF18:
 940 0216 63686172 		.ascii	"char\000"
 940      00
 941              	.LASF2:
 942 021b 73686F72 		.ascii	"short int\000"
 942      7420696E 
 942      7400
ARM GAS  C:\Users\HPz420\AppData\Local\Temp\ccdvsXOf.s 			page 21


 943              	.LASF13:
 944 0225 75696E74 		.ascii	"uint8\000"
 944      3800
 945              	.LASF27:
 946 022b 56444143 		.ascii	"VDAC_Buffer\000"
 946      5F427566 
 946      66657200 
 947              	.LASF22:
 948 0237 4255465F 		.ascii	"BUF_Initialize\000"
 948      496E6974 
 948      69616C69 
 948      7A6500
 949              	.LASF6:
 950 0246 6C6F6E67 		.ascii	"long int\000"
 950      20696E74 
 950      00
 951              	.LASF20:
 952 024f 6C6F6E67 		.ascii	"long double\000"
 952      20646F75 
 952      626C6500 
 953              	.LASF0:
 954 025b 7369676E 		.ascii	"signed char\000"
 954      65642063 
 954      68617200 
 955              	.LASF42:
 956 0267 433A5C55 		.ascii	"C:\\Users\\HPz420\\Documents\\GitHub\\land-boards\\"
 956      73657273 
 956      5C48507A 
 956      3432305C 
 956      446F6375 
 957 0294 4F444153 		.ascii	"ODAS\\ODAS-PSOC5\\Projects\\DDS_WaveGen_01c.cydsn\000"
 957      5C4F4441 
 957      532D5053 
 957      4F43355C 
 957      50726F6A 
 958              	.LASF24:
 959 02c3 4255465F 		.ascii	"BUF_DMAConfig\000"
 959      444D4143 
 959      6F6E6669 
 959      6700
 960              		.ident	"GCC: (GNU Tools for ARM Embedded Processors) 5.4.1 20160609 (release) [ARM/embedded-5-bran
