--------------- Clean Started: 05/08/2017 14:15:37 Project: ODAS-PSOC5-I2CIO8-BlinkLED0, Configuration: ARM GCC 4.9-2015-q1-update Debug ---------------
Deleting file ".\CortexM3\ARM_GCC_493\Debug\main.o"
Deleting file ".\CortexM3\ARM_GCC_493\Debug\DIGIO8Driver.o"
Deleting file ".\CortexM3\ARM_GCC_493\Debug\cyfitter_cfg.o"
Deleting file ".\CortexM3\ARM_GCC_493\Debug\cymetadata.o"
Deleting file ".\CortexM3\ARM_GCC_493\Debug\Cm3Start.o"
Deleting file ".\CortexM3\ARM_GCC_493\Debug\CyBootAsmGnu.o"
Deleting file ".\CortexM3\ARM_GCC_493\Debug\CyDmac.o"
Deleting file ".\CortexM3\ARM_GCC_493\Debug\CyFlash.o"
Deleting file ".\CortexM3\ARM_GCC_493\Debug\CyLib.o"
Deleting file ".\CortexM3\ARM_GCC_493\Debug\cyPm.o"
Deleting file ".\CortexM3\ARM_GCC_493\Debug\CySpc.o"
Deleting file ".\CortexM3\ARM_GCC_493\Debug\cyutils.o"
Deleting file ".\CortexM3\ARM_GCC_493\Debug\Clock_1.o"
Deleting file ".\CortexM3\ARM_GCC_493\Debug\P1_20.o"
Deleting file ".\CortexM3\ARM_GCC_493\Debug\P1_19.o"
Deleting file ".\CortexM3\ARM_GCC_493\Debug\P1_18.o"
Deleting file ".\CortexM3\ARM_GCC_493\Debug\P1_17.o"
Deleting file ".\CortexM3\ARM_GCC_493\Debug\P1_16.o"
Deleting file ".\CortexM3\ARM_GCC_493\Debug\P1_15.o"
Deleting file ".\CortexM3\ARM_GCC_493\Debug\P1_14.o"
Deleting file ".\CortexM3\ARM_GCC_493\Debug\P1_13.o"
Deleting file ".\CortexM3\ARM_GCC_493\Debug\P1_12.o"
Deleting file ".\CortexM3\ARM_GCC_493\Debug\P1_11.o"
Deleting file ".\CortexM3\ARM_GCC_493\Debug\P1_10.o"
Deleting file ".\CortexM3\ARM_GCC_493\Debug\P1_05.o"
Deleting file ".\CortexM3\ARM_GCC_493\Debug\P1_06.o"
Deleting file ".\CortexM3\ARM_GCC_493\Debug\P1_07.o"
Deleting file ".\CortexM3\ARM_GCC_493\Debug\P1_08.o"
Deleting file ".\CortexM3\ARM_GCC_493\Debug\P1_09.o"
Deleting file ".\CortexM3\ARM_GCC_493\Debug\P1_32.o"
Deleting file ".\CortexM3\ARM_GCC_493\Debug\P1_30.o"
Deleting file ".\CortexM3\ARM_GCC_493\Debug\P1_29.o"
Deleting file ".\CortexM3\ARM_GCC_493\Debug\P1_28.o"
Deleting file ".\CortexM3\ARM_GCC_493\Debug\P1_27.o"
Deleting file ".\CortexM3\ARM_GCC_493\Debug\P1_26.o"
Deleting file ".\CortexM3\ARM_GCC_493\Debug\P1_25.o"
Deleting file ".\CortexM3\ARM_GCC_493\Debug\P1_24.o"
Deleting file ".\CortexM3\ARM_GCC_493\Debug\P1_23.o"
Deleting file ".\CortexM3\ARM_GCC_493\Debug\P1_22.o"
Deleting file ".\CortexM3\ARM_GCC_493\Debug\P1_21.o"
Deleting file ".\CortexM3\ARM_GCC_493\Debug\P1_34.o"
Deleting file ".\CortexM3\ARM_GCC_493\Debug\Control_Reg_1.o"
Deleting file ".\CortexM3\ARM_GCC_493\Debug\Control_Reg_1_PM.o"
Deleting file ".\CortexM3\ARM_GCC_493\Debug\LED.o"
Deleting file ".\CortexM3\ARM_GCC_493\Debug\SDA_1.o"
Deleting file ".\CortexM3\ARM_GCC_493\Debug\SCL_1.o"
Deleting file ".\CortexM3\ARM_GCC_493\Debug\I2C.o"
Deleting file ".\CortexM3\ARM_GCC_493\Debug\I2C_BOOT.o"
Deleting file ".\CortexM3\ARM_GCC_493\Debug\I2C_INT.o"
Deleting file ".\CortexM3\ARM_GCC_493\Debug\I2C_PM.o"
Deleting file ".\CortexM3\ARM_GCC_493\Debug\I2C_SLAVE.o"
Deleting file ".\CortexM3\ARM_GCC_493\Debug\I2C_MASTER.o"
Deleting file ".\CortexM3\ARM_GCC_493\Debug\ODAS-PSOC5-I2CIO8-BlinkLED0.hex"
Deleting file ".\CortexM3\ARM_GCC_493\Debug\ODAS-PSOC5-I2CIO8-BlinkLED0.elf"
Deleting file ".\CortexM3\ARM_GCC_493\Debug\ODAS-PSOC5-I2CIO8-BlinkLED0.map"
Deleting file ".\ODAS-PSOC5-I2CIO8-BlinkLED0.cycdx"
Deleting file ".\ODAS-PSOC5-I2CIO8-BlinkLED0.svd"
Deleting file ".\ODAS-PSOC5-I2CIO8-BlinkLED0.rpt"
Deleting file ".\ODAS-PSOC5-I2CIO8-BlinkLED0_timing.html"
Deleting file ".\CortexM3\ARM_GCC_493\Debug\.deps\SOURCE_C__ARM_GCC_GENERIC.P"
Deleting file ".\CortexM3\ARM_GCC_493\Debug\.deps\SOURCE_ASM__ARM_GCC_GENERIC.P"
--------------- Clean Succeeded: 05/08/2017 14:15:37 ---------------
