ARM GAS  C:\Users\DGILLI~1\AppData\Local\Temp\ccJSkaRf.s 			page 1


   1              		.syntax unified
   2              		.cpu cortex-m3
   3              		.fpu softvfp
   4              		.eabi_attribute 20, 1
   5              		.eabi_attribute 21, 1
   6              		.eabi_attribute 23, 3
   7              		.eabi_attribute 24, 1
   8              		.eabi_attribute 25, 1
   9              		.eabi_attribute 26, 1
  10              		.eabi_attribute 30, 1
  11              		.eabi_attribute 34, 1
  12              		.eabi_attribute 18, 4
  13              		.thumb
  14              		.file	"cymetadata.c"
  15              		.text
  16              	.Ltext0:
  17              		.cfi_sections	.debug_frame
  18              		.global	cy_metadata
  19              		.global	cy_meta_flashprotect
  20              		.global	cy_meta_wonvl
  21              		.global	cy_meta_custnvl
  22              		.global	cy_meta_configecc
  23              		.section	.cyconfigecc,"a",%progbits
  24              		.align	2
  25              		.type	cy_meta_configecc, %object
  26              		.size	cy_meta_configecc, 760
  27              	cy_meta_configecc:
  28 0000 07       		.byte	7
  29 0001 52       		.byte	82
  30 0002 00       		.byte	0
  31 0003 40       		.byte	64
  32 0004 02       		.byte	2
  33 0005 01       		.byte	1
  34 0006 01       		.byte	1
  35 0007 40       		.byte	64
  36 0008 01       		.byte	1
  37 0009 03       		.byte	3
  38 000a 01       		.byte	1
  39 000b 40       		.byte	64
  40 000c 07       		.byte	7
  41 000d 05       		.byte	5
  42 000e 01       		.byte	1
  43 000f 40       		.byte	64
  44 0010 28       		.byte	40
  45 0011 06       		.byte	6
  46 0012 01       		.byte	1
  47 0013 40       		.byte	64
  48 0014 2E       		.byte	46
  49 0015 07       		.byte	7
  50 0016 01       		.byte	1
  51 0017 40       		.byte	64
  52 0018 08       		.byte	8
  53 0019 15       		.byte	21
  54 001a 01       		.byte	1
  55 001b 40       		.byte	64
  56 001c 25       		.byte	37
  57 001d 16       		.byte	22
ARM GAS  C:\Users\DGILLI~1\AppData\Local\Temp\ccJSkaRf.s 			page 2


  58 001e 01       		.byte	1
  59 001f 40       		.byte	64
  60 0020 26       		.byte	38
  61 0021 17       		.byte	23
  62 0022 01       		.byte	1
  63 0023 40       		.byte	64
  64 0024 01       		.byte	1
  65 0025 1B       		.byte	27
  66 0026 01       		.byte	1
  67 0027 40       		.byte	64
  68 0028 0B       		.byte	11
  69 0029 40       		.byte	64
  70 002a 01       		.byte	1
  71 002b 40       		.byte	64
  72 002c 10       		.byte	16
  73 002d 41       		.byte	65
  74 002e 01       		.byte	1
  75 002f 40       		.byte	64
  76 0030 13       		.byte	19
  77 0031 42       		.byte	66
  78 0032 01       		.byte	1
  79 0033 40       		.byte	64
  80 0034 10       		.byte	16
  81 0035 43       		.byte	67
  82 0036 01       		.byte	1
  83 0037 40       		.byte	64
  84 0038 03       		.byte	3
  85 0039 44       		.byte	68
  86 003a 01       		.byte	1
  87 003b 40       		.byte	64
  88 003c 01       		.byte	1
  89 003d 45       		.byte	69
  90 003e 01       		.byte	1
  91 003f 40       		.byte	64
  92 0040 01       		.byte	1
  93 0041 46       		.byte	70
  94 0042 01       		.byte	1
  95 0043 40       		.byte	64
  96 0044 01       		.byte	1
  97 0045 47       		.byte	71
  98 0046 01       		.byte	1
  99 0047 40       		.byte	64
 100 0048 09       		.byte	9
 101 0049 48       		.byte	72
 102 004a 01       		.byte	1
 103 004b 40       		.byte	64
 104 004c 11       		.byte	17
 105 004d 49       		.byte	73
 106 004e 01       		.byte	1
 107 004f 40       		.byte	64
 108 0050 08       		.byte	8
 109 0051 4C       		.byte	76
 110 0052 01       		.byte	1
 111 0053 40       		.byte	64
 112 0054 06       		.byte	6
 113 0055 4D       		.byte	77
 114 0056 01       		.byte	1
ARM GAS  C:\Users\DGILLI~1\AppData\Local\Temp\ccJSkaRf.s 			page 3


 115 0057 40       		.byte	64
 116 0058 02       		.byte	2
 117 0059 50       		.byte	80
 118 005a 01       		.byte	1
 119 005b 40       		.byte	64
 120 005c 01       		.byte	1
 121 005d 51       		.byte	81
 122 005e 01       		.byte	1
 123 005f 40       		.byte	64
 124 0060 00       		.byte	0
 125 0061 AA       		.byte	-86
 126 0062 01       		.byte	1
 127 0063 9C       		.byte	-100
 128 0064 18       		.byte	24
 129 0065 E0       		.byte	-32
 130 0066 19       		.byte	25
 131 0067 41       		.byte	65
 132 0068 20       		.byte	32
 133 0069 69       		.byte	105
 134 006a 21       		.byte	33
 135 006b CC       		.byte	-52
 136 006c 79       		.byte	121
 137 006d 04       		.byte	4
 138 006e 88       		.byte	-120
 139 006f 01       		.byte	1
 140 0070 E2       		.byte	-30
 141 0071 80       		.byte	-128
 142 0072 A4       		.byte	-92
 143 0073 01       		.byte	1
 144 0074 81       		.byte	-127
 145 0075 10       		.byte	16
 146 0076 89       		.byte	-119
 147 0077 01       		.byte	1
 148 0078 8D       		.byte	-115
 149 0079 0C       		.byte	12
 150 007a 8E       		.byte	-114
 151 007b 04       		.byte	4
 152 007c A4       		.byte	-92
 153 007d 01       		.byte	1
 154 007e E2       		.byte	-30
 155 007f 60       		.byte	96
 156 0080 E6       		.byte	-26
 157 0081 50       		.byte	80
 158 0082 05       		.byte	5
 159 0083 05       		.byte	5
 160 0084 07       		.byte	7
 161 0085 0A       		.byte	10
 162 0086 09       		.byte	9
 163 0087 03       		.byte	3
 164 0088 0B       		.byte	11
 165 0089 04       		.byte	4
 166 008a 15       		.byte	21
 167 008b 06       		.byte	6
 168 008c 17       		.byte	23
 169 008d 09       		.byte	9
 170 008e 21       		.byte	33
 171 008f 06       		.byte	6
ARM GAS  C:\Users\DGILLI~1\AppData\Local\Temp\ccJSkaRf.s 			page 4


 172 0090 23       		.byte	35
 173 0091 09       		.byte	9
 174 0092 31       		.byte	49
 175 0093 02       		.byte	2
 176 0094 33       		.byte	51
 177 0095 04       		.byte	4
 178 0096 35       		.byte	53
 179 0097 08       		.byte	8
 180 0098 37       		.byte	55
 181 0099 01       		.byte	1
 182 009a 3A       		.byte	58
 183 009b C0       		.byte	-64
 184 009c 3B       		.byte	59
 185 009d 20       		.byte	32
 186 009e 3F       		.byte	63
 187 009f 45       		.byte	69
 188 00a0 58       		.byte	88
 189 00a1 04       		.byte	4
 190 00a2 59       		.byte	89
 191 00a3 04       		.byte	4
 192 00a4 5B       		.byte	91
 193 00a5 04       		.byte	4
 194 00a6 5F       		.byte	95
 195 00a7 01       		.byte	1
 196 00a8 87       		.byte	-121
 197 00a9 01       		.byte	1
 198 00aa 88       		.byte	-120
 199 00ab 03       		.byte	3
 200 00ac 90       		.byte	-112
 201 00ad 03       		.byte	3
 202 00ae 95       		.byte	-107
 203 00af 01       		.byte	1
 204 00b0 97       		.byte	-105
 205 00b1 02       		.byte	2
 206 00b2 A4       		.byte	-92
 207 00b3 03       		.byte	3
 208 00b4 A5       		.byte	-91
 209 00b5 01       		.byte	1
 210 00b6 A8       		.byte	-88
 211 00b7 02       		.byte	2
 212 00b8 AA       		.byte	-86
 213 00b9 01       		.byte	1
 214 00ba AF       		.byte	-81
 215 00bb 07       		.byte	7
 216 00bc B1       		.byte	-79
 217 00bd 01       		.byte	1
 218 00be B2       		.byte	-78
 219 00bf 01       		.byte	1
 220 00c0 B3       		.byte	-77
 221 00c1 04       		.byte	4
 222 00c2 B4       		.byte	-76
 223 00c3 02       		.byte	2
 224 00c4 B5       		.byte	-75
 225 00c5 02       		.byte	2
 226 00c6 BB       		.byte	-69
 227 00c7 28       		.byte	40
 228 00c8 BE       		.byte	-66
ARM GAS  C:\Users\DGILLI~1\AppData\Local\Temp\ccJSkaRf.s 			page 5


 229 00c9 14       		.byte	20
 230 00ca BF       		.byte	-65
 231 00cb 01       		.byte	1
 232 00cc D8       		.byte	-40
 233 00cd 04       		.byte	4
 234 00ce D9       		.byte	-39
 235 00cf 04       		.byte	4
 236 00d0 DF       		.byte	-33
 237 00d1 01       		.byte	1
 238 00d2 03       		.byte	3
 239 00d3 04       		.byte	4
 240 00d4 0B       		.byte	11
 241 00d5 80       		.byte	-128
 242 00d6 12       		.byte	18
 243 00d7 08       		.byte	8
 244 00d8 13       		.byte	19
 245 00d9 04       		.byte	4
 246 00da 19       		.byte	25
 247 00db 10       		.byte	16
 248 00dc 1A       		.byte	26
 249 00dd 10       		.byte	16
 250 00de 1D       		.byte	29
 251 00df 40       		.byte	64
 252 00e0 1F       		.byte	31
 253 00e1 40       		.byte	64
 254 00e2 21       		.byte	33
 255 00e3 09       		.byte	9
 256 00e4 22       		.byte	34
 257 00e5 08       		.byte	8
 258 00e6 23       		.byte	35
 259 00e7 04       		.byte	4
 260 00e8 24       		.byte	36
 261 00e9 82       		.byte	-126
 262 00ea 25       		.byte	37
 263 00eb 14       		.byte	20
 264 00ec 27       		.byte	39
 265 00ed 04       		.byte	4
 266 00ee 29       		.byte	41
 267 00ef 40       		.byte	64
 268 00f0 2B       		.byte	43
 269 00f1 10       		.byte	16
 270 00f2 2F       		.byte	47
 271 00f3 40       		.byte	64
 272 00f4 32       		.byte	50
 273 00f5 08       		.byte	8
 274 00f6 36       		.byte	54
 275 00f7 08       		.byte	8
 276 00f8 3B       		.byte	59
 277 00f9 04       		.byte	4
 278 00fa 3D       		.byte	61
 279 00fb 20       		.byte	32
 280 00fc 3F       		.byte	63
 281 00fd 24       		.byte	36
 282 00fe 6C       		.byte	108
 283 00ff 14       		.byte	20
 284 0100 6D       		.byte	109
 285 0101 02       		.byte	2
ARM GAS  C:\Users\DGILLI~1\AppData\Local\Temp\ccJSkaRf.s 			page 6


 286 0102 6F       		.byte	111
 287 0103 02       		.byte	2
 288 0104 74       		.byte	116
 289 0105 01       		.byte	1
 290 0106 75       		.byte	117
 291 0107 08       		.byte	8
 292 0108 76       		.byte	118
 293 0109 04       		.byte	4
 294 010a 77       		.byte	119
 295 010b 02       		.byte	2
 296 010c 80       		.byte	-128
 297 010d 51       		.byte	81
 298 010e 81       		.byte	-127
 299 010f 01       		.byte	1
 300 0110 87       		.byte	-121
 301 0111 02       		.byte	2
 302 0112 8E       		.byte	-114
 303 0113 10       		.byte	16
 304 0114 8F       		.byte	-113
 305 0115 02       		.byte	2
 306 0116 95       		.byte	-107
 307 0117 02       		.byte	2
 308 0118 9D       		.byte	-99
 309 0119 18       		.byte	24
 310 011a 9E       		.byte	-98
 311 011b 04       		.byte	4
 312 011c A4       		.byte	-92
 313 011d 01       		.byte	1
 314 011e A5       		.byte	-91
 315 011f 04       		.byte	4
 316 0120 C0       		.byte	-64
 317 0121 02       		.byte	2
 318 0122 C2       		.byte	-62
 319 0123 08       		.byte	8
 320 0124 C4       		.byte	-60
 321 0125 06       		.byte	6
 322 0126 CA       		.byte	-54
 323 0127 8A       		.byte	-118
 324 0128 CC       		.byte	-52
 325 0129 42       		.byte	66
 326 012a CE       		.byte	-50
 327 012b 62       		.byte	98
 328 012c E6       		.byte	-26
 329 012d 50       		.byte	80
 330 012e 86       		.byte	-122
 331 012f 04       		.byte	4
 332 0130 87       		.byte	-121
 333 0131 02       		.byte	2
 334 0132 92       		.byte	-110
 335 0133 04       		.byte	4
 336 0134 9B       		.byte	-101
 337 0135 02       		.byte	2
 338 0136 AD       		.byte	-83
 339 0137 02       		.byte	2
 340 0138 B4       		.byte	-76
 341 0139 04       		.byte	4
 342 013a EA       		.byte	-22
ARM GAS  C:\Users\DGILLI~1\AppData\Local\Temp\ccJSkaRf.s 			page 7


 343 013b 01       		.byte	1
 344 013c EE       		.byte	-18
 345 013d 40       		.byte	64
 346 013e 05       		.byte	5
 347 013f 01       		.byte	1
 348 0140 0C       		.byte	12
 349 0141 08       		.byte	8
 350 0142 0E       		.byte	14
 351 0143 07       		.byte	7
 352 0144 14       		.byte	20
 353 0145 07       		.byte	7
 354 0146 16       		.byte	22
 355 0147 08       		.byte	8
 356 0148 17       		.byte	23
 357 0149 01       		.byte	1
 358 014a 18       		.byte	24
 359 014b 0D       		.byte	13
 360 014c 1A       		.byte	26
 361 014d 02       		.byte	2
 362 014e 1B       		.byte	27
 363 014f 01       		.byte	1
 364 0150 1F       		.byte	31
 365 0151 01       		.byte	1
 366 0152 24       		.byte	36
 367 0153 01       		.byte	1
 368 0154 26       		.byte	38
 369 0155 0E       		.byte	14
 370 0156 30       		.byte	48
 371 0157 08       		.byte	8
 372 0158 31       		.byte	49
 373 0159 01       		.byte	1
 374 015a 32       		.byte	50
 375 015b 04       		.byte	4
 376 015c 34       		.byte	52
 377 015d 02       		.byte	2
 378 015e 36       		.byte	54
 379 015f 01       		.byte	1
 380 0160 3E       		.byte	62
 381 0161 55       		.byte	85
 382 0162 3F       		.byte	63
 383 0163 01       		.byte	1
 384 0164 58       		.byte	88
 385 0165 04       		.byte	4
 386 0166 59       		.byte	89
 387 0167 04       		.byte	4
 388 0168 5F       		.byte	95
 389 0169 01       		.byte	1
 390 016a 87       		.byte	-121
 391 016b 01       		.byte	1
 392 016c 8A       		.byte	-118
 393 016d 01       		.byte	1
 394 016e 8C       		.byte	-116
 395 016f 01       		.byte	1
 396 0170 94       		.byte	-108
 397 0171 01       		.byte	1
 398 0172 97       		.byte	-105
 399 0173 01       		.byte	1
ARM GAS  C:\Users\DGILLI~1\AppData\Local\Temp\ccJSkaRf.s 			page 8


 400 0174 9B       		.byte	-101
 401 0175 01       		.byte	1
 402 0176 A6       		.byte	-90
 403 0177 01       		.byte	1
 404 0178 AD       		.byte	-83
 405 0179 01       		.byte	1
 406 017a B4       		.byte	-76
 407 017b 01       		.byte	1
 408 017c B7       		.byte	-73
 409 017d 01       		.byte	1
 410 017e BE       		.byte	-66
 411 017f 10       		.byte	16
 412 0180 BF       		.byte	-65
 413 0181 40       		.byte	64
 414 0182 D8       		.byte	-40
 415 0183 04       		.byte	4
 416 0184 D9       		.byte	-39
 417 0185 04       		.byte	4
 418 0186 DF       		.byte	-33
 419 0187 01       		.byte	1
 420 0188 01       		.byte	1
 421 0189 80       		.byte	-128
 422 018a 03       		.byte	3
 423 018b 04       		.byte	4
 424 018c 05       		.byte	5
 425 018d C0       		.byte	-64
 426 018e 09       		.byte	9
 427 018f 08       		.byte	8
 428 0190 0C       		.byte	12
 429 0191 04       		.byte	4
 430 0192 0D       		.byte	13
 431 0193 08       		.byte	8
 432 0194 0F       		.byte	15
 433 0195 04       		.byte	4
 434 0196 13       		.byte	19
 435 0197 04       		.byte	4
 436 0198 14       		.byte	20
 437 0199 10       		.byte	16
 438 019a 17       		.byte	23
 439 019b 04       		.byte	4
 440 019c 1A       		.byte	26
 441 019d 04       		.byte	4
 442 019e 1C       		.byte	28
 443 019f 04       		.byte	4
 444 01a0 1F       		.byte	31
 445 01a1 46       		.byte	70
 446 01a2 23       		.byte	35
 447 01a3 02       		.byte	2
 448 01a4 25       		.byte	37
 449 01a5 02       		.byte	2
 450 01a6 29       		.byte	41
 451 01a7 40       		.byte	64
 452 01a8 30       		.byte	48
 453 01a9 10       		.byte	16
 454 01aa 31       		.byte	49
 455 01ab 08       		.byte	8
 456 01ac 34       		.byte	52
ARM GAS  C:\Users\DGILLI~1\AppData\Local\Temp\ccJSkaRf.s 			page 9


 457 01ad 14       		.byte	20
 458 01ae 35       		.byte	53
 459 01af 40       		.byte	64
 460 01b0 3B       		.byte	59
 461 01b1 04       		.byte	4
 462 01b2 3F       		.byte	63
 463 01b3 04       		.byte	4
 464 01b4 87       		.byte	-121
 465 01b5 02       		.byte	2
 466 01b6 8B       		.byte	-117
 467 01b7 44       		.byte	68
 468 01b8 93       		.byte	-109
 469 01b9 04       		.byte	4
 470 01ba 99       		.byte	-103
 471 01bb 40       		.byte	64
 472 01bc 9B       		.byte	-101
 473 01bd 04       		.byte	4
 474 01be A1       		.byte	-95
 475 01bf 08       		.byte	8
 476 01c0 B4       		.byte	-76
 477 01c1 04       		.byte	4
 478 01c2 C0       		.byte	-64
 479 01c3 83       		.byte	-125
 480 01c4 C2       		.byte	-62
 481 01c5 64       		.byte	100
 482 01c6 C4       		.byte	-60
 483 01c7 24       		.byte	36
 484 01c8 CA       		.byte	-54
 485 01c9 08       		.byte	8
 486 01ca CC       		.byte	-52
 487 01cb 76       		.byte	118
 488 01cc CE       		.byte	-50
 489 01cd 42       		.byte	66
 490 01ce E2       		.byte	-30
 491 01cf 80       		.byte	-128
 492 01d0 E6       		.byte	-26
 493 01d1 80       		.byte	-128
 494 01d2 EA       		.byte	-22
 495 01d3 10       		.byte	16
 496 01d4 EA       		.byte	-22
 497 01d5 01       		.byte	1
 498 01d6 53       		.byte	83
 499 01d7 02       		.byte	2
 500 01d8 55       		.byte	85
 501 01d9 02       		.byte	2
 502 01da 57       		.byte	87
 503 01db 20       		.byte	32
 504 01dc 59       		.byte	89
 505 01dd 04       		.byte	4
 506 01de 5D       		.byte	93
 507 01df 01       		.byte	1
 508 01e0 60       		.byte	96
 509 01e1 20       		.byte	32
 510 01e2 66       		.byte	102
 511 01e3 01       		.byte	1
 512 01e4 8B       		.byte	-117
 513 01e5 20       		.byte	32
ARM GAS  C:\Users\DGILLI~1\AppData\Local\Temp\ccJSkaRf.s 			page 10


 514 01e6 D4       		.byte	-44
 515 01e7 C0       		.byte	-64
 516 01e8 D6       		.byte	-42
 517 01e9 E0       		.byte	-32
 518 01ea D8       		.byte	-40
 519 01eb C0       		.byte	-64
 520 01ec 52       		.byte	82
 521 01ed 02       		.byte	2
 522 01ee 53       		.byte	83
 523 01ef 20       		.byte	32
 524 01f0 5C       		.byte	92
 525 01f1 01       		.byte	1
 526 01f2 5F       		.byte	95
 527 01f3 40       		.byte	64
 528 01f4 61       		.byte	97
 529 01f5 80       		.byte	-128
 530 01f6 62       		.byte	98
 531 01f7 20       		.byte	32
 532 01f8 65       		.byte	101
 533 01f9 02       		.byte	2
 534 01fa 95       		.byte	-107
 535 01fb 01       		.byte	1
 536 01fc 9C       		.byte	-100
 537 01fd 20       		.byte	32
 538 01fe 9D       		.byte	-99
 539 01ff 04       		.byte	4
 540 0200 9E       		.byte	-98
 541 0201 01       		.byte	1
 542 0202 A5       		.byte	-91
 543 0203 02       		.byte	2
 544 0204 A7       		.byte	-89
 545 0205 02       		.byte	2
 546 0206 D4       		.byte	-44
 547 0207 A0       		.byte	-96
 548 0208 D6       		.byte	-42
 549 0209 E0       		.byte	-32
 550 020a D8       		.byte	-40
 551 020b C0       		.byte	-64
 552 020c 3E       		.byte	62
 553 020d 10       		.byte	16
 554 020e 50       		.byte	80
 555 020f 80       		.byte	-128
 556 0210 80       		.byte	-128
 557 0211 20       		.byte	32
 558 0212 8B       		.byte	-117
 559 0213 40       		.byte	64
 560 0214 8C       		.byte	-116
 561 0215 80       		.byte	-128
 562 0216 8E       		.byte	-114
 563 0217 02       		.byte	2
 564 0218 8F       		.byte	-113
 565 0219 20       		.byte	32
 566 021a 94       		.byte	-108
 567 021b 01       		.byte	1
 568 021c 95       		.byte	-107
 569 021d 01       		.byte	1
 570 021e 97       		.byte	-105
ARM GAS  C:\Users\DGILLI~1\AppData\Local\Temp\ccJSkaRf.s 			page 11


 571 021f 40       		.byte	64
 572 0220 9C       		.byte	-100
 573 0221 20       		.byte	32
 574 0222 9D       		.byte	-99
 575 0223 06       		.byte	6
 576 0224 9E       		.byte	-98
 577 0225 01       		.byte	1
 578 0226 A5       		.byte	-91
 579 0227 82       		.byte	-126
 580 0228 A6       		.byte	-90
 581 0229 22       		.byte	34
 582 022a A7       		.byte	-89
 583 022b 22       		.byte	34
 584 022c CE       		.byte	-50
 585 022d 20       		.byte	32
 586 022e D4       		.byte	-44
 587 022f 20       		.byte	32
 588 0230 E6       		.byte	-26
 589 0231 20       		.byte	32
 590 0232 80       		.byte	-128
 591 0233 01       		.byte	1
 592 0234 81       		.byte	-127
 593 0235 82       		.byte	-126
 594 0236 83       		.byte	-125
 595 0237 02       		.byte	2
 596 0238 86       		.byte	-122
 597 0239 20       		.byte	32
 598 023a 8D       		.byte	-115
 599 023b 02       		.byte	2
 600 023c 8E       		.byte	-114
 601 023d 01       		.byte	1
 602 023e 94       		.byte	-108
 603 023f 01       		.byte	1
 604 0240 95       		.byte	-107
 605 0241 01       		.byte	1
 606 0242 96       		.byte	-106
 607 0243 10       		.byte	16
 608 0244 9D       		.byte	-99
 609 0245 06       		.byte	6
 610 0246 9E       		.byte	-98
 611 0247 01       		.byte	1
 612 0248 A5       		.byte	-91
 613 0249 82       		.byte	-126
 614 024a A6       		.byte	-90
 615 024b 20       		.byte	32
 616 024c A7       		.byte	-89
 617 024d 02       		.byte	2
 618 024e E2       		.byte	-30
 619 024f A0       		.byte	-96
 620 0250 E6       		.byte	-26
 621 0251 E0       		.byte	-32
 622 0252 10       		.byte	16
 623 0253 10       		.byte	16
 624 0254 14       		.byte	20
 625 0255 20       		.byte	32
 626 0256 C4       		.byte	-60
 627 0257 0C       		.byte	12
ARM GAS  C:\Users\DGILLI~1\AppData\Local\Temp\ccJSkaRf.s 			page 12


 628 0258 98       		.byte	-104
 629 0259 30       		.byte	48
 630 025a 98       		.byte	-104
 631 025b 30       		.byte	48
 632 025c 98       		.byte	-104
 633 025d 30       		.byte	48
 634 025e 58       		.byte	88
 635 025f 40       		.byte	64
 636 0260 86       		.byte	-122
 637 0261 20       		.byte	32
 638 0262 88       		.byte	-120
 639 0263 40       		.byte	64
 640 0264 89       		.byte	-119
 641 0265 01       		.byte	1
 642 0266 95       		.byte	-107
 643 0267 01       		.byte	1
 644 0268 96       		.byte	-106
 645 0269 10       		.byte	16
 646 026a B5       		.byte	-75
 647 026b 04       		.byte	4
 648 026c D4       		.byte	-44
 649 026d 80       		.byte	-128
 650 026e E2       		.byte	-30
 651 026f 10       		.byte	16
 652 0270 50       		.byte	80
 653 0271 10       		.byte	16
 654 0272 58       		.byte	88
 655 0273 11       		.byte	17
 656 0274 66       		.byte	102
 657 0275 10       		.byte	16
 658 0276 76       		.byte	118
 659 0277 20       		.byte	32
 660 0278 84       		.byte	-124
 661 0279 11       		.byte	17
 662 027a 90       		.byte	-112
 663 027b 20       		.byte	32
 664 027c 9A       		.byte	-102
 665 027d 30       		.byte	48
 666 027e AA       		.byte	-86
 667 027f 10       		.byte	16
 668 0280 AE       		.byte	-82
 669 0281 10       		.byte	16
 670 0282 B4       		.byte	-76
 671 0283 10       		.byte	16
 672 0284 D4       		.byte	-44
 673 0285 A0       		.byte	-96
 674 0286 D6       		.byte	-42
 675 0287 40       		.byte	64
 676 0288 D8       		.byte	-40
 677 0289 80       		.byte	-128
 678 028a DE       		.byte	-34
 679 028b 20       		.byte	32
 680 028c E2       		.byte	-30
 681 028d 40       		.byte	64
 682 028e E6       		.byte	-26
 683 028f 40       		.byte	64
 684 0290 EA       		.byte	-22
ARM GAS  C:\Users\DGILLI~1\AppData\Local\Temp\ccJSkaRf.s 			page 13


 685 0291 C0       		.byte	-64
 686 0292 10       		.byte	16
 687 0293 40       		.byte	64
 688 0294 13       		.byte	19
 689 0295 20       		.byte	32
 690 0296 14       		.byte	20
 691 0297 80       		.byte	-128
 692 0298 78       		.byte	120
 693 0299 10       		.byte	16
 694 029a 7C       		.byte	124
 695 029b 20       		.byte	32
 696 029c 98       		.byte	-104
 697 029d 30       		.byte	48
 698 029e C4       		.byte	-60
 699 029f 0E       		.byte	14
 700 02a0 DE       		.byte	-34
 701 02a1 03       		.byte	3
 702 02a2 78       		.byte	120
 703 02a3 40       		.byte	64
 704 02a4 7C       		.byte	124
 705 02a5 80       		.byte	-128
 706 02a6 98       		.byte	-104
 707 02a7 C0       		.byte	-64
 708 02a8 AB       		.byte	-85
 709 02a9 20       		.byte	32
 710 02aa DC       		.byte	-36
 711 02ab 01       		.byte	1
 712 02ac DE       		.byte	-34
 713 02ad 04       		.byte	4
 714 02ae 00       		.byte	0
 715 02af 01       		.byte	1
 716 02b0 0A       		.byte	10
 717 02b1 01       		.byte	1
 718 02b2 03       		.byte	3
 719 02b3 C0       		.byte	-64
 720 02b4 21       		.byte	33
 721 02b5 34       		.byte	52
 722 02b6 00       		.byte	0
 723 02b7 00       		.byte	0
 724 02b8 30       		.byte	48
 725 02b9 00       		.byte	0
 726 02ba 00       		.byte	0
 727 02bb 00       		.byte	0
 728 02bc 00       		.byte	0
 729 02bd FF       		.byte	-1
 730 02be FF       		.byte	-1
 731 02bf 00       		.byte	0
 732 02c0 FF       		.byte	-1
 733 02c1 00       		.byte	0
 734 02c2 00       		.byte	0
 735 02c3 00       		.byte	0
 736 02c4 30       		.byte	48
 737 02c5 00       		.byte	0
 738 02c6 00       		.byte	0
 739 02c7 0F       		.byte	15
 740 02c8 3F       		.byte	63
 741 02c9 00       		.byte	0
ARM GAS  C:\Users\DGILLI~1\AppData\Local\Temp\ccJSkaRf.s 			page 14


 742 02ca 3F       		.byte	63
 743 02cb 00       		.byte	0
 744 02cc 00       		.byte	0
 745 02cd 00       		.byte	0
 746 02ce 00       		.byte	0
 747 02cf 00       		.byte	0
 748 02d0 00       		.byte	0
 749 02d1 0C       		.byte	12
 750 02d2 0C       		.byte	12
 751 02d3 00       		.byte	0
 752 02d4 0C       		.byte	12
 753 02d5 00       		.byte	0
 754 02d6 00       		.byte	0
 755 02d7 00       		.byte	0
 756 02d8 00       		.byte	0
 757 02d9 0B       		.byte	11
 758 02da 0B       		.byte	11
 759 02db 00       		.byte	0
 760 02dc 00       		.byte	0
 761 02dd 00       		.byte	0
 762 02de 00       		.byte	0
 763 02df 00       		.byte	0
 764 02e0 00       		.byte	0
 765 02e1 F5       		.byte	-11
 766 02e2 F5       		.byte	-11
 767 02e3 F5       		.byte	-11
 768 02e4 F5       		.byte	-11
 769 02e5 00       		.byte	0
 770 02e6 00       		.byte	0
 771 02e7 00       		.byte	0
 772 02e8 00       		.byte	0
 773 02e9 FF       		.byte	-1
 774 02ea FF       		.byte	-1
 775 02eb 00       		.byte	0
 776 02ec FF       		.byte	-1
 777 02ed 00       		.byte	0
 778 02ee 00       		.byte	0
 779 02ef 00       		.byte	0
 780 02f0 00       		.byte	0
 781 02f1 10       		.byte	16
 782 02f2 10       		.byte	16
 783 02f3 00       		.byte	0
 784 02f4 00       		.byte	0
 785 02f5 00       		.byte	0
 786 02f6 00       		.byte	0
 787 02f7 00       		.byte	0
 788              		.section	.cywolatch,"a",%progbits
 789              		.align	2
 790              		.type	cy_meta_wonvl, %object
 791              		.size	cy_meta_wonvl, 4
 792              	cy_meta_wonvl:
 793 0000 BC       		.byte	-68
 794 0001 90       		.byte	-112
 795 0002 AC       		.byte	-84
 796 0003 AF       		.byte	-81
 797              		.section	.cycustnvl,"a",%progbits
 798              		.align	2
ARM GAS  C:\Users\DGILLI~1\AppData\Local\Temp\ccJSkaRf.s 			page 15


 799              		.type	cy_meta_custnvl, %object
 800              		.size	cy_meta_custnvl, 4
 801              	cy_meta_custnvl:
 802 0000 00       		.byte	0
 803 0001 00       		.byte	0
 804 0002 40       		.byte	64
 805 0003 05       		.byte	5
 806              		.section	.cymeta,"a",%progbits
 807              		.align	2
 808              		.type	cy_metadata, %object
 809              		.size	cy_metadata, 12
 810              	cy_metadata:
 811 0000 00       		.byte	0
 812 0001 01       		.byte	1
 813 0002 2E       		.byte	46
 814 0003 13       		.byte	19
 815 0004 30       		.byte	48
 816 0005 69       		.byte	105
 817 0006 00       		.byte	0
 818 0007 01       		.byte	1
 819 0008 00       		.byte	0
 820 0009 00       		.byte	0
 821 000a 00       		.byte	0
 822 000b 00       		.byte	0
 823              		.section	.cyflashprotect,"a",%progbits
 824              		.align	2
 825              		.type	cy_meta_flashprotect, %object
 826              		.size	cy_meta_flashprotect, 128
 827              	cy_meta_flashprotect:
 828 0000 00000000 		.space	128
 828      00000000 
 828      00000000 
 828      00000000 
 828      00000000 
 829              		.text
 830              	.Letext0:
 831              		.file 1 "Generated_Source\\PSoC5\\cymetadata.c"
 832              		.file 2 "Generated_Source\\PSoC5\\cytypes.h"
 833              		.section	.debug_info,"",%progbits
 834              	.Ldebug_info0:
 835 0000 37010000 		.4byte	0x137
 836 0004 0400     		.2byte	0x4
 837 0006 00000000 		.4byte	.Ldebug_abbrev0
 838 000a 04       		.byte	0x4
 839 000b 01       		.uleb128 0x1
 840 000c C4000000 		.4byte	.LASF18
 841 0010 01       		.byte	0x1
 842 0011 DA010000 		.4byte	.LASF19
 843 0015 00000000 		.4byte	.LASF20
 844 0019 00000000 		.4byte	.Ldebug_line0
 845 001d 02       		.uleb128 0x2
 846 001e 01       		.byte	0x1
 847 001f 06       		.byte	0x6
 848 0020 CE010000 		.4byte	.LASF0
 849 0024 02       		.uleb128 0x2
 850 0025 01       		.byte	0x1
 851 0026 08       		.byte	0x8
ARM GAS  C:\Users\DGILLI~1\AppData\Local\Temp\ccJSkaRf.s 			page 16


 852 0027 68000000 		.4byte	.LASF1
 853 002b 02       		.uleb128 0x2
 854 002c 02       		.byte	0x2
 855 002d 05       		.byte	0x5
 856 002e B5010000 		.4byte	.LASF2
 857 0032 02       		.uleb128 0x2
 858 0033 02       		.byte	0x2
 859 0034 07       		.byte	0x7
 860 0035 88000000 		.4byte	.LASF3
 861 0039 02       		.uleb128 0x2
 862 003a 04       		.byte	0x4
 863 003b 05       		.byte	0x5
 864 003c C5010000 		.4byte	.LASF4
 865 0040 02       		.uleb128 0x2
 866 0041 04       		.byte	0x4
 867 0042 07       		.byte	0x7
 868 0043 76000000 		.4byte	.LASF5
 869 0047 02       		.uleb128 0x2
 870 0048 08       		.byte	0x8
 871 0049 05       		.byte	0x5
 872 004a A2010000 		.4byte	.LASF6
 873 004e 02       		.uleb128 0x2
 874 004f 08       		.byte	0x8
 875 0050 07       		.byte	0x7
 876 0051 5F010000 		.4byte	.LASF7
 877 0055 03       		.uleb128 0x3
 878 0056 04       		.byte	0x4
 879 0057 05       		.byte	0x5
 880 0058 696E7400 		.ascii	"int\000"
 881 005c 02       		.uleb128 0x2
 882 005d 04       		.byte	0x4
 883 005e 07       		.byte	0x7
 884 005f 52010000 		.4byte	.LASF8
 885 0063 04       		.uleb128 0x4
 886 0064 BF010000 		.4byte	.LASF21
 887 0068 02       		.byte	0x2
 888 0069 9201     		.2byte	0x192
 889 006b 24000000 		.4byte	0x24
 890 006f 02       		.uleb128 0x2
 891 0070 04       		.byte	0x4
 892 0071 04       		.byte	0x4
 893 0072 62000000 		.4byte	.LASF9
 894 0076 02       		.uleb128 0x2
 895 0077 08       		.byte	0x8
 896 0078 04       		.byte	0x4
 897 0079 9B000000 		.4byte	.LASF10
 898 007d 02       		.uleb128 0x2
 899 007e 01       		.byte	0x1
 900 007f 08       		.byte	0x8
 901 0080 B0010000 		.4byte	.LASF11
 902 0084 05       		.uleb128 0x5
 903 0085 63000000 		.4byte	0x63
 904 0089 95000000 		.4byte	0x95
 905 008d 06       		.uleb128 0x6
 906 008e 95000000 		.4byte	0x95
 907 0092 F702     		.2byte	0x2f7
 908 0094 00       		.byte	0
ARM GAS  C:\Users\DGILLI~1\AppData\Local\Temp\ccJSkaRf.s 			page 17


 909 0095 02       		.uleb128 0x2
 910 0096 04       		.byte	0x4
 911 0097 07       		.byte	0x7
 912 0098 99010000 		.4byte	.LASF12
 913 009c 07       		.uleb128 0x7
 914 009d B2000000 		.4byte	.LASF13
 915 00a1 01       		.byte	0x1
 916 00a2 1F       		.byte	0x1f
 917 00a3 AD000000 		.4byte	0xad
 918 00a7 05       		.uleb128 0x5
 919 00a8 03       		.byte	0x3
 920 00a9 00000000 		.4byte	cy_meta_configecc
 921 00ad 08       		.uleb128 0x8
 922 00ae 84000000 		.4byte	0x84
 923 00b2 05       		.uleb128 0x5
 924 00b3 63000000 		.4byte	0x63
 925 00b7 C2000000 		.4byte	0xc2
 926 00bb 09       		.uleb128 0x9
 927 00bc 95000000 		.4byte	0x95
 928 00c0 03       		.byte	0x3
 929 00c1 00       		.byte	0
 930 00c2 07       		.uleb128 0x7
 931 00c3 A2000000 		.4byte	.LASF14
 932 00c7 01       		.byte	0x1
 933 00c8 8B       		.byte	0x8b
 934 00c9 D3000000 		.4byte	0xd3
 935 00cd 05       		.uleb128 0x5
 936 00ce 03       		.byte	0x3
 937 00cf 00000000 		.4byte	cy_meta_custnvl
 938 00d3 08       		.uleb128 0x8
 939 00d4 B2000000 		.4byte	0xb2
 940 00d8 07       		.uleb128 0x7
 941 00d9 8B010000 		.4byte	.LASF15
 942 00dd 01       		.byte	0x1
 943 00de 99       		.byte	0x99
 944 00df E9000000 		.4byte	0xe9
 945 00e3 05       		.uleb128 0x5
 946 00e4 03       		.byte	0x3
 947 00e5 00000000 		.4byte	cy_meta_wonvl
 948 00e9 08       		.uleb128 0x8
 949 00ea B2000000 		.4byte	0xb2
 950 00ee 05       		.uleb128 0x5
 951 00ef 63000000 		.4byte	0x63
 952 00f3 FE000000 		.4byte	0xfe
 953 00f7 09       		.uleb128 0x9
 954 00f8 95000000 		.4byte	0x95
 955 00fc 7F       		.byte	0x7f
 956 00fd 00       		.byte	0
 957 00fe 07       		.uleb128 0x7
 958 00ff 76010000 		.4byte	.LASF16
 959 0103 01       		.byte	0x1
 960 0104 A7       		.byte	0xa7
 961 0105 0F010000 		.4byte	0x10f
 962 0109 05       		.uleb128 0x5
 963 010a 03       		.byte	0x3
 964 010b 00000000 		.4byte	cy_meta_flashprotect
 965 010f 08       		.uleb128 0x8
ARM GAS  C:\Users\DGILLI~1\AppData\Local\Temp\ccJSkaRf.s 			page 18


 966 0110 EE000000 		.4byte	0xee
 967 0114 05       		.uleb128 0x5
 968 0115 63000000 		.4byte	0x63
 969 0119 24010000 		.4byte	0x124
 970 011d 09       		.uleb128 0x9
 971 011e 95000000 		.4byte	0x95
 972 0122 0B       		.byte	0xb
 973 0123 00       		.byte	0
 974 0124 07       		.uleb128 0x7
 975 0125 56000000 		.4byte	.LASF17
 976 0129 01       		.byte	0x1
 977 012a C4       		.byte	0xc4
 978 012b 35010000 		.4byte	0x135
 979 012f 05       		.uleb128 0x5
 980 0130 03       		.byte	0x3
 981 0131 00000000 		.4byte	cy_metadata
 982 0135 08       		.uleb128 0x8
 983 0136 14010000 		.4byte	0x114
 984 013a 00       		.byte	0
 985              		.section	.debug_abbrev,"",%progbits
 986              	.Ldebug_abbrev0:
 987 0000 01       		.uleb128 0x1
 988 0001 11       		.uleb128 0x11
 989 0002 01       		.byte	0x1
 990 0003 25       		.uleb128 0x25
 991 0004 0E       		.uleb128 0xe
 992 0005 13       		.uleb128 0x13
 993 0006 0B       		.uleb128 0xb
 994 0007 03       		.uleb128 0x3
 995 0008 0E       		.uleb128 0xe
 996 0009 1B       		.uleb128 0x1b
 997 000a 0E       		.uleb128 0xe
 998 000b 10       		.uleb128 0x10
 999 000c 17       		.uleb128 0x17
 1000 000d 00       		.byte	0
 1001 000e 00       		.byte	0
 1002 000f 02       		.uleb128 0x2
 1003 0010 24       		.uleb128 0x24
 1004 0011 00       		.byte	0
 1005 0012 0B       		.uleb128 0xb
 1006 0013 0B       		.uleb128 0xb
 1007 0014 3E       		.uleb128 0x3e
 1008 0015 0B       		.uleb128 0xb
 1009 0016 03       		.uleb128 0x3
 1010 0017 0E       		.uleb128 0xe
 1011 0018 00       		.byte	0
 1012 0019 00       		.byte	0
 1013 001a 03       		.uleb128 0x3
 1014 001b 24       		.uleb128 0x24
 1015 001c 00       		.byte	0
 1016 001d 0B       		.uleb128 0xb
 1017 001e 0B       		.uleb128 0xb
 1018 001f 3E       		.uleb128 0x3e
 1019 0020 0B       		.uleb128 0xb
 1020 0021 03       		.uleb128 0x3
 1021 0022 08       		.uleb128 0x8
 1022 0023 00       		.byte	0
ARM GAS  C:\Users\DGILLI~1\AppData\Local\Temp\ccJSkaRf.s 			page 19


 1023 0024 00       		.byte	0
 1024 0025 04       		.uleb128 0x4
 1025 0026 16       		.uleb128 0x16
 1026 0027 00       		.byte	0
 1027 0028 03       		.uleb128 0x3
 1028 0029 0E       		.uleb128 0xe
 1029 002a 3A       		.uleb128 0x3a
 1030 002b 0B       		.uleb128 0xb
 1031 002c 3B       		.uleb128 0x3b
 1032 002d 05       		.uleb128 0x5
 1033 002e 49       		.uleb128 0x49
 1034 002f 13       		.uleb128 0x13
 1035 0030 00       		.byte	0
 1036 0031 00       		.byte	0
 1037 0032 05       		.uleb128 0x5
 1038 0033 01       		.uleb128 0x1
 1039 0034 01       		.byte	0x1
 1040 0035 49       		.uleb128 0x49
 1041 0036 13       		.uleb128 0x13
 1042 0037 01       		.uleb128 0x1
 1043 0038 13       		.uleb128 0x13
 1044 0039 00       		.byte	0
 1045 003a 00       		.byte	0
 1046 003b 06       		.uleb128 0x6
 1047 003c 21       		.uleb128 0x21
 1048 003d 00       		.byte	0
 1049 003e 49       		.uleb128 0x49
 1050 003f 13       		.uleb128 0x13
 1051 0040 2F       		.uleb128 0x2f
 1052 0041 05       		.uleb128 0x5
 1053 0042 00       		.byte	0
 1054 0043 00       		.byte	0
 1055 0044 07       		.uleb128 0x7
 1056 0045 34       		.uleb128 0x34
 1057 0046 00       		.byte	0
 1058 0047 03       		.uleb128 0x3
 1059 0048 0E       		.uleb128 0xe
 1060 0049 3A       		.uleb128 0x3a
 1061 004a 0B       		.uleb128 0xb
 1062 004b 3B       		.uleb128 0x3b
 1063 004c 0B       		.uleb128 0xb
 1064 004d 49       		.uleb128 0x49
 1065 004e 13       		.uleb128 0x13
 1066 004f 3F       		.uleb128 0x3f
 1067 0050 19       		.uleb128 0x19
 1068 0051 02       		.uleb128 0x2
 1069 0052 18       		.uleb128 0x18
 1070 0053 00       		.byte	0
 1071 0054 00       		.byte	0
 1072 0055 08       		.uleb128 0x8
 1073 0056 26       		.uleb128 0x26
 1074 0057 00       		.byte	0
 1075 0058 49       		.uleb128 0x49
 1076 0059 13       		.uleb128 0x13
 1077 005a 00       		.byte	0
 1078 005b 00       		.byte	0
 1079 005c 09       		.uleb128 0x9
ARM GAS  C:\Users\DGILLI~1\AppData\Local\Temp\ccJSkaRf.s 			page 20


 1080 005d 21       		.uleb128 0x21
 1081 005e 00       		.byte	0
 1082 005f 49       		.uleb128 0x49
 1083 0060 13       		.uleb128 0x13
 1084 0061 2F       		.uleb128 0x2f
 1085 0062 0B       		.uleb128 0xb
 1086 0063 00       		.byte	0
 1087 0064 00       		.byte	0
 1088 0065 00       		.byte	0
 1089              		.section	.debug_aranges,"",%progbits
 1090 0000 14000000 		.4byte	0x14
 1091 0004 0200     		.2byte	0x2
 1092 0006 00000000 		.4byte	.Ldebug_info0
 1093 000a 04       		.byte	0x4
 1094 000b 00       		.byte	0
 1095 000c 0000     		.2byte	0
 1096 000e 0000     		.2byte	0
 1097 0010 00000000 		.4byte	0
 1098 0014 00000000 		.4byte	0
 1099              		.section	.debug_line,"",%progbits
 1100              	.Ldebug_line0:
 1101 0000 4D000000 		.section	.debug_str,"MS",%progbits,1
 1101      02004700 
 1101      00000201 
 1101      FB0E0D00 
 1101      01010101 
 1102              	.LASF20:
 1103 0000 433A5C55 		.ascii	"C:\\Users\\DGilliland\\Documents\\GitHub\\ODAS\\ODA"
 1103      73657273 
 1103      5C444769 
 1103      6C6C696C 
 1103      616E645C 
 1104 002d 532D5053 		.ascii	"S-PSOC5\\Projects\\ODAS-PSOC5-I2C-01.cydsn\000"
 1104      4F43355C 
 1104      50726F6A 
 1104      65637473 
 1104      5C4F4441 
 1105              	.LASF17:
 1106 0056 63795F6D 		.ascii	"cy_metadata\000"
 1106      65746164 
 1106      61746100 
 1107              	.LASF9:
 1108 0062 666C6F61 		.ascii	"float\000"
 1108      7400
 1109              	.LASF1:
 1110 0068 756E7369 		.ascii	"unsigned char\000"
 1110      676E6564 
 1110      20636861 
 1110      7200
 1111              	.LASF5:
 1112 0076 6C6F6E67 		.ascii	"long unsigned int\000"
 1112      20756E73 
 1112      69676E65 
 1112      6420696E 
 1112      7400
 1113              	.LASF3:
 1114 0088 73686F72 		.ascii	"short unsigned int\000"
ARM GAS  C:\Users\DGILLI~1\AppData\Local\Temp\ccJSkaRf.s 			page 21


 1114      7420756E 
 1114      7369676E 
 1114      65642069 
 1114      6E7400
 1115              	.LASF10:
 1116 009b 646F7562 		.ascii	"double\000"
 1116      6C6500
 1117              	.LASF14:
 1118 00a2 63795F6D 		.ascii	"cy_meta_custnvl\000"
 1118      6574615F 
 1118      63757374 
 1118      6E766C00 
 1119              	.LASF13:
 1120 00b2 63795F6D 		.ascii	"cy_meta_configecc\000"
 1120      6574615F 
 1120      636F6E66 
 1120      69676563 
 1120      6300
 1121              	.LASF18:
 1122 00c4 474E5520 		.ascii	"GNU C 4.9.3 20150303 (release) [ARM/embedded-4_9-br"
 1122      4320342E 
 1122      392E3320 
 1122      32303135 
 1122      30333033 
 1123 00f7 616E6368 		.ascii	"anch revision 221220] -mcpu=cortex-m3 -mthumb -g -O"
 1123      20726576 
 1123      6973696F 
 1123      6E203232 
 1123      31323230 
 1124 012a 67202D66 		.ascii	"g -ffunction-sections -ffat-lto-objects\000"
 1124      66756E63 
 1124      74696F6E 
 1124      2D736563 
 1124      74696F6E 
 1125              	.LASF8:
 1126 0152 756E7369 		.ascii	"unsigned int\000"
 1126      676E6564 
 1126      20696E74 
 1126      00
 1127              	.LASF7:
 1128 015f 6C6F6E67 		.ascii	"long long unsigned int\000"
 1128      206C6F6E 
 1128      6720756E 
 1128      7369676E 
 1128      65642069 
 1129              	.LASF16:
 1130 0176 63795F6D 		.ascii	"cy_meta_flashprotect\000"
 1130      6574615F 
 1130      666C6173 
 1130      6870726F 
 1130      74656374 
 1131              	.LASF15:
 1132 018b 63795F6D 		.ascii	"cy_meta_wonvl\000"
 1132      6574615F 
 1132      776F6E76 
 1132      6C00
 1133              	.LASF12:
ARM GAS  C:\Users\DGILLI~1\AppData\Local\Temp\ccJSkaRf.s 			page 22


 1134 0199 73697A65 		.ascii	"sizetype\000"
 1134      74797065 
 1134      00
 1135              	.LASF6:
 1136 01a2 6C6F6E67 		.ascii	"long long int\000"
 1136      206C6F6E 
 1136      6720696E 
 1136      7400
 1137              	.LASF11:
 1138 01b0 63686172 		.ascii	"char\000"
 1138      00
 1139              	.LASF2:
 1140 01b5 73686F72 		.ascii	"short int\000"
 1140      7420696E 
 1140      7400
 1141              	.LASF21:
 1142 01bf 75696E74 		.ascii	"uint8\000"
 1142      3800
 1143              	.LASF4:
 1144 01c5 6C6F6E67 		.ascii	"long int\000"
 1144      20696E74 
 1144      00
 1145              	.LASF0:
 1146 01ce 7369676E 		.ascii	"signed char\000"
 1146      65642063 
 1146      68617200 
 1147              	.LASF19:
 1148 01da 47656E65 		.ascii	"Generated_Source\\PSoC5\\cymetadata.c\000"
 1148      72617465 
 1148      645F536F 
 1148      75726365 
 1148      5C50536F 
 1149              		.ident	"GCC: (GNU Tools for ARM Embedded Processors) 4.9.3 20150303 (release) [ARM/embedded-4_9-br
