ARM GAS  C:\Users\DGILLI~1\AppData\Local\Temp\cciFpXyd.s 			page 1


   1              		.syntax unified
   2              		.cpu cortex-m3
   3              		.fpu softvfp
   4              		.eabi_attribute 20, 1
   5              		.eabi_attribute 21, 1
   6              		.eabi_attribute 23, 3
   7              		.eabi_attribute 24, 1
   8              		.eabi_attribute 25, 1
   9              		.eabi_attribute 26, 1
  10              		.eabi_attribute 30, 1
  11              		.eabi_attribute 34, 1
  12              		.eabi_attribute 18, 4
  13              		.thumb
  14              		.file	"I2C.c"
  15              		.text
  16              	.Ltext0:
  17              		.cfi_sections	.debug_frame
  18              		.section	.text.I2C_Init,"ax",%progbits
  19              		.align	2
  20              		.global	I2C_Init
  21              		.thumb
  22              		.thumb_func
  23              		.type	I2C_Init, %function
  24              	I2C_Init:
  25              	.LFB0:
  26              		.file 1 "Generated_Source\\PSoC5\\I2C.c"
   1:Generated_Source\PSoC5/I2C.c **** /*******************************************************************************
   2:Generated_Source\PSoC5/I2C.c **** * File Name: I2C.c
   3:Generated_Source\PSoC5/I2C.c **** * Version 3.50
   4:Generated_Source\PSoC5/I2C.c **** *
   5:Generated_Source\PSoC5/I2C.c **** * Description:
   6:Generated_Source\PSoC5/I2C.c **** *  This file provides the source code of APIs for the I2C component.
   7:Generated_Source\PSoC5/I2C.c **** *  The actual protocol and operation code resides in the interrupt service
   8:Generated_Source\PSoC5/I2C.c **** *  routine file.
   9:Generated_Source\PSoC5/I2C.c **** *
  10:Generated_Source\PSoC5/I2C.c **** *******************************************************************************
  11:Generated_Source\PSoC5/I2C.c **** * Copyright 2008-2015, Cypress Semiconductor Corporation. All rights reserved.
  12:Generated_Source\PSoC5/I2C.c **** * You may use this file only in accordance with the license, terms, conditions,
  13:Generated_Source\PSoC5/I2C.c **** * disclaimers, and limitations in the end user license agreement accompanying
  14:Generated_Source\PSoC5/I2C.c **** * the software package with which this file was provided.
  15:Generated_Source\PSoC5/I2C.c **** *******************************************************************************/
  16:Generated_Source\PSoC5/I2C.c **** 
  17:Generated_Source\PSoC5/I2C.c **** #include "I2C_PVT.h"
  18:Generated_Source\PSoC5/I2C.c **** 
  19:Generated_Source\PSoC5/I2C.c **** 
  20:Generated_Source\PSoC5/I2C.c **** /**********************************
  21:Generated_Source\PSoC5/I2C.c **** *      System variables
  22:Generated_Source\PSoC5/I2C.c **** **********************************/
  23:Generated_Source\PSoC5/I2C.c **** 
  24:Generated_Source\PSoC5/I2C.c **** uint8 I2C_initVar = 0u; /* Defines if component was initialized */
  25:Generated_Source\PSoC5/I2C.c **** 
  26:Generated_Source\PSoC5/I2C.c **** volatile uint8 I2C_state;  /* Current state of I2C FSM */
  27:Generated_Source\PSoC5/I2C.c **** 
  28:Generated_Source\PSoC5/I2C.c **** 
  29:Generated_Source\PSoC5/I2C.c **** /*******************************************************************************
  30:Generated_Source\PSoC5/I2C.c **** * Function Name: I2C_Init
  31:Generated_Source\PSoC5/I2C.c **** ********************************************************************************
ARM GAS  C:\Users\DGILLI~1\AppData\Local\Temp\cciFpXyd.s 			page 2


  32:Generated_Source\PSoC5/I2C.c **** *
  33:Generated_Source\PSoC5/I2C.c **** * Summary:
  34:Generated_Source\PSoC5/I2C.c **** *  Initializes I2C registers with initial values provided from customizer.
  35:Generated_Source\PSoC5/I2C.c **** *
  36:Generated_Source\PSoC5/I2C.c **** * Parameters:
  37:Generated_Source\PSoC5/I2C.c **** *  None.
  38:Generated_Source\PSoC5/I2C.c **** *
  39:Generated_Source\PSoC5/I2C.c **** * Return:
  40:Generated_Source\PSoC5/I2C.c **** *  None.
  41:Generated_Source\PSoC5/I2C.c **** *
  42:Generated_Source\PSoC5/I2C.c **** * Global variables:
  43:Generated_Source\PSoC5/I2C.c **** *  None.
  44:Generated_Source\PSoC5/I2C.c **** *
  45:Generated_Source\PSoC5/I2C.c **** * Reentrant:
  46:Generated_Source\PSoC5/I2C.c **** *  No.
  47:Generated_Source\PSoC5/I2C.c **** *
  48:Generated_Source\PSoC5/I2C.c **** *******************************************************************************/
  49:Generated_Source\PSoC5/I2C.c **** void I2C_Init(void) 
  50:Generated_Source\PSoC5/I2C.c **** {
  27              		.loc 1 50 0
  28              		.cfi_startproc
  29              		@ args = 0, pretend = 0, frame = 0
  30              		@ frame_needed = 0, uses_anonymous_args = 0
  31 0000 10B5     		push	{r4, lr}
  32              		.cfi_def_cfa_offset 8
  33              		.cfi_offset 4, -8
  34              		.cfi_offset 14, -4
  51:Generated_Source\PSoC5/I2C.c **** #if (I2C_FF_IMPLEMENTED)
  52:Generated_Source\PSoC5/I2C.c ****     /* Configure fixed function block */
  53:Generated_Source\PSoC5/I2C.c ****     I2C_CFG_REG  = I2C_DEFAULT_CFG;
  35              		.loc 1 53 0
  36 0002 0222     		movs	r2, #2
  37 0004 114B     		ldr	r3, .L3
  38 0006 1A70     		strb	r2, [r3]
  54:Generated_Source\PSoC5/I2C.c ****     I2C_XCFG_REG = I2C_DEFAULT_XCFG;
  39              		.loc 1 54 0
  40 0008 8122     		movs	r2, #129
  41 000a 0E3B     		subs	r3, r3, #14
  42 000c 1A70     		strb	r2, [r3]
  55:Generated_Source\PSoC5/I2C.c ****     I2C_ADDR_REG = I2C_DEFAULT_ADDR;
  43              		.loc 1 55 0
  44 000e 0823     		movs	r3, #8
  45 0010 0F4A     		ldr	r2, .L3+4
  46 0012 1370     		strb	r3, [r2]
  56:Generated_Source\PSoC5/I2C.c ****     I2C_CLKDIV1_REG = LO8(I2C_DEFAULT_DIVIDE_FACTOR);
  47              		.loc 1 56 0
  48 0014 1132     		adds	r2, r2, #17
  49 0016 1370     		strb	r3, [r2]
  57:Generated_Source\PSoC5/I2C.c ****     I2C_CLKDIV2_REG = HI8(I2C_DEFAULT_DIVIDE_FACTOR);
  50              		.loc 1 57 0
  51 0018 0024     		movs	r4, #0
  52 001a 0E4B     		ldr	r3, .L3+8
  53 001c 1C70     		strb	r4, [r3]
  58:Generated_Source\PSoC5/I2C.c **** 
  59:Generated_Source\PSoC5/I2C.c **** #else
  60:Generated_Source\PSoC5/I2C.c ****     uint8 intState;
  61:Generated_Source\PSoC5/I2C.c **** 
ARM GAS  C:\Users\DGILLI~1\AppData\Local\Temp\cciFpXyd.s 			page 3


  62:Generated_Source\PSoC5/I2C.c ****     /* Configure control and interrupt sources */
  63:Generated_Source\PSoC5/I2C.c ****     I2C_CFG_REG      = I2C_DEFAULT_CFG;
  64:Generated_Source\PSoC5/I2C.c ****     I2C_INT_MASK_REG = I2C_DEFAULT_INT_MASK;
  65:Generated_Source\PSoC5/I2C.c **** 
  66:Generated_Source\PSoC5/I2C.c ****     /* Enable interrupt generation in status */
  67:Generated_Source\PSoC5/I2C.c ****     intState = CyEnterCriticalSection();
  68:Generated_Source\PSoC5/I2C.c ****     I2C_INT_ENABLE_REG |= I2C_INTR_ENABLE;
  69:Generated_Source\PSoC5/I2C.c ****     CyExitCriticalSection(intState);
  70:Generated_Source\PSoC5/I2C.c **** 
  71:Generated_Source\PSoC5/I2C.c ****     /* Configure bit counter */
  72:Generated_Source\PSoC5/I2C.c ****     #if (I2C_MODE_SLAVE_ENABLED)
  73:Generated_Source\PSoC5/I2C.c ****         I2C_PERIOD_REG = I2C_DEFAULT_PERIOD;
  74:Generated_Source\PSoC5/I2C.c ****     #endif  /* (I2C_MODE_SLAVE_ENABLED) */
  75:Generated_Source\PSoC5/I2C.c **** 
  76:Generated_Source\PSoC5/I2C.c ****     /* Configure clock generator */
  77:Generated_Source\PSoC5/I2C.c ****     #if (I2C_MODE_MASTER_ENABLED)
  78:Generated_Source\PSoC5/I2C.c ****         I2C_MCLK_PRD_REG = I2C_DEFAULT_MCLK_PRD;
  79:Generated_Source\PSoC5/I2C.c ****         I2C_MCLK_CMP_REG = I2C_DEFAULT_MCLK_CMP;
  80:Generated_Source\PSoC5/I2C.c ****     #endif /* (I2C_MODE_MASTER_ENABLED) */
  81:Generated_Source\PSoC5/I2C.c **** #endif /* (I2C_FF_IMPLEMENTED) */
  82:Generated_Source\PSoC5/I2C.c **** 
  83:Generated_Source\PSoC5/I2C.c **** #if (I2C_TIMEOUT_ENABLED)
  84:Generated_Source\PSoC5/I2C.c ****     I2C_TimeoutInit();
  85:Generated_Source\PSoC5/I2C.c **** #endif /* (I2C_TIMEOUT_ENABLED) */
  86:Generated_Source\PSoC5/I2C.c **** 
  87:Generated_Source\PSoC5/I2C.c ****     /* Configure internal interrupt */
  88:Generated_Source\PSoC5/I2C.c ****     CyIntDisable    (I2C_ISR_NUMBER);
  54              		.loc 1 88 0
  55 001e 4FF40042 		mov	r2, #32768
  56 0022 0D4B     		ldr	r3, .L3+12
  57 0024 1A60     		str	r2, [r3]
  89:Generated_Source\PSoC5/I2C.c ****     CyIntSetPriority(I2C_ISR_NUMBER, I2C_ISR_PRIORITY);
  58              		.loc 1 89 0
  59 0026 0F20     		movs	r0, #15
  60 0028 0721     		movs	r1, #7
  61 002a FFF7FEFF 		bl	CyIntSetPriority
  62              	.LVL0:
  90:Generated_Source\PSoC5/I2C.c ****     #if (I2C_INTERN_I2C_INTR_HANDLER)
  91:Generated_Source\PSoC5/I2C.c ****         (void) CyIntSetVector(I2C_ISR_NUMBER, &I2C_ISR);
  63              		.loc 1 91 0
  64 002e 0F20     		movs	r0, #15
  65 0030 0A49     		ldr	r1, .L3+16
  66 0032 FFF7FEFF 		bl	CyIntSetVector
  67              	.LVL1:
  92:Generated_Source\PSoC5/I2C.c ****     #endif /* (I2C_INTERN_I2C_INTR_HANDLER) */
  93:Generated_Source\PSoC5/I2C.c **** 
  94:Generated_Source\PSoC5/I2C.c ****     /* Set FSM to default state */
  95:Generated_Source\PSoC5/I2C.c ****     I2C_state = I2C_SM_IDLE;
  68              		.loc 1 95 0
  69 0036 1022     		movs	r2, #16
  70 0038 094B     		ldr	r3, .L3+20
  71 003a 1A70     		strb	r2, [r3]
  96:Generated_Source\PSoC5/I2C.c **** 
  97:Generated_Source\PSoC5/I2C.c **** #if (I2C_MODE_SLAVE_ENABLED)
  98:Generated_Source\PSoC5/I2C.c ****     /* Clear status and buffers index */
  99:Generated_Source\PSoC5/I2C.c ****     I2C_slStatus = 0u;
 100:Generated_Source\PSoC5/I2C.c ****     I2C_slRdBufIndex = 0u;
ARM GAS  C:\Users\DGILLI~1\AppData\Local\Temp\cciFpXyd.s 			page 4


 101:Generated_Source\PSoC5/I2C.c ****     I2C_slWrBufIndex = 0u;
 102:Generated_Source\PSoC5/I2C.c **** 
 103:Generated_Source\PSoC5/I2C.c ****     /* Configure matched address */
 104:Generated_Source\PSoC5/I2C.c ****     I2C_SlaveSetAddress(I2C_DEFAULT_ADDR);
 105:Generated_Source\PSoC5/I2C.c **** #endif /* (I2C_MODE_SLAVE_ENABLED) */
 106:Generated_Source\PSoC5/I2C.c **** 
 107:Generated_Source\PSoC5/I2C.c **** #if (I2C_MODE_MASTER_ENABLED)
 108:Generated_Source\PSoC5/I2C.c ****     /* Clear status and buffers index */
 109:Generated_Source\PSoC5/I2C.c ****     I2C_mstrStatus = 0u;
  72              		.loc 1 109 0
  73 003c 094B     		ldr	r3, .L3+24
  74 003e 1C70     		strb	r4, [r3]
 110:Generated_Source\PSoC5/I2C.c ****     I2C_mstrRdBufIndex = 0u;
  75              		.loc 1 110 0
  76 0040 094B     		ldr	r3, .L3+28
  77 0042 1C70     		strb	r4, [r3]
 111:Generated_Source\PSoC5/I2C.c ****     I2C_mstrWrBufIndex = 0u;
  78              		.loc 1 111 0
  79 0044 094B     		ldr	r3, .L3+32
  80 0046 1C70     		strb	r4, [r3]
  81 0048 10BD     		pop	{r4, pc}
  82              	.L4:
  83 004a 00BF     		.align	2
  84              	.L3:
  85 004c D6490040 		.word	1073760726
  86 0050 CA490040 		.word	1073760714
  87 0054 DC490040 		.word	1073760732
  88 0058 80E100E0 		.word	-536813184
  89 005c 00000000 		.word	I2C_ISR
  90 0060 00000000 		.word	I2C_state
  91 0064 00000000 		.word	I2C_mstrStatus
  92 0068 00000000 		.word	I2C_mstrRdBufIndex
  93 006c 00000000 		.word	I2C_mstrWrBufIndex
  94              		.cfi_endproc
  95              	.LFE0:
  96              		.size	I2C_Init, .-I2C_Init
  97              		.section	.text.I2C_Enable,"ax",%progbits
  98              		.align	2
  99              		.global	I2C_Enable
 100              		.thumb
 101              		.thumb_func
 102              		.type	I2C_Enable, %function
 103              	I2C_Enable:
 104              	.LFB1:
 112:Generated_Source\PSoC5/I2C.c **** #endif /* (I2C_MODE_MASTER_ENABLED) */
 113:Generated_Source\PSoC5/I2C.c **** }
 114:Generated_Source\PSoC5/I2C.c **** 
 115:Generated_Source\PSoC5/I2C.c **** 
 116:Generated_Source\PSoC5/I2C.c **** /*******************************************************************************
 117:Generated_Source\PSoC5/I2C.c **** * Function Name: I2C_Enable
 118:Generated_Source\PSoC5/I2C.c **** ********************************************************************************
 119:Generated_Source\PSoC5/I2C.c **** *
 120:Generated_Source\PSoC5/I2C.c **** * Summary:
 121:Generated_Source\PSoC5/I2C.c **** *  Enables I2C operations.
 122:Generated_Source\PSoC5/I2C.c **** *
 123:Generated_Source\PSoC5/I2C.c **** * Parameters:
 124:Generated_Source\PSoC5/I2C.c **** *  None.
ARM GAS  C:\Users\DGILLI~1\AppData\Local\Temp\cciFpXyd.s 			page 5


 125:Generated_Source\PSoC5/I2C.c **** *
 126:Generated_Source\PSoC5/I2C.c **** * Return:
 127:Generated_Source\PSoC5/I2C.c **** *  None.
 128:Generated_Source\PSoC5/I2C.c **** *
 129:Generated_Source\PSoC5/I2C.c **** * Global variables:
 130:Generated_Source\PSoC5/I2C.c **** *  None.
 131:Generated_Source\PSoC5/I2C.c **** *
 132:Generated_Source\PSoC5/I2C.c **** *******************************************************************************/
 133:Generated_Source\PSoC5/I2C.c **** void I2C_Enable(void) 
 134:Generated_Source\PSoC5/I2C.c **** {
 105              		.loc 1 134 0
 106              		.cfi_startproc
 107              		@ args = 0, pretend = 0, frame = 0
 108              		@ frame_needed = 0, uses_anonymous_args = 0
 109 0000 08B5     		push	{r3, lr}
 110              		.cfi_def_cfa_offset 8
 111              		.cfi_offset 3, -8
 112              		.cfi_offset 14, -4
 135:Generated_Source\PSoC5/I2C.c **** #if (I2C_FF_IMPLEMENTED)
 136:Generated_Source\PSoC5/I2C.c ****     uint8 intState;
 137:Generated_Source\PSoC5/I2C.c **** 
 138:Generated_Source\PSoC5/I2C.c ****     /* Enable power to block */
 139:Generated_Source\PSoC5/I2C.c ****     intState = CyEnterCriticalSection();
 113              		.loc 1 139 0
 114 0002 FFF7FEFF 		bl	CyEnterCriticalSection
 115              	.LVL2:
 140:Generated_Source\PSoC5/I2C.c ****     I2C_ACT_PWRMGR_REG  |= I2C_ACT_PWR_EN;
 116              		.loc 1 140 0
 117 0006 064A     		ldr	r2, .L7
 118 0008 1378     		ldrb	r3, [r2]	@ zero_extendqisi2
 119 000a 43F00403 		orr	r3, r3, #4
 120 000e 1370     		strb	r3, [r2]
 141:Generated_Source\PSoC5/I2C.c ****     I2C_STBY_PWRMGR_REG |= I2C_STBY_PWR_EN;
 121              		.loc 1 141 0
 122 0010 1032     		adds	r2, r2, #16
 123 0012 1378     		ldrb	r3, [r2]	@ zero_extendqisi2
 124 0014 43F00403 		orr	r3, r3, #4
 125 0018 1370     		strb	r3, [r2]
 142:Generated_Source\PSoC5/I2C.c ****     CyExitCriticalSection(intState);
 126              		.loc 1 142 0
 127 001a FFF7FEFF 		bl	CyExitCriticalSection
 128              	.LVL3:
 129 001e 08BD     		pop	{r3, pc}
 130              	.L8:
 131              		.align	2
 132              	.L7:
 133 0020 A5430040 		.word	1073759141
 134              		.cfi_endproc
 135              	.LFE1:
 136              		.size	I2C_Enable, .-I2C_Enable
 137              		.section	.text.I2C_Start,"ax",%progbits
 138              		.align	2
 139              		.global	I2C_Start
 140              		.thumb
 141              		.thumb_func
 142              		.type	I2C_Start, %function
 143              	I2C_Start:
ARM GAS  C:\Users\DGILLI~1\AppData\Local\Temp\cciFpXyd.s 			page 6


 144              	.LFB2:
 143:Generated_Source\PSoC5/I2C.c **** #else
 144:Generated_Source\PSoC5/I2C.c ****     #if (I2C_MODE_SLAVE_ENABLED)
 145:Generated_Source\PSoC5/I2C.c ****         /* Enable bit counter */
 146:Generated_Source\PSoC5/I2C.c ****         uint8 intState = CyEnterCriticalSection();
 147:Generated_Source\PSoC5/I2C.c ****         I2C_COUNTER_AUX_CTL_REG |= I2C_CNT7_ENABLE;
 148:Generated_Source\PSoC5/I2C.c ****         CyExitCriticalSection(intState);
 149:Generated_Source\PSoC5/I2C.c ****     #endif /* (I2C_MODE_SLAVE_ENABLED) */
 150:Generated_Source\PSoC5/I2C.c **** 
 151:Generated_Source\PSoC5/I2C.c ****     /* Enable slave or master bits */
 152:Generated_Source\PSoC5/I2C.c ****     I2C_CFG_REG |= I2C_ENABLE_MS;
 153:Generated_Source\PSoC5/I2C.c **** #endif /* (I2C_FF_IMPLEMENTED) */
 154:Generated_Source\PSoC5/I2C.c **** 
 155:Generated_Source\PSoC5/I2C.c **** #if (I2C_TIMEOUT_ENABLED)
 156:Generated_Source\PSoC5/I2C.c ****     I2C_TimeoutEnable();
 157:Generated_Source\PSoC5/I2C.c **** #endif /* (I2C_TIMEOUT_ENABLED) */
 158:Generated_Source\PSoC5/I2C.c **** }
 159:Generated_Source\PSoC5/I2C.c **** 
 160:Generated_Source\PSoC5/I2C.c **** 
 161:Generated_Source\PSoC5/I2C.c **** /*******************************************************************************
 162:Generated_Source\PSoC5/I2C.c **** * Function Name: I2C_Start
 163:Generated_Source\PSoC5/I2C.c **** ********************************************************************************
 164:Generated_Source\PSoC5/I2C.c **** *
 165:Generated_Source\PSoC5/I2C.c **** * Summary:
 166:Generated_Source\PSoC5/I2C.c **** *  Starts the I2C hardware. Enables Active mode power template bits or clock
 167:Generated_Source\PSoC5/I2C.c **** *  gating as appropriate. It is required to be executed before I2C bus
 168:Generated_Source\PSoC5/I2C.c **** *  operation.
 169:Generated_Source\PSoC5/I2C.c **** *
 170:Generated_Source\PSoC5/I2C.c **** * Parameters:
 171:Generated_Source\PSoC5/I2C.c **** *  None.
 172:Generated_Source\PSoC5/I2C.c **** *
 173:Generated_Source\PSoC5/I2C.c **** * Return:
 174:Generated_Source\PSoC5/I2C.c **** *  None.
 175:Generated_Source\PSoC5/I2C.c **** *
 176:Generated_Source\PSoC5/I2C.c **** * Side Effects:
 177:Generated_Source\PSoC5/I2C.c **** *  This component automatically enables its interrupt.  If I2C is enabled !
 178:Generated_Source\PSoC5/I2C.c **** *  without the interrupt enabled, it can lock up the I2C bus.
 179:Generated_Source\PSoC5/I2C.c **** *
 180:Generated_Source\PSoC5/I2C.c **** * Global variables:
 181:Generated_Source\PSoC5/I2C.c **** *  I2C_initVar - This variable is used to check the initial
 182:Generated_Source\PSoC5/I2C.c **** *                             configuration, modified on the first
 183:Generated_Source\PSoC5/I2C.c **** *                             function call.
 184:Generated_Source\PSoC5/I2C.c **** *
 185:Generated_Source\PSoC5/I2C.c **** * Reentrant:
 186:Generated_Source\PSoC5/I2C.c **** *  No.
 187:Generated_Source\PSoC5/I2C.c **** *
 188:Generated_Source\PSoC5/I2C.c **** *******************************************************************************/
 189:Generated_Source\PSoC5/I2C.c **** void I2C_Start(void) 
 190:Generated_Source\PSoC5/I2C.c **** {
 145              		.loc 1 190 0
 146              		.cfi_startproc
 147              		@ args = 0, pretend = 0, frame = 0
 148              		@ frame_needed = 0, uses_anonymous_args = 0
 149 0000 08B5     		push	{r3, lr}
 150              		.cfi_def_cfa_offset 8
 151              		.cfi_offset 3, -8
 152              		.cfi_offset 14, -4
ARM GAS  C:\Users\DGILLI~1\AppData\Local\Temp\cciFpXyd.s 			page 7


 191:Generated_Source\PSoC5/I2C.c ****     if (0u == I2C_initVar)
 153              		.loc 1 191 0
 154 0002 074B     		ldr	r3, .L12
 155 0004 1B78     		ldrb	r3, [r3]	@ zero_extendqisi2
 156 0006 23B9     		cbnz	r3, .L10
 192:Generated_Source\PSoC5/I2C.c ****     {
 193:Generated_Source\PSoC5/I2C.c ****         I2C_Init();
 157              		.loc 1 193 0
 158 0008 FFF7FEFF 		bl	I2C_Init
 159              	.LVL4:
 194:Generated_Source\PSoC5/I2C.c ****         I2C_initVar = 1u; /* Component initialized */
 160              		.loc 1 194 0
 161 000c 0122     		movs	r2, #1
 162 000e 044B     		ldr	r3, .L12
 163 0010 1A70     		strb	r2, [r3]
 164              	.L10:
 195:Generated_Source\PSoC5/I2C.c ****     }
 196:Generated_Source\PSoC5/I2C.c **** 
 197:Generated_Source\PSoC5/I2C.c ****     I2C_Enable();
 165              		.loc 1 197 0
 166 0012 FFF7FEFF 		bl	I2C_Enable
 167              	.LVL5:
 198:Generated_Source\PSoC5/I2C.c ****     I2C_EnableInt();
 168              		.loc 1 198 0
 169 0016 4FF40042 		mov	r2, #32768
 170 001a 024B     		ldr	r3, .L12+4
 171 001c 1A60     		str	r2, [r3]
 172 001e 08BD     		pop	{r3, pc}
 173              	.L13:
 174              		.align	2
 175              	.L12:
 176 0020 00000000 		.word	.LANCHOR0
 177 0024 00E100E0 		.word	-536813312
 178              		.cfi_endproc
 179              	.LFE2:
 180              		.size	I2C_Start, .-I2C_Start
 181              		.section	.text.I2C_Stop,"ax",%progbits
 182              		.align	2
 183              		.global	I2C_Stop
 184              		.thumb
 185              		.thumb_func
 186              		.type	I2C_Stop, %function
 187              	I2C_Stop:
 188              	.LFB3:
 199:Generated_Source\PSoC5/I2C.c **** }
 200:Generated_Source\PSoC5/I2C.c **** 
 201:Generated_Source\PSoC5/I2C.c **** 
 202:Generated_Source\PSoC5/I2C.c **** /*******************************************************************************
 203:Generated_Source\PSoC5/I2C.c **** * Function Name: I2C_Stop
 204:Generated_Source\PSoC5/I2C.c **** ********************************************************************************
 205:Generated_Source\PSoC5/I2C.c **** *
 206:Generated_Source\PSoC5/I2C.c **** * Summary:
 207:Generated_Source\PSoC5/I2C.c **** *  Disables I2C hardware and disables I2C interrupt. Disables Active mode power
 208:Generated_Source\PSoC5/I2C.c **** *  template bits or clock gating as appropriate.
 209:Generated_Source\PSoC5/I2C.c **** *
 210:Generated_Source\PSoC5/I2C.c **** * Parameters:
 211:Generated_Source\PSoC5/I2C.c **** *  None.
ARM GAS  C:\Users\DGILLI~1\AppData\Local\Temp\cciFpXyd.s 			page 8


 212:Generated_Source\PSoC5/I2C.c **** *
 213:Generated_Source\PSoC5/I2C.c **** * Return:
 214:Generated_Source\PSoC5/I2C.c **** *  None.
 215:Generated_Source\PSoC5/I2C.c **** *
 216:Generated_Source\PSoC5/I2C.c **** *******************************************************************************/
 217:Generated_Source\PSoC5/I2C.c **** void I2C_Stop(void) 
 218:Generated_Source\PSoC5/I2C.c **** {
 189              		.loc 1 218 0
 190              		.cfi_startproc
 191              		@ args = 0, pretend = 0, frame = 0
 192              		@ frame_needed = 0, uses_anonymous_args = 0
 193 0000 2DE9F843 		push	{r3, r4, r5, r6, r7, r8, r9, lr}
 194              		.cfi_def_cfa_offset 32
 195              		.cfi_offset 3, -32
 196              		.cfi_offset 4, -28
 197              		.cfi_offset 5, -24
 198              		.cfi_offset 6, -20
 199              		.cfi_offset 7, -16
 200              		.cfi_offset 8, -12
 201              		.cfi_offset 9, -8
 202              		.cfi_offset 14, -4
 219:Generated_Source\PSoC5/I2C.c ****     I2C_DisableInt();
 203              		.loc 1 219 0
 204 0004 4FF40049 		mov	r9, #32768
 205 0008 214B     		ldr	r3, .L16
 206 000a C3F80090 		str	r9, [r3]
 207              	.LBB2:
 220:Generated_Source\PSoC5/I2C.c **** 
 221:Generated_Source\PSoC5/I2C.c **** #if (I2C_TIMEOUT_ENABLED)
 222:Generated_Source\PSoC5/I2C.c ****     I2C_TimeoutStop();
 223:Generated_Source\PSoC5/I2C.c **** #endif  /* End (I2C_TIMEOUT_ENABLED) */
 224:Generated_Source\PSoC5/I2C.c **** 
 225:Generated_Source\PSoC5/I2C.c **** #if (I2C_FF_IMPLEMENTED)
 226:Generated_Source\PSoC5/I2C.c ****     {
 227:Generated_Source\PSoC5/I2C.c ****         uint8 intState;
 228:Generated_Source\PSoC5/I2C.c ****         uint16 blockResetCycles;
 229:Generated_Source\PSoC5/I2C.c **** 
 230:Generated_Source\PSoC5/I2C.c ****         /* Store registers effected by block disable */
 231:Generated_Source\PSoC5/I2C.c ****         I2C_backup.addr    = I2C_ADDR_REG;
 208              		.loc 1 231 0
 209 000e DFF8A080 		ldr	r8, .L16+32
 210 0012 98F80030 		ldrb	r3, [r8]	@ zero_extendqisi2
 211 0016 1F4C     		ldr	r4, .L16+4
 212 0018 E370     		strb	r3, [r4, #3]
 232:Generated_Source\PSoC5/I2C.c ****         I2C_backup.clkDiv1 = I2C_CLKDIV1_REG;
 213              		.loc 1 232 0
 214 001a 1F4F     		ldr	r7, .L16+8
 215 001c 3B78     		ldrb	r3, [r7]	@ zero_extendqisi2
 216 001e 2371     		strb	r3, [r4, #4]
 233:Generated_Source\PSoC5/I2C.c ****         I2C_backup.clkDiv2 = I2C_CLKDIV2_REG;
 217              		.loc 1 233 0
 218 0020 1E4E     		ldr	r6, .L16+12
 219 0022 3378     		ldrb	r3, [r6]	@ zero_extendqisi2
 220 0024 6371     		strb	r3, [r4, #5]
 234:Generated_Source\PSoC5/I2C.c **** 
 235:Generated_Source\PSoC5/I2C.c ****         /* Calculate number of cycles to reset block */
 236:Generated_Source\PSoC5/I2C.c ****         blockResetCycles = ((uint16) ((uint16) I2C_CLKDIV2_REG << 8u) | I2C_CLKDIV1_REG) + 1u;
ARM GAS  C:\Users\DGILLI~1\AppData\Local\Temp\cciFpXyd.s 			page 9


 221              		.loc 1 236 0
 222 0026 3078     		ldrb	r0, [r6]	@ zero_extendqisi2
 223 0028 3B78     		ldrb	r3, [r7]	@ zero_extendqisi2
 224 002a 43EA0020 		orr	r0, r3, r0, lsl #8
 225 002e 0130     		adds	r0, r0, #1
 226              	.LVL6:
 237:Generated_Source\PSoC5/I2C.c **** 
 238:Generated_Source\PSoC5/I2C.c ****         /* Disable block */
 239:Generated_Source\PSoC5/I2C.c ****         I2C_CFG_REG &= (uint8) ~I2C_CFG_EN_SLAVE;
 227              		.loc 1 239 0
 228 0030 1B4D     		ldr	r5, .L16+16
 229 0032 2B78     		ldrb	r3, [r5]	@ zero_extendqisi2
 230 0034 03F0FE03 		and	r3, r3, #254
 231 0038 2B70     		strb	r3, [r5]
 240:Generated_Source\PSoC5/I2C.c ****         /* Wait for block reset before disable power */
 241:Generated_Source\PSoC5/I2C.c ****         CyDelayCycles((uint32) blockResetCycles);
 232              		.loc 1 241 0
 233 003a 80B2     		uxth	r0, r0
 234 003c FFF7FEFF 		bl	CyDelayCycles
 235              	.LVL7:
 242:Generated_Source\PSoC5/I2C.c **** 
 243:Generated_Source\PSoC5/I2C.c ****         /* Disable power to block */
 244:Generated_Source\PSoC5/I2C.c ****         intState = CyEnterCriticalSection();
 236              		.loc 1 244 0
 237 0040 FFF7FEFF 		bl	CyEnterCriticalSection
 238              	.LVL8:
 245:Generated_Source\PSoC5/I2C.c ****         I2C_ACT_PWRMGR_REG  &= (uint8) ~I2C_ACT_PWR_EN;
 239              		.loc 1 245 0
 240 0044 174A     		ldr	r2, .L16+20
 241 0046 1378     		ldrb	r3, [r2]	@ zero_extendqisi2
 242 0048 03F0FB03 		and	r3, r3, #251
 243 004c 1370     		strb	r3, [r2]
 246:Generated_Source\PSoC5/I2C.c ****         I2C_STBY_PWRMGR_REG &= (uint8) ~I2C_STBY_PWR_EN;
 244              		.loc 1 246 0
 245 004e 1032     		adds	r2, r2, #16
 246 0050 1378     		ldrb	r3, [r2]	@ zero_extendqisi2
 247 0052 03F0FB03 		and	r3, r3, #251
 248 0056 1370     		strb	r3, [r2]
 247:Generated_Source\PSoC5/I2C.c ****         CyExitCriticalSection(intState);
 249              		.loc 1 247 0
 250 0058 FFF7FEFF 		bl	CyExitCriticalSection
 251              	.LVL9:
 248:Generated_Source\PSoC5/I2C.c **** 
 249:Generated_Source\PSoC5/I2C.c ****         /* Enable block */
 250:Generated_Source\PSoC5/I2C.c ****         I2C_CFG_REG |= (uint8) I2C_ENABLE_MS;
 252              		.loc 1 250 0
 253 005c 2B78     		ldrb	r3, [r5]	@ zero_extendqisi2
 254 005e 43F00203 		orr	r3, r3, #2
 255 0062 2B70     		strb	r3, [r5]
 251:Generated_Source\PSoC5/I2C.c **** 
 252:Generated_Source\PSoC5/I2C.c ****         /* Restore registers effected by block disable. Ticket ID#198004 */
 253:Generated_Source\PSoC5/I2C.c ****         I2C_ADDR_REG    = I2C_backup.addr;
 256              		.loc 1 253 0
 257 0064 E378     		ldrb	r3, [r4, #3]	@ zero_extendqisi2
 258 0066 88F80030 		strb	r3, [r8]
 254:Generated_Source\PSoC5/I2C.c ****         I2C_ADDR_REG    = I2C_backup.addr;
 259              		.loc 1 254 0
ARM GAS  C:\Users\DGILLI~1\AppData\Local\Temp\cciFpXyd.s 			page 10


 260 006a E378     		ldrb	r3, [r4, #3]	@ zero_extendqisi2
 261 006c 88F80030 		strb	r3, [r8]
 255:Generated_Source\PSoC5/I2C.c ****         I2C_CLKDIV1_REG = I2C_backup.clkDiv1;
 262              		.loc 1 255 0
 263 0070 2379     		ldrb	r3, [r4, #4]	@ zero_extendqisi2
 264 0072 3B70     		strb	r3, [r7]
 256:Generated_Source\PSoC5/I2C.c ****         I2C_CLKDIV2_REG = I2C_backup.clkDiv2;
 265              		.loc 1 256 0
 266 0074 6379     		ldrb	r3, [r4, #5]	@ zero_extendqisi2
 267 0076 3370     		strb	r3, [r6]
 268              	.LBE2:
 257:Generated_Source\PSoC5/I2C.c ****     }
 258:Generated_Source\PSoC5/I2C.c **** #else
 259:Generated_Source\PSoC5/I2C.c **** 
 260:Generated_Source\PSoC5/I2C.c ****     /* Disable slave or master bits */
 261:Generated_Source\PSoC5/I2C.c ****     I2C_CFG_REG &= (uint8) ~I2C_ENABLE_MS;
 262:Generated_Source\PSoC5/I2C.c **** 
 263:Generated_Source\PSoC5/I2C.c **** #if (I2C_MODE_SLAVE_ENABLED)
 264:Generated_Source\PSoC5/I2C.c ****     {
 265:Generated_Source\PSoC5/I2C.c ****         /* Disable bit counter */
 266:Generated_Source\PSoC5/I2C.c ****         uint8 intState = CyEnterCriticalSection();
 267:Generated_Source\PSoC5/I2C.c ****         I2C_COUNTER_AUX_CTL_REG &= (uint8) ~I2C_CNT7_ENABLE;
 268:Generated_Source\PSoC5/I2C.c ****         CyExitCriticalSection(intState);
 269:Generated_Source\PSoC5/I2C.c ****     }
 270:Generated_Source\PSoC5/I2C.c **** #endif /* (I2C_MODE_SLAVE_ENABLED) */
 271:Generated_Source\PSoC5/I2C.c **** 
 272:Generated_Source\PSoC5/I2C.c ****     /* Clear interrupt source register */
 273:Generated_Source\PSoC5/I2C.c ****     (void) I2C_CSR_REG;
 274:Generated_Source\PSoC5/I2C.c **** #endif /* (I2C_FF_IMPLEMENTED) */
 275:Generated_Source\PSoC5/I2C.c **** 
 276:Generated_Source\PSoC5/I2C.c ****     /* Disable interrupt on stop (enabled by write transaction) */
 277:Generated_Source\PSoC5/I2C.c ****     I2C_DISABLE_INT_ON_STOP;
 269              		.loc 1 277 0
 270 0078 2B78     		ldrb	r3, [r5]	@ zero_extendqisi2
 271 007a 03F0EF03 		and	r3, r3, #239
 272 007e 2B70     		strb	r3, [r5]
 278:Generated_Source\PSoC5/I2C.c ****     I2C_ClearPendingInt();
 273              		.loc 1 278 0
 274 0080 094B     		ldr	r3, .L16+24
 275 0082 C3F80090 		str	r9, [r3]
 279:Generated_Source\PSoC5/I2C.c **** 
 280:Generated_Source\PSoC5/I2C.c ****     /* Reset FSM to default state */
 281:Generated_Source\PSoC5/I2C.c ****     I2C_state = I2C_SM_IDLE;
 276              		.loc 1 281 0
 277 0086 1022     		movs	r2, #16
 278 0088 084B     		ldr	r3, .L16+28
 279 008a 1A70     		strb	r2, [r3]
 280 008c BDE8F883 		pop	{r3, r4, r5, r6, r7, r8, r9, pc}
 281              	.L17:
 282              		.align	2
 283              	.L16:
 284 0090 80E100E0 		.word	-536813184
 285 0094 00000000 		.word	I2C_backup
 286 0098 DB490040 		.word	1073760731
 287 009c DC490040 		.word	1073760732
 288 00a0 D6490040 		.word	1073760726
 289 00a4 A5430040 		.word	1073759141
ARM GAS  C:\Users\DGILLI~1\AppData\Local\Temp\cciFpXyd.s 			page 11


 290 00a8 80E200E0 		.word	-536812928
 291 00ac 00000000 		.word	I2C_state
 292 00b0 CA490040 		.word	1073760714
 293              		.cfi_endproc
 294              	.LFE3:
 295              		.size	I2C_Stop, .-I2C_Stop
 296              		.comm	I2C_state,1,1
 297              		.global	I2C_initVar
 298              		.bss
 299              		.set	.LANCHOR0,. + 0
 300              		.type	I2C_initVar, %object
 301              		.size	I2C_initVar, 1
 302              	I2C_initVar:
 303 0000 00       		.space	1
 304              		.text
 305              	.Letext0:
 306              		.file 2 "Generated_Source\\PSoC5\\cytypes.h"
 307              		.file 3 "Generated_Source\\PSoC5\\I2C.h"
 308              		.file 4 "Generated_Source\\PSoC5\\I2C_PVT.h"
 309              		.file 5 "Generated_Source\\PSoC5\\CyLib.h"
 310              		.section	.debug_info,"",%progbits
 311              	.Ldebug_info0:
 312 0000 D5020000 		.4byte	0x2d5
 313 0004 0400     		.2byte	0x4
 314 0006 00000000 		.4byte	.Ldebug_abbrev0
 315 000a 04       		.byte	0x4
 316 000b 01       		.uleb128 0x1
 317 000c 31010000 		.4byte	.LASF39
 318 0010 01       		.byte	0x1
 319 0011 D4020000 		.4byte	.LASF40
 320 0015 14000000 		.4byte	.LASF41
 321 0019 00000000 		.4byte	.Ldebug_ranges0+0
 322 001d 00000000 		.4byte	0
 323 0021 00000000 		.4byte	.Ldebug_line0
 324 0025 02       		.uleb128 0x2
 325 0026 01       		.byte	0x1
 326 0027 06       		.byte	0x6
 327 0028 30020000 		.4byte	.LASF0
 328 002c 02       		.uleb128 0x2
 329 002d 01       		.byte	0x1
 330 002e 08       		.byte	0x8
 331 002f DE000000 		.4byte	.LASF1
 332 0033 02       		.uleb128 0x2
 333 0034 02       		.byte	0x2
 334 0035 05       		.byte	0x5
 335 0036 78020000 		.4byte	.LASF2
 336 003a 02       		.uleb128 0x2
 337 003b 02       		.byte	0x2
 338 003c 07       		.byte	0x7
 339 003d 80000000 		.4byte	.LASF3
 340 0041 02       		.uleb128 0x2
 341 0042 04       		.byte	0x4
 342 0043 05       		.byte	0x5
 343 0044 97020000 		.4byte	.LASF4
 344 0048 02       		.uleb128 0x2
 345 0049 04       		.byte	0x4
 346 004a 07       		.byte	0x7
ARM GAS  C:\Users\DGILLI~1\AppData\Local\Temp\cciFpXyd.s 			page 12


 347 004b F1000000 		.4byte	.LASF5
 348 004f 02       		.uleb128 0x2
 349 0050 08       		.byte	0x8
 350 0051 05       		.byte	0x5
 351 0052 4E020000 		.4byte	.LASF6
 352 0056 02       		.uleb128 0x2
 353 0057 08       		.byte	0x8
 354 0058 07       		.byte	0x7
 355 0059 C7000000 		.4byte	.LASF7
 356 005d 03       		.uleb128 0x3
 357 005e 04       		.byte	0x4
 358 005f 05       		.byte	0x5
 359 0060 696E7400 		.ascii	"int\000"
 360 0064 02       		.uleb128 0x2
 361 0065 04       		.byte	0x4
 362 0066 07       		.byte	0x7
 363 0067 C8010000 		.4byte	.LASF8
 364 006b 04       		.uleb128 0x4
 365 006c 82020000 		.4byte	.LASF9
 366 0070 02       		.byte	0x2
 367 0071 9201     		.2byte	0x192
 368 0073 2C000000 		.4byte	0x2c
 369 0077 04       		.uleb128 0x4
 370 0078 1A010000 		.4byte	.LASF10
 371 007c 02       		.byte	0x2
 372 007d 9301     		.2byte	0x193
 373 007f 3A000000 		.4byte	0x3a
 374 0083 04       		.uleb128 0x4
 375 0084 2A010000 		.4byte	.LASF11
 376 0088 02       		.byte	0x2
 377 0089 9401     		.2byte	0x194
 378 008b 48000000 		.4byte	0x48
 379 008f 02       		.uleb128 0x2
 380 0090 04       		.byte	0x4
 381 0091 04       		.byte	0x4
 382 0092 C1000000 		.4byte	.LASF12
 383 0096 02       		.uleb128 0x2
 384 0097 08       		.byte	0x8
 385 0098 04       		.byte	0x4
 386 0099 13010000 		.4byte	.LASF13
 387 009d 02       		.uleb128 0x2
 388 009e 01       		.byte	0x1
 389 009f 08       		.byte	0x8
 390 00a0 5C020000 		.4byte	.LASF14
 391 00a4 04       		.uleb128 0x4
 392 00a5 EC000000 		.4byte	.LASF15
 393 00a9 02       		.byte	0x2
 394 00aa 3C02     		.2byte	0x23c
 395 00ac B0000000 		.4byte	0xb0
 396 00b0 05       		.uleb128 0x5
 397 00b1 6B000000 		.4byte	0x6b
 398 00b5 04       		.uleb128 0x4
 399 00b6 0E000000 		.4byte	.LASF16
 400 00ba 02       		.byte	0x2
 401 00bb 3E02     		.2byte	0x23e
 402 00bd C1000000 		.4byte	0xc1
 403 00c1 05       		.uleb128 0x5
ARM GAS  C:\Users\DGILLI~1\AppData\Local\Temp\cciFpXyd.s 			page 13


 404 00c2 83000000 		.4byte	0x83
 405 00c6 04       		.uleb128 0x4
 406 00c7 23020000 		.4byte	.LASF17
 407 00cb 02       		.byte	0x2
 408 00cc 4E02     		.2byte	0x24e
 409 00ce D2000000 		.4byte	0xd2
 410 00d2 06       		.uleb128 0x6
 411 00d3 04       		.byte	0x4
 412 00d4 D8000000 		.4byte	0xd8
 413 00d8 07       		.uleb128 0x7
 414 00d9 02       		.uleb128 0x2
 415 00da 04       		.byte	0x4
 416 00db 07       		.byte	0x7
 417 00dc 45020000 		.4byte	.LASF18
 418 00e0 08       		.uleb128 0x8
 419 00e1 06       		.byte	0x6
 420 00e2 03       		.byte	0x3
 421 00e3 76       		.byte	0x76
 422 00e4 31010000 		.4byte	0x131
 423 00e8 09       		.uleb128 0x9
 424 00e9 A0020000 		.4byte	.LASF19
 425 00ed 03       		.byte	0x3
 426 00ee 78       		.byte	0x78
 427 00ef 6B000000 		.4byte	0x6b
 428 00f3 00       		.byte	0
 429 00f4 09       		.uleb128 0x9
 430 00f5 61020000 		.4byte	.LASF20
 431 00f9 03       		.byte	0x3
 432 00fa 7B       		.byte	0x7b
 433 00fb 6B000000 		.4byte	0x6b
 434 00ff 01       		.byte	0x1
 435 0100 0A       		.uleb128 0xa
 436 0101 63666700 		.ascii	"cfg\000"
 437 0105 03       		.byte	0x3
 438 0106 7C       		.byte	0x7c
 439 0107 6B000000 		.4byte	0x6b
 440 010b 02       		.byte	0x2
 441 010c 09       		.uleb128 0x9
 442 010d 03010000 		.4byte	.LASF21
 443 0111 03       		.byte	0x3
 444 0112 7D       		.byte	0x7d
 445 0113 6B000000 		.4byte	0x6b
 446 0117 03       		.byte	0x3
 447 0118 09       		.uleb128 0x9
 448 0119 FC010000 		.4byte	.LASF22
 449 011d 03       		.byte	0x3
 450 011e 7E       		.byte	0x7e
 451 011f 6B000000 		.4byte	0x6b
 452 0123 04       		.byte	0x4
 453 0124 09       		.uleb128 0x9
 454 0125 04020000 		.4byte	.LASF23
 455 0129 03       		.byte	0x3
 456 012a 7F       		.byte	0x7f
 457 012b 6B000000 		.4byte	0x6b
 458 012f 05       		.byte	0x5
 459 0130 00       		.byte	0
 460 0131 0B       		.uleb128 0xb
ARM GAS  C:\Users\DGILLI~1\AppData\Local\Temp\cciFpXyd.s 			page 14


 461 0132 66020000 		.4byte	.LASF24
 462 0136 03       		.byte	0x3
 463 0137 89       		.byte	0x89
 464 0138 E0000000 		.4byte	0xe0
 465 013c 0C       		.uleb128 0xc
 466 013d 3C020000 		.4byte	.LASF25
 467 0141 01       		.byte	0x1
 468 0142 31       		.byte	0x31
 469 0143 00000000 		.4byte	.LFB0
 470 0147 70000000 		.4byte	.LFE0-.LFB0
 471 014b 01       		.uleb128 0x1
 472 014c 9C       		.byte	0x9c
 473 014d 79010000 		.4byte	0x179
 474 0151 0D       		.uleb128 0xd
 475 0152 2E000000 		.4byte	.LVL0
 476 0156 7F020000 		.4byte	0x27f
 477 015a 69010000 		.4byte	0x169
 478 015e 0E       		.uleb128 0xe
 479 015f 01       		.uleb128 0x1
 480 0160 51       		.byte	0x51
 481 0161 01       		.uleb128 0x1
 482 0162 37       		.byte	0x37
 483 0163 0E       		.uleb128 0xe
 484 0164 01       		.uleb128 0x1
 485 0165 50       		.byte	0x50
 486 0166 01       		.uleb128 0x1
 487 0167 3F       		.byte	0x3f
 488 0168 00       		.byte	0
 489 0169 0F       		.uleb128 0xf
 490 016a 36000000 		.4byte	.LVL1
 491 016e 95020000 		.4byte	0x295
 492 0172 0E       		.uleb128 0xe
 493 0173 01       		.uleb128 0x1
 494 0174 50       		.byte	0x50
 495 0175 01       		.uleb128 0x1
 496 0176 3F       		.byte	0x3f
 497 0177 00       		.byte	0
 498 0178 00       		.byte	0
 499 0179 0C       		.uleb128 0xc
 500 017a 08010000 		.4byte	.LASF26
 501 017e 01       		.byte	0x1
 502 017f 85       		.byte	0x85
 503 0180 00000000 		.4byte	.LFB1
 504 0184 24000000 		.4byte	.LFE1-.LFB1
 505 0188 01       		.uleb128 0x1
 506 0189 9C       		.byte	0x9c
 507 018a B0010000 		.4byte	0x1b0
 508 018e 10       		.uleb128 0x10
 509 018f BF010000 		.4byte	.LASF29
 510 0193 01       		.byte	0x1
 511 0194 88       		.byte	0x88
 512 0195 6B000000 		.4byte	0x6b
 513 0199 00000000 		.4byte	.LLST0
 514 019d 11       		.uleb128 0x11
 515 019e 06000000 		.4byte	.LVL2
 516 01a2 AF020000 		.4byte	0x2af
 517 01a6 11       		.uleb128 0x11
ARM GAS  C:\Users\DGILLI~1\AppData\Local\Temp\cciFpXyd.s 			page 15


 518 01a7 1E000000 		.4byte	.LVL3
 519 01ab BA020000 		.4byte	0x2ba
 520 01af 00       		.byte	0
 521 01b0 0C       		.uleb128 0xc
 522 01b1 A4000000 		.4byte	.LASF27
 523 01b5 01       		.byte	0x1
 524 01b6 BD       		.byte	0xbd
 525 01b7 00000000 		.4byte	.LFB2
 526 01bb 28000000 		.4byte	.LFE2-.LFB2
 527 01bf 01       		.uleb128 0x1
 528 01c0 9C       		.byte	0x9c
 529 01c1 D8010000 		.4byte	0x1d8
 530 01c5 11       		.uleb128 0x11
 531 01c6 0C000000 		.4byte	.LVL4
 532 01ca 3C010000 		.4byte	0x13c
 533 01ce 11       		.uleb128 0x11
 534 01cf 16000000 		.4byte	.LVL5
 535 01d3 79010000 		.4byte	0x179
 536 01d7 00       		.byte	0
 537 01d8 0C       		.uleb128 0xc
 538 01d9 21010000 		.4byte	.LASF28
 539 01dd 01       		.byte	0x1
 540 01de D9       		.byte	0xd9
 541 01df 00000000 		.4byte	.LFB3
 542 01e3 B4000000 		.4byte	.LFE3-.LFB3
 543 01e7 01       		.uleb128 0x1
 544 01e8 9C       		.byte	0x9c
 545 01e9 31020000 		.4byte	0x231
 546 01ed 12       		.uleb128 0x12
 547 01ee 0E000000 		.4byte	.LBB2
 548 01f2 6A000000 		.4byte	.LBE2-.LBB2
 549 01f6 10       		.uleb128 0x10
 550 01f7 BF010000 		.4byte	.LASF29
 551 01fb 01       		.byte	0x1
 552 01fc E3       		.byte	0xe3
 553 01fd 6B000000 		.4byte	0x6b
 554 0201 13000000 		.4byte	.LLST1
 555 0205 10       		.uleb128 0x10
 556 0206 93000000 		.4byte	.LASF30
 557 020a 01       		.byte	0x1
 558 020b E4       		.byte	0xe4
 559 020c 77000000 		.4byte	0x77
 560 0210 26000000 		.4byte	.LLST2
 561 0214 11       		.uleb128 0x11
 562 0215 40000000 		.4byte	.LVL7
 563 0219 CB020000 		.4byte	0x2cb
 564 021d 11       		.uleb128 0x11
 565 021e 44000000 		.4byte	.LVL8
 566 0222 AF020000 		.4byte	0x2af
 567 0226 11       		.uleb128 0x11
 568 0227 5C000000 		.4byte	.LVL9
 569 022b BA020000 		.4byte	0x2ba
 570 022f 00       		.byte	0
 571 0230 00       		.byte	0
 572 0231 13       		.uleb128 0x13
 573 0232 F1020000 		.4byte	.LASF31
 574 0236 01       		.byte	0x1
ARM GAS  C:\Users\DGILLI~1\AppData\Local\Temp\cciFpXyd.s 			page 16


 575 0237 18       		.byte	0x18
 576 0238 6B000000 		.4byte	0x6b
 577 023c 05       		.uleb128 0x5
 578 023d 03       		.byte	0x3
 579 023e 00000000 		.4byte	I2C_initVar
 580 0242 14       		.uleb128 0x14
 581 0243 AC020000 		.4byte	.LASF32
 582 0247 04       		.byte	0x4
 583 0248 21       		.byte	0x21
 584 0249 31010000 		.4byte	0x131
 585 024d 13       		.uleb128 0x13
 586 024e B7020000 		.4byte	.LASF33
 587 0252 01       		.byte	0x1
 588 0253 1A       		.byte	0x1a
 589 0254 B0000000 		.4byte	0xb0
 590 0258 05       		.uleb128 0x5
 591 0259 03       		.byte	0x3
 592 025a 00000000 		.4byte	I2C_state
 593 025e 14       		.uleb128 0x14
 594 025f 88020000 		.4byte	.LASF34
 595 0263 04       		.byte	0x4
 596 0264 27       		.byte	0x27
 597 0265 B0000000 		.4byte	0xb0
 598 0269 14       		.uleb128 0x14
 599 026a AE000000 		.4byte	.LASF35
 600 026e 04       		.byte	0x4
 601 026f 2D       		.byte	0x2d
 602 0270 B0000000 		.4byte	0xb0
 603 0274 14       		.uleb128 0x14
 604 0275 C1020000 		.4byte	.LASF36
 605 0279 04       		.byte	0x4
 606 027a 32       		.byte	0x32
 607 027b B0000000 		.4byte	0xb0
 608 027f 15       		.uleb128 0x15
 609 0280 EB010000 		.4byte	.LASF37
 610 0284 05       		.byte	0x5
 611 0285 8B       		.byte	0x8b
 612 0286 95020000 		.4byte	0x295
 613 028a 16       		.uleb128 0x16
 614 028b 6B000000 		.4byte	0x6b
 615 028f 16       		.uleb128 0x16
 616 0290 6B000000 		.4byte	0x6b
 617 0294 00       		.byte	0
 618 0295 17       		.uleb128 0x17
 619 0296 71000000 		.4byte	.LASF42
 620 029a 05       		.byte	0x5
 621 029b 88       		.byte	0x88
 622 029c C6000000 		.4byte	0xc6
 623 02a0 AF020000 		.4byte	0x2af
 624 02a4 16       		.uleb128 0x16
 625 02a5 6B000000 		.4byte	0x6b
 626 02a9 16       		.uleb128 0x16
 627 02aa C6000000 		.4byte	0xc6
 628 02ae 00       		.byte	0
 629 02af 18       		.uleb128 0x18
 630 02b0 0C020000 		.4byte	.LASF43
 631 02b4 05       		.byte	0x5
ARM GAS  C:\Users\DGILLI~1\AppData\Local\Temp\cciFpXyd.s 			page 17


 632 02b5 7D       		.byte	0x7d
 633 02b6 6B000000 		.4byte	0x6b
 634 02ba 15       		.uleb128 0x15
 635 02bb D5010000 		.4byte	.LASF38
 636 02bf 05       		.byte	0x5
 637 02c0 7E       		.byte	0x7e
 638 02c1 CB020000 		.4byte	0x2cb
 639 02c5 16       		.uleb128 0x16
 640 02c6 6B000000 		.4byte	0x6b
 641 02ca 00       		.byte	0
 642 02cb 19       		.uleb128 0x19
 643 02cc 00000000 		.4byte	.LASF44
 644 02d0 05       		.byte	0x5
 645 02d1 79       		.byte	0x79
 646 02d2 16       		.uleb128 0x16
 647 02d3 83000000 		.4byte	0x83
 648 02d7 00       		.byte	0
 649 02d8 00       		.byte	0
 650              		.section	.debug_abbrev,"",%progbits
 651              	.Ldebug_abbrev0:
 652 0000 01       		.uleb128 0x1
 653 0001 11       		.uleb128 0x11
 654 0002 01       		.byte	0x1
 655 0003 25       		.uleb128 0x25
 656 0004 0E       		.uleb128 0xe
 657 0005 13       		.uleb128 0x13
 658 0006 0B       		.uleb128 0xb
 659 0007 03       		.uleb128 0x3
 660 0008 0E       		.uleb128 0xe
 661 0009 1B       		.uleb128 0x1b
 662 000a 0E       		.uleb128 0xe
 663 000b 55       		.uleb128 0x55
 664 000c 17       		.uleb128 0x17
 665 000d 11       		.uleb128 0x11
 666 000e 01       		.uleb128 0x1
 667 000f 10       		.uleb128 0x10
 668 0010 17       		.uleb128 0x17
 669 0011 00       		.byte	0
 670 0012 00       		.byte	0
 671 0013 02       		.uleb128 0x2
 672 0014 24       		.uleb128 0x24
 673 0015 00       		.byte	0
 674 0016 0B       		.uleb128 0xb
 675 0017 0B       		.uleb128 0xb
 676 0018 3E       		.uleb128 0x3e
 677 0019 0B       		.uleb128 0xb
 678 001a 03       		.uleb128 0x3
 679 001b 0E       		.uleb128 0xe
 680 001c 00       		.byte	0
 681 001d 00       		.byte	0
 682 001e 03       		.uleb128 0x3
 683 001f 24       		.uleb128 0x24
 684 0020 00       		.byte	0
 685 0021 0B       		.uleb128 0xb
 686 0022 0B       		.uleb128 0xb
 687 0023 3E       		.uleb128 0x3e
 688 0024 0B       		.uleb128 0xb
ARM GAS  C:\Users\DGILLI~1\AppData\Local\Temp\cciFpXyd.s 			page 18


 689 0025 03       		.uleb128 0x3
 690 0026 08       		.uleb128 0x8
 691 0027 00       		.byte	0
 692 0028 00       		.byte	0
 693 0029 04       		.uleb128 0x4
 694 002a 16       		.uleb128 0x16
 695 002b 00       		.byte	0
 696 002c 03       		.uleb128 0x3
 697 002d 0E       		.uleb128 0xe
 698 002e 3A       		.uleb128 0x3a
 699 002f 0B       		.uleb128 0xb
 700 0030 3B       		.uleb128 0x3b
 701 0031 05       		.uleb128 0x5
 702 0032 49       		.uleb128 0x49
 703 0033 13       		.uleb128 0x13
 704 0034 00       		.byte	0
 705 0035 00       		.byte	0
 706 0036 05       		.uleb128 0x5
 707 0037 35       		.uleb128 0x35
 708 0038 00       		.byte	0
 709 0039 49       		.uleb128 0x49
 710 003a 13       		.uleb128 0x13
 711 003b 00       		.byte	0
 712 003c 00       		.byte	0
 713 003d 06       		.uleb128 0x6
 714 003e 0F       		.uleb128 0xf
 715 003f 00       		.byte	0
 716 0040 0B       		.uleb128 0xb
 717 0041 0B       		.uleb128 0xb
 718 0042 49       		.uleb128 0x49
 719 0043 13       		.uleb128 0x13
 720 0044 00       		.byte	0
 721 0045 00       		.byte	0
 722 0046 07       		.uleb128 0x7
 723 0047 15       		.uleb128 0x15
 724 0048 00       		.byte	0
 725 0049 27       		.uleb128 0x27
 726 004a 19       		.uleb128 0x19
 727 004b 00       		.byte	0
 728 004c 00       		.byte	0
 729 004d 08       		.uleb128 0x8
 730 004e 13       		.uleb128 0x13
 731 004f 01       		.byte	0x1
 732 0050 0B       		.uleb128 0xb
 733 0051 0B       		.uleb128 0xb
 734 0052 3A       		.uleb128 0x3a
 735 0053 0B       		.uleb128 0xb
 736 0054 3B       		.uleb128 0x3b
 737 0055 0B       		.uleb128 0xb
 738 0056 01       		.uleb128 0x1
 739 0057 13       		.uleb128 0x13
 740 0058 00       		.byte	0
 741 0059 00       		.byte	0
 742 005a 09       		.uleb128 0x9
 743 005b 0D       		.uleb128 0xd
 744 005c 00       		.byte	0
 745 005d 03       		.uleb128 0x3
ARM GAS  C:\Users\DGILLI~1\AppData\Local\Temp\cciFpXyd.s 			page 19


 746 005e 0E       		.uleb128 0xe
 747 005f 3A       		.uleb128 0x3a
 748 0060 0B       		.uleb128 0xb
 749 0061 3B       		.uleb128 0x3b
 750 0062 0B       		.uleb128 0xb
 751 0063 49       		.uleb128 0x49
 752 0064 13       		.uleb128 0x13
 753 0065 38       		.uleb128 0x38
 754 0066 0B       		.uleb128 0xb
 755 0067 00       		.byte	0
 756 0068 00       		.byte	0
 757 0069 0A       		.uleb128 0xa
 758 006a 0D       		.uleb128 0xd
 759 006b 00       		.byte	0
 760 006c 03       		.uleb128 0x3
 761 006d 08       		.uleb128 0x8
 762 006e 3A       		.uleb128 0x3a
 763 006f 0B       		.uleb128 0xb
 764 0070 3B       		.uleb128 0x3b
 765 0071 0B       		.uleb128 0xb
 766 0072 49       		.uleb128 0x49
 767 0073 13       		.uleb128 0x13
 768 0074 38       		.uleb128 0x38
 769 0075 0B       		.uleb128 0xb
 770 0076 00       		.byte	0
 771 0077 00       		.byte	0
 772 0078 0B       		.uleb128 0xb
 773 0079 16       		.uleb128 0x16
 774 007a 00       		.byte	0
 775 007b 03       		.uleb128 0x3
 776 007c 0E       		.uleb128 0xe
 777 007d 3A       		.uleb128 0x3a
 778 007e 0B       		.uleb128 0xb
 779 007f 3B       		.uleb128 0x3b
 780 0080 0B       		.uleb128 0xb
 781 0081 49       		.uleb128 0x49
 782 0082 13       		.uleb128 0x13
 783 0083 00       		.byte	0
 784 0084 00       		.byte	0
 785 0085 0C       		.uleb128 0xc
 786 0086 2E       		.uleb128 0x2e
 787 0087 01       		.byte	0x1
 788 0088 3F       		.uleb128 0x3f
 789 0089 19       		.uleb128 0x19
 790 008a 03       		.uleb128 0x3
 791 008b 0E       		.uleb128 0xe
 792 008c 3A       		.uleb128 0x3a
 793 008d 0B       		.uleb128 0xb
 794 008e 3B       		.uleb128 0x3b
 795 008f 0B       		.uleb128 0xb
 796 0090 27       		.uleb128 0x27
 797 0091 19       		.uleb128 0x19
 798 0092 11       		.uleb128 0x11
 799 0093 01       		.uleb128 0x1
 800 0094 12       		.uleb128 0x12
 801 0095 06       		.uleb128 0x6
 802 0096 40       		.uleb128 0x40
ARM GAS  C:\Users\DGILLI~1\AppData\Local\Temp\cciFpXyd.s 			page 20


 803 0097 18       		.uleb128 0x18
 804 0098 9742     		.uleb128 0x2117
 805 009a 19       		.uleb128 0x19
 806 009b 01       		.uleb128 0x1
 807 009c 13       		.uleb128 0x13
 808 009d 00       		.byte	0
 809 009e 00       		.byte	0
 810 009f 0D       		.uleb128 0xd
 811 00a0 898201   		.uleb128 0x4109
 812 00a3 01       		.byte	0x1
 813 00a4 11       		.uleb128 0x11
 814 00a5 01       		.uleb128 0x1
 815 00a6 31       		.uleb128 0x31
 816 00a7 13       		.uleb128 0x13
 817 00a8 01       		.uleb128 0x1
 818 00a9 13       		.uleb128 0x13
 819 00aa 00       		.byte	0
 820 00ab 00       		.byte	0
 821 00ac 0E       		.uleb128 0xe
 822 00ad 8A8201   		.uleb128 0x410a
 823 00b0 00       		.byte	0
 824 00b1 02       		.uleb128 0x2
 825 00b2 18       		.uleb128 0x18
 826 00b3 9142     		.uleb128 0x2111
 827 00b5 18       		.uleb128 0x18
 828 00b6 00       		.byte	0
 829 00b7 00       		.byte	0
 830 00b8 0F       		.uleb128 0xf
 831 00b9 898201   		.uleb128 0x4109
 832 00bc 01       		.byte	0x1
 833 00bd 11       		.uleb128 0x11
 834 00be 01       		.uleb128 0x1
 835 00bf 31       		.uleb128 0x31
 836 00c0 13       		.uleb128 0x13
 837 00c1 00       		.byte	0
 838 00c2 00       		.byte	0
 839 00c3 10       		.uleb128 0x10
 840 00c4 34       		.uleb128 0x34
 841 00c5 00       		.byte	0
 842 00c6 03       		.uleb128 0x3
 843 00c7 0E       		.uleb128 0xe
 844 00c8 3A       		.uleb128 0x3a
 845 00c9 0B       		.uleb128 0xb
 846 00ca 3B       		.uleb128 0x3b
 847 00cb 0B       		.uleb128 0xb
 848 00cc 49       		.uleb128 0x49
 849 00cd 13       		.uleb128 0x13
 850 00ce 02       		.uleb128 0x2
 851 00cf 17       		.uleb128 0x17
 852 00d0 00       		.byte	0
 853 00d1 00       		.byte	0
 854 00d2 11       		.uleb128 0x11
 855 00d3 898201   		.uleb128 0x4109
 856 00d6 00       		.byte	0
 857 00d7 11       		.uleb128 0x11
 858 00d8 01       		.uleb128 0x1
 859 00d9 31       		.uleb128 0x31
ARM GAS  C:\Users\DGILLI~1\AppData\Local\Temp\cciFpXyd.s 			page 21


 860 00da 13       		.uleb128 0x13
 861 00db 00       		.byte	0
 862 00dc 00       		.byte	0
 863 00dd 12       		.uleb128 0x12
 864 00de 0B       		.uleb128 0xb
 865 00df 01       		.byte	0x1
 866 00e0 11       		.uleb128 0x11
 867 00e1 01       		.uleb128 0x1
 868 00e2 12       		.uleb128 0x12
 869 00e3 06       		.uleb128 0x6
 870 00e4 00       		.byte	0
 871 00e5 00       		.byte	0
 872 00e6 13       		.uleb128 0x13
 873 00e7 34       		.uleb128 0x34
 874 00e8 00       		.byte	0
 875 00e9 03       		.uleb128 0x3
 876 00ea 0E       		.uleb128 0xe
 877 00eb 3A       		.uleb128 0x3a
 878 00ec 0B       		.uleb128 0xb
 879 00ed 3B       		.uleb128 0x3b
 880 00ee 0B       		.uleb128 0xb
 881 00ef 49       		.uleb128 0x49
 882 00f0 13       		.uleb128 0x13
 883 00f1 3F       		.uleb128 0x3f
 884 00f2 19       		.uleb128 0x19
 885 00f3 02       		.uleb128 0x2
 886 00f4 18       		.uleb128 0x18
 887 00f5 00       		.byte	0
 888 00f6 00       		.byte	0
 889 00f7 14       		.uleb128 0x14
 890 00f8 34       		.uleb128 0x34
 891 00f9 00       		.byte	0
 892 00fa 03       		.uleb128 0x3
 893 00fb 0E       		.uleb128 0xe
 894 00fc 3A       		.uleb128 0x3a
 895 00fd 0B       		.uleb128 0xb
 896 00fe 3B       		.uleb128 0x3b
 897 00ff 0B       		.uleb128 0xb
 898 0100 49       		.uleb128 0x49
 899 0101 13       		.uleb128 0x13
 900 0102 3F       		.uleb128 0x3f
 901 0103 19       		.uleb128 0x19
 902 0104 3C       		.uleb128 0x3c
 903 0105 19       		.uleb128 0x19
 904 0106 00       		.byte	0
 905 0107 00       		.byte	0
 906 0108 15       		.uleb128 0x15
 907 0109 2E       		.uleb128 0x2e
 908 010a 01       		.byte	0x1
 909 010b 3F       		.uleb128 0x3f
 910 010c 19       		.uleb128 0x19
 911 010d 03       		.uleb128 0x3
 912 010e 0E       		.uleb128 0xe
 913 010f 3A       		.uleb128 0x3a
 914 0110 0B       		.uleb128 0xb
 915 0111 3B       		.uleb128 0x3b
 916 0112 0B       		.uleb128 0xb
ARM GAS  C:\Users\DGILLI~1\AppData\Local\Temp\cciFpXyd.s 			page 22


 917 0113 27       		.uleb128 0x27
 918 0114 19       		.uleb128 0x19
 919 0115 3C       		.uleb128 0x3c
 920 0116 19       		.uleb128 0x19
 921 0117 01       		.uleb128 0x1
 922 0118 13       		.uleb128 0x13
 923 0119 00       		.byte	0
 924 011a 00       		.byte	0
 925 011b 16       		.uleb128 0x16
 926 011c 05       		.uleb128 0x5
 927 011d 00       		.byte	0
 928 011e 49       		.uleb128 0x49
 929 011f 13       		.uleb128 0x13
 930 0120 00       		.byte	0
 931 0121 00       		.byte	0
 932 0122 17       		.uleb128 0x17
 933 0123 2E       		.uleb128 0x2e
 934 0124 01       		.byte	0x1
 935 0125 3F       		.uleb128 0x3f
 936 0126 19       		.uleb128 0x19
 937 0127 03       		.uleb128 0x3
 938 0128 0E       		.uleb128 0xe
 939 0129 3A       		.uleb128 0x3a
 940 012a 0B       		.uleb128 0xb
 941 012b 3B       		.uleb128 0x3b
 942 012c 0B       		.uleb128 0xb
 943 012d 27       		.uleb128 0x27
 944 012e 19       		.uleb128 0x19
 945 012f 49       		.uleb128 0x49
 946 0130 13       		.uleb128 0x13
 947 0131 3C       		.uleb128 0x3c
 948 0132 19       		.uleb128 0x19
 949 0133 01       		.uleb128 0x1
 950 0134 13       		.uleb128 0x13
 951 0135 00       		.byte	0
 952 0136 00       		.byte	0
 953 0137 18       		.uleb128 0x18
 954 0138 2E       		.uleb128 0x2e
 955 0139 00       		.byte	0
 956 013a 3F       		.uleb128 0x3f
 957 013b 19       		.uleb128 0x19
 958 013c 03       		.uleb128 0x3
 959 013d 0E       		.uleb128 0xe
 960 013e 3A       		.uleb128 0x3a
 961 013f 0B       		.uleb128 0xb
 962 0140 3B       		.uleb128 0x3b
 963 0141 0B       		.uleb128 0xb
 964 0142 27       		.uleb128 0x27
 965 0143 19       		.uleb128 0x19
 966 0144 49       		.uleb128 0x49
 967 0145 13       		.uleb128 0x13
 968 0146 3C       		.uleb128 0x3c
 969 0147 19       		.uleb128 0x19
 970 0148 00       		.byte	0
 971 0149 00       		.byte	0
 972 014a 19       		.uleb128 0x19
 973 014b 2E       		.uleb128 0x2e
ARM GAS  C:\Users\DGILLI~1\AppData\Local\Temp\cciFpXyd.s 			page 23


 974 014c 01       		.byte	0x1
 975 014d 3F       		.uleb128 0x3f
 976 014e 19       		.uleb128 0x19
 977 014f 03       		.uleb128 0x3
 978 0150 0E       		.uleb128 0xe
 979 0151 3A       		.uleb128 0x3a
 980 0152 0B       		.uleb128 0xb
 981 0153 3B       		.uleb128 0x3b
 982 0154 0B       		.uleb128 0xb
 983 0155 27       		.uleb128 0x27
 984 0156 19       		.uleb128 0x19
 985 0157 3C       		.uleb128 0x3c
 986 0158 19       		.uleb128 0x19
 987 0159 00       		.byte	0
 988 015a 00       		.byte	0
 989 015b 00       		.byte	0
 990              		.section	.debug_loc,"",%progbits
 991              	.Ldebug_loc0:
 992              	.LLST0:
 993 0000 06000000 		.4byte	.LVL2
 994 0004 1D000000 		.4byte	.LVL3-1
 995 0008 0100     		.2byte	0x1
 996 000a 50       		.byte	0x50
 997 000b 00000000 		.4byte	0
 998 000f 00000000 		.4byte	0
 999              	.LLST1:
 1000 0013 44000000 		.4byte	.LVL8
 1001 0017 5B000000 		.4byte	.LVL9-1
 1002 001b 0100     		.2byte	0x1
 1003 001d 50       		.byte	0x50
 1004 001e 00000000 		.4byte	0
 1005 0022 00000000 		.4byte	0
 1006              	.LLST2:
 1007 0026 30000000 		.4byte	.LVL6
 1008 002a 3F000000 		.4byte	.LVL7-1
 1009 002e 0100     		.2byte	0x1
 1010 0030 50       		.byte	0x50
 1011 0031 00000000 		.4byte	0
 1012 0035 00000000 		.4byte	0
 1013              		.section	.debug_aranges,"",%progbits
 1014 0000 34000000 		.4byte	0x34
 1015 0004 0200     		.2byte	0x2
 1016 0006 00000000 		.4byte	.Ldebug_info0
 1017 000a 04       		.byte	0x4
 1018 000b 00       		.byte	0
 1019 000c 0000     		.2byte	0
 1020 000e 0000     		.2byte	0
 1021 0010 00000000 		.4byte	.LFB0
 1022 0014 70000000 		.4byte	.LFE0-.LFB0
 1023 0018 00000000 		.4byte	.LFB1
 1024 001c 24000000 		.4byte	.LFE1-.LFB1
 1025 0020 00000000 		.4byte	.LFB2
 1026 0024 28000000 		.4byte	.LFE2-.LFB2
 1027 0028 00000000 		.4byte	.LFB3
 1028 002c B4000000 		.4byte	.LFE3-.LFB3
 1029 0030 00000000 		.4byte	0
 1030 0034 00000000 		.4byte	0
ARM GAS  C:\Users\DGILLI~1\AppData\Local\Temp\cciFpXyd.s 			page 24


 1031              		.section	.debug_ranges,"",%progbits
 1032              	.Ldebug_ranges0:
 1033 0000 00000000 		.4byte	.LFB0
 1034 0004 70000000 		.4byte	.LFE0
 1035 0008 00000000 		.4byte	.LFB1
 1036 000c 24000000 		.4byte	.LFE1
 1037 0010 00000000 		.4byte	.LFB2
 1038 0014 28000000 		.4byte	.LFE2
 1039 0018 00000000 		.4byte	.LFB3
 1040 001c B4000000 		.4byte	.LFE3
 1041 0020 00000000 		.4byte	0
 1042 0024 00000000 		.4byte	0
 1043              		.section	.debug_line,"",%progbits
 1044              	.Ldebug_line0:
 1045 0000 D6000000 		.section	.debug_str,"MS",%progbits,1
 1045      02006100 
 1045      00000201 
 1045      FB0E0D00 
 1045      01010101 
 1046              	.LASF44:
 1047 0000 43794465 		.ascii	"CyDelayCycles\000"
 1047      6C617943 
 1047      79636C65 
 1047      7300
 1048              	.LASF16:
 1049 000e 72656733 		.ascii	"reg32\000"
 1049      3200
 1050              	.LASF41:
 1051 0014 433A5C55 		.ascii	"C:\\Users\\DGilliland\\Documents\\GitHub\\ODAS\\ODA"
 1051      73657273 
 1051      5C444769 
 1051      6C6C696C 
 1051      616E645C 
 1052 0041 532D5053 		.ascii	"S-PSOC5\\Projects\\ODAS-PSOC5-I2CIO8-Serial.cydsn\000"
 1052      4F43355C 
 1052      50726F6A 
 1052      65637473 
 1052      5C4F4441 
 1053              	.LASF42:
 1054 0071 4379496E 		.ascii	"CyIntSetVector\000"
 1054      74536574 
 1054      56656374 
 1054      6F7200
 1055              	.LASF3:
 1056 0080 73686F72 		.ascii	"short unsigned int\000"
 1056      7420756E 
 1056      7369676E 
 1056      65642069 
 1056      6E7400
 1057              	.LASF30:
 1058 0093 626C6F63 		.ascii	"blockResetCycles\000"
 1058      6B526573 
 1058      65744379 
 1058      636C6573 
 1058      00
 1059              	.LASF27:
 1060 00a4 4932435F 		.ascii	"I2C_Start\000"
ARM GAS  C:\Users\DGILLI~1\AppData\Local\Temp\cciFpXyd.s 			page 25


 1060      53746172 
 1060      7400
 1061              	.LASF35:
 1062 00ae 4932435F 		.ascii	"I2C_mstrRdBufIndex\000"
 1062      6D737472 
 1062      52644275 
 1062      66496E64 
 1062      657800
 1063              	.LASF12:
 1064 00c1 666C6F61 		.ascii	"float\000"
 1064      7400
 1065              	.LASF7:
 1066 00c7 6C6F6E67 		.ascii	"long long unsigned int\000"
 1066      206C6F6E 
 1066      6720756E 
 1066      7369676E 
 1066      65642069 
 1067              	.LASF1:
 1068 00de 756E7369 		.ascii	"unsigned char\000"
 1068      676E6564 
 1068      20636861 
 1068      7200
 1069              	.LASF15:
 1070 00ec 72656738 		.ascii	"reg8\000"
 1070      00
 1071              	.LASF5:
 1072 00f1 6C6F6E67 		.ascii	"long unsigned int\000"
 1072      20756E73 
 1072      69676E65 
 1072      6420696E 
 1072      7400
 1073              	.LASF21:
 1074 0103 61646472 		.ascii	"addr\000"
 1074      00
 1075              	.LASF26:
 1076 0108 4932435F 		.ascii	"I2C_Enable\000"
 1076      456E6162 
 1076      6C6500
 1077              	.LASF13:
 1078 0113 646F7562 		.ascii	"double\000"
 1078      6C6500
 1079              	.LASF10:
 1080 011a 75696E74 		.ascii	"uint16\000"
 1080      313600
 1081              	.LASF28:
 1082 0121 4932435F 		.ascii	"I2C_Stop\000"
 1082      53746F70 
 1082      00
 1083              	.LASF11:
 1084 012a 75696E74 		.ascii	"uint32\000"
 1084      333200
 1085              	.LASF39:
 1086 0131 474E5520 		.ascii	"GNU C 4.9.3 20150303 (release) [ARM/embedded-4_9-br"
 1086      4320342E 
 1086      392E3320 
 1086      32303135 
 1086      30333033 
ARM GAS  C:\Users\DGILLI~1\AppData\Local\Temp\cciFpXyd.s 			page 26


 1087 0164 616E6368 		.ascii	"anch revision 221220] -mcpu=cortex-m3 -mthumb -g -O"
 1087      20726576 
 1087      6973696F 
 1087      6E203232 
 1087      31323230 
 1088 0197 67202D66 		.ascii	"g -ffunction-sections -ffat-lto-objects\000"
 1088      66756E63 
 1088      74696F6E 
 1088      2D736563 
 1088      74696F6E 
 1089              	.LASF29:
 1090 01bf 696E7453 		.ascii	"intState\000"
 1090      74617465 
 1090      00
 1091              	.LASF8:
 1092 01c8 756E7369 		.ascii	"unsigned int\000"
 1092      676E6564 
 1092      20696E74 
 1092      00
 1093              	.LASF38:
 1094 01d5 43794578 		.ascii	"CyExitCriticalSection\000"
 1094      69744372 
 1094      69746963 
 1094      616C5365 
 1094      6374696F 
 1095              	.LASF37:
 1096 01eb 4379496E 		.ascii	"CyIntSetPriority\000"
 1096      74536574 
 1096      5072696F 
 1096      72697479 
 1096      00
 1097              	.LASF22:
 1098 01fc 636C6B44 		.ascii	"clkDiv1\000"
 1098      69763100 
 1099              	.LASF23:
 1100 0204 636C6B44 		.ascii	"clkDiv2\000"
 1100      69763200 
 1101              	.LASF43:
 1102 020c 4379456E 		.ascii	"CyEnterCriticalSection\000"
 1102      74657243 
 1102      72697469 
 1102      63616C53 
 1102      65637469 
 1103              	.LASF17:
 1104 0223 63796973 		.ascii	"cyisraddress\000"
 1104      72616464 
 1104      72657373 
 1104      00
 1105              	.LASF0:
 1106 0230 7369676E 		.ascii	"signed char\000"
 1106      65642063 
 1106      68617200 
 1107              	.LASF25:
 1108 023c 4932435F 		.ascii	"I2C_Init\000"
 1108      496E6974 
 1108      00
 1109              	.LASF18:
ARM GAS  C:\Users\DGILLI~1\AppData\Local\Temp\cciFpXyd.s 			page 27


 1110 0245 73697A65 		.ascii	"sizetype\000"
 1110      74797065 
 1110      00
 1111              	.LASF6:
 1112 024e 6C6F6E67 		.ascii	"long long int\000"
 1112      206C6F6E 
 1112      6720696E 
 1112      7400
 1113              	.LASF14:
 1114 025c 63686172 		.ascii	"char\000"
 1114      00
 1115              	.LASF20:
 1116 0261 78636667 		.ascii	"xcfg\000"
 1116      00
 1117              	.LASF24:
 1118 0266 4932435F 		.ascii	"I2C_BACKUP_STRUCT\000"
 1118      4241434B 
 1118      55505F53 
 1118      54525543 
 1118      5400
 1119              	.LASF2:
 1120 0278 73686F72 		.ascii	"short int\000"
 1120      7420696E 
 1120      7400
 1121              	.LASF9:
 1122 0282 75696E74 		.ascii	"uint8\000"
 1122      3800
 1123              	.LASF34:
 1124 0288 4932435F 		.ascii	"I2C_mstrStatus\000"
 1124      6D737472 
 1124      53746174 
 1124      757300
 1125              	.LASF4:
 1126 0297 6C6F6E67 		.ascii	"long int\000"
 1126      20696E74 
 1126      00
 1127              	.LASF19:
 1128 02a0 656E6162 		.ascii	"enableState\000"
 1128      6C655374 
 1128      61746500 
 1129              	.LASF32:
 1130 02ac 4932435F 		.ascii	"I2C_backup\000"
 1130      6261636B 
 1130      757000
 1131              	.LASF33:
 1132 02b7 4932435F 		.ascii	"I2C_state\000"
 1132      73746174 
 1132      6500
 1133              	.LASF36:
 1134 02c1 4932435F 		.ascii	"I2C_mstrWrBufIndex\000"
 1134      6D737472 
 1134      57724275 
 1134      66496E64 
 1134      657800
 1135              	.LASF40:
 1136 02d4 47656E65 		.ascii	"Generated_Source\\PSoC5\\I2C.c\000"
 1136      72617465 
ARM GAS  C:\Users\DGILLI~1\AppData\Local\Temp\cciFpXyd.s 			page 28


 1136      645F536F 
 1136      75726365 
 1136      5C50536F 
 1137              	.LASF31:
 1138 02f1 4932435F 		.ascii	"I2C_initVar\000"
 1138      696E6974 
 1138      56617200 
 1139              		.ident	"GCC: (GNU Tools for ARM Embedded Processors) 4.9.3 20150303 (release) [ARM/embedded-4_9-br
