ARM GAS  C:\Users\HPz420\AppData\Local\Temp\ccF4LKXQ.s 			page 1


   1              		.syntax unified
   2              		.cpu cortex-m3
   3              		.fpu softvfp
   4              		.eabi_attribute 20, 1
   5              		.eabi_attribute 21, 1
   6              		.eabi_attribute 23, 3
   7              		.eabi_attribute 24, 1
   8              		.eabi_attribute 25, 1
   9              		.eabi_attribute 26, 1
  10              		.eabi_attribute 30, 6
  11              		.eabi_attribute 34, 1
  12              		.eabi_attribute 18, 4
  13              		.thumb
  14              		.syntax unified
  15              		.file	"I2CIO8.c"
  16              		.text
  17              	.Ltext0:
  18              		.cfi_sections	.debug_frame
  19              		.global	wrDataBuffer
  20              		.data
  21              		.align	2
  22              		.type	wrDataBuffer, %object
  23              		.size	wrDataBuffer, 10
  24              	wrDataBuffer:
  25 0000 F0       		.byte	-16
  26 0001 00       		.byte	0
  27 0002 00       		.byte	0
  28 0003 00       		.byte	0
  29 0004 00       		.byte	0
  30 0005 00       		.byte	0
  31 0006 00       		.byte	0
  32 0007 00       		.byte	0
  33 0008 00       		.byte	0
  34 0009 00       		.byte	0
  35              		.global	rdDataBuffer
  36              		.bss
  37              		.align	2
  38              		.type	rdDataBuffer, %object
  39              		.size	rdDataBuffer, 4
  40              	rdDataBuffer:
  41 0000 00000000 		.space	4
  42              		.section	.text.initI2CIO8Regs,"ax",%progbits
  43              		.align	2
  44              		.global	initI2CIO8Regs
  45              		.thumb
  46              		.thumb_func
  47              		.type	initI2CIO8Regs, %function
  48              	initI2CIO8Regs:
  49              	.LFB0:
  50              		.file 1 "I2CIO8.c"
   1:I2CIO8.c      **** /* ========================================
   2:I2CIO8.c      ****  *
   3:I2CIO8.c      ****  * Copyright YOUR COMPANY, THE YEAR
   4:I2CIO8.c      ****  * All Rights Reserved
   5:I2CIO8.c      ****  * UNPUBLISHED, LICENSED SOFTWARE.
   6:I2CIO8.c      ****  *
   7:I2CIO8.c      ****  * CONFIDENTIAL AND PROPRIETARY INFORMATION
ARM GAS  C:\Users\HPz420\AppData\Local\Temp\ccF4LKXQ.s 			page 2


   8:I2CIO8.c      ****  * WHICH IS THE PROPERTY OF your company.
   9:I2CIO8.c      ****  *
  10:I2CIO8.c      ****  * ========================================
  11:I2CIO8.c      **** */
  12:I2CIO8.c      **** 
  13:I2CIO8.c      **** #include "I2C_PVT.h"
  14:I2CIO8.c      **** #include "I2CIO8.h"
  15:I2CIO8.c      **** 
  16:I2CIO8.c      **** uint8 wrDataBuffer[] = {0xf0,0,0,0,0,0,0,0,0,0};
  17:I2CIO8.c      **** uint8 rdDataBuffer[] = {0,0,0,0};
  18:I2CIO8.c      **** 
  19:I2CIO8.c      **** // Initialize all the MCP23008 registers for MCP23008
  20:I2CIO8.c      **** 
  21:I2CIO8.c      **** void initI2CIO8Regs(void)
  22:I2CIO8.c      **** {    
  51              		.loc 1 22 0
  52              		.cfi_startproc
  53              		@ args = 0, pretend = 0, frame = 0
  54              		@ frame_needed = 1, uses_anonymous_args = 0
  55 0000 80B5     		push	{r7, lr}
  56              		.cfi_def_cfa_offset 8
  57              		.cfi_offset 7, -8
  58              		.cfi_offset 14, -4
  59 0002 00AF     		add	r7, sp, #0
  60              		.cfi_def_cfa_register 7
  23:I2CIO8.c      ****     I2C_MasterWriteBuf(MCP23008_ADDRESS, wrDataBuffer, MCP23008_BUFLEN, I2C_MODE_COMPLETE_XFER);
  61              		.loc 1 23 0
  62 0004 0023     		movs	r3, #0
  63 0006 0A22     		movs	r2, #10
  64 0008 0249     		ldr	r1, .L2
  65 000a 2020     		movs	r0, #32
  66 000c FFF7FEFF 		bl	I2C_MasterWriteBuf
  24:I2CIO8.c      **** }
  67              		.loc 1 24 0
  68 0010 00BF     		nop
  69 0012 80BD     		pop	{r7, pc}
  70              	.L3:
  71              		.align	2
  72              	.L2:
  73 0014 00000000 		.word	wrDataBuffer
  74              		.cfi_endproc
  75              	.LFE0:
  76              		.size	initI2CIO8Regs, .-initI2CIO8Regs
  77              		.section	.text.I2CWriteByte,"ax",%progbits
  78              		.align	2
  79              		.global	I2CWriteByte
  80              		.thumb
  81              		.thumb_func
  82              		.type	I2CWriteByte, %function
  83              	I2CWriteByte:
  84              	.LFB1:
  25:I2CIO8.c      ****     
  26:I2CIO8.c      **** //////////////////////////////////////////////////////////////////////////////
  27:I2CIO8.c      **** // I2CWriteByte - Function to make it easier to write to a single location
  28:I2CIO8.c      **** //////////////////////////////////////////////////////////////////////////////
  29:I2CIO8.c      **** 
  30:I2CIO8.c      **** int I2CWriteByte(uint8 I2C_addr, uint8 mcpRegister, uint8 outValue)
ARM GAS  C:\Users\HPz420\AppData\Local\Temp\ccF4LKXQ.s 			page 3


  31:I2CIO8.c      **** {
  85              		.loc 1 31 0
  86              		.cfi_startproc
  87              		@ args = 0, pretend = 0, frame = 8
  88              		@ frame_needed = 1, uses_anonymous_args = 0
  89 0000 80B5     		push	{r7, lr}
  90              		.cfi_def_cfa_offset 8
  91              		.cfi_offset 7, -8
  92              		.cfi_offset 14, -4
  93 0002 82B0     		sub	sp, sp, #8
  94              		.cfi_def_cfa_offset 16
  95 0004 00AF     		add	r7, sp, #0
  96              		.cfi_def_cfa_register 7
  97 0006 0346     		mov	r3, r0
  98 0008 FB71     		strb	r3, [r7, #7]
  99 000a 0B46     		mov	r3, r1
 100 000c BB71     		strb	r3, [r7, #6]
 101 000e 1346     		mov	r3, r2
 102 0010 7B71     		strb	r3, [r7, #5]
  32:I2CIO8.c      ****     wrDataBuffer[0] = mcpRegister;
 103              		.loc 1 32 0
 104 0012 0B4A     		ldr	r2, .L7
 105 0014 BB79     		ldrb	r3, [r7, #6]
 106 0016 1370     		strb	r3, [r2]
  33:I2CIO8.c      ****     wrDataBuffer[1] = outValue;
 107              		.loc 1 33 0
 108 0018 094A     		ldr	r2, .L7
 109 001a 7B79     		ldrb	r3, [r7, #5]
 110 001c 5370     		strb	r3, [r2, #1]
  34:I2CIO8.c      ****     I2C_MasterWriteBuf(I2C_addr, wrDataBuffer, 2, I2C_MODE_COMPLETE_XFER);
 111              		.loc 1 34 0
 112 001e F879     		ldrb	r0, [r7, #7]	@ zero_extendqisi2
 113 0020 0023     		movs	r3, #0
 114 0022 0222     		movs	r2, #2
 115 0024 0649     		ldr	r1, .L7
 116 0026 FFF7FEFF 		bl	I2C_MasterWriteBuf
  35:I2CIO8.c      ****     while(I2C_MasterStatus() == I2C_MSTAT_XFER_INP);
 117              		.loc 1 35 0
 118 002a 00BF     		nop
 119              	.L5:
 120              		.loc 1 35 0 is_stmt 0 discriminator 1
 121 002c FFF7FEFF 		bl	I2C_MasterStatus
 122 0030 0346     		mov	r3, r0
 123 0032 042B     		cmp	r3, #4
 124 0034 FAD0     		beq	.L5
  36:I2CIO8.c      ****     return(1);
 125              		.loc 1 36 0 is_stmt 1
 126 0036 0123     		movs	r3, #1
  37:I2CIO8.c      **** }
 127              		.loc 1 37 0
 128 0038 1846     		mov	r0, r3
 129 003a 0837     		adds	r7, r7, #8
 130              		.cfi_def_cfa_offset 8
 131 003c BD46     		mov	sp, r7
 132              		.cfi_def_cfa_register 13
 133              		@ sp needed
 134 003e 80BD     		pop	{r7, pc}
ARM GAS  C:\Users\HPz420\AppData\Local\Temp\ccF4LKXQ.s 			page 4


 135              	.L8:
 136              		.align	2
 137              	.L7:
 138 0040 00000000 		.word	wrDataBuffer
 139              		.cfi_endproc
 140              	.LFE1:
 141              		.size	I2CWriteByte, .-I2CWriteByte
 142              		.section	.text.I2CReadByte,"ax",%progbits
 143              		.align	2
 144              		.global	I2CReadByte
 145              		.thumb
 146              		.thumb_func
 147              		.type	I2CReadByte, %function
 148              	I2CReadByte:
 149              	.LFB2:
  38:I2CIO8.c      **** 
  39:I2CIO8.c      **** //////////////////////////////////////////////////////////////////////////////
  40:I2CIO8.c      **** // I2CReadByte - Function to make it easier to read a byte from a single location
  41:I2CIO8.c      **** //////////////////////////////////////////////////////////////////////////////
  42:I2CIO8.c      **** 
  43:I2CIO8.c      **** uint8 I2CReadByte(uint8 I2C_addr, uint8 mcpRegister)
  44:I2CIO8.c      **** {
 150              		.loc 1 44 0
 151              		.cfi_startproc
 152              		@ args = 0, pretend = 0, frame = 16
 153              		@ frame_needed = 1, uses_anonymous_args = 0
 154 0000 80B5     		push	{r7, lr}
 155              		.cfi_def_cfa_offset 8
 156              		.cfi_offset 7, -8
 157              		.cfi_offset 14, -4
 158 0002 84B0     		sub	sp, sp, #16
 159              		.cfi_def_cfa_offset 24
 160 0004 00AF     		add	r7, sp, #0
 161              		.cfi_def_cfa_register 7
 162 0006 0346     		mov	r3, r0
 163 0008 0A46     		mov	r2, r1
 164 000a FB71     		strb	r3, [r7, #7]
 165 000c 1346     		mov	r3, r2
 166 000e BB71     		strb	r3, [r7, #6]
  45:I2CIO8.c      ****     uint8 rdBuff;
  46:I2CIO8.c      ****     wrDataBuffer[0] = mcpRegister;
 167              		.loc 1 46 0
 168 0010 094A     		ldr	r2, .L11
 169 0012 BB79     		ldrb	r3, [r7, #6]
 170 0014 1370     		strb	r3, [r2]
  47:I2CIO8.c      ****     I2C_MasterWriteBuf(I2C_addr, wrDataBuffer, 1, I2C_MODE_COMPLETE_XFER);
 171              		.loc 1 47 0
 172 0016 F879     		ldrb	r0, [r7, #7]	@ zero_extendqisi2
 173 0018 0023     		movs	r3, #0
 174 001a 0122     		movs	r2, #1
 175 001c 0649     		ldr	r1, .L11
 176 001e FFF7FEFF 		bl	I2C_MasterWriteBuf
  48:I2CIO8.c      ****     rdBuff = I2C_MasterReadByte(I2C_ACK_DATA);
 177              		.loc 1 48 0
 178 0022 0120     		movs	r0, #1
 179 0024 FFF7FEFF 		bl	I2C_MasterReadByte
 180 0028 0346     		mov	r3, r0
ARM GAS  C:\Users\HPz420\AppData\Local\Temp\ccF4LKXQ.s 			page 5


 181 002a FB73     		strb	r3, [r7, #15]
  49:I2CIO8.c      ****     return(rdBuff);
 182              		.loc 1 49 0
 183 002c FB7B     		ldrb	r3, [r7, #15]	@ zero_extendqisi2
  50:I2CIO8.c      **** }
 184              		.loc 1 50 0
 185 002e 1846     		mov	r0, r3
 186 0030 1037     		adds	r7, r7, #16
 187              		.cfi_def_cfa_offset 8
 188 0032 BD46     		mov	sp, r7
 189              		.cfi_def_cfa_register 13
 190              		@ sp needed
 191 0034 80BD     		pop	{r7, pc}
 192              	.L12:
 193 0036 00BF     		.align	2
 194              	.L11:
 195 0038 00000000 		.word	wrDataBuffer
 196              		.cfi_endproc
 197              	.LFE2:
 198              		.size	I2CReadByte, .-I2CReadByte
 199              		.text
 200              	.Letext0:
 201              		.file 2 "Generated_Source\\PSoC5/cytypes.h"
 202              		.section	.debug_info,"",%progbits
 203              	.Ldebug_info0:
 204 0000 72010000 		.4byte	0x172
 205 0004 0400     		.2byte	0x4
 206 0006 00000000 		.4byte	.Ldebug_abbrev0
 207 000a 04       		.byte	0x4
 208 000b 01       		.uleb128 0x1
 209 000c F5000000 		.4byte	.LASF21
 210 0010 0C       		.byte	0xc
 211 0011 E1010000 		.4byte	.LASF22
 212 0015 58000000 		.4byte	.LASF23
 213 0019 00000000 		.4byte	.Ldebug_ranges0+0
 214 001d 00000000 		.4byte	0
 215 0021 00000000 		.4byte	.Ldebug_line0
 216 0025 02       		.uleb128 0x2
 217 0026 01       		.byte	0x1
 218 0027 06       		.byte	0x6
 219 0028 C9010000 		.4byte	.LASF0
 220 002c 02       		.uleb128 0x2
 221 002d 01       		.byte	0x1
 222 002e 08       		.byte	0x8
 223 002f 83010000 		.4byte	.LASF1
 224 0033 02       		.uleb128 0x2
 225 0034 02       		.byte	0x2
 226 0035 05       		.byte	0x5
 227 0036 F6010000 		.4byte	.LASF2
 228 003a 02       		.uleb128 0x2
 229 003b 02       		.byte	0x2
 230 003c 07       		.byte	0x7
 231 003d B6010000 		.4byte	.LASF3
 232 0041 02       		.uleb128 0x2
 233 0042 04       		.byte	0x4
 234 0043 05       		.byte	0x5
 235 0044 9F010000 		.4byte	.LASF4
ARM GAS  C:\Users\HPz420\AppData\Local\Temp\ccF4LKXQ.s 			page 6


 236 0048 02       		.uleb128 0x2
 237 0049 04       		.byte	0x4
 238 004a 07       		.byte	0x7
 239 004b 46000000 		.4byte	.LASF5
 240 004f 02       		.uleb128 0x2
 241 0050 08       		.byte	0x8
 242 0051 05       		.byte	0x5
 243 0052 00000000 		.4byte	.LASF6
 244 0056 02       		.uleb128 0x2
 245 0057 08       		.byte	0x8
 246 0058 07       		.byte	0x7
 247 0059 B2000000 		.4byte	.LASF7
 248 005d 03       		.uleb128 0x3
 249 005e 04       		.byte	0x4
 250 005f 05       		.byte	0x5
 251 0060 696E7400 		.ascii	"int\000"
 252 0064 02       		.uleb128 0x2
 253 0065 04       		.byte	0x4
 254 0066 07       		.byte	0x7
 255 0067 26000000 		.4byte	.LASF8
 256 006b 04       		.uleb128 0x4
 257 006c 40000000 		.4byte	.LASF24
 258 0070 02       		.byte	0x2
 259 0071 E401     		.2byte	0x1e4
 260 0073 2C000000 		.4byte	0x2c
 261 0077 02       		.uleb128 0x2
 262 0078 04       		.byte	0x4
 263 0079 04       		.byte	0x4
 264 007a D6000000 		.4byte	.LASF9
 265 007e 02       		.uleb128 0x2
 266 007f 08       		.byte	0x8
 267 0080 04       		.byte	0x4
 268 0081 A8010000 		.4byte	.LASF10
 269 0085 02       		.uleb128 0x2
 270 0086 01       		.byte	0x1
 271 0087 08       		.byte	0x8
 272 0088 91010000 		.4byte	.LASF11
 273 008c 02       		.uleb128 0x2
 274 008d 08       		.byte	0x8
 275 008e 04       		.byte	0x4
 276 008f D5010000 		.4byte	.LASF12
 277 0093 02       		.uleb128 0x2
 278 0094 04       		.byte	0x4
 279 0095 07       		.byte	0x7
 280 0096 00020000 		.4byte	.LASF13
 281 009a 05       		.uleb128 0x5
 282 009b 17000000 		.4byte	.LASF25
 283 009f 01       		.byte	0x1
 284 00a0 15       		.byte	0x15
 285 00a1 00000000 		.4byte	.LFB0
 286 00a5 18000000 		.4byte	.LFE0-.LFB0
 287 00a9 01       		.uleb128 0x1
 288 00aa 9C       		.byte	0x9c
 289 00ab 06       		.uleb128 0x6
 290 00ac E8000000 		.4byte	.LASF17
 291 00b0 01       		.byte	0x1
 292 00b1 1E       		.byte	0x1e
ARM GAS  C:\Users\HPz420\AppData\Local\Temp\ccF4LKXQ.s 			page 7


 293 00b2 5D000000 		.4byte	0x5d
 294 00b6 00000000 		.4byte	.LFB1
 295 00ba 44000000 		.4byte	.LFE1-.LFB1
 296 00be 01       		.uleb128 0x1
 297 00bf 9C       		.byte	0x9c
 298 00c0 EF000000 		.4byte	0xef
 299 00c4 07       		.uleb128 0x7
 300 00c5 96010000 		.4byte	.LASF14
 301 00c9 01       		.byte	0x1
 302 00ca 1E       		.byte	0x1e
 303 00cb 6B000000 		.4byte	0x6b
 304 00cf 02       		.uleb128 0x2
 305 00d0 91       		.byte	0x91
 306 00d1 77       		.sleb128 -9
 307 00d2 07       		.uleb128 0x7
 308 00d3 EA010000 		.4byte	.LASF15
 309 00d7 01       		.byte	0x1
 310 00d8 1E       		.byte	0x1e
 311 00d9 6B000000 		.4byte	0x6b
 312 00dd 02       		.uleb128 0x2
 313 00de 91       		.byte	0x91
 314 00df 76       		.sleb128 -10
 315 00e0 07       		.uleb128 0x7
 316 00e1 0E000000 		.4byte	.LASF16
 317 00e5 01       		.byte	0x1
 318 00e6 1E       		.byte	0x1e
 319 00e7 6B000000 		.4byte	0x6b
 320 00eb 02       		.uleb128 0x2
 321 00ec 91       		.byte	0x91
 322 00ed 75       		.sleb128 -11
 323 00ee 00       		.byte	0
 324 00ef 06       		.uleb128 0x6
 325 00f0 DC000000 		.4byte	.LASF18
 326 00f4 01       		.byte	0x1
 327 00f5 2B       		.byte	0x2b
 328 00f6 6B000000 		.4byte	0x6b
 329 00fa 00000000 		.4byte	.LFB2
 330 00fe 3C000000 		.4byte	.LFE2-.LFB2
 331 0102 01       		.uleb128 0x1
 332 0103 9C       		.byte	0x9c
 333 0104 33010000 		.4byte	0x133
 334 0108 07       		.uleb128 0x7
 335 0109 96010000 		.4byte	.LASF14
 336 010d 01       		.byte	0x1
 337 010e 2B       		.byte	0x2b
 338 010f 6B000000 		.4byte	0x6b
 339 0113 02       		.uleb128 0x2
 340 0114 91       		.byte	0x91
 341 0115 6F       		.sleb128 -17
 342 0116 07       		.uleb128 0x7
 343 0117 EA010000 		.4byte	.LASF15
 344 011b 01       		.byte	0x1
 345 011c 2B       		.byte	0x2b
 346 011d 6B000000 		.4byte	0x6b
 347 0121 02       		.uleb128 0x2
 348 0122 91       		.byte	0x91
 349 0123 6E       		.sleb128 -18
ARM GAS  C:\Users\HPz420\AppData\Local\Temp\ccF4LKXQ.s 			page 8


 350 0124 08       		.uleb128 0x8
 351 0125 AF010000 		.4byte	.LASF26
 352 0129 01       		.byte	0x1
 353 012a 2D       		.byte	0x2d
 354 012b 6B000000 		.4byte	0x6b
 355 012f 02       		.uleb128 0x2
 356 0130 91       		.byte	0x91
 357 0131 77       		.sleb128 -9
 358 0132 00       		.byte	0
 359 0133 09       		.uleb128 0x9
 360 0134 6B000000 		.4byte	0x6b
 361 0138 43010000 		.4byte	0x143
 362 013c 0A       		.uleb128 0xa
 363 013d 93000000 		.4byte	0x93
 364 0141 09       		.byte	0x9
 365 0142 00       		.byte	0
 366 0143 0B       		.uleb128 0xb
 367 0144 33000000 		.4byte	.LASF19
 368 0148 01       		.byte	0x1
 369 0149 10       		.byte	0x10
 370 014a 33010000 		.4byte	0x133
 371 014e 05       		.uleb128 0x5
 372 014f 03       		.byte	0x3
 373 0150 00000000 		.4byte	wrDataBuffer
 374 0154 09       		.uleb128 0x9
 375 0155 6B000000 		.4byte	0x6b
 376 0159 64010000 		.4byte	0x164
 377 015d 0A       		.uleb128 0xa
 378 015e 93000000 		.4byte	0x93
 379 0162 03       		.byte	0x3
 380 0163 00       		.byte	0
 381 0164 0B       		.uleb128 0xb
 382 0165 C9000000 		.4byte	.LASF20
 383 0169 01       		.byte	0x1
 384 016a 11       		.byte	0x11
 385 016b 54010000 		.4byte	0x154
 386 016f 05       		.uleb128 0x5
 387 0170 03       		.byte	0x3
 388 0171 00000000 		.4byte	rdDataBuffer
 389 0175 00       		.byte	0
 390              		.section	.debug_abbrev,"",%progbits
 391              	.Ldebug_abbrev0:
 392 0000 01       		.uleb128 0x1
 393 0001 11       		.uleb128 0x11
 394 0002 01       		.byte	0x1
 395 0003 25       		.uleb128 0x25
 396 0004 0E       		.uleb128 0xe
 397 0005 13       		.uleb128 0x13
 398 0006 0B       		.uleb128 0xb
 399 0007 03       		.uleb128 0x3
 400 0008 0E       		.uleb128 0xe
 401 0009 1B       		.uleb128 0x1b
 402 000a 0E       		.uleb128 0xe
 403 000b 55       		.uleb128 0x55
 404 000c 17       		.uleb128 0x17
 405 000d 11       		.uleb128 0x11
 406 000e 01       		.uleb128 0x1
ARM GAS  C:\Users\HPz420\AppData\Local\Temp\ccF4LKXQ.s 			page 9


 407 000f 10       		.uleb128 0x10
 408 0010 17       		.uleb128 0x17
 409 0011 00       		.byte	0
 410 0012 00       		.byte	0
 411 0013 02       		.uleb128 0x2
 412 0014 24       		.uleb128 0x24
 413 0015 00       		.byte	0
 414 0016 0B       		.uleb128 0xb
 415 0017 0B       		.uleb128 0xb
 416 0018 3E       		.uleb128 0x3e
 417 0019 0B       		.uleb128 0xb
 418 001a 03       		.uleb128 0x3
 419 001b 0E       		.uleb128 0xe
 420 001c 00       		.byte	0
 421 001d 00       		.byte	0
 422 001e 03       		.uleb128 0x3
 423 001f 24       		.uleb128 0x24
 424 0020 00       		.byte	0
 425 0021 0B       		.uleb128 0xb
 426 0022 0B       		.uleb128 0xb
 427 0023 3E       		.uleb128 0x3e
 428 0024 0B       		.uleb128 0xb
 429 0025 03       		.uleb128 0x3
 430 0026 08       		.uleb128 0x8
 431 0027 00       		.byte	0
 432 0028 00       		.byte	0
 433 0029 04       		.uleb128 0x4
 434 002a 16       		.uleb128 0x16
 435 002b 00       		.byte	0
 436 002c 03       		.uleb128 0x3
 437 002d 0E       		.uleb128 0xe
 438 002e 3A       		.uleb128 0x3a
 439 002f 0B       		.uleb128 0xb
 440 0030 3B       		.uleb128 0x3b
 441 0031 05       		.uleb128 0x5
 442 0032 49       		.uleb128 0x49
 443 0033 13       		.uleb128 0x13
 444 0034 00       		.byte	0
 445 0035 00       		.byte	0
 446 0036 05       		.uleb128 0x5
 447 0037 2E       		.uleb128 0x2e
 448 0038 00       		.byte	0
 449 0039 3F       		.uleb128 0x3f
 450 003a 19       		.uleb128 0x19
 451 003b 03       		.uleb128 0x3
 452 003c 0E       		.uleb128 0xe
 453 003d 3A       		.uleb128 0x3a
 454 003e 0B       		.uleb128 0xb
 455 003f 3B       		.uleb128 0x3b
 456 0040 0B       		.uleb128 0xb
 457 0041 27       		.uleb128 0x27
 458 0042 19       		.uleb128 0x19
 459 0043 11       		.uleb128 0x11
 460 0044 01       		.uleb128 0x1
 461 0045 12       		.uleb128 0x12
 462 0046 06       		.uleb128 0x6
 463 0047 40       		.uleb128 0x40
ARM GAS  C:\Users\HPz420\AppData\Local\Temp\ccF4LKXQ.s 			page 10


 464 0048 18       		.uleb128 0x18
 465 0049 9642     		.uleb128 0x2116
 466 004b 19       		.uleb128 0x19
 467 004c 00       		.byte	0
 468 004d 00       		.byte	0
 469 004e 06       		.uleb128 0x6
 470 004f 2E       		.uleb128 0x2e
 471 0050 01       		.byte	0x1
 472 0051 3F       		.uleb128 0x3f
 473 0052 19       		.uleb128 0x19
 474 0053 03       		.uleb128 0x3
 475 0054 0E       		.uleb128 0xe
 476 0055 3A       		.uleb128 0x3a
 477 0056 0B       		.uleb128 0xb
 478 0057 3B       		.uleb128 0x3b
 479 0058 0B       		.uleb128 0xb
 480 0059 27       		.uleb128 0x27
 481 005a 19       		.uleb128 0x19
 482 005b 49       		.uleb128 0x49
 483 005c 13       		.uleb128 0x13
 484 005d 11       		.uleb128 0x11
 485 005e 01       		.uleb128 0x1
 486 005f 12       		.uleb128 0x12
 487 0060 06       		.uleb128 0x6
 488 0061 40       		.uleb128 0x40
 489 0062 18       		.uleb128 0x18
 490 0063 9642     		.uleb128 0x2116
 491 0065 19       		.uleb128 0x19
 492 0066 01       		.uleb128 0x1
 493 0067 13       		.uleb128 0x13
 494 0068 00       		.byte	0
 495 0069 00       		.byte	0
 496 006a 07       		.uleb128 0x7
 497 006b 05       		.uleb128 0x5
 498 006c 00       		.byte	0
 499 006d 03       		.uleb128 0x3
 500 006e 0E       		.uleb128 0xe
 501 006f 3A       		.uleb128 0x3a
 502 0070 0B       		.uleb128 0xb
 503 0071 3B       		.uleb128 0x3b
 504 0072 0B       		.uleb128 0xb
 505 0073 49       		.uleb128 0x49
 506 0074 13       		.uleb128 0x13
 507 0075 02       		.uleb128 0x2
 508 0076 18       		.uleb128 0x18
 509 0077 00       		.byte	0
 510 0078 00       		.byte	0
 511 0079 08       		.uleb128 0x8
 512 007a 34       		.uleb128 0x34
 513 007b 00       		.byte	0
 514 007c 03       		.uleb128 0x3
 515 007d 0E       		.uleb128 0xe
 516 007e 3A       		.uleb128 0x3a
 517 007f 0B       		.uleb128 0xb
 518 0080 3B       		.uleb128 0x3b
 519 0081 0B       		.uleb128 0xb
 520 0082 49       		.uleb128 0x49
ARM GAS  C:\Users\HPz420\AppData\Local\Temp\ccF4LKXQ.s 			page 11


 521 0083 13       		.uleb128 0x13
 522 0084 02       		.uleb128 0x2
 523 0085 18       		.uleb128 0x18
 524 0086 00       		.byte	0
 525 0087 00       		.byte	0
 526 0088 09       		.uleb128 0x9
 527 0089 01       		.uleb128 0x1
 528 008a 01       		.byte	0x1
 529 008b 49       		.uleb128 0x49
 530 008c 13       		.uleb128 0x13
 531 008d 01       		.uleb128 0x1
 532 008e 13       		.uleb128 0x13
 533 008f 00       		.byte	0
 534 0090 00       		.byte	0
 535 0091 0A       		.uleb128 0xa
 536 0092 21       		.uleb128 0x21
 537 0093 00       		.byte	0
 538 0094 49       		.uleb128 0x49
 539 0095 13       		.uleb128 0x13
 540 0096 2F       		.uleb128 0x2f
 541 0097 0B       		.uleb128 0xb
 542 0098 00       		.byte	0
 543 0099 00       		.byte	0
 544 009a 0B       		.uleb128 0xb
 545 009b 34       		.uleb128 0x34
 546 009c 00       		.byte	0
 547 009d 03       		.uleb128 0x3
 548 009e 0E       		.uleb128 0xe
 549 009f 3A       		.uleb128 0x3a
 550 00a0 0B       		.uleb128 0xb
 551 00a1 3B       		.uleb128 0x3b
 552 00a2 0B       		.uleb128 0xb
 553 00a3 49       		.uleb128 0x49
 554 00a4 13       		.uleb128 0x13
 555 00a5 3F       		.uleb128 0x3f
 556 00a6 19       		.uleb128 0x19
 557 00a7 02       		.uleb128 0x2
 558 00a8 18       		.uleb128 0x18
 559 00a9 00       		.byte	0
 560 00aa 00       		.byte	0
 561 00ab 00       		.byte	0
 562              		.section	.debug_aranges,"",%progbits
 563 0000 2C000000 		.4byte	0x2c
 564 0004 0200     		.2byte	0x2
 565 0006 00000000 		.4byte	.Ldebug_info0
 566 000a 04       		.byte	0x4
 567 000b 00       		.byte	0
 568 000c 0000     		.2byte	0
 569 000e 0000     		.2byte	0
 570 0010 00000000 		.4byte	.LFB0
 571 0014 18000000 		.4byte	.LFE0-.LFB0
 572 0018 00000000 		.4byte	.LFB1
 573 001c 44000000 		.4byte	.LFE1-.LFB1
 574 0020 00000000 		.4byte	.LFB2
 575 0024 3C000000 		.4byte	.LFE2-.LFB2
 576 0028 00000000 		.4byte	0
 577 002c 00000000 		.4byte	0
ARM GAS  C:\Users\HPz420\AppData\Local\Temp\ccF4LKXQ.s 			page 12


 578              		.section	.debug_ranges,"",%progbits
 579              	.Ldebug_ranges0:
 580 0000 00000000 		.4byte	.LFB0
 581 0004 18000000 		.4byte	.LFE0
 582 0008 00000000 		.4byte	.LFB1
 583 000c 44000000 		.4byte	.LFE1
 584 0010 00000000 		.4byte	.LFB2
 585 0014 3C000000 		.4byte	.LFE2
 586 0018 00000000 		.4byte	0
 587 001c 00000000 		.4byte	0
 588              		.section	.debug_line,"",%progbits
 589              	.Ldebug_line0:
 590 0000 8A000000 		.section	.debug_str,"MS",%progbits,1
 590      02004300 
 590      00000201 
 590      FB0E0D00 
 590      01010101 
 591              	.LASF6:
 592 0000 6C6F6E67 		.ascii	"long long int\000"
 592      206C6F6E 
 592      6720696E 
 592      7400
 593              	.LASF16:
 594 000e 6F757456 		.ascii	"outValue\000"
 594      616C7565 
 594      00
 595              	.LASF25:
 596 0017 696E6974 		.ascii	"initI2CIO8Regs\000"
 596      49324349 
 596      4F385265 
 596      677300
 597              	.LASF8:
 598 0026 756E7369 		.ascii	"unsigned int\000"
 598      676E6564 
 598      20696E74 
 598      00
 599              	.LASF19:
 600 0033 77724461 		.ascii	"wrDataBuffer\000"
 600      74614275 
 600      66666572 
 600      00
 601              	.LASF24:
 602 0040 75696E74 		.ascii	"uint8\000"
 602      3800
 603              	.LASF5:
 604 0046 6C6F6E67 		.ascii	"long unsigned int\000"
 604      20756E73 
 604      69676E65 
 604      6420696E 
 604      7400
 605              	.LASF23:
 606 0058 433A5C55 		.ascii	"C:\\Users\\HPz420\\Documents\\GitHub\\ODAS\\ODAS-PS"
 606      73657273 
 606      5C48507A 
 606      3432305C 
 606      446F6375 
 607 0085 4F43355C 		.ascii	"OC5\\Projects\\USBFS_UART01\\USBFS_UART01.cydsn\000"
ARM GAS  C:\Users\HPz420\AppData\Local\Temp\ccF4LKXQ.s 			page 13


 607      50726F6A 
 607      65637473 
 607      5C555342 
 607      46535F55 
 608              	.LASF7:
 609 00b2 6C6F6E67 		.ascii	"long long unsigned int\000"
 609      206C6F6E 
 609      6720756E 
 609      7369676E 
 609      65642069 
 610              	.LASF20:
 611 00c9 72644461 		.ascii	"rdDataBuffer\000"
 611      74614275 
 611      66666572 
 611      00
 612              	.LASF9:
 613 00d6 666C6F61 		.ascii	"float\000"
 613      7400
 614              	.LASF18:
 615 00dc 49324352 		.ascii	"I2CReadByte\000"
 615      65616442 
 615      79746500 
 616              	.LASF17:
 617 00e8 49324357 		.ascii	"I2CWriteByte\000"
 617      72697465 
 617      42797465 
 617      00
 618              	.LASF21:
 619 00f5 474E5520 		.ascii	"GNU C11 5.4.1 20160609 (release) [ARM/embedded-5-br"
 619      43313120 
 619      352E342E 
 619      31203230 
 619      31363036 
 620 0128 616E6368 		.ascii	"anch revision 237715] -mcpu=cortex-m3 -mthumb -g -O"
 620      20726576 
 620      6973696F 
 620      6E203233 
 620      37373135 
 621 015b 30202D66 		.ascii	"0 -ffunction-sections -ffat-lto-objects\000"
 621      66756E63 
 621      74696F6E 
 621      2D736563 
 621      74696F6E 
 622              	.LASF1:
 623 0183 756E7369 		.ascii	"unsigned char\000"
 623      676E6564 
 623      20636861 
 623      7200
 624              	.LASF11:
 625 0191 63686172 		.ascii	"char\000"
 625      00
 626              	.LASF14:
 627 0196 4932435F 		.ascii	"I2C_addr\000"
 627      61646472 
 627      00
 628              	.LASF4:
 629 019f 6C6F6E67 		.ascii	"long int\000"
ARM GAS  C:\Users\HPz420\AppData\Local\Temp\ccF4LKXQ.s 			page 14


 629      20696E74 
 629      00
 630              	.LASF10:
 631 01a8 646F7562 		.ascii	"double\000"
 631      6C6500
 632              	.LASF26:
 633 01af 72644275 		.ascii	"rdBuff\000"
 633      666600
 634              	.LASF3:
 635 01b6 73686F72 		.ascii	"short unsigned int\000"
 635      7420756E 
 635      7369676E 
 635      65642069 
 635      6E7400
 636              	.LASF0:
 637 01c9 7369676E 		.ascii	"signed char\000"
 637      65642063 
 637      68617200 
 638              	.LASF12:
 639 01d5 6C6F6E67 		.ascii	"long double\000"
 639      20646F75 
 639      626C6500 
 640              	.LASF22:
 641 01e1 49324349 		.ascii	"I2CIO8.c\000"
 641      4F382E63 
 641      00
 642              	.LASF15:
 643 01ea 6D637052 		.ascii	"mcpRegister\000"
 643      65676973 
 643      74657200 
 644              	.LASF2:
 645 01f6 73686F72 		.ascii	"short int\000"
 645      7420696E 
 645      7400
 646              	.LASF13:
 647 0200 73697A65 		.ascii	"sizetype\000"
 647      74797065 
 647      00
 648              		.ident	"GCC: (GNU Tools for ARM Embedded Processors) 5.4.1 20160609 (release) [ARM/embedded-5-bran
