ARM GAS  C:\Users\HPz420\AppData\Local\Temp\cc7ZXLel.s 			page 1


   1              		.syntax unified
   2              		.cpu cortex-m3
   3              		.fpu softvfp
   4              		.eabi_attribute 20, 1
   5              		.eabi_attribute 21, 1
   6              		.eabi_attribute 23, 3
   7              		.eabi_attribute 24, 1
   8              		.eabi_attribute 25, 1
   9              		.eabi_attribute 26, 1
  10              		.eabi_attribute 30, 6
  11              		.eabi_attribute 34, 1
  12              		.eabi_attribute 18, 4
  13              		.thumb
  14              		.syntax unified
  15              		.file	"main.c"
  16              		.text
  17              	.Ltext0:
  18              		.cfi_sections	.debug_frame
  19              		.syntax unified
  20              		.global _printf_float
  21              		.thumb
  22              		.syntax unified
  23              		.section	.text.main,"ax",%progbits
  24              		.align	2
  25              		.global	main
  26              		.thumb
  27              		.thumb_func
  28              		.type	main, %function
  29              	main:
  30              	.LFB64:
  31              		.file 1 "main.c"
   1:main.c        **** /*******************************************************************************
   2:main.c        **** * File Name: main.c
   3:main.c        **** *
   4:main.c        **** * Version: 2.0
   5:main.c        **** *
   6:main.c        **** * Description:
   7:main.c        **** *   The component is enumerated as a Virtual Com port. Receives data from the 
   8:main.c        **** *   hyper terminal, then sends back the received data.
   9:main.c        **** *   For PSoC3/PSoC5LP, the LCD shows the line settings.
  10:main.c        **** *
  11:main.c        **** * Related Document:
  12:main.c        **** *  Universal Serial Bus Specification Revision 2.0
  13:main.c        **** *  Universal Serial Bus Class Definitions for Communications Devices
  14:main.c        **** *  Revision 1.2
  15:main.c        **** *
  16:main.c        **** ********************************************************************************
  17:main.c        **** * Copyright 2015, Cypress Semiconductor Corporation. All rights reserved.
  18:main.c        **** * This software is owned by Cypress Semiconductor Corporation and is protected
  19:main.c        **** * by and subject to worldwide patent and copyright laws and treaties.
  20:main.c        **** * Therefore, you may use this software only as provided in the license agreement
  21:main.c        **** * accompanying the software package from which you obtained this software.
  22:main.c        **** * CYPRESS AND ITS SUPPLIERS MAKE NO WARRANTY OF ANY KIND, EXPRESS OR IMPLIED,
  23:main.c        **** * WITH REGARD TO THIS SOFTWARE, INCLUDING, BUT NOT LIMITED TO, NONINFRINGEMENT,
  24:main.c        **** * IMPLIED WARRANTIES OF MERCHANTABILITY AND FITNESS FOR A PARTICULAR PURPOSE.
  25:main.c        **** *******************************************************************************/
  26:main.c        **** 
ARM GAS  C:\Users\HPz420\AppData\Local\Temp\cc7ZXLel.s 			page 2


  27:main.c        **** #include <project.h>
  28:main.c        **** #include "stdio.h"
  29:main.c        **** 
  30:main.c        **** #if defined (__GNUC__)
  31:main.c        ****     /* Add an explicit reference to the floating point printf library */
  32:main.c        ****     /* to allow usage of the floating point conversion specifiers. */
  33:main.c        ****     /* This is not linked in by default with the newlib-nano library. */
  34:main.c        ****     asm (".global _printf_float");
  35:main.c        **** #endif
  36:main.c        **** 
  37:main.c        **** #define USBFS_DEVICE    (0u)
  38:main.c        **** 
  39:main.c        **** /* The buffer size is equal to the maximum packet size of the IN and OUT bulk
  40:main.c        **** * endpoints.
  41:main.c        **** */
  42:main.c        **** #define USBUART_BUFFER_SIZE (64u)
  43:main.c        **** #define LINE_STR_LENGTH     (20u)
  44:main.c        **** 
  45:main.c        **** //char8* parity[] = {"None", "Odd", "Even", "Mark", "Space"};
  46:main.c        **** //char8* stop[]   = {"1", "1.5", "2"};
  47:main.c        **** 
  48:main.c        **** 
  49:main.c        **** /*******************************************************************************
  50:main.c        **** * Function Name: main
  51:main.c        **** ********************************************************************************
  52:main.c        **** *
  53:main.c        **** * Summary:
  54:main.c        **** *  The main function performs the following actions:
  55:main.c        **** *   1. Waits until VBUS becomes valid and starts the USBFS component which is
  56:main.c        **** *      enumerated as virtual Com port.
  57:main.c        **** *   2. Waits until the device is enumerated by the host.
  58:main.c        **** *   3. Waits for data coming from the hyper terminal and sends it back.
  59:main.c        **** *   4. PSoC3/PSoC5LP: the LCD shows the line settings.
  60:main.c        **** *
  61:main.c        **** * Parameters:
  62:main.c        **** *  None.
  63:main.c        **** *
  64:main.c        **** * Return:
  65:main.c        **** *  None.
  66:main.c        **** *
  67:main.c        **** *******************************************************************************/
  68:main.c        **** 
  69:main.c        **** //#include "I2CIO8.h"
  70:main.c        **** 
  71:main.c        **** // Prototypes
  72:main.c        **** 
  73:main.c        **** void initDIGIO8Card(void);
  74:main.c        **** void writeDIGIO8Card(uint8 outData);
  75:main.c        **** uint8 readDIGIO8Card(void);
  76:main.c        **** 
  77:main.c        **** int main()
  78:main.c        **** {
  32              		.loc 1 78 0
  33              		.cfi_startproc
  34              		@ args = 0, pretend = 0, frame = 72
  35              		@ frame_needed = 1, uses_anonymous_args = 0
  36 0000 80B5     		push	{r7, lr}
ARM GAS  C:\Users\HPz420\AppData\Local\Temp\cc7ZXLel.s 			page 3


  37              		.cfi_def_cfa_offset 8
  38              		.cfi_offset 7, -8
  39              		.cfi_offset 14, -4
  40 0002 92B0     		sub	sp, sp, #72
  41              		.cfi_def_cfa_offset 80
  42 0004 00AF     		add	r7, sp, #0
  43              		.cfi_def_cfa_register 7
  79:main.c        ****     uint16 count;
  80:main.c        ****     uint8 buffer[USBUART_BUFFER_SIZE];
  81:main.c        ****     uint8 rdVal;
  82:main.c        ****     
  83:main.c        ****     CyGlobalIntEnable;
  44              		.loc 1 83 0
  45              		.syntax unified
  46              	@ 83 "main.c" 1
  47 0006 62B6     		CPSIE   i
  48              	@ 0 "" 2
  84:main.c        **** 
  85:main.c        ****     /* Start USBFS operation with 5-V operation. */
  86:main.c        ****     USBUART_Start(USBFS_DEVICE, USBUART_5V_OPERATION);
  49              		.loc 1 86 0
  50              		.thumb
  51              		.syntax unified
  52 0008 0121     		movs	r1, #1
  53 000a 0020     		movs	r0, #0
  54 000c FFF7FEFF 		bl	USBUART_Start
  87:main.c        ****     I2C_Start();
  55              		.loc 1 87 0
  56 0010 FFF7FEFF 		bl	I2C_Start
  88:main.c        ****     
  89:main.c        ****     initDIGIO8Card(); 
  57              		.loc 1 89 0
  58 0014 FFF7FEFF 		bl	initDIGIO8Card
  90:main.c        ****     
  91:main.c        ****     for(;;)
  92:main.c        ****     {
  93:main.c        ****         /* Host can send double SET_INTERFACE request. */
  94:main.c        ****         if (0u != USBUART_IsConfigurationChanged())
  59              		.loc 1 94 0
  60 0018 FFF7FEFF 		bl	USBUART_IsConfigurationChanged
  61 001c 0346     		mov	r3, r0
  62 001e 002B     		cmp	r3, #0
  63 0020 06D0     		beq	.L2
  95:main.c        ****         {
  96:main.c        ****             /* Initialize IN endpoints when device is configured. */
  97:main.c        ****             if (0u != USBUART_GetConfiguration())
  64              		.loc 1 97 0
  65 0022 FFF7FEFF 		bl	USBUART_GetConfiguration
  66 0026 0346     		mov	r3, r0
  67 0028 002B     		cmp	r3, #0
  68 002a 01D0     		beq	.L2
  98:main.c        ****             {
  99:main.c        ****                 /* Enumeration is done, enable OUT endpoint to receive data 
 100:main.c        ****                  * from host. */
 101:main.c        ****                 USBUART_CDC_Init();
  69              		.loc 1 101 0
  70 002c FFF7FEFF 		bl	USBUART_CDC_Init
ARM GAS  C:\Users\HPz420\AppData\Local\Temp\cc7ZXLel.s 			page 4


  71              	.L2:
 102:main.c        ****             }
 103:main.c        ****         }
 104:main.c        **** 
 105:main.c        ****         /* Service USB CDC when device is configured. */
 106:main.c        ****         if (0u != USBUART_GetConfiguration())
  72              		.loc 1 106 0
  73 0030 FFF7FEFF 		bl	USBUART_GetConfiguration
  74 0034 0346     		mov	r3, r0
  75 0036 002B     		cmp	r3, #0
  76 0038 2AD0     		beq	.L3
 107:main.c        ****         {
 108:main.c        ****             /* Check for input data from host. */
 109:main.c        ****             if (0u != USBUART_DataIsReady())
  77              		.loc 1 109 0
  78 003a FFF7FEFF 		bl	USBUART_DataIsReady
  79 003e 0346     		mov	r3, r0
  80 0040 002B     		cmp	r3, #0
  81 0042 25D0     		beq	.L3
 110:main.c        ****             {
 111:main.c        ****                 /* Read received data and re-enable OUT endpoint. */
 112:main.c        ****                 count = USBUART_GetAll(buffer);
  82              		.loc 1 112 0
  83 0044 3B1D     		adds	r3, r7, #4
  84 0046 1846     		mov	r0, r3
  85 0048 FFF7FEFF 		bl	USBUART_GetAll
  86 004c 0346     		mov	r3, r0
  87 004e A7F84630 		strh	r3, [r7, #70]	@ movhi
 113:main.c        **** 
 114:main.c        ****                 if (0u != count)
  88              		.loc 1 114 0
  89 0052 B7F84630 		ldrh	r3, [r7, #70]
  90 0056 002B     		cmp	r3, #0
  91 0058 1AD0     		beq	.L3
 115:main.c        ****                 {
 116:main.c        ****                     /* Wait until component is ready to send data to host. */
 117:main.c        ****                     while (0u == USBUART_CDCIsReady())
  92              		.loc 1 117 0
  93 005a 00BF     		nop
  94              	.L4:
  95              		.loc 1 117 0 is_stmt 0 discriminator 1
  96 005c FFF7FEFF 		bl	USBUART_CDCIsReady
  97 0060 0346     		mov	r3, r0
  98 0062 002B     		cmp	r3, #0
  99 0064 FAD0     		beq	.L4
 118:main.c        ****                     {
 119:main.c        ****                     }
 120:main.c        **** 
 121:main.c        ****                     /* Send data back to host. */
 122:main.c        ****                     USBUART_PutData(buffer, count);
 100              		.loc 1 122 0 is_stmt 1
 101 0066 B7F84620 		ldrh	r2, [r7, #70]
 102 006a 3B1D     		adds	r3, r7, #4
 103 006c 1146     		mov	r1, r2
 104 006e 1846     		mov	r0, r3
 105 0070 FFF7FEFF 		bl	USBUART_PutData
 123:main.c        **** 
ARM GAS  C:\Users\HPz420\AppData\Local\Temp\cc7ZXLel.s 			page 5


 124:main.c        ****                     /* If the last sent packet is exactly the maximum packet 
 125:main.c        ****                     *  size, it is followed by a zero-length packet to assure
 126:main.c        ****                     *  that the end of the segment is properly identified by 
 127:main.c        ****                     *  the terminal.
 128:main.c        ****                     */
 129:main.c        ****                     if (USBUART_BUFFER_SIZE == count)
 106              		.loc 1 129 0
 107 0074 B7F84630 		ldrh	r3, [r7, #70]
 108 0078 402B     		cmp	r3, #64
 109 007a 09D1     		bne	.L3
 130:main.c        ****                     {
 131:main.c        ****                         /* Wait until component is ready to send data to PC. */
 132:main.c        ****                         while (0u == USBUART_CDCIsReady())
 110              		.loc 1 132 0
 111 007c 00BF     		nop
 112              	.L5:
 113              		.loc 1 132 0 is_stmt 0 discriminator 1
 114 007e FFF7FEFF 		bl	USBUART_CDCIsReady
 115 0082 0346     		mov	r3, r0
 116 0084 002B     		cmp	r3, #0
 117 0086 FAD0     		beq	.L5
 133:main.c        ****                         {
 134:main.c        ****                         }
 135:main.c        **** 
 136:main.c        ****                         /* Send zero-length packet to PC. */
 137:main.c        ****                         USBUART_PutData(NULL, 0u);
 118              		.loc 1 137 0 is_stmt 1
 119 0088 0021     		movs	r1, #0
 120 008a 0020     		movs	r0, #0
 121 008c FFF7FEFF 		bl	USBUART_PutData
 122              	.L3:
 138:main.c        ****                     }
 139:main.c        ****                 }
 140:main.c        ****             }
 141:main.c        ****         }
 142:main.c        ****         for(;;)
 143:main.c        ****         {
 144:main.c        ****             rdVal = readDIGIO8Card();
 123              		.loc 1 144 0 discriminator 1
 124 0090 FFF7FEFF 		bl	readDIGIO8Card
 125 0094 0346     		mov	r3, r0
 126 0096 87F84530 		strb	r3, [r7, #69]
 145:main.c        ****             writeDIGIO8Card(rdVal);
 127              		.loc 1 145 0 discriminator 1
 128 009a 97F84530 		ldrb	r3, [r7, #69]	@ zero_extendqisi2
 129 009e 1846     		mov	r0, r3
 130 00a0 FFF7FEFF 		bl	writeDIGIO8Card
 146:main.c        ****         }
 131              		.loc 1 146 0 discriminator 1
 132 00a4 F4E7     		b	.L3
 133              		.cfi_endproc
 134              	.LFE64:
 135              		.size	main, .-main
 136 00a6 00BF     		.text
 137              	.Letext0:
 138              		.file 2 "c:\\program files (x86)\\cypress\\psoc creator\\4.2\\psoc creator\\import\\gnu\\arm\\5.4.
 139              		.file 3 "c:\\program files (x86)\\cypress\\psoc creator\\4.2\\psoc creator\\import\\gnu\\arm\\5.4.
ARM GAS  C:\Users\HPz420\AppData\Local\Temp\cc7ZXLel.s 			page 6


 140              		.file 4 "Generated_Source\\PSoC5/cytypes.h"
 141              		.file 5 "Generated_Source\\PSoC5/core_cm3.h"
 142              		.section	.debug_info,"",%progbits
 143              	.Ldebug_info0:
 144 0000 1F010000 		.4byte	0x11f
 145 0004 0400     		.2byte	0x4
 146 0006 00000000 		.4byte	.Ldebug_abbrev0
 147 000a 04       		.byte	0x4
 148 000b 01       		.uleb128 0x1
 149 000c C3000000 		.4byte	.LASF21
 150 0010 0C       		.byte	0xc
 151 0011 2E000000 		.4byte	.LASF22
 152 0015 52000000 		.4byte	.LASF23
 153 0019 00000000 		.4byte	.Ldebug_ranges0+0
 154 001d 00000000 		.4byte	0
 155 0021 00000000 		.4byte	.Ldebug_line0
 156 0025 02       		.uleb128 0x2
 157 0026 01       		.byte	0x1
 158 0027 06       		.byte	0x6
 159 0028 8D010000 		.4byte	.LASF0
 160 002c 02       		.uleb128 0x2
 161 002d 01       		.byte	0x1
 162 002e 08       		.byte	0x8
 163 002f 51010000 		.4byte	.LASF1
 164 0033 02       		.uleb128 0x2
 165 0034 02       		.byte	0x2
 166 0035 05       		.byte	0x5
 167 0036 B5010000 		.4byte	.LASF2
 168 003a 02       		.uleb128 0x2
 169 003b 02       		.byte	0x2
 170 003c 07       		.byte	0x7
 171 003d 0E000000 		.4byte	.LASF3
 172 0041 03       		.uleb128 0x3
 173 0042 A5010000 		.4byte	.LASF9
 174 0046 02       		.byte	0x2
 175 0047 3F       		.byte	0x3f
 176 0048 4C000000 		.4byte	0x4c
 177 004c 02       		.uleb128 0x2
 178 004d 04       		.byte	0x4
 179 004e 05       		.byte	0x5
 180 004f 6A010000 		.4byte	.LASF4
 181 0053 02       		.uleb128 0x2
 182 0054 04       		.byte	0x4
 183 0055 07       		.byte	0x7
 184 0056 40000000 		.4byte	.LASF5
 185 005a 02       		.uleb128 0x2
 186 005b 08       		.byte	0x8
 187 005c 05       		.byte	0x5
 188 005d 00000000 		.4byte	.LASF6
 189 0061 02       		.uleb128 0x2
 190 0062 08       		.byte	0x8
 191 0063 07       		.byte	0x7
 192 0064 AC000000 		.4byte	.LASF7
 193 0068 04       		.uleb128 0x4
 194 0069 04       		.byte	0x4
 195 006a 05       		.byte	0x5
 196 006b 696E7400 		.ascii	"int\000"
ARM GAS  C:\Users\HPz420\AppData\Local\Temp\cc7ZXLel.s 			page 7


 197 006f 02       		.uleb128 0x2
 198 0070 04       		.byte	0x4
 199 0071 07       		.byte	0x7
 200 0072 21000000 		.4byte	.LASF8
 201 0076 03       		.uleb128 0x3
 202 0077 C6010000 		.4byte	.LASF10
 203 007b 03       		.byte	0x3
 204 007c 2C       		.byte	0x2c
 205 007d 41000000 		.4byte	0x41
 206 0081 05       		.uleb128 0x5
 207 0082 3A000000 		.4byte	.LASF11
 208 0086 04       		.byte	0x4
 209 0087 E401     		.2byte	0x1e4
 210 0089 2C000000 		.4byte	0x2c
 211 008d 05       		.uleb128 0x5
 212 008e BF010000 		.4byte	.LASF12
 213 0092 04       		.byte	0x4
 214 0093 E501     		.2byte	0x1e5
 215 0095 3A000000 		.4byte	0x3a
 216 0099 02       		.uleb128 0x2
 217 009a 04       		.byte	0x4
 218 009b 04       		.byte	0x4
 219 009c AF010000 		.4byte	.LASF13
 220 00a0 02       		.uleb128 0x2
 221 00a1 08       		.byte	0x8
 222 00a2 04       		.byte	0x4
 223 00a3 73010000 		.4byte	.LASF14
 224 00a7 02       		.uleb128 0x2
 225 00a8 01       		.byte	0x1
 226 00a9 08       		.byte	0x8
 227 00aa 5F010000 		.4byte	.LASF15
 228 00ae 02       		.uleb128 0x2
 229 00af 08       		.byte	0x8
 230 00b0 04       		.byte	0x4
 231 00b1 99010000 		.4byte	.LASF16
 232 00b5 02       		.uleb128 0x2
 233 00b6 04       		.byte	0x4
 234 00b7 07       		.byte	0x7
 235 00b8 D5010000 		.4byte	.LASF17
 236 00bc 06       		.uleb128 0x6
 237 00bd 35000000 		.4byte	.LASF24
 238 00c1 01       		.byte	0x1
 239 00c2 4D       		.byte	0x4d
 240 00c3 68000000 		.4byte	0x68
 241 00c7 00000000 		.4byte	.LFB64
 242 00cb A6000000 		.4byte	.LFE64-.LFB64
 243 00cf 01       		.uleb128 0x1
 244 00d0 9C       		.byte	0x9c
 245 00d1 01010000 		.4byte	0x101
 246 00d5 07       		.uleb128 0x7
 247 00d6 64010000 		.4byte	.LASF18
 248 00da 01       		.byte	0x1
 249 00db 4F       		.byte	0x4f
 250 00dc 8D000000 		.4byte	0x8d
 251 00e0 02       		.uleb128 0x2
 252 00e1 91       		.byte	0x91
 253 00e2 76       		.sleb128 -10
ARM GAS  C:\Users\HPz420\AppData\Local\Temp\cc7ZXLel.s 			page 8


 254 00e3 07       		.uleb128 0x7
 255 00e4 CE010000 		.4byte	.LASF19
 256 00e8 01       		.byte	0x1
 257 00e9 50       		.byte	0x50
 258 00ea 01010000 		.4byte	0x101
 259 00ee 03       		.uleb128 0x3
 260 00ef 91       		.byte	0x91
 261 00f0 B47F     		.sleb128 -76
 262 00f2 07       		.uleb128 0x7
 263 00f3 7A010000 		.4byte	.LASF20
 264 00f7 01       		.byte	0x1
 265 00f8 51       		.byte	0x51
 266 00f9 81000000 		.4byte	0x81
 267 00fd 02       		.uleb128 0x2
 268 00fe 91       		.byte	0x91
 269 00ff 75       		.sleb128 -11
 270 0100 00       		.byte	0
 271 0101 08       		.uleb128 0x8
 272 0102 81000000 		.4byte	0x81
 273 0106 11010000 		.4byte	0x111
 274 010a 09       		.uleb128 0x9
 275 010b B5000000 		.4byte	0xb5
 276 010f 3F       		.byte	0x3f
 277 0110 00       		.byte	0
 278 0111 0A       		.uleb128 0xa
 279 0112 80010000 		.4byte	.LASF25
 280 0116 05       		.byte	0x5
 281 0117 1207     		.2byte	0x712
 282 0119 1D010000 		.4byte	0x11d
 283 011d 0B       		.uleb128 0xb
 284 011e 76000000 		.4byte	0x76
 285 0122 00       		.byte	0
 286              		.section	.debug_abbrev,"",%progbits
 287              	.Ldebug_abbrev0:
 288 0000 01       		.uleb128 0x1
 289 0001 11       		.uleb128 0x11
 290 0002 01       		.byte	0x1
 291 0003 25       		.uleb128 0x25
 292 0004 0E       		.uleb128 0xe
 293 0005 13       		.uleb128 0x13
 294 0006 0B       		.uleb128 0xb
 295 0007 03       		.uleb128 0x3
 296 0008 0E       		.uleb128 0xe
 297 0009 1B       		.uleb128 0x1b
 298 000a 0E       		.uleb128 0xe
 299 000b 55       		.uleb128 0x55
 300 000c 17       		.uleb128 0x17
 301 000d 11       		.uleb128 0x11
 302 000e 01       		.uleb128 0x1
 303 000f 10       		.uleb128 0x10
 304 0010 17       		.uleb128 0x17
 305 0011 00       		.byte	0
 306 0012 00       		.byte	0
 307 0013 02       		.uleb128 0x2
 308 0014 24       		.uleb128 0x24
 309 0015 00       		.byte	0
 310 0016 0B       		.uleb128 0xb
ARM GAS  C:\Users\HPz420\AppData\Local\Temp\cc7ZXLel.s 			page 9


 311 0017 0B       		.uleb128 0xb
 312 0018 3E       		.uleb128 0x3e
 313 0019 0B       		.uleb128 0xb
 314 001a 03       		.uleb128 0x3
 315 001b 0E       		.uleb128 0xe
 316 001c 00       		.byte	0
 317 001d 00       		.byte	0
 318 001e 03       		.uleb128 0x3
 319 001f 16       		.uleb128 0x16
 320 0020 00       		.byte	0
 321 0021 03       		.uleb128 0x3
 322 0022 0E       		.uleb128 0xe
 323 0023 3A       		.uleb128 0x3a
 324 0024 0B       		.uleb128 0xb
 325 0025 3B       		.uleb128 0x3b
 326 0026 0B       		.uleb128 0xb
 327 0027 49       		.uleb128 0x49
 328 0028 13       		.uleb128 0x13
 329 0029 00       		.byte	0
 330 002a 00       		.byte	0
 331 002b 04       		.uleb128 0x4
 332 002c 24       		.uleb128 0x24
 333 002d 00       		.byte	0
 334 002e 0B       		.uleb128 0xb
 335 002f 0B       		.uleb128 0xb
 336 0030 3E       		.uleb128 0x3e
 337 0031 0B       		.uleb128 0xb
 338 0032 03       		.uleb128 0x3
 339 0033 08       		.uleb128 0x8
 340 0034 00       		.byte	0
 341 0035 00       		.byte	0
 342 0036 05       		.uleb128 0x5
 343 0037 16       		.uleb128 0x16
 344 0038 00       		.byte	0
 345 0039 03       		.uleb128 0x3
 346 003a 0E       		.uleb128 0xe
 347 003b 3A       		.uleb128 0x3a
 348 003c 0B       		.uleb128 0xb
 349 003d 3B       		.uleb128 0x3b
 350 003e 05       		.uleb128 0x5
 351 003f 49       		.uleb128 0x49
 352 0040 13       		.uleb128 0x13
 353 0041 00       		.byte	0
 354 0042 00       		.byte	0
 355 0043 06       		.uleb128 0x6
 356 0044 2E       		.uleb128 0x2e
 357 0045 01       		.byte	0x1
 358 0046 3F       		.uleb128 0x3f
 359 0047 19       		.uleb128 0x19
 360 0048 03       		.uleb128 0x3
 361 0049 0E       		.uleb128 0xe
 362 004a 3A       		.uleb128 0x3a
 363 004b 0B       		.uleb128 0xb
 364 004c 3B       		.uleb128 0x3b
 365 004d 0B       		.uleb128 0xb
 366 004e 49       		.uleb128 0x49
 367 004f 13       		.uleb128 0x13
ARM GAS  C:\Users\HPz420\AppData\Local\Temp\cc7ZXLel.s 			page 10


 368 0050 11       		.uleb128 0x11
 369 0051 01       		.uleb128 0x1
 370 0052 12       		.uleb128 0x12
 371 0053 06       		.uleb128 0x6
 372 0054 40       		.uleb128 0x40
 373 0055 18       		.uleb128 0x18
 374 0056 9642     		.uleb128 0x2116
 375 0058 19       		.uleb128 0x19
 376 0059 01       		.uleb128 0x1
 377 005a 13       		.uleb128 0x13
 378 005b 00       		.byte	0
 379 005c 00       		.byte	0
 380 005d 07       		.uleb128 0x7
 381 005e 34       		.uleb128 0x34
 382 005f 00       		.byte	0
 383 0060 03       		.uleb128 0x3
 384 0061 0E       		.uleb128 0xe
 385 0062 3A       		.uleb128 0x3a
 386 0063 0B       		.uleb128 0xb
 387 0064 3B       		.uleb128 0x3b
 388 0065 0B       		.uleb128 0xb
 389 0066 49       		.uleb128 0x49
 390 0067 13       		.uleb128 0x13
 391 0068 02       		.uleb128 0x2
 392 0069 18       		.uleb128 0x18
 393 006a 00       		.byte	0
 394 006b 00       		.byte	0
 395 006c 08       		.uleb128 0x8
 396 006d 01       		.uleb128 0x1
 397 006e 01       		.byte	0x1
 398 006f 49       		.uleb128 0x49
 399 0070 13       		.uleb128 0x13
 400 0071 01       		.uleb128 0x1
 401 0072 13       		.uleb128 0x13
 402 0073 00       		.byte	0
 403 0074 00       		.byte	0
 404 0075 09       		.uleb128 0x9
 405 0076 21       		.uleb128 0x21
 406 0077 00       		.byte	0
 407 0078 49       		.uleb128 0x49
 408 0079 13       		.uleb128 0x13
 409 007a 2F       		.uleb128 0x2f
 410 007b 0B       		.uleb128 0xb
 411 007c 00       		.byte	0
 412 007d 00       		.byte	0
 413 007e 0A       		.uleb128 0xa
 414 007f 34       		.uleb128 0x34
 415 0080 00       		.byte	0
 416 0081 03       		.uleb128 0x3
 417 0082 0E       		.uleb128 0xe
 418 0083 3A       		.uleb128 0x3a
 419 0084 0B       		.uleb128 0xb
 420 0085 3B       		.uleb128 0x3b
 421 0086 05       		.uleb128 0x5
 422 0087 49       		.uleb128 0x49
 423 0088 13       		.uleb128 0x13
 424 0089 3F       		.uleb128 0x3f
ARM GAS  C:\Users\HPz420\AppData\Local\Temp\cc7ZXLel.s 			page 11


 425 008a 19       		.uleb128 0x19
 426 008b 3C       		.uleb128 0x3c
 427 008c 19       		.uleb128 0x19
 428 008d 00       		.byte	0
 429 008e 00       		.byte	0
 430 008f 0B       		.uleb128 0xb
 431 0090 35       		.uleb128 0x35
 432 0091 00       		.byte	0
 433 0092 49       		.uleb128 0x49
 434 0093 13       		.uleb128 0x13
 435 0094 00       		.byte	0
 436 0095 00       		.byte	0
 437 0096 00       		.byte	0
 438              		.section	.debug_aranges,"",%progbits
 439 0000 1C000000 		.4byte	0x1c
 440 0004 0200     		.2byte	0x2
 441 0006 00000000 		.4byte	.Ldebug_info0
 442 000a 04       		.byte	0x4
 443 000b 00       		.byte	0
 444 000c 0000     		.2byte	0
 445 000e 0000     		.2byte	0
 446 0010 00000000 		.4byte	.LFB64
 447 0014 A6000000 		.4byte	.LFE64-.LFB64
 448 0018 00000000 		.4byte	0
 449 001c 00000000 		.4byte	0
 450              		.section	.debug_ranges,"",%progbits
 451              	.Ldebug_ranges0:
 452 0000 00000000 		.4byte	.LFB64
 453 0004 A6000000 		.4byte	.LFE64
 454 0008 00000000 		.4byte	0
 455 000c 00000000 		.4byte	0
 456              		.section	.debug_line,"",%progbits
 457              	.Ldebug_line0:
 458 0000 8F010000 		.section	.debug_str,"MS",%progbits,1
 458      02004C01 
 458      00000201 
 458      FB0E0D00 
 458      01010101 
 459              	.LASF6:
 460 0000 6C6F6E67 		.ascii	"long long int\000"
 460      206C6F6E 
 460      6720696E 
 460      7400
 461              	.LASF3:
 462 000e 73686F72 		.ascii	"short unsigned int\000"
 462      7420756E 
 462      7369676E 
 462      65642069 
 462      6E7400
 463              	.LASF8:
 464 0021 756E7369 		.ascii	"unsigned int\000"
 464      676E6564 
 464      20696E74 
 464      00
 465              	.LASF22:
 466 002e 6D61696E 		.ascii	"main.c\000"
 466      2E6300
ARM GAS  C:\Users\HPz420\AppData\Local\Temp\cc7ZXLel.s 			page 12


 467              	.LASF24:
 468 0035 6D61696E 		.ascii	"main\000"
 468      00
 469              	.LASF11:
 470 003a 75696E74 		.ascii	"uint8\000"
 470      3800
 471              	.LASF5:
 472 0040 6C6F6E67 		.ascii	"long unsigned int\000"
 472      20756E73 
 472      69676E65 
 472      6420696E 
 472      7400
 473              	.LASF23:
 474 0052 433A5C55 		.ascii	"C:\\Users\\HPz420\\Documents\\GitHub\\ODAS\\ODAS-PS"
 474      73657273 
 474      5C48507A 
 474      3432305C 
 474      446F6375 
 475 007f 4F43355C 		.ascii	"OC5\\Projects\\USBFS_UART01\\USBFS_UART01.cydsn\000"
 475      50726F6A 
 475      65637473 
 475      5C555342 
 475      46535F55 
 476              	.LASF7:
 477 00ac 6C6F6E67 		.ascii	"long long unsigned int\000"
 477      206C6F6E 
 477      6720756E 
 477      7369676E 
 477      65642069 
 478              	.LASF21:
 479 00c3 474E5520 		.ascii	"GNU C11 5.4.1 20160609 (release) [ARM/embedded-5-br"
 479      43313120 
 479      352E342E 
 479      31203230 
 479      31363036 
 480 00f6 616E6368 		.ascii	"anch revision 237715] -mcpu=cortex-m3 -mthumb -g -O"
 480      20726576 
 480      6973696F 
 480      6E203233 
 480      37373135 
 481 0129 30202D66 		.ascii	"0 -ffunction-sections -ffat-lto-objects\000"
 481      66756E63 
 481      74696F6E 
 481      2D736563 
 481      74696F6E 
 482              	.LASF1:
 483 0151 756E7369 		.ascii	"unsigned char\000"
 483      676E6564 
 483      20636861 
 483      7200
 484              	.LASF15:
 485 015f 63686172 		.ascii	"char\000"
 485      00
 486              	.LASF18:
 487 0164 636F756E 		.ascii	"count\000"
 487      7400
 488              	.LASF4:
ARM GAS  C:\Users\HPz420\AppData\Local\Temp\cc7ZXLel.s 			page 13


 489 016a 6C6F6E67 		.ascii	"long int\000"
 489      20696E74 
 489      00
 490              	.LASF14:
 491 0173 646F7562 		.ascii	"double\000"
 491      6C6500
 492              	.LASF20:
 493 017a 72645661 		.ascii	"rdVal\000"
 493      6C00
 494              	.LASF25:
 495 0180 49544D5F 		.ascii	"ITM_RxBuffer\000"
 495      52784275 
 495      66666572 
 495      00
 496              	.LASF0:
 497 018d 7369676E 		.ascii	"signed char\000"
 497      65642063 
 497      68617200 
 498              	.LASF16:
 499 0199 6C6F6E67 		.ascii	"long double\000"
 499      20646F75 
 499      626C6500 
 500              	.LASF9:
 501 01a5 5F5F696E 		.ascii	"__int32_t\000"
 501      7433325F 
 501      7400
 502              	.LASF13:
 503 01af 666C6F61 		.ascii	"float\000"
 503      7400
 504              	.LASF2:
 505 01b5 73686F72 		.ascii	"short int\000"
 505      7420696E 
 505      7400
 506              	.LASF12:
 507 01bf 75696E74 		.ascii	"uint16\000"
 507      313600
 508              	.LASF10:
 509 01c6 696E7433 		.ascii	"int32_t\000"
 509      325F7400 
 510              	.LASF19:
 511 01ce 62756666 		.ascii	"buffer\000"
 511      657200
 512              	.LASF17:
 513 01d5 73697A65 		.ascii	"sizetype\000"
 513      74797065 
 513      00
 514              		.ident	"GCC: (GNU Tools for ARM Embedded Processors) 5.4.1 20160609 (release) [ARM/embedded-5-bran
