ARM GAS  C:\Users\doug_000\AppData\Local\Temp\ccRS3IHK.s 			page 1


   1              		.syntax unified
   2              		.cpu cortex-m3
   3              		.fpu softvfp
   4              		.eabi_attribute 20, 1
   5              		.eabi_attribute 21, 1
   6              		.eabi_attribute 23, 3
   7              		.eabi_attribute 24, 1
   8              		.eabi_attribute 25, 1
   9              		.eabi_attribute 26, 1
  10              		.eabi_attribute 30, 1
  11              		.eabi_attribute 34, 1
  12              		.eabi_attribute 18, 4
  13              		.thumb
  14              		.file	"cymetadata.c"
  15              		.text
  16              	.Ltext0:
  17              		.cfi_sections	.debug_frame
  18              		.global	cy_metadata
  19              		.global	cy_meta_flashprotect
  20              		.global	cy_meta_wonvl
  21              		.global	cy_meta_custnvl
  22              		.global	cy_meta_configecc
  23              		.section	.cyconfigecc,"a",%progbits
  24              		.align	2
  25              		.type	cy_meta_configecc, %object
  26              		.size	cy_meta_configecc, 2076
  27              	cy_meta_configecc:
  28 0000 0B       		.byte	11
  29 0001 52       		.byte	82
  30 0002 00       		.byte	0
  31 0003 40       		.byte	64
  32 0004 43       		.byte	67
  33 0005 00       		.byte	0
  34 0006 01       		.byte	1
  35 0007 40       		.byte	64
  36 0008 2C       		.byte	44
  37 0009 01       		.byte	1
  38 000a 01       		.byte	1
  39 000b 40       		.byte	64
  40 000c 49       		.byte	73
  41 000d 02       		.byte	2
  42 000e 01       		.byte	1
  43 000f 40       		.byte	64
  44 0010 42       		.byte	66
  45 0011 03       		.byte	3
  46 0012 01       		.byte	1
  47 0013 40       		.byte	64
  48 0014 3F       		.byte	63
  49 0015 04       		.byte	4
  50 0016 01       		.byte	1
  51 0017 40       		.byte	64
  52 0018 45       		.byte	69
  53 0019 05       		.byte	5
  54 001a 01       		.byte	1
  55 001b 40       		.byte	64
  56 001c 46       		.byte	70
  57 001d 06       		.byte	6
ARM GAS  C:\Users\doug_000\AppData\Local\Temp\ccRS3IHK.s 			page 2


  58 001e 01       		.byte	1
  59 001f 40       		.byte	64
  60 0020 4D       		.byte	77
  61 0021 07       		.byte	7
  62 0022 01       		.byte	1
  63 0023 40       		.byte	64
  64 0024 01       		.byte	1
  65 0025 0B       		.byte	11
  66 0026 01       		.byte	1
  67 0027 40       		.byte	64
  68 0028 04       		.byte	4
  69 0029 0C       		.byte	12
  70 002a 01       		.byte	1
  71 002b 40       		.byte	64
  72 002c 01       		.byte	1
  73 002d 0D       		.byte	13
  74 002e 01       		.byte	1
  75 002f 40       		.byte	64
  76 0030 47       		.byte	71
  77 0031 14       		.byte	20
  78 0032 01       		.byte	1
  79 0033 40       		.byte	64
  80 0034 49       		.byte	73
  81 0035 15       		.byte	21
  82 0036 01       		.byte	1
  83 0037 40       		.byte	64
  84 0038 49       		.byte	73
  85 0039 16       		.byte	22
  86 003a 01       		.byte	1
  87 003b 40       		.byte	64
  88 003c 45       		.byte	69
  89 003d 17       		.byte	23
  90 003e 01       		.byte	1
  91 003f 40       		.byte	64
  92 0040 10       		.byte	16
  93 0041 40       		.byte	64
  94 0042 01       		.byte	1
  95 0043 40       		.byte	64
  96 0044 14       		.byte	20
  97 0045 41       		.byte	65
  98 0046 01       		.byte	1
  99 0047 40       		.byte	64
 100 0048 11       		.byte	17
 101 0049 42       		.byte	66
 102 004a 01       		.byte	1
 103 004b 40       		.byte	64
 104 004c 0B       		.byte	11
 105 004d 43       		.byte	67
 106 004e 01       		.byte	1
 107 004f 40       		.byte	64
 108 0050 03       		.byte	3
 109 0051 46       		.byte	70
 110 0052 01       		.byte	1
 111 0053 40       		.byte	64
 112 0054 01       		.byte	1
 113 0055 47       		.byte	71
 114 0056 01       		.byte	1
ARM GAS  C:\Users\doug_000\AppData\Local\Temp\ccRS3IHK.s 			page 3


 115 0057 40       		.byte	64
 116 0058 0F       		.byte	15
 117 0059 48       		.byte	72
 118 005a 01       		.byte	1
 119 005b 40       		.byte	64
 120 005c 1D       		.byte	29
 121 005d 49       		.byte	73
 122 005e 01       		.byte	1
 123 005f 40       		.byte	64
 124 0060 01       		.byte	1
 125 0061 4C       		.byte	76
 126 0062 01       		.byte	1
 127 0063 40       		.byte	64
 128 0064 03       		.byte	3
 129 0065 4D       		.byte	77
 130 0066 01       		.byte	1
 131 0067 40       		.byte	64
 132 0068 05       		.byte	5
 133 0069 50       		.byte	80
 134 006a 01       		.byte	1
 135 006b 40       		.byte	64
 136 006c 00       		.byte	0
 137 006d 99       		.byte	-103
 138 006e 01       		.byte	1
 139 006f AC       		.byte	-84
 140 0070 18       		.byte	24
 141 0071 64       		.byte	100
 142 0072 19       		.byte	25
 143 0073 31       		.byte	49
 144 0074 20       		.byte	32
 145 0075 3C       		.byte	60
 146 0076 21       		.byte	33
 147 0077 96       		.byte	-106
 148 0078 28       		.byte	40
 149 0079 10       		.byte	16
 150 007a 29       		.byte	41
 151 007b 10       		.byte	16
 152 007c 60       		.byte	96
 153 007d 05       		.byte	5
 154 007e 61       		.byte	97
 155 007f 0C       		.byte	12
 156 0080 78       		.byte	120
 157 0081 08       		.byte	8
 158 0082 02       		.byte	2
 159 0083 01       		.byte	1
 160 0084 03       		.byte	3
 161 0085 04       		.byte	4
 162 0086 06       		.byte	6
 163 0087 04       		.byte	4
 164 0088 07       		.byte	7
 165 0089 08       		.byte	8
 166 008a 08       		.byte	8
 167 008b 08       		.byte	8
 168 008c 0C       		.byte	12
 169 008d 10       		.byte	16
 170 008e 0E       		.byte	14
 171 008f 20       		.byte	32
ARM GAS  C:\Users\doug_000\AppData\Local\Temp\ccRS3IHK.s 			page 4


 172 0090 0F       		.byte	15
 173 0091 02       		.byte	2
 174 0092 12       		.byte	18
 175 0093 02       		.byte	2
 176 0094 14       		.byte	20
 177 0095 40       		.byte	64
 178 0096 16       		.byte	22
 179 0097 80       		.byte	-128
 180 0098 18       		.byte	24
 181 0099 01       		.byte	1
 182 009a 1B       		.byte	27
 183 009b 01       		.byte	1
 184 009c 1C       		.byte	28
 185 009d 02       		.byte	2
 186 009e 1D       		.byte	29
 187 009f 02       		.byte	2
 188 00a0 20       		.byte	32
 189 00a1 04       		.byte	4
 190 00a2 21       		.byte	33
 191 00a3 01       		.byte	1
 192 00a4 26       		.byte	38
 193 00a5 08       		.byte	8
 194 00a6 27       		.byte	39
 195 00a7 10       		.byte	16
 196 00a8 28       		.byte	40
 197 00a9 20       		.byte	32
 198 00aa 29       		.byte	41
 199 00ab 08       		.byte	8
 200 00ac 2A       		.byte	42
 201 00ad 10       		.byte	16
 202 00ae 2C       		.byte	44
 203 00af 80       		.byte	-128
 204 00b0 2D       		.byte	45
 205 00b1 04       		.byte	4
 206 00b2 2E       		.byte	46
 207 00b3 40       		.byte	64
 208 00b4 32       		.byte	50
 209 00b5 FF       		.byte	-1
 210 00b6 35       		.byte	53
 211 00b7 1F       		.byte	31
 212 00b8 39       		.byte	57
 213 00b9 20       		.byte	32
 214 00ba 3E       		.byte	62
 215 00bb 04       		.byte	4
 216 00bc 3F       		.byte	63
 217 00bd 10       		.byte	16
 218 00be 58       		.byte	88
 219 00bf 04       		.byte	4
 220 00c0 59       		.byte	89
 221 00c1 04       		.byte	4
 222 00c2 5B       		.byte	91
 223 00c3 04       		.byte	4
 224 00c4 5F       		.byte	95
 225 00c5 01       		.byte	1
 226 00c6 87       		.byte	-121
 227 00c7 0D       		.byte	13
 228 00c8 91       		.byte	-111
ARM GAS  C:\Users\doug_000\AppData\Local\Temp\ccRS3IHK.s 			page 5


 229 00c9 09       		.byte	9
 230 00ca 93       		.byte	-109
 231 00cb 04       		.byte	4
 232 00cc 94       		.byte	-108
 233 00cd 04       		.byte	4
 234 00ce 95       		.byte	-107
 235 00cf 01       		.byte	1
 236 00d0 96       		.byte	-106
 237 00d1 02       		.byte	2
 238 00d2 97       		.byte	-105
 239 00d3 0E       		.byte	14
 240 00d4 98       		.byte	-104
 241 00d5 02       		.byte	2
 242 00d6 99       		.byte	-103
 243 00d7 0C       		.byte	12
 244 00d8 9A       		.byte	-102
 245 00d9 05       		.byte	5
 246 00da 9B       		.byte	-101
 247 00db 03       		.byte	3
 248 00dc A2       		.byte	-94
 249 00dd 06       		.byte	6
 250 00de A4       		.byte	-92
 251 00df 02       		.byte	2
 252 00e0 A5       		.byte	-91
 253 00e1 0D       		.byte	13
 254 00e2 A6       		.byte	-90
 255 00e3 0D       		.byte	13
 256 00e4 A7       		.byte	-89
 257 00e5 02       		.byte	2
 258 00e6 AA       		.byte	-86
 259 00e7 06       		.byte	6
 260 00e8 B0       		.byte	-80
 261 00e9 04       		.byte	4
 262 00ea B1       		.byte	-79
 263 00eb 04       		.byte	4
 264 00ec B2       		.byte	-78
 265 00ed 01       		.byte	1
 266 00ee B3       		.byte	-77
 267 00ef 01       		.byte	1
 268 00f0 B4       		.byte	-76
 269 00f1 08       		.byte	8
 270 00f2 B5       		.byte	-75
 271 00f3 08       		.byte	8
 272 00f4 B6       		.byte	-74
 273 00f5 02       		.byte	2
 274 00f6 B7       		.byte	-73
 275 00f7 02       		.byte	2
 276 00f8 BA       		.byte	-70
 277 00f9 28       		.byte	40
 278 00fa BB       		.byte	-69
 279 00fb 80       		.byte	-128
 280 00fc BE       		.byte	-66
 281 00fd 41       		.byte	65
 282 00fe BF       		.byte	-65
 283 00ff 15       		.byte	21
 284 0100 D8       		.byte	-40
 285 0101 04       		.byte	4
ARM GAS  C:\Users\doug_000\AppData\Local\Temp\ccRS3IHK.s 			page 6


 286 0102 D9       		.byte	-39
 287 0103 04       		.byte	4
 288 0104 DC       		.byte	-36
 289 0105 11       		.byte	17
 290 0106 DF       		.byte	-33
 291 0107 01       		.byte	1
 292 0108 00       		.byte	0
 293 0109 22       		.byte	34
 294 010a 01       		.byte	1
 295 010b 0A       		.byte	10
 296 010c 02       		.byte	2
 297 010d 01       		.byte	1
 298 010e 09       		.byte	9
 299 010f A4       		.byte	-92
 300 0110 0A       		.byte	10
 301 0111 80       		.byte	-128
 302 0112 0E       		.byte	14
 303 0113 28       		.byte	40
 304 0114 10       		.byte	16
 305 0115 10       		.byte	16
 306 0116 11       		.byte	17
 307 0117 51       		.byte	81
 308 0118 12       		.byte	18
 309 0119 10       		.byte	16
 310 011a 15       		.byte	21
 311 011b 08       		.byte	8
 312 011c 16       		.byte	22
 313 011d 08       		.byte	8
 314 011e 17       		.byte	23
 315 011f 06       		.byte	6
 316 0120 19       		.byte	25
 317 0121 04       		.byte	4
 318 0122 1C       		.byte	28
 319 0123 08       		.byte	8
 320 0124 1E       		.byte	30
 321 0125 28       		.byte	40
 322 0126 1F       		.byte	31
 323 0127 62       		.byte	98
 324 0128 23       		.byte	35
 325 0129 04       		.byte	4
 326 012a 26       		.byte	38
 327 012b 20       		.byte	32
 328 012c 27       		.byte	39
 329 012d 52       		.byte	82
 330 012e 29       		.byte	41
 331 012f 46       		.byte	70
 332 0130 2A       		.byte	42
 333 0131 10       		.byte	16
 334 0132 2F       		.byte	47
 335 0133 20       		.byte	32
 336 0134 31       		.byte	49
 337 0135 20       		.byte	32
 338 0136 32       		.byte	50
 339 0137 40       		.byte	64
 340 0138 36       		.byte	54
 341 0139 10       		.byte	16
 342 013a 37       		.byte	55
ARM GAS  C:\Users\doug_000\AppData\Local\Temp\ccRS3IHK.s 			page 7


 343 013b 06       		.byte	6
 344 013c 38       		.byte	56
 345 013d 80       		.byte	-128
 346 013e 39       		.byte	57
 347 013f 05       		.byte	5
 348 0140 3E       		.byte	62
 349 0141 08       		.byte	8
 350 0142 68       		.byte	104
 351 0143 10       		.byte	16
 352 0144 69       		.byte	105
 353 0145 55       		.byte	85
 354 0146 70       		.byte	112
 355 0147 40       		.byte	64
 356 0148 71       		.byte	113
 357 0149 A8       		.byte	-88
 358 014a 73       		.byte	115
 359 014b 40       		.byte	64
 360 014c 82       		.byte	-126
 361 014d 20       		.byte	32
 362 014e 87       		.byte	-121
 363 014f 02       		.byte	2
 364 0150 8B       		.byte	-117
 365 0151 40       		.byte	64
 366 0152 C0       		.byte	-64
 367 0153 0F       		.byte	15
 368 0154 C2       		.byte	-62
 369 0155 6F       		.byte	111
 370 0156 C4       		.byte	-60
 371 0157 7F       		.byte	127
 372 0158 CA       		.byte	-54
 373 0159 4F       		.byte	79
 374 015a CC       		.byte	-52
 375 015b EC       		.byte	-20
 376 015c CE       		.byte	-50
 377 015d 4B       		.byte	75
 378 015e E6       		.byte	-26
 379 015f 80       		.byte	-128
 380 0160 05       		.byte	5
 381 0161 06       		.byte	6
 382 0162 07       		.byte	7
 383 0163 01       		.byte	1
 384 0164 11       		.byte	17
 385 0165 07       		.byte	7
 386 0166 15       		.byte	21
 387 0167 06       		.byte	6
 388 0168 16       		.byte	22
 389 0169 0F       		.byte	15
 390 016a 17       		.byte	23
 391 016b 01       		.byte	1
 392 016c 18       		.byte	24
 393 016d 03       		.byte	3
 394 016e 19       		.byte	25
 395 016f 06       		.byte	6
 396 0170 1A       		.byte	26
 397 0171 0C       		.byte	12
 398 0172 1B       		.byte	27
 399 0173 01       		.byte	1
ARM GAS  C:\Users\doug_000\AppData\Local\Temp\ccRS3IHK.s 			page 8


 400 0174 20       		.byte	32
 401 0175 0A       		.byte	10
 402 0176 22       		.byte	34
 403 0177 05       		.byte	5
 404 0178 24       		.byte	36
 405 0179 04       		.byte	4
 406 017a 25       		.byte	37
 407 017b 03       		.byte	3
 408 017c 26       		.byte	38
 409 017d 0B       		.byte	11
 410 017e 27       		.byte	39
 411 017f 04       		.byte	4
 412 0180 2A       		.byte	42
 413 0181 0F       		.byte	15
 414 0182 30       		.byte	48
 415 0183 01       		.byte	1
 416 0184 32       		.byte	50
 417 0185 02       		.byte	2
 418 0186 33       		.byte	51
 419 0187 04       		.byte	4
 420 0188 34       		.byte	52
 421 0189 04       		.byte	4
 422 018a 35       		.byte	53
 423 018b 01       		.byte	1
 424 018c 36       		.byte	54
 425 018d 08       		.byte	8
 426 018e 37       		.byte	55
 427 018f 02       		.byte	2
 428 0190 3E       		.byte	62
 429 0191 55       		.byte	85
 430 0192 3F       		.byte	63
 431 0193 54       		.byte	84
 432 0194 58       		.byte	88
 433 0195 04       		.byte	4
 434 0196 59       		.byte	89
 435 0197 04       		.byte	4
 436 0198 5F       		.byte	95
 437 0199 01       		.byte	1
 438 019a 82       		.byte	-126
 439 019b 01       		.byte	1
 440 019c 83       		.byte	-125
 441 019d 04       		.byte	4
 442 019e 86       		.byte	-122
 443 019f 04       		.byte	4
 444 01a0 87       		.byte	-121
 445 01a1 08       		.byte	8
 446 01a2 88       		.byte	-120
 447 01a3 08       		.byte	8
 448 01a4 8B       		.byte	-117
 449 01a5 01       		.byte	1
 450 01a6 8C       		.byte	-116
 451 01a7 10       		.byte	16
 452 01a8 8E       		.byte	-114
 453 01a9 20       		.byte	32
 454 01aa 8F       		.byte	-113
 455 01ab 02       		.byte	2
 456 01ac 91       		.byte	-111
ARM GAS  C:\Users\doug_000\AppData\Local\Temp\ccRS3IHK.s 			page 9


 457 01ad 20       		.byte	32
 458 01ae 92       		.byte	-110
 459 01af 02       		.byte	2
 460 01b0 93       		.byte	-109
 461 01b1 40       		.byte	64
 462 01b2 94       		.byte	-108
 463 01b3 40       		.byte	64
 464 01b4 96       		.byte	-106
 465 01b5 80       		.byte	-128
 466 01b6 97       		.byte	-105
 467 01b7 10       		.byte	16
 468 01b8 98       		.byte	-104
 469 01b9 01       		.byte	1
 470 01ba 99       		.byte	-103
 471 01bb 04       		.byte	4
 472 01bc 9B       		.byte	-101
 473 01bd 20       		.byte	32
 474 01be 9C       		.byte	-100
 475 01bf 02       		.byte	2
 476 01c0 9D       		.byte	-99
 477 01c1 02       		.byte	2
 478 01c2 9F       		.byte	-97
 479 01c3 20       		.byte	32
 480 01c4 A0       		.byte	-96
 481 01c5 04       		.byte	4
 482 01c6 A1       		.byte	-95
 483 01c7 01       		.byte	1
 484 01c8 A3       		.byte	-93
 485 01c9 40       		.byte	64
 486 01ca A5       		.byte	-91
 487 01cb 08       		.byte	8
 488 01cc A6       		.byte	-90
 489 01cd 08       		.byte	8
 490 01ce A7       		.byte	-89
 491 01cf 20       		.byte	32
 492 01d0 A8       		.byte	-88
 493 01d1 20       		.byte	32
 494 01d2 AA       		.byte	-86
 495 01d3 10       		.byte	16
 496 01d4 AB       		.byte	-85
 497 01d5 20       		.byte	32
 498 01d6 AC       		.byte	-84
 499 01d7 80       		.byte	-128
 500 01d8 AE       		.byte	-82
 501 01d9 40       		.byte	64
 502 01da AF       		.byte	-81
 503 01db 20       		.byte	32
 504 01dc B1       		.byte	-79
 505 01dd 1F       		.byte	31
 506 01de B2       		.byte	-78
 507 01df FF       		.byte	-1
 508 01e0 B7       		.byte	-73
 509 01e1 60       		.byte	96
 510 01e2 B9       		.byte	-71
 511 01e3 02       		.byte	2
 512 01e4 BB       		.byte	-69
 513 01e5 80       		.byte	-128
ARM GAS  C:\Users\doug_000\AppData\Local\Temp\ccRS3IHK.s 			page 10


 514 01e6 BE       		.byte	-66
 515 01e7 04       		.byte	4
 516 01e8 BF       		.byte	-65
 517 01e9 01       		.byte	1
 518 01ea D8       		.byte	-40
 519 01eb 04       		.byte	4
 520 01ec D9       		.byte	-39
 521 01ed 04       		.byte	4
 522 01ee DB       		.byte	-37
 523 01ef 04       		.byte	4
 524 01f0 DF       		.byte	-33
 525 01f1 01       		.byte	1
 526 01f2 00       		.byte	0
 527 01f3 22       		.byte	34
 528 01f4 01       		.byte	1
 529 01f5 0A       		.byte	10
 530 01f6 02       		.byte	2
 531 01f7 21       		.byte	33
 532 01f8 03       		.byte	3
 533 01f9 02       		.byte	2
 534 01fa 08       		.byte	8
 535 01fb 04       		.byte	4
 536 01fc 09       		.byte	9
 537 01fd 04       		.byte	4
 538 01fe 0A       		.byte	10
 539 01ff 85       		.byte	-123
 540 0200 0E       		.byte	14
 541 0201 28       		.byte	40
 542 0202 10       		.byte	16
 543 0203 10       		.byte	16
 544 0204 11       		.byte	17
 545 0205 51       		.byte	81
 546 0206 15       		.byte	21
 547 0207 08       		.byte	8
 548 0208 16       		.byte	22
 549 0209 08       		.byte	8
 550 020a 17       		.byte	23
 551 020b 02       		.byte	2
 552 020c 19       		.byte	25
 553 020d 04       		.byte	4
 554 020e 1C       		.byte	28
 555 020f 90       		.byte	-112
 556 0210 1D       		.byte	29
 557 0211 20       		.byte	32
 558 0212 1F       		.byte	31
 559 0213 80       		.byte	-128
 560 0214 20       		.byte	32
 561 0215 02       		.byte	2
 562 0216 22       		.byte	34
 563 0217 01       		.byte	1
 564 0218 23       		.byte	35
 565 0219 01       		.byte	1
 566 021a 24       		.byte	36
 567 021b 02       		.byte	2
 568 021c 25       		.byte	37
 569 021d 10       		.byte	16
 570 021e 26       		.byte	38
ARM GAS  C:\Users\doug_000\AppData\Local\Temp\ccRS3IHK.s 			page 11


 571 021f 08       		.byte	8
 572 0220 28       		.byte	40
 573 0221 14       		.byte	20
 574 0222 29       		.byte	41
 575 0223 02       		.byte	2
 576 0224 2B       		.byte	43
 577 0225 02       		.byte	2
 578 0226 2E       		.byte	46
 579 0227 08       		.byte	8
 580 0228 2F       		.byte	47
 581 0229 10       		.byte	16
 582 022a 31       		.byte	49
 583 022b 06       		.byte	6
 584 022c 32       		.byte	50
 585 022d 60       		.byte	96
 586 022e 36       		.byte	54
 587 022f 10       		.byte	16
 588 0230 37       		.byte	55
 589 0231 06       		.byte	6
 590 0232 38       		.byte	56
 591 0233 A0       		.byte	-96
 592 0234 39       		.byte	57
 593 0235 05       		.byte	5
 594 0236 3C       		.byte	60
 595 0237 08       		.byte	8
 596 0238 68       		.byte	104
 597 0239 10       		.byte	16
 598 023a 69       		.byte	105
 599 023b 55       		.byte	85
 600 023c 70       		.byte	112
 601 023d 5A       		.byte	90
 602 023e 72       		.byte	114
 603 023f 05       		.byte	5
 604 0240 80       		.byte	-128
 605 0241 01       		.byte	1
 606 0242 81       		.byte	-127
 607 0243 10       		.byte	16
 608 0244 84       		.byte	-124
 609 0245 40       		.byte	64
 610 0246 85       		.byte	-123
 611 0247 48       		.byte	72
 612 0248 8C       		.byte	-116
 613 0249 10       		.byte	16
 614 024a 93       		.byte	-109
 615 024b 44       		.byte	68
 616 024c 95       		.byte	-107
 617 024d 08       		.byte	8
 618 024e 96       		.byte	-106
 619 024f 80       		.byte	-128
 620 0250 9B       		.byte	-101
 621 0251 06       		.byte	6
 622 0252 9C       		.byte	-100
 623 0253 10       		.byte	16
 624 0254 9D       		.byte	-99
 625 0255 48       		.byte	72
 626 0256 9E       		.byte	-98
 627 0257 09       		.byte	9
ARM GAS  C:\Users\doug_000\AppData\Local\Temp\ccRS3IHK.s 			page 12


 628 0258 A0       		.byte	-96
 629 0259 04       		.byte	4
 630 025a A1       		.byte	-95
 631 025b 08       		.byte	8
 632 025c A2       		.byte	-94
 633 025d 14       		.byte	20
 634 025e A4       		.byte	-92
 635 025f 01       		.byte	1
 636 0260 A5       		.byte	-91
 637 0261 04       		.byte	4
 638 0262 B7       		.byte	-73
 639 0263 50       		.byte	80
 640 0264 C0       		.byte	-64
 641 0265 0F       		.byte	15
 642 0266 C2       		.byte	-62
 643 0267 6F       		.byte	111
 644 0268 C4       		.byte	-60
 645 0269 7F       		.byte	127
 646 026a CA       		.byte	-54
 647 026b 4F       		.byte	79
 648 026c CC       		.byte	-52
 649 026d EF       		.byte	-17
 650 026e CE       		.byte	-50
 651 026f 4F       		.byte	79
 652 0270 E2       		.byte	-30
 653 0271 10       		.byte	16
 654 0272 EA       		.byte	-22
 655 0273 10       		.byte	16
 656 0274 EE       		.byte	-18
 657 0275 40       		.byte	64
 658 0276 04       		.byte	4
 659 0277 E0       		.byte	-32
 660 0278 05       		.byte	5
 661 0279 02       		.byte	2
 662 027a 08       		.byte	8
 663 027b 06       		.byte	6
 664 027c 09       		.byte	9
 665 027d 0B       		.byte	11
 666 027e 0A       		.byte	10
 667 027f 38       		.byte	56
 668 0280 0E       		.byte	14
 669 0281 01       		.byte	1
 670 0282 0F       		.byte	15
 671 0283 01       		.byte	1
 672 0284 10       		.byte	16
 673 0285 20       		.byte	32
 674 0286 14       		.byte	20
 675 0287 40       		.byte	64
 676 0288 15       		.byte	21
 677 0289 01       		.byte	1
 678 028a 18       		.byte	24
 679 028b 0A       		.byte	10
 680 028c 1A       		.byte	26
 681 028d 54       		.byte	84
 682 028e 1B       		.byte	27
 683 028f 02       		.byte	2
 684 0290 1E       		.byte	30
ARM GAS  C:\Users\doug_000\AppData\Local\Temp\ccRS3IHK.s 			page 13


 685 0291 1E       		.byte	30
 686 0292 24       		.byte	36
 687 0293 80       		.byte	-128
 688 0294 28       		.byte	40
 689 0295 0A       		.byte	10
 690 0296 2A       		.byte	42
 691 0297 14       		.byte	20
 692 0298 2B       		.byte	43
 693 0299 04       		.byte	4
 694 029a 2C       		.byte	44
 695 029b 06       		.byte	6
 696 029c 2E       		.byte	46
 697 029d 18       		.byte	24
 698 029e 33       		.byte	51
 699 029f 08       		.byte	8
 700 02a0 34       		.byte	52
 701 02a1 FF       		.byte	-1
 702 02a2 35       		.byte	53
 703 02a3 07       		.byte	7
 704 02a4 39       		.byte	57
 705 02a5 20       		.byte	32
 706 02a6 3E       		.byte	62
 707 02a7 10       		.byte	16
 708 02a8 3F       		.byte	63
 709 02a9 04       		.byte	4
 710 02aa 58       		.byte	88
 711 02ab 04       		.byte	4
 712 02ac 59       		.byte	89
 713 02ad 04       		.byte	4
 714 02ae 5F       		.byte	95
 715 02af 01       		.byte	1
 716 02b0 81       		.byte	-127
 717 02b1 01       		.byte	1
 718 02b2 82       		.byte	-126
 719 02b3 04       		.byte	4
 720 02b4 84       		.byte	-124
 721 02b5 40       		.byte	64
 722 02b6 86       		.byte	-122
 723 02b7 80       		.byte	-128
 724 02b8 88       		.byte	-120
 725 02b9 01       		.byte	1
 726 02ba 89       		.byte	-119
 727 02bb 02       		.byte	2
 728 02bc 8C       		.byte	-116
 729 02bd 10       		.byte	16
 730 02be 8E       		.byte	-114
 731 02bf 20       		.byte	32
 732 02c0 8F       		.byte	-113
 733 02c1 02       		.byte	2
 734 02c2 90       		.byte	-112
 735 02c3 80       		.byte	-128
 736 02c4 92       		.byte	-110
 737 02c5 40       		.byte	64
 738 02c6 93       		.byte	-109
 739 02c7 04       		.byte	4
 740 02c8 96       		.byte	-106
 741 02c9 02       		.byte	2
ARM GAS  C:\Users\doug_000\AppData\Local\Temp\ccRS3IHK.s 			page 14


 742 02ca 97       		.byte	-105
 743 02cb 01       		.byte	1
 744 02cc 99       		.byte	-103
 745 02cd 08       		.byte	8
 746 02ce 9A       		.byte	-102
 747 02cf 08       		.byte	8
 748 02d0 9D       		.byte	-99
 749 02d1 04       		.byte	4
 750 02d2 9E       		.byte	-98
 751 02d3 01       		.byte	1
 752 02d4 A0       		.byte	-96
 753 02d5 02       		.byte	2
 754 02d6 A3       		.byte	-93
 755 02d7 10       		.byte	16
 756 02d8 A4       		.byte	-92
 757 02d9 08       		.byte	8
 758 02da A7       		.byte	-89
 759 02db 08       		.byte	8
 760 02dc A8       		.byte	-88
 761 02dd 20       		.byte	32
 762 02de AA       		.byte	-86
 763 02df 10       		.byte	16
 764 02e0 AC       		.byte	-84
 765 02e1 04       		.byte	4
 766 02e2 B5       		.byte	-75
 767 02e3 1F       		.byte	31
 768 02e4 B6       		.byte	-74
 769 02e5 FF       		.byte	-1
 770 02e6 B9       		.byte	-71
 771 02e7 20       		.byte	32
 772 02e8 BE       		.byte	-66
 773 02e9 40       		.byte	64
 774 02ea BF       		.byte	-65
 775 02eb 10       		.byte	16
 776 02ec D8       		.byte	-40
 777 02ed 04       		.byte	4
 778 02ee D9       		.byte	-39
 779 02ef 04       		.byte	4
 780 02f0 DB       		.byte	-37
 781 02f1 04       		.byte	4
 782 02f2 DF       		.byte	-33
 783 02f3 01       		.byte	1
 784 02f4 00       		.byte	0
 785 02f5 08       		.byte	8
 786 02f6 01       		.byte	1
 787 02f7 40       		.byte	64
 788 02f8 03       		.byte	3
 789 02f9 08       		.byte	8
 790 02fa 06       		.byte	6
 791 02fb A1       		.byte	-95
 792 02fc 07       		.byte	7
 793 02fd 08       		.byte	8
 794 02fe 09       		.byte	9
 795 02ff 08       		.byte	8
 796 0300 0A       		.byte	10
 797 0301 26       		.byte	38
 798 0302 0B       		.byte	11
ARM GAS  C:\Users\doug_000\AppData\Local\Temp\ccRS3IHK.s 			page 15


 799 0303 40       		.byte	64
 800 0304 0C       		.byte	12
 801 0305 10       		.byte	16
 802 0306 0E       		.byte	14
 803 0307 40       		.byte	64
 804 0308 0F       		.byte	15
 805 0309 21       		.byte	33
 806 030a 10       		.byte	16
 807 030b 0A       		.byte	10
 808 030c 13       		.byte	19
 809 030d 04       		.byte	4
 810 030e 15       		.byte	21
 811 030f 14       		.byte	20
 812 0310 17       		.byte	23
 813 0311 41       		.byte	65
 814 0312 19       		.byte	25
 815 0313 20       		.byte	32
 816 0314 1F       		.byte	31
 817 0315 40       		.byte	64
 818 0316 20       		.byte	32
 819 0317 18       		.byte	24
 820 0318 21       		.byte	33
 821 0319 10       		.byte	16
 822 031a 27       		.byte	39
 823 031b 04       		.byte	4
 824 031c 29       		.byte	41
 825 031d 60       		.byte	96
 826 031e 2A       		.byte	42
 827 031f 80       		.byte	-128
 828 0320 2D       		.byte	45
 829 0321 04       		.byte	4
 830 0322 2F       		.byte	47
 831 0323 40       		.byte	64
 832 0324 32       		.byte	50
 833 0325 10       		.byte	16
 834 0326 33       		.byte	51
 835 0327 08       		.byte	8
 836 0328 34       		.byte	52
 837 0329 10       		.byte	16
 838 032a 35       		.byte	53
 839 032b 40       		.byte	64
 840 032c 36       		.byte	54
 841 032d 01       		.byte	1
 842 032e 37       		.byte	55
 843 032f 08       		.byte	8
 844 0330 38       		.byte	56
 845 0331 08       		.byte	8
 846 0332 39       		.byte	57
 847 0333 20       		.byte	32
 848 0334 3B       		.byte	59
 849 0335 40       		.byte	64
 850 0336 3C       		.byte	60
 851 0337 80       		.byte	-128
 852 0338 3F       		.byte	63
 853 0339 21       		.byte	33
 854 033a 45       		.byte	69
 855 033b 04       		.byte	4
ARM GAS  C:\Users\doug_000\AppData\Local\Temp\ccRS3IHK.s 			page 16


 856 033c 46       		.byte	70
 857 033d 20       		.byte	32
 858 033e 6D       		.byte	109
 859 033f 14       		.byte	20
 860 0340 6E       		.byte	110
 861 0341 42       		.byte	66
 862 0342 6F       		.byte	111
 863 0343 40       		.byte	64
 864 0344 74       		.byte	116
 865 0345 40       		.byte	64
 866 0346 76       		.byte	118
 867 0347 40       		.byte	64
 868 0348 77       		.byte	119
 869 0349 19       		.byte	25
 870 034a 80       		.byte	-128
 871 034b 10       		.byte	16
 872 034c 8D       		.byte	-115
 873 034d 10       		.byte	16
 874 034e 92       		.byte	-110
 875 034f 02       		.byte	2
 876 0350 93       		.byte	-109
 877 0351 45       		.byte	69
 878 0352 95       		.byte	-107
 879 0353 08       		.byte	8
 880 0354 96       		.byte	-106
 881 0355 80       		.byte	-128
 882 0356 97       		.byte	-105
 883 0357 20       		.byte	32
 884 0358 9B       		.byte	-101
 885 0359 02       		.byte	2
 886 035a 9C       		.byte	-100
 887 035b 10       		.byte	16
 888 035c 9D       		.byte	-99
 889 035d 40       		.byte	64
 890 035e 9E       		.byte	-98
 891 035f 01       		.byte	1
 892 0360 A0       		.byte	-96
 893 0361 0B       		.byte	11
 894 0362 A1       		.byte	-95
 895 0363 08       		.byte	8
 896 0364 A2       		.byte	-94
 897 0365 14       		.byte	20
 898 0366 A5       		.byte	-91
 899 0367 06       		.byte	6
 900 0368 AA       		.byte	-86
 901 0369 08       		.byte	8
 902 036a AD       		.byte	-83
 903 036b 20       		.byte	32
 904 036c B7       		.byte	-73
 905 036d 80       		.byte	-128
 906 036e C0       		.byte	-64
 907 036f F7       		.byte	-9
 908 0370 C2       		.byte	-62
 909 0371 FF       		.byte	-1
 910 0372 C4       		.byte	-60
 911 0373 F7       		.byte	-9
 912 0374 CA       		.byte	-54
ARM GAS  C:\Users\doug_000\AppData\Local\Temp\ccRS3IHK.s 			page 17


 913 0375 C4       		.byte	-60
 914 0376 CC       		.byte	-52
 915 0377 F6       		.byte	-10
 916 0378 CE       		.byte	-50
 917 0379 BE       		.byte	-66
 918 037a E6       		.byte	-26
 919 037b 10       		.byte	16
 920 037c EA       		.byte	-22
 921 037d 40       		.byte	64
 922 037e 00       		.byte	0
 923 037f E0       		.byte	-32
 924 0380 03       		.byte	3
 925 0381 08       		.byte	8
 926 0382 04       		.byte	4
 927 0383 0A       		.byte	10
 928 0384 05       		.byte	5
 929 0385 10       		.byte	16
 930 0386 06       		.byte	6
 931 0387 14       		.byte	20
 932 0388 08       		.byte	8
 933 0389 06       		.byte	6
 934 038a 0A       		.byte	10
 935 038b 38       		.byte	56
 936 038c 0E       		.byte	14
 937 038d 01       		.byte	1
 938 038e 0F       		.byte	15
 939 038f 20       		.byte	32
 940 0390 10       		.byte	16
 941 0391 06       		.byte	6
 942 0392 11       		.byte	17
 943 0393 01       		.byte	1
 944 0394 12       		.byte	18
 945 0395 18       		.byte	24
 946 0396 13       		.byte	19
 947 0397 04       		.byte	4
 948 0398 14       		.byte	20
 949 0399 0A       		.byte	10
 950 039a 16       		.byte	22
 951 039b 54       		.byte	84
 952 039c 17       		.byte	23
 953 039d 10       		.byte	16
 954 039e 19       		.byte	25
 955 039f 05       		.byte	5
 956 03a0 1A       		.byte	26
 957 03a1 1E       		.byte	30
 958 03a2 1D       		.byte	29
 959 03a3 1A       		.byte	26
 960 03a4 20       		.byte	32
 961 03a5 20       		.byte	32
 962 03a6 21       		.byte	33
 963 03a7 04       		.byte	4
 964 03a8 23       		.byte	35
 965 03a9 01       		.byte	1
 966 03aa 24       		.byte	36
 967 03ab 80       		.byte	-128
 968 03ac 27       		.byte	39
 969 03ad 05       		.byte	5
ARM GAS  C:\Users\doug_000\AppData\Local\Temp\ccRS3IHK.s 			page 18


 970 03ae 28       		.byte	40
 971 03af 40       		.byte	64
 972 03b0 29       		.byte	41
 973 03b1 08       		.byte	8
 974 03b2 2F       		.byte	47
 975 03b3 05       		.byte	5
 976 03b4 30       		.byte	48
 977 03b5 FF       		.byte	-1
 978 03b6 31       		.byte	49
 979 03b7 04       		.byte	4
 980 03b8 33       		.byte	51
 981 03b9 01       		.byte	1
 982 03ba 35       		.byte	53
 983 03bb 02       		.byte	2
 984 03bc 37       		.byte	55
 985 03bd 38       		.byte	56
 986 03be 39       		.byte	57
 987 03bf 80       		.byte	-128
 988 03c0 3E       		.byte	62
 989 03c1 01       		.byte	1
 990 03c2 3F       		.byte	63
 991 03c3 15       		.byte	21
 992 03c4 54       		.byte	84
 993 03c5 07       		.byte	7
 994 03c6 58       		.byte	88
 995 03c7 04       		.byte	4
 996 03c8 59       		.byte	89
 997 03c9 04       		.byte	4
 998 03ca 5B       		.byte	91
 999 03cb 04       		.byte	4
 1000 03cc 5F       		.byte	95
 1001 03cd 01       		.byte	1
 1002 03ce 81       		.byte	-127
 1003 03cf 01       		.byte	1
 1004 03d0 82       		.byte	-126
 1005 03d1 65       		.byte	101
 1006 03d2 87       		.byte	-121
 1007 03d3 08       		.byte	8
 1008 03d4 8E       		.byte	-114
 1009 03d5 55       		.byte	85
 1010 03d6 90       		.byte	-112
 1011 03d7 55       		.byte	85
 1012 03d8 91       		.byte	-111
 1013 03d9 04       		.byte	4
 1014 03da 92       		.byte	-110
 1015 03db AA       		.byte	-86
 1016 03dc 95       		.byte	-107
 1017 03dd 08       		.byte	8
 1018 03de 96       		.byte	-106
 1019 03df 02       		.byte	2
 1020 03e0 9A       		.byte	-102
 1021 03e1 55       		.byte	85
 1022 03e2 9B       		.byte	-101
 1023 03e3 01       		.byte	1
 1024 03e4 9F       		.byte	-97
 1025 03e5 04       		.byte	4
 1026 03e6 A2       		.byte	-94
ARM GAS  C:\Users\doug_000\AppData\Local\Temp\ccRS3IHK.s 			page 19


 1027 03e7 05       		.byte	5
 1028 03e8 A3       		.byte	-93
 1029 03e9 02       		.byte	2
 1030 03ea A6       		.byte	-90
 1031 03eb 55       		.byte	85
 1032 03ec AA       		.byte	-86
 1033 03ed 09       		.byte	9
 1034 03ee AB       		.byte	-85
 1035 03ef 10       		.byte	16
 1036 03f0 AD       		.byte	-83
 1037 03f1 02       		.byte	2
 1038 03f2 AE       		.byte	-82
 1039 03f3 85       		.byte	-123
 1040 03f4 B0       		.byte	-80
 1041 03f5 C0       		.byte	-64
 1042 03f6 B2       		.byte	-78
 1043 03f7 03       		.byte	3
 1044 03f8 B4       		.byte	-76
 1045 03f9 0C       		.byte	12
 1046 03fa B5       		.byte	-75
 1047 03fb 1F       		.byte	31
 1048 03fc B6       		.byte	-74
 1049 03fd 30       		.byte	48
 1050 03fe B9       		.byte	-71
 1051 03ff 20       		.byte	32
 1052 0400 BA       		.byte	-70
 1053 0401 AA       		.byte	-86
 1054 0402 BF       		.byte	-65
 1055 0403 10       		.byte	16
 1056 0404 D8       		.byte	-40
 1057 0405 04       		.byte	4
 1058 0406 D9       		.byte	-39
 1059 0407 04       		.byte	4
 1060 0408 DF       		.byte	-33
 1061 0409 01       		.byte	1
 1062 040a 02       		.byte	2
 1063 040b 01       		.byte	1
 1064 040c 03       		.byte	3
 1065 040d 80       		.byte	-128
 1066 040e 04       		.byte	4
 1067 040f 12       		.byte	18
 1068 0410 05       		.byte	5
 1069 0411 04       		.byte	4
 1070 0412 07       		.byte	7
 1071 0413 01       		.byte	1
 1072 0414 08       		.byte	8
 1073 0415 10       		.byte	16
 1074 0416 09       		.byte	9
 1075 0417 02       		.byte	2
 1076 0418 0A       		.byte	10
 1077 0419 28       		.byte	40
 1078 041a 0C       		.byte	12
 1079 041b 04       		.byte	4
 1080 041c 0E       		.byte	14
 1081 041d 40       		.byte	64
 1082 041e 0F       		.byte	15
 1083 041f 24       		.byte	36
ARM GAS  C:\Users\doug_000\AppData\Local\Temp\ccRS3IHK.s 			page 20


 1084 0420 10       		.byte	16
 1085 0421 05       		.byte	5
 1086 0422 11       		.byte	17
 1087 0423 08       		.byte	8
 1088 0424 13       		.byte	19
 1089 0425 01       		.byte	1
 1090 0426 14       		.byte	20
 1091 0427 08       		.byte	8
 1092 0428 15       		.byte	21
 1093 0429 01       		.byte	1
 1094 042a 16       		.byte	22
 1095 042b 40       		.byte	64
 1096 042c 17       		.byte	23
 1097 042d 14       		.byte	20
 1098 042e 18       		.byte	24
 1099 042f 18       		.byte	24
 1100 0430 19       		.byte	25
 1101 0431 40       		.byte	64
 1102 0432 1A       		.byte	26
 1103 0433 A6       		.byte	-90
 1104 0434 1B       		.byte	27
 1105 0435 99       		.byte	-103
 1106 0436 1C       		.byte	28
 1107 0437 80       		.byte	-128
 1108 0438 23       		.byte	35
 1109 0439 04       		.byte	4
 1110 043a 24       		.byte	36
 1111 043b 02       		.byte	2
 1112 043c 25       		.byte	37
 1113 043d 28       		.byte	40
 1114 043e 26       		.byte	38
 1115 043f 82       		.byte	-126
 1116 0440 28       		.byte	40
 1117 0441 01       		.byte	1
 1118 0442 29       		.byte	41
 1119 0443 10       		.byte	16
 1120 0444 2A       		.byte	42
 1121 0445 02       		.byte	2
 1122 0446 2B       		.byte	43
 1123 0447 01       		.byte	1
 1124 0448 2F       		.byte	47
 1125 0449 59       		.byte	89
 1126 044a 30       		.byte	48
 1127 044b A0       		.byte	-96
 1128 044c 32       		.byte	50
 1129 044d 05       		.byte	5
 1130 044e 34       		.byte	52
 1131 044f 88       		.byte	-120
 1132 0450 36       		.byte	54
 1133 0451 90       		.byte	-112
 1134 0452 37       		.byte	55
 1135 0453 02       		.byte	2
 1136 0454 39       		.byte	57
 1137 0455 04       		.byte	4
 1138 0456 3B       		.byte	59
 1139 0457 01       		.byte	1
 1140 0458 3C       		.byte	60
ARM GAS  C:\Users\doug_000\AppData\Local\Temp\ccRS3IHK.s 			page 21


 1141 0459 80       		.byte	-128
 1142 045a 3D       		.byte	61
 1143 045b 01       		.byte	1
 1144 045c 3E       		.byte	62
 1145 045d 04       		.byte	4
 1146 045e 48       		.byte	72
 1147 045f 04       		.byte	4
 1148 0460 49       		.byte	73
 1149 0461 20       		.byte	32
 1150 0462 5C       		.byte	92
 1151 0463 80       		.byte	-128
 1152 0464 5D       		.byte	93
 1153 0465 20       		.byte	32
 1154 0466 5F       		.byte	95
 1155 0467 08       		.byte	8
 1156 0468 85       		.byte	-123
 1157 0469 14       		.byte	20
 1158 046a 87       		.byte	-121
 1159 046b 40       		.byte	64
 1160 046c 89       		.byte	-119
 1161 046d 08       		.byte	8
 1162 046e 8D       		.byte	-115
 1163 046f 80       		.byte	-128
 1164 0470 8E       		.byte	-114
 1165 0471 02       		.byte	2
 1166 0472 93       		.byte	-109
 1167 0473 01       		.byte	1
 1168 0474 94       		.byte	-108
 1169 0475 08       		.byte	8
 1170 0476 95       		.byte	-107
 1171 0477 48       		.byte	72
 1172 0478 96       		.byte	-106
 1173 0479 84       		.byte	-124
 1174 047a 97       		.byte	-105
 1175 047b 20       		.byte	32
 1176 047c 9A       		.byte	-102
 1177 047d 40       		.byte	64
 1178 047e 9B       		.byte	-101
 1179 047f 16       		.byte	22
 1180 0480 9C       		.byte	-100
 1181 0481 10       		.byte	16
 1182 0482 9D       		.byte	-99
 1183 0483 40       		.byte	64
 1184 0484 9E       		.byte	-98
 1185 0485 01       		.byte	1
 1186 0486 A0       		.byte	-96
 1187 0487 05       		.byte	5
 1188 0488 A2       		.byte	-94
 1189 0489 14       		.byte	20
 1190 048a A5       		.byte	-91
 1191 048b 16       		.byte	22
 1192 048c A7       		.byte	-89
 1193 048d 08       		.byte	8
 1194 048e AA       		.byte	-86
 1195 048f 40       		.byte	64
 1196 0490 AB       		.byte	-85
 1197 0491 10       		.byte	16
ARM GAS  C:\Users\doug_000\AppData\Local\Temp\ccRS3IHK.s 			page 22


 1198 0492 C0       		.byte	-64
 1199 0493 F9       		.byte	-7
 1200 0494 C2       		.byte	-62
 1201 0495 7E       		.byte	126
 1202 0496 C4       		.byte	-60
 1203 0497 7F       		.byte	127
 1204 0498 CA       		.byte	-54
 1205 0499 FD       		.byte	-3
 1206 049a CC       		.byte	-52
 1207 049b FF       		.byte	-1
 1208 049c CE       		.byte	-50
 1209 049d D3       		.byte	-45
 1210 049e D6       		.byte	-42
 1211 049f 70       		.byte	112
 1212 04a0 E2       		.byte	-30
 1213 04a1 10       		.byte	16
 1214 04a2 E6       		.byte	-26
 1215 04a3 30       		.byte	48
 1216 04a4 B4       		.byte	-76
 1217 04a5 40       		.byte	64
 1218 04a6 39       		.byte	57
 1219 04a7 02       		.byte	2
 1220 04a8 3F       		.byte	63
 1221 04a9 01       		.byte	1
 1222 04aa 59       		.byte	89
 1223 04ab 04       		.byte	4
 1224 04ac 5F       		.byte	95
 1225 04ad 01       		.byte	1
 1226 04ae 24       		.byte	36
 1227 04af 40       		.byte	64
 1228 04b0 02       		.byte	2
 1229 04b1 01       		.byte	1
 1230 04b2 03       		.byte	3
 1231 04b3 04       		.byte	4
 1232 04b4 04       		.byte	4
 1233 04b5 40       		.byte	64
 1234 04b6 06       		.byte	6
 1235 04b7 80       		.byte	-128
 1236 04b8 07       		.byte	7
 1237 04b9 08       		.byte	8
 1238 04ba 09       		.byte	9
 1239 04bb 80       		.byte	-128
 1240 04bc 0A       		.byte	10
 1241 04bd 08       		.byte	8
 1242 04be 0B       		.byte	11
 1243 04bf 20       		.byte	32
 1244 04c0 0C       		.byte	12
 1245 04c1 10       		.byte	16
 1246 04c2 0E       		.byte	14
 1247 04c3 20       		.byte	32
 1248 04c4 0F       		.byte	15
 1249 04c5 20       		.byte	32
 1250 04c6 11       		.byte	17
 1251 04c7 A0       		.byte	-96
 1252 04c8 12       		.byte	18
 1253 04c9 02       		.byte	2
 1254 04ca 13       		.byte	19
ARM GAS  C:\Users\doug_000\AppData\Local\Temp\ccRS3IHK.s 			page 23


 1255 04cb 40       		.byte	64
 1256 04cc 15       		.byte	21
 1257 04cd 08       		.byte	8
 1258 04ce 16       		.byte	22
 1259 04cf 04       		.byte	4
 1260 04d0 17       		.byte	23
 1261 04d1 40       		.byte	64
 1262 04d2 18       		.byte	24
 1263 04d3 01       		.byte	1
 1264 04d4 1B       		.byte	27
 1265 04d5 01       		.byte	1
 1266 04d6 1C       		.byte	28
 1267 04d7 02       		.byte	2
 1268 04d8 1D       		.byte	29
 1269 04d9 02       		.byte	2
 1270 04da 20       		.byte	32
 1271 04db 04       		.byte	4
 1272 04dc 23       		.byte	35
 1273 04dd 02       		.byte	2
 1274 04de 24       		.byte	36
 1275 04df 08       		.byte	8
 1276 04e0 27       		.byte	39
 1277 04e1 10       		.byte	16
 1278 04e2 28       		.byte	40
 1279 04e3 20       		.byte	32
 1280 04e4 29       		.byte	41
 1281 04e5 04       		.byte	4
 1282 04e6 2A       		.byte	42
 1283 04e7 10       		.byte	16
 1284 04e8 2C       		.byte	44
 1285 04e9 80       		.byte	-128
 1286 04ea 2D       		.byte	45
 1287 04eb 01       		.byte	1
 1288 04ec 2E       		.byte	46
 1289 04ed 40       		.byte	64
 1290 04ee 31       		.byte	49
 1291 04ef 1F       		.byte	31
 1292 04f0 32       		.byte	50
 1293 04f1 FF       		.byte	-1
 1294 04f2 33       		.byte	51
 1295 04f3 60       		.byte	96
 1296 04f4 35       		.byte	53
 1297 04f5 80       		.byte	-128
 1298 04f6 39       		.byte	57
 1299 04f7 02       		.byte	2
 1300 04f8 3B       		.byte	59
 1301 04f9 08       		.byte	8
 1302 04fa 3E       		.byte	62
 1303 04fb 04       		.byte	4
 1304 04fc 3F       		.byte	63
 1305 04fd 01       		.byte	1
 1306 04fe 58       		.byte	88
 1307 04ff 04       		.byte	4
 1308 0500 59       		.byte	89
 1309 0501 04       		.byte	4
 1310 0502 5B       		.byte	91
 1311 0503 04       		.byte	4
ARM GAS  C:\Users\doug_000\AppData\Local\Temp\ccRS3IHK.s 			page 24


 1312 0504 5F       		.byte	95
 1313 0505 01       		.byte	1
 1314 0506 85       		.byte	-123
 1315 0507 04       		.byte	4
 1316 0508 87       		.byte	-121
 1317 0509 02       		.byte	2
 1318 050a 88       		.byte	-120
 1319 050b 07       		.byte	7
 1320 050c 8C       		.byte	-116
 1321 050d 02       		.byte	2
 1322 050e 8D       		.byte	-115
 1323 050f 06       		.byte	6
 1324 0510 8E       		.byte	-114
 1325 0511 05       		.byte	5
 1326 0512 91       		.byte	-111
 1327 0513 01       		.byte	1
 1328 0514 94       		.byte	-108
 1329 0515 05       		.byte	5
 1330 0516 96       		.byte	-106
 1331 0517 02       		.byte	2
 1332 0518 97       		.byte	-105
 1333 0519 01       		.byte	1
 1334 051a 98       		.byte	-104
 1335 051b 07       		.byte	7
 1336 051c 99       		.byte	-103
 1337 051d 01       		.byte	1
 1338 051e 9D       		.byte	-99
 1339 051f 02       		.byte	2
 1340 0520 9F       		.byte	-97
 1341 0521 04       		.byte	4
 1342 0522 A5       		.byte	-91
 1343 0523 01       		.byte	1
 1344 0524 A8       		.byte	-88
 1345 0525 06       		.byte	6
 1346 0526 A9       		.byte	-87
 1347 0527 01       		.byte	1
 1348 0528 AA       		.byte	-86
 1349 0529 01       		.byte	1
 1350 052a B0       		.byte	-80
 1351 052b 04       		.byte	4
 1352 052c B1       		.byte	-79
 1353 052d 06       		.byte	6
 1354 052e B2       		.byte	-78
 1355 052f 02       		.byte	2
 1356 0530 B4       		.byte	-76
 1357 0531 01       		.byte	1
 1358 0532 B5       		.byte	-75
 1359 0533 01       		.byte	1
 1360 0534 BE       		.byte	-66
 1361 0535 15       		.byte	21
 1362 0536 BF       		.byte	-65
 1363 0537 10       		.byte	16
 1364 0538 D8       		.byte	-40
 1365 0539 04       		.byte	4
 1366 053a D9       		.byte	-39
 1367 053b 04       		.byte	4
 1368 053c DF       		.byte	-33
ARM GAS  C:\Users\doug_000\AppData\Local\Temp\ccRS3IHK.s 			page 25


 1369 053d 01       		.byte	1
 1370 053e 00       		.byte	0
 1371 053f 2A       		.byte	42
 1372 0540 02       		.byte	2
 1373 0541 41       		.byte	65
 1374 0542 05       		.byte	5
 1375 0543 20       		.byte	32
 1376 0544 07       		.byte	7
 1377 0545 02       		.byte	2
 1378 0546 09       		.byte	9
 1379 0547 80       		.byte	-128
 1380 0548 0A       		.byte	10
 1381 0549 A4       		.byte	-92
 1382 054a 0C       		.byte	12
 1383 054b 10       		.byte	16
 1384 054c 0E       		.byte	14
 1385 054d 20       		.byte	32
 1386 054e 10       		.byte	16
 1387 054f 02       		.byte	2
 1388 0550 11       		.byte	17
 1389 0551 15       		.byte	21
 1390 0552 14       		.byte	20
 1391 0553 04       		.byte	4
 1392 0554 19       		.byte	25
 1393 0555 08       		.byte	8
 1394 0556 1C       		.byte	28
 1395 0557 80       		.byte	-128
 1396 0558 1F       		.byte	31
 1397 0559 24       		.byte	36
 1398 055a 20       		.byte	32
 1399 055b 68       		.byte	104
 1400 055c 21       		.byte	33
 1401 055d 10       		.byte	16
 1402 055e 22       		.byte	34
 1403 055f 04       		.byte	4
 1404 0560 24       		.byte	36
 1405 0561 80       		.byte	-128
 1406 0562 25       		.byte	37
 1407 0563 10       		.byte	16
 1408 0564 27       		.byte	39
 1409 0565 40       		.byte	64
 1410 0566 29       		.byte	41
 1411 0567 08       		.byte	8
 1412 0568 2A       		.byte	42
 1413 0569 42       		.byte	66
 1414 056a 2B       		.byte	43
 1415 056b 04       		.byte	4
 1416 056c 2C       		.byte	44
 1417 056d 10       		.byte	16
 1418 056e 2D       		.byte	45
 1419 056f 20       		.byte	32
 1420 0570 31       		.byte	49
 1421 0571 10       		.byte	16
 1422 0572 32       		.byte	50
 1423 0573 45       		.byte	69
 1424 0574 34       		.byte	52
 1425 0575 04       		.byte	4
ARM GAS  C:\Users\doug_000\AppData\Local\Temp\ccRS3IHK.s 			page 26


 1426 0576 36       		.byte	54
 1427 0577 18       		.byte	24
 1428 0578 37       		.byte	55
 1429 0579 42       		.byte	66
 1430 057a 38       		.byte	56
 1431 057b 80       		.byte	-128
 1432 057c 39       		.byte	57
 1433 057d 25       		.byte	37
 1434 057e 3C       		.byte	60
 1435 057f 08       		.byte	8
 1436 0580 3D       		.byte	61
 1437 0581 08       		.byte	8
 1438 0582 3F       		.byte	63
 1439 0583 40       		.byte	64
 1440 0584 46       		.byte	70
 1441 0585 01       		.byte	1
 1442 0586 47       		.byte	71
 1443 0587 40       		.byte	64
 1444 0588 68       		.byte	104
 1445 0589 02       		.byte	2
 1446 058a 69       		.byte	105
 1447 058b 15       		.byte	21
 1448 058c 71       		.byte	113
 1449 058d 91       		.byte	-111
 1450 058e 72       		.byte	114
 1451 058f 26       		.byte	38
 1452 0590 81       		.byte	-127
 1453 0591 10       		.byte	16
 1454 0592 82       		.byte	-126
 1455 0593 10       		.byte	16
 1456 0594 83       		.byte	-125
 1457 0595 8C       		.byte	-116
 1458 0596 84       		.byte	-124
 1459 0597 40       		.byte	64
 1460 0598 87       		.byte	-121
 1461 0599 04       		.byte	4
 1462 059a 8F       		.byte	-113
 1463 059b 24       		.byte	36
 1464 059c 92       		.byte	-110
 1465 059d 82       		.byte	-126
 1466 059e 93       		.byte	-109
 1467 059f 40       		.byte	64
 1468 05a0 94       		.byte	-108
 1469 05a1 40       		.byte	64
 1470 05a2 96       		.byte	-106
 1471 05a3 08       		.byte	8
 1472 05a4 98       		.byte	-104
 1473 05a5 10       		.byte	16
 1474 05a6 99       		.byte	-103
 1475 05a7 20       		.byte	32
 1476 05a8 9B       		.byte	-101
 1477 05a9 06       		.byte	6
 1478 05aa 9D       		.byte	-99
 1479 05ab 01       		.byte	1
 1480 05ac 9E       		.byte	-98
 1481 05ad 21       		.byte	33
 1482 05ae 9F       		.byte	-97
ARM GAS  C:\Users\doug_000\AppData\Local\Temp\ccRS3IHK.s 			page 27


 1483 05af 08       		.byte	8
 1484 05b0 A0       		.byte	-96
 1485 05b1 01       		.byte	1
 1486 05b2 A2       		.byte	-94
 1487 05b3 18       		.byte	24
 1488 05b4 A3       		.byte	-93
 1489 05b5 80       		.byte	-128
 1490 05b6 A5       		.byte	-91
 1491 05b7 04       		.byte	4
 1492 05b8 A9       		.byte	-87
 1493 05b9 08       		.byte	8
 1494 05ba AB       		.byte	-85
 1495 05bb 80       		.byte	-128
 1496 05bc B7       		.byte	-73
 1497 05bd 02       		.byte	2
 1498 05be C0       		.byte	-64
 1499 05bf CF       		.byte	-49
 1500 05c0 C2       		.byte	-62
 1501 05c1 6F       		.byte	111
 1502 05c2 C4       		.byte	-60
 1503 05c3 4F       		.byte	79
 1504 05c4 CA       		.byte	-54
 1505 05c5 6F       		.byte	111
 1506 05c6 CC       		.byte	-52
 1507 05c7 FF       		.byte	-1
 1508 05c8 CE       		.byte	-50
 1509 05c9 5F       		.byte	95
 1510 05ca E2       		.byte	-30
 1511 05cb 40       		.byte	64
 1512 05cc E6       		.byte	-26
 1513 05cd 10       		.byte	16
 1514 05ce EE       		.byte	-18
 1515 05cf 40       		.byte	64
 1516 05d0 05       		.byte	5
 1517 05d1 0C       		.byte	12
 1518 05d2 07       		.byte	7
 1519 05d3 03       		.byte	3
 1520 05d4 08       		.byte	8
 1521 05d5 09       		.byte	9
 1522 05d6 0A       		.byte	10
 1523 05d7 02       		.byte	2
 1524 05d8 0C       		.byte	12
 1525 05d9 0B       		.byte	11
 1526 05da 0E       		.byte	14
 1527 05db 04       		.byte	4
 1528 05dc 11       		.byte	17
 1529 05dd 0B       		.byte	11
 1530 05de 13       		.byte	19
 1531 05df 04       		.byte	4
 1532 05e0 14       		.byte	20
 1533 05e1 09       		.byte	9
 1534 05e2 15       		.byte	21
 1535 05e3 07       		.byte	7
 1536 05e4 16       		.byte	22
 1537 05e5 06       		.byte	6
 1538 05e6 17       		.byte	23
 1539 05e7 08       		.byte	8
ARM GAS  C:\Users\doug_000\AppData\Local\Temp\ccRS3IHK.s 			page 28


 1540 05e8 19       		.byte	25
 1541 05e9 06       		.byte	6
 1542 05ea 1A       		.byte	26
 1543 05eb 0F       		.byte	15
 1544 05ec 1B       		.byte	27
 1545 05ed 09       		.byte	9
 1546 05ee 24       		.byte	36
 1547 05ef 03       		.byte	3
 1548 05f0 25       		.byte	37
 1549 05f1 09       		.byte	9
 1550 05f2 26       		.byte	38
 1551 05f3 0C       		.byte	12
 1552 05f4 27       		.byte	39
 1553 05f5 06       		.byte	6
 1554 05f6 30       		.byte	48
 1555 05f7 01       		.byte	1
 1556 05f8 31       		.byte	49
 1557 05f9 01       		.byte	1
 1558 05fa 32       		.byte	50
 1559 05fb 02       		.byte	2
 1560 05fc 33       		.byte	51
 1561 05fd 08       		.byte	8
 1562 05fe 34       		.byte	52
 1563 05ff 04       		.byte	4
 1564 0600 35       		.byte	53
 1565 0601 02       		.byte	2
 1566 0602 36       		.byte	54
 1567 0603 08       		.byte	8
 1568 0604 37       		.byte	55
 1569 0605 04       		.byte	4
 1570 0606 3A       		.byte	58
 1571 0607 20       		.byte	32
 1572 0608 3E       		.byte	62
 1573 0609 45       		.byte	69
 1574 060a 3F       		.byte	63
 1575 060b 55       		.byte	85
 1576 060c 58       		.byte	88
 1577 060d 04       		.byte	4
 1578 060e 59       		.byte	89
 1579 060f 04       		.byte	4
 1580 0610 5B       		.byte	91
 1581 0611 04       		.byte	4
 1582 0612 5C       		.byte	92
 1583 0613 01       		.byte	1
 1584 0614 5F       		.byte	95
 1585 0615 01       		.byte	1
 1586 0616 82       		.byte	-126
 1587 0617 01       		.byte	1
 1588 0618 85       		.byte	-123
 1589 0619 0A       		.byte	10
 1590 061a 86       		.byte	-122
 1591 061b 04       		.byte	4
 1592 061c 87       		.byte	-121
 1593 061d 14       		.byte	20
 1594 061e 88       		.byte	-120
 1595 061f 08       		.byte	8
 1596 0620 89       		.byte	-119
ARM GAS  C:\Users\doug_000\AppData\Local\Temp\ccRS3IHK.s 			page 29


 1597 0621 0A       		.byte	10
 1598 0622 8B       		.byte	-117
 1599 0623 14       		.byte	20
 1600 0624 8C       		.byte	-116
 1601 0625 10       		.byte	16
 1602 0626 8E       		.byte	-114
 1603 0627 20       		.byte	32
 1604 0628 8F       		.byte	-113
 1605 0629 1E       		.byte	30
 1606 062a 91       		.byte	-111
 1607 062b 20       		.byte	32
 1608 062c 92       		.byte	-110
 1609 062d 02       		.byte	2
 1610 062e 93       		.byte	-109
 1611 062f 01       		.byte	1
 1612 0630 94       		.byte	-108
 1613 0631 40       		.byte	64
 1614 0632 96       		.byte	-106
 1615 0633 80       		.byte	-128
 1616 0634 99       		.byte	-103
 1617 0635 06       		.byte	6
 1618 0636 9A       		.byte	-102
 1619 0637 08       		.byte	8
 1620 0638 9B       		.byte	-101
 1621 0639 18       		.byte	24
 1622 063a 9C       		.byte	-100
 1623 063b 02       		.byte	2
 1624 063c A0       		.byte	-96
 1625 063d 04       		.byte	4
 1626 063e A1       		.byte	-95
 1627 063f 06       		.byte	6
 1628 0640 A3       		.byte	-93
 1629 0641 18       		.byte	24
 1630 0642 A4       		.byte	-92
 1631 0643 01       		.byte	1
 1632 0644 A8       		.byte	-88
 1633 0645 20       		.byte	32
 1634 0646 AA       		.byte	-86
 1635 0647 10       		.byte	16
 1636 0648 AC       		.byte	-84
 1637 0649 80       		.byte	-128
 1638 064a AE       		.byte	-82
 1639 064b 40       		.byte	64
 1640 064c B1       		.byte	-79
 1641 064d 1F       		.byte	31
 1642 064e B4       		.byte	-76
 1643 064f FF       		.byte	-1
 1644 0650 B5       		.byte	-75
 1645 0651 20       		.byte	32
 1646 0652 BB       		.byte	-69
 1647 0653 0C       		.byte	12
 1648 0654 BE       		.byte	-66
 1649 0655 10       		.byte	16
 1650 0656 BF       		.byte	-65
 1651 0657 11       		.byte	17
 1652 0658 D8       		.byte	-40
 1653 0659 04       		.byte	4
ARM GAS  C:\Users\doug_000\AppData\Local\Temp\ccRS3IHK.s 			page 30


 1654 065a D9       		.byte	-39
 1655 065b 04       		.byte	4
 1656 065c DB       		.byte	-37
 1657 065d 04       		.byte	4
 1658 065e DC       		.byte	-36
 1659 065f 10       		.byte	16
 1660 0660 DF       		.byte	-33
 1661 0661 01       		.byte	1
 1662 0662 00       		.byte	0
 1663 0663 22       		.byte	34
 1664 0664 01       		.byte	1
 1665 0665 08       		.byte	8
 1666 0666 02       		.byte	2
 1667 0667 01       		.byte	1
 1668 0668 05       		.byte	5
 1669 0669 20       		.byte	32
 1670 066a 06       		.byte	6
 1671 066b 08       		.byte	8
 1672 066c 07       		.byte	7
 1673 066d 02       		.byte	2
 1674 066e 09       		.byte	9
 1675 066f 04       		.byte	4
 1676 0670 0A       		.byte	10
 1677 0671 89       		.byte	-119
 1678 0672 0C       		.byte	12
 1679 0673 10       		.byte	16
 1680 0674 0E       		.byte	14
 1681 0675 28       		.byte	40
 1682 0676 0F       		.byte	15
 1683 0677 08       		.byte	8
 1684 0678 10       		.byte	16
 1685 0679 22       		.byte	34
 1686 067a 11       		.byte	17
 1687 067b 11       		.byte	17
 1688 067c 15       		.byte	21
 1689 067d 08       		.byte	8
 1690 067e 19       		.byte	25
 1691 067f 10       		.byte	16
 1692 0680 1D       		.byte	29
 1693 0681 80       		.byte	-128
 1694 0682 1F       		.byte	31
 1695 0683 1A       		.byte	26
 1696 0684 21       		.byte	33
 1697 0685 16       		.byte	22
 1698 0686 22       		.byte	34
 1699 0687 09       		.byte	9
 1700 0688 23       		.byte	35
 1701 0689 40       		.byte	64
 1702 068a 24       		.byte	36
 1703 068b 80       		.byte	-128
 1704 068c 25       		.byte	37
 1705 068d 10       		.byte	16
 1706 068e 26       		.byte	38
 1707 068f 80       		.byte	-128
 1708 0690 27       		.byte	39
 1709 0691 10       		.byte	16
 1710 0692 29       		.byte	41
ARM GAS  C:\Users\doug_000\AppData\Local\Temp\ccRS3IHK.s 			page 31


 1711 0693 01       		.byte	1
 1712 0694 2E       		.byte	46
 1713 0695 08       		.byte	8
 1714 0696 2F       		.byte	47
 1715 0697 10       		.byte	16
 1716 0698 32       		.byte	50
 1717 0699 10       		.byte	16
 1718 069a 33       		.byte	51
 1719 069b 01       		.byte	1
 1720 069c 36       		.byte	54
 1721 069d 18       		.byte	24
 1722 069e 37       		.byte	55
 1723 069f 02       		.byte	2
 1724 06a0 38       		.byte	56
 1725 06a1 48       		.byte	72
 1726 06a2 3A       		.byte	58
 1727 06a3 20       		.byte	32
 1728 06a4 3F       		.byte	63
 1729 06a5 08       		.byte	8
 1730 06a6 68       		.byte	104
 1731 06a7 92       		.byte	-110
 1732 06a8 69       		.byte	105
 1733 06a9 15       		.byte	21
 1734 06aa 6D       		.byte	109
 1735 06ab 40       		.byte	64
 1736 06ac 6F       		.byte	111
 1737 06ad 05       		.byte	5
 1738 06ae 70       		.byte	112
 1739 06af 20       		.byte	32
 1740 06b0 71       		.byte	113
 1741 06b1 04       		.byte	4
 1742 06b2 72       		.byte	114
 1743 06b3 43       		.byte	67
 1744 06b4 83       		.byte	-125
 1745 06b5 10       		.byte	16
 1746 06b6 86       		.byte	-122
 1747 06b7 80       		.byte	-128
 1748 06b8 87       		.byte	-121
 1749 06b9 08       		.byte	8
 1750 06ba 8C       		.byte	-116
 1751 06bb 40       		.byte	64
 1752 06bc 90       		.byte	-112
 1753 06bd 08       		.byte	8
 1754 06be 92       		.byte	-110
 1755 06bf A0       		.byte	-96
 1756 06c0 95       		.byte	-107
 1757 06c1 6C       		.byte	108
 1758 06c2 96       		.byte	-106
 1759 06c3 48       		.byte	72
 1760 06c4 97       		.byte	-105
 1761 06c5 20       		.byte	32
 1762 06c6 9B       		.byte	-101
 1763 06c7 02       		.byte	2
 1764 06c8 9D       		.byte	-99
 1765 06c9 14       		.byte	20
 1766 06ca 9E       		.byte	-98
 1767 06cb 03       		.byte	3
ARM GAS  C:\Users\doug_000\AppData\Local\Temp\ccRS3IHK.s 			page 32


 1768 06cc 9F       		.byte	-97
 1769 06cd 09       		.byte	9
 1770 06ce A0       		.byte	-96
 1771 06cf 01       		.byte	1
 1772 06d0 A2       		.byte	-94
 1773 06d1 14       		.byte	20
 1774 06d2 A3       		.byte	-93
 1775 06d3 80       		.byte	-128
 1776 06d4 A4       		.byte	-92
 1777 06d5 A0       		.byte	-96
 1778 06d6 A5       		.byte	-91
 1779 06d7 96       		.byte	-106
 1780 06d8 A9       		.byte	-87
 1781 06d9 20       		.byte	32
 1782 06da AA       		.byte	-86
 1783 06db 04       		.byte	4
 1784 06dc AB       		.byte	-85
 1785 06dd 01       		.byte	1
 1786 06de C0       		.byte	-64
 1787 06df CF       		.byte	-49
 1788 06e0 C2       		.byte	-62
 1789 06e1 6F       		.byte	111
 1790 06e2 C4       		.byte	-60
 1791 06e3 2F       		.byte	47
 1792 06e4 CA       		.byte	-54
 1793 06e5 41       		.byte	65
 1794 06e6 CC       		.byte	-52
 1795 06e7 E5       		.byte	-27
 1796 06e8 CE       		.byte	-50
 1797 06e9 4E       		.byte	78
 1798 06ea E6       		.byte	-26
 1799 06eb 10       		.byte	16
 1800 06ec 50       		.byte	80
 1801 06ed 02       		.byte	2
 1802 06ee 52       		.byte	82
 1803 06ef 40       		.byte	64
 1804 06f0 55       		.byte	85
 1805 06f1 01       		.byte	1
 1806 06f2 57       		.byte	87
 1807 06f3 10       		.byte	16
 1808 06f4 5A       		.byte	90
 1809 06f5 01       		.byte	1
 1810 06f6 5C       		.byte	92
 1811 06f7 01       		.byte	1
 1812 06f8 61       		.byte	97
 1813 06f9 02       		.byte	2
 1814 06fa 66       		.byte	102
 1815 06fb 04       		.byte	4
 1816 06fc 83       		.byte	-125
 1817 06fd 10       		.byte	16
 1818 06fe 86       		.byte	-122
 1819 06ff 01       		.byte	1
 1820 0700 8A       		.byte	-118
 1821 0701 40       		.byte	64
 1822 0702 D4       		.byte	-44
 1823 0703 E0       		.byte	-32
 1824 0704 D6       		.byte	-42
ARM GAS  C:\Users\doug_000\AppData\Local\Temp\ccRS3IHK.s 			page 33


 1825 0705 E0       		.byte	-32
 1826 0706 D8       		.byte	-40
 1827 0707 C0       		.byte	-64
 1828 0708 E2       		.byte	-30
 1829 0709 10       		.byte	16
 1830 070a E6       		.byte	-26
 1831 070b 80       		.byte	-128
 1832 070c 50       		.byte	80
 1833 070d 06       		.byte	6
 1834 070e 56       		.byte	86
 1835 070f 10       		.byte	16
 1836 0710 59       		.byte	89
 1837 0711 08       		.byte	8
 1838 0712 5C       		.byte	92
 1839 0713 80       		.byte	-128
 1840 0714 60       		.byte	96
 1841 0715 08       		.byte	8
 1842 0716 64       		.byte	100
 1843 0717 01       		.byte	1
 1844 0718 66       		.byte	102
 1845 0719 01       		.byte	1
 1846 071a 81       		.byte	-127
 1847 071b 0A       		.byte	10
 1848 071c 86       		.byte	-122
 1849 071d 10       		.byte	16
 1850 071e 8C       		.byte	-116
 1851 071f 04       		.byte	4
 1852 0720 94       		.byte	-108
 1853 0721 01       		.byte	1
 1854 0722 9E       		.byte	-98
 1855 0723 04       		.byte	4
 1856 0724 A5       		.byte	-91
 1857 0725 02       		.byte	2
 1858 0726 B4       		.byte	-76
 1859 0727 02       		.byte	2
 1860 0728 B5       		.byte	-75
 1861 0729 01       		.byte	1
 1862 072a D4       		.byte	-44
 1863 072b E0       		.byte	-32
 1864 072c D6       		.byte	-42
 1865 072d E0       		.byte	-32
 1866 072e D8       		.byte	-40
 1867 072f C0       		.byte	-64
 1868 0730 E2       		.byte	-30
 1869 0731 C0       		.byte	-64
 1870 0732 E6       		.byte	-26
 1871 0733 20       		.byte	32
 1872 0734 50       		.byte	80
 1873 0735 04       		.byte	4
 1874 0736 55       		.byte	85
 1875 0737 08       		.byte	8
 1876 0738 81       		.byte	-127
 1877 0739 20       		.byte	32
 1878 073a 8C       		.byte	-116
 1879 073b 01       		.byte	1
 1880 073c 94       		.byte	-108
 1881 073d 01       		.byte	1
ARM GAS  C:\Users\doug_000\AppData\Local\Temp\ccRS3IHK.s 			page 34


 1882 073e 99       		.byte	-103
 1883 073f 02       		.byte	2
 1884 0740 9C       		.byte	-100
 1885 0741 81       		.byte	-127
 1886 0742 9D       		.byte	-99
 1887 0743 08       		.byte	8
 1888 0744 9E       		.byte	-98
 1889 0745 04       		.byte	4
 1890 0746 A1       		.byte	-95
 1891 0747 08       		.byte	8
 1892 0748 A5       		.byte	-91
 1893 0749 02       		.byte	2
 1894 074a AA       		.byte	-86
 1895 074b 01       		.byte	1
 1896 074c AC       		.byte	-84
 1897 074d 02       		.byte	2
 1898 074e B4       		.byte	-76
 1899 074f 08       		.byte	8
 1900 0750 D4       		.byte	-44
 1901 0751 60       		.byte	96
 1902 0752 E6       		.byte	-26
 1903 0753 80       		.byte	-128
 1904 0754 EA       		.byte	-22
 1905 0755 30       		.byte	48
 1906 0756 84       		.byte	-124
 1907 0757 01       		.byte	1
 1908 0758 89       		.byte	-119
 1909 0759 02       		.byte	2
 1910 075a 8C       		.byte	-116
 1911 075b 04       		.byte	4
 1912 075c 8E       		.byte	-114
 1913 075d 04       		.byte	4
 1914 075e 94       		.byte	-108
 1915 075f 08       		.byte	8
 1916 0760 99       		.byte	-103
 1917 0761 22       		.byte	34
 1918 0762 9C       		.byte	-100
 1919 0763 81       		.byte	-127
 1920 0764 9D       		.byte	-99
 1921 0765 08       		.byte	8
 1922 0766 9E       		.byte	-98
 1923 0767 04       		.byte	4
 1924 0768 A5       		.byte	-91
 1925 0769 02       		.byte	2
 1926 076a E2       		.byte	-30
 1927 076b 40       		.byte	64
 1928 076c 98       		.byte	-104
 1929 076d 20       		.byte	32
 1930 076e B4       		.byte	-76
 1931 076f 20       		.byte	32
 1932 0770 E8       		.byte	-24
 1933 0771 02       		.byte	2
 1934 0772 98       		.byte	-104
 1935 0773 20       		.byte	32
 1936 0774 50       		.byte	80
 1937 0775 20       		.byte	32
 1938 0776 56       		.byte	86
ARM GAS  C:\Users\doug_000\AppData\Local\Temp\ccRS3IHK.s 			page 35


 1939 0777 20       		.byte	32
 1940 0778 80       		.byte	-128
 1941 0779 02       		.byte	2
 1942 077a 84       		.byte	-124
 1943 077b 80       		.byte	-128
 1944 077c 85       		.byte	-123
 1945 077d 08       		.byte	8
 1946 077e 8C       		.byte	-116
 1947 077f 20       		.byte	32
 1948 0780 90       		.byte	-112
 1949 0781 20       		.byte	32
 1950 0782 99       		.byte	-103
 1951 0783 22       		.byte	34
 1952 0784 9C       		.byte	-100
 1953 0785 80       		.byte	-128
 1954 0786 9D       		.byte	-99
 1955 0787 08       		.byte	8
 1956 0788 A8       		.byte	-88
 1957 0789 10       		.byte	16
 1958 078a D4       		.byte	-44
 1959 078b 60       		.byte	96
 1960 078c E2       		.byte	-30
 1961 078d 20       		.byte	32
 1962 078e E6       		.byte	-26
 1963 078f 50       		.byte	80
 1964 0790 EA       		.byte	-22
 1965 0791 20       		.byte	32
 1966 0792 07       		.byte	7
 1967 0793 10       		.byte	16
 1968 0794 50       		.byte	80
 1969 0795 10       		.byte	16
 1970 0796 51       		.byte	81
 1971 0797 02       		.byte	2
 1972 0798 56       		.byte	86
 1973 0799 10       		.byte	16
 1974 079a 59       		.byte	89
 1975 079b 02       		.byte	2
 1976 079c 5C       		.byte	92
 1977 079d 08       		.byte	8
 1978 079e 63       		.byte	99
 1979 079f 08       		.byte	8
 1980 07a0 65       		.byte	101
 1981 07a1 20       		.byte	32
 1982 07a2 74       		.byte	116
 1983 07a3 02       		.byte	2
 1984 07a4 79       		.byte	121
 1985 07a5 80       		.byte	-128
 1986 07a6 81       		.byte	-127
 1987 07a7 40       		.byte	64
 1988 07a8 83       		.byte	-125
 1989 07a9 10       		.byte	16
 1990 07aa 84       		.byte	-124
 1991 07ab 08       		.byte	8
 1992 07ac 86       		.byte	-122
 1993 07ad 10       		.byte	16
 1994 07ae 8D       		.byte	-115
 1995 07af 02       		.byte	2
ARM GAS  C:\Users\doug_000\AppData\Local\Temp\ccRS3IHK.s 			page 36


 1996 07b0 8F       		.byte	-113
 1997 07b1 04       		.byte	4
 1998 07b2 90       		.byte	-112
 1999 07b3 20       		.byte	32
 2000 07b4 99       		.byte	-103
 2001 07b5 22       		.byte	34
 2002 07b6 A0       		.byte	-96
 2003 07b7 02       		.byte	2
 2004 07b8 B6       		.byte	-74
 2005 07b9 20       		.byte	32
 2006 07ba C0       		.byte	-64
 2007 07bb 20       		.byte	32
 2008 07bc D4       		.byte	-44
 2009 07bd E0       		.byte	-32
 2010 07be D6       		.byte	-42
 2011 07bf C0       		.byte	-64
 2012 07c0 D8       		.byte	-40
 2013 07c1 C0       		.byte	-64
 2014 07c2 DC       		.byte	-36
 2015 07c3 80       		.byte	-128
 2016 07c4 DE       		.byte	-34
 2017 07c5 20       		.byte	32
 2018 07c6 E0       		.byte	-32
 2019 07c7 20       		.byte	32
 2020 07c8 E2       		.byte	-30
 2021 07c9 C0       		.byte	-64
 2022 07ca E6       		.byte	-26
 2023 07cb 10       		.byte	16
 2024 07cc 98       		.byte	-104
 2025 07cd 20       		.byte	32
 2026 07ce 64       		.byte	100
 2027 07cf 20       		.byte	32
 2028 07d0 98       		.byte	-104
 2029 07d1 20       		.byte	32
 2030 07d2 D8       		.byte	-40
 2031 07d3 01       		.byte	1
 2032 07d4 00       		.byte	0
 2033 07d5 03       		.byte	3
 2034 07d6 08       		.byte	8
 2035 07d7 03       		.byte	3
 2036 07d8 0A       		.byte	10
 2037 07d9 01       		.byte	1
 2038 07da 10       		.byte	16
 2039 07db 03       		.byte	3
 2040 07dc 1A       		.byte	26
 2041 07dd 03       		.byte	3
 2042 07de 00       		.byte	0
 2043 07df 00       		.byte	0
 2044 07e0 00       		.byte	0
 2045 07e1 FF       		.byte	-1
 2046 07e2 FF       		.byte	-1
 2047 07e3 00       		.byte	0
 2048 07e4 FF       		.byte	-1
 2049 07e5 00       		.byte	0
 2050 07e6 00       		.byte	0
 2051 07e7 00       		.byte	0
 2052 07e8 00       		.byte	0
ARM GAS  C:\Users\doug_000\AppData\Local\Temp\ccRS3IHK.s 			page 37


 2053 07e9 0F       		.byte	15
 2054 07ea 0F       		.byte	15
 2055 07eb 00       		.byte	0
 2056 07ec 0F       		.byte	15
 2057 07ed 00       		.byte	0
 2058 07ee 00       		.byte	0
 2059 07ef 00       		.byte	0
 2060 07f0 00       		.byte	0
 2061 07f1 0C       		.byte	12
 2062 07f2 0C       		.byte	12
 2063 07f3 00       		.byte	0
 2064 07f4 0C       		.byte	12
 2065 07f5 00       		.byte	0
 2066 07f6 00       		.byte	0
 2067 07f7 00       		.byte	0
 2068 07f8 00       		.byte	0
 2069 07f9 0B       		.byte	11
 2070 07fa 0B       		.byte	11
 2071 07fb 00       		.byte	0
 2072 07fc 00       		.byte	0
 2073 07fd 00       		.byte	0
 2074 07fe 00       		.byte	0
 2075 07ff 00       		.byte	0
 2076 0800 02       		.byte	2
 2077 0801 00       		.byte	0
 2078 0802 00       		.byte	0
 2079 0803 FF       		.byte	-1
 2080 0804 FD       		.byte	-3
 2081 0805 20       		.byte	32
 2082 0806 FD       		.byte	-3
 2083 0807 00       		.byte	0
 2084 0808 00       		.byte	0
 2085 0809 00       		.byte	0
 2086 080a 00       		.byte	0
 2087 080b 00       		.byte	0
 2088 080c 00       		.byte	0
 2089 080d FF       		.byte	-1
 2090 080e FF       		.byte	-1
 2091 080f 00       		.byte	0
 2092 0810 FF       		.byte	-1
 2093 0811 00       		.byte	0
 2094 0812 00       		.byte	0
 2095 0813 00       		.byte	0
 2096 0814 00       		.byte	0
 2097 0815 10       		.byte	16
 2098 0816 10       		.byte	16
 2099 0817 00       		.byte	0
 2100 0818 10       		.byte	16
 2101 0819 00       		.byte	0
 2102 081a 00       		.byte	0
 2103 081b 00       		.byte	0
 2104              		.section	.cywolatch,"a",%progbits
 2105              		.align	2
 2106              		.type	cy_meta_wonvl, %object
 2107              		.size	cy_meta_wonvl, 4
 2108              	cy_meta_wonvl:
 2109 0000 BC       		.byte	-68
ARM GAS  C:\Users\doug_000\AppData\Local\Temp\ccRS3IHK.s 			page 38


 2110 0001 90       		.byte	-112
 2111 0002 AC       		.byte	-84
 2112 0003 AF       		.byte	-81
 2113              		.section	.cycustnvl,"a",%progbits
 2114              		.align	2
 2115              		.type	cy_meta_custnvl, %object
 2116              		.size	cy_meta_custnvl, 4
 2117              	cy_meta_custnvl:
 2118 0000 00       		.byte	0
 2119 0001 00       		.byte	0
 2120 0002 40       		.byte	64
 2121 0003 05       		.byte	5
 2122              		.section	.cymeta,"a",%progbits
 2123              		.align	2
 2124              		.type	cy_metadata, %object
 2125              		.size	cy_metadata, 12
 2126              	cy_metadata:
 2127 0000 00       		.byte	0
 2128 0001 01       		.byte	1
 2129 0002 2E       		.byte	46
 2130 0003 13       		.byte	19
 2131 0004 30       		.byte	48
 2132 0005 69       		.byte	105
 2133 0006 00       		.byte	0
 2134 0007 01       		.byte	1
 2135 0008 00       		.byte	0
 2136 0009 00       		.byte	0
 2137 000a 00       		.byte	0
 2138 000b 00       		.byte	0
 2139              		.section	.cyflashprotect,"a",%progbits
 2140              		.align	2
 2141              		.type	cy_meta_flashprotect, %object
 2142              		.size	cy_meta_flashprotect, 128
 2143              	cy_meta_flashprotect:
 2144 0000 00000000 		.space	128
 2144      00000000 
 2144      00000000 
 2144      00000000 
 2144      00000000 
 2145              		.text
 2146              	.Letext0:
 2147              		.file 1 "Generated_Source\\PSoC5\\cymetadata.c"
 2148              		.file 2 "Generated_Source\\PSoC5\\cytypes.h"
 2149              		.section	.debug_info,"",%progbits
 2150              	.Ldebug_info0:
 2151 0000 3B010000 		.4byte	0x13b
 2152 0004 0400     		.2byte	0x4
 2153 0006 00000000 		.4byte	.Ldebug_abbrev0
 2154 000a 04       		.byte	0x4
 2155 000b 01       		.uleb128 0x1
 2156 000c CE000000 		.4byte	.LASF18
 2157 0010 01       		.byte	0x1
 2158 0011 E4010000 		.4byte	.LASF19
 2159 0015 00000000 		.4byte	.LASF20
 2160 0019 00000000 		.4byte	.Ldebug_line0
 2161 001d 02       		.uleb128 0x2
 2162 001e 01       		.byte	0x1
ARM GAS  C:\Users\doug_000\AppData\Local\Temp\ccRS3IHK.s 			page 39


 2163 001f 06       		.byte	0x6
 2164 0020 D8010000 		.4byte	.LASF0
 2165 0024 02       		.uleb128 0x2
 2166 0025 01       		.byte	0x1
 2167 0026 08       		.byte	0x8
 2168 0027 72000000 		.4byte	.LASF1
 2169 002b 02       		.uleb128 0x2
 2170 002c 02       		.byte	0x2
 2171 002d 05       		.byte	0x5
 2172 002e BF010000 		.4byte	.LASF2
 2173 0032 02       		.uleb128 0x2
 2174 0033 02       		.byte	0x2
 2175 0034 07       		.byte	0x7
 2176 0035 92000000 		.4byte	.LASF3
 2177 0039 02       		.uleb128 0x2
 2178 003a 04       		.byte	0x4
 2179 003b 05       		.byte	0x5
 2180 003c CF010000 		.4byte	.LASF4
 2181 0040 02       		.uleb128 0x2
 2182 0041 04       		.byte	0x4
 2183 0042 07       		.byte	0x7
 2184 0043 80000000 		.4byte	.LASF5
 2185 0047 02       		.uleb128 0x2
 2186 0048 08       		.byte	0x8
 2187 0049 05       		.byte	0x5
 2188 004a AC010000 		.4byte	.LASF6
 2189 004e 02       		.uleb128 0x2
 2190 004f 08       		.byte	0x8
 2191 0050 07       		.byte	0x7
 2192 0051 69010000 		.4byte	.LASF7
 2193 0055 03       		.uleb128 0x3
 2194 0056 04       		.byte	0x4
 2195 0057 05       		.byte	0x5
 2196 0058 696E7400 		.ascii	"int\000"
 2197 005c 02       		.uleb128 0x2
 2198 005d 04       		.byte	0x4
 2199 005e 07       		.byte	0x7
 2200 005f 5C010000 		.4byte	.LASF8
 2201 0063 04       		.uleb128 0x4
 2202 0064 C9010000 		.4byte	.LASF21
 2203 0068 02       		.byte	0x2
 2204 0069 9201     		.2byte	0x192
 2205 006b 24000000 		.4byte	0x24
 2206 006f 02       		.uleb128 0x2
 2207 0070 04       		.byte	0x4
 2208 0071 04       		.byte	0x4
 2209 0072 6C000000 		.4byte	.LASF9
 2210 0076 02       		.uleb128 0x2
 2211 0077 08       		.byte	0x8
 2212 0078 04       		.byte	0x4
 2213 0079 A5000000 		.4byte	.LASF10
 2214 007d 02       		.uleb128 0x2
 2215 007e 01       		.byte	0x1
 2216 007f 08       		.byte	0x8
 2217 0080 BA010000 		.4byte	.LASF11
 2218 0084 05       		.uleb128 0x5
 2219 0085 63000000 		.4byte	0x63
ARM GAS  C:\Users\doug_000\AppData\Local\Temp\ccRS3IHK.s 			page 40


 2220 0089 95000000 		.4byte	0x95
 2221 008d 06       		.uleb128 0x6
 2222 008e 95000000 		.4byte	0x95
 2223 0092 1B08     		.2byte	0x81b
 2224 0094 00       		.byte	0
 2225 0095 02       		.uleb128 0x2
 2226 0096 04       		.byte	0x4
 2227 0097 07       		.byte	0x7
 2228 0098 A3010000 		.4byte	.LASF12
 2229 009c 07       		.uleb128 0x7
 2230 009d BC000000 		.4byte	.LASF13
 2231 00a1 01       		.byte	0x1
 2232 00a2 1F       		.byte	0x1f
 2233 00a3 AD000000 		.4byte	0xad
 2234 00a7 05       		.uleb128 0x5
 2235 00a8 03       		.byte	0x3
 2236 00a9 00000000 		.4byte	cy_meta_configecc
 2237 00ad 08       		.uleb128 0x8
 2238 00ae 84000000 		.4byte	0x84
 2239 00b2 05       		.uleb128 0x5
 2240 00b3 63000000 		.4byte	0x63
 2241 00b7 C2000000 		.4byte	0xc2
 2242 00bb 09       		.uleb128 0x9
 2243 00bc 95000000 		.4byte	0x95
 2244 00c0 03       		.byte	0x3
 2245 00c1 00       		.byte	0
 2246 00c2 0A       		.uleb128 0xa
 2247 00c3 AC000000 		.4byte	.LASF14
 2248 00c7 01       		.byte	0x1
 2249 00c8 3001     		.2byte	0x130
 2250 00ca D4000000 		.4byte	0xd4
 2251 00ce 05       		.uleb128 0x5
 2252 00cf 03       		.byte	0x3
 2253 00d0 00000000 		.4byte	cy_meta_custnvl
 2254 00d4 08       		.uleb128 0x8
 2255 00d5 B2000000 		.4byte	0xb2
 2256 00d9 0A       		.uleb128 0xa
 2257 00da 95010000 		.4byte	.LASF15
 2258 00de 01       		.byte	0x1
 2259 00df 3E01     		.2byte	0x13e
 2260 00e1 EB000000 		.4byte	0xeb
 2261 00e5 05       		.uleb128 0x5
 2262 00e6 03       		.byte	0x3
 2263 00e7 00000000 		.4byte	cy_meta_wonvl
 2264 00eb 08       		.uleb128 0x8
 2265 00ec B2000000 		.4byte	0xb2
 2266 00f0 05       		.uleb128 0x5
 2267 00f1 63000000 		.4byte	0x63
 2268 00f5 00010000 		.4byte	0x100
 2269 00f9 09       		.uleb128 0x9
 2270 00fa 95000000 		.4byte	0x95
 2271 00fe 7F       		.byte	0x7f
 2272 00ff 00       		.byte	0
 2273 0100 0A       		.uleb128 0xa
 2274 0101 80010000 		.4byte	.LASF16
 2275 0105 01       		.byte	0x1
 2276 0106 4C01     		.2byte	0x14c
ARM GAS  C:\Users\doug_000\AppData\Local\Temp\ccRS3IHK.s 			page 41


 2277 0108 12010000 		.4byte	0x112
 2278 010c 05       		.uleb128 0x5
 2279 010d 03       		.byte	0x3
 2280 010e 00000000 		.4byte	cy_meta_flashprotect
 2281 0112 08       		.uleb128 0x8
 2282 0113 F0000000 		.4byte	0xf0
 2283 0117 05       		.uleb128 0x5
 2284 0118 63000000 		.4byte	0x63
 2285 011c 27010000 		.4byte	0x127
 2286 0120 09       		.uleb128 0x9
 2287 0121 95000000 		.4byte	0x95
 2288 0125 0B       		.byte	0xb
 2289 0126 00       		.byte	0
 2290 0127 0A       		.uleb128 0xa
 2291 0128 60000000 		.4byte	.LASF17
 2292 012c 01       		.byte	0x1
 2293 012d 6901     		.2byte	0x169
 2294 012f 39010000 		.4byte	0x139
 2295 0133 05       		.uleb128 0x5
 2296 0134 03       		.byte	0x3
 2297 0135 00000000 		.4byte	cy_metadata
 2298 0139 08       		.uleb128 0x8
 2299 013a 17010000 		.4byte	0x117
 2300 013e 00       		.byte	0
 2301              		.section	.debug_abbrev,"",%progbits
 2302              	.Ldebug_abbrev0:
 2303 0000 01       		.uleb128 0x1
 2304 0001 11       		.uleb128 0x11
 2305 0002 01       		.byte	0x1
 2306 0003 25       		.uleb128 0x25
 2307 0004 0E       		.uleb128 0xe
 2308 0005 13       		.uleb128 0x13
 2309 0006 0B       		.uleb128 0xb
 2310 0007 03       		.uleb128 0x3
 2311 0008 0E       		.uleb128 0xe
 2312 0009 1B       		.uleb128 0x1b
 2313 000a 0E       		.uleb128 0xe
 2314 000b 10       		.uleb128 0x10
 2315 000c 17       		.uleb128 0x17
 2316 000d 00       		.byte	0
 2317 000e 00       		.byte	0
 2318 000f 02       		.uleb128 0x2
 2319 0010 24       		.uleb128 0x24
 2320 0011 00       		.byte	0
 2321 0012 0B       		.uleb128 0xb
 2322 0013 0B       		.uleb128 0xb
 2323 0014 3E       		.uleb128 0x3e
 2324 0015 0B       		.uleb128 0xb
 2325 0016 03       		.uleb128 0x3
 2326 0017 0E       		.uleb128 0xe
 2327 0018 00       		.byte	0
 2328 0019 00       		.byte	0
 2329 001a 03       		.uleb128 0x3
 2330 001b 24       		.uleb128 0x24
 2331 001c 00       		.byte	0
 2332 001d 0B       		.uleb128 0xb
 2333 001e 0B       		.uleb128 0xb
ARM GAS  C:\Users\doug_000\AppData\Local\Temp\ccRS3IHK.s 			page 42


 2334 001f 3E       		.uleb128 0x3e
 2335 0020 0B       		.uleb128 0xb
 2336 0021 03       		.uleb128 0x3
 2337 0022 08       		.uleb128 0x8
 2338 0023 00       		.byte	0
 2339 0024 00       		.byte	0
 2340 0025 04       		.uleb128 0x4
 2341 0026 16       		.uleb128 0x16
 2342 0027 00       		.byte	0
 2343 0028 03       		.uleb128 0x3
 2344 0029 0E       		.uleb128 0xe
 2345 002a 3A       		.uleb128 0x3a
 2346 002b 0B       		.uleb128 0xb
 2347 002c 3B       		.uleb128 0x3b
 2348 002d 05       		.uleb128 0x5
 2349 002e 49       		.uleb128 0x49
 2350 002f 13       		.uleb128 0x13
 2351 0030 00       		.byte	0
 2352 0031 00       		.byte	0
 2353 0032 05       		.uleb128 0x5
 2354 0033 01       		.uleb128 0x1
 2355 0034 01       		.byte	0x1
 2356 0035 49       		.uleb128 0x49
 2357 0036 13       		.uleb128 0x13
 2358 0037 01       		.uleb128 0x1
 2359 0038 13       		.uleb128 0x13
 2360 0039 00       		.byte	0
 2361 003a 00       		.byte	0
 2362 003b 06       		.uleb128 0x6
 2363 003c 21       		.uleb128 0x21
 2364 003d 00       		.byte	0
 2365 003e 49       		.uleb128 0x49
 2366 003f 13       		.uleb128 0x13
 2367 0040 2F       		.uleb128 0x2f
 2368 0041 05       		.uleb128 0x5
 2369 0042 00       		.byte	0
 2370 0043 00       		.byte	0
 2371 0044 07       		.uleb128 0x7
 2372 0045 34       		.uleb128 0x34
 2373 0046 00       		.byte	0
 2374 0047 03       		.uleb128 0x3
 2375 0048 0E       		.uleb128 0xe
 2376 0049 3A       		.uleb128 0x3a
 2377 004a 0B       		.uleb128 0xb
 2378 004b 3B       		.uleb128 0x3b
 2379 004c 0B       		.uleb128 0xb
 2380 004d 49       		.uleb128 0x49
 2381 004e 13       		.uleb128 0x13
 2382 004f 3F       		.uleb128 0x3f
 2383 0050 19       		.uleb128 0x19
 2384 0051 02       		.uleb128 0x2
 2385 0052 18       		.uleb128 0x18
 2386 0053 00       		.byte	0
 2387 0054 00       		.byte	0
 2388 0055 08       		.uleb128 0x8
 2389 0056 26       		.uleb128 0x26
 2390 0057 00       		.byte	0
ARM GAS  C:\Users\doug_000\AppData\Local\Temp\ccRS3IHK.s 			page 43


 2391 0058 49       		.uleb128 0x49
 2392 0059 13       		.uleb128 0x13
 2393 005a 00       		.byte	0
 2394 005b 00       		.byte	0
 2395 005c 09       		.uleb128 0x9
 2396 005d 21       		.uleb128 0x21
 2397 005e 00       		.byte	0
 2398 005f 49       		.uleb128 0x49
 2399 0060 13       		.uleb128 0x13
 2400 0061 2F       		.uleb128 0x2f
 2401 0062 0B       		.uleb128 0xb
 2402 0063 00       		.byte	0
 2403 0064 00       		.byte	0
 2404 0065 0A       		.uleb128 0xa
 2405 0066 34       		.uleb128 0x34
 2406 0067 00       		.byte	0
 2407 0068 03       		.uleb128 0x3
 2408 0069 0E       		.uleb128 0xe
 2409 006a 3A       		.uleb128 0x3a
 2410 006b 0B       		.uleb128 0xb
 2411 006c 3B       		.uleb128 0x3b
 2412 006d 05       		.uleb128 0x5
 2413 006e 49       		.uleb128 0x49
 2414 006f 13       		.uleb128 0x13
 2415 0070 3F       		.uleb128 0x3f
 2416 0071 19       		.uleb128 0x19
 2417 0072 02       		.uleb128 0x2
 2418 0073 18       		.uleb128 0x18
 2419 0074 00       		.byte	0
 2420 0075 00       		.byte	0
 2421 0076 00       		.byte	0
 2422              		.section	.debug_aranges,"",%progbits
 2423 0000 14000000 		.4byte	0x14
 2424 0004 0200     		.2byte	0x2
 2425 0006 00000000 		.4byte	.Ldebug_info0
 2426 000a 04       		.byte	0x4
 2427 000b 00       		.byte	0
 2428 000c 0000     		.2byte	0
 2429 000e 0000     		.2byte	0
 2430 0010 00000000 		.4byte	0
 2431 0014 00000000 		.4byte	0
 2432              		.section	.debug_line,"",%progbits
 2433              	.Ldebug_line0:
 2434 0000 4D000000 		.section	.debug_str,"MS",%progbits,1
 2434      02004700 
 2434      00000201 
 2434      FB0E0D00 
 2434      01010101 
 2435              	.LASF20:
 2436 0000 433A5C55 		.ascii	"C:\\Users\\doug_000\\Documents\\GitHub\\ODAS\\ODAS-"
 2436      73657273 
 2436      5C646F75 
 2436      675F3030 
 2436      305C446F 
 2437 002d 50534F43 		.ascii	"PSOC5\\ODAS-PSOC5-01\\ODAS-PSOC5\\ODAS-PSOC5-01.cyd"
 2437      355C4F44 
 2437      41532D50 
ARM GAS  C:\Users\doug_000\AppData\Local\Temp\ccRS3IHK.s 			page 44


 2437      534F4335 
 2437      2D30315C 
 2438 005d 736E00   		.ascii	"sn\000"
 2439              	.LASF17:
 2440 0060 63795F6D 		.ascii	"cy_metadata\000"
 2440      65746164 
 2440      61746100 
 2441              	.LASF9:
 2442 006c 666C6F61 		.ascii	"float\000"
 2442      7400
 2443              	.LASF1:
 2444 0072 756E7369 		.ascii	"unsigned char\000"
 2444      676E6564 
 2444      20636861 
 2444      7200
 2445              	.LASF5:
 2446 0080 6C6F6E67 		.ascii	"long unsigned int\000"
 2446      20756E73 
 2446      69676E65 
 2446      6420696E 
 2446      7400
 2447              	.LASF3:
 2448 0092 73686F72 		.ascii	"short unsigned int\000"
 2448      7420756E 
 2448      7369676E 
 2448      65642069 
 2448      6E7400
 2449              	.LASF10:
 2450 00a5 646F7562 		.ascii	"double\000"
 2450      6C6500
 2451              	.LASF14:
 2452 00ac 63795F6D 		.ascii	"cy_meta_custnvl\000"
 2452      6574615F 
 2452      63757374 
 2452      6E766C00 
 2453              	.LASF13:
 2454 00bc 63795F6D 		.ascii	"cy_meta_configecc\000"
 2454      6574615F 
 2454      636F6E66 
 2454      69676563 
 2454      6300
 2455              	.LASF18:
 2456 00ce 474E5520 		.ascii	"GNU C 4.9.3 20150303 (release) [ARM/embedded-4_9-br"
 2456      4320342E 
 2456      392E3320 
 2456      32303135 
 2456      30333033 
 2457 0101 616E6368 		.ascii	"anch revision 221220] -mcpu=cortex-m3 -mthumb -g -O"
 2457      20726576 
 2457      6973696F 
 2457      6E203232 
 2457      31323230 
 2458 0134 67202D66 		.ascii	"g -ffunction-sections -ffat-lto-objects\000"
 2458      66756E63 
 2458      74696F6E 
 2458      2D736563 
 2458      74696F6E 
ARM GAS  C:\Users\doug_000\AppData\Local\Temp\ccRS3IHK.s 			page 45


 2459              	.LASF8:
 2460 015c 756E7369 		.ascii	"unsigned int\000"
 2460      676E6564 
 2460      20696E74 
 2460      00
 2461              	.LASF7:
 2462 0169 6C6F6E67 		.ascii	"long long unsigned int\000"
 2462      206C6F6E 
 2462      6720756E 
 2462      7369676E 
 2462      65642069 
 2463              	.LASF16:
 2464 0180 63795F6D 		.ascii	"cy_meta_flashprotect\000"
 2464      6574615F 
 2464      666C6173 
 2464      6870726F 
 2464      74656374 
 2465              	.LASF15:
 2466 0195 63795F6D 		.ascii	"cy_meta_wonvl\000"
 2466      6574615F 
 2466      776F6E76 
 2466      6C00
 2467              	.LASF12:
 2468 01a3 73697A65 		.ascii	"sizetype\000"
 2468      74797065 
 2468      00
 2469              	.LASF6:
 2470 01ac 6C6F6E67 		.ascii	"long long int\000"
 2470      206C6F6E 
 2470      6720696E 
 2470      7400
 2471              	.LASF11:
 2472 01ba 63686172 		.ascii	"char\000"
 2472      00
 2473              	.LASF2:
 2474 01bf 73686F72 		.ascii	"short int\000"
 2474      7420696E 
 2474      7400
 2475              	.LASF21:
 2476 01c9 75696E74 		.ascii	"uint8\000"
 2476      3800
 2477              	.LASF4:
 2478 01cf 6C6F6E67 		.ascii	"long int\000"
 2478      20696E74 
 2478      00
 2479              	.LASF0:
 2480 01d8 7369676E 		.ascii	"signed char\000"
 2480      65642063 
 2480      68617200 
 2481              	.LASF19:
 2482 01e4 47656E65 		.ascii	"Generated_Source\\PSoC5\\cymetadata.c\000"
 2482      72617465 
 2482      645F536F 
 2482      75726365 
 2482      5C50536F 
 2483              		.ident	"GCC: (GNU Tools for ARM Embedded Processors) 4.9.3 20150303 (release) [ARM/embedded-4_9-br
