ARM GAS  C:\Users\doug_000\AppData\Local\Temp\ccQyyKzg.s 			page 1


   1              		.syntax unified
   2              		.cpu cortex-m3
   3              		.fpu softvfp
   4              		.eabi_attribute 20, 1
   5              		.eabi_attribute 21, 1
   6              		.eabi_attribute 23, 3
   7              		.eabi_attribute 24, 1
   8              		.eabi_attribute 25, 1
   9              		.eabi_attribute 26, 1
  10              		.eabi_attribute 30, 1
  11              		.eabi_attribute 34, 1
  12              		.eabi_attribute 18, 4
  13              		.thumb
  14              		.file	"main.c"
  15              		.text
  16              	.Ltext0:
  17              		.cfi_sections	.debug_frame
  18              		.section	.text.main,"ax",%progbits
  19              		.align	2
  20              		.global	main
  21              		.thumb
  22              		.thumb_func
  23              		.type	main, %function
  24              	main:
  25              	.LFB63:
  26              		.file 1 "main.c"
   1:main.c        **** /* ========================================
   2:main.c        ****  *
   3:main.c        ****  * Copyright YOUR COMPANY, THE YEAR
   4:main.c        ****  * All Rights Reserved
   5:main.c        ****  * UNPUBLISHED, LICENSED SOFTWARE.
   6:main.c        ****  *
   7:main.c        ****  * CONFIDENTIAL AND PROPRIETARY INFORMATION
   8:main.c        ****  * WHICH IS THE PROPERTY OF your company.
   9:main.c        ****  *
  10:main.c        ****  * ========================================
  11:main.c        **** */
  12:main.c        **** 
  13:main.c        **** #include "project.h"
  14:main.c        **** int mainTinyBASIC(int, char*);
  15:main.c        **** char noPtr[1];
  16:main.c        **** 
  17:main.c        **** ////////////////////////////////////////////////////////////////
  18:main.c        **** ////////////////////////////////////////////////////////////////
  19:main.c        **** 
  20:main.c        **** int main(void)
  21:main.c        **** {
  27              		.loc 1 21 0
  28              		.cfi_startproc
  29              		@ Volatile: function does not return.
  30              		@ args = 0, pretend = 0, frame = 0
  31              		@ frame_needed = 0, uses_anonymous_args = 0
  32 0000 08B5     		push	{r3, lr}
  33              		.cfi_def_cfa_offset 8
  34              		.cfi_offset 3, -8
  35              		.cfi_offset 14, -4
  36              	.L2:
ARM GAS  C:\Users\doug_000\AppData\Local\Temp\ccQyyKzg.s 			page 2


  22:main.c        ****     
  23:main.c        **** while(1)
  24:main.c        **** mainTinyBASIC(0,noPtr);
  37              		.loc 1 24 0 discriminator 1
  38 0002 0020     		movs	r0, #0
  39 0004 0149     		ldr	r1, .L4
  40 0006 FFF7FEFF 		bl	mainTinyBASIC
  41              	.LVL0:
  42 000a FAE7     		b	.L2
  43              	.L5:
  44              		.align	2
  45              	.L4:
  46 000c 00000000 		.word	noPtr
  47              		.cfi_endproc
  48              	.LFE63:
  49              		.size	main, .-main
  50              		.comm	noPtr,1,4
  51              		.text
  52              	.Letext0:
  53              		.file 2 "c:\\program files (x86)\\cypress\\psoc creator\\4.0\\psoc creator\\import\\gnu\\arm\\4.9.
  54              		.file 3 "c:\\program files (x86)\\cypress\\psoc creator\\4.0\\psoc creator\\import\\gnu\\arm\\4.9.
  55              		.file 4 "Generated_Source\\PSoC5/core_cm3.h"
  56              		.section	.debug_info,"",%progbits
  57              	.Ldebug_info0:
  58 0000 1A010000 		.4byte	0x11a
  59 0004 0400     		.2byte	0x4
  60 0006 00000000 		.4byte	.Ldebug_abbrev0
  61 000a 04       		.byte	0x4
  62 000b 01       		.uleb128 0x1
  63 000c EB000000 		.4byte	.LASF17
  64 0010 01       		.byte	0x1
  65 0011 2E000000 		.4byte	.LASF18
  66 0015 71000000 		.4byte	.LASF19
  67 0019 00000000 		.4byte	.Ldebug_ranges0+0
  68 001d 00000000 		.4byte	0
  69 0021 00000000 		.4byte	.Ldebug_line0
  70 0025 02       		.uleb128 0x2
  71 0026 01       		.byte	0x1
  72 0027 06       		.byte	0x6
  73 0028 8F010000 		.4byte	.LASF0
  74 002c 02       		.uleb128 0x2
  75 002d 01       		.byte	0x1
  76 002e 08       		.byte	0x8
  77 002f C8000000 		.4byte	.LASF1
  78 0033 02       		.uleb128 0x2
  79 0034 02       		.byte	0x2
  80 0035 05       		.byte	0x5
  81 0036 AB010000 		.4byte	.LASF2
  82 003a 02       		.uleb128 0x2
  83 003b 02       		.byte	0x2
  84 003c 07       		.byte	0x7
  85 003d 0E000000 		.4byte	.LASF3
  86 0041 03       		.uleb128 0x3
  87 0042 9B010000 		.4byte	.LASF9
  88 0046 02       		.byte	0x2
  89 0047 3F       		.byte	0x3f
  90 0048 4C000000 		.4byte	0x4c
ARM GAS  C:\Users\doug_000\AppData\Local\Temp\ccQyyKzg.s 			page 3


  91 004c 02       		.uleb128 0x2
  92 004d 04       		.byte	0x4
  93 004e 05       		.byte	0x5
  94 004f DB000000 		.4byte	.LASF4
  95 0053 02       		.uleb128 0x2
  96 0054 04       		.byte	0x4
  97 0055 07       		.byte	0x7
  98 0056 3A000000 		.4byte	.LASF5
  99 005a 02       		.uleb128 0x2
 100 005b 08       		.byte	0x8
 101 005c 05       		.byte	0x5
 102 005d 00000000 		.4byte	.LASF6
 103 0061 02       		.uleb128 0x2
 104 0062 08       		.byte	0x8
 105 0063 07       		.byte	0x7
 106 0064 4C000000 		.4byte	.LASF7
 107 0068 04       		.uleb128 0x4
 108 0069 04       		.byte	0x4
 109 006a 05       		.byte	0x5
 110 006b 696E7400 		.ascii	"int\000"
 111 006f 02       		.uleb128 0x2
 112 0070 04       		.byte	0x4
 113 0071 07       		.byte	0x7
 114 0072 21000000 		.4byte	.LASF8
 115 0076 03       		.uleb128 0x3
 116 0077 B5010000 		.4byte	.LASF10
 117 007b 03       		.byte	0x3
 118 007c 2C       		.byte	0x2c
 119 007d 41000000 		.4byte	0x41
 120 0081 02       		.uleb128 0x2
 121 0082 04       		.byte	0x4
 122 0083 04       		.byte	0x4
 123 0084 A5010000 		.4byte	.LASF11
 124 0088 02       		.uleb128 0x2
 125 0089 08       		.byte	0x8
 126 008a 04       		.byte	0x4
 127 008b E4000000 		.4byte	.LASF12
 128 008f 02       		.uleb128 0x2
 129 0090 01       		.byte	0x1
 130 0091 08       		.byte	0x8
 131 0092 D6000000 		.4byte	.LASF13
 132 0096 02       		.uleb128 0x2
 133 0097 04       		.byte	0x4
 134 0098 07       		.byte	0x7
 135 0099 79010000 		.4byte	.LASF14
 136 009d 05       		.uleb128 0x5
 137 009e 04       		.byte	0x4
 138 009f 8F000000 		.4byte	0x8f
 139 00a3 06       		.uleb128 0x6
 140 00a4 35000000 		.4byte	.LASF20
 141 00a8 01       		.byte	0x1
 142 00a9 14       		.byte	0x14
 143 00aa 68000000 		.4byte	0x68
 144 00ae 00000000 		.4byte	.LFB63
 145 00b2 10000000 		.4byte	.LFE63-.LFB63
 146 00b6 01       		.uleb128 0x1
 147 00b7 9C       		.byte	0x9c
ARM GAS  C:\Users\doug_000\AppData\Local\Temp\ccQyyKzg.s 			page 4


 148 00b8 D5000000 		.4byte	0xd5
 149 00bc 07       		.uleb128 0x7
 150 00bd 0A000000 		.4byte	.LVL0
 151 00c1 07010000 		.4byte	0x107
 152 00c5 08       		.uleb128 0x8
 153 00c6 01       		.uleb128 0x1
 154 00c7 51       		.byte	0x51
 155 00c8 05       		.uleb128 0x5
 156 00c9 03       		.byte	0x3
 157 00ca 00000000 		.4byte	noPtr
 158 00ce 08       		.uleb128 0x8
 159 00cf 01       		.uleb128 0x1
 160 00d0 50       		.byte	0x50
 161 00d1 01       		.uleb128 0x1
 162 00d2 30       		.byte	0x30
 163 00d3 00       		.byte	0
 164 00d4 00       		.byte	0
 165 00d5 09       		.uleb128 0x9
 166 00d6 82010000 		.4byte	.LASF15
 167 00da 04       		.byte	0x4
 168 00db 9606     		.2byte	0x696
 169 00dd E1000000 		.4byte	0xe1
 170 00e1 0A       		.uleb128 0xa
 171 00e2 76000000 		.4byte	0x76
 172 00e6 0B       		.uleb128 0xb
 173 00e7 8F000000 		.4byte	0x8f
 174 00eb F6000000 		.4byte	0xf6
 175 00ef 0C       		.uleb128 0xc
 176 00f0 96000000 		.4byte	0x96
 177 00f4 00       		.byte	0
 178 00f5 00       		.byte	0
 179 00f6 0D       		.uleb128 0xd
 180 00f7 BD010000 		.4byte	.LASF16
 181 00fb 01       		.byte	0x1
 182 00fc 0F       		.byte	0xf
 183 00fd E6000000 		.4byte	0xe6
 184 0101 05       		.uleb128 0x5
 185 0102 03       		.byte	0x3
 186 0103 00000000 		.4byte	noPtr
 187 0107 0E       		.uleb128 0xe
 188 0108 63000000 		.4byte	.LASF21
 189 010c 01       		.byte	0x1
 190 010d 0E       		.byte	0xe
 191 010e 68000000 		.4byte	0x68
 192 0112 0F       		.uleb128 0xf
 193 0113 68000000 		.4byte	0x68
 194 0117 0F       		.uleb128 0xf
 195 0118 9D000000 		.4byte	0x9d
 196 011c 00       		.byte	0
 197 011d 00       		.byte	0
 198              		.section	.debug_abbrev,"",%progbits
 199              	.Ldebug_abbrev0:
 200 0000 01       		.uleb128 0x1
 201 0001 11       		.uleb128 0x11
 202 0002 01       		.byte	0x1
 203 0003 25       		.uleb128 0x25
 204 0004 0E       		.uleb128 0xe
ARM GAS  C:\Users\doug_000\AppData\Local\Temp\ccQyyKzg.s 			page 5


 205 0005 13       		.uleb128 0x13
 206 0006 0B       		.uleb128 0xb
 207 0007 03       		.uleb128 0x3
 208 0008 0E       		.uleb128 0xe
 209 0009 1B       		.uleb128 0x1b
 210 000a 0E       		.uleb128 0xe
 211 000b 55       		.uleb128 0x55
 212 000c 17       		.uleb128 0x17
 213 000d 11       		.uleb128 0x11
 214 000e 01       		.uleb128 0x1
 215 000f 10       		.uleb128 0x10
 216 0010 17       		.uleb128 0x17
 217 0011 00       		.byte	0
 218 0012 00       		.byte	0
 219 0013 02       		.uleb128 0x2
 220 0014 24       		.uleb128 0x24
 221 0015 00       		.byte	0
 222 0016 0B       		.uleb128 0xb
 223 0017 0B       		.uleb128 0xb
 224 0018 3E       		.uleb128 0x3e
 225 0019 0B       		.uleb128 0xb
 226 001a 03       		.uleb128 0x3
 227 001b 0E       		.uleb128 0xe
 228 001c 00       		.byte	0
 229 001d 00       		.byte	0
 230 001e 03       		.uleb128 0x3
 231 001f 16       		.uleb128 0x16
 232 0020 00       		.byte	0
 233 0021 03       		.uleb128 0x3
 234 0022 0E       		.uleb128 0xe
 235 0023 3A       		.uleb128 0x3a
 236 0024 0B       		.uleb128 0xb
 237 0025 3B       		.uleb128 0x3b
 238 0026 0B       		.uleb128 0xb
 239 0027 49       		.uleb128 0x49
 240 0028 13       		.uleb128 0x13
 241 0029 00       		.byte	0
 242 002a 00       		.byte	0
 243 002b 04       		.uleb128 0x4
 244 002c 24       		.uleb128 0x24
 245 002d 00       		.byte	0
 246 002e 0B       		.uleb128 0xb
 247 002f 0B       		.uleb128 0xb
 248 0030 3E       		.uleb128 0x3e
 249 0031 0B       		.uleb128 0xb
 250 0032 03       		.uleb128 0x3
 251 0033 08       		.uleb128 0x8
 252 0034 00       		.byte	0
 253 0035 00       		.byte	0
 254 0036 05       		.uleb128 0x5
 255 0037 0F       		.uleb128 0xf
 256 0038 00       		.byte	0
 257 0039 0B       		.uleb128 0xb
 258 003a 0B       		.uleb128 0xb
 259 003b 49       		.uleb128 0x49
 260 003c 13       		.uleb128 0x13
 261 003d 00       		.byte	0
ARM GAS  C:\Users\doug_000\AppData\Local\Temp\ccQyyKzg.s 			page 6


 262 003e 00       		.byte	0
 263 003f 06       		.uleb128 0x6
 264 0040 2E       		.uleb128 0x2e
 265 0041 01       		.byte	0x1
 266 0042 3F       		.uleb128 0x3f
 267 0043 19       		.uleb128 0x19
 268 0044 03       		.uleb128 0x3
 269 0045 0E       		.uleb128 0xe
 270 0046 3A       		.uleb128 0x3a
 271 0047 0B       		.uleb128 0xb
 272 0048 3B       		.uleb128 0x3b
 273 0049 0B       		.uleb128 0xb
 274 004a 27       		.uleb128 0x27
 275 004b 19       		.uleb128 0x19
 276 004c 49       		.uleb128 0x49
 277 004d 13       		.uleb128 0x13
 278 004e 11       		.uleb128 0x11
 279 004f 01       		.uleb128 0x1
 280 0050 12       		.uleb128 0x12
 281 0051 06       		.uleb128 0x6
 282 0052 40       		.uleb128 0x40
 283 0053 18       		.uleb128 0x18
 284 0054 9742     		.uleb128 0x2117
 285 0056 19       		.uleb128 0x19
 286 0057 01       		.uleb128 0x1
 287 0058 13       		.uleb128 0x13
 288 0059 00       		.byte	0
 289 005a 00       		.byte	0
 290 005b 07       		.uleb128 0x7
 291 005c 898201   		.uleb128 0x4109
 292 005f 01       		.byte	0x1
 293 0060 11       		.uleb128 0x11
 294 0061 01       		.uleb128 0x1
 295 0062 31       		.uleb128 0x31
 296 0063 13       		.uleb128 0x13
 297 0064 00       		.byte	0
 298 0065 00       		.byte	0
 299 0066 08       		.uleb128 0x8
 300 0067 8A8201   		.uleb128 0x410a
 301 006a 00       		.byte	0
 302 006b 02       		.uleb128 0x2
 303 006c 18       		.uleb128 0x18
 304 006d 9142     		.uleb128 0x2111
 305 006f 18       		.uleb128 0x18
 306 0070 00       		.byte	0
 307 0071 00       		.byte	0
 308 0072 09       		.uleb128 0x9
 309 0073 34       		.uleb128 0x34
 310 0074 00       		.byte	0
 311 0075 03       		.uleb128 0x3
 312 0076 0E       		.uleb128 0xe
 313 0077 3A       		.uleb128 0x3a
 314 0078 0B       		.uleb128 0xb
 315 0079 3B       		.uleb128 0x3b
 316 007a 05       		.uleb128 0x5
 317 007b 49       		.uleb128 0x49
 318 007c 13       		.uleb128 0x13
ARM GAS  C:\Users\doug_000\AppData\Local\Temp\ccQyyKzg.s 			page 7


 319 007d 3F       		.uleb128 0x3f
 320 007e 19       		.uleb128 0x19
 321 007f 3C       		.uleb128 0x3c
 322 0080 19       		.uleb128 0x19
 323 0081 00       		.byte	0
 324 0082 00       		.byte	0
 325 0083 0A       		.uleb128 0xa
 326 0084 35       		.uleb128 0x35
 327 0085 00       		.byte	0
 328 0086 49       		.uleb128 0x49
 329 0087 13       		.uleb128 0x13
 330 0088 00       		.byte	0
 331 0089 00       		.byte	0
 332 008a 0B       		.uleb128 0xb
 333 008b 01       		.uleb128 0x1
 334 008c 01       		.byte	0x1
 335 008d 49       		.uleb128 0x49
 336 008e 13       		.uleb128 0x13
 337 008f 01       		.uleb128 0x1
 338 0090 13       		.uleb128 0x13
 339 0091 00       		.byte	0
 340 0092 00       		.byte	0
 341 0093 0C       		.uleb128 0xc
 342 0094 21       		.uleb128 0x21
 343 0095 00       		.byte	0
 344 0096 49       		.uleb128 0x49
 345 0097 13       		.uleb128 0x13
 346 0098 2F       		.uleb128 0x2f
 347 0099 0B       		.uleb128 0xb
 348 009a 00       		.byte	0
 349 009b 00       		.byte	0
 350 009c 0D       		.uleb128 0xd
 351 009d 34       		.uleb128 0x34
 352 009e 00       		.byte	0
 353 009f 03       		.uleb128 0x3
 354 00a0 0E       		.uleb128 0xe
 355 00a1 3A       		.uleb128 0x3a
 356 00a2 0B       		.uleb128 0xb
 357 00a3 3B       		.uleb128 0x3b
 358 00a4 0B       		.uleb128 0xb
 359 00a5 49       		.uleb128 0x49
 360 00a6 13       		.uleb128 0x13
 361 00a7 3F       		.uleb128 0x3f
 362 00a8 19       		.uleb128 0x19
 363 00a9 02       		.uleb128 0x2
 364 00aa 18       		.uleb128 0x18
 365 00ab 00       		.byte	0
 366 00ac 00       		.byte	0
 367 00ad 0E       		.uleb128 0xe
 368 00ae 2E       		.uleb128 0x2e
 369 00af 01       		.byte	0x1
 370 00b0 3F       		.uleb128 0x3f
 371 00b1 19       		.uleb128 0x19
 372 00b2 03       		.uleb128 0x3
 373 00b3 0E       		.uleb128 0xe
 374 00b4 3A       		.uleb128 0x3a
 375 00b5 0B       		.uleb128 0xb
ARM GAS  C:\Users\doug_000\AppData\Local\Temp\ccQyyKzg.s 			page 8


 376 00b6 3B       		.uleb128 0x3b
 377 00b7 0B       		.uleb128 0xb
 378 00b8 27       		.uleb128 0x27
 379 00b9 19       		.uleb128 0x19
 380 00ba 49       		.uleb128 0x49
 381 00bb 13       		.uleb128 0x13
 382 00bc 3C       		.uleb128 0x3c
 383 00bd 19       		.uleb128 0x19
 384 00be 00       		.byte	0
 385 00bf 00       		.byte	0
 386 00c0 0F       		.uleb128 0xf
 387 00c1 05       		.uleb128 0x5
 388 00c2 00       		.byte	0
 389 00c3 49       		.uleb128 0x49
 390 00c4 13       		.uleb128 0x13
 391 00c5 00       		.byte	0
 392 00c6 00       		.byte	0
 393 00c7 00       		.byte	0
 394              		.section	.debug_aranges,"",%progbits
 395 0000 1C000000 		.4byte	0x1c
 396 0004 0200     		.2byte	0x2
 397 0006 00000000 		.4byte	.Ldebug_info0
 398 000a 04       		.byte	0x4
 399 000b 00       		.byte	0
 400 000c 0000     		.2byte	0
 401 000e 0000     		.2byte	0
 402 0010 00000000 		.4byte	.LFB63
 403 0014 10000000 		.4byte	.LFE63-.LFB63
 404 0018 00000000 		.4byte	0
 405 001c 00000000 		.4byte	0
 406              		.section	.debug_ranges,"",%progbits
 407              	.Ldebug_ranges0:
 408 0000 00000000 		.4byte	.LFB63
 409 0004 10000000 		.4byte	.LFE63
 410 0008 00000000 		.4byte	0
 411 000c 00000000 		.4byte	0
 412              		.section	.debug_line,"",%progbits
 413              	.Ldebug_line0:
 414 0000 54010000 		.section	.debug_str,"MS",%progbits,1
 414      02003A01 
 414      00000201 
 414      FB0E0D00 
 414      01010101 
 415              	.LASF6:
 416 0000 6C6F6E67 		.ascii	"long long int\000"
 416      206C6F6E 
 416      6720696E 
 416      7400
 417              	.LASF3:
 418 000e 73686F72 		.ascii	"short unsigned int\000"
 418      7420756E 
 418      7369676E 
 418      65642069 
 418      6E7400
 419              	.LASF8:
 420 0021 756E7369 		.ascii	"unsigned int\000"
 420      676E6564 
ARM GAS  C:\Users\doug_000\AppData\Local\Temp\ccQyyKzg.s 			page 9


 420      20696E74 
 420      00
 421              	.LASF18:
 422 002e 6D61696E 		.ascii	"main.c\000"
 422      2E6300
 423              	.LASF20:
 424 0035 6D61696E 		.ascii	"main\000"
 424      00
 425              	.LASF5:
 426 003a 6C6F6E67 		.ascii	"long unsigned int\000"
 426      20756E73 
 426      69676E65 
 426      6420696E 
 426      7400
 427              	.LASF7:
 428 004c 6C6F6E67 		.ascii	"long long unsigned int\000"
 428      206C6F6E 
 428      6720756E 
 428      7369676E 
 428      65642069 
 429              	.LASF21:
 430 0063 6D61696E 		.ascii	"mainTinyBASIC\000"
 430      54696E79 
 430      42415349 
 430      4300
 431              	.LASF19:
 432 0071 433A5C55 		.ascii	"C:\\Users\\doug_000\\Documents\\GitHub\\ODAS\\ODAS-"
 432      73657273 
 432      5C646F75 
 432      675F3030 
 432      305C446F 
 433 009e 50534F43 		.ascii	"PSOC5\\Projects\\ODAS-PSOC5-TinyBASIC.cydsn\000"
 433      355C5072 
 433      6F6A6563 
 433      74735C4F 
 433      4441532D 
 434              	.LASF1:
 435 00c8 756E7369 		.ascii	"unsigned char\000"
 435      676E6564 
 435      20636861 
 435      7200
 436              	.LASF13:
 437 00d6 63686172 		.ascii	"char\000"
 437      00
 438              	.LASF4:
 439 00db 6C6F6E67 		.ascii	"long int\000"
 439      20696E74 
 439      00
 440              	.LASF12:
 441 00e4 646F7562 		.ascii	"double\000"
 441      6C6500
 442              	.LASF17:
 443 00eb 474E5520 		.ascii	"GNU C 4.9.3 20150303 (release) [ARM/embedded-4_9-br"
 443      4320342E 
 443      392E3320 
 443      32303135 
 443      30333033 
ARM GAS  C:\Users\doug_000\AppData\Local\Temp\ccQyyKzg.s 			page 10


 444 011e 616E6368 		.ascii	"anch revision 221220] -mcpu=cortex-m3 -mthumb -g -O"
 444      20726576 
 444      6973696F 
 444      6E203232 
 444      31323230 
 445 0151 67202D66 		.ascii	"g -ffunction-sections -ffat-lto-objects\000"
 445      66756E63 
 445      74696F6E 
 445      2D736563 
 445      74696F6E 
 446              	.LASF14:
 447 0179 73697A65 		.ascii	"sizetype\000"
 447      74797065 
 447      00
 448              	.LASF15:
 449 0182 49544D5F 		.ascii	"ITM_RxBuffer\000"
 449      52784275 
 449      66666572 
 449      00
 450              	.LASF0:
 451 018f 7369676E 		.ascii	"signed char\000"
 451      65642063 
 451      68617200 
 452              	.LASF9:
 453 019b 5F5F696E 		.ascii	"__int32_t\000"
 453      7433325F 
 453      7400
 454              	.LASF11:
 455 01a5 666C6F61 		.ascii	"float\000"
 455      7400
 456              	.LASF2:
 457 01ab 73686F72 		.ascii	"short int\000"
 457      7420696E 
 457      7400
 458              	.LASF10:
 459 01b5 696E7433 		.ascii	"int32_t\000"
 459      325F7400 
 460              	.LASF16:
 461 01bd 6E6F5074 		.ascii	"noPtr\000"
 461      7200
 462              		.ident	"GCC: (GNU Tools for ARM Embedded Processors) 4.9.3 20150303 (release) [ARM/embedded-4_9-br
