--------------- Build Started: 07/21/2017 17:59:14 Project: ODAS-PSOC5-LEDS-01, Configuration: ARM GCC 5.4-2016-q2-update Debug ---------------
cydsfit.exe -.appdatapath "C:\Users\Douglas\AppData\Local\Cypress Semiconductor\PSoC Creator\4.1" -.fdsnotice -.fdswarpdepfile=warp_dependencies.txt -.fdselabdepfile=elab_dependencies.txt -.fdsbldfile=generated_files.txt -.fdsreffile=referenced_files.txt -p C:\Users\Douglas\Documents\GitHub\ODAS\ODAS-PSOC5\Projects\ODAS-PSOC5-LEDS-01.cydsn\ODAS-PSOC5-LEDS-01.cyprj -d CY8C5267AXI-LP051 -s C:\Users\Douglas\Documents\GitHub\ODAS\ODAS-PSOC5\Projects\ODAS-PSOC5-LEDS-01.cydsn\Generated_Source\PSoC5 -- -yv2 -q10 -ygs -o2 -v3 -.fftcfgtype=LE
Elaborating Design...
HDL Generation...
Synthesis...
Tech Mapping...
Analog Placement...
Analog Routing...
Analog Code Generation...
Digital Placement...
Digital Routing...
Bitstream Generation...
Bitstream Verification...
Static timing analysis...
API Generation...
Dependency Generation...
Cleanup...
arm-none-eabi-gcc.exe -c Generated_Source\PSoC5\cyfitter_cfg.c -o .\CortexM3\ARM_GCC_541\Debug\cyfitter_cfg.o -mcpu=cortex-m3 -mthumb -I. -IGenerated_Source\PSoC5 -Wa,-alh=.\CortexM3\ARM_GCC_541\Debug/cyfitter_cfg.lst -g -D DEBUG -Wall -ffunction-sections -ffat-lto-objects -Og
arm-none-eabi-gcc.exe -c Generated_Source\PSoC5\cymetadata.c -o .\CortexM3\ARM_GCC_541\Debug\cymetadata.o -mcpu=cortex-m3 -mthumb -I. -IGenerated_Source\PSoC5 -Wa,-alh=.\CortexM3\ARM_GCC_541\Debug/cymetadata.lst -g -D DEBUG -Wall -ffunction-sections -ffat-lto-objects -Og
arm-none-eabi-ar.exe -rs .\CortexM3\ARM_GCC_541\Debug\ODAS-PSOC5-LEDS-01.a .\CortexM3\ARM_GCC_541\Debug\CyDmac.o .\CortexM3\ARM_GCC_541\Debug\CyFlash.o .\CortexM3\ARM_GCC_541\Debug\CyLib.o .\CortexM3\ARM_GCC_541\Debug\cyPm.o .\CortexM3\ARM_GCC_541\Debug\CySpc.o .\CortexM3\ARM_GCC_541\Debug\cyutils.o .\CortexM3\ARM_GCC_541\Debug\Clock_1.o .\CortexM3\ARM_GCC_541\Debug\P1_20.o .\CortexM3\ARM_GCC_541\Debug\P1_19.o .\CortexM3\ARM_GCC_541\Debug\P1_18.o .\CortexM3\ARM_GCC_541\Debug\P1_17.o .\CortexM3\ARM_GCC_541\Debug\P1_16.o .\CortexM3\ARM_GCC_541\Debug\P1_15.o .\CortexM3\ARM_GCC_541\Debug\P1_14.o .\CortexM3\ARM_GCC_541\Debug\P1_13.o .\CortexM3\ARM_GCC_541\Debug\P1_12.o .\CortexM3\ARM_GCC_541\Debug\P1_11.o .\CortexM3\ARM_GCC_541\Debug\P1_10.o .\CortexM3\ARM_GCC_541\Debug\P1_05.o .\CortexM3\ARM_GCC_541\Debug\P1_06.o .\CortexM3\ARM_GCC_541\Debug\P1_07.o .\CortexM3\ARM_GCC_541\Debug\P1_08.o .\CortexM3\ARM_GCC_541\Debug\P1_33.o .\CortexM3\ARM_GCC_541\Debug\P1_09.o .\CortexM3\ARM_GCC_541\Debug\P1_32.o .\CortexM3\ARM_GCC_541\Debug\P1_31.o .\CortexM3\ARM_GCC_541\Debug\P1_30.o .\CortexM3\ARM_GCC_541\Debug\P1_29.o .\CortexM3\ARM_GCC_541\Debug\P1_28.o .\CortexM3\ARM_GCC_541\Debug\P1_27.o .\CortexM3\ARM_GCC_541\Debug\P1_26.o .\CortexM3\ARM_GCC_541\Debug\P1_25.o .\CortexM3\ARM_GCC_541\Debug\P1_24.o .\CortexM3\ARM_GCC_541\Debug\P1_23.o .\CortexM3\ARM_GCC_541\Debug\P1_22.o .\CortexM3\ARM_GCC_541\Debug\P1_21.o .\CortexM3\ARM_GCC_541\Debug\P1_34.o .\CortexM3\ARM_GCC_541\Debug\LED.o .\CortexM3\ARM_GCC_541\Debug\CyBootAsmGnu.o
arm-none-eabi-ar.exe: creating .\CortexM3\ARM_GCC_541\Debug\ODAS-PSOC5-LEDS-01.a
arm-none-eabi-gcc.exe -Wl,--start-group -o C:\Users\Douglas\Documents\GitHub\ODAS\ODAS-PSOC5\Projects\ODAS-PSOC5-LEDS-01.cydsn\CortexM3\ARM_GCC_541\Debug\ODAS-PSOC5-LEDS-01.elf .\CortexM3\ARM_GCC_541\Debug\main.o .\CortexM3\ARM_GCC_541\Debug\cyfitter_cfg.o .\CortexM3\ARM_GCC_541\Debug\cymetadata.o .\CortexM3\ARM_GCC_541\Debug\Cm3Start.o .\CortexM3\ARM_GCC_541\Debug\ODAS-PSOC5-LEDS-01.a "C:\Program Files (x86)\Cypress\PSoC Creator\4.1\PSoC Creator\psoc\content\cycomponentlibrary\CyComponentLibrary.cylib\CortexM3\ARM_GCC_541\Debug\CyComponentLibrary.a" -mcpu=cortex-m3 -mthumb -L Generated_Source\PSoC5 -Wl,-Map,.\CortexM3\ARM_GCC_541\Debug/ODAS-PSOC5-LEDS-01.map -T Generated_Source\PSoC5\cm3gcc.ld -specs=nano.specs -Wl,--gc-sections -g -ffunction-sections -Og -ffat-lto-objects -Wl,--end-group
cyelftool.exe -C C:\Users\Douglas\Documents\GitHub\ODAS\ODAS-PSOC5\Projects\ODAS-PSOC5-LEDS-01.cydsn\CortexM3\ARM_GCC_541\Debug\ODAS-PSOC5-LEDS-01.elf --flash_row_size 256 --flash_size 131072 --flash_offset 0x00000000
cyelftool.exe -S C:\Users\Douglas\Documents\GitHub\ODAS\ODAS-PSOC5\Projects\ODAS-PSOC5-LEDS-01.cydsn\CortexM3\ARM_GCC_541\Debug\ODAS-PSOC5-LEDS-01.elf
Flash used: 1382 of 131072 bytes (1.1 %).
SRAM used: 2505 of 32768 bytes (7.6 %). Stack: 2048 bytes. Heap: 128 bytes.
--------------- Build Succeeded: 07/21/2017 17:59:35 ---------------
