ARM GAS  C:\Users\DGILLI~1\AppData\Local\Temp\ccgMCGgq.s 			page 1


   1              		.syntax unified
   2              		.cpu cortex-m3
   3              		.fpu softvfp
   4              		.eabi_attribute 20, 1
   5              		.eabi_attribute 21, 1
   6              		.eabi_attribute 23, 3
   7              		.eabi_attribute 24, 1
   8              		.eabi_attribute 25, 1
   9              		.eabi_attribute 26, 1
  10              		.eabi_attribute 30, 1
  11              		.eabi_attribute 34, 1
  12              		.eabi_attribute 18, 4
  13              		.thumb
  14              		.file	"cymetadata.c"
  15              		.text
  16              	.Ltext0:
  17              		.cfi_sections	.debug_frame
  18              		.global	cy_metadata
  19              		.global	cy_meta_flashprotect
  20              		.global	cy_meta_wonvl
  21              		.global	cy_meta_custnvl
  22              		.global	cy_meta_configecc
  23              		.section	.cyconfigecc,"a",%progbits
  24              		.align	2
  25              		.type	cy_meta_configecc, %object
  26              		.size	cy_meta_configecc, 1688
  27              	cy_meta_configecc:
  28 0000 0A       		.byte	10
  29 0001 52       		.byte	82
  30 0002 00       		.byte	0
  31 0003 40       		.byte	64
  32 0004 03       		.byte	3
  33 0005 64       		.byte	100
  34 0006 00       		.byte	0
  35 0007 40       		.byte	64
  36 0008 4A       		.byte	74
  37 0009 00       		.byte	0
  38 000a 01       		.byte	1
  39 000b 40       		.byte	64
  40 000c 2D       		.byte	45
  41 000d 01       		.byte	1
  42 000e 01       		.byte	1
  43 000f 40       		.byte	64
  44 0010 48       		.byte	72
  45 0011 02       		.byte	2
  46 0012 01       		.byte	1
  47 0013 40       		.byte	64
  48 0014 53       		.byte	83
  49 0015 03       		.byte	3
  50 0016 01       		.byte	1
  51 0017 40       		.byte	64
  52 0018 59       		.byte	89
  53 0019 04       		.byte	4
  54 001a 01       		.byte	1
  55 001b 40       		.byte	64
  56 001c 52       		.byte	82
  57 001d 05       		.byte	5
ARM GAS  C:\Users\DGILLI~1\AppData\Local\Temp\ccgMCGgq.s 			page 2


  58 001e 01       		.byte	1
  59 001f 40       		.byte	64
  60 0020 4E       		.byte	78
  61 0021 06       		.byte	6
  62 0022 01       		.byte	1
  63 0023 40       		.byte	64
  64 0024 42       		.byte	66
  65 0025 07       		.byte	7
  66 0026 01       		.byte	1
  67 0027 40       		.byte	64
  68 0028 01       		.byte	1
  69 0029 09       		.byte	9
  70 002a 01       		.byte	1
  71 002b 40       		.byte	64
  72 002c 01       		.byte	1
  73 002d 0B       		.byte	11
  74 002e 01       		.byte	1
  75 002f 40       		.byte	64
  76 0030 01       		.byte	1
  77 0031 0D       		.byte	13
  78 0032 01       		.byte	1
  79 0033 40       		.byte	64
  80 0034 01       		.byte	1
  81 0035 0F       		.byte	15
  82 0036 01       		.byte	1
  83 0037 40       		.byte	64
  84 0038 04       		.byte	4
  85 0039 15       		.byte	21
  86 003a 01       		.byte	1
  87 003b 40       		.byte	64
  88 003c 09       		.byte	9
  89 003d 17       		.byte	23
  90 003e 01       		.byte	1
  91 003f 40       		.byte	64
  92 0040 01       		.byte	1
  93 0041 1B       		.byte	27
  94 0042 01       		.byte	1
  95 0043 40       		.byte	64
  96 0044 0B       		.byte	11
  97 0045 40       		.byte	64
  98 0046 01       		.byte	1
  99 0047 40       		.byte	64
 100 0048 17       		.byte	23
 101 0049 41       		.byte	65
 102 004a 01       		.byte	1
 103 004b 40       		.byte	64
 104 004c 15       		.byte	21
 105 004d 42       		.byte	66
 106 004e 01       		.byte	1
 107 004f 40       		.byte	64
 108 0050 06       		.byte	6
 109 0051 43       		.byte	67
 110 0052 01       		.byte	1
 111 0053 40       		.byte	64
 112 0054 0A       		.byte	10
 113 0055 44       		.byte	68
 114 0056 01       		.byte	1
ARM GAS  C:\Users\DGILLI~1\AppData\Local\Temp\ccgMCGgq.s 			page 3


 115 0057 40       		.byte	64
 116 0058 03       		.byte	3
 117 0059 45       		.byte	69
 118 005a 01       		.byte	1
 119 005b 40       		.byte	64
 120 005c 03       		.byte	3
 121 005d 46       		.byte	70
 122 005e 01       		.byte	1
 123 005f 40       		.byte	64
 124 0060 04       		.byte	4
 125 0061 47       		.byte	71
 126 0062 01       		.byte	1
 127 0063 40       		.byte	64
 128 0064 0A       		.byte	10
 129 0065 48       		.byte	72
 130 0066 01       		.byte	1
 131 0067 40       		.byte	64
 132 0068 0C       		.byte	12
 133 0069 49       		.byte	73
 134 006a 01       		.byte	1
 135 006b 40       		.byte	64
 136 006c 09       		.byte	9
 137 006d 4C       		.byte	76
 138 006e 01       		.byte	1
 139 006f 40       		.byte	64
 140 0070 06       		.byte	6
 141 0071 4D       		.byte	77
 142 0072 01       		.byte	1
 143 0073 40       		.byte	64
 144 0074 06       		.byte	6
 145 0075 50       		.byte	80
 146 0076 01       		.byte	1
 147 0077 40       		.byte	64
 148 0078 01       		.byte	1
 149 0079 51       		.byte	81
 150 007a 01       		.byte	1
 151 007b 40       		.byte	64
 152 007c 00       		.byte	0
 153 007d 63       		.byte	99
 154 007e 01       		.byte	1
 155 007f 35       		.byte	53
 156 0080 18       		.byte	24
 157 0081 A5       		.byte	-91
 158 0082 19       		.byte	25
 159 0083 22       		.byte	34
 160 0084 20       		.byte	32
 161 0085 CC       		.byte	-52
 162 0086 21       		.byte	33
 163 0087 69       		.byte	105
 164 0088 30       		.byte	48
 165 0089 80       		.byte	-128
 166 008a 60       		.byte	96
 167 008b 28       		.byte	40
 168 008c 61       		.byte	97
 169 008d 3A       		.byte	58
 170 008e 78       		.byte	120
 171 008f 08       		.byte	8
ARM GAS  C:\Users\DGILLI~1\AppData\Local\Temp\ccgMCGgq.s 			page 4


 172 0090 81       		.byte	-127
 173 0091 72       		.byte	114
 174 0092 82       		.byte	-126
 175 0093 0F       		.byte	15
 176 0094 83       		.byte	-125
 177 0095 38       		.byte	56
 178 0096 02       		.byte	2
 179 0097 01       		.byte	1
 180 0098 03       		.byte	3
 181 0099 01       		.byte	1
 182 009a 0D       		.byte	13
 183 009b 01       		.byte	1
 184 009c 17       		.byte	23
 185 009d 01       		.byte	1
 186 009e 1A       		.byte	26
 187 009f 01       		.byte	1
 188 00a0 25       		.byte	37
 189 00a1 01       		.byte	1
 190 00a2 34       		.byte	52
 191 00a3 01       		.byte	1
 192 00a4 35       		.byte	53
 193 00a5 01       		.byte	1
 194 00a6 39       		.byte	57
 195 00a7 20       		.byte	32
 196 00a8 3A       		.byte	58
 197 00a9 02       		.byte	2
 198 00aa 3E       		.byte	62
 199 00ab 10       		.byte	16
 200 00ac 40       		.byte	64
 201 00ad 01       		.byte	1
 202 00ae 45       		.byte	69
 203 00af 04       		.byte	4
 204 00b0 49       		.byte	73
 205 00b1 FF       		.byte	-1
 206 00b2 4A       		.byte	74
 207 00b3 07       		.byte	7
 208 00b4 4B       		.byte	75
 209 00b5 FF       		.byte	-1
 210 00b6 4C       		.byte	76
 211 00b7 40       		.byte	64
 212 00b8 4D       		.byte	77
 213 00b9 20       		.byte	32
 214 00ba 4E       		.byte	78
 215 00bb F0       		.byte	-16
 216 00bc 4F       		.byte	79
 217 00bd 05       		.byte	5
 218 00be 50       		.byte	80
 219 00bf 08       		.byte	8
 220 00c0 56       		.byte	86
 221 00c1 08       		.byte	8
 222 00c2 58       		.byte	88
 223 00c3 04       		.byte	4
 224 00c4 59       		.byte	89
 225 00c5 04       		.byte	4
 226 00c6 5A       		.byte	90
 227 00c7 04       		.byte	4
 228 00c8 5B       		.byte	91
ARM GAS  C:\Users\DGILLI~1\AppData\Local\Temp\ccgMCGgq.s 			page 5


 229 00c9 04       		.byte	4
 230 00ca 5D       		.byte	93
 231 00cb 90       		.byte	-112
 232 00cc 5F       		.byte	95
 233 00cd 01       		.byte	1
 234 00ce 60       		.byte	96
 235 00cf 40       		.byte	64
 236 00d0 61       		.byte	97
 237 00d1 A8       		.byte	-88
 238 00d2 62       		.byte	98
 239 00d3 40       		.byte	64
 240 00d4 63       		.byte	99
 241 00d5 20       		.byte	32
 242 00d6 80       		.byte	-128
 243 00d7 FF       		.byte	-1
 244 00d8 81       		.byte	-127
 245 00d9 08       		.byte	8
 246 00da 84       		.byte	-124
 247 00db F3       		.byte	-13
 248 00dc 85       		.byte	-123
 249 00dd 01       		.byte	1
 250 00de 86       		.byte	-122
 251 00df 0C       		.byte	12
 252 00e0 89       		.byte	-119
 253 00e1 01       		.byte	1
 254 00e2 8A       		.byte	-118
 255 00e3 40       		.byte	64
 256 00e4 8C       		.byte	-116
 257 00e5 01       		.byte	1
 258 00e6 8D       		.byte	-115
 259 00e7 1E       		.byte	30
 260 00e8 90       		.byte	-112
 261 00e9 4F       		.byte	79
 262 00ea 91       		.byte	-111
 263 00eb 01       		.byte	1
 264 00ec 92       		.byte	-110
 265 00ed 90       		.byte	-112
 266 00ee 94       		.byte	-108
 267 00ef 4C       		.byte	76
 268 00f0 95       		.byte	-107
 269 00f1 04       		.byte	4
 270 00f2 96       		.byte	-106
 271 00f3 A3       		.byte	-93
 272 00f4 98       		.byte	-104
 273 00f5 03       		.byte	3
 274 00f6 99       		.byte	-103
 275 00f7 0C       		.byte	12
 276 00f8 9E       		.byte	-98
 277 00f9 B3       		.byte	-77
 278 00fa 9F       		.byte	-97
 279 00fb 02       		.byte	2
 280 00fc A0       		.byte	-96
 281 00fd 08       		.byte	8
 282 00fe A4       		.byte	-92
 283 00ff 04       		.byte	4
 284 0100 A5       		.byte	-91
 285 0101 12       		.byte	18
ARM GAS  C:\Users\DGILLI~1\AppData\Local\Temp\ccgMCGgq.s 			page 6


 286 0102 A7       		.byte	-89
 287 0103 0C       		.byte	12
 288 0104 A8       		.byte	-88
 289 0105 0C       		.byte	12
 290 0106 A9       		.byte	-87
 291 0107 1E       		.byte	30
 292 0108 AC       		.byte	-84
 293 0109 42       		.byte	66
 294 010a AD       		.byte	-83
 295 010b 1C       		.byte	28
 296 010c AF       		.byte	-81
 297 010d 02       		.byte	2
 298 010e B0       		.byte	-80
 299 010f 8C       		.byte	-116
 300 0110 B1       		.byte	-79
 301 0111 01       		.byte	1
 302 0112 B2       		.byte	-78
 303 0113 7C       		.byte	124
 304 0114 B3       		.byte	-77
 305 0115 0E       		.byte	14
 306 0116 B4       		.byte	-76
 307 0117 0F       		.byte	15
 308 0118 B7       		.byte	-73
 309 0119 10       		.byte	16
 310 011a BA       		.byte	-70
 311 011b 2A       		.byte	42
 312 011c BF       		.byte	-65
 313 011d 40       		.byte	64
 314 011e D6       		.byte	-42
 315 011f 02       		.byte	2
 316 0120 D7       		.byte	-41
 317 0121 13       		.byte	19
 318 0122 D8       		.byte	-40
 319 0123 04       		.byte	4
 320 0124 D9       		.byte	-39
 321 0125 04       		.byte	4
 322 0126 DB       		.byte	-37
 323 0127 04       		.byte	4
 324 0128 DF       		.byte	-33
 325 0129 01       		.byte	1
 326 012a 02       		.byte	2
 327 012b 40       		.byte	64
 328 012c 04       		.byte	4
 329 012d 10       		.byte	16
 330 012e 05       		.byte	5
 331 012f 88       		.byte	-120
 332 0130 06       		.byte	6
 333 0131 80       		.byte	-128
 334 0132 09       		.byte	9
 335 0133 20       		.byte	32
 336 0134 0C       		.byte	12
 337 0135 10       		.byte	16
 338 0136 0E       		.byte	14
 339 0137 52       		.byte	82
 340 0138 14       		.byte	20
 341 0139 02       		.byte	2
 342 013a 17       		.byte	23
ARM GAS  C:\Users\DGILLI~1\AppData\Local\Temp\ccgMCGgq.s 			page 7


 343 013b 2A       		.byte	42
 344 013c 18       		.byte	24
 345 013d 44       		.byte	68
 346 013e 1E       		.byte	30
 347 013f 50       		.byte	80
 348 0140 1F       		.byte	31
 349 0141 2D       		.byte	45
 350 0142 21       		.byte	33
 351 0143 20       		.byte	32
 352 0144 24       		.byte	36
 353 0145 21       		.byte	33
 354 0146 26       		.byte	38
 355 0147 03       		.byte	3
 356 0148 27       		.byte	39
 357 0149 40       		.byte	64
 358 014a 2B       		.byte	43
 359 014b 20       		.byte	32
 360 014c 2D       		.byte	45
 361 014d 08       		.byte	8
 362 014e 2E       		.byte	46
 363 014f 48       		.byte	72
 364 0150 2F       		.byte	47
 365 0151 28       		.byte	40
 366 0152 33       		.byte	51
 367 0153 08       		.byte	8
 368 0154 37       		.byte	55
 369 0155 69       		.byte	105
 370 0156 38       		.byte	56
 371 0157 40       		.byte	64
 372 0158 3B       		.byte	59
 373 0159 02       		.byte	2
 374 015a 3C       		.byte	60
 375 015b 40       		.byte	64
 376 015c 3D       		.byte	61
 377 015d 28       		.byte	40
 378 015e 3E       		.byte	62
 379 015f 82       		.byte	-126
 380 0160 43       		.byte	67
 381 0161 80       		.byte	-128
 382 0162 48       		.byte	72
 383 0163 20       		.byte	32
 384 0164 51       		.byte	81
 385 0165 08       		.byte	8
 386 0166 58       		.byte	88
 387 0167 80       		.byte	-128
 388 0168 5C       		.byte	92
 389 0169 01       		.byte	1
 390 016a 6D       		.byte	109
 391 016b 28       		.byte	40
 392 016c 6F       		.byte	111
 393 016d 15       		.byte	21
 394 016e 76       		.byte	118
 395 016f 02       		.byte	2
 396 0170 77       		.byte	119
 397 0171 2A       		.byte	42
 398 0172 8C       		.byte	-116
 399 0173 80       		.byte	-128
ARM GAS  C:\Users\DGILLI~1\AppData\Local\Temp\ccgMCGgq.s 			page 8


 400 0174 C0       		.byte	-64
 401 0175 F8       		.byte	-8
 402 0176 C2       		.byte	-62
 403 0177 F2       		.byte	-14
 404 0178 C4       		.byte	-60
 405 0179 F0       		.byte	-16
 406 017a CA       		.byte	-54
 407 017b 72       		.byte	114
 408 017c CC       		.byte	-52
 409 017d F2       		.byte	-14
 410 017e CE       		.byte	-50
 411 017f F9       		.byte	-7
 412 0180 D0       		.byte	-48
 413 0181 08       		.byte	8
 414 0182 D6       		.byte	-42
 415 0183 88       		.byte	-120
 416 0184 05       		.byte	5
 417 0185 07       		.byte	7
 418 0186 06       		.byte	6
 419 0187 01       		.byte	1
 420 0188 09       		.byte	9
 421 0189 07       		.byte	7
 422 018a 0A       		.byte	10
 423 018b 02       		.byte	2
 424 018c 0C       		.byte	12
 425 018d 04       		.byte	4
 426 018e 0F       		.byte	15
 427 018f 60       		.byte	96
 428 0190 13       		.byte	19
 429 0191 60       		.byte	96
 430 0192 16       		.byte	22
 431 0193 01       		.byte	1
 432 0194 19       		.byte	25
 433 0195 61       		.byte	97
 434 0196 1A       		.byte	26
 435 0197 02       		.byte	2
 436 0198 1B       		.byte	27
 437 0199 0E       		.byte	14
 438 019a 1D       		.byte	29
 439 019b 22       		.byte	34
 440 019c 1F       		.byte	31
 441 019d 11       		.byte	17
 442 019e 21       		.byte	33
 443 019f 60       		.byte	96
 444 01a0 25       		.byte	37
 445 01a1 60       		.byte	96
 446 01a2 2B       		.byte	43
 447 01a3 60       		.byte	96
 448 01a4 2D       		.byte	45
 449 01a5 44       		.byte	68
 450 01a6 2F       		.byte	47
 451 01a7 91       		.byte	-111
 452 01a8 30       		.byte	48
 453 01a9 01       		.byte	1
 454 01aa 31       		.byte	49
 455 01ab 18       		.byte	24
 456 01ac 33       		.byte	51
ARM GAS  C:\Users\DGILLI~1\AppData\Local\Temp\ccgMCGgq.s 			page 9


 457 01ad 80       		.byte	-128
 458 01ae 34       		.byte	52
 459 01af 04       		.byte	4
 460 01b0 35       		.byte	53
 461 01b1 07       		.byte	7
 462 01b2 36       		.byte	54
 463 01b3 02       		.byte	2
 464 01b4 37       		.byte	55
 465 01b5 60       		.byte	96
 466 01b6 3A       		.byte	58
 467 01b7 02       		.byte	2
 468 01b8 3E       		.byte	62
 469 01b9 50       		.byte	80
 470 01ba 3F       		.byte	63
 471 01bb 01       		.byte	1
 472 01bc 40       		.byte	64
 473 01bd 25       		.byte	37
 474 01be 41       		.byte	65
 475 01bf 04       		.byte	4
 476 01c0 42       		.byte	66
 477 01c1 06       		.byte	6
 478 01c2 44       		.byte	68
 479 01c3 01       		.byte	1
 480 01c4 45       		.byte	69
 481 01c5 0C       		.byte	12
 482 01c6 46       		.byte	70
 483 01c7 0E       		.byte	14
 484 01c8 48       		.byte	72
 485 01c9 05       		.byte	5
 486 01ca 49       		.byte	73
 487 01cb FF       		.byte	-1
 488 01cc 4A       		.byte	74
 489 01cd FF       		.byte	-1
 490 01ce 4B       		.byte	75
 491 01cf FF       		.byte	-1
 492 01d0 4C       		.byte	76
 493 01d1 62       		.byte	98
 494 01d2 4D       		.byte	77
 495 01d3 A0       		.byte	-96
 496 01d4 4E       		.byte	78
 497 01d5 F0       		.byte	-16
 498 01d6 4F       		.byte	79
 499 01d7 41       		.byte	65
 500 01d8 50       		.byte	80
 501 01d9 0C       		.byte	12
 502 01da 54       		.byte	84
 503 01db 01       		.byte	1
 504 01dc 58       		.byte	88
 505 01dd 04       		.byte	4
 506 01de 59       		.byte	89
 507 01df 04       		.byte	4
 508 01e0 5A       		.byte	90
 509 01e1 04       		.byte	4
 510 01e2 5B       		.byte	91
 511 01e3 04       		.byte	4
 512 01e4 5C       		.byte	92
 513 01e5 01       		.byte	1
ARM GAS  C:\Users\DGILLI~1\AppData\Local\Temp\ccgMCGgq.s 			page 10


 514 01e6 5F       		.byte	95
 515 01e7 01       		.byte	1
 516 01e8 66       		.byte	102
 517 01e9 40       		.byte	64
 518 01ea 67       		.byte	103
 519 01eb 02       		.byte	2
 520 01ec 69       		.byte	105
 521 01ed 10       		.byte	16
 522 01ee 6A       		.byte	106
 523 01ef 30       		.byte	48
 524 01f0 6B       		.byte	107
 525 01f1 10       		.byte	16
 526 01f2 6D       		.byte	109
 527 01f3 10       		.byte	16
 528 01f4 6E       		.byte	110
 529 01f5 10       		.byte	16
 530 01f6 6F       		.byte	111
 531 01f7 12       		.byte	18
 532 01f8 84       		.byte	-124
 533 01f9 01       		.byte	1
 534 01fa 86       		.byte	-122
 535 01fb 02       		.byte	2
 536 01fc 8C       		.byte	-116
 537 01fd 02       		.byte	2
 538 01fe 8E       		.byte	-114
 539 01ff 01       		.byte	1
 540 0200 A4       		.byte	-92
 541 0201 03       		.byte	3
 542 0202 A8       		.byte	-88
 543 0203 02       		.byte	2
 544 0204 AA       		.byte	-86
 545 0205 01       		.byte	1
 546 0206 B2       		.byte	-78
 547 0207 02       		.byte	2
 548 0208 B6       		.byte	-74
 549 0209 01       		.byte	1
 550 020a BE       		.byte	-66
 551 020b 44       		.byte	68
 552 020c D4       		.byte	-44
 553 020d 18       		.byte	24
 554 020e D8       		.byte	-40
 555 020f 04       		.byte	4
 556 0210 DB       		.byte	-37
 557 0211 04       		.byte	4
 558 0212 DF       		.byte	-33
 559 0213 01       		.byte	1
 560 0214 01       		.byte	1
 561 0215 08       		.byte	8
 562 0216 03       		.byte	3
 563 0217 02       		.byte	2
 564 0218 04       		.byte	4
 565 0219 20       		.byte	32
 566 021a 05       		.byte	5
 567 021b 2C       		.byte	44
 568 021c 06       		.byte	6
 569 021d 01       		.byte	1
 570 021e 0C       		.byte	12
ARM GAS  C:\Users\DGILLI~1\AppData\Local\Temp\ccgMCGgq.s 			page 11


 571 021f 04       		.byte	4
 572 0220 0F       		.byte	15
 573 0221 28       		.byte	40
 574 0222 10       		.byte	16
 575 0223 04       		.byte	4
 576 0224 11       		.byte	17
 577 0225 04       		.byte	4
 578 0226 1A       		.byte	26
 579 0227 22       		.byte	34
 580 0228 1D       		.byte	29
 581 0229 40       		.byte	64
 582 022a 1E       		.byte	30
 583 022b 08       		.byte	8
 584 022c 1F       		.byte	31
 585 022d 02       		.byte	2
 586 022e 24       		.byte	36
 587 022f 10       		.byte	16
 588 0230 26       		.byte	38
 589 0231 20       		.byte	32
 590 0232 27       		.byte	39
 591 0233 42       		.byte	66
 592 0234 2C       		.byte	44
 593 0235 40       		.byte	64
 594 0236 2E       		.byte	46
 595 0237 08       		.byte	8
 596 0238 2F       		.byte	47
 597 0239 05       		.byte	5
 598 023a 34       		.byte	52
 599 023b 10       		.byte	16
 600 023c 35       		.byte	53
 601 023d 80       		.byte	-128
 602 023e 36       		.byte	54
 603 023f 62       		.byte	98
 604 0240 39       		.byte	57
 605 0241 01       		.byte	1
 606 0242 3A       		.byte	58
 607 0243 01       		.byte	1
 608 0244 3D       		.byte	61
 609 0245 28       		.byte	40
 610 0246 3E       		.byte	62
 611 0247 40       		.byte	64
 612 0248 44       		.byte	68
 613 0249 40       		.byte	64
 614 024a 46       		.byte	70
 615 024b 88       		.byte	-120
 616 024c 47       		.byte	71
 617 024d 40       		.byte	64
 618 024e 4D       		.byte	77
 619 024f 20       		.byte	32
 620 0250 4E       		.byte	78
 621 0251 02       		.byte	2
 622 0252 4F       		.byte	79
 623 0253 08       		.byte	8
 624 0254 56       		.byte	86
 625 0255 40       		.byte	64
 626 0256 5B       		.byte	91
 627 0257 02       		.byte	2
ARM GAS  C:\Users\DGILLI~1\AppData\Local\Temp\ccgMCGgq.s 			page 12


 628 0258 5C       		.byte	92
 629 0259 80       		.byte	-128
 630 025a 5D       		.byte	93
 631 025b 11       		.byte	17
 632 025c 5E       		.byte	94
 633 025d 08       		.byte	8
 634 025e 60       		.byte	96
 635 025f 04       		.byte	4
 636 0260 61       		.byte	97
 637 0261 40       		.byte	64
 638 0262 6C       		.byte	108
 639 0263 40       		.byte	64
 640 0264 6D       		.byte	109
 641 0265 40       		.byte	64
 642 0266 6E       		.byte	110
 643 0267 10       		.byte	16
 644 0268 6F       		.byte	111
 645 0269 20       		.byte	32
 646 026a 74       		.byte	116
 647 026b 94       		.byte	-108
 648 026c 75       		.byte	117
 649 026d 01       		.byte	1
 650 026e 80       		.byte	-128
 651 026f 84       		.byte	-124
 652 0270 82       		.byte	-126
 653 0271 10       		.byte	16
 654 0272 84       		.byte	-124
 655 0273 04       		.byte	4
 656 0274 86       		.byte	-122
 657 0275 01       		.byte	1
 658 0276 8D       		.byte	-115
 659 0277 01       		.byte	1
 660 0278 8E       		.byte	-114
 661 0279 10       		.byte	16
 662 027a 8F       		.byte	-113
 663 027b 20       		.byte	32
 664 027c 90       		.byte	-112
 665 027d 24       		.byte	36
 666 027e 92       		.byte	-110
 667 027f 40       		.byte	64
 668 0280 93       		.byte	-109
 669 0281 08       		.byte	8
 670 0282 94       		.byte	-108
 671 0283 10       		.byte	16
 672 0284 95       		.byte	-107
 673 0285 40       		.byte	64
 674 0286 97       		.byte	-105
 675 0287 40       		.byte	64
 676 0288 9A       		.byte	-102
 677 0289 88       		.byte	-120
 678 028a 9B       		.byte	-101
 679 028b 14       		.byte	20
 680 028c 9C       		.byte	-100
 681 028d 12       		.byte	18
 682 028e 9D       		.byte	-99
 683 028f 80       		.byte	-128
 684 0290 9E       		.byte	-98
ARM GAS  C:\Users\DGILLI~1\AppData\Local\Temp\ccgMCGgq.s 			page 13


 685 0291 40       		.byte	64
 686 0292 A0       		.byte	-96
 687 0293 20       		.byte	32
 688 0294 A1       		.byte	-95
 689 0295 1C       		.byte	28
 690 0296 A2       		.byte	-94
 691 0297 02       		.byte	2
 692 0298 A7       		.byte	-89
 693 0299 80       		.byte	-128
 694 029a A9       		.byte	-87
 695 029b 40       		.byte	64
 696 029c B3       		.byte	-77
 697 029d 40       		.byte	64
 698 029e C0       		.byte	-64
 699 029f E5       		.byte	-27
 700 02a0 C2       		.byte	-62
 701 02a1 60       		.byte	96
 702 02a2 C4       		.byte	-60
 703 02a3 06       		.byte	6
 704 02a4 CA       		.byte	-54
 705 02a5 F0       		.byte	-16
 706 02a6 CC       		.byte	-52
 707 02a7 B0       		.byte	-80
 708 02a8 CE       		.byte	-50
 709 02a9 70       		.byte	112
 710 02aa D0       		.byte	-48
 711 02ab B0       		.byte	-80
 712 02ac D2       		.byte	-46
 713 02ad 30       		.byte	48
 714 02ae D6       		.byte	-42
 715 02af F1       		.byte	-15
 716 02b0 D8       		.byte	-40
 717 02b1 0C       		.byte	12
 718 02b2 E0       		.byte	-32
 719 02b3 08       		.byte	8
 720 02b4 E2       		.byte	-30
 721 02b5 40       		.byte	64
 722 02b6 E6       		.byte	-26
 723 02b7 50       		.byte	80
 724 02b8 EA       		.byte	-22
 725 02b9 20       		.byte	32
 726 02ba 04       		.byte	4
 727 02bb 28       		.byte	40
 728 02bc 07       		.byte	7
 729 02bd 04       		.byte	4
 730 02be 08       		.byte	8
 731 02bf 01       		.byte	1
 732 02c0 0A       		.byte	10
 733 02c1 06       		.byte	6
 734 02c2 0B       		.byte	11
 735 02c3 01       		.byte	1
 736 02c4 0F       		.byte	15
 737 02c5 0C       		.byte	12
 738 02c6 10       		.byte	16
 739 02c7 20       		.byte	32
 740 02c8 12       		.byte	18
 741 02c9 18       		.byte	24
ARM GAS  C:\Users\DGILLI~1\AppData\Local\Temp\ccgMCGgq.s 			page 14


 742 02ca 17       		.byte	23
 743 02cb 02       		.byte	2
 744 02cc 18       		.byte	24
 745 02cd 18       		.byte	24
 746 02ce 1A       		.byte	26
 747 02cf 22       		.byte	34
 748 02d0 1B       		.byte	27
 749 02d1 06       		.byte	6
 750 02d2 1C       		.byte	28
 751 02d3 38       		.byte	56
 752 02d4 1E       		.byte	30
 753 02d5 04       		.byte	4
 754 02d6 1F       		.byte	31
 755 02d7 0A       		.byte	10
 756 02d8 20       		.byte	32
 757 02d9 12       		.byte	18
 758 02da 21       		.byte	33
 759 02db 0C       		.byte	12
 760 02dc 22       		.byte	34
 761 02dd 20       		.byte	32
 762 02de 23       		.byte	35
 763 02df 02       		.byte	2
 764 02e0 24       		.byte	36
 765 02e1 20       		.byte	32
 766 02e2 25       		.byte	37
 767 02e3 01       		.byte	1
 768 02e4 29       		.byte	41
 769 02e5 01       		.byte	1
 770 02e6 2D       		.byte	45
 771 02e7 01       		.byte	1
 772 02e8 31       		.byte	49
 773 02e9 01       		.byte	1
 774 02ea 32       		.byte	50
 775 02eb 3E       		.byte	62
 776 02ec 35       		.byte	53
 777 02ed 0E       		.byte	14
 778 02ee 36       		.byte	54
 779 02ef 01       		.byte	1
 780 02f0 3B       		.byte	59
 781 02f1 20       		.byte	32
 782 02f2 3E       		.byte	62
 783 02f3 40       		.byte	64
 784 02f4 3F       		.byte	63
 785 02f5 01       		.byte	1
 786 02f6 56       		.byte	86
 787 02f7 08       		.byte	8
 788 02f8 58       		.byte	88
 789 02f9 04       		.byte	4
 790 02fa 59       		.byte	89
 791 02fb 04       		.byte	4
 792 02fc 5B       		.byte	91
 793 02fd 04       		.byte	4
 794 02fe 5D       		.byte	93
 795 02ff 90       		.byte	-112
 796 0300 5F       		.byte	95
 797 0301 01       		.byte	1
 798 0302 84       		.byte	-124
ARM GAS  C:\Users\DGILLI~1\AppData\Local\Temp\ccgMCGgq.s 			page 15


 799 0303 01       		.byte	1
 800 0304 85       		.byte	-123
 801 0305 03       		.byte	3
 802 0306 86       		.byte	-122
 803 0307 06       		.byte	6
 804 0308 89       		.byte	-119
 805 0309 02       		.byte	2
 806 030a 8B       		.byte	-117
 807 030b 01       		.byte	1
 808 030c 8D       		.byte	-115
 809 030d 04       		.byte	4
 810 030e 8F       		.byte	-113
 811 030f 18       		.byte	24
 812 0310 91       		.byte	-111
 813 0311 30       		.byte	48
 814 0312 93       		.byte	-109
 815 0313 0C       		.byte	12
 816 0314 94       		.byte	-108
 817 0315 03       		.byte	3
 818 0316 95       		.byte	-107
 819 0317 02       		.byte	2
 820 0318 96       		.byte	-106
 821 0319 04       		.byte	4
 822 031a 97       		.byte	-105
 823 031b 01       		.byte	1
 824 031c 9B       		.byte	-101
 825 031d 0C       		.byte	12
 826 031e 9C       		.byte	-100
 827 031f 01       		.byte	1
 828 0320 9D       		.byte	-99
 829 0321 03       		.byte	3
 830 0322 9E       		.byte	-98
 831 0323 06       		.byte	6
 832 0324 A3       		.byte	-93
 833 0325 30       		.byte	48
 834 0326 A4       		.byte	-92
 835 0327 06       		.byte	6
 836 0328 A6       		.byte	-90
 837 0329 01       		.byte	1
 838 032a A7       		.byte	-89
 839 032b 20       		.byte	32
 840 032c AD       		.byte	-83
 841 032d 04       		.byte	4
 842 032e AF       		.byte	-81
 843 032f 38       		.byte	56
 844 0330 B0       		.byte	-80
 845 0331 01       		.byte	1
 846 0332 B1       		.byte	-79
 847 0333 02       		.byte	2
 848 0334 B2       		.byte	-78
 849 0335 04       		.byte	4
 850 0336 B4       		.byte	-76
 851 0337 02       		.byte	2
 852 0338 B5       		.byte	-75
 853 0339 01       		.byte	1
 854 033a B7       		.byte	-73
 855 033b 3C       		.byte	60
ARM GAS  C:\Users\DGILLI~1\AppData\Local\Temp\ccgMCGgq.s 			page 16


 856 033c BB       		.byte	-69
 857 033d 80       		.byte	-128
 858 033e BE       		.byte	-66
 859 033f 15       		.byte	21
 860 0340 BF       		.byte	-65
 861 0341 11       		.byte	17
 862 0342 C0       		.byte	-64
 863 0343 13       		.byte	19
 864 0344 C1       		.byte	-63
 865 0345 02       		.byte	2
 866 0346 C6       		.byte	-58
 867 0347 B0       		.byte	-80
 868 0348 C7       		.byte	-57
 869 0349 EC       		.byte	-20
 870 034a C8       		.byte	-56
 871 034b 38       		.byte	56
 872 034c C9       		.byte	-55
 873 034d FF       		.byte	-1
 874 034e CA       		.byte	-54
 875 034f FF       		.byte	-1
 876 0350 CB       		.byte	-53
 877 0351 FF       		.byte	-1
 878 0352 CE       		.byte	-50
 879 0353 F0       		.byte	-16
 880 0354 CF       		.byte	-49
 881 0355 44       		.byte	68
 882 0356 D0       		.byte	-48
 883 0357 0C       		.byte	12
 884 0358 D6       		.byte	-42
 885 0359 08       		.byte	8
 886 035a D8       		.byte	-40
 887 035b 04       		.byte	4
 888 035c D9       		.byte	-39
 889 035d 04       		.byte	4
 890 035e DA       		.byte	-38
 891 035f 04       		.byte	4
 892 0360 DB       		.byte	-37
 893 0361 04       		.byte	4
 894 0362 DD       		.byte	-35
 895 0363 90       		.byte	-112
 896 0364 DF       		.byte	-33
 897 0365 01       		.byte	1
 898 0366 E6       		.byte	-26
 899 0367 C0       		.byte	-64
 900 0368 EA       		.byte	-22
 901 0369 40       		.byte	64
 902 036a EB       		.byte	-21
 903 036b 02       		.byte	2
 904 036c 00       		.byte	0
 905 036d 10       		.byte	16
 906 036e 03       		.byte	3
 907 036f 20       		.byte	32
 908 0370 05       		.byte	5
 909 0371 04       		.byte	4
 910 0372 08       		.byte	8
 911 0373 81       		.byte	-127
 912 0374 09       		.byte	9
ARM GAS  C:\Users\DGILLI~1\AppData\Local\Temp\ccgMCGgq.s 			page 17


 913 0375 20       		.byte	32
 914 0376 0C       		.byte	12
 915 0377 40       		.byte	64
 916 0378 0F       		.byte	15
 917 0379 20       		.byte	32
 918 037a 10       		.byte	16
 919 037b A0       		.byte	-96
 920 037c 13       		.byte	19
 921 037d 04       		.byte	4
 922 037e 14       		.byte	20
 923 037f 80       		.byte	-128
 924 0380 15       		.byte	21
 925 0381 14       		.byte	20
 926 0382 16       		.byte	22
 927 0383 08       		.byte	8
 928 0384 17       		.byte	23
 929 0385 02       		.byte	2
 930 0386 18       		.byte	24
 931 0387 10       		.byte	16
 932 0388 1A       		.byte	26
 933 0389 01       		.byte	1
 934 038a 1E       		.byte	30
 935 038b 50       		.byte	80
 936 038c 1F       		.byte	31
 937 038d 10       		.byte	16
 938 038e 21       		.byte	33
 939 038f 20       		.byte	32
 940 0390 23       		.byte	35
 941 0391 48       		.byte	72
 942 0392 25       		.byte	37
 943 0393 01       		.byte	1
 944 0394 26       		.byte	38
 945 0395 10       		.byte	16
 946 0396 27       		.byte	39
 947 0397 02       		.byte	2
 948 0398 28       		.byte	40
 949 0399 80       		.byte	-128
 950 039a 29       		.byte	41
 951 039b 04       		.byte	4
 952 039c 2B       		.byte	43
 953 039d 06       		.byte	6
 954 039e 2C       		.byte	44
 955 039f A0       		.byte	-96
 956 03a0 2D       		.byte	45
 957 03a1 80       		.byte	-128
 958 03a2 2F       		.byte	47
 959 03a3 40       		.byte	64
 960 03a4 31       		.byte	49
 961 03a5 28       		.byte	40
 962 03a6 33       		.byte	51
 963 03a7 40       		.byte	64
 964 03a8 34       		.byte	52
 965 03a9 50       		.byte	80
 966 03aa 35       		.byte	53
 967 03ab 04       		.byte	4
 968 03ac 37       		.byte	55
 969 03ad 02       		.byte	2
ARM GAS  C:\Users\DGILLI~1\AppData\Local\Temp\ccgMCGgq.s 			page 18


 970 03ae 3A       		.byte	58
 971 03af 20       		.byte	32
 972 03b0 3B       		.byte	59
 973 03b1 84       		.byte	-124
 974 03b2 3C       		.byte	60
 975 03b3 08       		.byte	8
 976 03b4 3D       		.byte	61
 977 03b5 84       		.byte	-124
 978 03b6 3E       		.byte	62
 979 03b7 20       		.byte	32
 980 03b8 3F       		.byte	63
 981 03b9 28       		.byte	40
 982 03ba 44       		.byte	68
 983 03bb 11       		.byte	17
 984 03bc 45       		.byte	69
 985 03bd 68       		.byte	104
 986 03be 47       		.byte	71
 987 03bf 40       		.byte	64
 988 03c0 56       		.byte	86
 989 03c1 09       		.byte	9
 990 03c2 57       		.byte	87
 991 03c3 20       		.byte	32
 992 03c4 5A       		.byte	90
 993 03c5 80       		.byte	-128
 994 03c6 5D       		.byte	93
 995 03c7 40       		.byte	64
 996 03c8 64       		.byte	100
 997 03c9 02       		.byte	2
 998 03ca 67       		.byte	103
 999 03cb 02       		.byte	2
 1000 03cc 78       		.byte	120
 1001 03cd 40       		.byte	64
 1002 03ce 7B       		.byte	123
 1003 03cf 02       		.byte	2
 1004 03d0 82       		.byte	-126
 1005 03d1 50       		.byte	80
 1006 03d2 8A       		.byte	-118
 1007 03d3 10       		.byte	16
 1008 03d4 8B       		.byte	-117
 1009 03d5 10       		.byte	16
 1010 03d6 8D       		.byte	-115
 1011 03d7 41       		.byte	65
 1012 03d8 94       		.byte	-108
 1013 03d9 08       		.byte	8
 1014 03da 95       		.byte	-107
 1015 03db 14       		.byte	20
 1016 03dc 96       		.byte	-106
 1017 03dd 01       		.byte	1
 1018 03de 97       		.byte	-105
 1019 03df 42       		.byte	66
 1020 03e0 9B       		.byte	-101
 1021 03e1 14       		.byte	20
 1022 03e2 9C       		.byte	-100
 1023 03e3 02       		.byte	2
 1024 03e4 9D       		.byte	-99
 1025 03e5 04       		.byte	4
 1026 03e6 9E       		.byte	-98
ARM GAS  C:\Users\DGILLI~1\AppData\Local\Temp\ccgMCGgq.s 			page 19


 1027 03e7 01       		.byte	1
 1028 03e8 A0       		.byte	-96
 1029 03e9 20       		.byte	32
 1030 03ea A1       		.byte	-95
 1031 03eb 08       		.byte	8
 1032 03ec A3       		.byte	-93
 1033 03ed 02       		.byte	2
 1034 03ee A6       		.byte	-90
 1035 03ef 40       		.byte	64
 1036 03f0 A7       		.byte	-89
 1037 03f1 90       		.byte	-112
 1038 03f2 A8       		.byte	-88
 1039 03f3 80       		.byte	-128
 1040 03f4 AE       		.byte	-82
 1041 03f5 01       		.byte	1
 1042 03f6 B0       		.byte	-80
 1043 03f7 10       		.byte	16
 1044 03f8 B4       		.byte	-76
 1045 03f9 40       		.byte	64
 1046 03fa C0       		.byte	-64
 1047 03fb 26       		.byte	38
 1048 03fc C2       		.byte	-62
 1049 03fd AB       		.byte	-85
 1050 03fe C4       		.byte	-60
 1051 03ff 2C       		.byte	44
 1052 0400 CA       		.byte	-54
 1053 0401 DF       		.byte	-33
 1054 0402 CC       		.byte	-52
 1055 0403 FE       		.byte	-2
 1056 0404 CE       		.byte	-50
 1057 0405 7E       		.byte	126
 1058 0406 D0       		.byte	-48
 1059 0407 70       		.byte	112
 1060 0408 D6       		.byte	-42
 1061 0409 18       		.byte	24
 1062 040a D8       		.byte	-40
 1063 040b 10       		.byte	16
 1064 040c E2       		.byte	-30
 1065 040d B0       		.byte	-80
 1066 040e EE       		.byte	-18
 1067 040f 90       		.byte	-112
 1068 0410 00       		.byte	0
 1069 0411 08       		.byte	8
 1070 0412 02       		.byte	2
 1071 0413 10       		.byte	16
 1072 0414 04       		.byte	4
 1073 0415 21       		.byte	33
 1074 0416 05       		.byte	5
 1075 0417 03       		.byte	3
 1076 0418 07       		.byte	7
 1077 0419 24       		.byte	36
 1078 041a 08       		.byte	8
 1079 041b 02       		.byte	2
 1080 041c 0B       		.byte	11
 1081 041d 50       		.byte	80
 1082 041e 0D       		.byte	13
 1083 041f 23       		.byte	35
ARM GAS  C:\Users\DGILLI~1\AppData\Local\Temp\ccgMCGgq.s 			page 20


 1084 0420 0E       		.byte	14
 1085 0421 02       		.byte	2
 1086 0422 0F       		.byte	15
 1087 0423 0C       		.byte	12
 1088 0424 10       		.byte	16
 1089 0425 20       		.byte	32
 1090 0426 11       		.byte	17
 1091 0427 0A       		.byte	10
 1092 0428 12       		.byte	18
 1093 0429 01       		.byte	1
 1094 042a 13       		.byte	19
 1095 042b 24       		.byte	36
 1096 042c 14       		.byte	20
 1097 042d 04       		.byte	4
 1098 042e 15       		.byte	21
 1099 042f 40       		.byte	64
 1100 0430 17       		.byte	23
 1101 0431 10       		.byte	16
 1102 0432 18       		.byte	24
 1103 0433 20       		.byte	32
 1104 0434 1A       		.byte	26
 1105 0435 01       		.byte	1
 1106 0436 1B       		.byte	27
 1107 0437 50       		.byte	80
 1108 0438 1C       		.byte	28
 1109 0439 01       		.byte	1
 1110 043a 1D       		.byte	29
 1111 043b 23       		.byte	35
 1112 043c 1E       		.byte	30
 1113 043d 20       		.byte	32
 1114 043e 1F       		.byte	31
 1115 043f 04       		.byte	4
 1116 0440 20       		.byte	32
 1117 0441 02       		.byte	2
 1118 0442 23       		.byte	35
 1119 0443 08       		.byte	8
 1120 0444 24       		.byte	36
 1121 0445 18       		.byte	24
 1122 0446 27       		.byte	39
 1123 0447 25       		.byte	37
 1124 0448 28       		.byte	40
 1125 0449 18       		.byte	24
 1126 044a 2C       		.byte	44
 1127 044b 10       		.byte	16
 1128 044c 2D       		.byte	45
 1129 044d 10       		.byte	16
 1130 044e 2E       		.byte	46
 1131 044f 08       		.byte	8
 1132 0450 2F       		.byte	47
 1133 0451 40       		.byte	64
 1134 0452 30       		.byte	48
 1135 0453 18       		.byte	24
 1136 0454 31       		.byte	49
 1137 0455 40       		.byte	64
 1138 0456 32       		.byte	50
 1139 0457 20       		.byte	32
 1140 0458 33       		.byte	51
ARM GAS  C:\Users\DGILLI~1\AppData\Local\Temp\ccgMCGgq.s 			page 21


 1141 0459 10       		.byte	16
 1142 045a 34       		.byte	52
 1143 045b 01       		.byte	1
 1144 045c 35       		.byte	53
 1145 045d 20       		.byte	32
 1146 045e 36       		.byte	54
 1147 045f 06       		.byte	6
 1148 0460 37       		.byte	55
 1149 0461 0F       		.byte	15
 1150 0462 38       		.byte	56
 1151 0463 80       		.byte	-128
 1152 0464 3B       		.byte	59
 1153 0465 80       		.byte	-128
 1154 0466 3E       		.byte	62
 1155 0467 14       		.byte	20
 1156 0468 3F       		.byte	63
 1157 0469 15       		.byte	21
 1158 046a 58       		.byte	88
 1159 046b 04       		.byte	4
 1160 046c 59       		.byte	89
 1161 046d 04       		.byte	4
 1162 046e 5F       		.byte	95
 1163 046f 01       		.byte	1
 1164 0470 83       		.byte	-125
 1165 0471 03       		.byte	3
 1166 0472 84       		.byte	-124
 1167 0473 01       		.byte	1
 1168 0474 85       		.byte	-123
 1169 0475 03       		.byte	3
 1170 0476 86       		.byte	-122
 1171 0477 08       		.byte	8
 1172 0478 87       		.byte	-121
 1173 0479 04       		.byte	4
 1174 047a 8E       		.byte	-114
 1175 047b 01       		.byte	1
 1176 047c 91       		.byte	-111
 1177 047d 01       		.byte	1
 1178 047e 92       		.byte	-110
 1179 047f 01       		.byte	1
 1180 0480 93       		.byte	-109
 1181 0481 06       		.byte	6
 1182 0482 96       		.byte	-106
 1183 0483 02       		.byte	2
 1184 0484 97       		.byte	-105
 1185 0485 07       		.byte	7
 1186 0486 A0       		.byte	-96
 1187 0487 04       		.byte	4
 1188 0488 A4       		.byte	-92
 1189 0489 06       		.byte	6
 1190 048a A8       		.byte	-88
 1191 048b 01       		.byte	1
 1192 048c AC       		.byte	-84
 1193 048d 06       		.byte	6
 1194 048e B0       		.byte	-80
 1195 048f 01       		.byte	1
 1196 0490 B1       		.byte	-79
 1197 0491 01       		.byte	1
ARM GAS  C:\Users\DGILLI~1\AppData\Local\Temp\ccgMCGgq.s 			page 22


 1198 0492 B2       		.byte	-78
 1199 0493 08       		.byte	8
 1200 0494 B3       		.byte	-77
 1201 0495 02       		.byte	2
 1202 0496 B5       		.byte	-75
 1203 0497 04       		.byte	4
 1204 0498 B6       		.byte	-74
 1205 0499 06       		.byte	6
 1206 049a B8       		.byte	-72
 1207 049b 80       		.byte	-128
 1208 049c BA       		.byte	-70
 1209 049d 38       		.byte	56
 1210 049e BB       		.byte	-69
 1211 049f 20       		.byte	32
 1212 04a0 BE       		.byte	-66
 1213 04a1 41       		.byte	65
 1214 04a2 BF       		.byte	-65
 1215 04a3 05       		.byte	5
 1216 04a4 D8       		.byte	-40
 1217 04a5 04       		.byte	4
 1218 04a6 D9       		.byte	-39
 1219 04a7 04       		.byte	4
 1220 04a8 DC       		.byte	-36
 1221 04a9 11       		.byte	17
 1222 04aa DF       		.byte	-33
 1223 04ab 01       		.byte	1
 1224 04ac 00       		.byte	0
 1225 04ad 04       		.byte	4
 1226 04ae 03       		.byte	3
 1227 04af 02       		.byte	2
 1228 04b0 05       		.byte	5
 1229 04b1 05       		.byte	5
 1230 04b2 07       		.byte	7
 1231 04b3 0A       		.byte	10
 1232 04b4 09       		.byte	9
 1233 04b5 08       		.byte	8
 1234 04b6 0A       		.byte	10
 1235 04b7 40       		.byte	64
 1236 04b8 0B       		.byte	11
 1237 04b9 20       		.byte	32
 1238 04ba 0C       		.byte	12
 1239 04bb 40       		.byte	64
 1240 04bc 0D       		.byte	13
 1241 04bd 09       		.byte	9
 1242 04be 0E       		.byte	14
 1243 04bf 40       		.byte	64
 1244 04c0 0F       		.byte	15
 1245 04c1 04       		.byte	4
 1246 04c2 11       		.byte	17
 1247 04c3 80       		.byte	-128
 1248 04c4 12       		.byte	18
 1249 04c5 08       		.byte	8
 1250 04c6 13       		.byte	19
 1251 04c7 0A       		.byte	10
 1252 04c8 14       		.byte	20
 1253 04c9 02       		.byte	2
 1254 04ca 17       		.byte	23
ARM GAS  C:\Users\DGILLI~1\AppData\Local\Temp\ccgMCGgq.s 			page 23


 1255 04cb 15       		.byte	21
 1256 04cc 18       		.byte	24
 1257 04cd 04       		.byte	4
 1258 04ce 19       		.byte	25
 1259 04cf 04       		.byte	4
 1260 04d0 1B       		.byte	27
 1261 04d1 91       		.byte	-111
 1262 04d2 1D       		.byte	29
 1263 04d3 01       		.byte	1
 1264 04d4 1E       		.byte	30
 1265 04d5 A4       		.byte	-92
 1266 04d6 1F       		.byte	31
 1267 04d7 40       		.byte	64
 1268 04d8 20       		.byte	32
 1269 04d9 08       		.byte	8
 1270 04da 21       		.byte	33
 1271 04db 02       		.byte	2
 1272 04dc 22       		.byte	34
 1273 04dd 24       		.byte	36
 1274 04de 24       		.byte	36
 1275 04df 08       		.byte	8
 1276 04e0 25       		.byte	37
 1277 04e1 40       		.byte	64
 1278 04e2 27       		.byte	39
 1279 04e3 61       		.byte	97
 1280 04e4 2F       		.byte	47
 1281 04e5 52       		.byte	82
 1282 04e6 31       		.byte	49
 1283 04e7 04       		.byte	4
 1284 04e8 32       		.byte	50
 1285 04e9 08       		.byte	8
 1286 04ea 33       		.byte	51
 1287 04eb 02       		.byte	2
 1288 04ec 35       		.byte	53
 1289 04ed 84       		.byte	-124
 1290 04ee 36       		.byte	54
 1291 04ef 20       		.byte	32
 1292 04f0 37       		.byte	55
 1293 04f1 02       		.byte	2
 1294 04f2 38       		.byte	56
 1295 04f3 04       		.byte	4
 1296 04f4 39       		.byte	57
 1297 04f5 02       		.byte	2
 1298 04f6 3B       		.byte	59
 1299 04f7 04       		.byte	4
 1300 04f8 3D       		.byte	61
 1301 04f9 80       		.byte	-128
 1302 04fa 3E       		.byte	62
 1303 04fb 08       		.byte	8
 1304 04fc 3F       		.byte	63
 1305 04fd 20       		.byte	32
 1306 04fe 81       		.byte	-127
 1307 04ff 80       		.byte	-128
 1308 0500 83       		.byte	-125
 1309 0501 08       		.byte	8
 1310 0502 86       		.byte	-122
 1311 0503 10       		.byte	16
ARM GAS  C:\Users\DGILLI~1\AppData\Local\Temp\ccgMCGgq.s 			page 24


 1312 0504 8B       		.byte	-117
 1313 0505 01       		.byte	1
 1314 0506 94       		.byte	-108
 1315 0507 08       		.byte	8
 1316 0508 97       		.byte	-105
 1317 0509 80       		.byte	-128
 1318 050a 98       		.byte	-104
 1319 050b 42       		.byte	66
 1320 050c 9A       		.byte	-102
 1321 050d 08       		.byte	8
 1322 050e 9B       		.byte	-101
 1323 050f 1E       		.byte	30
 1324 0510 9D       		.byte	-99
 1325 0511 84       		.byte	-124
 1326 0512 A1       		.byte	-95
 1327 0513 08       		.byte	8
 1328 0514 A3       		.byte	-93
 1329 0515 02       		.byte	2
 1330 0516 A4       		.byte	-92
 1331 0517 04       		.byte	4
 1332 0518 A5       		.byte	-91
 1333 0519 40       		.byte	64
 1334 051a A6       		.byte	-90
 1335 051b 40       		.byte	64
 1336 051c A7       		.byte	-89
 1337 051d 90       		.byte	-112
 1338 051e AA       		.byte	-86
 1339 051f 40       		.byte	64
 1340 0520 C0       		.byte	-64
 1341 0521 F5       		.byte	-11
 1342 0522 C2       		.byte	-62
 1343 0523 FC       		.byte	-4
 1344 0524 C4       		.byte	-60
 1345 0525 FF       		.byte	-1
 1346 0526 CA       		.byte	-54
 1347 0527 D0       		.byte	-48
 1348 0528 CC       		.byte	-52
 1349 0529 F3       		.byte	-13
 1350 052a CE       		.byte	-50
 1351 052b 73       		.byte	115
 1352 052c E2       		.byte	-30
 1353 052d 80       		.byte	-128
 1354 052e EE       		.byte	-18
 1355 052f 01       		.byte	1
 1356 0530 EE       		.byte	-18
 1357 0531 01       		.byte	1
 1358 0532 E2       		.byte	-30
 1359 0533 40       		.byte	64
 1360 0534 E0       		.byte	-32
 1361 0535 08       		.byte	8
 1362 0536 E2       		.byte	-30
 1363 0537 10       		.byte	16
 1364 0538 8A       		.byte	-118
 1365 0539 04       		.byte	4
 1366 053a 92       		.byte	-110
 1367 053b 08       		.byte	8
 1368 053c E2       		.byte	-30
ARM GAS  C:\Users\DGILLI~1\AppData\Local\Temp\ccgMCGgq.s 			page 25


 1369 053d 80       		.byte	-128
 1370 053e EA       		.byte	-22
 1371 053f 01       		.byte	1
 1372 0540 83       		.byte	-125
 1373 0541 40       		.byte	64
 1374 0542 8A       		.byte	-118
 1375 0543 04       		.byte	4
 1376 0544 92       		.byte	-110
 1377 0545 0C       		.byte	12
 1378 0546 9B       		.byte	-101
 1379 0547 40       		.byte	64
 1380 0548 B0       		.byte	-80
 1381 0549 04       		.byte	4
 1382 054a B1       		.byte	-79
 1383 054b 03       		.byte	3
 1384 054c B7       		.byte	-73
 1385 054d 20       		.byte	32
 1386 054e E6       		.byte	-26
 1387 054f 20       		.byte	32
 1388 0550 EE       		.byte	-18
 1389 0551 30       		.byte	48
 1390 0552 EA       		.byte	-22
 1391 0553 01       		.byte	1
 1392 0554 50       		.byte	80
 1393 0555 08       		.byte	8
 1394 0556 57       		.byte	87
 1395 0557 80       		.byte	-128
 1396 0558 59       		.byte	89
 1397 0559 80       		.byte	-128
 1398 055a 5C       		.byte	92
 1399 055b 40       		.byte	64
 1400 055c 5E       		.byte	94
 1401 055d 02       		.byte	2
 1402 055e 60       		.byte	96
 1403 055f 80       		.byte	-128
 1404 0560 63       		.byte	99
 1405 0561 01       		.byte	1
 1406 0562 64       		.byte	100
 1407 0563 08       		.byte	8
 1408 0564 D4       		.byte	-44
 1409 0565 E0       		.byte	-32
 1410 0566 D6       		.byte	-42
 1411 0567 E0       		.byte	-32
 1412 0568 D8       		.byte	-40
 1413 0569 C0       		.byte	-64
 1414 056a 53       		.byte	83
 1415 056b 12       		.byte	18
 1416 056c 57       		.byte	87
 1417 056d 08       		.byte	8
 1418 056e 5C       		.byte	92
 1419 056f 01       		.byte	1
 1420 0570 5F       		.byte	95
 1421 0571 40       		.byte	64
 1422 0572 62       		.byte	98
 1423 0573 81       		.byte	-127
 1424 0574 64       		.byte	100
 1425 0575 40       		.byte	64
ARM GAS  C:\Users\DGILLI~1\AppData\Local\Temp\ccgMCGgq.s 			page 26


 1426 0576 80       		.byte	-128
 1427 0577 40       		.byte	64
 1428 0578 87       		.byte	-121
 1429 0579 40       		.byte	64
 1430 057a 8D       		.byte	-115
 1431 057b 80       		.byte	-128
 1432 057c 8F       		.byte	-113
 1433 057d 81       		.byte	-127
 1434 057e 94       		.byte	-108
 1435 057f 40       		.byte	64
 1436 0580 97       		.byte	-105
 1437 0581 01       		.byte	1
 1438 0582 9D       		.byte	-99
 1439 0583 80       		.byte	-128
 1440 0584 A4       		.byte	-92
 1441 0585 08       		.byte	8
 1442 0586 A6       		.byte	-90
 1443 0587 01       		.byte	1
 1444 0588 A7       		.byte	-89
 1445 0589 80       		.byte	-128
 1446 058a A8       		.byte	-88
 1447 058b 08       		.byte	8
 1448 058c B0       		.byte	-80
 1449 058d 80       		.byte	-128
 1450 058e D4       		.byte	-44
 1451 058f E0       		.byte	-32
 1452 0590 D6       		.byte	-42
 1453 0591 E0       		.byte	-32
 1454 0592 D8       		.byte	-40
 1455 0593 C0       		.byte	-64
 1456 0594 E6       		.byte	-26
 1457 0595 60       		.byte	96
 1458 0596 EE       		.byte	-18
 1459 0597 20       		.byte	32
 1460 0598 3E       		.byte	62
 1461 0599 10       		.byte	16
 1462 059a 50       		.byte	80
 1463 059b 20       		.byte	32
 1464 059c 56       		.byte	86
 1465 059d 20       		.byte	32
 1466 059e 80       		.byte	-128
 1467 059f 08       		.byte	8
 1468 05a0 82       		.byte	-126
 1469 05a1 20       		.byte	32
 1470 05a2 8A       		.byte	-118
 1471 05a3 80       		.byte	-128
 1472 05a4 8B       		.byte	-117
 1473 05a5 08       		.byte	8
 1474 05a6 8E       		.byte	-114
 1475 05a7 01       		.byte	1
 1476 05a8 9C       		.byte	-100
 1477 05a9 40       		.byte	64
 1478 05aa A4       		.byte	-92
 1479 05ab 08       		.byte	8
 1480 05ac A6       		.byte	-90
 1481 05ad 81       		.byte	-127
 1482 05ae A7       		.byte	-89
ARM GAS  C:\Users\DGILLI~1\AppData\Local\Temp\ccgMCGgq.s 			page 27


 1483 05af 08       		.byte	8
 1484 05b0 AA       		.byte	-86
 1485 05b1 01       		.byte	1
 1486 05b2 AF       		.byte	-81
 1487 05b3 10       		.byte	16
 1488 05b4 B3       		.byte	-77
 1489 05b5 02       		.byte	2
 1490 05b6 B4       		.byte	-76
 1491 05b7 01       		.byte	1
 1492 05b8 CE       		.byte	-50
 1493 05b9 20       		.byte	32
 1494 05ba D4       		.byte	-44
 1495 05bb 60       		.byte	96
 1496 05bc E2       		.byte	-30
 1497 05bd A0       		.byte	-96
 1498 05be EA       		.byte	-22
 1499 05bf 20       		.byte	32
 1500 05c0 EE       		.byte	-18
 1501 05c1 40       		.byte	64
 1502 05c2 84       		.byte	-124
 1503 05c3 40       		.byte	64
 1504 05c4 8B       		.byte	-117
 1505 05c5 04       		.byte	4
 1506 05c6 96       		.byte	-106
 1507 05c7 10       		.byte	16
 1508 05c8 9C       		.byte	-100
 1509 05c9 40       		.byte	64
 1510 05ca A4       		.byte	-92
 1511 05cb 20       		.byte	32
 1512 05cc E6       		.byte	-26
 1513 05cd 10       		.byte	16
 1514 05ce 08       		.byte	8
 1515 05cf 20       		.byte	32
 1516 05d0 10       		.byte	16
 1517 05d1 10       		.byte	16
 1518 05d2 11       		.byte	17
 1519 05d3 02       		.byte	2
 1520 05d4 14       		.byte	20
 1521 05d5 80       		.byte	-128
 1522 05d6 5E       		.byte	94
 1523 05d7 01       		.byte	1
 1524 05d8 8D       		.byte	-115
 1525 05d9 01       		.byte	1
 1526 05da C2       		.byte	-62
 1527 05db 02       		.byte	2
 1528 05dc C4       		.byte	-60
 1529 05dd 0C       		.byte	12
 1530 05de D6       		.byte	-42
 1531 05df 01       		.byte	1
 1532 05e0 E2       		.byte	-30
 1533 05e1 08       		.byte	8
 1534 05e2 86       		.byte	-122
 1535 05e3 01       		.byte	1
 1536 05e4 96       		.byte	-106
 1537 05e5 01       		.byte	1
 1538 05e6 98       		.byte	-104
 1539 05e7 B0       		.byte	-80
ARM GAS  C:\Users\DGILLI~1\AppData\Local\Temp\ccgMCGgq.s 			page 28


 1540 05e8 8C       		.byte	-116
 1541 05e9 20       		.byte	32
 1542 05ea 98       		.byte	-104
 1543 05eb B0       		.byte	-80
 1544 05ec E2       		.byte	-30
 1545 05ed 02       		.byte	2
 1546 05ee 92       		.byte	-110
 1547 05ef 80       		.byte	-128
 1548 05f0 98       		.byte	-104
 1549 05f1 10       		.byte	16
 1550 05f2 A8       		.byte	-88
 1551 05f3 80       		.byte	-128
 1552 05f4 AA       		.byte	-86
 1553 05f5 40       		.byte	64
 1554 05f6 56       		.byte	86
 1555 05f7 10       		.byte	16
 1556 05f8 80       		.byte	-128
 1557 05f9 04       		.byte	4
 1558 05fa 8A       		.byte	-118
 1559 05fb 10       		.byte	16
 1560 05fc 90       		.byte	-112
 1561 05fd 01       		.byte	1
 1562 05fe 93       		.byte	-109
 1563 05ff 08       		.byte	8
 1564 0600 96       		.byte	-106
 1565 0601 10       		.byte	16
 1566 0602 B0       		.byte	-80
 1567 0603 20       		.byte	32
 1568 0604 B4       		.byte	-76
 1569 0605 01       		.byte	1
 1570 0606 D4       		.byte	-44
 1571 0607 40       		.byte	64
 1572 0608 E6       		.byte	-26
 1573 0609 80       		.byte	-128
 1574 060a 50       		.byte	80
 1575 060b 04       		.byte	4
 1576 060c 59       		.byte	89
 1577 060d 40       		.byte	64
 1578 060e 5C       		.byte	92
 1579 060f 01       		.byte	1
 1580 0610 67       		.byte	103
 1581 0611 08       		.byte	8
 1582 0612 89       		.byte	-119
 1583 0613 40       		.byte	64
 1584 0614 90       		.byte	-112
 1585 0615 09       		.byte	9
 1586 0616 93       		.byte	-109
 1587 0617 08       		.byte	8
 1588 0618 AA       		.byte	-86
 1589 0619 10       		.byte	16
 1590 061a D4       		.byte	-44
 1591 061b A0       		.byte	-96
 1592 061c D6       		.byte	-42
 1593 061d 80       		.byte	-128
 1594 061e D8       		.byte	-40
 1595 061f 80       		.byte	-128
 1596 0620 EA       		.byte	-22
ARM GAS  C:\Users\DGILLI~1\AppData\Local\Temp\ccgMCGgq.s 			page 29


 1597 0621 80       		.byte	-128
 1598 0622 10       		.byte	16
 1599 0623 40       		.byte	64
 1600 0624 13       		.byte	19
 1601 0625 20       		.byte	32
 1602 0626 14       		.byte	20
 1603 0627 80       		.byte	-128
 1604 0628 78       		.byte	120
 1605 0629 10       		.byte	16
 1606 062a 7E       		.byte	126
 1607 062b 40       		.byte	64
 1608 062c 92       		.byte	-110
 1609 062d 80       		.byte	-128
 1610 062e 98       		.byte	-104
 1611 062f 10       		.byte	16
 1612 0630 C4       		.byte	-60
 1613 0631 0E       		.byte	14
 1614 0632 DE       		.byte	-34
 1615 0633 03       		.byte	3
 1616 0634 78       		.byte	120
 1617 0635 40       		.byte	64
 1618 0636 7C       		.byte	124
 1619 0637 80       		.byte	-128
 1620 0638 98       		.byte	-104
 1621 0639 C0       		.byte	-64
 1622 063a AB       		.byte	-85
 1623 063b 20       		.byte	32
 1624 063c DC       		.byte	-36
 1625 063d 01       		.byte	1
 1626 063e DE       		.byte	-34
 1627 063f 04       		.byte	4
 1628 0640 00       		.byte	0
 1629 0641 03       		.byte	3
 1630 0642 01       		.byte	1
 1631 0643 01       		.byte	1
 1632 0644 08       		.byte	8
 1633 0645 03       		.byte	3
 1634 0646 09       		.byte	9
 1635 0647 01       		.byte	1
 1636 0648 0A       		.byte	10
 1637 0649 03       		.byte	3
 1638 064a 0B       		.byte	11
 1639 064b 01       		.byte	1
 1640 064c 03       		.byte	3
 1641 064d C0       		.byte	-64
 1642 064e 00       		.byte	0
 1643 064f 00       		.byte	0
 1644 0650 00       		.byte	0
 1645 0651 FF       		.byte	-1
 1646 0652 FF       		.byte	-1
 1647 0653 00       		.byte	0
 1648 0654 FF       		.byte	-1
 1649 0655 00       		.byte	0
 1650 0656 00       		.byte	0
 1651 0657 00       		.byte	0
 1652 0658 30       		.byte	48
 1653 0659 00       		.byte	0
ARM GAS  C:\Users\DGILLI~1\AppData\Local\Temp\ccgMCGgq.s 			page 30


 1654 065a 00       		.byte	0
 1655 065b 0F       		.byte	15
 1656 065c 3F       		.byte	63
 1657 065d 00       		.byte	0
 1658 065e 3F       		.byte	63
 1659 065f 00       		.byte	0
 1660 0660 00       		.byte	0
 1661 0661 00       		.byte	0
 1662 0662 00       		.byte	0
 1663 0663 00       		.byte	0
 1664 0664 00       		.byte	0
 1665 0665 0C       		.byte	12
 1666 0666 0C       		.byte	12
 1667 0667 00       		.byte	0
 1668 0668 0C       		.byte	12
 1669 0669 00       		.byte	0
 1670 066a 00       		.byte	0
 1671 066b 00       		.byte	0
 1672 066c 00       		.byte	0
 1673 066d 0B       		.byte	11
 1674 066e 0B       		.byte	11
 1675 066f 00       		.byte	0
 1676 0670 00       		.byte	0
 1677 0671 00       		.byte	0
 1678 0672 00       		.byte	0
 1679 0673 00       		.byte	0
 1680 0674 00       		.byte	0
 1681 0675 FF       		.byte	-1
 1682 0676 FF       		.byte	-1
 1683 0677 FF       		.byte	-1
 1684 0678 FF       		.byte	-1
 1685 0679 00       		.byte	0
 1686 067a 00       		.byte	0
 1687 067b 00       		.byte	0
 1688 067c 00       		.byte	0
 1689 067d FF       		.byte	-1
 1690 067e FF       		.byte	-1
 1691 067f 00       		.byte	0
 1692 0680 FF       		.byte	-1
 1693 0681 00       		.byte	0
 1694 0682 00       		.byte	0
 1695 0683 00       		.byte	0
 1696 0684 00       		.byte	0
 1697 0685 10       		.byte	16
 1698 0686 10       		.byte	16
 1699 0687 00       		.byte	0
 1700 0688 00       		.byte	0
 1701 0689 00       		.byte	0
 1702 068a 00       		.byte	0
 1703 068b 00       		.byte	0
 1704 068c 80       		.byte	-128
 1705 068d 00       		.byte	0
 1706 068e 40       		.byte	64
 1707 068f 80       		.byte	-128
 1708 0690 80       		.byte	-128
 1709 0691 00       		.byte	0
 1710 0692 80       		.byte	-128
ARM GAS  C:\Users\DGILLI~1\AppData\Local\Temp\ccgMCGgq.s 			page 31


 1711 0693 00       		.byte	0
 1712 0694 00       		.byte	0
 1713 0695 00       		.byte	0
 1714 0696 00       		.byte	0
 1715 0697 00       		.byte	0
 1716              		.section	.cywolatch,"a",%progbits
 1717              		.align	2
 1718              		.type	cy_meta_wonvl, %object
 1719              		.size	cy_meta_wonvl, 4
 1720              	cy_meta_wonvl:
 1721 0000 BC       		.byte	-68
 1722 0001 90       		.byte	-112
 1723 0002 AC       		.byte	-84
 1724 0003 AF       		.byte	-81
 1725              		.section	.cycustnvl,"a",%progbits
 1726              		.align	2
 1727              		.type	cy_meta_custnvl, %object
 1728              		.size	cy_meta_custnvl, 4
 1729              	cy_meta_custnvl:
 1730 0000 00       		.byte	0
 1731 0001 00       		.byte	0
 1732 0002 40       		.byte	64
 1733 0003 05       		.byte	5
 1734              		.section	.cymeta,"a",%progbits
 1735              		.align	2
 1736              		.type	cy_metadata, %object
 1737              		.size	cy_metadata, 12
 1738              	cy_metadata:
 1739 0000 00       		.byte	0
 1740 0001 01       		.byte	1
 1741 0002 2E       		.byte	46
 1742 0003 13       		.byte	19
 1743 0004 30       		.byte	48
 1744 0005 69       		.byte	105
 1745 0006 00       		.byte	0
 1746 0007 01       		.byte	1
 1747 0008 00       		.byte	0
 1748 0009 00       		.byte	0
 1749 000a 00       		.byte	0
 1750 000b 00       		.byte	0
 1751              		.section	.cyflashprotect,"a",%progbits
 1752              		.align	2
 1753              		.type	cy_meta_flashprotect, %object
 1754              		.size	cy_meta_flashprotect, 128
 1755              	cy_meta_flashprotect:
 1756 0000 00000000 		.space	128
 1756      00000000 
 1756      00000000 
 1756      00000000 
 1756      00000000 
 1757              		.text
 1758              	.Letext0:
 1759              		.file 1 "Generated_Source\\PSoC5\\cymetadata.c"
 1760              		.file 2 "Generated_Source\\PSoC5\\cytypes.h"
 1761              		.section	.debug_info,"",%progbits
 1762              	.Ldebug_info0:
 1763 0000 3A010000 		.4byte	0x13a
ARM GAS  C:\Users\DGILLI~1\AppData\Local\Temp\ccgMCGgq.s 			page 32


 1764 0004 0400     		.2byte	0x4
 1765 0006 00000000 		.4byte	.Ldebug_abbrev0
 1766 000a 04       		.byte	0x4
 1767 000b 01       		.uleb128 0x1
 1768 000c CE000000 		.4byte	.LASF18
 1769 0010 01       		.byte	0x1
 1770 0011 E4010000 		.4byte	.LASF19
 1771 0015 0C000000 		.4byte	.LASF20
 1772 0019 00000000 		.4byte	.Ldebug_line0
 1773 001d 02       		.uleb128 0x2
 1774 001e 01       		.byte	0x1
 1775 001f 06       		.byte	0x6
 1776 0020 D8010000 		.4byte	.LASF0
 1777 0024 02       		.uleb128 0x2
 1778 0025 01       		.byte	0x1
 1779 0026 08       		.byte	0x8
 1780 0027 72000000 		.4byte	.LASF1
 1781 002b 02       		.uleb128 0x2
 1782 002c 02       		.byte	0x2
 1783 002d 05       		.byte	0x5
 1784 002e BF010000 		.4byte	.LASF2
 1785 0032 02       		.uleb128 0x2
 1786 0033 02       		.byte	0x2
 1787 0034 07       		.byte	0x7
 1788 0035 92000000 		.4byte	.LASF3
 1789 0039 02       		.uleb128 0x2
 1790 003a 04       		.byte	0x4
 1791 003b 05       		.byte	0x5
 1792 003c CF010000 		.4byte	.LASF4
 1793 0040 02       		.uleb128 0x2
 1794 0041 04       		.byte	0x4
 1795 0042 07       		.byte	0x7
 1796 0043 80000000 		.4byte	.LASF5
 1797 0047 02       		.uleb128 0x2
 1798 0048 08       		.byte	0x8
 1799 0049 05       		.byte	0x5
 1800 004a AC010000 		.4byte	.LASF6
 1801 004e 02       		.uleb128 0x2
 1802 004f 08       		.byte	0x8
 1803 0050 07       		.byte	0x7
 1804 0051 69010000 		.4byte	.LASF7
 1805 0055 03       		.uleb128 0x3
 1806 0056 04       		.byte	0x4
 1807 0057 05       		.byte	0x5
 1808 0058 696E7400 		.ascii	"int\000"
 1809 005c 02       		.uleb128 0x2
 1810 005d 04       		.byte	0x4
 1811 005e 07       		.byte	0x7
 1812 005f 5C010000 		.4byte	.LASF8
 1813 0063 04       		.uleb128 0x4
 1814 0064 C9010000 		.4byte	.LASF21
 1815 0068 02       		.byte	0x2
 1816 0069 9201     		.2byte	0x192
 1817 006b 24000000 		.4byte	0x24
 1818 006f 02       		.uleb128 0x2
 1819 0070 04       		.byte	0x4
 1820 0071 04       		.byte	0x4
ARM GAS  C:\Users\DGILLI~1\AppData\Local\Temp\ccgMCGgq.s 			page 33


 1821 0072 6C000000 		.4byte	.LASF9
 1822 0076 02       		.uleb128 0x2
 1823 0077 08       		.byte	0x8
 1824 0078 04       		.byte	0x4
 1825 0079 A5000000 		.4byte	.LASF10
 1826 007d 02       		.uleb128 0x2
 1827 007e 01       		.byte	0x1
 1828 007f 08       		.byte	0x8
 1829 0080 BA010000 		.4byte	.LASF11
 1830 0084 05       		.uleb128 0x5
 1831 0085 63000000 		.4byte	0x63
 1832 0089 95000000 		.4byte	0x95
 1833 008d 06       		.uleb128 0x6
 1834 008e 95000000 		.4byte	0x95
 1835 0092 9706     		.2byte	0x697
 1836 0094 00       		.byte	0
 1837 0095 02       		.uleb128 0x2
 1838 0096 04       		.byte	0x4
 1839 0097 07       		.byte	0x7
 1840 0098 A3010000 		.4byte	.LASF12
 1841 009c 07       		.uleb128 0x7
 1842 009d BC000000 		.4byte	.LASF13
 1843 00a1 01       		.byte	0x1
 1844 00a2 1F       		.byte	0x1f
 1845 00a3 AD000000 		.4byte	0xad
 1846 00a7 05       		.uleb128 0x5
 1847 00a8 03       		.byte	0x3
 1848 00a9 00000000 		.4byte	cy_meta_configecc
 1849 00ad 08       		.uleb128 0x8
 1850 00ae 84000000 		.4byte	0x84
 1851 00b2 05       		.uleb128 0x5
 1852 00b3 63000000 		.4byte	0x63
 1853 00b7 C2000000 		.4byte	0xc2
 1854 00bb 09       		.uleb128 0x9
 1855 00bc 95000000 		.4byte	0x95
 1856 00c0 03       		.byte	0x3
 1857 00c1 00       		.byte	0
 1858 00c2 07       		.uleb128 0x7
 1859 00c3 AC000000 		.4byte	.LASF14
 1860 00c7 01       		.byte	0x1
 1861 00c8 FF       		.byte	0xff
 1862 00c9 D3000000 		.4byte	0xd3
 1863 00cd 05       		.uleb128 0x5
 1864 00ce 03       		.byte	0x3
 1865 00cf 00000000 		.4byte	cy_meta_custnvl
 1866 00d3 08       		.uleb128 0x8
 1867 00d4 B2000000 		.4byte	0xb2
 1868 00d8 0A       		.uleb128 0xa
 1869 00d9 95010000 		.4byte	.LASF15
 1870 00dd 01       		.byte	0x1
 1871 00de 0D01     		.2byte	0x10d
 1872 00e0 EA000000 		.4byte	0xea
 1873 00e4 05       		.uleb128 0x5
 1874 00e5 03       		.byte	0x3
 1875 00e6 00000000 		.4byte	cy_meta_wonvl
 1876 00ea 08       		.uleb128 0x8
 1877 00eb B2000000 		.4byte	0xb2
ARM GAS  C:\Users\DGILLI~1\AppData\Local\Temp\ccgMCGgq.s 			page 34


 1878 00ef 05       		.uleb128 0x5
 1879 00f0 63000000 		.4byte	0x63
 1880 00f4 FF000000 		.4byte	0xff
 1881 00f8 09       		.uleb128 0x9
 1882 00f9 95000000 		.4byte	0x95
 1883 00fd 7F       		.byte	0x7f
 1884 00fe 00       		.byte	0
 1885 00ff 0A       		.uleb128 0xa
 1886 0100 80010000 		.4byte	.LASF16
 1887 0104 01       		.byte	0x1
 1888 0105 1B01     		.2byte	0x11b
 1889 0107 11010000 		.4byte	0x111
 1890 010b 05       		.uleb128 0x5
 1891 010c 03       		.byte	0x3
 1892 010d 00000000 		.4byte	cy_meta_flashprotect
 1893 0111 08       		.uleb128 0x8
 1894 0112 EF000000 		.4byte	0xef
 1895 0116 05       		.uleb128 0x5
 1896 0117 63000000 		.4byte	0x63
 1897 011b 26010000 		.4byte	0x126
 1898 011f 09       		.uleb128 0x9
 1899 0120 95000000 		.4byte	0x95
 1900 0124 0B       		.byte	0xb
 1901 0125 00       		.byte	0
 1902 0126 0A       		.uleb128 0xa
 1903 0127 00000000 		.4byte	.LASF17
 1904 012b 01       		.byte	0x1
 1905 012c 3801     		.2byte	0x138
 1906 012e 38010000 		.4byte	0x138
 1907 0132 05       		.uleb128 0x5
 1908 0133 03       		.byte	0x3
 1909 0134 00000000 		.4byte	cy_metadata
 1910 0138 08       		.uleb128 0x8
 1911 0139 16010000 		.4byte	0x116
 1912 013d 00       		.byte	0
 1913              		.section	.debug_abbrev,"",%progbits
 1914              	.Ldebug_abbrev0:
 1915 0000 01       		.uleb128 0x1
 1916 0001 11       		.uleb128 0x11
 1917 0002 01       		.byte	0x1
 1918 0003 25       		.uleb128 0x25
 1919 0004 0E       		.uleb128 0xe
 1920 0005 13       		.uleb128 0x13
 1921 0006 0B       		.uleb128 0xb
 1922 0007 03       		.uleb128 0x3
 1923 0008 0E       		.uleb128 0xe
 1924 0009 1B       		.uleb128 0x1b
 1925 000a 0E       		.uleb128 0xe
 1926 000b 10       		.uleb128 0x10
 1927 000c 17       		.uleb128 0x17
 1928 000d 00       		.byte	0
 1929 000e 00       		.byte	0
 1930 000f 02       		.uleb128 0x2
 1931 0010 24       		.uleb128 0x24
 1932 0011 00       		.byte	0
 1933 0012 0B       		.uleb128 0xb
 1934 0013 0B       		.uleb128 0xb
ARM GAS  C:\Users\DGILLI~1\AppData\Local\Temp\ccgMCGgq.s 			page 35


 1935 0014 3E       		.uleb128 0x3e
 1936 0015 0B       		.uleb128 0xb
 1937 0016 03       		.uleb128 0x3
 1938 0017 0E       		.uleb128 0xe
 1939 0018 00       		.byte	0
 1940 0019 00       		.byte	0
 1941 001a 03       		.uleb128 0x3
 1942 001b 24       		.uleb128 0x24
 1943 001c 00       		.byte	0
 1944 001d 0B       		.uleb128 0xb
 1945 001e 0B       		.uleb128 0xb
 1946 001f 3E       		.uleb128 0x3e
 1947 0020 0B       		.uleb128 0xb
 1948 0021 03       		.uleb128 0x3
 1949 0022 08       		.uleb128 0x8
 1950 0023 00       		.byte	0
 1951 0024 00       		.byte	0
 1952 0025 04       		.uleb128 0x4
 1953 0026 16       		.uleb128 0x16
 1954 0027 00       		.byte	0
 1955 0028 03       		.uleb128 0x3
 1956 0029 0E       		.uleb128 0xe
 1957 002a 3A       		.uleb128 0x3a
 1958 002b 0B       		.uleb128 0xb
 1959 002c 3B       		.uleb128 0x3b
 1960 002d 05       		.uleb128 0x5
 1961 002e 49       		.uleb128 0x49
 1962 002f 13       		.uleb128 0x13
 1963 0030 00       		.byte	0
 1964 0031 00       		.byte	0
 1965 0032 05       		.uleb128 0x5
 1966 0033 01       		.uleb128 0x1
 1967 0034 01       		.byte	0x1
 1968 0035 49       		.uleb128 0x49
 1969 0036 13       		.uleb128 0x13
 1970 0037 01       		.uleb128 0x1
 1971 0038 13       		.uleb128 0x13
 1972 0039 00       		.byte	0
 1973 003a 00       		.byte	0
 1974 003b 06       		.uleb128 0x6
 1975 003c 21       		.uleb128 0x21
 1976 003d 00       		.byte	0
 1977 003e 49       		.uleb128 0x49
 1978 003f 13       		.uleb128 0x13
 1979 0040 2F       		.uleb128 0x2f
 1980 0041 05       		.uleb128 0x5
 1981 0042 00       		.byte	0
 1982 0043 00       		.byte	0
 1983 0044 07       		.uleb128 0x7
 1984 0045 34       		.uleb128 0x34
 1985 0046 00       		.byte	0
 1986 0047 03       		.uleb128 0x3
 1987 0048 0E       		.uleb128 0xe
 1988 0049 3A       		.uleb128 0x3a
 1989 004a 0B       		.uleb128 0xb
 1990 004b 3B       		.uleb128 0x3b
 1991 004c 0B       		.uleb128 0xb
ARM GAS  C:\Users\DGILLI~1\AppData\Local\Temp\ccgMCGgq.s 			page 36


 1992 004d 49       		.uleb128 0x49
 1993 004e 13       		.uleb128 0x13
 1994 004f 3F       		.uleb128 0x3f
 1995 0050 19       		.uleb128 0x19
 1996 0051 02       		.uleb128 0x2
 1997 0052 18       		.uleb128 0x18
 1998 0053 00       		.byte	0
 1999 0054 00       		.byte	0
 2000 0055 08       		.uleb128 0x8
 2001 0056 26       		.uleb128 0x26
 2002 0057 00       		.byte	0
 2003 0058 49       		.uleb128 0x49
 2004 0059 13       		.uleb128 0x13
 2005 005a 00       		.byte	0
 2006 005b 00       		.byte	0
 2007 005c 09       		.uleb128 0x9
 2008 005d 21       		.uleb128 0x21
 2009 005e 00       		.byte	0
 2010 005f 49       		.uleb128 0x49
 2011 0060 13       		.uleb128 0x13
 2012 0061 2F       		.uleb128 0x2f
 2013 0062 0B       		.uleb128 0xb
 2014 0063 00       		.byte	0
 2015 0064 00       		.byte	0
 2016 0065 0A       		.uleb128 0xa
 2017 0066 34       		.uleb128 0x34
 2018 0067 00       		.byte	0
 2019 0068 03       		.uleb128 0x3
 2020 0069 0E       		.uleb128 0xe
 2021 006a 3A       		.uleb128 0x3a
 2022 006b 0B       		.uleb128 0xb
 2023 006c 3B       		.uleb128 0x3b
 2024 006d 05       		.uleb128 0x5
 2025 006e 49       		.uleb128 0x49
 2026 006f 13       		.uleb128 0x13
 2027 0070 3F       		.uleb128 0x3f
 2028 0071 19       		.uleb128 0x19
 2029 0072 02       		.uleb128 0x2
 2030 0073 18       		.uleb128 0x18
 2031 0074 00       		.byte	0
 2032 0075 00       		.byte	0
 2033 0076 00       		.byte	0
 2034              		.section	.debug_aranges,"",%progbits
 2035 0000 14000000 		.4byte	0x14
 2036 0004 0200     		.2byte	0x2
 2037 0006 00000000 		.4byte	.Ldebug_info0
 2038 000a 04       		.byte	0x4
 2039 000b 00       		.byte	0
 2040 000c 0000     		.2byte	0
 2041 000e 0000     		.2byte	0
 2042 0010 00000000 		.4byte	0
 2043 0014 00000000 		.4byte	0
 2044              		.section	.debug_line,"",%progbits
 2045              	.Ldebug_line0:
 2046 0000 4D000000 		.section	.debug_str,"MS",%progbits,1
 2046      02004700 
 2046      00000201 
ARM GAS  C:\Users\DGILLI~1\AppData\Local\Temp\ccgMCGgq.s 			page 37


 2046      FB0E0D00 
 2046      01010101 
 2047              	.LASF17:
 2048 0000 63795F6D 		.ascii	"cy_metadata\000"
 2048      65746164 
 2048      61746100 
 2049              	.LASF20:
 2050 000c 433A5C55 		.ascii	"C:\\Users\\DGilliland\\Documents\\GitHub\\ODAS\\ODA"
 2050      73657273 
 2050      5C444769 
 2050      6C6C696C 
 2050      616E645C 
 2051 0039 532D5053 		.ascii	"S-PSOC5\\Projects\\ODAS-PSOC5-I2CIO8-Serial-02.cyds"
 2051      4F43355C 
 2051      50726F6A 
 2051      65637473 
 2051      5C4F4441 
 2052 006a 6E00     		.ascii	"n\000"
 2053              	.LASF9:
 2054 006c 666C6F61 		.ascii	"float\000"
 2054      7400
 2055              	.LASF1:
 2056 0072 756E7369 		.ascii	"unsigned char\000"
 2056      676E6564 
 2056      20636861 
 2056      7200
 2057              	.LASF5:
 2058 0080 6C6F6E67 		.ascii	"long unsigned int\000"
 2058      20756E73 
 2058      69676E65 
 2058      6420696E 
 2058      7400
 2059              	.LASF3:
 2060 0092 73686F72 		.ascii	"short unsigned int\000"
 2060      7420756E 
 2060      7369676E 
 2060      65642069 
 2060      6E7400
 2061              	.LASF10:
 2062 00a5 646F7562 		.ascii	"double\000"
 2062      6C6500
 2063              	.LASF14:
 2064 00ac 63795F6D 		.ascii	"cy_meta_custnvl\000"
 2064      6574615F 
 2064      63757374 
 2064      6E766C00 
 2065              	.LASF13:
 2066 00bc 63795F6D 		.ascii	"cy_meta_configecc\000"
 2066      6574615F 
 2066      636F6E66 
 2066      69676563 
 2066      6300
 2067              	.LASF18:
 2068 00ce 474E5520 		.ascii	"GNU C 4.9.3 20150303 (release) [ARM/embedded-4_9-br"
 2068      4320342E 
 2068      392E3320 
 2068      32303135 
ARM GAS  C:\Users\DGILLI~1\AppData\Local\Temp\ccgMCGgq.s 			page 38


 2068      30333033 
 2069 0101 616E6368 		.ascii	"anch revision 221220] -mcpu=cortex-m3 -mthumb -g -O"
 2069      20726576 
 2069      6973696F 
 2069      6E203232 
 2069      31323230 
 2070 0134 67202D66 		.ascii	"g -ffunction-sections -ffat-lto-objects\000"
 2070      66756E63 
 2070      74696F6E 
 2070      2D736563 
 2070      74696F6E 
 2071              	.LASF8:
 2072 015c 756E7369 		.ascii	"unsigned int\000"
 2072      676E6564 
 2072      20696E74 
 2072      00
 2073              	.LASF7:
 2074 0169 6C6F6E67 		.ascii	"long long unsigned int\000"
 2074      206C6F6E 
 2074      6720756E 
 2074      7369676E 
 2074      65642069 
 2075              	.LASF16:
 2076 0180 63795F6D 		.ascii	"cy_meta_flashprotect\000"
 2076      6574615F 
 2076      666C6173 
 2076      6870726F 
 2076      74656374 
 2077              	.LASF15:
 2078 0195 63795F6D 		.ascii	"cy_meta_wonvl\000"
 2078      6574615F 
 2078      776F6E76 
 2078      6C00
 2079              	.LASF12:
 2080 01a3 73697A65 		.ascii	"sizetype\000"
 2080      74797065 
 2080      00
 2081              	.LASF6:
 2082 01ac 6C6F6E67 		.ascii	"long long int\000"
 2082      206C6F6E 
 2082      6720696E 
 2082      7400
 2083              	.LASF11:
 2084 01ba 63686172 		.ascii	"char\000"
 2084      00
 2085              	.LASF2:
 2086 01bf 73686F72 		.ascii	"short int\000"
 2086      7420696E 
 2086      7400
 2087              	.LASF21:
 2088 01c9 75696E74 		.ascii	"uint8\000"
 2088      3800
 2089              	.LASF4:
 2090 01cf 6C6F6E67 		.ascii	"long int\000"
 2090      20696E74 
 2090      00
 2091              	.LASF0:
ARM GAS  C:\Users\DGILLI~1\AppData\Local\Temp\ccgMCGgq.s 			page 39


 2092 01d8 7369676E 		.ascii	"signed char\000"
 2092      65642063 
 2092      68617200 
 2093              	.LASF19:
 2094 01e4 47656E65 		.ascii	"Generated_Source\\PSoC5\\cymetadata.c\000"
 2094      72617465 
 2094      645F536F 
 2094      75726365 
 2094      5C50536F 
 2095              		.ident	"GCC: (GNU Tools for ARM Embedded Processors) 4.9.3 20150303 (release) [ARM/embedded-4_9-br
