ARM GAS  C:\Users\DGILLI~1\AppData\Local\Temp\cclmcFyl.s 			page 1


   1              		.syntax unified
   2              		.cpu cortex-m3
   3              		.fpu softvfp
   4              		.eabi_attribute 20, 1
   5              		.eabi_attribute 21, 1
   6              		.eabi_attribute 23, 3
   7              		.eabi_attribute 24, 1
   8              		.eabi_attribute 25, 1
   9              		.eabi_attribute 26, 1
  10              		.eabi_attribute 30, 1
  11              		.eabi_attribute 34, 1
  12              		.eabi_attribute 18, 4
  13              		.thumb
  14              		.file	"DIGIO32Driver.c"
  15              		.text
  16              	.Ltext0:
  17              		.cfi_sections	.debug_frame
  18              		.section	.text.readRegisterDIGIO32Card,"ax",%progbits
  19              		.align	2
  20              		.global	readRegisterDIGIO32Card
  21              		.thumb
  22              		.thumb_func
  23              		.type	readRegisterDIGIO32Card, %function
  24              	readRegisterDIGIO32Card:
  25              	.LFB65:
  26              		.file 1 "DIGIO32Driver.c"
   1:DIGIO32Driver.c **** /* ========================================
   2:DIGIO32Driver.c ****  * DIGIO8Driver.c
   3:DIGIO32Driver.c ****  * Copyright Land Boards LLC, 2017
   4:DIGIO32Driver.c ****  * All Rights Reserved
   5:DIGIO32Driver.c ****  * UNPUBLISHED, LICENSED SOFTWARE.
   6:DIGIO32Driver.c ****  *
   7:DIGIO32Driver.c ****  * CONFIDENTIAL AND PROPRIETARY INFORMATION
   8:DIGIO32Driver.c ****  * WHICH IS THE PROPERTY OF Land Boards, LLC.
   9:DIGIO32Driver.c ****  *
  10:DIGIO32Driver.c ****  * ========================================
  11:DIGIO32Driver.c **** */
  12:DIGIO32Driver.c **** 
  13:DIGIO32Driver.c **** #include <project.h>
  14:DIGIO32Driver.c **** #include "DIGIO32Driver.h"
  15:DIGIO32Driver.c **** #include "SerialIO.h"
  16:DIGIO32Driver.c **** #include "stringConvs.h"
  17:DIGIO32Driver.c **** 
  18:DIGIO32Driver.c **** #define VERBOSEMODE
  19:DIGIO32Driver.c **** 
  20:DIGIO32Driver.c **** uint8 myWrBuffer[2];
  21:DIGIO32Driver.c **** 
  22:DIGIO32Driver.c **** //////////////////////////////////////////////////////////////////////////////
  23:DIGIO32Driver.c **** // initDIGIO32Cards(void) - 
  24:DIGIO32Driver.c **** //////////////////////////////////////////////////////////////////////////////
  25:DIGIO32Driver.c **** 
  26:DIGIO32Driver.c **** void initDIGIO32Cards(void)
  27:DIGIO32Driver.c **** {
  28:DIGIO32Driver.c ****     uint8 card;
  29:DIGIO32Driver.c ****     uint8 chip;
  30:DIGIO32Driver.c **** #ifdef VERBOSEMODE
  31:DIGIO32Driver.c ****     writeLine("initDIGIO32Cards() - reached function");
ARM GAS  C:\Users\DGILLI~1\AppData\Local\Temp\cclmcFyl.s 			page 2


  32:DIGIO32Driver.c **** #endif
  33:DIGIO32Driver.c ****     I2C_Start();    // Kick off the I2C interface
  34:DIGIO32Driver.c ****     for (card=0; card < NUMBER_OF_DIGIO32_CARDS; card++)
  35:DIGIO32Driver.c ****     {
  36:DIGIO32Driver.c ****         for (chip=0; chip < 2; chip++)      // Two MCP23017 chips per card
  37:DIGIO32Driver.c ****         {
  38:DIGIO32Driver.c ****             writeRegisterDIGIO32Card(card,chip,MCP23017_IOCONA_REGADR,MCP23017_IOCON_DEFVAL);
  39:DIGIO32Driver.c ****             writeRegisterDIGIO32Card(card,chip,MCP23017_IOCONB_REGADR,MCP23017_IOCON_DEFVAL);
  40:DIGIO32Driver.c ****             writeRegisterDIGIO32Card(card,chip,MCP23017_IODIRA_REGADR,MCP23017_IODIR_DEFVAL);
  41:DIGIO32Driver.c ****             writeRegisterDIGIO32Card(card,chip,MCP23017_IODIRB_REGADR,MCP23017_IODIR_DEFVAL);
  42:DIGIO32Driver.c ****             writeRegisterDIGIO32Card(card,chip,MCP23017_GPINTENA_REGADR,MCP23017_GPINTEN_DEFVAL);
  43:DIGIO32Driver.c ****             writeRegisterDIGIO32Card(card,chip,MCP23017_GPINTENB_REGADR,MCP23017_GPINTEN_DEFVAL);
  44:DIGIO32Driver.c ****             writeRegisterDIGIO32Card(card,chip,MCP23017_INTCONA_REGADR,MCP23017_INTCON_DEFVAL);
  45:DIGIO32Driver.c ****             writeRegisterDIGIO32Card(card,chip,MCP23017_INTCONB_REGADR,MCP23017_INTCON_DEFVAL);
  46:DIGIO32Driver.c ****             writeRegisterDIGIO32Card(card,chip,MCP23017_GPPUA_REGADR,MCP23017_GPPU_DEFVAL);
  47:DIGIO32Driver.c ****             writeRegisterDIGIO32Card(card,chip,MCP23017_GPPUB_REGADR,MCP23017_GPPU_DEFVAL);
  48:DIGIO32Driver.c ****             readRegisterDIGIO32Card(card,chip,MCP23017_INTCAPA_REGADR);
  49:DIGIO32Driver.c ****             readRegisterDIGIO32Card(card,chip,MCP23017_INTCAPB_REGADR);
  50:DIGIO32Driver.c ****         }
  51:DIGIO32Driver.c ****     }
  52:DIGIO32Driver.c **** #ifdef VERBOSEMODE
  53:DIGIO32Driver.c ****     writeLine("initDIGIO32Cards() - exiting function");
  54:DIGIO32Driver.c **** #endif
  55:DIGIO32Driver.c **** }
  56:DIGIO32Driver.c **** 
  57:DIGIO32Driver.c **** //////////////////////////////////////////////////////////////////////////////
  58:DIGIO32Driver.c **** // void setDIGIO32InOut(uint8 card, uint8 chip, uint8 a0b1, uint8 polarity) - 
  59:DIGIO32Driver.c **** //////////////////////////////////////////////////////////////////////////////
  60:DIGIO32Driver.c **** 
  61:DIGIO32Driver.c **** void setDIGIO32InOut(uint8 card, uint8 chip, uint8 a0b1, uint8 polarity)
  62:DIGIO32Driver.c **** {
  63:DIGIO32Driver.c ****     if (a0b1 == APORT)
  64:DIGIO32Driver.c ****         writeRegisterDIGIO32Card(card, chip, MCP23017_IODIRA_REGADR, polarity);
  65:DIGIO32Driver.c ****     else
  66:DIGIO32Driver.c ****         writeRegisterDIGIO32Card(card, chip, MCP23017_IODIRB_REGADR, polarity);
  67:DIGIO32Driver.c **** }
  68:DIGIO32Driver.c **** 
  69:DIGIO32Driver.c **** //////////////////////////////////////////////////////////////////////////////
  70:DIGIO32Driver.c **** // uint8 readRegisterDIGIO32Card(ctrlAdr) - 
  71:DIGIO32Driver.c **** //////////////////////////////////////////////////////////////////////////////
  72:DIGIO32Driver.c **** 
  73:DIGIO32Driver.c **** uint8 readRegisterDIGIO32Card(uint8 card, uint8 chip, uint8 ctrlAdr)
  74:DIGIO32Driver.c **** {
  27              		.loc 1 74 0
  28              		.cfi_startproc
  29              		@ args = 0, pretend = 0, frame = 0
  30              		@ frame_needed = 0, uses_anonymous_args = 0
  31              	.LVL0:
  32 0000 38B5     		push	{r3, r4, r5, lr}
  33              		.cfi_def_cfa_offset 16
  34              		.cfi_offset 3, -16
  35              		.cfi_offset 4, -12
  36              		.cfi_offset 5, -8
  37              		.cfi_offset 14, -4
  38 0002 1546     		mov	r5, r2
  75:DIGIO32Driver.c ****     uint8 rdBuff;
  76:DIGIO32Driver.c ****     uint8 i2cAddress = MCP23017BASE + ((card<<1) + chip);
ARM GAS  C:\Users\DGILLI~1\AppData\Local\Temp\cclmcFyl.s 			page 3


  39              		.loc 1 76 0
  40 0004 01EB4001 		add	r1, r1, r0, lsl #1
  41              	.LVL1:
  42 0008 01F12004 		add	r4, r1, #32
  43 000c E4B2     		uxtb	r4, r4
  44              	.LVL2:
  77:DIGIO32Driver.c ****     I2C_MasterClearStatus();
  45              		.loc 1 77 0
  46 000e FFF7FEFF 		bl	I2C_MasterClearStatus
  47              	.LVL3:
  78:DIGIO32Driver.c ****     I2C_MasterSendStart(i2cAddress,I2C_WRITE_XFER_MODE);
  48              		.loc 1 78 0
  49 0012 2046     		mov	r0, r4
  50 0014 0021     		movs	r1, #0
  51 0016 FFF7FEFF 		bl	I2C_MasterSendStart
  52              	.LVL4:
  79:DIGIO32Driver.c ****     I2C_MasterWriteByte(ctrlAdr);
  53              		.loc 1 79 0
  54 001a 2846     		mov	r0, r5
  55 001c FFF7FEFF 		bl	I2C_MasterWriteByte
  56              	.LVL5:
  80:DIGIO32Driver.c ****     I2C_MasterSendStop();
  57              		.loc 1 80 0
  58 0020 FFF7FEFF 		bl	I2C_MasterSendStop
  59              	.LVL6:
  81:DIGIO32Driver.c **** //    while ((I2C_MasterStatus() & I2C_MSTAT_WR_CMPLT) == 0);
  82:DIGIO32Driver.c ****     I2C_MasterSendStart(i2cAddress,I2C_READ_XFER_MODE);
  60              		.loc 1 82 0
  61 0024 2046     		mov	r0, r4
  62 0026 0121     		movs	r1, #1
  63 0028 FFF7FEFF 		bl	I2C_MasterSendStart
  64              	.LVL7:
  83:DIGIO32Driver.c ****     rdBuff = I2C_MasterReadByte(I2C_NAK_DATA);
  65              		.loc 1 83 0
  66 002c 0020     		movs	r0, #0
  67 002e FFF7FEFF 		bl	I2C_MasterReadByte
  68              	.LVL8:
  69 0032 0446     		mov	r4, r0
  70              	.LVL9:
  84:DIGIO32Driver.c ****     I2C_MasterSendStop();
  71              		.loc 1 84 0
  72 0034 FFF7FEFF 		bl	I2C_MasterSendStop
  73              	.LVL10:
  85:DIGIO32Driver.c **** //    while ((I2C_MasterStatus() & I2C_MSTAT_RD_CMPLT) == 0);
  86:DIGIO32Driver.c ****     I2C_MasterClearStatus();
  74              		.loc 1 86 0
  75 0038 FFF7FEFF 		bl	I2C_MasterClearStatus
  76              	.LVL11:
  87:DIGIO32Driver.c ****     return rdBuff;
  88:DIGIO32Driver.c **** }
  77              		.loc 1 88 0
  78 003c 2046     		mov	r0, r4
  79 003e 38BD     		pop	{r3, r4, r5, pc}
  80              		.cfi_endproc
  81              	.LFE65:
  82              		.size	readRegisterDIGIO32Card, .-readRegisterDIGIO32Card
  83              		.section	.text.writeRegisterDIGIO32Card,"ax",%progbits
ARM GAS  C:\Users\DGILLI~1\AppData\Local\Temp\cclmcFyl.s 			page 4


  84              		.align	2
  85              		.global	writeRegisterDIGIO32Card
  86              		.thumb
  87              		.thumb_func
  88              		.type	writeRegisterDIGIO32Card, %function
  89              	writeRegisterDIGIO32Card:
  90              	.LFB66:
  89:DIGIO32Driver.c **** 
  90:DIGIO32Driver.c **** //////////////////////////////////////////////////////////////////////////////
  91:DIGIO32Driver.c **** // writeRegisterDIGIO32Card(ctrlAdr, ctrlVal) - 
  92:DIGIO32Driver.c **** //////////////////////////////////////////////////////////////////////////////
  93:DIGIO32Driver.c **** 
  94:DIGIO32Driver.c **** void writeRegisterDIGIO32Card(uint8 card, uint8 chip, uint8 ctrlAdr, uint8 ctrlVal)
  95:DIGIO32Driver.c **** {
  91              		.loc 1 95 0
  92              		.cfi_startproc
  93              		@ args = 0, pretend = 0, frame = 0
  94              		@ frame_needed = 0, uses_anonymous_args = 0
  95              	.LVL12:
  96 0000 70B5     		push	{r4, r5, r6, lr}
  97              		.cfi_def_cfa_offset 16
  98              		.cfi_offset 4, -16
  99              		.cfi_offset 5, -12
 100              		.cfi_offset 6, -8
 101              		.cfi_offset 14, -4
 102 0002 1646     		mov	r6, r2
 103 0004 1D46     		mov	r5, r3
  96:DIGIO32Driver.c ****     uint8 i2cAddress = MCP23017BASE + ((card<<1) + chip);
 104              		.loc 1 96 0
 105 0006 01EB4001 		add	r1, r1, r0, lsl #1
 106              	.LVL13:
 107 000a 01F12004 		add	r4, r1, #32
 108 000e E4B2     		uxtb	r4, r4
 109              	.LVL14:
  97:DIGIO32Driver.c ****     I2C_MasterClearStatus();
 110              		.loc 1 97 0
 111 0010 FFF7FEFF 		bl	I2C_MasterClearStatus
 112              	.LVL15:
  98:DIGIO32Driver.c ****     myWrBuffer[0] = ctrlAdr;
 113              		.loc 1 98 0
 114 0014 0749     		ldr	r1, .L6
 115 0016 0E70     		strb	r6, [r1]
  99:DIGIO32Driver.c ****     myWrBuffer[1] = ctrlVal;
 116              		.loc 1 99 0
 117 0018 4D70     		strb	r5, [r1, #1]
 100:DIGIO32Driver.c ****     I2C_MasterWriteBuf(i2cAddress, myWrBuffer, 2, I2C_MODE_COMPLETE_XFER);
 118              		.loc 1 100 0
 119 001a 2046     		mov	r0, r4
 120 001c 0222     		movs	r2, #2
 121 001e 0023     		movs	r3, #0
 122 0020 FFF7FEFF 		bl	I2C_MasterWriteBuf
 123              	.LVL16:
 124              	.L4:
 101:DIGIO32Driver.c ****     while (0u == (I2C_MasterStatus() & I2C_MSTAT_WR_CMPLT));
 125              		.loc 1 101 0 discriminator 1
 126 0024 FFF7FEFF 		bl	I2C_MasterStatus
 127              	.LVL17:
ARM GAS  C:\Users\DGILLI~1\AppData\Local\Temp\cclmcFyl.s 			page 5


 128 0028 10F0020F 		tst	r0, #2
 129 002c FAD0     		beq	.L4
 102:DIGIO32Driver.c ****     I2C_MasterClearStatus();
 130              		.loc 1 102 0
 131 002e FFF7FEFF 		bl	I2C_MasterClearStatus
 132              	.LVL18:
 133 0032 70BD     		pop	{r4, r5, r6, pc}
 134              	.LVL19:
 135              	.L7:
 136              		.align	2
 137              	.L6:
 138 0034 00000000 		.word	myWrBuffer
 139              		.cfi_endproc
 140              	.LFE66:
 141              		.size	writeRegisterDIGIO32Card, .-writeRegisterDIGIO32Card
 142              		.section	.text.initDIGIO32Cards,"ax",%progbits
 143              		.align	2
 144              		.global	initDIGIO32Cards
 145              		.thumb
 146              		.thumb_func
 147              		.type	initDIGIO32Cards, %function
 148              	initDIGIO32Cards:
 149              	.LFB63:
  27:DIGIO32Driver.c ****     uint8 card;
 150              		.loc 1 27 0
 151              		.cfi_startproc
 152              		@ args = 0, pretend = 0, frame = 0
 153              		@ frame_needed = 0, uses_anonymous_args = 0
 154 0000 38B5     		push	{r3, r4, r5, lr}
 155              		.cfi_def_cfa_offset 16
 156              		.cfi_offset 3, -16
 157              		.cfi_offset 4, -12
 158              		.cfi_offset 5, -8
 159              		.cfi_offset 14, -4
  31:DIGIO32Driver.c **** #endif
 160              		.loc 1 31 0
 161 0002 2D48     		ldr	r0, .L14
 162 0004 FFF7FEFF 		bl	writeLine
 163              	.LVL20:
  33:DIGIO32Driver.c ****     for (card=0; card < NUMBER_OF_DIGIO32_CARDS; card++)
 164              		.loc 1 33 0
 165 0008 FFF7FEFF 		bl	I2C_Start
 166              	.LVL21:
  34:DIGIO32Driver.c ****     {
 167              		.loc 1 34 0
 168 000c 0025     		movs	r5, #0
 169 000e 4DE0     		b	.L9
 170              	.LVL22:
 171              	.L10:
  38:DIGIO32Driver.c ****             writeRegisterDIGIO32Card(card,chip,MCP23017_IOCONB_REGADR,MCP23017_IOCON_DEFVAL);
 172              		.loc 1 38 0 discriminator 3
 173 0010 2846     		mov	r0, r5
 174 0012 2146     		mov	r1, r4
 175 0014 0A22     		movs	r2, #10
 176 0016 0023     		movs	r3, #0
 177 0018 FFF7FEFF 		bl	writeRegisterDIGIO32Card
 178              	.LVL23:
ARM GAS  C:\Users\DGILLI~1\AppData\Local\Temp\cclmcFyl.s 			page 6


  39:DIGIO32Driver.c ****             writeRegisterDIGIO32Card(card,chip,MCP23017_IODIRA_REGADR,MCP23017_IODIR_DEFVAL);
 179              		.loc 1 39 0 discriminator 3
 180 001c 2846     		mov	r0, r5
 181 001e 2146     		mov	r1, r4
 182 0020 0B22     		movs	r2, #11
 183 0022 0023     		movs	r3, #0
 184 0024 FFF7FEFF 		bl	writeRegisterDIGIO32Card
 185              	.LVL24:
  40:DIGIO32Driver.c ****             writeRegisterDIGIO32Card(card,chip,MCP23017_IODIRB_REGADR,MCP23017_IODIR_DEFVAL);
 186              		.loc 1 40 0 discriminator 3
 187 0028 2846     		mov	r0, r5
 188 002a 2146     		mov	r1, r4
 189 002c 0022     		movs	r2, #0
 190 002e 1346     		mov	r3, r2
 191 0030 FFF7FEFF 		bl	writeRegisterDIGIO32Card
 192              	.LVL25:
  41:DIGIO32Driver.c ****             writeRegisterDIGIO32Card(card,chip,MCP23017_GPINTENA_REGADR,MCP23017_GPINTEN_DEFVAL);
 193              		.loc 1 41 0 discriminator 3
 194 0034 2846     		mov	r0, r5
 195 0036 2146     		mov	r1, r4
 196 0038 0122     		movs	r2, #1
 197 003a 0023     		movs	r3, #0
 198 003c FFF7FEFF 		bl	writeRegisterDIGIO32Card
 199              	.LVL26:
  42:DIGIO32Driver.c ****             writeRegisterDIGIO32Card(card,chip,MCP23017_GPINTENB_REGADR,MCP23017_GPINTEN_DEFVAL);
 200              		.loc 1 42 0 discriminator 3
 201 0040 2846     		mov	r0, r5
 202 0042 2146     		mov	r1, r4
 203 0044 0422     		movs	r2, #4
 204 0046 0023     		movs	r3, #0
 205 0048 FFF7FEFF 		bl	writeRegisterDIGIO32Card
 206              	.LVL27:
  43:DIGIO32Driver.c ****             writeRegisterDIGIO32Card(card,chip,MCP23017_INTCONA_REGADR,MCP23017_INTCON_DEFVAL);
 207              		.loc 1 43 0 discriminator 3
 208 004c 2846     		mov	r0, r5
 209 004e 2146     		mov	r1, r4
 210 0050 0522     		movs	r2, #5
 211 0052 0023     		movs	r3, #0
 212 0054 FFF7FEFF 		bl	writeRegisterDIGIO32Card
 213              	.LVL28:
  44:DIGIO32Driver.c ****             writeRegisterDIGIO32Card(card,chip,MCP23017_INTCONB_REGADR,MCP23017_INTCON_DEFVAL);
 214              		.loc 1 44 0 discriminator 3
 215 0058 2846     		mov	r0, r5
 216 005a 2146     		mov	r1, r4
 217 005c 0822     		movs	r2, #8
 218 005e 0023     		movs	r3, #0
 219 0060 FFF7FEFF 		bl	writeRegisterDIGIO32Card
 220              	.LVL29:
  45:DIGIO32Driver.c ****             writeRegisterDIGIO32Card(card,chip,MCP23017_GPPUA_REGADR,MCP23017_GPPU_DEFVAL);
 221              		.loc 1 45 0 discriminator 3
 222 0064 2846     		mov	r0, r5
 223 0066 2146     		mov	r1, r4
 224 0068 0922     		movs	r2, #9
 225 006a 0023     		movs	r3, #0
 226 006c FFF7FEFF 		bl	writeRegisterDIGIO32Card
 227              	.LVL30:
  46:DIGIO32Driver.c ****             writeRegisterDIGIO32Card(card,chip,MCP23017_GPPUB_REGADR,MCP23017_GPPU_DEFVAL);
ARM GAS  C:\Users\DGILLI~1\AppData\Local\Temp\cclmcFyl.s 			page 7


 228              		.loc 1 46 0 discriminator 3
 229 0070 2846     		mov	r0, r5
 230 0072 2146     		mov	r1, r4
 231 0074 0C22     		movs	r2, #12
 232 0076 F023     		movs	r3, #240
 233 0078 FFF7FEFF 		bl	writeRegisterDIGIO32Card
 234              	.LVL31:
  47:DIGIO32Driver.c ****             readRegisterDIGIO32Card(card,chip,MCP23017_INTCAPA_REGADR);
 235              		.loc 1 47 0 discriminator 3
 236 007c 2846     		mov	r0, r5
 237 007e 2146     		mov	r1, r4
 238 0080 0D22     		movs	r2, #13
 239 0082 F023     		movs	r3, #240
 240 0084 FFF7FEFF 		bl	writeRegisterDIGIO32Card
 241              	.LVL32:
  48:DIGIO32Driver.c ****             readRegisterDIGIO32Card(card,chip,MCP23017_INTCAPB_REGADR);
 242              		.loc 1 48 0 discriminator 3
 243 0088 2846     		mov	r0, r5
 244 008a 2146     		mov	r1, r4
 245 008c 1022     		movs	r2, #16
 246 008e FFF7FEFF 		bl	readRegisterDIGIO32Card
 247              	.LVL33:
  49:DIGIO32Driver.c ****         }
 248              		.loc 1 49 0 discriminator 3
 249 0092 2846     		mov	r0, r5
 250 0094 2146     		mov	r1, r4
 251 0096 1122     		movs	r2, #17
 252 0098 FFF7FEFF 		bl	readRegisterDIGIO32Card
 253              	.LVL34:
  36:DIGIO32Driver.c ****         {
 254              		.loc 1 36 0 discriminator 3
 255 009c 0134     		adds	r4, r4, #1
 256              	.LVL35:
 257 009e E4B2     		uxtb	r4, r4
 258              	.LVL36:
 259 00a0 00E0     		b	.L11
 260              	.LVL37:
 261              	.L12:
 262 00a2 0024     		movs	r4, #0
 263              	.L11:
 264              	.LVL38:
  36:DIGIO32Driver.c ****         {
 265              		.loc 1 36 0 is_stmt 0 discriminator 1
 266 00a4 012C     		cmp	r4, #1
 267 00a6 B3D9     		bls	.L10
  34:DIGIO32Driver.c ****     {
 268              		.loc 1 34 0 is_stmt 1 discriminator 2
 269 00a8 0135     		adds	r5, r5, #1
 270              	.LVL39:
 271 00aa EDB2     		uxtb	r5, r5
 272              	.LVL40:
 273              	.L9:
  34:DIGIO32Driver.c ****     {
 274              		.loc 1 34 0 is_stmt 0 discriminator 1
 275 00ac 022D     		cmp	r5, #2
 276 00ae F8D9     		bls	.L12
  53:DIGIO32Driver.c **** #endif
ARM GAS  C:\Users\DGILLI~1\AppData\Local\Temp\cclmcFyl.s 			page 8


 277              		.loc 1 53 0 is_stmt 1
 278 00b0 0248     		ldr	r0, .L14+4
 279 00b2 FFF7FEFF 		bl	writeLine
 280              	.LVL41:
 281 00b6 38BD     		pop	{r3, r4, r5, pc}
 282              	.LVL42:
 283              	.L15:
 284              		.align	2
 285              	.L14:
 286 00b8 00000000 		.word	.LC0
 287 00bc 28000000 		.word	.LC1
 288              		.cfi_endproc
 289              	.LFE63:
 290              		.size	initDIGIO32Cards, .-initDIGIO32Cards
 291              		.section	.text.setDIGIO32InOut,"ax",%progbits
 292              		.align	2
 293              		.global	setDIGIO32InOut
 294              		.thumb
 295              		.thumb_func
 296              		.type	setDIGIO32InOut, %function
 297              	setDIGIO32InOut:
 298              	.LFB64:
  62:DIGIO32Driver.c ****     if (a0b1 == APORT)
 299              		.loc 1 62 0
 300              		.cfi_startproc
 301              		@ args = 0, pretend = 0, frame = 0
 302              		@ frame_needed = 0, uses_anonymous_args = 0
 303              	.LVL43:
 304 0000 08B5     		push	{r3, lr}
 305              		.cfi_def_cfa_offset 8
 306              		.cfi_offset 3, -8
 307              		.cfi_offset 14, -4
  63:DIGIO32Driver.c ****         writeRegisterDIGIO32Card(card, chip, MCP23017_IODIRA_REGADR, polarity);
 308              		.loc 1 63 0
 309 0002 12B9     		cbnz	r2, .L17
  64:DIGIO32Driver.c ****     else
 310              		.loc 1 64 0
 311 0004 FFF7FEFF 		bl	writeRegisterDIGIO32Card
 312              	.LVL44:
 313 0008 08BD     		pop	{r3, pc}
 314              	.LVL45:
 315              	.L17:
  66:DIGIO32Driver.c **** }
 316              		.loc 1 66 0
 317 000a 0122     		movs	r2, #1
 318              	.LVL46:
 319 000c FFF7FEFF 		bl	writeRegisterDIGIO32Card
 320              	.LVL47:
 321 0010 08BD     		pop	{r3, pc}
 322              		.cfi_endproc
 323              	.LFE64:
 324              		.size	setDIGIO32InOut, .-setDIGIO32InOut
 325 0012 00BF     		.section	.text.readDIGIO32Card,"ax",%progbits
 326              		.align	2
 327              		.global	readDIGIO32Card
 328              		.thumb
 329              		.thumb_func
ARM GAS  C:\Users\DGILLI~1\AppData\Local\Temp\cclmcFyl.s 			page 9


 330              		.type	readDIGIO32Card, %function
 331              	readDIGIO32Card:
 332              	.LFB67:
 103:DIGIO32Driver.c **** }
 104:DIGIO32Driver.c **** 
 105:DIGIO32Driver.c **** //////////////////////////////////////////////////////////////////////////////
 106:DIGIO32Driver.c **** // readDIGIO32Card(void)
 107:DIGIO32Driver.c **** //////////////////////////////////////////////////////////////////////////////
 108:DIGIO32Driver.c **** 
 109:DIGIO32Driver.c **** uint8 readDIGIO32Card(uint8 card, uint8 chip, uint8 a0b1)
 110:DIGIO32Driver.c **** {
 333              		.loc 1 110 0
 334              		.cfi_startproc
 335              		@ args = 0, pretend = 0, frame = 0
 336              		@ frame_needed = 0, uses_anonymous_args = 0
 337              	.LVL48:
 338 0000 08B5     		push	{r3, lr}
 339              		.cfi_def_cfa_offset 8
 340              		.cfi_offset 3, -8
 341              		.cfi_offset 14, -4
 111:DIGIO32Driver.c ****     uint8 rdBuff;
 112:DIGIO32Driver.c ****     if (a0b1 ==0)
 342              		.loc 1 112 0
 343 0002 1AB9     		cbnz	r2, .L21
 113:DIGIO32Driver.c ****         rdBuff = readRegisterDIGIO32Card(card,chip,MCP23017_GPIOA_REGADR);
 344              		.loc 1 113 0
 345 0004 1222     		movs	r2, #18
 346              	.LVL49:
 347 0006 FFF7FEFF 		bl	readRegisterDIGIO32Card
 348              	.LVL50:
 349 000a 02E0     		b	.L22
 350              	.LVL51:
 351              	.L21:
 114:DIGIO32Driver.c ****     else
 115:DIGIO32Driver.c ****         rdBuff = readRegisterDIGIO32Card(card,chip,MCP23017_GPIOB_REGADR);
 352              		.loc 1 115 0
 353 000c 1322     		movs	r2, #19
 354              	.LVL52:
 355 000e FFF7FEFF 		bl	readRegisterDIGIO32Card
 356              	.LVL53:
 357              	.L22:
 116:DIGIO32Driver.c ****     return rdBuff>>4;
 117:DIGIO32Driver.c **** }
 358              		.loc 1 117 0
 359 0012 C0F30710 		ubfx	r0, r0, #4, #8
 360              	.LVL54:
 361 0016 08BD     		pop	{r3, pc}
 362              		.cfi_endproc
 363              	.LFE67:
 364              		.size	readDIGIO32Card, .-readDIGIO32Card
 365              		.section	.text.writeDIGIO32Card,"ax",%progbits
 366              		.align	2
 367              		.global	writeDIGIO32Card
 368              		.thumb
 369              		.thumb_func
 370              		.type	writeDIGIO32Card, %function
 371              	writeDIGIO32Card:
ARM GAS  C:\Users\DGILLI~1\AppData\Local\Temp\cclmcFyl.s 			page 10


 372              	.LFB68:
 118:DIGIO32Driver.c **** 
 119:DIGIO32Driver.c **** //////////////////////////////////////////////////////////////////////////////
 120:DIGIO32Driver.c **** // writeDIGIO32Card(uint8_t outData) - 
 121:DIGIO32Driver.c **** //////////////////////////////////////////////////////////////////////////////
 122:DIGIO32Driver.c **** 
 123:DIGIO32Driver.c **** void writeDIGIO32Card(uint8 card, uint8 chip, uint8 a0b1, uint8 outData)
 124:DIGIO32Driver.c **** {
 373              		.loc 1 124 0
 374              		.cfi_startproc
 375              		@ args = 0, pretend = 0, frame = 0
 376              		@ frame_needed = 0, uses_anonymous_args = 0
 377              	.LVL55:
 378 0000 08B5     		push	{r3, lr}
 379              		.cfi_def_cfa_offset 8
 380              		.cfi_offset 3, -8
 381              		.cfi_offset 14, -4
 125:DIGIO32Driver.c ****     if (a0b1 ==0)
 382              		.loc 1 125 0
 383 0002 1AB9     		cbnz	r2, .L25
 126:DIGIO32Driver.c ****          writeRegisterDIGIO32Card(card,chip,MCP23017_OLATA_REGADR,outData);
 384              		.loc 1 126 0
 385 0004 1422     		movs	r2, #20
 386              	.LVL56:
 387 0006 FFF7FEFF 		bl	writeRegisterDIGIO32Card
 388              	.LVL57:
 389 000a 08BD     		pop	{r3, pc}
 390              	.LVL58:
 391              	.L25:
 127:DIGIO32Driver.c ****     else
 128:DIGIO32Driver.c ****          writeRegisterDIGIO32Card(card,chip,MCP23017_OLATB_REGADR,outData);
 392              		.loc 1 128 0
 393 000c 1522     		movs	r2, #21
 394              	.LVL59:
 395 000e FFF7FEFF 		bl	writeRegisterDIGIO32Card
 396              	.LVL60:
 397 0012 08BD     		pop	{r3, pc}
 398              		.cfi_endproc
 399              	.LFE68:
 400              		.size	writeDIGIO32Card, .-writeDIGIO32Card
 401              		.comm	myWrBuffer,2,4
 402              		.section	.rodata.str1.4,"aMS",%progbits,1
 403              		.align	2
 404              	.LC0:
 405 0000 696E6974 		.ascii	"initDIGIO32Cards() - reached function\000"
 405      44494749 
 405      4F333243 
 405      61726473 
 405      2829202D 
 406 0026 0000     		.space	2
 407              	.LC1:
 408 0028 696E6974 		.ascii	"initDIGIO32Cards() - exiting function\000"
 408      44494749 
 408      4F333243 
 408      61726473 
 408      2829202D 
 409 004e 0000     		.text
ARM GAS  C:\Users\DGILLI~1\AppData\Local\Temp\cclmcFyl.s 			page 11


 410              	.Letext0:
 411              		.file 2 "c:\\program files (x86)\\cypress\\psoc creator\\4.0\\psoc creator\\import\\gnu\\arm\\4.9.
 412              		.file 3 "c:\\program files (x86)\\cypress\\psoc creator\\4.0\\psoc creator\\import\\gnu\\arm\\4.9.
 413              		.file 4 "Generated_Source\\PSoC5/cytypes.h"
 414              		.file 5 "Generated_Source\\PSoC5/core_cm3.h"
 415              		.file 6 "Generated_Source\\PSoC5/I2C.h"
 416              		.file 7 "DIGIO32Driver.h"
 417              		.file 8 "SerialIO.h"
 418              		.section	.debug_info,"",%progbits
 419              	.Ldebug_info0:
 420 0000 86060000 		.4byte	0x686
 421 0004 0400     		.2byte	0x4
 422 0006 00000000 		.4byte	.Ldebug_abbrev0
 423 000a 04       		.byte	0x4
 424 000b 01       		.uleb128 0x1
 425 000c 99010000 		.4byte	.LASF42
 426 0010 01       		.byte	0x1
 427 0011 89010000 		.4byte	.LASF43
 428 0015 91000000 		.4byte	.LASF44
 429 0019 00000000 		.4byte	.Ldebug_ranges0+0
 430 001d 00000000 		.4byte	0
 431 0021 00000000 		.4byte	.Ldebug_line0
 432 0025 02       		.uleb128 0x2
 433 0026 01       		.byte	0x1
 434 0027 06       		.byte	0x6
 435 0028 15030000 		.4byte	.LASF0
 436 002c 02       		.uleb128 0x2
 437 002d 01       		.byte	0x1
 438 002e 08       		.byte	0x8
 439 002f 08010000 		.4byte	.LASF1
 440 0033 02       		.uleb128 0x2
 441 0034 02       		.byte	0x2
 442 0035 05       		.byte	0x5
 443 0036 EA020000 		.4byte	.LASF2
 444 003a 02       		.uleb128 0x2
 445 003b 02       		.byte	0x2
 446 003c 07       		.byte	0x7
 447 003d 3B010000 		.4byte	.LASF3
 448 0041 03       		.uleb128 0x3
 449 0042 2F000000 		.4byte	.LASF9
 450 0046 02       		.byte	0x2
 451 0047 3F       		.byte	0x3f
 452 0048 4C000000 		.4byte	0x4c
 453 004c 02       		.uleb128 0x2
 454 004d 04       		.byte	0x4
 455 004e 05       		.byte	0x5
 456 004f 0C030000 		.4byte	.LASF4
 457 0053 02       		.uleb128 0x2
 458 0054 04       		.byte	0x4
 459 0055 07       		.byte	0x7
 460 0056 29010000 		.4byte	.LASF5
 461 005a 02       		.uleb128 0x2
 462 005b 08       		.byte	0x8
 463 005c 05       		.byte	0x5
 464 005d 00000000 		.4byte	.LASF6
 465 0061 02       		.uleb128 0x2
 466 0062 08       		.byte	0x8
ARM GAS  C:\Users\DGILLI~1\AppData\Local\Temp\cclmcFyl.s 			page 12


 467 0063 07       		.byte	0x7
 468 0064 34020000 		.4byte	.LASF7
 469 0068 04       		.uleb128 0x4
 470 0069 04       		.byte	0x4
 471 006a 05       		.byte	0x5
 472 006b 696E7400 		.ascii	"int\000"
 473 006f 02       		.uleb128 0x2
 474 0070 04       		.byte	0x4
 475 0071 07       		.byte	0x7
 476 0072 27020000 		.4byte	.LASF8
 477 0076 03       		.uleb128 0x3
 478 0077 7D020000 		.4byte	.LASF10
 479 007b 03       		.byte	0x3
 480 007c 2C       		.byte	0x2c
 481 007d 41000000 		.4byte	0x41
 482 0081 05       		.uleb128 0x5
 483 0082 72000000 		.4byte	.LASF11
 484 0086 04       		.byte	0x4
 485 0087 9201     		.2byte	0x192
 486 0089 2C000000 		.4byte	0x2c
 487 008d 02       		.uleb128 0x2
 488 008e 04       		.byte	0x4
 489 008f 04       		.byte	0x4
 490 0090 FC000000 		.4byte	.LASF12
 491 0094 02       		.uleb128 0x2
 492 0095 08       		.byte	0x8
 493 0096 04       		.byte	0x4
 494 0097 82010000 		.4byte	.LASF13
 495 009b 02       		.uleb128 0x2
 496 009c 01       		.byte	0x1
 497 009d 08       		.byte	0x8
 498 009e B7020000 		.4byte	.LASF14
 499 00a2 02       		.uleb128 0x2
 500 00a3 04       		.byte	0x4
 501 00a4 07       		.byte	0x7
 502 00a5 85020000 		.4byte	.LASF15
 503 00a9 06       		.uleb128 0x6
 504 00aa 04       		.byte	0x4
 505 00ab 9B000000 		.4byte	0x9b
 506 00af 07       		.uleb128 0x7
 507 00b0 4D000000 		.4byte	.LASF45
 508 00b4 01       		.byte	0x1
 509 00b5 07       		.byte	0x7
 510 00b6 17       		.byte	0x17
 511 00b7 C8000000 		.4byte	0xc8
 512 00bb 08       		.uleb128 0x8
 513 00bc 0E000000 		.4byte	.LASF16
 514 00c0 00       		.sleb128 0
 515 00c1 08       		.uleb128 0x8
 516 00c2 02010000 		.4byte	.LASF17
 517 00c6 01       		.sleb128 1
 518 00c7 00       		.byte	0
 519 00c8 09       		.uleb128 0x9
 520 00c9 8E020000 		.4byte	.LASF29
 521 00cd 01       		.byte	0x1
 522 00ce 49       		.byte	0x49
 523 00cf 81000000 		.4byte	0x81
ARM GAS  C:\Users\DGILLI~1\AppData\Local\Temp\cclmcFyl.s 			page 13


 524 00d3 00000000 		.4byte	.LFB65
 525 00d7 40000000 		.4byte	.LFE65-.LFB65
 526 00db 01       		.uleb128 0x1
 527 00dc 9C       		.byte	0x9c
 528 00dd A8010000 		.4byte	0x1a8
 529 00e1 0A       		.uleb128 0xa
 530 00e2 CD020000 		.4byte	.LASF18
 531 00e6 01       		.byte	0x1
 532 00e7 49       		.byte	0x49
 533 00e8 81000000 		.4byte	0x81
 534 00ec 00000000 		.4byte	.LLST0
 535 00f0 0A       		.uleb128 0xa
 536 00f1 82000000 		.4byte	.LASF19
 537 00f5 01       		.byte	0x1
 538 00f6 49       		.byte	0x49
 539 00f7 81000000 		.4byte	0x81
 540 00fb 21000000 		.4byte	.LLST1
 541 00ff 0A       		.uleb128 0xa
 542 0100 7A010000 		.4byte	.LASF20
 543 0104 01       		.byte	0x1
 544 0105 49       		.byte	0x49
 545 0106 81000000 		.4byte	0x81
 546 010a 42000000 		.4byte	.LLST2
 547 010e 0B       		.uleb128 0xb
 548 010f 05030000 		.4byte	.LASF21
 549 0113 01       		.byte	0x1
 550 0114 4B       		.byte	0x4b
 551 0115 81000000 		.4byte	0x81
 552 0119 01       		.uleb128 0x1
 553 011a 54       		.byte	0x54
 554 011b 0C       		.uleb128 0xc
 555 011c F1000000 		.4byte	.LASF22
 556 0120 01       		.byte	0x1
 557 0121 4C       		.byte	0x4c
 558 0122 81000000 		.4byte	0x81
 559 0126 63000000 		.4byte	.LLST3
 560 012a 0D       		.uleb128 0xd
 561 012b 12000000 		.4byte	.LVL3
 562 012f E2050000 		.4byte	0x5e2
 563 0133 0E       		.uleb128 0xe
 564 0134 1A000000 		.4byte	.LVL4
 565 0138 ED050000 		.4byte	0x5ed
 566 013c 4C010000 		.4byte	0x14c
 567 0140 0F       		.uleb128 0xf
 568 0141 01       		.uleb128 0x1
 569 0142 51       		.byte	0x51
 570 0143 01       		.uleb128 0x1
 571 0144 30       		.byte	0x30
 572 0145 0F       		.uleb128 0xf
 573 0146 01       		.uleb128 0x1
 574 0147 50       		.byte	0x50
 575 0148 02       		.uleb128 0x2
 576 0149 74       		.byte	0x74
 577 014a 00       		.sleb128 0
 578 014b 00       		.byte	0
 579 014c 0E       		.uleb128 0xe
 580 014d 20000000 		.4byte	.LVL5
ARM GAS  C:\Users\DGILLI~1\AppData\Local\Temp\cclmcFyl.s 			page 14


 581 0151 07060000 		.4byte	0x607
 582 0155 60010000 		.4byte	0x160
 583 0159 0F       		.uleb128 0xf
 584 015a 01       		.uleb128 0x1
 585 015b 50       		.byte	0x50
 586 015c 02       		.uleb128 0x2
 587 015d 75       		.byte	0x75
 588 015e 00       		.sleb128 0
 589 015f 00       		.byte	0
 590 0160 0D       		.uleb128 0xd
 591 0161 24000000 		.4byte	.LVL6
 592 0165 1C060000 		.4byte	0x61c
 593 0169 0E       		.uleb128 0xe
 594 016a 2C000000 		.4byte	.LVL7
 595 016e ED050000 		.4byte	0x5ed
 596 0172 82010000 		.4byte	0x182
 597 0176 0F       		.uleb128 0xf
 598 0177 01       		.uleb128 0x1
 599 0178 51       		.byte	0x51
 600 0179 01       		.uleb128 0x1
 601 017a 31       		.byte	0x31
 602 017b 0F       		.uleb128 0xf
 603 017c 01       		.uleb128 0x1
 604 017d 50       		.byte	0x50
 605 017e 02       		.uleb128 0x2
 606 017f 74       		.byte	0x74
 607 0180 00       		.sleb128 0
 608 0181 00       		.byte	0
 609 0182 0E       		.uleb128 0xe
 610 0183 32000000 		.4byte	.LVL8
 611 0187 27060000 		.4byte	0x627
 612 018b 95010000 		.4byte	0x195
 613 018f 0F       		.uleb128 0xf
 614 0190 01       		.uleb128 0x1
 615 0191 50       		.byte	0x50
 616 0192 01       		.uleb128 0x1
 617 0193 30       		.byte	0x30
 618 0194 00       		.byte	0
 619 0195 0D       		.uleb128 0xd
 620 0196 38000000 		.4byte	.LVL10
 621 019a 1C060000 		.4byte	0x61c
 622 019e 0D       		.uleb128 0xd
 623 019f 3C000000 		.4byte	.LVL11
 624 01a3 E2050000 		.4byte	0x5e2
 625 01a7 00       		.byte	0
 626 01a8 10       		.uleb128 0x10
 627 01a9 64020000 		.4byte	.LASF24
 628 01ad 01       		.byte	0x1
 629 01ae 5E       		.byte	0x5e
 630 01af 00000000 		.4byte	.LFB66
 631 01b3 38000000 		.4byte	.LFE66-.LFB66
 632 01b7 01       		.uleb128 0x1
 633 01b8 9C       		.byte	0x9c
 634 01b9 4B020000 		.4byte	0x24b
 635 01bd 0A       		.uleb128 0xa
 636 01be CD020000 		.4byte	.LASF18
 637 01c2 01       		.byte	0x1
ARM GAS  C:\Users\DGILLI~1\AppData\Local\Temp\cclmcFyl.s 			page 15


 638 01c3 5E       		.byte	0x5e
 639 01c4 81000000 		.4byte	0x81
 640 01c8 76000000 		.4byte	.LLST4
 641 01cc 0A       		.uleb128 0xa
 642 01cd 82000000 		.4byte	.LASF19
 643 01d1 01       		.byte	0x1
 644 01d2 5E       		.byte	0x5e
 645 01d3 81000000 		.4byte	0x81
 646 01d7 97000000 		.4byte	.LLST5
 647 01db 0A       		.uleb128 0xa
 648 01dc 7A010000 		.4byte	.LASF20
 649 01e0 01       		.byte	0x1
 650 01e1 5E       		.byte	0x5e
 651 01e2 81000000 		.4byte	0x81
 652 01e6 B8000000 		.4byte	.LLST6
 653 01ea 0A       		.uleb128 0xa
 654 01eb 27000000 		.4byte	.LASF23
 655 01ef 01       		.byte	0x1
 656 01f0 5E       		.byte	0x5e
 657 01f1 81000000 		.4byte	0x81
 658 01f5 D9000000 		.4byte	.LLST7
 659 01f9 0C       		.uleb128 0xc
 660 01fa F1000000 		.4byte	.LASF22
 661 01fe 01       		.byte	0x1
 662 01ff 60       		.byte	0x60
 663 0200 81000000 		.4byte	0x81
 664 0204 FA000000 		.4byte	.LLST8
 665 0208 0D       		.uleb128 0xd
 666 0209 14000000 		.4byte	.LVL15
 667 020d E2050000 		.4byte	0x5e2
 668 0211 0E       		.uleb128 0xe
 669 0212 24000000 		.4byte	.LVL16
 670 0216 3C060000 		.4byte	0x63c
 671 021a 38020000 		.4byte	0x238
 672 021e 0F       		.uleb128 0xf
 673 021f 01       		.uleb128 0x1
 674 0220 53       		.byte	0x53
 675 0221 01       		.uleb128 0x1
 676 0222 30       		.byte	0x30
 677 0223 0F       		.uleb128 0xf
 678 0224 01       		.uleb128 0x1
 679 0225 52       		.byte	0x52
 680 0226 01       		.uleb128 0x1
 681 0227 32       		.byte	0x32
 682 0228 0F       		.uleb128 0xf
 683 0229 01       		.uleb128 0x1
 684 022a 51       		.byte	0x51
 685 022b 05       		.uleb128 0x5
 686 022c 03       		.byte	0x3
 687 022d 00000000 		.4byte	myWrBuffer
 688 0231 0F       		.uleb128 0xf
 689 0232 01       		.uleb128 0x1
 690 0233 50       		.byte	0x50
 691 0234 02       		.uleb128 0x2
 692 0235 74       		.byte	0x74
 693 0236 00       		.sleb128 0
 694 0237 00       		.byte	0
ARM GAS  C:\Users\DGILLI~1\AppData\Local\Temp\cclmcFyl.s 			page 16


 695 0238 0D       		.uleb128 0xd
 696 0239 28000000 		.4byte	.LVL17
 697 023d 66060000 		.4byte	0x666
 698 0241 0D       		.uleb128 0xd
 699 0242 32000000 		.4byte	.LVL18
 700 0246 E2050000 		.4byte	0x5e2
 701 024a 00       		.byte	0
 702 024b 10       		.uleb128 0x10
 703 024c A6020000 		.4byte	.LASF25
 704 0250 01       		.byte	0x1
 705 0251 1A       		.byte	0x1a
 706 0252 00000000 		.4byte	.LFB63
 707 0256 C0000000 		.4byte	.LFE63-.LFB63
 708 025a 01       		.uleb128 0x1
 709 025b 9C       		.byte	0x9c
 710 025c 5A040000 		.4byte	0x45a
 711 0260 0C       		.uleb128 0xc
 712 0261 CD020000 		.4byte	.LASF18
 713 0265 01       		.byte	0x1
 714 0266 1C       		.byte	0x1c
 715 0267 81000000 		.4byte	0x81
 716 026b 0D010000 		.4byte	.LLST9
 717 026f 0C       		.uleb128 0xc
 718 0270 82000000 		.4byte	.LASF19
 719 0274 01       		.byte	0x1
 720 0275 1D       		.byte	0x1d
 721 0276 81000000 		.4byte	0x81
 722 027a 37010000 		.4byte	.LLST10
 723 027e 0E       		.uleb128 0xe
 724 027f 08000000 		.4byte	.LVL20
 725 0283 71060000 		.4byte	0x671
 726 0287 95020000 		.4byte	0x295
 727 028b 0F       		.uleb128 0xf
 728 028c 01       		.uleb128 0x1
 729 028d 50       		.byte	0x50
 730 028e 05       		.uleb128 0x5
 731 028f 03       		.byte	0x3
 732 0290 00000000 		.4byte	.LC0
 733 0294 00       		.byte	0
 734 0295 0D       		.uleb128 0xd
 735 0296 0C000000 		.4byte	.LVL21
 736 029a 82060000 		.4byte	0x682
 737 029e 0E       		.uleb128 0xe
 738 029f 1C000000 		.4byte	.LVL23
 739 02a3 A8010000 		.4byte	0x1a8
 740 02a7 C2020000 		.4byte	0x2c2
 741 02ab 0F       		.uleb128 0xf
 742 02ac 01       		.uleb128 0x1
 743 02ad 53       		.byte	0x53
 744 02ae 01       		.uleb128 0x1
 745 02af 30       		.byte	0x30
 746 02b0 0F       		.uleb128 0xf
 747 02b1 01       		.uleb128 0x1
 748 02b2 52       		.byte	0x52
 749 02b3 01       		.uleb128 0x1
 750 02b4 3A       		.byte	0x3a
 751 02b5 0F       		.uleb128 0xf
ARM GAS  C:\Users\DGILLI~1\AppData\Local\Temp\cclmcFyl.s 			page 17


 752 02b6 01       		.uleb128 0x1
 753 02b7 51       		.byte	0x51
 754 02b8 02       		.uleb128 0x2
 755 02b9 74       		.byte	0x74
 756 02ba 00       		.sleb128 0
 757 02bb 0F       		.uleb128 0xf
 758 02bc 01       		.uleb128 0x1
 759 02bd 50       		.byte	0x50
 760 02be 02       		.uleb128 0x2
 761 02bf 75       		.byte	0x75
 762 02c0 00       		.sleb128 0
 763 02c1 00       		.byte	0
 764 02c2 0E       		.uleb128 0xe
 765 02c3 28000000 		.4byte	.LVL24
 766 02c7 A8010000 		.4byte	0x1a8
 767 02cb E6020000 		.4byte	0x2e6
 768 02cf 0F       		.uleb128 0xf
 769 02d0 01       		.uleb128 0x1
 770 02d1 53       		.byte	0x53
 771 02d2 01       		.uleb128 0x1
 772 02d3 30       		.byte	0x30
 773 02d4 0F       		.uleb128 0xf
 774 02d5 01       		.uleb128 0x1
 775 02d6 52       		.byte	0x52
 776 02d7 01       		.uleb128 0x1
 777 02d8 3B       		.byte	0x3b
 778 02d9 0F       		.uleb128 0xf
 779 02da 01       		.uleb128 0x1
 780 02db 51       		.byte	0x51
 781 02dc 02       		.uleb128 0x2
 782 02dd 74       		.byte	0x74
 783 02de 00       		.sleb128 0
 784 02df 0F       		.uleb128 0xf
 785 02e0 01       		.uleb128 0x1
 786 02e1 50       		.byte	0x50
 787 02e2 02       		.uleb128 0x2
 788 02e3 75       		.byte	0x75
 789 02e4 00       		.sleb128 0
 790 02e5 00       		.byte	0
 791 02e6 0E       		.uleb128 0xe
 792 02e7 34000000 		.4byte	.LVL25
 793 02eb A8010000 		.4byte	0x1a8
 794 02ef 0A030000 		.4byte	0x30a
 795 02f3 0F       		.uleb128 0xf
 796 02f4 01       		.uleb128 0x1
 797 02f5 53       		.byte	0x53
 798 02f6 01       		.uleb128 0x1
 799 02f7 30       		.byte	0x30
 800 02f8 0F       		.uleb128 0xf
 801 02f9 01       		.uleb128 0x1
 802 02fa 52       		.byte	0x52
 803 02fb 01       		.uleb128 0x1
 804 02fc 30       		.byte	0x30
 805 02fd 0F       		.uleb128 0xf
 806 02fe 01       		.uleb128 0x1
 807 02ff 51       		.byte	0x51
 808 0300 02       		.uleb128 0x2
ARM GAS  C:\Users\DGILLI~1\AppData\Local\Temp\cclmcFyl.s 			page 18


 809 0301 74       		.byte	0x74
 810 0302 00       		.sleb128 0
 811 0303 0F       		.uleb128 0xf
 812 0304 01       		.uleb128 0x1
 813 0305 50       		.byte	0x50
 814 0306 02       		.uleb128 0x2
 815 0307 75       		.byte	0x75
 816 0308 00       		.sleb128 0
 817 0309 00       		.byte	0
 818 030a 0E       		.uleb128 0xe
 819 030b 40000000 		.4byte	.LVL26
 820 030f A8010000 		.4byte	0x1a8
 821 0313 2E030000 		.4byte	0x32e
 822 0317 0F       		.uleb128 0xf
 823 0318 01       		.uleb128 0x1
 824 0319 53       		.byte	0x53
 825 031a 01       		.uleb128 0x1
 826 031b 30       		.byte	0x30
 827 031c 0F       		.uleb128 0xf
 828 031d 01       		.uleb128 0x1
 829 031e 52       		.byte	0x52
 830 031f 01       		.uleb128 0x1
 831 0320 31       		.byte	0x31
 832 0321 0F       		.uleb128 0xf
 833 0322 01       		.uleb128 0x1
 834 0323 51       		.byte	0x51
 835 0324 02       		.uleb128 0x2
 836 0325 74       		.byte	0x74
 837 0326 00       		.sleb128 0
 838 0327 0F       		.uleb128 0xf
 839 0328 01       		.uleb128 0x1
 840 0329 50       		.byte	0x50
 841 032a 02       		.uleb128 0x2
 842 032b 75       		.byte	0x75
 843 032c 00       		.sleb128 0
 844 032d 00       		.byte	0
 845 032e 0E       		.uleb128 0xe
 846 032f 4C000000 		.4byte	.LVL27
 847 0333 A8010000 		.4byte	0x1a8
 848 0337 52030000 		.4byte	0x352
 849 033b 0F       		.uleb128 0xf
 850 033c 01       		.uleb128 0x1
 851 033d 53       		.byte	0x53
 852 033e 01       		.uleb128 0x1
 853 033f 30       		.byte	0x30
 854 0340 0F       		.uleb128 0xf
 855 0341 01       		.uleb128 0x1
 856 0342 52       		.byte	0x52
 857 0343 01       		.uleb128 0x1
 858 0344 34       		.byte	0x34
 859 0345 0F       		.uleb128 0xf
 860 0346 01       		.uleb128 0x1
 861 0347 51       		.byte	0x51
 862 0348 02       		.uleb128 0x2
 863 0349 74       		.byte	0x74
 864 034a 00       		.sleb128 0
 865 034b 0F       		.uleb128 0xf
ARM GAS  C:\Users\DGILLI~1\AppData\Local\Temp\cclmcFyl.s 			page 19


 866 034c 01       		.uleb128 0x1
 867 034d 50       		.byte	0x50
 868 034e 02       		.uleb128 0x2
 869 034f 75       		.byte	0x75
 870 0350 00       		.sleb128 0
 871 0351 00       		.byte	0
 872 0352 0E       		.uleb128 0xe
 873 0353 58000000 		.4byte	.LVL28
 874 0357 A8010000 		.4byte	0x1a8
 875 035b 76030000 		.4byte	0x376
 876 035f 0F       		.uleb128 0xf
 877 0360 01       		.uleb128 0x1
 878 0361 53       		.byte	0x53
 879 0362 01       		.uleb128 0x1
 880 0363 30       		.byte	0x30
 881 0364 0F       		.uleb128 0xf
 882 0365 01       		.uleb128 0x1
 883 0366 52       		.byte	0x52
 884 0367 01       		.uleb128 0x1
 885 0368 35       		.byte	0x35
 886 0369 0F       		.uleb128 0xf
 887 036a 01       		.uleb128 0x1
 888 036b 51       		.byte	0x51
 889 036c 02       		.uleb128 0x2
 890 036d 74       		.byte	0x74
 891 036e 00       		.sleb128 0
 892 036f 0F       		.uleb128 0xf
 893 0370 01       		.uleb128 0x1
 894 0371 50       		.byte	0x50
 895 0372 02       		.uleb128 0x2
 896 0373 75       		.byte	0x75
 897 0374 00       		.sleb128 0
 898 0375 00       		.byte	0
 899 0376 0E       		.uleb128 0xe
 900 0377 64000000 		.4byte	.LVL29
 901 037b A8010000 		.4byte	0x1a8
 902 037f 9A030000 		.4byte	0x39a
 903 0383 0F       		.uleb128 0xf
 904 0384 01       		.uleb128 0x1
 905 0385 53       		.byte	0x53
 906 0386 01       		.uleb128 0x1
 907 0387 30       		.byte	0x30
 908 0388 0F       		.uleb128 0xf
 909 0389 01       		.uleb128 0x1
 910 038a 52       		.byte	0x52
 911 038b 01       		.uleb128 0x1
 912 038c 38       		.byte	0x38
 913 038d 0F       		.uleb128 0xf
 914 038e 01       		.uleb128 0x1
 915 038f 51       		.byte	0x51
 916 0390 02       		.uleb128 0x2
 917 0391 74       		.byte	0x74
 918 0392 00       		.sleb128 0
 919 0393 0F       		.uleb128 0xf
 920 0394 01       		.uleb128 0x1
 921 0395 50       		.byte	0x50
 922 0396 02       		.uleb128 0x2
ARM GAS  C:\Users\DGILLI~1\AppData\Local\Temp\cclmcFyl.s 			page 20


 923 0397 75       		.byte	0x75
 924 0398 00       		.sleb128 0
 925 0399 00       		.byte	0
 926 039a 0E       		.uleb128 0xe
 927 039b 70000000 		.4byte	.LVL30
 928 039f A8010000 		.4byte	0x1a8
 929 03a3 BE030000 		.4byte	0x3be
 930 03a7 0F       		.uleb128 0xf
 931 03a8 01       		.uleb128 0x1
 932 03a9 53       		.byte	0x53
 933 03aa 01       		.uleb128 0x1
 934 03ab 30       		.byte	0x30
 935 03ac 0F       		.uleb128 0xf
 936 03ad 01       		.uleb128 0x1
 937 03ae 52       		.byte	0x52
 938 03af 01       		.uleb128 0x1
 939 03b0 39       		.byte	0x39
 940 03b1 0F       		.uleb128 0xf
 941 03b2 01       		.uleb128 0x1
 942 03b3 51       		.byte	0x51
 943 03b4 02       		.uleb128 0x2
 944 03b5 74       		.byte	0x74
 945 03b6 00       		.sleb128 0
 946 03b7 0F       		.uleb128 0xf
 947 03b8 01       		.uleb128 0x1
 948 03b9 50       		.byte	0x50
 949 03ba 02       		.uleb128 0x2
 950 03bb 75       		.byte	0x75
 951 03bc 00       		.sleb128 0
 952 03bd 00       		.byte	0
 953 03be 0E       		.uleb128 0xe
 954 03bf 7C000000 		.4byte	.LVL31
 955 03c3 A8010000 		.4byte	0x1a8
 956 03c7 E3030000 		.4byte	0x3e3
 957 03cb 0F       		.uleb128 0xf
 958 03cc 01       		.uleb128 0x1
 959 03cd 53       		.byte	0x53
 960 03ce 02       		.uleb128 0x2
 961 03cf 09       		.byte	0x9
 962 03d0 F0       		.byte	0xf0
 963 03d1 0F       		.uleb128 0xf
 964 03d2 01       		.uleb128 0x1
 965 03d3 52       		.byte	0x52
 966 03d4 01       		.uleb128 0x1
 967 03d5 3C       		.byte	0x3c
 968 03d6 0F       		.uleb128 0xf
 969 03d7 01       		.uleb128 0x1
 970 03d8 51       		.byte	0x51
 971 03d9 02       		.uleb128 0x2
 972 03da 74       		.byte	0x74
 973 03db 00       		.sleb128 0
 974 03dc 0F       		.uleb128 0xf
 975 03dd 01       		.uleb128 0x1
 976 03de 50       		.byte	0x50
 977 03df 02       		.uleb128 0x2
 978 03e0 75       		.byte	0x75
 979 03e1 00       		.sleb128 0
ARM GAS  C:\Users\DGILLI~1\AppData\Local\Temp\cclmcFyl.s 			page 21


 980 03e2 00       		.byte	0
 981 03e3 0E       		.uleb128 0xe
 982 03e4 88000000 		.4byte	.LVL32
 983 03e8 A8010000 		.4byte	0x1a8
 984 03ec 08040000 		.4byte	0x408
 985 03f0 0F       		.uleb128 0xf
 986 03f1 01       		.uleb128 0x1
 987 03f2 53       		.byte	0x53
 988 03f3 02       		.uleb128 0x2
 989 03f4 09       		.byte	0x9
 990 03f5 F0       		.byte	0xf0
 991 03f6 0F       		.uleb128 0xf
 992 03f7 01       		.uleb128 0x1
 993 03f8 52       		.byte	0x52
 994 03f9 01       		.uleb128 0x1
 995 03fa 3D       		.byte	0x3d
 996 03fb 0F       		.uleb128 0xf
 997 03fc 01       		.uleb128 0x1
 998 03fd 51       		.byte	0x51
 999 03fe 02       		.uleb128 0x2
 1000 03ff 74       		.byte	0x74
 1001 0400 00       		.sleb128 0
 1002 0401 0F       		.uleb128 0xf
 1003 0402 01       		.uleb128 0x1
 1004 0403 50       		.byte	0x50
 1005 0404 02       		.uleb128 0x2
 1006 0405 75       		.byte	0x75
 1007 0406 00       		.sleb128 0
 1008 0407 00       		.byte	0
 1009 0408 0E       		.uleb128 0xe
 1010 0409 92000000 		.4byte	.LVL33
 1011 040d C8000000 		.4byte	0xc8
 1012 0411 27040000 		.4byte	0x427
 1013 0415 0F       		.uleb128 0xf
 1014 0416 01       		.uleb128 0x1
 1015 0417 52       		.byte	0x52
 1016 0418 01       		.uleb128 0x1
 1017 0419 40       		.byte	0x40
 1018 041a 0F       		.uleb128 0xf
 1019 041b 01       		.uleb128 0x1
 1020 041c 51       		.byte	0x51
 1021 041d 02       		.uleb128 0x2
 1022 041e 74       		.byte	0x74
 1023 041f 00       		.sleb128 0
 1024 0420 0F       		.uleb128 0xf
 1025 0421 01       		.uleb128 0x1
 1026 0422 50       		.byte	0x50
 1027 0423 02       		.uleb128 0x2
 1028 0424 75       		.byte	0x75
 1029 0425 00       		.sleb128 0
 1030 0426 00       		.byte	0
 1031 0427 0E       		.uleb128 0xe
 1032 0428 9C000000 		.4byte	.LVL34
 1033 042c C8000000 		.4byte	0xc8
 1034 0430 46040000 		.4byte	0x446
 1035 0434 0F       		.uleb128 0xf
 1036 0435 01       		.uleb128 0x1
ARM GAS  C:\Users\DGILLI~1\AppData\Local\Temp\cclmcFyl.s 			page 22


 1037 0436 52       		.byte	0x52
 1038 0437 01       		.uleb128 0x1
 1039 0438 41       		.byte	0x41
 1040 0439 0F       		.uleb128 0xf
 1041 043a 01       		.uleb128 0x1
 1042 043b 51       		.byte	0x51
 1043 043c 02       		.uleb128 0x2
 1044 043d 74       		.byte	0x74
 1045 043e 00       		.sleb128 0
 1046 043f 0F       		.uleb128 0xf
 1047 0440 01       		.uleb128 0x1
 1048 0441 50       		.byte	0x50
 1049 0442 02       		.uleb128 0x2
 1050 0443 75       		.byte	0x75
 1051 0444 00       		.sleb128 0
 1052 0445 00       		.byte	0
 1053 0446 11       		.uleb128 0x11
 1054 0447 B6000000 		.4byte	.LVL41
 1055 044b 71060000 		.4byte	0x671
 1056 044f 0F       		.uleb128 0xf
 1057 0450 01       		.uleb128 0x1
 1058 0451 50       		.byte	0x50
 1059 0452 05       		.uleb128 0x5
 1060 0453 03       		.byte	0x3
 1061 0454 28000000 		.4byte	.LC1
 1062 0458 00       		.byte	0
 1063 0459 00       		.byte	0
 1064 045a 10       		.uleb128 0x10
 1065 045b 4B020000 		.4byte	.LASF26
 1066 045f 01       		.byte	0x1
 1067 0460 3D       		.byte	0x3d
 1068 0461 00000000 		.4byte	.LFB64
 1069 0465 12000000 		.4byte	.LFE64-.LFB64
 1070 0469 01       		.uleb128 0x1
 1071 046a 9C       		.byte	0x9c
 1072 046b C4040000 		.4byte	0x4c4
 1073 046f 0A       		.uleb128 0xa
 1074 0470 CD020000 		.4byte	.LASF18
 1075 0474 01       		.byte	0x1
 1076 0475 3D       		.byte	0x3d
 1077 0476 81000000 		.4byte	0x81
 1078 047a 60010000 		.4byte	.LLST11
 1079 047e 0A       		.uleb128 0xa
 1080 047f 82000000 		.4byte	.LASF19
 1081 0483 01       		.byte	0x1
 1082 0484 3D       		.byte	0x3d
 1083 0485 81000000 		.4byte	0x81
 1084 0489 9A010000 		.4byte	.LLST12
 1085 048d 0A       		.uleb128 0xa
 1086 048e D2020000 		.4byte	.LASF27
 1087 0492 01       		.byte	0x1
 1088 0493 3D       		.byte	0x3d
 1089 0494 81000000 		.4byte	0x81
 1090 0498 D4010000 		.4byte	.LLST13
 1091 049c 0A       		.uleb128 0xa
 1092 049d 5B020000 		.4byte	.LASF28
 1093 04a1 01       		.byte	0x1
ARM GAS  C:\Users\DGILLI~1\AppData\Local\Temp\cclmcFyl.s 			page 23


 1094 04a2 3D       		.byte	0x3d
 1095 04a3 81000000 		.4byte	0x81
 1096 04a7 0E020000 		.4byte	.LLST14
 1097 04ab 0D       		.uleb128 0xd
 1098 04ac 08000000 		.4byte	.LVL44
 1099 04b0 A8010000 		.4byte	0x1a8
 1100 04b4 11       		.uleb128 0x11
 1101 04b5 10000000 		.4byte	.LVL47
 1102 04b9 A8010000 		.4byte	0x1a8
 1103 04bd 0F       		.uleb128 0xf
 1104 04be 01       		.uleb128 0x1
 1105 04bf 52       		.byte	0x52
 1106 04c0 01       		.uleb128 0x1
 1107 04c1 31       		.byte	0x31
 1108 04c2 00       		.byte	0
 1109 04c3 00       		.byte	0
 1110 04c4 09       		.uleb128 0x9
 1111 04c5 21030000 		.4byte	.LASF30
 1112 04c9 01       		.byte	0x1
 1113 04ca 6D       		.byte	0x6d
 1114 04cb 81000000 		.4byte	0x81
 1115 04cf 00000000 		.4byte	.LFB67
 1116 04d3 18000000 		.4byte	.LFE67-.LFB67
 1117 04d7 01       		.uleb128 0x1
 1118 04d8 9C       		.byte	0x9c
 1119 04d9 3C050000 		.4byte	0x53c
 1120 04dd 0A       		.uleb128 0xa
 1121 04de CD020000 		.4byte	.LASF18
 1122 04e2 01       		.byte	0x1
 1123 04e3 6D       		.byte	0x6d
 1124 04e4 81000000 		.4byte	0x81
 1125 04e8 48020000 		.4byte	.LLST15
 1126 04ec 0A       		.uleb128 0xa
 1127 04ed 82000000 		.4byte	.LASF19
 1128 04f1 01       		.byte	0x1
 1129 04f2 6D       		.byte	0x6d
 1130 04f3 81000000 		.4byte	0x81
 1131 04f7 82020000 		.4byte	.LLST16
 1132 04fb 0A       		.uleb128 0xa
 1133 04fc D2020000 		.4byte	.LASF27
 1134 0500 01       		.byte	0x1
 1135 0501 6D       		.byte	0x6d
 1136 0502 81000000 		.4byte	0x81
 1137 0506 BC020000 		.4byte	.LLST17
 1138 050a 0C       		.uleb128 0xc
 1139 050b 05030000 		.4byte	.LASF21
 1140 050f 01       		.byte	0x1
 1141 0510 6F       		.byte	0x6f
 1142 0511 81000000 		.4byte	0x81
 1143 0515 F6020000 		.4byte	.LLST18
 1144 0519 0E       		.uleb128 0xe
 1145 051a 0A000000 		.4byte	.LVL50
 1146 051e C8000000 		.4byte	0xc8
 1147 0522 2C050000 		.4byte	0x52c
 1148 0526 0F       		.uleb128 0xf
 1149 0527 01       		.uleb128 0x1
 1150 0528 52       		.byte	0x52
ARM GAS  C:\Users\DGILLI~1\AppData\Local\Temp\cclmcFyl.s 			page 24


 1151 0529 01       		.uleb128 0x1
 1152 052a 42       		.byte	0x42
 1153 052b 00       		.byte	0
 1154 052c 11       		.uleb128 0x11
 1155 052d 12000000 		.4byte	.LVL53
 1156 0531 C8000000 		.4byte	0xc8
 1157 0535 0F       		.uleb128 0xf
 1158 0536 01       		.uleb128 0x1
 1159 0537 52       		.byte	0x52
 1160 0538 01       		.uleb128 0x1
 1161 0539 43       		.byte	0x43
 1162 053a 00       		.byte	0
 1163 053b 00       		.byte	0
 1164 053c 10       		.uleb128 0x10
 1165 053d F4020000 		.4byte	.LASF31
 1166 0541 01       		.byte	0x1
 1167 0542 7B       		.byte	0x7b
 1168 0543 00000000 		.4byte	.LFB68
 1169 0547 14000000 		.4byte	.LFE68-.LFB68
 1170 054b 01       		.uleb128 0x1
 1171 054c 9C       		.byte	0x9c
 1172 054d B0050000 		.4byte	0x5b0
 1173 0551 0A       		.uleb128 0xa
 1174 0552 CD020000 		.4byte	.LASF18
 1175 0556 01       		.byte	0x1
 1176 0557 7B       		.byte	0x7b
 1177 0558 81000000 		.4byte	0x81
 1178 055c 14030000 		.4byte	.LLST19
 1179 0560 0A       		.uleb128 0xa
 1180 0561 82000000 		.4byte	.LASF19
 1181 0565 01       		.byte	0x1
 1182 0566 7B       		.byte	0x7b
 1183 0567 81000000 		.4byte	0x81
 1184 056b 4E030000 		.4byte	.LLST20
 1185 056f 0A       		.uleb128 0xa
 1186 0570 D2020000 		.4byte	.LASF27
 1187 0574 01       		.byte	0x1
 1188 0575 7B       		.byte	0x7b
 1189 0576 81000000 		.4byte	0x81
 1190 057a 88030000 		.4byte	.LLST21
 1191 057e 0A       		.uleb128 0xa
 1192 057f 54000000 		.4byte	.LASF32
 1193 0583 01       		.byte	0x1
 1194 0584 7B       		.byte	0x7b
 1195 0585 81000000 		.4byte	0x81
 1196 0589 C2030000 		.4byte	.LLST22
 1197 058d 0E       		.uleb128 0xe
 1198 058e 0A000000 		.4byte	.LVL57
 1199 0592 A8010000 		.4byte	0x1a8
 1200 0596 A0050000 		.4byte	0x5a0
 1201 059a 0F       		.uleb128 0xf
 1202 059b 01       		.uleb128 0x1
 1203 059c 52       		.byte	0x52
 1204 059d 01       		.uleb128 0x1
 1205 059e 44       		.byte	0x44
 1206 059f 00       		.byte	0
 1207 05a0 11       		.uleb128 0x11
ARM GAS  C:\Users\DGILLI~1\AppData\Local\Temp\cclmcFyl.s 			page 25


 1208 05a1 12000000 		.4byte	.LVL60
 1209 05a5 A8010000 		.4byte	0x1a8
 1210 05a9 0F       		.uleb128 0xf
 1211 05aa 01       		.uleb128 0x1
 1212 05ab 52       		.byte	0x52
 1213 05ac 01       		.uleb128 0x1
 1214 05ad 45       		.byte	0x45
 1215 05ae 00       		.byte	0
 1216 05af 00       		.byte	0
 1217 05b0 12       		.uleb128 0x12
 1218 05b1 6D010000 		.4byte	.LASF33
 1219 05b5 05       		.byte	0x5
 1220 05b6 9606     		.2byte	0x696
 1221 05b8 BC050000 		.4byte	0x5bc
 1222 05bc 13       		.uleb128 0x13
 1223 05bd 76000000 		.4byte	0x76
 1224 05c1 14       		.uleb128 0x14
 1225 05c2 81000000 		.4byte	0x81
 1226 05c6 D1050000 		.4byte	0x5d1
 1227 05ca 15       		.uleb128 0x15
 1228 05cb A2000000 		.4byte	0xa2
 1229 05cf 01       		.byte	0x1
 1230 05d0 00       		.byte	0
 1231 05d1 16       		.uleb128 0x16
 1232 05d2 62010000 		.4byte	.LASF34
 1233 05d6 01       		.byte	0x1
 1234 05d7 14       		.byte	0x14
 1235 05d8 C1050000 		.4byte	0x5c1
 1236 05dc 05       		.uleb128 0x5
 1237 05dd 03       		.byte	0x3
 1238 05de 00000000 		.4byte	myWrBuffer
 1239 05e2 17       		.uleb128 0x17
 1240 05e3 5C000000 		.4byte	.LASF37
 1241 05e7 06       		.byte	0x6
 1242 05e8 A4       		.byte	0xa4
 1243 05e9 81000000 		.4byte	0x81
 1244 05ed 18       		.uleb128 0x18
 1245 05ee 4E010000 		.4byte	.LASF35
 1246 05f2 06       		.byte	0x6
 1247 05f3 B1       		.byte	0xb1
 1248 05f4 81000000 		.4byte	0x81
 1249 05f8 07060000 		.4byte	0x607
 1250 05fc 19       		.uleb128 0x19
 1251 05fd 81000000 		.4byte	0x81
 1252 0601 19       		.uleb128 0x19
 1253 0602 81000000 		.4byte	0x81
 1254 0606 00       		.byte	0
 1255 0607 18       		.uleb128 0x18
 1256 0608 39000000 		.4byte	.LASF36
 1257 060c 06       		.byte	0x6
 1258 060d B6       		.byte	0xb6
 1259 060e 81000000 		.4byte	0x81
 1260 0612 1C060000 		.4byte	0x61c
 1261 0616 19       		.uleb128 0x19
 1262 0617 81000000 		.4byte	0x81
 1263 061b 00       		.byte	0
 1264 061c 17       		.uleb128 0x17
ARM GAS  C:\Users\DGILLI~1\AppData\Local\Temp\cclmcFyl.s 			page 26


 1265 061d 14000000 		.4byte	.LASF38
 1266 0621 06       		.byte	0x6
 1267 0622 B5       		.byte	0xb5
 1268 0623 81000000 		.4byte	0x81
 1269 0627 18       		.uleb128 0x18
 1270 0628 D7020000 		.4byte	.LASF39
 1271 062c 06       		.byte	0x6
 1272 062d B7       		.byte	0xb7
 1273 062e 81000000 		.4byte	0x81
 1274 0632 3C060000 		.4byte	0x63c
 1275 0636 19       		.uleb128 0x19
 1276 0637 81000000 		.4byte	0x81
 1277 063b 00       		.byte	0
 1278 063c 18       		.uleb128 0x18
 1279 063d 16010000 		.4byte	.LASF40
 1280 0641 06       		.byte	0x6
 1281 0642 A7       		.byte	0xa7
 1282 0643 81000000 		.4byte	0x81
 1283 0647 60060000 		.4byte	0x660
 1284 064b 19       		.uleb128 0x19
 1285 064c 81000000 		.4byte	0x81
 1286 0650 19       		.uleb128 0x19
 1287 0651 60060000 		.4byte	0x660
 1288 0655 19       		.uleb128 0x19
 1289 0656 81000000 		.4byte	0x81
 1290 065a 19       		.uleb128 0x19
 1291 065b 81000000 		.4byte	0x81
 1292 065f 00       		.byte	0
 1293 0660 06       		.uleb128 0x6
 1294 0661 04       		.byte	0x4
 1295 0662 81000000 		.4byte	0x81
 1296 0666 17       		.uleb128 0x17
 1297 0667 BC020000 		.4byte	.LASF41
 1298 066b 06       		.byte	0x6
 1299 066c A3       		.byte	0xa3
 1300 066d 81000000 		.4byte	0x81
 1301 0671 1A       		.uleb128 0x1a
 1302 0672 78000000 		.4byte	.LASF46
 1303 0676 08       		.byte	0x8
 1304 0677 17       		.byte	0x17
 1305 0678 82060000 		.4byte	0x682
 1306 067c 19       		.uleb128 0x19
 1307 067d A9000000 		.4byte	0xa9
 1308 0681 00       		.byte	0
 1309 0682 1B       		.uleb128 0x1b
 1310 0683 87000000 		.4byte	.LASF47
 1311 0687 06       		.byte	0x6
 1312 0688 93       		.byte	0x93
 1313 0689 00       		.byte	0
 1314              		.section	.debug_abbrev,"",%progbits
 1315              	.Ldebug_abbrev0:
 1316 0000 01       		.uleb128 0x1
 1317 0001 11       		.uleb128 0x11
 1318 0002 01       		.byte	0x1
 1319 0003 25       		.uleb128 0x25
 1320 0004 0E       		.uleb128 0xe
 1321 0005 13       		.uleb128 0x13
ARM GAS  C:\Users\DGILLI~1\AppData\Local\Temp\cclmcFyl.s 			page 27


 1322 0006 0B       		.uleb128 0xb
 1323 0007 03       		.uleb128 0x3
 1324 0008 0E       		.uleb128 0xe
 1325 0009 1B       		.uleb128 0x1b
 1326 000a 0E       		.uleb128 0xe
 1327 000b 55       		.uleb128 0x55
 1328 000c 17       		.uleb128 0x17
 1329 000d 11       		.uleb128 0x11
 1330 000e 01       		.uleb128 0x1
 1331 000f 10       		.uleb128 0x10
 1332 0010 17       		.uleb128 0x17
 1333 0011 00       		.byte	0
 1334 0012 00       		.byte	0
 1335 0013 02       		.uleb128 0x2
 1336 0014 24       		.uleb128 0x24
 1337 0015 00       		.byte	0
 1338 0016 0B       		.uleb128 0xb
 1339 0017 0B       		.uleb128 0xb
 1340 0018 3E       		.uleb128 0x3e
 1341 0019 0B       		.uleb128 0xb
 1342 001a 03       		.uleb128 0x3
 1343 001b 0E       		.uleb128 0xe
 1344 001c 00       		.byte	0
 1345 001d 00       		.byte	0
 1346 001e 03       		.uleb128 0x3
 1347 001f 16       		.uleb128 0x16
 1348 0020 00       		.byte	0
 1349 0021 03       		.uleb128 0x3
 1350 0022 0E       		.uleb128 0xe
 1351 0023 3A       		.uleb128 0x3a
 1352 0024 0B       		.uleb128 0xb
 1353 0025 3B       		.uleb128 0x3b
 1354 0026 0B       		.uleb128 0xb
 1355 0027 49       		.uleb128 0x49
 1356 0028 13       		.uleb128 0x13
 1357 0029 00       		.byte	0
 1358 002a 00       		.byte	0
 1359 002b 04       		.uleb128 0x4
 1360 002c 24       		.uleb128 0x24
 1361 002d 00       		.byte	0
 1362 002e 0B       		.uleb128 0xb
 1363 002f 0B       		.uleb128 0xb
 1364 0030 3E       		.uleb128 0x3e
 1365 0031 0B       		.uleb128 0xb
 1366 0032 03       		.uleb128 0x3
 1367 0033 08       		.uleb128 0x8
 1368 0034 00       		.byte	0
 1369 0035 00       		.byte	0
 1370 0036 05       		.uleb128 0x5
 1371 0037 16       		.uleb128 0x16
 1372 0038 00       		.byte	0
 1373 0039 03       		.uleb128 0x3
 1374 003a 0E       		.uleb128 0xe
 1375 003b 3A       		.uleb128 0x3a
 1376 003c 0B       		.uleb128 0xb
 1377 003d 3B       		.uleb128 0x3b
 1378 003e 05       		.uleb128 0x5
ARM GAS  C:\Users\DGILLI~1\AppData\Local\Temp\cclmcFyl.s 			page 28


 1379 003f 49       		.uleb128 0x49
 1380 0040 13       		.uleb128 0x13
 1381 0041 00       		.byte	0
 1382 0042 00       		.byte	0
 1383 0043 06       		.uleb128 0x6
 1384 0044 0F       		.uleb128 0xf
 1385 0045 00       		.byte	0
 1386 0046 0B       		.uleb128 0xb
 1387 0047 0B       		.uleb128 0xb
 1388 0048 49       		.uleb128 0x49
 1389 0049 13       		.uleb128 0x13
 1390 004a 00       		.byte	0
 1391 004b 00       		.byte	0
 1392 004c 07       		.uleb128 0x7
 1393 004d 04       		.uleb128 0x4
 1394 004e 01       		.byte	0x1
 1395 004f 03       		.uleb128 0x3
 1396 0050 0E       		.uleb128 0xe
 1397 0051 0B       		.uleb128 0xb
 1398 0052 0B       		.uleb128 0xb
 1399 0053 3A       		.uleb128 0x3a
 1400 0054 0B       		.uleb128 0xb
 1401 0055 3B       		.uleb128 0x3b
 1402 0056 0B       		.uleb128 0xb
 1403 0057 01       		.uleb128 0x1
 1404 0058 13       		.uleb128 0x13
 1405 0059 00       		.byte	0
 1406 005a 00       		.byte	0
 1407 005b 08       		.uleb128 0x8
 1408 005c 28       		.uleb128 0x28
 1409 005d 00       		.byte	0
 1410 005e 03       		.uleb128 0x3
 1411 005f 0E       		.uleb128 0xe
 1412 0060 1C       		.uleb128 0x1c
 1413 0061 0D       		.uleb128 0xd
 1414 0062 00       		.byte	0
 1415 0063 00       		.byte	0
 1416 0064 09       		.uleb128 0x9
 1417 0065 2E       		.uleb128 0x2e
 1418 0066 01       		.byte	0x1
 1419 0067 3F       		.uleb128 0x3f
 1420 0068 19       		.uleb128 0x19
 1421 0069 03       		.uleb128 0x3
 1422 006a 0E       		.uleb128 0xe
 1423 006b 3A       		.uleb128 0x3a
 1424 006c 0B       		.uleb128 0xb
 1425 006d 3B       		.uleb128 0x3b
 1426 006e 0B       		.uleb128 0xb
 1427 006f 27       		.uleb128 0x27
 1428 0070 19       		.uleb128 0x19
 1429 0071 49       		.uleb128 0x49
 1430 0072 13       		.uleb128 0x13
 1431 0073 11       		.uleb128 0x11
 1432 0074 01       		.uleb128 0x1
 1433 0075 12       		.uleb128 0x12
 1434 0076 06       		.uleb128 0x6
 1435 0077 40       		.uleb128 0x40
ARM GAS  C:\Users\DGILLI~1\AppData\Local\Temp\cclmcFyl.s 			page 29


 1436 0078 18       		.uleb128 0x18
 1437 0079 9742     		.uleb128 0x2117
 1438 007b 19       		.uleb128 0x19
 1439 007c 01       		.uleb128 0x1
 1440 007d 13       		.uleb128 0x13
 1441 007e 00       		.byte	0
 1442 007f 00       		.byte	0
 1443 0080 0A       		.uleb128 0xa
 1444 0081 05       		.uleb128 0x5
 1445 0082 00       		.byte	0
 1446 0083 03       		.uleb128 0x3
 1447 0084 0E       		.uleb128 0xe
 1448 0085 3A       		.uleb128 0x3a
 1449 0086 0B       		.uleb128 0xb
 1450 0087 3B       		.uleb128 0x3b
 1451 0088 0B       		.uleb128 0xb
 1452 0089 49       		.uleb128 0x49
 1453 008a 13       		.uleb128 0x13
 1454 008b 02       		.uleb128 0x2
 1455 008c 17       		.uleb128 0x17
 1456 008d 00       		.byte	0
 1457 008e 00       		.byte	0
 1458 008f 0B       		.uleb128 0xb
 1459 0090 34       		.uleb128 0x34
 1460 0091 00       		.byte	0
 1461 0092 03       		.uleb128 0x3
 1462 0093 0E       		.uleb128 0xe
 1463 0094 3A       		.uleb128 0x3a
 1464 0095 0B       		.uleb128 0xb
 1465 0096 3B       		.uleb128 0x3b
 1466 0097 0B       		.uleb128 0xb
 1467 0098 49       		.uleb128 0x49
 1468 0099 13       		.uleb128 0x13
 1469 009a 02       		.uleb128 0x2
 1470 009b 18       		.uleb128 0x18
 1471 009c 00       		.byte	0
 1472 009d 00       		.byte	0
 1473 009e 0C       		.uleb128 0xc
 1474 009f 34       		.uleb128 0x34
 1475 00a0 00       		.byte	0
 1476 00a1 03       		.uleb128 0x3
 1477 00a2 0E       		.uleb128 0xe
 1478 00a3 3A       		.uleb128 0x3a
 1479 00a4 0B       		.uleb128 0xb
 1480 00a5 3B       		.uleb128 0x3b
 1481 00a6 0B       		.uleb128 0xb
 1482 00a7 49       		.uleb128 0x49
 1483 00a8 13       		.uleb128 0x13
 1484 00a9 02       		.uleb128 0x2
 1485 00aa 17       		.uleb128 0x17
 1486 00ab 00       		.byte	0
 1487 00ac 00       		.byte	0
 1488 00ad 0D       		.uleb128 0xd
 1489 00ae 898201   		.uleb128 0x4109
 1490 00b1 00       		.byte	0
 1491 00b2 11       		.uleb128 0x11
 1492 00b3 01       		.uleb128 0x1
ARM GAS  C:\Users\DGILLI~1\AppData\Local\Temp\cclmcFyl.s 			page 30


 1493 00b4 31       		.uleb128 0x31
 1494 00b5 13       		.uleb128 0x13
 1495 00b6 00       		.byte	0
 1496 00b7 00       		.byte	0
 1497 00b8 0E       		.uleb128 0xe
 1498 00b9 898201   		.uleb128 0x4109
 1499 00bc 01       		.byte	0x1
 1500 00bd 11       		.uleb128 0x11
 1501 00be 01       		.uleb128 0x1
 1502 00bf 31       		.uleb128 0x31
 1503 00c0 13       		.uleb128 0x13
 1504 00c1 01       		.uleb128 0x1
 1505 00c2 13       		.uleb128 0x13
 1506 00c3 00       		.byte	0
 1507 00c4 00       		.byte	0
 1508 00c5 0F       		.uleb128 0xf
 1509 00c6 8A8201   		.uleb128 0x410a
 1510 00c9 00       		.byte	0
 1511 00ca 02       		.uleb128 0x2
 1512 00cb 18       		.uleb128 0x18
 1513 00cc 9142     		.uleb128 0x2111
 1514 00ce 18       		.uleb128 0x18
 1515 00cf 00       		.byte	0
 1516 00d0 00       		.byte	0
 1517 00d1 10       		.uleb128 0x10
 1518 00d2 2E       		.uleb128 0x2e
 1519 00d3 01       		.byte	0x1
 1520 00d4 3F       		.uleb128 0x3f
 1521 00d5 19       		.uleb128 0x19
 1522 00d6 03       		.uleb128 0x3
 1523 00d7 0E       		.uleb128 0xe
 1524 00d8 3A       		.uleb128 0x3a
 1525 00d9 0B       		.uleb128 0xb
 1526 00da 3B       		.uleb128 0x3b
 1527 00db 0B       		.uleb128 0xb
 1528 00dc 27       		.uleb128 0x27
 1529 00dd 19       		.uleb128 0x19
 1530 00de 11       		.uleb128 0x11
 1531 00df 01       		.uleb128 0x1
 1532 00e0 12       		.uleb128 0x12
 1533 00e1 06       		.uleb128 0x6
 1534 00e2 40       		.uleb128 0x40
 1535 00e3 18       		.uleb128 0x18
 1536 00e4 9742     		.uleb128 0x2117
 1537 00e6 19       		.uleb128 0x19
 1538 00e7 01       		.uleb128 0x1
 1539 00e8 13       		.uleb128 0x13
 1540 00e9 00       		.byte	0
 1541 00ea 00       		.byte	0
 1542 00eb 11       		.uleb128 0x11
 1543 00ec 898201   		.uleb128 0x4109
 1544 00ef 01       		.byte	0x1
 1545 00f0 11       		.uleb128 0x11
 1546 00f1 01       		.uleb128 0x1
 1547 00f2 31       		.uleb128 0x31
 1548 00f3 13       		.uleb128 0x13
 1549 00f4 00       		.byte	0
ARM GAS  C:\Users\DGILLI~1\AppData\Local\Temp\cclmcFyl.s 			page 31


 1550 00f5 00       		.byte	0
 1551 00f6 12       		.uleb128 0x12
 1552 00f7 34       		.uleb128 0x34
 1553 00f8 00       		.byte	0
 1554 00f9 03       		.uleb128 0x3
 1555 00fa 0E       		.uleb128 0xe
 1556 00fb 3A       		.uleb128 0x3a
 1557 00fc 0B       		.uleb128 0xb
 1558 00fd 3B       		.uleb128 0x3b
 1559 00fe 05       		.uleb128 0x5
 1560 00ff 49       		.uleb128 0x49
 1561 0100 13       		.uleb128 0x13
 1562 0101 3F       		.uleb128 0x3f
 1563 0102 19       		.uleb128 0x19
 1564 0103 3C       		.uleb128 0x3c
 1565 0104 19       		.uleb128 0x19
 1566 0105 00       		.byte	0
 1567 0106 00       		.byte	0
 1568 0107 13       		.uleb128 0x13
 1569 0108 35       		.uleb128 0x35
 1570 0109 00       		.byte	0
 1571 010a 49       		.uleb128 0x49
 1572 010b 13       		.uleb128 0x13
 1573 010c 00       		.byte	0
 1574 010d 00       		.byte	0
 1575 010e 14       		.uleb128 0x14
 1576 010f 01       		.uleb128 0x1
 1577 0110 01       		.byte	0x1
 1578 0111 49       		.uleb128 0x49
 1579 0112 13       		.uleb128 0x13
 1580 0113 01       		.uleb128 0x1
 1581 0114 13       		.uleb128 0x13
 1582 0115 00       		.byte	0
 1583 0116 00       		.byte	0
 1584 0117 15       		.uleb128 0x15
 1585 0118 21       		.uleb128 0x21
 1586 0119 00       		.byte	0
 1587 011a 49       		.uleb128 0x49
 1588 011b 13       		.uleb128 0x13
 1589 011c 2F       		.uleb128 0x2f
 1590 011d 0B       		.uleb128 0xb
 1591 011e 00       		.byte	0
 1592 011f 00       		.byte	0
 1593 0120 16       		.uleb128 0x16
 1594 0121 34       		.uleb128 0x34
 1595 0122 00       		.byte	0
 1596 0123 03       		.uleb128 0x3
 1597 0124 0E       		.uleb128 0xe
 1598 0125 3A       		.uleb128 0x3a
 1599 0126 0B       		.uleb128 0xb
 1600 0127 3B       		.uleb128 0x3b
 1601 0128 0B       		.uleb128 0xb
 1602 0129 49       		.uleb128 0x49
 1603 012a 13       		.uleb128 0x13
 1604 012b 3F       		.uleb128 0x3f
 1605 012c 19       		.uleb128 0x19
 1606 012d 02       		.uleb128 0x2
ARM GAS  C:\Users\DGILLI~1\AppData\Local\Temp\cclmcFyl.s 			page 32


 1607 012e 18       		.uleb128 0x18
 1608 012f 00       		.byte	0
 1609 0130 00       		.byte	0
 1610 0131 17       		.uleb128 0x17
 1611 0132 2E       		.uleb128 0x2e
 1612 0133 00       		.byte	0
 1613 0134 3F       		.uleb128 0x3f
 1614 0135 19       		.uleb128 0x19
 1615 0136 03       		.uleb128 0x3
 1616 0137 0E       		.uleb128 0xe
 1617 0138 3A       		.uleb128 0x3a
 1618 0139 0B       		.uleb128 0xb
 1619 013a 3B       		.uleb128 0x3b
 1620 013b 0B       		.uleb128 0xb
 1621 013c 27       		.uleb128 0x27
 1622 013d 19       		.uleb128 0x19
 1623 013e 49       		.uleb128 0x49
 1624 013f 13       		.uleb128 0x13
 1625 0140 3C       		.uleb128 0x3c
 1626 0141 19       		.uleb128 0x19
 1627 0142 00       		.byte	0
 1628 0143 00       		.byte	0
 1629 0144 18       		.uleb128 0x18
 1630 0145 2E       		.uleb128 0x2e
 1631 0146 01       		.byte	0x1
 1632 0147 3F       		.uleb128 0x3f
 1633 0148 19       		.uleb128 0x19
 1634 0149 03       		.uleb128 0x3
 1635 014a 0E       		.uleb128 0xe
 1636 014b 3A       		.uleb128 0x3a
 1637 014c 0B       		.uleb128 0xb
 1638 014d 3B       		.uleb128 0x3b
 1639 014e 0B       		.uleb128 0xb
 1640 014f 27       		.uleb128 0x27
 1641 0150 19       		.uleb128 0x19
 1642 0151 49       		.uleb128 0x49
 1643 0152 13       		.uleb128 0x13
 1644 0153 3C       		.uleb128 0x3c
 1645 0154 19       		.uleb128 0x19
 1646 0155 01       		.uleb128 0x1
 1647 0156 13       		.uleb128 0x13
 1648 0157 00       		.byte	0
 1649 0158 00       		.byte	0
 1650 0159 19       		.uleb128 0x19
 1651 015a 05       		.uleb128 0x5
 1652 015b 00       		.byte	0
 1653 015c 49       		.uleb128 0x49
 1654 015d 13       		.uleb128 0x13
 1655 015e 00       		.byte	0
 1656 015f 00       		.byte	0
 1657 0160 1A       		.uleb128 0x1a
 1658 0161 2E       		.uleb128 0x2e
 1659 0162 01       		.byte	0x1
 1660 0163 3F       		.uleb128 0x3f
 1661 0164 19       		.uleb128 0x19
 1662 0165 03       		.uleb128 0x3
 1663 0166 0E       		.uleb128 0xe
ARM GAS  C:\Users\DGILLI~1\AppData\Local\Temp\cclmcFyl.s 			page 33


 1664 0167 3A       		.uleb128 0x3a
 1665 0168 0B       		.uleb128 0xb
 1666 0169 3B       		.uleb128 0x3b
 1667 016a 0B       		.uleb128 0xb
 1668 016b 27       		.uleb128 0x27
 1669 016c 19       		.uleb128 0x19
 1670 016d 3C       		.uleb128 0x3c
 1671 016e 19       		.uleb128 0x19
 1672 016f 01       		.uleb128 0x1
 1673 0170 13       		.uleb128 0x13
 1674 0171 00       		.byte	0
 1675 0172 00       		.byte	0
 1676 0173 1B       		.uleb128 0x1b
 1677 0174 2E       		.uleb128 0x2e
 1678 0175 00       		.byte	0
 1679 0176 3F       		.uleb128 0x3f
 1680 0177 19       		.uleb128 0x19
 1681 0178 03       		.uleb128 0x3
 1682 0179 0E       		.uleb128 0xe
 1683 017a 3A       		.uleb128 0x3a
 1684 017b 0B       		.uleb128 0xb
 1685 017c 3B       		.uleb128 0x3b
 1686 017d 0B       		.uleb128 0xb
 1687 017e 27       		.uleb128 0x27
 1688 017f 19       		.uleb128 0x19
 1689 0180 3C       		.uleb128 0x3c
 1690 0181 19       		.uleb128 0x19
 1691 0182 00       		.byte	0
 1692 0183 00       		.byte	0
 1693 0184 00       		.byte	0
 1694              		.section	.debug_loc,"",%progbits
 1695              	.Ldebug_loc0:
 1696              	.LLST0:
 1697 0000 00000000 		.4byte	.LVL0
 1698 0004 11000000 		.4byte	.LVL3-1
 1699 0008 0100     		.2byte	0x1
 1700 000a 50       		.byte	0x50
 1701 000b 11000000 		.4byte	.LVL3-1
 1702 000f 40000000 		.4byte	.LFE65
 1703 0013 0400     		.2byte	0x4
 1704 0015 F3       		.byte	0xf3
 1705 0016 01       		.uleb128 0x1
 1706 0017 50       		.byte	0x50
 1707 0018 9F       		.byte	0x9f
 1708 0019 00000000 		.4byte	0
 1709 001d 00000000 		.4byte	0
 1710              	.LLST1:
 1711 0021 00000000 		.4byte	.LVL0
 1712 0025 08000000 		.4byte	.LVL1
 1713 0029 0100     		.2byte	0x1
 1714 002b 51       		.byte	0x51
 1715 002c 08000000 		.4byte	.LVL1
 1716 0030 40000000 		.4byte	.LFE65
 1717 0034 0400     		.2byte	0x4
 1718 0036 F3       		.byte	0xf3
 1719 0037 01       		.uleb128 0x1
 1720 0038 51       		.byte	0x51
ARM GAS  C:\Users\DGILLI~1\AppData\Local\Temp\cclmcFyl.s 			page 34


 1721 0039 9F       		.byte	0x9f
 1722 003a 00000000 		.4byte	0
 1723 003e 00000000 		.4byte	0
 1724              	.LLST2:
 1725 0042 00000000 		.4byte	.LVL0
 1726 0046 11000000 		.4byte	.LVL3-1
 1727 004a 0100     		.2byte	0x1
 1728 004c 52       		.byte	0x52
 1729 004d 11000000 		.4byte	.LVL3-1
 1730 0051 40000000 		.4byte	.LFE65
 1731 0055 0400     		.2byte	0x4
 1732 0057 F3       		.byte	0xf3
 1733 0058 01       		.uleb128 0x1
 1734 0059 52       		.byte	0x52
 1735 005a 9F       		.byte	0x9f
 1736 005b 00000000 		.4byte	0
 1737 005f 00000000 		.4byte	0
 1738              	.LLST3:
 1739 0063 0E000000 		.4byte	.LVL2
 1740 0067 34000000 		.4byte	.LVL9
 1741 006b 0100     		.2byte	0x1
 1742 006d 54       		.byte	0x54
 1743 006e 00000000 		.4byte	0
 1744 0072 00000000 		.4byte	0
 1745              	.LLST4:
 1746 0076 00000000 		.4byte	.LVL12
 1747 007a 13000000 		.4byte	.LVL15-1
 1748 007e 0100     		.2byte	0x1
 1749 0080 50       		.byte	0x50
 1750 0081 13000000 		.4byte	.LVL15-1
 1751 0085 38000000 		.4byte	.LFE66
 1752 0089 0400     		.2byte	0x4
 1753 008b F3       		.byte	0xf3
 1754 008c 01       		.uleb128 0x1
 1755 008d 50       		.byte	0x50
 1756 008e 9F       		.byte	0x9f
 1757 008f 00000000 		.4byte	0
 1758 0093 00000000 		.4byte	0
 1759              	.LLST5:
 1760 0097 00000000 		.4byte	.LVL12
 1761 009b 0A000000 		.4byte	.LVL13
 1762 009f 0100     		.2byte	0x1
 1763 00a1 51       		.byte	0x51
 1764 00a2 0A000000 		.4byte	.LVL13
 1765 00a6 38000000 		.4byte	.LFE66
 1766 00aa 0400     		.2byte	0x4
 1767 00ac F3       		.byte	0xf3
 1768 00ad 01       		.uleb128 0x1
 1769 00ae 51       		.byte	0x51
 1770 00af 9F       		.byte	0x9f
 1771 00b0 00000000 		.4byte	0
 1772 00b4 00000000 		.4byte	0
 1773              	.LLST6:
 1774 00b8 00000000 		.4byte	.LVL12
 1775 00bc 13000000 		.4byte	.LVL15-1
 1776 00c0 0100     		.2byte	0x1
 1777 00c2 52       		.byte	0x52
ARM GAS  C:\Users\DGILLI~1\AppData\Local\Temp\cclmcFyl.s 			page 35


 1778 00c3 13000000 		.4byte	.LVL15-1
 1779 00c7 38000000 		.4byte	.LFE66
 1780 00cb 0400     		.2byte	0x4
 1781 00cd F3       		.byte	0xf3
 1782 00ce 01       		.uleb128 0x1
 1783 00cf 52       		.byte	0x52
 1784 00d0 9F       		.byte	0x9f
 1785 00d1 00000000 		.4byte	0
 1786 00d5 00000000 		.4byte	0
 1787              	.LLST7:
 1788 00d9 00000000 		.4byte	.LVL12
 1789 00dd 13000000 		.4byte	.LVL15-1
 1790 00e1 0100     		.2byte	0x1
 1791 00e3 53       		.byte	0x53
 1792 00e4 13000000 		.4byte	.LVL15-1
 1793 00e8 38000000 		.4byte	.LFE66
 1794 00ec 0400     		.2byte	0x4
 1795 00ee F3       		.byte	0xf3
 1796 00ef 01       		.uleb128 0x1
 1797 00f0 53       		.byte	0x53
 1798 00f1 9F       		.byte	0x9f
 1799 00f2 00000000 		.4byte	0
 1800 00f6 00000000 		.4byte	0
 1801              	.LLST8:
 1802 00fa 10000000 		.4byte	.LVL14
 1803 00fe 34000000 		.4byte	.LVL19
 1804 0102 0100     		.2byte	0x1
 1805 0104 54       		.byte	0x54
 1806 0105 00000000 		.4byte	0
 1807 0109 00000000 		.4byte	0
 1808              	.LLST9:
 1809 010d 0C000000 		.4byte	.LVL21
 1810 0111 10000000 		.4byte	.LVL22
 1811 0115 0200     		.2byte	0x2
 1812 0117 30       		.byte	0x30
 1813 0118 9F       		.byte	0x9f
 1814 0119 10000000 		.4byte	.LVL22
 1815 011d AA000000 		.4byte	.LVL39
 1816 0121 0100     		.2byte	0x1
 1817 0123 55       		.byte	0x55
 1818 0124 AC000000 		.4byte	.LVL40
 1819 0128 B8000000 		.4byte	.LVL42
 1820 012c 0100     		.2byte	0x1
 1821 012e 55       		.byte	0x55
 1822 012f 00000000 		.4byte	0
 1823 0133 00000000 		.4byte	0
 1824              	.LLST10:
 1825 0137 10000000 		.4byte	.LVL22
 1826 013b 9E000000 		.4byte	.LVL35
 1827 013f 0100     		.2byte	0x1
 1828 0141 54       		.byte	0x54
 1829 0142 A0000000 		.4byte	.LVL36
 1830 0146 A2000000 		.4byte	.LVL37
 1831 014a 0100     		.2byte	0x1
 1832 014c 54       		.byte	0x54
 1833 014d A4000000 		.4byte	.LVL38
 1834 0151 AC000000 		.4byte	.LVL40
ARM GAS  C:\Users\DGILLI~1\AppData\Local\Temp\cclmcFyl.s 			page 36


 1835 0155 0100     		.2byte	0x1
 1836 0157 54       		.byte	0x54
 1837 0158 00000000 		.4byte	0
 1838 015c 00000000 		.4byte	0
 1839              	.LLST11:
 1840 0160 00000000 		.4byte	.LVL43
 1841 0164 07000000 		.4byte	.LVL44-1
 1842 0168 0100     		.2byte	0x1
 1843 016a 50       		.byte	0x50
 1844 016b 07000000 		.4byte	.LVL44-1
 1845 016f 0A000000 		.4byte	.LVL45
 1846 0173 0400     		.2byte	0x4
 1847 0175 F3       		.byte	0xf3
 1848 0176 01       		.uleb128 0x1
 1849 0177 50       		.byte	0x50
 1850 0178 9F       		.byte	0x9f
 1851 0179 0A000000 		.4byte	.LVL45
 1852 017d 0F000000 		.4byte	.LVL47-1
 1853 0181 0100     		.2byte	0x1
 1854 0183 50       		.byte	0x50
 1855 0184 0F000000 		.4byte	.LVL47-1
 1856 0188 12000000 		.4byte	.LFE64
 1857 018c 0400     		.2byte	0x4
 1858 018e F3       		.byte	0xf3
 1859 018f 01       		.uleb128 0x1
 1860 0190 50       		.byte	0x50
 1861 0191 9F       		.byte	0x9f
 1862 0192 00000000 		.4byte	0
 1863 0196 00000000 		.4byte	0
 1864              	.LLST12:
 1865 019a 00000000 		.4byte	.LVL43
 1866 019e 07000000 		.4byte	.LVL44-1
 1867 01a2 0100     		.2byte	0x1
 1868 01a4 51       		.byte	0x51
 1869 01a5 07000000 		.4byte	.LVL44-1
 1870 01a9 0A000000 		.4byte	.LVL45
 1871 01ad 0400     		.2byte	0x4
 1872 01af F3       		.byte	0xf3
 1873 01b0 01       		.uleb128 0x1
 1874 01b1 51       		.byte	0x51
 1875 01b2 9F       		.byte	0x9f
 1876 01b3 0A000000 		.4byte	.LVL45
 1877 01b7 0F000000 		.4byte	.LVL47-1
 1878 01bb 0100     		.2byte	0x1
 1879 01bd 51       		.byte	0x51
 1880 01be 0F000000 		.4byte	.LVL47-1
 1881 01c2 12000000 		.4byte	.LFE64
 1882 01c6 0400     		.2byte	0x4
 1883 01c8 F3       		.byte	0xf3
 1884 01c9 01       		.uleb128 0x1
 1885 01ca 51       		.byte	0x51
 1886 01cb 9F       		.byte	0x9f
 1887 01cc 00000000 		.4byte	0
 1888 01d0 00000000 		.4byte	0
 1889              	.LLST13:
 1890 01d4 00000000 		.4byte	.LVL43
 1891 01d8 07000000 		.4byte	.LVL44-1
ARM GAS  C:\Users\DGILLI~1\AppData\Local\Temp\cclmcFyl.s 			page 37


 1892 01dc 0100     		.2byte	0x1
 1893 01de 52       		.byte	0x52
 1894 01df 07000000 		.4byte	.LVL44-1
 1895 01e3 0A000000 		.4byte	.LVL45
 1896 01e7 0400     		.2byte	0x4
 1897 01e9 F3       		.byte	0xf3
 1898 01ea 01       		.uleb128 0x1
 1899 01eb 52       		.byte	0x52
 1900 01ec 9F       		.byte	0x9f
 1901 01ed 0A000000 		.4byte	.LVL45
 1902 01f1 0C000000 		.4byte	.LVL46
 1903 01f5 0100     		.2byte	0x1
 1904 01f7 52       		.byte	0x52
 1905 01f8 0C000000 		.4byte	.LVL46
 1906 01fc 12000000 		.4byte	.LFE64
 1907 0200 0400     		.2byte	0x4
 1908 0202 F3       		.byte	0xf3
 1909 0203 01       		.uleb128 0x1
 1910 0204 52       		.byte	0x52
 1911 0205 9F       		.byte	0x9f
 1912 0206 00000000 		.4byte	0
 1913 020a 00000000 		.4byte	0
 1914              	.LLST14:
 1915 020e 00000000 		.4byte	.LVL43
 1916 0212 07000000 		.4byte	.LVL44-1
 1917 0216 0100     		.2byte	0x1
 1918 0218 53       		.byte	0x53
 1919 0219 07000000 		.4byte	.LVL44-1
 1920 021d 0A000000 		.4byte	.LVL45
 1921 0221 0400     		.2byte	0x4
 1922 0223 F3       		.byte	0xf3
 1923 0224 01       		.uleb128 0x1
 1924 0225 53       		.byte	0x53
 1925 0226 9F       		.byte	0x9f
 1926 0227 0A000000 		.4byte	.LVL45
 1927 022b 0F000000 		.4byte	.LVL47-1
 1928 022f 0100     		.2byte	0x1
 1929 0231 53       		.byte	0x53
 1930 0232 0F000000 		.4byte	.LVL47-1
 1931 0236 12000000 		.4byte	.LFE64
 1932 023a 0400     		.2byte	0x4
 1933 023c F3       		.byte	0xf3
 1934 023d 01       		.uleb128 0x1
 1935 023e 53       		.byte	0x53
 1936 023f 9F       		.byte	0x9f
 1937 0240 00000000 		.4byte	0
 1938 0244 00000000 		.4byte	0
 1939              	.LLST15:
 1940 0248 00000000 		.4byte	.LVL48
 1941 024c 09000000 		.4byte	.LVL50-1
 1942 0250 0100     		.2byte	0x1
 1943 0252 50       		.byte	0x50
 1944 0253 09000000 		.4byte	.LVL50-1
 1945 0257 0C000000 		.4byte	.LVL51
 1946 025b 0400     		.2byte	0x4
 1947 025d F3       		.byte	0xf3
 1948 025e 01       		.uleb128 0x1
ARM GAS  C:\Users\DGILLI~1\AppData\Local\Temp\cclmcFyl.s 			page 38


 1949 025f 50       		.byte	0x50
 1950 0260 9F       		.byte	0x9f
 1951 0261 0C000000 		.4byte	.LVL51
 1952 0265 11000000 		.4byte	.LVL53-1
 1953 0269 0100     		.2byte	0x1
 1954 026b 50       		.byte	0x50
 1955 026c 11000000 		.4byte	.LVL53-1
 1956 0270 18000000 		.4byte	.LFE67
 1957 0274 0400     		.2byte	0x4
 1958 0276 F3       		.byte	0xf3
 1959 0277 01       		.uleb128 0x1
 1960 0278 50       		.byte	0x50
 1961 0279 9F       		.byte	0x9f
 1962 027a 00000000 		.4byte	0
 1963 027e 00000000 		.4byte	0
 1964              	.LLST16:
 1965 0282 00000000 		.4byte	.LVL48
 1966 0286 09000000 		.4byte	.LVL50-1
 1967 028a 0100     		.2byte	0x1
 1968 028c 51       		.byte	0x51
 1969 028d 09000000 		.4byte	.LVL50-1
 1970 0291 0C000000 		.4byte	.LVL51
 1971 0295 0400     		.2byte	0x4
 1972 0297 F3       		.byte	0xf3
 1973 0298 01       		.uleb128 0x1
 1974 0299 51       		.byte	0x51
 1975 029a 9F       		.byte	0x9f
 1976 029b 0C000000 		.4byte	.LVL51
 1977 029f 11000000 		.4byte	.LVL53-1
 1978 02a3 0100     		.2byte	0x1
 1979 02a5 51       		.byte	0x51
 1980 02a6 11000000 		.4byte	.LVL53-1
 1981 02aa 18000000 		.4byte	.LFE67
 1982 02ae 0400     		.2byte	0x4
 1983 02b0 F3       		.byte	0xf3
 1984 02b1 01       		.uleb128 0x1
 1985 02b2 51       		.byte	0x51
 1986 02b3 9F       		.byte	0x9f
 1987 02b4 00000000 		.4byte	0
 1988 02b8 00000000 		.4byte	0
 1989              	.LLST17:
 1990 02bc 00000000 		.4byte	.LVL48
 1991 02c0 06000000 		.4byte	.LVL49
 1992 02c4 0100     		.2byte	0x1
 1993 02c6 52       		.byte	0x52
 1994 02c7 06000000 		.4byte	.LVL49
 1995 02cb 0C000000 		.4byte	.LVL51
 1996 02cf 0400     		.2byte	0x4
 1997 02d1 F3       		.byte	0xf3
 1998 02d2 01       		.uleb128 0x1
 1999 02d3 52       		.byte	0x52
 2000 02d4 9F       		.byte	0x9f
 2001 02d5 0C000000 		.4byte	.LVL51
 2002 02d9 0E000000 		.4byte	.LVL52
 2003 02dd 0100     		.2byte	0x1
 2004 02df 52       		.byte	0x52
 2005 02e0 0E000000 		.4byte	.LVL52
ARM GAS  C:\Users\DGILLI~1\AppData\Local\Temp\cclmcFyl.s 			page 39


 2006 02e4 18000000 		.4byte	.LFE67
 2007 02e8 0400     		.2byte	0x4
 2008 02ea F3       		.byte	0xf3
 2009 02eb 01       		.uleb128 0x1
 2010 02ec 52       		.byte	0x52
 2011 02ed 9F       		.byte	0x9f
 2012 02ee 00000000 		.4byte	0
 2013 02f2 00000000 		.4byte	0
 2014              	.LLST18:
 2015 02f6 0A000000 		.4byte	.LVL50
 2016 02fa 0C000000 		.4byte	.LVL51
 2017 02fe 0100     		.2byte	0x1
 2018 0300 50       		.byte	0x50
 2019 0301 12000000 		.4byte	.LVL53
 2020 0305 16000000 		.4byte	.LVL54
 2021 0309 0100     		.2byte	0x1
 2022 030b 50       		.byte	0x50
 2023 030c 00000000 		.4byte	0
 2024 0310 00000000 		.4byte	0
 2025              	.LLST19:
 2026 0314 00000000 		.4byte	.LVL55
 2027 0318 09000000 		.4byte	.LVL57-1
 2028 031c 0100     		.2byte	0x1
 2029 031e 50       		.byte	0x50
 2030 031f 09000000 		.4byte	.LVL57-1
 2031 0323 0C000000 		.4byte	.LVL58
 2032 0327 0400     		.2byte	0x4
 2033 0329 F3       		.byte	0xf3
 2034 032a 01       		.uleb128 0x1
 2035 032b 50       		.byte	0x50
 2036 032c 9F       		.byte	0x9f
 2037 032d 0C000000 		.4byte	.LVL58
 2038 0331 11000000 		.4byte	.LVL60-1
 2039 0335 0100     		.2byte	0x1
 2040 0337 50       		.byte	0x50
 2041 0338 11000000 		.4byte	.LVL60-1
 2042 033c 14000000 		.4byte	.LFE68
 2043 0340 0400     		.2byte	0x4
 2044 0342 F3       		.byte	0xf3
 2045 0343 01       		.uleb128 0x1
 2046 0344 50       		.byte	0x50
 2047 0345 9F       		.byte	0x9f
 2048 0346 00000000 		.4byte	0
 2049 034a 00000000 		.4byte	0
 2050              	.LLST20:
 2051 034e 00000000 		.4byte	.LVL55
 2052 0352 09000000 		.4byte	.LVL57-1
 2053 0356 0100     		.2byte	0x1
 2054 0358 51       		.byte	0x51
 2055 0359 09000000 		.4byte	.LVL57-1
 2056 035d 0C000000 		.4byte	.LVL58
 2057 0361 0400     		.2byte	0x4
 2058 0363 F3       		.byte	0xf3
 2059 0364 01       		.uleb128 0x1
 2060 0365 51       		.byte	0x51
 2061 0366 9F       		.byte	0x9f
 2062 0367 0C000000 		.4byte	.LVL58
ARM GAS  C:\Users\DGILLI~1\AppData\Local\Temp\cclmcFyl.s 			page 40


 2063 036b 11000000 		.4byte	.LVL60-1
 2064 036f 0100     		.2byte	0x1
 2065 0371 51       		.byte	0x51
 2066 0372 11000000 		.4byte	.LVL60-1
 2067 0376 14000000 		.4byte	.LFE68
 2068 037a 0400     		.2byte	0x4
 2069 037c F3       		.byte	0xf3
 2070 037d 01       		.uleb128 0x1
 2071 037e 51       		.byte	0x51
 2072 037f 9F       		.byte	0x9f
 2073 0380 00000000 		.4byte	0
 2074 0384 00000000 		.4byte	0
 2075              	.LLST21:
 2076 0388 00000000 		.4byte	.LVL55
 2077 038c 06000000 		.4byte	.LVL56
 2078 0390 0100     		.2byte	0x1
 2079 0392 52       		.byte	0x52
 2080 0393 06000000 		.4byte	.LVL56
 2081 0397 0C000000 		.4byte	.LVL58
 2082 039b 0400     		.2byte	0x4
 2083 039d F3       		.byte	0xf3
 2084 039e 01       		.uleb128 0x1
 2085 039f 52       		.byte	0x52
 2086 03a0 9F       		.byte	0x9f
 2087 03a1 0C000000 		.4byte	.LVL58
 2088 03a5 0E000000 		.4byte	.LVL59
 2089 03a9 0100     		.2byte	0x1
 2090 03ab 52       		.byte	0x52
 2091 03ac 0E000000 		.4byte	.LVL59
 2092 03b0 14000000 		.4byte	.LFE68
 2093 03b4 0400     		.2byte	0x4
 2094 03b6 F3       		.byte	0xf3
 2095 03b7 01       		.uleb128 0x1
 2096 03b8 52       		.byte	0x52
 2097 03b9 9F       		.byte	0x9f
 2098 03ba 00000000 		.4byte	0
 2099 03be 00000000 		.4byte	0
 2100              	.LLST22:
 2101 03c2 00000000 		.4byte	.LVL55
 2102 03c6 09000000 		.4byte	.LVL57-1
 2103 03ca 0100     		.2byte	0x1
 2104 03cc 53       		.byte	0x53
 2105 03cd 09000000 		.4byte	.LVL57-1
 2106 03d1 0C000000 		.4byte	.LVL58
 2107 03d5 0400     		.2byte	0x4
 2108 03d7 F3       		.byte	0xf3
 2109 03d8 01       		.uleb128 0x1
 2110 03d9 53       		.byte	0x53
 2111 03da 9F       		.byte	0x9f
 2112 03db 0C000000 		.4byte	.LVL58
 2113 03df 11000000 		.4byte	.LVL60-1
 2114 03e3 0100     		.2byte	0x1
 2115 03e5 53       		.byte	0x53
 2116 03e6 11000000 		.4byte	.LVL60-1
 2117 03ea 14000000 		.4byte	.LFE68
 2118 03ee 0400     		.2byte	0x4
 2119 03f0 F3       		.byte	0xf3
ARM GAS  C:\Users\DGILLI~1\AppData\Local\Temp\cclmcFyl.s 			page 41


 2120 03f1 01       		.uleb128 0x1
 2121 03f2 53       		.byte	0x53
 2122 03f3 9F       		.byte	0x9f
 2123 03f4 00000000 		.4byte	0
 2124 03f8 00000000 		.4byte	0
 2125              		.section	.debug_aranges,"",%progbits
 2126 0000 44000000 		.4byte	0x44
 2127 0004 0200     		.2byte	0x2
 2128 0006 00000000 		.4byte	.Ldebug_info0
 2129 000a 04       		.byte	0x4
 2130 000b 00       		.byte	0
 2131 000c 0000     		.2byte	0
 2132 000e 0000     		.2byte	0
 2133 0010 00000000 		.4byte	.LFB65
 2134 0014 40000000 		.4byte	.LFE65-.LFB65
 2135 0018 00000000 		.4byte	.LFB66
 2136 001c 38000000 		.4byte	.LFE66-.LFB66
 2137 0020 00000000 		.4byte	.LFB63
 2138 0024 C0000000 		.4byte	.LFE63-.LFB63
 2139 0028 00000000 		.4byte	.LFB64
 2140 002c 12000000 		.4byte	.LFE64-.LFB64
 2141 0030 00000000 		.4byte	.LFB67
 2142 0034 18000000 		.4byte	.LFE67-.LFB67
 2143 0038 00000000 		.4byte	.LFB68
 2144 003c 14000000 		.4byte	.LFE68-.LFB68
 2145 0040 00000000 		.4byte	0
 2146 0044 00000000 		.4byte	0
 2147              		.section	.debug_ranges,"",%progbits
 2148              	.Ldebug_ranges0:
 2149 0000 00000000 		.4byte	.LFB65
 2150 0004 40000000 		.4byte	.LFE65
 2151 0008 00000000 		.4byte	.LFB66
 2152 000c 38000000 		.4byte	.LFE66
 2153 0010 00000000 		.4byte	.LFB63
 2154 0014 C0000000 		.4byte	.LFE63
 2155 0018 00000000 		.4byte	.LFB64
 2156 001c 12000000 		.4byte	.LFE64
 2157 0020 00000000 		.4byte	.LFB67
 2158 0024 18000000 		.4byte	.LFE67
 2159 0028 00000000 		.4byte	.LFB68
 2160 002c 14000000 		.4byte	.LFE68
 2161 0030 00000000 		.4byte	0
 2162 0034 00000000 		.4byte	0
 2163              		.section	.debug_line,"",%progbits
 2164              	.Ldebug_line0:
 2165 0000 59020000 		.section	.debug_str,"MS",%progbits,1
 2165      02007A01 
 2165      00000201 
 2165      FB0E0D00 
 2165      01010101 
 2166              	.LASF6:
 2167 0000 6C6F6E67 		.ascii	"long long int\000"
 2167      206C6F6E 
 2167      6720696E 
 2167      7400
 2168              	.LASF16:
 2169 000e 41504F52 		.ascii	"APORT\000"
ARM GAS  C:\Users\DGILLI~1\AppData\Local\Temp\cclmcFyl.s 			page 42


 2169      5400
 2170              	.LASF38:
 2171 0014 4932435F 		.ascii	"I2C_MasterSendStop\000"
 2171      4D617374 
 2171      65725365 
 2171      6E645374 
 2171      6F7000
 2172              	.LASF23:
 2173 0027 6374726C 		.ascii	"ctrlVal\000"
 2173      56616C00 
 2174              	.LASF9:
 2175 002f 5F5F696E 		.ascii	"__int32_t\000"
 2175      7433325F 
 2175      7400
 2176              	.LASF36:
 2177 0039 4932435F 		.ascii	"I2C_MasterWriteByte\000"
 2177      4D617374 
 2177      65725772 
 2177      69746542 
 2177      79746500 
 2178              	.LASF45:
 2179 004d 4142504F 		.ascii	"ABPORT\000"
 2179      525400
 2180              	.LASF32:
 2181 0054 6F757444 		.ascii	"outData\000"
 2181      61746100 
 2182              	.LASF37:
 2183 005c 4932435F 		.ascii	"I2C_MasterClearStatus\000"
 2183      4D617374 
 2183      6572436C 
 2183      65617253 
 2183      74617475 
 2184              	.LASF11:
 2185 0072 75696E74 		.ascii	"uint8\000"
 2185      3800
 2186              	.LASF46:
 2187 0078 77726974 		.ascii	"writeLine\000"
 2187      654C696E 
 2187      6500
 2188              	.LASF19:
 2189 0082 63686970 		.ascii	"chip\000"
 2189      00
 2190              	.LASF47:
 2191 0087 4932435F 		.ascii	"I2C_Start\000"
 2191      53746172 
 2191      7400
 2192              	.LASF44:
 2193 0091 433A5C55 		.ascii	"C:\\Users\\DGilliland\\Documents\\GitHub\\ODAS\\ODA"
 2193      73657273 
 2193      5C444769 
 2193      6C6C696C 
 2193      616E645C 
 2194 00be 532D5053 		.ascii	"S-PSOC5\\Projects\\ODAS-PSOC5-I2CIO8-Serial-02.cyds"
 2194      4F43355C 
 2194      50726F6A 
 2194      65637473 
 2194      5C4F4441 
ARM GAS  C:\Users\DGILLI~1\AppData\Local\Temp\cclmcFyl.s 			page 43


 2195 00ef 6E00     		.ascii	"n\000"
 2196              	.LASF22:
 2197 00f1 69326341 		.ascii	"i2cAddress\000"
 2197      64647265 
 2197      737300
 2198              	.LASF12:
 2199 00fc 666C6F61 		.ascii	"float\000"
 2199      7400
 2200              	.LASF17:
 2201 0102 42504F52 		.ascii	"BPORT\000"
 2201      5400
 2202              	.LASF1:
 2203 0108 756E7369 		.ascii	"unsigned char\000"
 2203      676E6564 
 2203      20636861 
 2203      7200
 2204              	.LASF40:
 2205 0116 4932435F 		.ascii	"I2C_MasterWriteBuf\000"
 2205      4D617374 
 2205      65725772 
 2205      69746542 
 2205      756600
 2206              	.LASF5:
 2207 0129 6C6F6E67 		.ascii	"long unsigned int\000"
 2207      20756E73 
 2207      69676E65 
 2207      6420696E 
 2207      7400
 2208              	.LASF3:
 2209 013b 73686F72 		.ascii	"short unsigned int\000"
 2209      7420756E 
 2209      7369676E 
 2209      65642069 
 2209      6E7400
 2210              	.LASF35:
 2211 014e 4932435F 		.ascii	"I2C_MasterSendStart\000"
 2211      4D617374 
 2211      65725365 
 2211      6E645374 
 2211      61727400 
 2212              	.LASF34:
 2213 0162 6D795772 		.ascii	"myWrBuffer\000"
 2213      42756666 
 2213      657200
 2214              	.LASF33:
 2215 016d 49544D5F 		.ascii	"ITM_RxBuffer\000"
 2215      52784275 
 2215      66666572 
 2215      00
 2216              	.LASF20:
 2217 017a 6374726C 		.ascii	"ctrlAdr\000"
 2217      41647200 
 2218              	.LASF13:
 2219 0182 646F7562 		.ascii	"double\000"
 2219      6C6500
 2220              	.LASF43:
 2221 0189 44494749 		.ascii	"DIGIO32Driver.c\000"
ARM GAS  C:\Users\DGILLI~1\AppData\Local\Temp\cclmcFyl.s 			page 44


 2221      4F333244 
 2221      72697665 
 2221      722E6300 
 2222              	.LASF42:
 2223 0199 474E5520 		.ascii	"GNU C 4.9.3 20150303 (release) [ARM/embedded-4_9-br"
 2223      4320342E 
 2223      392E3320 
 2223      32303135 
 2223      30333033 
 2224 01cc 616E6368 		.ascii	"anch revision 221220] -mcpu=cortex-m3 -mthumb -g -O"
 2224      20726576 
 2224      6973696F 
 2224      6E203232 
 2224      31323230 
 2225 01ff 67202D66 		.ascii	"g -ffunction-sections -ffat-lto-objects\000"
 2225      66756E63 
 2225      74696F6E 
 2225      2D736563 
 2225      74696F6E 
 2226              	.LASF8:
 2227 0227 756E7369 		.ascii	"unsigned int\000"
 2227      676E6564 
 2227      20696E74 
 2227      00
 2228              	.LASF7:
 2229 0234 6C6F6E67 		.ascii	"long long unsigned int\000"
 2229      206C6F6E 
 2229      6720756E 
 2229      7369676E 
 2229      65642069 
 2230              	.LASF26:
 2231 024b 73657444 		.ascii	"setDIGIO32InOut\000"
 2231      4947494F 
 2231      3332496E 
 2231      4F757400 
 2232              	.LASF28:
 2233 025b 706F6C61 		.ascii	"polarity\000"
 2233      72697479 
 2233      00
 2234              	.LASF24:
 2235 0264 77726974 		.ascii	"writeRegisterDIGIO32Card\000"
 2235      65526567 
 2235      69737465 
 2235      72444947 
 2235      494F3332 
 2236              	.LASF10:
 2237 027d 696E7433 		.ascii	"int32_t\000"
 2237      325F7400 
 2238              	.LASF15:
 2239 0285 73697A65 		.ascii	"sizetype\000"
 2239      74797065 
 2239      00
 2240              	.LASF29:
 2241 028e 72656164 		.ascii	"readRegisterDIGIO32Card\000"
 2241      52656769 
 2241      73746572 
 2241      44494749 
ARM GAS  C:\Users\DGILLI~1\AppData\Local\Temp\cclmcFyl.s 			page 45


 2241      4F333243 
 2242              	.LASF25:
 2243 02a6 696E6974 		.ascii	"initDIGIO32Cards\000"
 2243      44494749 
 2243      4F333243 
 2243      61726473 
 2243      00
 2244              	.LASF14:
 2245 02b7 63686172 		.ascii	"char\000"
 2245      00
 2246              	.LASF41:
 2247 02bc 4932435F 		.ascii	"I2C_MasterStatus\000"
 2247      4D617374 
 2247      65725374 
 2247      61747573 
 2247      00
 2248              	.LASF18:
 2249 02cd 63617264 		.ascii	"card\000"
 2249      00
 2250              	.LASF27:
 2251 02d2 61306231 		.ascii	"a0b1\000"
 2251      00
 2252              	.LASF39:
 2253 02d7 4932435F 		.ascii	"I2C_MasterReadByte\000"
 2253      4D617374 
 2253      65725265 
 2253      61644279 
 2253      746500
 2254              	.LASF2:
 2255 02ea 73686F72 		.ascii	"short int\000"
 2255      7420696E 
 2255      7400
 2256              	.LASF31:
 2257 02f4 77726974 		.ascii	"writeDIGIO32Card\000"
 2257      65444947 
 2257      494F3332 
 2257      43617264 
 2257      00
 2258              	.LASF21:
 2259 0305 72644275 		.ascii	"rdBuff\000"
 2259      666600
 2260              	.LASF4:
 2261 030c 6C6F6E67 		.ascii	"long int\000"
 2261      20696E74 
 2261      00
 2262              	.LASF0:
 2263 0315 7369676E 		.ascii	"signed char\000"
 2263      65642063 
 2263      68617200 
 2264              	.LASF30:
 2265 0321 72656164 		.ascii	"readDIGIO32Card\000"
 2265      44494749 
 2265      4F333243 
 2265      61726400 
 2266              		.ident	"GCC: (GNU Tools for ARM Embedded Processors) 4.9.3 20150303 (release) [ARM/embedded-4_9-br
