ARM GAS  C:\Users\DGILLI~1\AppData\Local\Temp\ccjnTl6m.s 			page 1


   1              		.syntax unified
   2              		.cpu cortex-m3
   3              		.fpu softvfp
   4              		.eabi_attribute 20, 1
   5              		.eabi_attribute 21, 1
   6              		.eabi_attribute 23, 3
   7              		.eabi_attribute 24, 1
   8              		.eabi_attribute 25, 1
   9              		.eabi_attribute 26, 1
  10              		.eabi_attribute 30, 6
  11              		.eabi_attribute 34, 1
  12              		.eabi_attribute 18, 4
  13              		.thumb
  14              		.file	"cymetadata.c"
  15              		.text
  16              	.Ltext0:
  17              		.cfi_sections	.debug_frame
  18              		.global	cy_meta_configecc
  19              		.section	.cyconfigecc,"a",%progbits
  20              		.align	2
  21              		.type	cy_meta_configecc, %object
  22              		.size	cy_meta_configecc, 1704
  23              	cy_meta_configecc:
  24 0000 02       		.byte	2
  25 0001 00       		.byte	0
  26 0002 00       		.byte	0
  27 0003 00       		.byte	0
  28 0004 03       		.byte	3
  29 0005 00       		.byte	0
  30 0006 00       		.byte	0
  31 0007 00       		.byte	0
  32 0008 00       		.byte	0
  33 0009 00       		.byte	0
  34 000a 00       		.byte	0
  35 000b C0       		.byte	-64
  36 000c 00       		.byte	0
  37 000d 00       		.byte	0
  38 000e 00       		.byte	0
  39 000f 00       		.byte	0
  40 0010 00       		.byte	0
  41 0011 00       		.byte	0
  42 0012 00       		.byte	0
  43 0013 10       		.byte	16
  44 0014 00       		.byte	0
  45 0015 00       		.byte	0
  46 0016 00       		.byte	0
  47 0017 40       		.byte	64
  48 0018 00       		.byte	0
  49 0019 00       		.byte	0
  50 001a 00       		.byte	0
  51 001b 00       		.byte	0
  52 001c 00       		.byte	0
  53 001d 00       		.byte	0
  54 001e 00       		.byte	0
  55 001f 00       		.byte	0
  56 0020 00       		.byte	0
  57 0021 00       		.byte	0
ARM GAS  C:\Users\DGILLI~1\AppData\Local\Temp\ccjnTl6m.s 			page 2


  58 0022 00       		.byte	0
  59 0023 00       		.byte	0
  60 0024 00       		.byte	0
  61 0025 00       		.byte	0
  62 0026 00       		.byte	0
  63 0027 80       		.byte	-128
  64 0028 00       		.byte	0
  65 0029 00       		.byte	0
  66 002a 00       		.byte	0
  67 002b 00       		.byte	0
  68 002c 00       		.byte	0
  69 002d 00       		.byte	0
  70 002e 00       		.byte	0
  71 002f 00       		.byte	0
  72 0030 00       		.byte	0
  73 0031 00       		.byte	0
  74 0032 00       		.byte	0
  75 0033 00       		.byte	0
  76 0034 00       		.byte	0
  77 0035 00       		.byte	0
  78 0036 00       		.byte	0
  79 0037 10       		.byte	16
  80 0038 00       		.byte	0
  81 0039 00       		.byte	0
  82 003a 00       		.byte	0
  83 003b 20       		.byte	32
  84 003c 00       		.byte	0
  85 003d 04       		.byte	4
  86 003e 00       		.byte	0
  87 003f 00       		.byte	0
  88 0040 00       		.byte	0
  89 0041 00       		.byte	0
  90 0042 00       		.byte	0
  91 0043 00       		.byte	0
  92 0044 00       		.byte	0
  93 0045 00       		.byte	0
  94 0046 00       		.byte	0
  95 0047 00       		.byte	0
  96 0048 00       		.byte	0
  97 0049 00       		.byte	0
  98 004a 00       		.byte	0
  99 004b 00       		.byte	0
 100 004c 00       		.byte	0
 101 004d 00       		.byte	0
 102 004e 00       		.byte	0
 103 004f 00       		.byte	0
 104 0050 00       		.byte	0
 105 0051 00       		.byte	0
 106 0052 00       		.byte	0
 107 0053 00       		.byte	0
 108 0054 00       		.byte	0
 109 0055 00       		.byte	0
 110 0056 00       		.byte	0
 111 0057 00       		.byte	0
 112 0058 00       		.byte	0
 113 0059 00       		.byte	0
 114 005a 00       		.byte	0
ARM GAS  C:\Users\DGILLI~1\AppData\Local\Temp\ccjnTl6m.s 			page 3


 115 005b 00       		.byte	0
 116 005c 00       		.byte	0
 117 005d 00       		.byte	0
 118 005e 00       		.byte	0
 119 005f 00       		.byte	0
 120 0060 00       		.byte	0
 121 0061 00       		.byte	0
 122 0062 00       		.byte	0
 123 0063 00       		.byte	0
 124 0064 00       		.byte	0
 125 0065 00       		.byte	0
 126 0066 00       		.byte	0
 127 0067 00       		.byte	0
 128 0068 00       		.byte	0
 129 0069 00       		.byte	0
 130 006a 00       		.byte	0
 131 006b 00       		.byte	0
 132 006c 00       		.byte	0
 133 006d 00       		.byte	0
 134 006e 00       		.byte	0
 135 006f 00       		.byte	0
 136 0070 00       		.byte	0
 137 0071 00       		.byte	0
 138 0072 00       		.byte	0
 139 0073 00       		.byte	0
 140 0074 00       		.byte	0
 141 0075 00       		.byte	0
 142 0076 00       		.byte	0
 143 0077 00       		.byte	0
 144 0078 00       		.byte	0
 145 0079 00       		.byte	0
 146 007a 00       		.byte	0
 147 007b 00       		.byte	0
 148 007c 00       		.byte	0
 149 007d 00       		.byte	0
 150 007e 00       		.byte	0
 151 007f 00       		.byte	0
 152 0080 00       		.byte	0
 153 0081 00       		.byte	0
 154 0082 00       		.byte	0
 155 0083 00       		.byte	0
 156 0084 00       		.byte	0
 157 0085 00       		.byte	0
 158 0086 00       		.byte	0
 159 0087 00       		.byte	0
 160 0088 00       		.byte	0
 161 0089 00       		.byte	0
 162 008a 00       		.byte	0
 163 008b 00       		.byte	0
 164 008c 00       		.byte	0
 165 008d 00       		.byte	0
 166 008e 00       		.byte	0
 167 008f 00       		.byte	0
 168 0090 00       		.byte	0
 169 0091 00       		.byte	0
 170 0092 00       		.byte	0
 171 0093 00       		.byte	0
ARM GAS  C:\Users\DGILLI~1\AppData\Local\Temp\ccjnTl6m.s 			page 4


 172 0094 00       		.byte	0
 173 0095 00       		.byte	0
 174 0096 00       		.byte	0
 175 0097 00       		.byte	0
 176 0098 00       		.byte	0
 177 0099 00       		.byte	0
 178 009a 00       		.byte	0
 179 009b 00       		.byte	0
 180 009c 00       		.byte	0
 181 009d 00       		.byte	0
 182 009e 00       		.byte	0
 183 009f 00       		.byte	0
 184 00a0 80       		.byte	-128
 185 00a1 00       		.byte	0
 186 00a2 00       		.byte	0
 187 00a3 20       		.byte	32
 188 00a4 00       		.byte	0
 189 00a5 08       		.byte	8
 190 00a6 00       		.byte	0
 191 00a7 00       		.byte	0
 192 00a8 00       		.byte	0
 193 00a9 00       		.byte	0
 194 00aa 00       		.byte	0
 195 00ab 00       		.byte	0
 196 00ac 00       		.byte	0
 197 00ad 00       		.byte	0
 198 00ae 00       		.byte	0
 199 00af 00       		.byte	0
 200 00b0 00       		.byte	0
 201 00b1 00       		.byte	0
 202 00b2 00       		.byte	0
 203 00b3 00       		.byte	0
 204 00b4 00       		.byte	0
 205 00b5 00       		.byte	0
 206 00b6 00       		.byte	0
 207 00b7 00       		.byte	0
 208 00b8 00       		.byte	0
 209 00b9 00       		.byte	0
 210 00ba 00       		.byte	0
 211 00bb 00       		.byte	0
 212 00bc 00       		.byte	0
 213 00bd 00       		.byte	0
 214 00be 00       		.byte	0
 215 00bf 00       		.byte	0
 216 00c0 00       		.byte	0
 217 00c1 00       		.byte	0
 218 00c2 00       		.byte	0
 219 00c3 00       		.byte	0
 220 00c4 00       		.byte	0
 221 00c5 00       		.byte	0
 222 00c6 00       		.byte	0
 223 00c7 00       		.byte	0
 224 00c8 00       		.byte	0
 225 00c9 00       		.byte	0
 226 00ca 00       		.byte	0
 227 00cb 00       		.byte	0
 228 00cc 00       		.byte	0
ARM GAS  C:\Users\DGILLI~1\AppData\Local\Temp\ccjnTl6m.s 			page 5


 229 00cd 00       		.byte	0
 230 00ce 00       		.byte	0
 231 00cf 00       		.byte	0
 232 00d0 00       		.byte	0
 233 00d1 00       		.byte	0
 234 00d2 00       		.byte	0
 235 00d3 00       		.byte	0
 236 00d4 00       		.byte	0
 237 00d5 00       		.byte	0
 238 00d6 00       		.byte	0
 239 00d7 00       		.byte	0
 240 00d8 00       		.byte	0
 241 00d9 00       		.byte	0
 242 00da 00       		.byte	0
 243 00db 00       		.byte	0
 244 00dc 00       		.byte	0
 245 00dd 00       		.byte	0
 246 00de 00       		.byte	0
 247 00df 00       		.byte	0
 248 00e0 00       		.byte	0
 249 00e1 00       		.byte	0
 250 00e2 00       		.byte	0
 251 00e3 00       		.byte	0
 252 00e4 00       		.byte	0
 253 00e5 00       		.byte	0
 254 00e6 00       		.byte	0
 255 00e7 00       		.byte	0
 256 00e8 00       		.byte	0
 257 00e9 00       		.byte	0
 258 00ea 00       		.byte	0
 259 00eb 00       		.byte	0
 260 00ec 00       		.byte	0
 261 00ed 00       		.byte	0
 262 00ee 00       		.byte	0
 263 00ef 00       		.byte	0
 264 00f0 00       		.byte	0
 265 00f1 00       		.byte	0
 266 00f2 00       		.byte	0
 267 00f3 00       		.byte	0
 268 00f4 00       		.byte	0
 269 00f5 00       		.byte	0
 270 00f6 00       		.byte	0
 271 00f7 00       		.byte	0
 272 00f8 00       		.byte	0
 273 00f9 00       		.byte	0
 274 00fa 00       		.byte	0
 275 00fb 00       		.byte	0
 276 00fc 00       		.byte	0
 277 00fd 00       		.byte	0
 278 00fe 00       		.byte	0
 279 00ff 00       		.byte	0
 280 0100 00       		.byte	0
 281 0101 00       		.byte	0
 282 0102 00       		.byte	0
 283 0103 00       		.byte	0
 284 0104 00       		.byte	0
 285 0105 00       		.byte	0
ARM GAS  C:\Users\DGILLI~1\AppData\Local\Temp\ccjnTl6m.s 			page 6


 286 0106 00       		.byte	0
 287 0107 00       		.byte	0
 288 0108 00       		.byte	0
 289 0109 00       		.byte	0
 290 010a 00       		.byte	0
 291 010b 10       		.byte	16
 292 010c 00       		.byte	0
 293 010d 00       		.byte	0
 294 010e 00       		.byte	0
 295 010f 40       		.byte	64
 296 0110 80       		.byte	-128
 297 0111 00       		.byte	0
 298 0112 00       		.byte	0
 299 0113 00       		.byte	0
 300 0114 00       		.byte	0
 301 0115 00       		.byte	0
 302 0116 00       		.byte	0
 303 0117 00       		.byte	0
 304 0118 00       		.byte	0
 305 0119 00       		.byte	0
 306 011a 00       		.byte	0
 307 011b 00       		.byte	0
 308 011c 00       		.byte	0
 309 011d 00       		.byte	0
 310 011e 00       		.byte	0
 311 011f 00       		.byte	0
 312 0120 00       		.byte	0
 313 0121 00       		.byte	0
 314 0122 00       		.byte	0
 315 0123 00       		.byte	0
 316 0124 00       		.byte	0
 317 0125 00       		.byte	0
 318 0126 00       		.byte	0
 319 0127 00       		.byte	0
 320 0128 00       		.byte	0
 321 0129 00       		.byte	0
 322 012a 00       		.byte	0
 323 012b 00       		.byte	0
 324 012c 00       		.byte	0
 325 012d 00       		.byte	0
 326 012e 00       		.byte	0
 327 012f 00       		.byte	0
 328 0130 00       		.byte	0
 329 0131 00       		.byte	0
 330 0132 00       		.byte	0
 331 0133 00       		.byte	0
 332 0134 00       		.byte	0
 333 0135 00       		.byte	0
 334 0136 00       		.byte	0
 335 0137 00       		.byte	0
 336 0138 00       		.byte	0
 337 0139 00       		.byte	0
 338 013a 00       		.byte	0
 339 013b 00       		.byte	0
 340 013c 00       		.byte	0
 341 013d 00       		.byte	0
 342 013e 00       		.byte	0
ARM GAS  C:\Users\DGILLI~1\AppData\Local\Temp\ccjnTl6m.s 			page 7


 343 013f 00       		.byte	0
 344 0140 00       		.byte	0
 345 0141 00       		.byte	0
 346 0142 00       		.byte	0
 347 0143 00       		.byte	0
 348 0144 00       		.byte	0
 349 0145 00       		.byte	0
 350 0146 00       		.byte	0
 351 0147 00       		.byte	0
 352 0148 00       		.byte	0
 353 0149 00       		.byte	0
 354 014a 00       		.byte	0
 355 014b 00       		.byte	0
 356 014c 00       		.byte	0
 357 014d 00       		.byte	0
 358 014e 00       		.byte	0
 359 014f 00       		.byte	0
 360 0150 00       		.byte	0
 361 0151 00       		.byte	0
 362 0152 00       		.byte	0
 363 0153 00       		.byte	0
 364 0154 0E       		.byte	14
 365 0155 00       		.byte	0
 366 0156 00       		.byte	0
 367 0157 00       		.byte	0
 368 0158 00       		.byte	0
 369 0159 00       		.byte	0
 370 015a 00       		.byte	0
 371 015b 00       		.byte	0
 372 015c 00       		.byte	0
 373 015d 00       		.byte	0
 374 015e 00       		.byte	0
 375 015f 00       		.byte	0
 376 0160 00       		.byte	0
 377 0161 00       		.byte	0
 378 0162 00       		.byte	0
 379 0163 00       		.byte	0
 380 0164 00       		.byte	0
 381 0165 00       		.byte	0
 382 0166 00       		.byte	0
 383 0167 00       		.byte	0
 384 0168 00       		.byte	0
 385 0169 00       		.byte	0
 386 016a 00       		.byte	0
 387 016b 00       		.byte	0
 388 016c 00       		.byte	0
 389 016d 00       		.byte	0
 390 016e 03       		.byte	3
 391 016f 00       		.byte	0
 392 0170 00       		.byte	0
 393 0171 00       		.byte	0
 394 0172 00       		.byte	0
 395 0173 00       		.byte	0
 396 0174 00       		.byte	0
 397 0175 00       		.byte	0
 398 0176 00       		.byte	0
 399 0177 00       		.byte	0
ARM GAS  C:\Users\DGILLI~1\AppData\Local\Temp\ccjnTl6m.s 			page 8


 400 0178 00       		.byte	0
 401 0179 00       		.byte	0
 402 017a 00       		.byte	0
 403 017b 00       		.byte	0
 404 017c 00       		.byte	0
 405 017d 00       		.byte	0
 406 017e 00       		.byte	0
 407 017f 00       		.byte	0
 408 0180 00       		.byte	0
 409 0181 00       		.byte	0
 410 0182 00       		.byte	0
 411 0183 00       		.byte	0
 412 0184 00       		.byte	0
 413 0185 00       		.byte	0
 414 0186 00       		.byte	0
 415 0187 00       		.byte	0
 416 0188 00       		.byte	0
 417 0189 00       		.byte	0
 418 018a 00       		.byte	0
 419 018b 00       		.byte	0
 420 018c 00       		.byte	0
 421 018d 00       		.byte	0
 422 018e 00       		.byte	0
 423 018f 00       		.byte	0
 424 0190 00       		.byte	0
 425 0191 00       		.byte	0
 426 0192 00       		.byte	0
 427 0193 00       		.byte	0
 428 0194 00       		.byte	0
 429 0195 00       		.byte	0
 430 0196 00       		.byte	0
 431 0197 00       		.byte	0
 432 0198 00       		.byte	0
 433 0199 00       		.byte	0
 434 019a 00       		.byte	0
 435 019b 00       		.byte	0
 436 019c 00       		.byte	0
 437 019d 00       		.byte	0
 438 019e 00       		.byte	0
 439 019f 00       		.byte	0
 440 01a0 00       		.byte	0
 441 01a1 00       		.byte	0
 442 01a2 00       		.byte	0
 443 01a3 00       		.byte	0
 444 01a4 00       		.byte	0
 445 01a5 00       		.byte	0
 446 01a6 00       		.byte	0
 447 01a7 00       		.byte	0
 448 01a8 00       		.byte	0
 449 01a9 00       		.byte	0
 450 01aa 00       		.byte	0
 451 01ab 00       		.byte	0
 452 01ac 00       		.byte	0
 453 01ad 00       		.byte	0
 454 01ae 00       		.byte	0
 455 01af 00       		.byte	0
 456 01b0 00       		.byte	0
ARM GAS  C:\Users\DGILLI~1\AppData\Local\Temp\ccjnTl6m.s 			page 9


 457 01b1 00       		.byte	0
 458 01b2 00       		.byte	0
 459 01b3 00       		.byte	0
 460 01b4 00       		.byte	0
 461 01b5 00       		.byte	0
 462 01b6 00       		.byte	0
 463 01b7 00       		.byte	0
 464 01b8 00       		.byte	0
 465 01b9 00       		.byte	0
 466 01ba 00       		.byte	0
 467 01bb 00       		.byte	0
 468 01bc 00       		.byte	0
 469 01bd 00       		.byte	0
 470 01be 00       		.byte	0
 471 01bf 00       		.byte	0
 472 01c0 00       		.byte	0
 473 01c1 00       		.byte	0
 474 01c2 00       		.byte	0
 475 01c3 00       		.byte	0
 476 01c4 00       		.byte	0
 477 01c5 00       		.byte	0
 478 01c6 00       		.byte	0
 479 01c7 00       		.byte	0
 480 01c8 00       		.byte	0
 481 01c9 00       		.byte	0
 482 01ca 00       		.byte	0
 483 01cb 00       		.byte	0
 484 01cc 00       		.byte	0
 485 01cd 00       		.byte	0
 486 01ce 00       		.byte	0
 487 01cf 00       		.byte	0
 488 01d0 00       		.byte	0
 489 01d1 00       		.byte	0
 490 01d2 00       		.byte	0
 491 01d3 00       		.byte	0
 492 01d4 00       		.byte	0
 493 01d5 00       		.byte	0
 494 01d6 00       		.byte	0
 495 01d7 00       		.byte	0
 496 01d8 00       		.byte	0
 497 01d9 00       		.byte	0
 498 01da 00       		.byte	0
 499 01db 00       		.byte	0
 500 01dc 00       		.byte	0
 501 01dd 00       		.byte	0
 502 01de 00       		.byte	0
 503 01df 00       		.byte	0
 504 01e0 00       		.byte	0
 505 01e1 00       		.byte	0
 506 01e2 00       		.byte	0
 507 01e3 00       		.byte	0
 508 01e4 00       		.byte	0
 509 01e5 00       		.byte	0
 510 01e6 00       		.byte	0
 511 01e7 00       		.byte	0
 512 01e8 00       		.byte	0
 513 01e9 00       		.byte	0
ARM GAS  C:\Users\DGILLI~1\AppData\Local\Temp\ccjnTl6m.s 			page 10


 514 01ea 00       		.byte	0
 515 01eb 00       		.byte	0
 516 01ec 00       		.byte	0
 517 01ed 00       		.byte	0
 518 01ee 00       		.byte	0
 519 01ef 00       		.byte	0
 520 01f0 08       		.byte	8
 521 01f1 00       		.byte	0
 522 01f2 00       		.byte	0
 523 01f3 00       		.byte	0
 524 01f4 01       		.byte	1
 525 01f5 00       		.byte	0
 526 01f6 00       		.byte	0
 527 01f7 00       		.byte	0
 528 01f8 00       		.byte	0
 529 01f9 00       		.byte	0
 530 01fa 09       		.byte	9
 531 01fb 00       		.byte	0
 532 01fc 00       		.byte	0
 533 01fd 00       		.byte	0
 534 01fe 00       		.byte	0
 535 01ff 00       		.byte	0
 536 0200 00       		.byte	0
 537 0201 00       		.byte	0
 538 0202 00       		.byte	0
 539 0203 00       		.byte	0
 540 0204 00       		.byte	0
 541 0205 00       		.byte	0
 542 0206 00       		.byte	0
 543 0207 00       		.byte	0
 544 0208 00       		.byte	0
 545 0209 00       		.byte	0
 546 020a 00       		.byte	0
 547 020b 00       		.byte	0
 548 020c 00       		.byte	0
 549 020d 00       		.byte	0
 550 020e 00       		.byte	0
 551 020f 00       		.byte	0
 552 0210 00       		.byte	0
 553 0211 00       		.byte	0
 554 0212 00       		.byte	0
 555 0213 00       		.byte	0
 556 0214 00       		.byte	0
 557 0215 00       		.byte	0
 558 0216 00       		.byte	0
 559 0217 00       		.byte	0
 560 0218 00       		.byte	0
 561 0219 00       		.byte	0
 562 021a 00       		.byte	0
 563 021b 00       		.byte	0
 564 021c 00       		.byte	0
 565 021d 00       		.byte	0
 566 021e 00       		.byte	0
 567 021f 00       		.byte	0
 568 0220 00       		.byte	0
 569 0221 00       		.byte	0
 570 0222 00       		.byte	0
ARM GAS  C:\Users\DGILLI~1\AppData\Local\Temp\ccjnTl6m.s 			page 11


 571 0223 00       		.byte	0
 572 0224 00       		.byte	0
 573 0225 00       		.byte	0
 574 0226 00       		.byte	0
 575 0227 00       		.byte	0
 576 0228 00       		.byte	0
 577 0229 00       		.byte	0
 578 022a 00       		.byte	0
 579 022b 00       		.byte	0
 580 022c 00       		.byte	0
 581 022d 00       		.byte	0
 582 022e 00       		.byte	0
 583 022f 00       		.byte	0
 584 0230 00       		.byte	0
 585 0231 00       		.byte	0
 586 0232 00       		.byte	0
 587 0233 00       		.byte	0
 588 0234 00       		.byte	0
 589 0235 00       		.byte	0
 590 0236 00       		.byte	0
 591 0237 00       		.byte	0
 592 0238 00       		.byte	0
 593 0239 00       		.byte	0
 594 023a 00       		.byte	0
 595 023b 00       		.byte	0
 596 023c 00       		.byte	0
 597 023d 00       		.byte	0
 598 023e 00       		.byte	0
 599 023f 00       		.byte	0
 600 0240 00       		.byte	0
 601 0241 00       		.byte	0
 602 0242 00       		.byte	0
 603 0243 00       		.byte	0
 604 0244 00       		.byte	0
 605 0245 00       		.byte	0
 606 0246 00       		.byte	0
 607 0247 00       		.byte	0
 608 0248 00       		.byte	0
 609 0249 00       		.byte	0
 610 024a 00       		.byte	0
 611 024b 00       		.byte	0
 612 024c 00       		.byte	0
 613 024d 00       		.byte	0
 614 024e 00       		.byte	0
 615 024f 00       		.byte	0
 616 0250 00       		.byte	0
 617 0251 00       		.byte	0
 618 0252 00       		.byte	0
 619 0253 00       		.byte	0
 620 0254 00       		.byte	0
 621 0255 00       		.byte	0
 622 0256 00       		.byte	0
 623 0257 00       		.byte	0
 624 0258 00       		.byte	0
 625 0259 00       		.byte	0
 626 025a 00       		.byte	0
 627 025b 00       		.byte	0
ARM GAS  C:\Users\DGILLI~1\AppData\Local\Temp\ccjnTl6m.s 			page 12


 628 025c 00       		.byte	0
 629 025d 00       		.byte	0
 630 025e 00       		.byte	0
 631 025f 00       		.byte	0
 632 0260 00       		.byte	0
 633 0261 00       		.byte	0
 634 0262 00       		.byte	0
 635 0263 00       		.byte	0
 636 0264 00       		.byte	0
 637 0265 00       		.byte	0
 638 0266 00       		.byte	0
 639 0267 00       		.byte	0
 640 0268 00       		.byte	0
 641 0269 00       		.byte	0
 642 026a 00       		.byte	0
 643 026b 00       		.byte	0
 644 026c 00       		.byte	0
 645 026d 00       		.byte	0
 646 026e 00       		.byte	0
 647 026f 00       		.byte	0
 648 0270 08       		.byte	8
 649 0271 00       		.byte	0
 650 0272 00       		.byte	0
 651 0273 00       		.byte	0
 652 0274 01       		.byte	1
 653 0275 00       		.byte	0
 654 0276 00       		.byte	0
 655 0277 00       		.byte	0
 656 0278 00       		.byte	0
 657 0279 00       		.byte	0
 658 027a 09       		.byte	9
 659 027b 00       		.byte	0
 660 027c 00       		.byte	0
 661 027d 00       		.byte	0
 662 027e 00       		.byte	0
 663 027f 00       		.byte	0
 664 0280 00       		.byte	0
 665 0281 00       		.byte	0
 666 0282 00       		.byte	0
 667 0283 00       		.byte	0
 668 0284 00       		.byte	0
 669 0285 00       		.byte	0
 670 0286 00       		.byte	0
 671 0287 00       		.byte	0
 672 0288 00       		.byte	0
 673 0289 00       		.byte	0
 674 028a 00       		.byte	0
 675 028b 00       		.byte	0
 676 028c 00       		.byte	0
 677 028d 00       		.byte	0
 678 028e 00       		.byte	0
 679 028f 00       		.byte	0
 680 0290 00       		.byte	0
 681 0291 00       		.byte	0
 682 0292 00       		.byte	0
 683 0293 00       		.byte	0
 684 0294 00       		.byte	0
ARM GAS  C:\Users\DGILLI~1\AppData\Local\Temp\ccjnTl6m.s 			page 13


 685 0295 00       		.byte	0
 686 0296 00       		.byte	0
 687 0297 00       		.byte	0
 688 0298 00       		.byte	0
 689 0299 00       		.byte	0
 690 029a 00       		.byte	0
 691 029b 00       		.byte	0
 692 029c 00       		.byte	0
 693 029d 00       		.byte	0
 694 029e 00       		.byte	0
 695 029f 00       		.byte	0
 696 02a0 00       		.byte	0
 697 02a1 00       		.byte	0
 698 02a2 00       		.byte	0
 699 02a3 00       		.byte	0
 700 02a4 00       		.byte	0
 701 02a5 00       		.byte	0
 702 02a6 00       		.byte	0
 703 02a7 00       		.byte	0
 704 02a8 00       		.byte	0
 705 02a9 00       		.byte	0
 706 02aa 00       		.byte	0
 707 02ab 00       		.byte	0
 708 02ac 00       		.byte	0
 709 02ad 00       		.byte	0
 710 02ae 00       		.byte	0
 711 02af 00       		.byte	0
 712 02b0 00       		.byte	0
 713 02b1 00       		.byte	0
 714 02b2 00       		.byte	0
 715 02b3 00       		.byte	0
 716 02b4 00       		.byte	0
 717 02b5 00       		.byte	0
 718 02b6 00       		.byte	0
 719 02b7 00       		.byte	0
 720 02b8 00       		.byte	0
 721 02b9 00       		.byte	0
 722 02ba 00       		.byte	0
 723 02bb 00       		.byte	0
 724 02bc 00       		.byte	0
 725 02bd 00       		.byte	0
 726 02be 00       		.byte	0
 727 02bf 00       		.byte	0
 728 02c0 00       		.byte	0
 729 02c1 00       		.byte	0
 730 02c2 00       		.byte	0
 731 02c3 00       		.byte	0
 732 02c4 00       		.byte	0
 733 02c5 00       		.byte	0
 734 02c6 00       		.byte	0
 735 02c7 00       		.byte	0
 736 02c8 00       		.byte	0
 737 02c9 00       		.byte	0
 738 02ca 00       		.byte	0
 739 02cb 00       		.byte	0
 740 02cc 00       		.byte	0
 741 02cd 00       		.byte	0
ARM GAS  C:\Users\DGILLI~1\AppData\Local\Temp\ccjnTl6m.s 			page 14


 742 02ce 00       		.byte	0
 743 02cf 00       		.byte	0
 744 02d0 00       		.byte	0
 745 02d1 00       		.byte	0
 746 02d2 00       		.byte	0
 747 02d3 00       		.byte	0
 748 02d4 00       		.byte	0
 749 02d5 00       		.byte	0
 750 02d6 00       		.byte	0
 751 02d7 00       		.byte	0
 752 02d8 00       		.byte	0
 753 02d9 00       		.byte	0
 754 02da 00       		.byte	0
 755 02db 00       		.byte	0
 756 02dc 00       		.byte	0
 757 02dd 00       		.byte	0
 758 02de 00       		.byte	0
 759 02df 00       		.byte	0
 760 02e0 00       		.byte	0
 761 02e1 00       		.byte	0
 762 02e2 00       		.byte	0
 763 02e3 00       		.byte	0
 764 02e4 00       		.byte	0
 765 02e5 00       		.byte	0
 766 02e6 00       		.byte	0
 767 02e7 00       		.byte	0
 768 02e8 00       		.byte	0
 769 02e9 00       		.byte	0
 770 02ea 00       		.byte	0
 771 02eb 00       		.byte	0
 772 02ec 00       		.byte	0
 773 02ed 00       		.byte	0
 774 02ee 00       		.byte	0
 775 02ef 00       		.byte	0
 776 02f0 00       		.byte	0
 777 02f1 00       		.byte	0
 778 02f2 04       		.byte	4
 779 02f3 00       		.byte	0
 780 02f4 00       		.byte	0
 781 02f5 00       		.byte	0
 782 02f6 00       		.byte	0
 783 02f7 00       		.byte	0
 784 02f8 00       		.byte	0
 785 02f9 00       		.byte	0
 786 02fa 00       		.byte	0
 787 02fb 00       		.byte	0
 788 02fc 00       		.byte	0
 789 02fd 00       		.byte	0
 790 02fe 00       		.byte	0
 791 02ff 00       		.byte	0
 792 0300 00       		.byte	0
 793 0301 00       		.byte	0
 794 0302 00       		.byte	0
 795 0303 00       		.byte	0
 796 0304 00       		.byte	0
 797 0305 00       		.byte	0
 798 0306 00       		.byte	0
ARM GAS  C:\Users\DGILLI~1\AppData\Local\Temp\ccjnTl6m.s 			page 15


 799 0307 00       		.byte	0
 800 0308 00       		.byte	0
 801 0309 00       		.byte	0
 802 030a 00       		.byte	0
 803 030b 00       		.byte	0
 804 030c 00       		.byte	0
 805 030d 00       		.byte	0
 806 030e 00       		.byte	0
 807 030f 00       		.byte	0
 808 0310 00       		.byte	0
 809 0311 00       		.byte	0
 810 0312 00       		.byte	0
 811 0313 00       		.byte	0
 812 0314 00       		.byte	0
 813 0315 00       		.byte	0
 814 0316 00       		.byte	0
 815 0317 00       		.byte	0
 816 0318 00       		.byte	0
 817 0319 00       		.byte	0
 818 031a 00       		.byte	0
 819 031b 00       		.byte	0
 820 031c 00       		.byte	0
 821 031d 00       		.byte	0
 822 031e 00       		.byte	0
 823 031f 00       		.byte	0
 824 0320 00       		.byte	0
 825 0321 00       		.byte	0
 826 0322 00       		.byte	0
 827 0323 00       		.byte	0
 828 0324 00       		.byte	0
 829 0325 00       		.byte	0
 830 0326 00       		.byte	0
 831 0327 00       		.byte	0
 832 0328 00       		.byte	0
 833 0329 00       		.byte	0
 834 032a 00       		.byte	0
 835 032b 00       		.byte	0
 836 032c 00       		.byte	0
 837 032d 00       		.byte	0
 838 032e 00       		.byte	0
 839 032f 00       		.byte	0
 840 0330 00       		.byte	0
 841 0331 00       		.byte	0
 842 0332 00       		.byte	0
 843 0333 00       		.byte	0
 844 0334 00       		.byte	0
 845 0335 00       		.byte	0
 846 0336 00       		.byte	0
 847 0337 00       		.byte	0
 848 0338 00       		.byte	0
 849 0339 00       		.byte	0
 850 033a 00       		.byte	0
 851 033b 00       		.byte	0
 852 033c 00       		.byte	0
 853 033d 00       		.byte	0
 854 033e 00       		.byte	0
 855 033f 00       		.byte	0
ARM GAS  C:\Users\DGILLI~1\AppData\Local\Temp\ccjnTl6m.s 			page 16


 856 0340 00       		.byte	0
 857 0341 00       		.byte	0
 858 0342 00       		.byte	0
 859 0343 00       		.byte	0
 860 0344 00       		.byte	0
 861 0345 00       		.byte	0
 862 0346 00       		.byte	0
 863 0347 00       		.byte	0
 864 0348 00       		.byte	0
 865 0349 00       		.byte	0
 866 034a 00       		.byte	0
 867 034b 00       		.byte	0
 868 034c 00       		.byte	0
 869 034d 00       		.byte	0
 870 034e 00       		.byte	0
 871 034f 00       		.byte	0
 872 0350 00       		.byte	0
 873 0351 00       		.byte	0
 874 0352 00       		.byte	0
 875 0353 00       		.byte	0
 876 0354 00       		.byte	0
 877 0355 00       		.byte	0
 878 0356 00       		.byte	0
 879 0357 00       		.byte	0
 880 0358 00       		.byte	0
 881 0359 00       		.byte	0
 882 035a 00       		.byte	0
 883 035b 00       		.byte	0
 884 035c 00       		.byte	0
 885 035d 00       		.byte	0
 886 035e 00       		.byte	0
 887 035f 00       		.byte	0
 888 0360 00       		.byte	0
 889 0361 00       		.byte	0
 890 0362 00       		.byte	0
 891 0363 00       		.byte	0
 892 0364 00       		.byte	0
 893 0365 00       		.byte	0
 894 0366 00       		.byte	0
 895 0367 00       		.byte	0
 896 0368 00       		.byte	0
 897 0369 00       		.byte	0
 898 036a 00       		.byte	0
 899 036b 00       		.byte	0
 900 036c 00       		.byte	0
 901 036d 00       		.byte	0
 902 036e 00       		.byte	0
 903 036f 00       		.byte	0
 904 0370 00       		.byte	0
 905 0371 00       		.byte	0
 906 0372 04       		.byte	4
 907 0373 00       		.byte	0
 908 0374 00       		.byte	0
 909 0375 00       		.byte	0
 910 0376 00       		.byte	0
 911 0377 00       		.byte	0
 912 0378 00       		.byte	0
ARM GAS  C:\Users\DGILLI~1\AppData\Local\Temp\ccjnTl6m.s 			page 17


 913 0379 00       		.byte	0
 914 037a 00       		.byte	0
 915 037b 00       		.byte	0
 916 037c 00       		.byte	0
 917 037d 00       		.byte	0
 918 037e 00       		.byte	0
 919 037f 00       		.byte	0
 920 0380 00       		.byte	0
 921 0381 00       		.byte	0
 922 0382 00       		.byte	0
 923 0383 00       		.byte	0
 924 0384 00       		.byte	0
 925 0385 00       		.byte	0
 926 0386 00       		.byte	0
 927 0387 00       		.byte	0
 928 0388 00       		.byte	0
 929 0389 00       		.byte	0
 930 038a 00       		.byte	0
 931 038b 00       		.byte	0
 932 038c 00       		.byte	0
 933 038d 00       		.byte	0
 934 038e 00       		.byte	0
 935 038f 00       		.byte	0
 936 0390 00       		.byte	0
 937 0391 00       		.byte	0
 938 0392 00       		.byte	0
 939 0393 00       		.byte	0
 940 0394 00       		.byte	0
 941 0395 00       		.byte	0
 942 0396 00       		.byte	0
 943 0397 00       		.byte	0
 944 0398 00       		.byte	0
 945 0399 00       		.byte	0
 946 039a 00       		.byte	0
 947 039b 00       		.byte	0
 948 039c 00       		.byte	0
 949 039d 00       		.byte	0
 950 039e 00       		.byte	0
 951 039f 00       		.byte	0
 952 03a0 00       		.byte	0
 953 03a1 00       		.byte	0
 954 03a2 20       		.byte	32
 955 03a3 00       		.byte	0
 956 03a4 00       		.byte	0
 957 03a5 00       		.byte	0
 958 03a6 40       		.byte	64
 959 03a7 00       		.byte	0
 960 03a8 00       		.byte	0
 961 03a9 00       		.byte	0
 962 03aa 00       		.byte	0
 963 03ab 00       		.byte	0
 964 03ac 00       		.byte	0
 965 03ad 00       		.byte	0
 966 03ae 00       		.byte	0
 967 03af 00       		.byte	0
 968 03b0 00       		.byte	0
 969 03b1 00       		.byte	0
ARM GAS  C:\Users\DGILLI~1\AppData\Local\Temp\ccjnTl6m.s 			page 18


 970 03b2 00       		.byte	0
 971 03b3 00       		.byte	0
 972 03b4 00       		.byte	0
 973 03b5 00       		.byte	0
 974 03b6 00       		.byte	0
 975 03b7 00       		.byte	0
 976 03b8 00       		.byte	0
 977 03b9 00       		.byte	0
 978 03ba 00       		.byte	0
 979 03bb 00       		.byte	0
 980 03bc 00       		.byte	0
 981 03bd 00       		.byte	0
 982 03be 00       		.byte	0
 983 03bf 00       		.byte	0
 984 03c0 00       		.byte	0
 985 03c1 00       		.byte	0
 986 03c2 00       		.byte	0
 987 03c3 00       		.byte	0
 988 03c4 00       		.byte	0
 989 03c5 00       		.byte	0
 990 03c6 00       		.byte	0
 991 03c7 00       		.byte	0
 992 03c8 00       		.byte	0
 993 03c9 00       		.byte	0
 994 03ca 00       		.byte	0
 995 03cb 00       		.byte	0
 996 03cc 00       		.byte	0
 997 03cd 00       		.byte	0
 998 03ce 00       		.byte	0
 999 03cf 00       		.byte	0
 1000 03d0 00       		.byte	0
 1001 03d1 00       		.byte	0
 1002 03d2 00       		.byte	0
 1003 03d3 00       		.byte	0
 1004 03d4 00       		.byte	0
 1005 03d5 00       		.byte	0
 1006 03d6 00       		.byte	0
 1007 03d7 00       		.byte	0
 1008 03d8 00       		.byte	0
 1009 03d9 00       		.byte	0
 1010 03da 00       		.byte	0
 1011 03db 00       		.byte	0
 1012 03dc 00       		.byte	0
 1013 03dd 00       		.byte	0
 1014 03de 00       		.byte	0
 1015 03df 00       		.byte	0
 1016 03e0 00       		.byte	0
 1017 03e1 00       		.byte	0
 1018 03e2 00       		.byte	0
 1019 03e3 00       		.byte	0
 1020 03e4 00       		.byte	0
 1021 03e5 00       		.byte	0
 1022 03e6 00       		.byte	0
 1023 03e7 00       		.byte	0
 1024 03e8 00       		.byte	0
 1025 03e9 00       		.byte	0
 1026 03ea 00       		.byte	0
ARM GAS  C:\Users\DGILLI~1\AppData\Local\Temp\ccjnTl6m.s 			page 19


 1027 03eb 00       		.byte	0
 1028 03ec 00       		.byte	0
 1029 03ed 00       		.byte	0
 1030 03ee 00       		.byte	0
 1031 03ef 00       		.byte	0
 1032 03f0 00       		.byte	0
 1033 03f1 00       		.byte	0
 1034 03f2 00       		.byte	0
 1035 03f3 00       		.byte	0
 1036 03f4 00       		.byte	0
 1037 03f5 00       		.byte	0
 1038 03f6 00       		.byte	0
 1039 03f7 00       		.byte	0
 1040 03f8 00       		.byte	0
 1041 03f9 00       		.byte	0
 1042 03fa 00       		.byte	0
 1043 03fb 00       		.byte	0
 1044 03fc 00       		.byte	0
 1045 03fd 00       		.byte	0
 1046 03fe 00       		.byte	0
 1047 03ff 00       		.byte	0
 1048 0400 00       		.byte	0
 1049 0401 00       		.byte	0
 1050 0402 20       		.byte	32
 1051 0403 00       		.byte	0
 1052 0404 00       		.byte	0
 1053 0405 00       		.byte	0
 1054 0406 00       		.byte	0
 1055 0407 00       		.byte	0
 1056 0408 00       		.byte	0
 1057 0409 00       		.byte	0
 1058 040a 00       		.byte	0
 1059 040b 00       		.byte	0
 1060 040c 00       		.byte	0
 1061 040d 00       		.byte	0
 1062 040e 00       		.byte	0
 1063 040f 02       		.byte	2
 1064 0410 00       		.byte	0
 1065 0411 00       		.byte	0
 1066 0412 20       		.byte	32
 1067 0413 00       		.byte	0
 1068 0414 00       		.byte	0
 1069 0415 00       		.byte	0
 1070 0416 40       		.byte	64
 1071 0417 00       		.byte	0
 1072 0418 00       		.byte	0
 1073 0419 00       		.byte	0
 1074 041a 00       		.byte	0
 1075 041b 00       		.byte	0
 1076 041c 00       		.byte	0
 1077 041d 00       		.byte	0
 1078 041e 00       		.byte	0
 1079 041f 00       		.byte	0
 1080 0420 00       		.byte	0
 1081 0421 00       		.byte	0
 1082 0422 00       		.byte	0
 1083 0423 00       		.byte	0
ARM GAS  C:\Users\DGILLI~1\AppData\Local\Temp\ccjnTl6m.s 			page 20


 1084 0424 00       		.byte	0
 1085 0425 00       		.byte	0
 1086 0426 00       		.byte	0
 1087 0427 00       		.byte	0
 1088 0428 00       		.byte	0
 1089 0429 00       		.byte	0
 1090 042a 20       		.byte	32
 1091 042b 00       		.byte	0
 1092 042c 00       		.byte	0
 1093 042d 00       		.byte	0
 1094 042e 00       		.byte	0
 1095 042f 00       		.byte	0
 1096 0430 00       		.byte	0
 1097 0431 00       		.byte	0
 1098 0432 00       		.byte	0
 1099 0433 02       		.byte	2
 1100 0434 00       		.byte	0
 1101 0435 00       		.byte	0
 1102 0436 00       		.byte	0
 1103 0437 00       		.byte	0
 1104 0438 00       		.byte	0
 1105 0439 00       		.byte	0
 1106 043a 10       		.byte	16
 1107 043b 00       		.byte	0
 1108 043c 00       		.byte	0
 1109 043d 00       		.byte	0
 1110 043e 00       		.byte	0
 1111 043f 02       		.byte	2
 1112 0440 00       		.byte	0
 1113 0441 00       		.byte	0
 1114 0442 00       		.byte	0
 1115 0443 00       		.byte	0
 1116 0444 00       		.byte	0
 1117 0445 00       		.byte	0
 1118 0446 00       		.byte	0
 1119 0447 00       		.byte	0
 1120 0448 00       		.byte	0
 1121 0449 00       		.byte	0
 1122 044a 00       		.byte	0
 1123 044b 00       		.byte	0
 1124 044c 00       		.byte	0
 1125 044d 00       		.byte	0
 1126 044e 00       		.byte	0
 1127 044f 00       		.byte	0
 1128 0450 00       		.byte	0
 1129 0451 00       		.byte	0
 1130 0452 00       		.byte	0
 1131 0453 00       		.byte	0
 1132 0454 30       		.byte	48
 1133 0455 00       		.byte	0
 1134 0456 00       		.byte	0
 1135 0457 00       		.byte	0
 1136 0458 00       		.byte	0
 1137 0459 00       		.byte	0
 1138 045a 00       		.byte	0
 1139 045b 00       		.byte	0
 1140 045c 00       		.byte	0
ARM GAS  C:\Users\DGILLI~1\AppData\Local\Temp\ccjnTl6m.s 			page 21


 1141 045d 00       		.byte	0
 1142 045e 00       		.byte	0
 1143 045f 00       		.byte	0
 1144 0460 00       		.byte	0
 1145 0461 00       		.byte	0
 1146 0462 00       		.byte	0
 1147 0463 00       		.byte	0
 1148 0464 00       		.byte	0
 1149 0465 00       		.byte	0
 1150 0466 00       		.byte	0
 1151 0467 00       		.byte	0
 1152 0468 00       		.byte	0
 1153 0469 00       		.byte	0
 1154 046a 00       		.byte	0
 1155 046b 00       		.byte	0
 1156 046c 80       		.byte	-128
 1157 046d 00       		.byte	0
 1158 046e 20       		.byte	32
 1159 046f 00       		.byte	0
 1160 0470 10       		.byte	16
 1161 0471 00       		.byte	0
 1162 0472 00       		.byte	0
 1163 0473 00       		.byte	0
 1164 0474 80       		.byte	-128
 1165 0475 00       		.byte	0
 1166 0476 00       		.byte	0
 1167 0477 00       		.byte	0
 1168 0478 00       		.byte	0
 1169 0479 00       		.byte	0
 1170 047a 90       		.byte	-112
 1171 047b 00       		.byte	0
 1172 047c 00       		.byte	0
 1173 047d 00       		.byte	0
 1174 047e 00       		.byte	0
 1175 047f 00       		.byte	0
 1176 0480 00       		.byte	0
 1177 0481 00       		.byte	0
 1178 0482 00       		.byte	0
 1179 0483 00       		.byte	0
 1180 0484 00       		.byte	0
 1181 0485 00       		.byte	0
 1182 0486 00       		.byte	0
 1183 0487 00       		.byte	0
 1184 0488 00       		.byte	0
 1185 0489 00       		.byte	0
 1186 048a 00       		.byte	0
 1187 048b 00       		.byte	0
 1188 048c 00       		.byte	0
 1189 048d 00       		.byte	0
 1190 048e 00       		.byte	0
 1191 048f 00       		.byte	0
 1192 0490 00       		.byte	0
 1193 0491 00       		.byte	0
 1194 0492 20       		.byte	32
 1195 0493 00       		.byte	0
 1196 0494 00       		.byte	0
 1197 0495 00       		.byte	0
ARM GAS  C:\Users\DGILLI~1\AppData\Local\Temp\ccjnTl6m.s 			page 22


 1198 0496 00       		.byte	0
 1199 0497 00       		.byte	0
 1200 0498 00       		.byte	0
 1201 0499 00       		.byte	0
 1202 049a 00       		.byte	0
 1203 049b 00       		.byte	0
 1204 049c 00       		.byte	0
 1205 049d 00       		.byte	0
 1206 049e 00       		.byte	0
 1207 049f 00       		.byte	0
 1208 04a0 00       		.byte	0
 1209 04a1 00       		.byte	0
 1210 04a2 00       		.byte	0
 1211 04a3 00       		.byte	0
 1212 04a4 00       		.byte	0
 1213 04a5 00       		.byte	0
 1214 04a6 10       		.byte	16
 1215 04a7 00       		.byte	0
 1216 04a8 00       		.byte	0
 1217 04a9 00       		.byte	0
 1218 04aa 00       		.byte	0
 1219 04ab 00       		.byte	0
 1220 04ac 00       		.byte	0
 1221 04ad 00       		.byte	0
 1222 04ae 00       		.byte	0
 1223 04af 00       		.byte	0
 1224 04b0 00       		.byte	0
 1225 04b1 00       		.byte	0
 1226 04b2 00       		.byte	0
 1227 04b3 00       		.byte	0
 1228 04b4 00       		.byte	0
 1229 04b5 00       		.byte	0
 1230 04b6 00       		.byte	0
 1231 04b7 00       		.byte	0
 1232 04b8 00       		.byte	0
 1233 04b9 00       		.byte	0
 1234 04ba 00       		.byte	0
 1235 04bb 00       		.byte	0
 1236 04bc 00       		.byte	0
 1237 04bd 00       		.byte	0
 1238 04be 00       		.byte	0
 1239 04bf 00       		.byte	0
 1240 04c0 00       		.byte	0
 1241 04c1 00       		.byte	0
 1242 04c2 00       		.byte	0
 1243 04c3 00       		.byte	0
 1244 04c4 00       		.byte	0
 1245 04c5 00       		.byte	0
 1246 04c6 00       		.byte	0
 1247 04c7 00       		.byte	0
 1248 04c8 00       		.byte	0
 1249 04c9 00       		.byte	0
 1250 04ca 00       		.byte	0
 1251 04cb 00       		.byte	0
 1252 04cc 00       		.byte	0
 1253 04cd 00       		.byte	0
 1254 04ce 00       		.byte	0
ARM GAS  C:\Users\DGILLI~1\AppData\Local\Temp\ccjnTl6m.s 			page 23


 1255 04cf 00       		.byte	0
 1256 04d0 00       		.byte	0
 1257 04d1 00       		.byte	0
 1258 04d2 00       		.byte	0
 1259 04d3 00       		.byte	0
 1260 04d4 00       		.byte	0
 1261 04d5 00       		.byte	0
 1262 04d6 00       		.byte	0
 1263 04d7 00       		.byte	0
 1264 04d8 00       		.byte	0
 1265 04d9 00       		.byte	0
 1266 04da 00       		.byte	0
 1267 04db 00       		.byte	0
 1268 04dc 00       		.byte	0
 1269 04dd 00       		.byte	0
 1270 04de 00       		.byte	0
 1271 04df 00       		.byte	0
 1272 04e0 00       		.byte	0
 1273 04e1 00       		.byte	0
 1274 04e2 00       		.byte	0
 1275 04e3 00       		.byte	0
 1276 04e4 00       		.byte	0
 1277 04e5 00       		.byte	0
 1278 04e6 00       		.byte	0
 1279 04e7 00       		.byte	0
 1280 04e8 00       		.byte	0
 1281 04e9 00       		.byte	0
 1282 04ea 00       		.byte	0
 1283 04eb 00       		.byte	0
 1284 04ec 00       		.byte	0
 1285 04ed 00       		.byte	0
 1286 04ee 00       		.byte	0
 1287 04ef 00       		.byte	0
 1288 04f0 00       		.byte	0
 1289 04f1 00       		.byte	0
 1290 04f2 20       		.byte	32
 1291 04f3 00       		.byte	0
 1292 04f4 00       		.byte	0
 1293 04f5 00       		.byte	0
 1294 04f6 00       		.byte	0
 1295 04f7 00       		.byte	0
 1296 04f8 00       		.byte	0
 1297 04f9 00       		.byte	0
 1298 04fa 00       		.byte	0
 1299 04fb 00       		.byte	0
 1300 04fc 00       		.byte	0
 1301 04fd 00       		.byte	0
 1302 04fe 00       		.byte	0
 1303 04ff 00       		.byte	0
 1304 0500 00       		.byte	0
 1305 0501 00       		.byte	0
 1306 0502 00       		.byte	0
 1307 0503 00       		.byte	0
 1308 0504 00       		.byte	0
 1309 0505 00       		.byte	0
 1310 0506 00       		.byte	0
 1311 0507 00       		.byte	0
ARM GAS  C:\Users\DGILLI~1\AppData\Local\Temp\ccjnTl6m.s 			page 24


 1312 0508 00       		.byte	0
 1313 0509 00       		.byte	0
 1314 050a 00       		.byte	0
 1315 050b 00       		.byte	0
 1316 050c 00       		.byte	0
 1317 050d 00       		.byte	0
 1318 050e 00       		.byte	0
 1319 050f 00       		.byte	0
 1320 0510 00       		.byte	0
 1321 0511 00       		.byte	0
 1322 0512 00       		.byte	0
 1323 0513 00       		.byte	0
 1324 0514 00       		.byte	0
 1325 0515 00       		.byte	0
 1326 0516 00       		.byte	0
 1327 0517 00       		.byte	0
 1328 0518 00       		.byte	0
 1329 0519 00       		.byte	0
 1330 051a 00       		.byte	0
 1331 051b 00       		.byte	0
 1332 051c 00       		.byte	0
 1333 051d 00       		.byte	0
 1334 051e 00       		.byte	0
 1335 051f 00       		.byte	0
 1336 0520 00       		.byte	0
 1337 0521 00       		.byte	0
 1338 0522 00       		.byte	0
 1339 0523 00       		.byte	0
 1340 0524 00       		.byte	0
 1341 0525 00       		.byte	0
 1342 0526 10       		.byte	16
 1343 0527 00       		.byte	0
 1344 0528 00       		.byte	0
 1345 0529 00       		.byte	0
 1346 052a 00       		.byte	0
 1347 052b 00       		.byte	0
 1348 052c 00       		.byte	0
 1349 052d 00       		.byte	0
 1350 052e 00       		.byte	0
 1351 052f 00       		.byte	0
 1352 0530 00       		.byte	0
 1353 0531 00       		.byte	0
 1354 0532 00       		.byte	0
 1355 0533 00       		.byte	0
 1356 0534 00       		.byte	0
 1357 0535 00       		.byte	0
 1358 0536 00       		.byte	0
 1359 0537 00       		.byte	0
 1360 0538 00       		.byte	0
 1361 0539 00       		.byte	0
 1362 053a 00       		.byte	0
 1363 053b 00       		.byte	0
 1364 053c 00       		.byte	0
 1365 053d 00       		.byte	0
 1366 053e 00       		.byte	0
 1367 053f 00       		.byte	0
 1368 0540 00       		.byte	0
ARM GAS  C:\Users\DGILLI~1\AppData\Local\Temp\ccjnTl6m.s 			page 25


 1369 0541 00       		.byte	0
 1370 0542 00       		.byte	0
 1371 0543 00       		.byte	0
 1372 0544 00       		.byte	0
 1373 0545 00       		.byte	0
 1374 0546 00       		.byte	0
 1375 0547 00       		.byte	0
 1376 0548 00       		.byte	0
 1377 0549 00       		.byte	0
 1378 054a 00       		.byte	0
 1379 054b 00       		.byte	0
 1380 054c 00       		.byte	0
 1381 054d 00       		.byte	0
 1382 054e 00       		.byte	0
 1383 054f 00       		.byte	0
 1384 0550 00       		.byte	0
 1385 0551 00       		.byte	0
 1386 0552 00       		.byte	0
 1387 0553 00       		.byte	0
 1388 0554 00       		.byte	0
 1389 0555 00       		.byte	0
 1390 0556 00       		.byte	0
 1391 0557 00       		.byte	0
 1392 0558 00       		.byte	0
 1393 0559 00       		.byte	0
 1394 055a 00       		.byte	0
 1395 055b 00       		.byte	0
 1396 055c 00       		.byte	0
 1397 055d 00       		.byte	0
 1398 055e 00       		.byte	0
 1399 055f 00       		.byte	0
 1400 0560 00       		.byte	0
 1401 0561 00       		.byte	0
 1402 0562 00       		.byte	0
 1403 0563 00       		.byte	0
 1404 0564 00       		.byte	0
 1405 0565 00       		.byte	0
 1406 0566 00       		.byte	0
 1407 0567 00       		.byte	0
 1408 0568 00       		.byte	0
 1409 0569 00       		.byte	0
 1410 056a 00       		.byte	0
 1411 056b 00       		.byte	0
 1412 056c 00       		.byte	0
 1413 056d 00       		.byte	0
 1414 056e 00       		.byte	0
 1415 056f 00       		.byte	0
 1416 0570 00       		.byte	0
 1417 0571 00       		.byte	0
 1418 0572 00       		.byte	0
 1419 0573 00       		.byte	0
 1420 0574 00       		.byte	0
 1421 0575 00       		.byte	0
 1422 0576 00       		.byte	0
 1423 0577 00       		.byte	0
 1424 0578 00       		.byte	0
 1425 0579 00       		.byte	0
ARM GAS  C:\Users\DGILLI~1\AppData\Local\Temp\ccjnTl6m.s 			page 26


 1426 057a 00       		.byte	0
 1427 057b 00       		.byte	0
 1428 057c 00       		.byte	0
 1429 057d 00       		.byte	0
 1430 057e 00       		.byte	0
 1431 057f 00       		.byte	0
 1432 0580 00       		.byte	0
 1433 0581 00       		.byte	0
 1434 0582 00       		.byte	0
 1435 0583 00       		.byte	0
 1436 0584 00       		.byte	0
 1437 0585 00       		.byte	0
 1438 0586 00       		.byte	0
 1439 0587 00       		.byte	0
 1440 0588 00       		.byte	0
 1441 0589 00       		.byte	0
 1442 058a 00       		.byte	0
 1443 058b 00       		.byte	0
 1444 058c 00       		.byte	0
 1445 058d 00       		.byte	0
 1446 058e 00       		.byte	0
 1447 058f 00       		.byte	0
 1448 0590 00       		.byte	0
 1449 0591 00       		.byte	0
 1450 0592 00       		.byte	0
 1451 0593 00       		.byte	0
 1452 0594 00       		.byte	0
 1453 0595 00       		.byte	0
 1454 0596 00       		.byte	0
 1455 0597 00       		.byte	0
 1456 0598 00       		.byte	0
 1457 0599 00       		.byte	0
 1458 059a 00       		.byte	0
 1459 059b 00       		.byte	0
 1460 059c 00       		.byte	0
 1461 059d 00       		.byte	0
 1462 059e 00       		.byte	0
 1463 059f 00       		.byte	0
 1464 05a0 00       		.byte	0
 1465 05a1 00       		.byte	0
 1466 05a2 00       		.byte	0
 1467 05a3 00       		.byte	0
 1468 05a4 00       		.byte	0
 1469 05a5 00       		.byte	0
 1470 05a6 00       		.byte	0
 1471 05a7 00       		.byte	0
 1472 05a8 00       		.byte	0
 1473 05a9 00       		.byte	0
 1474 05aa 00       		.byte	0
 1475 05ab 00       		.byte	0
 1476 05ac 00       		.byte	0
 1477 05ad 00       		.byte	0
 1478 05ae 00       		.byte	0
 1479 05af 00       		.byte	0
 1480 05b0 00       		.byte	0
 1481 05b1 00       		.byte	0
 1482 05b2 00       		.byte	0
ARM GAS  C:\Users\DGILLI~1\AppData\Local\Temp\ccjnTl6m.s 			page 27


 1483 05b3 00       		.byte	0
 1484 05b4 00       		.byte	0
 1485 05b5 00       		.byte	0
 1486 05b6 00       		.byte	0
 1487 05b7 00       		.byte	0
 1488 05b8 00       		.byte	0
 1489 05b9 00       		.byte	0
 1490 05ba 00       		.byte	0
 1491 05bb 00       		.byte	0
 1492 05bc 00       		.byte	0
 1493 05bd 00       		.byte	0
 1494 05be 00       		.byte	0
 1495 05bf 00       		.byte	0
 1496 05c0 00       		.byte	0
 1497 05c1 00       		.byte	0
 1498 05c2 00       		.byte	0
 1499 05c3 00       		.byte	0
 1500 05c4 00       		.byte	0
 1501 05c5 00       		.byte	0
 1502 05c6 00       		.byte	0
 1503 05c7 00       		.byte	0
 1504 05c8 00       		.byte	0
 1505 05c9 00       		.byte	0
 1506 05ca 00       		.byte	0
 1507 05cb 00       		.byte	0
 1508 05cc 00       		.byte	0
 1509 05cd 00       		.byte	0
 1510 05ce 10       		.byte	16
 1511 05cf 00       		.byte	0
 1512 05d0 00       		.byte	0
 1513 05d1 00       		.byte	0
 1514 05d2 00       		.byte	0
 1515 05d3 00       		.byte	0
 1516 05d4 00       		.byte	0
 1517 05d5 00       		.byte	0
 1518 05d6 00       		.byte	0
 1519 05d7 00       		.byte	0
 1520 05d8 00       		.byte	0
 1521 05d9 00       		.byte	0
 1522 05da 00       		.byte	0
 1523 05db 00       		.byte	0
 1524 05dc 00       		.byte	0
 1525 05dd 00       		.byte	0
 1526 05de 00       		.byte	0
 1527 05df 00       		.byte	0
 1528 05e0 00       		.byte	0
 1529 05e1 00       		.byte	0
 1530 05e2 00       		.byte	0
 1531 05e3 00       		.byte	0
 1532 05e4 00       		.byte	0
 1533 05e5 00       		.byte	0
 1534 05e6 00       		.byte	0
 1535 05e7 00       		.byte	0
 1536 05e8 00       		.byte	0
 1537 05e9 00       		.byte	0
 1538 05ea 00       		.byte	0
 1539 05eb 00       		.byte	0
ARM GAS  C:\Users\DGILLI~1\AppData\Local\Temp\ccjnTl6m.s 			page 28


 1540 05ec 00       		.byte	0
 1541 05ed 00       		.byte	0
 1542 05ee 00       		.byte	0
 1543 05ef 00       		.byte	0
 1544 05f0 00       		.byte	0
 1545 05f1 00       		.byte	0
 1546 05f2 00       		.byte	0
 1547 05f3 00       		.byte	0
 1548 05f4 00       		.byte	0
 1549 05f5 00       		.byte	0
 1550 05f6 00       		.byte	0
 1551 05f7 00       		.byte	0
 1552 05f8 00       		.byte	0
 1553 05f9 00       		.byte	0
 1554 05fa 00       		.byte	0
 1555 05fb 00       		.byte	0
 1556 05fc 00       		.byte	0
 1557 05fd 00       		.byte	0
 1558 05fe 00       		.byte	0
 1559 05ff 00       		.byte	0
 1560 0600 00       		.byte	0
 1561 0601 00       		.byte	0
 1562 0602 00       		.byte	0
 1563 0603 00       		.byte	0
 1564 0604 00       		.byte	0
 1565 0605 00       		.byte	0
 1566 0606 00       		.byte	0
 1567 0607 00       		.byte	0
 1568 0608 00       		.byte	0
 1569 0609 00       		.byte	0
 1570 060a 00       		.byte	0
 1571 060b 00       		.byte	0
 1572 060c 00       		.byte	0
 1573 060d 00       		.byte	0
 1574 060e 00       		.byte	0
 1575 060f 00       		.byte	0
 1576 0610 00       		.byte	0
 1577 0611 00       		.byte	0
 1578 0612 00       		.byte	0
 1579 0613 00       		.byte	0
 1580 0614 00       		.byte	0
 1581 0615 00       		.byte	0
 1582 0616 00       		.byte	0
 1583 0617 00       		.byte	0
 1584 0618 00       		.byte	0
 1585 0619 00       		.byte	0
 1586 061a 00       		.byte	0
 1587 061b 00       		.byte	0
 1588 061c 00       		.byte	0
 1589 061d 00       		.byte	0
 1590 061e 00       		.byte	0
 1591 061f 00       		.byte	0
 1592 0620 00       		.byte	0
 1593 0621 00       		.byte	0
 1594 0622 00       		.byte	0
 1595 0623 00       		.byte	0
 1596 0624 00       		.byte	0
ARM GAS  C:\Users\DGILLI~1\AppData\Local\Temp\ccjnTl6m.s 			page 29


 1597 0625 00       		.byte	0
 1598 0626 00       		.byte	0
 1599 0627 00       		.byte	0
 1600 0628 00       		.byte	0
 1601 0629 00       		.byte	0
 1602 062a 00       		.byte	0
 1603 062b 00       		.byte	0
 1604 062c 00       		.byte	0
 1605 062d 00       		.byte	0
 1606 062e 00       		.byte	0
 1607 062f 00       		.byte	0
 1608 0630 00       		.byte	0
 1609 0631 00       		.byte	0
 1610 0632 00       		.byte	0
 1611 0633 00       		.byte	0
 1612 0634 00       		.byte	0
 1613 0635 00       		.byte	0
 1614 0636 00       		.byte	0
 1615 0637 00       		.byte	0
 1616 0638 00       		.byte	0
 1617 0639 00       		.byte	0
 1618 063a 00       		.byte	0
 1619 063b 00       		.byte	0
 1620 063c 00       		.byte	0
 1621 063d 00       		.byte	0
 1622 063e 00       		.byte	0
 1623 063f 00       		.byte	0
 1624 0640 00       		.byte	0
 1625 0641 00       		.byte	0
 1626 0642 00       		.byte	0
 1627 0643 00       		.byte	0
 1628 0644 00       		.byte	0
 1629 0645 00       		.byte	0
 1630 0646 00       		.byte	0
 1631 0647 00       		.byte	0
 1632 0648 00       		.byte	0
 1633 0649 00       		.byte	0
 1634 064a 00       		.byte	0
 1635 064b 00       		.byte	0
 1636 064c 00       		.byte	0
 1637 064d 00       		.byte	0
 1638 064e 00       		.byte	0
 1639 064f 00       		.byte	0
 1640 0650 00       		.byte	0
 1641 0651 00       		.byte	0
 1642 0652 00       		.byte	0
 1643 0653 00       		.byte	0
 1644 0654 00       		.byte	0
 1645 0655 00       		.byte	0
 1646 0656 00       		.byte	0
 1647 0657 00       		.byte	0
 1648 0658 00       		.byte	0
 1649 0659 00       		.byte	0
 1650 065a 00       		.byte	0
 1651 065b 00       		.byte	0
 1652 065c 00       		.byte	0
 1653 065d 00       		.byte	0
ARM GAS  C:\Users\DGILLI~1\AppData\Local\Temp\ccjnTl6m.s 			page 30


 1654 065e 20       		.byte	32
 1655 065f 00       		.byte	0
 1656 0660 00       		.byte	0
 1657 0661 00       		.byte	0
 1658 0662 00       		.byte	0
 1659 0663 00       		.byte	0
 1660 0664 00       		.byte	0
 1661 0665 00       		.byte	0
 1662 0666 00       		.byte	0
 1663 0667 00       		.byte	0
 1664 0668 00       		.byte	0
 1665 0669 00       		.byte	0
 1666 066a 00       		.byte	0
 1667 066b 00       		.byte	0
 1668 066c 00       		.byte	0
 1669 066d 00       		.byte	0
 1670 066e 00       		.byte	0
 1671 066f 00       		.byte	0
 1672 0670 00       		.byte	0
 1673 0671 00       		.byte	0
 1674 0672 00       		.byte	0
 1675 0673 00       		.byte	0
 1676 0674 00       		.byte	0
 1677 0675 00       		.byte	0
 1678 0676 00       		.byte	0
 1679 0677 00       		.byte	0
 1680 0678 00       		.byte	0
 1681 0679 00       		.byte	0
 1682 067a 00       		.byte	0
 1683 067b 00       		.byte	0
 1684 067c 00       		.byte	0
 1685 067d 00       		.byte	0
 1686 067e 00       		.byte	0
 1687 067f 00       		.byte	0
 1688 0680 00       		.byte	0
 1689 0681 00       		.byte	0
 1690 0682 00       		.byte	0
 1691 0683 00       		.byte	0
 1692 0684 00       		.byte	0
 1693 0685 00       		.byte	0
 1694 0686 00       		.byte	0
 1695 0687 00       		.byte	0
 1696 0688 00       		.byte	0
 1697 0689 00       		.byte	0
 1698 068a 00       		.byte	0
 1699 068b 00       		.byte	0
 1700 068c 00       		.byte	0
 1701 068d 00       		.byte	0
 1702 068e 00       		.byte	0
 1703 068f 00       		.byte	0
 1704 0690 00       		.byte	0
 1705 0691 00       		.byte	0
 1706 0692 03       		.byte	3
 1707 0693 00       		.byte	0
 1708 0694 03       		.byte	3
 1709 0695 00       		.byte	0
 1710 0696 00       		.byte	0
ARM GAS  C:\Users\DGILLI~1\AppData\Local\Temp\ccjnTl6m.s 			page 31


 1711 0697 00       		.byte	0
 1712 0698 00       		.byte	0
 1713 0699 0B       		.byte	11
 1714 069a 0B       		.byte	11
 1715 069b 00       		.byte	0
 1716 069c 00       		.byte	0
 1717 069d 00       		.byte	0
 1718 069e 00       		.byte	0
 1719 069f 00       		.byte	0
 1720 06a0 00       		.byte	0
 1721 06a1 7F       		.byte	127
 1722 06a2 7F       		.byte	127
 1723 06a3 00       		.byte	0
 1724 06a4 00       		.byte	0
 1725 06a5 00       		.byte	0
 1726 06a6 00       		.byte	0
 1727 06a7 00       		.byte	0
 1728              		.global	cy_meta_custnvl
 1729              		.section	.cycustnvl,"a",%progbits
 1730              		.align	2
 1731              		.type	cy_meta_custnvl, %object
 1732              		.size	cy_meta_custnvl, 4
 1733              	cy_meta_custnvl:
 1734 0000 00       		.byte	0
 1735 0001 00       		.byte	0
 1736 0002 40       		.byte	64
 1737 0003 04       		.byte	4
 1738              		.global	cy_meta_wonvl
 1739              		.section	.cywolatch,"a",%progbits
 1740              		.align	2
 1741              		.type	cy_meta_wonvl, %object
 1742              		.size	cy_meta_wonvl, 4
 1743              	cy_meta_wonvl:
 1744 0000 BC       		.byte	-68
 1745 0001 90       		.byte	-112
 1746 0002 AC       		.byte	-84
 1747 0003 AF       		.byte	-81
 1748              		.global	cy_meta_flashprotect
 1749              		.section	.cyflashprotect,"a",%progbits
 1750              		.align	2
 1751              		.type	cy_meta_flashprotect, %object
 1752              		.size	cy_meta_flashprotect, 128
 1753              	cy_meta_flashprotect:
 1754 0000 00000000 		.space	128
 1754      00000000 
 1754      00000000 
 1754      00000000 
 1754      00000000 
 1755              		.global	cy_metadata
 1756              		.section	.cymeta,"a",%progbits
 1757              		.align	2
 1758              		.type	cy_metadata, %object
 1759              		.size	cy_metadata, 12
 1760              	cy_metadata:
 1761 0000 00       		.byte	0
 1762 0001 01       		.byte	1
 1763 0002 2E       		.byte	46
ARM GAS  C:\Users\DGILLI~1\AppData\Local\Temp\ccjnTl6m.s 			page 32


 1764 0003 13       		.byte	19
 1765 0004 30       		.byte	48
 1766 0005 69       		.byte	105
 1767 0006 00       		.byte	0
 1768 0007 01       		.byte	1
 1769 0008 00       		.byte	0
 1770 0009 00       		.byte	0
 1771 000a 00       		.byte	0
 1772 000b 00       		.byte	0
 1773              		.text
 1774              	.Letext0:
 1775              		.file 1 "Generated_Source\\PSoC5\\cymetadata.c"
 1776              		.file 2 "Generated_Source\\PSoC5\\cytypes.h"
 1777              		.section	.debug_info,"",%progbits
 1778              	.Ldebug_info0:
 1779 0000 3B010000 		.4byte	0x13b
 1780 0004 0400     		.2byte	0x4
 1781 0006 00000000 		.4byte	.Ldebug_abbrev0
 1782 000a 04       		.byte	0x4
 1783 000b 01       		.uleb128 0x1
 1784 000c 00000000 		.4byte	.LASF18
 1785 0010 01       		.byte	0x1
 1786 0011 E6010000 		.4byte	.LASF19
 1787 0015 FC000000 		.4byte	.LASF20
 1788 0019 00000000 		.4byte	.Ldebug_line0
 1789 001d 02       		.uleb128 0x2
 1790 001e 01       		.byte	0x1
 1791 001f 06       		.byte	0x6
 1792 0020 DA010000 		.4byte	.LASF0
 1793 0024 02       		.uleb128 0x2
 1794 0025 01       		.byte	0x1
 1795 0026 08       		.byte	0x8
 1796 0027 A0000000 		.4byte	.LASF1
 1797 002b 02       		.uleb128 0x2
 1798 002c 02       		.byte	0x2
 1799 002d 05       		.byte	0x5
 1800 002e C1010000 		.4byte	.LASF2
 1801 0032 02       		.uleb128 0x2
 1802 0033 02       		.byte	0x2
 1803 0034 07       		.byte	0x7
 1804 0035 C0000000 		.4byte	.LASF3
 1805 0039 02       		.uleb128 0x2
 1806 003a 04       		.byte	0x4
 1807 003b 05       		.byte	0x5
 1808 003c D1010000 		.4byte	.LASF4
 1809 0040 02       		.uleb128 0x2
 1810 0041 04       		.byte	0x4
 1811 0042 07       		.byte	0x7
 1812 0043 AE000000 		.4byte	.LASF5
 1813 0047 02       		.uleb128 0x2
 1814 0048 08       		.byte	0x8
 1815 0049 05       		.byte	0x5
 1816 004a AE010000 		.4byte	.LASF6
 1817 004e 02       		.uleb128 0x2
 1818 004f 08       		.byte	0x8
 1819 0050 07       		.byte	0x7
 1820 0051 6B010000 		.4byte	.LASF7
ARM GAS  C:\Users\DGILLI~1\AppData\Local\Temp\ccjnTl6m.s 			page 33


 1821 0055 03       		.uleb128 0x3
 1822 0056 04       		.byte	0x4
 1823 0057 05       		.byte	0x5
 1824 0058 696E7400 		.ascii	"int\000"
 1825 005c 02       		.uleb128 0x2
 1826 005d 04       		.byte	0x4
 1827 005e 07       		.byte	0x7
 1828 005f 5E010000 		.4byte	.LASF8
 1829 0063 04       		.uleb128 0x4
 1830 0064 CB010000 		.4byte	.LASF21
 1831 0068 02       		.byte	0x2
 1832 0069 9201     		.2byte	0x192
 1833 006b 24000000 		.4byte	0x24
 1834 006f 02       		.uleb128 0x2
 1835 0070 04       		.byte	0x4
 1836 0071 04       		.byte	0x4
 1837 0072 9A000000 		.4byte	.LASF9
 1838 0076 02       		.uleb128 0x2
 1839 0077 08       		.byte	0x8
 1840 0078 04       		.byte	0x4
 1841 0079 D3000000 		.4byte	.LASF10
 1842 007d 02       		.uleb128 0x2
 1843 007e 01       		.byte	0x1
 1844 007f 08       		.byte	0x8
 1845 0080 BC010000 		.4byte	.LASF11
 1846 0084 05       		.uleb128 0x5
 1847 0085 63000000 		.4byte	0x63
 1848 0089 95000000 		.4byte	0x95
 1849 008d 06       		.uleb128 0x6
 1850 008e 95000000 		.4byte	0x95
 1851 0092 A706     		.2byte	0x6a7
 1852 0094 00       		.byte	0
 1853 0095 02       		.uleb128 0x2
 1854 0096 04       		.byte	0x4
 1855 0097 07       		.byte	0x7
 1856 0098 A5010000 		.4byte	.LASF12
 1857 009c 07       		.uleb128 0x7
 1858 009d EA000000 		.4byte	.LASF13
 1859 00a1 01       		.byte	0x1
 1860 00a2 1F       		.byte	0x1f
 1861 00a3 AD000000 		.4byte	0xad
 1862 00a7 05       		.uleb128 0x5
 1863 00a8 03       		.byte	0x3
 1864 00a9 00000000 		.4byte	cy_meta_configecc
 1865 00ad 08       		.uleb128 0x8
 1866 00ae 84000000 		.4byte	0x84
 1867 00b2 05       		.uleb128 0x5
 1868 00b3 63000000 		.4byte	0x63
 1869 00b7 C2000000 		.4byte	0xc2
 1870 00bb 09       		.uleb128 0x9
 1871 00bc 95000000 		.4byte	0x95
 1872 00c0 03       		.byte	0x3
 1873 00c1 00       		.byte	0
 1874 00c2 0A       		.uleb128 0xa
 1875 00c3 DA000000 		.4byte	.LASF14
 1876 00c7 01       		.byte	0x1
 1877 00c8 0101     		.2byte	0x101
ARM GAS  C:\Users\DGILLI~1\AppData\Local\Temp\ccjnTl6m.s 			page 34


 1878 00ca D4000000 		.4byte	0xd4
 1879 00ce 05       		.uleb128 0x5
 1880 00cf 03       		.byte	0x3
 1881 00d0 00000000 		.4byte	cy_meta_custnvl
 1882 00d4 08       		.uleb128 0x8
 1883 00d5 B2000000 		.4byte	0xb2
 1884 00d9 0A       		.uleb128 0xa
 1885 00da 97010000 		.4byte	.LASF15
 1886 00de 01       		.byte	0x1
 1887 00df 0F01     		.2byte	0x10f
 1888 00e1 EB000000 		.4byte	0xeb
 1889 00e5 05       		.uleb128 0x5
 1890 00e6 03       		.byte	0x3
 1891 00e7 00000000 		.4byte	cy_meta_wonvl
 1892 00eb 08       		.uleb128 0x8
 1893 00ec B2000000 		.4byte	0xb2
 1894 00f0 05       		.uleb128 0x5
 1895 00f1 63000000 		.4byte	0x63
 1896 00f5 00010000 		.4byte	0x100
 1897 00f9 09       		.uleb128 0x9
 1898 00fa 95000000 		.4byte	0x95
 1899 00fe 7F       		.byte	0x7f
 1900 00ff 00       		.byte	0
 1901 0100 0A       		.uleb128 0xa
 1902 0101 82010000 		.4byte	.LASF16
 1903 0105 01       		.byte	0x1
 1904 0106 1D01     		.2byte	0x11d
 1905 0108 12010000 		.4byte	0x112
 1906 010c 05       		.uleb128 0x5
 1907 010d 03       		.byte	0x3
 1908 010e 00000000 		.4byte	cy_meta_flashprotect
 1909 0112 08       		.uleb128 0x8
 1910 0113 F0000000 		.4byte	0xf0
 1911 0117 05       		.uleb128 0x5
 1912 0118 63000000 		.4byte	0x63
 1913 011c 27010000 		.4byte	0x127
 1914 0120 09       		.uleb128 0x9
 1915 0121 95000000 		.4byte	0x95
 1916 0125 0B       		.byte	0xb
 1917 0126 00       		.byte	0
 1918 0127 0A       		.uleb128 0xa
 1919 0128 8E000000 		.4byte	.LASF17
 1920 012c 01       		.byte	0x1
 1921 012d 3A01     		.2byte	0x13a
 1922 012f 39010000 		.4byte	0x139
 1923 0133 05       		.uleb128 0x5
 1924 0134 03       		.byte	0x3
 1925 0135 00000000 		.4byte	cy_metadata
 1926 0139 08       		.uleb128 0x8
 1927 013a 17010000 		.4byte	0x117
 1928 013e 00       		.byte	0
 1929              		.section	.debug_abbrev,"",%progbits
 1930              	.Ldebug_abbrev0:
 1931 0000 01       		.uleb128 0x1
 1932 0001 11       		.uleb128 0x11
 1933 0002 01       		.byte	0x1
 1934 0003 25       		.uleb128 0x25
ARM GAS  C:\Users\DGILLI~1\AppData\Local\Temp\ccjnTl6m.s 			page 35


 1935 0004 0E       		.uleb128 0xe
 1936 0005 13       		.uleb128 0x13
 1937 0006 0B       		.uleb128 0xb
 1938 0007 03       		.uleb128 0x3
 1939 0008 0E       		.uleb128 0xe
 1940 0009 1B       		.uleb128 0x1b
 1941 000a 0E       		.uleb128 0xe
 1942 000b 10       		.uleb128 0x10
 1943 000c 17       		.uleb128 0x17
 1944 000d 00       		.byte	0
 1945 000e 00       		.byte	0
 1946 000f 02       		.uleb128 0x2
 1947 0010 24       		.uleb128 0x24
 1948 0011 00       		.byte	0
 1949 0012 0B       		.uleb128 0xb
 1950 0013 0B       		.uleb128 0xb
 1951 0014 3E       		.uleb128 0x3e
 1952 0015 0B       		.uleb128 0xb
 1953 0016 03       		.uleb128 0x3
 1954 0017 0E       		.uleb128 0xe
 1955 0018 00       		.byte	0
 1956 0019 00       		.byte	0
 1957 001a 03       		.uleb128 0x3
 1958 001b 24       		.uleb128 0x24
 1959 001c 00       		.byte	0
 1960 001d 0B       		.uleb128 0xb
 1961 001e 0B       		.uleb128 0xb
 1962 001f 3E       		.uleb128 0x3e
 1963 0020 0B       		.uleb128 0xb
 1964 0021 03       		.uleb128 0x3
 1965 0022 08       		.uleb128 0x8
 1966 0023 00       		.byte	0
 1967 0024 00       		.byte	0
 1968 0025 04       		.uleb128 0x4
 1969 0026 16       		.uleb128 0x16
 1970 0027 00       		.byte	0
 1971 0028 03       		.uleb128 0x3
 1972 0029 0E       		.uleb128 0xe
 1973 002a 3A       		.uleb128 0x3a
 1974 002b 0B       		.uleb128 0xb
 1975 002c 3B       		.uleb128 0x3b
 1976 002d 05       		.uleb128 0x5
 1977 002e 49       		.uleb128 0x49
 1978 002f 13       		.uleb128 0x13
 1979 0030 00       		.byte	0
 1980 0031 00       		.byte	0
 1981 0032 05       		.uleb128 0x5
 1982 0033 01       		.uleb128 0x1
 1983 0034 01       		.byte	0x1
 1984 0035 49       		.uleb128 0x49
 1985 0036 13       		.uleb128 0x13
 1986 0037 01       		.uleb128 0x1
 1987 0038 13       		.uleb128 0x13
 1988 0039 00       		.byte	0
 1989 003a 00       		.byte	0
 1990 003b 06       		.uleb128 0x6
 1991 003c 21       		.uleb128 0x21
ARM GAS  C:\Users\DGILLI~1\AppData\Local\Temp\ccjnTl6m.s 			page 36


 1992 003d 00       		.byte	0
 1993 003e 49       		.uleb128 0x49
 1994 003f 13       		.uleb128 0x13
 1995 0040 2F       		.uleb128 0x2f
 1996 0041 05       		.uleb128 0x5
 1997 0042 00       		.byte	0
 1998 0043 00       		.byte	0
 1999 0044 07       		.uleb128 0x7
 2000 0045 34       		.uleb128 0x34
 2001 0046 00       		.byte	0
 2002 0047 03       		.uleb128 0x3
 2003 0048 0E       		.uleb128 0xe
 2004 0049 3A       		.uleb128 0x3a
 2005 004a 0B       		.uleb128 0xb
 2006 004b 3B       		.uleb128 0x3b
 2007 004c 0B       		.uleb128 0xb
 2008 004d 49       		.uleb128 0x49
 2009 004e 13       		.uleb128 0x13
 2010 004f 3F       		.uleb128 0x3f
 2011 0050 19       		.uleb128 0x19
 2012 0051 02       		.uleb128 0x2
 2013 0052 18       		.uleb128 0x18
 2014 0053 00       		.byte	0
 2015 0054 00       		.byte	0
 2016 0055 08       		.uleb128 0x8
 2017 0056 26       		.uleb128 0x26
 2018 0057 00       		.byte	0
 2019 0058 49       		.uleb128 0x49
 2020 0059 13       		.uleb128 0x13
 2021 005a 00       		.byte	0
 2022 005b 00       		.byte	0
 2023 005c 09       		.uleb128 0x9
 2024 005d 21       		.uleb128 0x21
 2025 005e 00       		.byte	0
 2026 005f 49       		.uleb128 0x49
 2027 0060 13       		.uleb128 0x13
 2028 0061 2F       		.uleb128 0x2f
 2029 0062 0B       		.uleb128 0xb
 2030 0063 00       		.byte	0
 2031 0064 00       		.byte	0
 2032 0065 0A       		.uleb128 0xa
 2033 0066 34       		.uleb128 0x34
 2034 0067 00       		.byte	0
 2035 0068 03       		.uleb128 0x3
 2036 0069 0E       		.uleb128 0xe
 2037 006a 3A       		.uleb128 0x3a
 2038 006b 0B       		.uleb128 0xb
 2039 006c 3B       		.uleb128 0x3b
 2040 006d 05       		.uleb128 0x5
 2041 006e 49       		.uleb128 0x49
 2042 006f 13       		.uleb128 0x13
 2043 0070 3F       		.uleb128 0x3f
 2044 0071 19       		.uleb128 0x19
 2045 0072 02       		.uleb128 0x2
 2046 0073 18       		.uleb128 0x18
 2047 0074 00       		.byte	0
 2048 0075 00       		.byte	0
ARM GAS  C:\Users\DGILLI~1\AppData\Local\Temp\ccjnTl6m.s 			page 37


 2049 0076 00       		.byte	0
 2050              		.section	.debug_aranges,"",%progbits
 2051 0000 14000000 		.4byte	0x14
 2052 0004 0200     		.2byte	0x2
 2053 0006 00000000 		.4byte	.Ldebug_info0
 2054 000a 04       		.byte	0x4
 2055 000b 00       		.byte	0
 2056 000c 0000     		.2byte	0
 2057 000e 0000     		.2byte	0
 2058 0010 00000000 		.4byte	0
 2059 0014 00000000 		.4byte	0
 2060              		.section	.debug_line,"",%progbits
 2061              	.Ldebug_line0:
 2062 0000 4D000000 		.section	.debug_str,"MS",%progbits,1
 2062      02004700 
 2062      00000201 
 2062      FB0E0D00 
 2062      01010101 
 2063              	.LASF18:
 2064 0000 474E5520 		.ascii	"GNU C 4.9.3 20150303 (release) [ARM/embedded-4_9-br"
 2064      4320342E 
 2064      392E3320 
 2064      32303135 
 2064      30333033 
 2065 0033 616E6368 		.ascii	"anch revision 221220] -mcpu=cortex-m3 -mthumb -g -O"
 2065      20726576 
 2065      6973696F 
 2065      6E203232 
 2065      31323230 
 2066 0066 30202D66 		.ascii	"0 -ffunction-sections -ffat-lto-objects\000"
 2066      66756E63 
 2066      74696F6E 
 2066      2D736563 
 2066      74696F6E 
 2067              	.LASF17:
 2068 008e 63795F6D 		.ascii	"cy_metadata\000"
 2068      65746164 
 2068      61746100 
 2069              	.LASF9:
 2070 009a 666C6F61 		.ascii	"float\000"
 2070      7400
 2071              	.LASF1:
 2072 00a0 756E7369 		.ascii	"unsigned char\000"
 2072      676E6564 
 2072      20636861 
 2072      7200
 2073              	.LASF5:
 2074 00ae 6C6F6E67 		.ascii	"long unsigned int\000"
 2074      20756E73 
 2074      69676E65 
 2074      6420696E 
 2074      7400
 2075              	.LASF3:
 2076 00c0 73686F72 		.ascii	"short unsigned int\000"
 2076      7420756E 
 2076      7369676E 
 2076      65642069 
ARM GAS  C:\Users\DGILLI~1\AppData\Local\Temp\ccjnTl6m.s 			page 38


 2076      6E7400
 2077              	.LASF10:
 2078 00d3 646F7562 		.ascii	"double\000"
 2078      6C6500
 2079              	.LASF14:
 2080 00da 63795F6D 		.ascii	"cy_meta_custnvl\000"
 2080      6574615F 
 2080      63757374 
 2080      6E766C00 
 2081              	.LASF13:
 2082 00ea 63795F6D 		.ascii	"cy_meta_configecc\000"
 2082      6574615F 
 2082      636F6E66 
 2082      69676563 
 2082      6300
 2083              	.LASF20:
 2084 00fc 433A5C55 		.ascii	"C:\\Users\\DGilliland\\Documents\\GitHub\\ODAS\\ODA"
 2084      73657273 
 2084      5C444769 
 2084      6C6C696C 
 2084      616E645C 
 2085 0129 532D5053 		.ascii	"S-PSOC5\\Projects\\I2CSlave-01.cydsn\\I2CSlave-01.c"
 2085      4F43355C 
 2085      50726F6A 
 2085      65637473 
 2085      5C493243 
 2086 0159 7964736E 		.ascii	"ydsn\000"
 2086      00
 2087              	.LASF8:
 2088 015e 756E7369 		.ascii	"unsigned int\000"
 2088      676E6564 
 2088      20696E74 
 2088      00
 2089              	.LASF7:
 2090 016b 6C6F6E67 		.ascii	"long long unsigned int\000"
 2090      206C6F6E 
 2090      6720756E 
 2090      7369676E 
 2090      65642069 
 2091              	.LASF16:
 2092 0182 63795F6D 		.ascii	"cy_meta_flashprotect\000"
 2092      6574615F 
 2092      666C6173 
 2092      6870726F 
 2092      74656374 
 2093              	.LASF15:
 2094 0197 63795F6D 		.ascii	"cy_meta_wonvl\000"
 2094      6574615F 
 2094      776F6E76 
 2094      6C00
 2095              	.LASF12:
 2096 01a5 73697A65 		.ascii	"sizetype\000"
 2096      74797065 
 2096      00
 2097              	.LASF6:
 2098 01ae 6C6F6E67 		.ascii	"long long int\000"
 2098      206C6F6E 
ARM GAS  C:\Users\DGILLI~1\AppData\Local\Temp\ccjnTl6m.s 			page 39


 2098      6720696E 
 2098      7400
 2099              	.LASF11:
 2100 01bc 63686172 		.ascii	"char\000"
 2100      00
 2101              	.LASF2:
 2102 01c1 73686F72 		.ascii	"short int\000"
 2102      7420696E 
 2102      7400
 2103              	.LASF21:
 2104 01cb 75696E74 		.ascii	"uint8\000"
 2104      3800
 2105              	.LASF4:
 2106 01d1 6C6F6E67 		.ascii	"long int\000"
 2106      20696E74 
 2106      00
 2107              	.LASF0:
 2108 01da 7369676E 		.ascii	"signed char\000"
 2108      65642063 
 2108      68617200 
 2109              	.LASF19:
 2110 01e6 47656E65 		.ascii	"Generated_Source\\PSoC5\\cymetadata.c\000"
 2110      72617465 
 2110      645F536F 
 2110      75726365 
 2110      5C50536F 
 2111              		.ident	"GCC: (GNU Tools for ARM Embedded Processors) 4.9.3 20150303 (release) [ARM/embedded-4_9-br
