ARM GAS  C:\Users\doug_000\AppData\Local\Temp\ccy7cV4j.s 			page 1


   1              		.syntax unified
   2              		.cpu cortex-m3
   3              		.fpu softvfp
   4              		.eabi_attribute 20, 1
   5              		.eabi_attribute 21, 1
   6              		.eabi_attribute 23, 3
   7              		.eabi_attribute 24, 1
   8              		.eabi_attribute 25, 1
   9              		.eabi_attribute 26, 1
  10              		.eabi_attribute 30, 1
  11              		.eabi_attribute 34, 1
  12              		.eabi_attribute 18, 4
  13              		.thumb
  14              		.file	"cymetadata.c"
  15              		.text
  16              	.Ltext0:
  17              		.cfi_sections	.debug_frame
  18              		.global	cy_metadata
  19              		.global	cy_meta_flashprotect
  20              		.global	cy_meta_wonvl
  21              		.global	cy_meta_custnvl
  22              		.global	cy_meta_configecc
  23              		.section	.cyconfigecc,"a",%progbits
  24              		.align	2
  25              		.type	cy_meta_configecc, %object
  26              		.size	cy_meta_configecc, 988
  27              	cy_meta_configecc:
  28 0000 0B       		.byte	11
  29 0001 52       		.byte	82
  30 0002 00       		.byte	0
  31 0003 40       		.byte	64
  32 0004 02       		.byte	2
  33 0005 03       		.byte	3
  34 0006 01       		.byte	1
  35 0007 40       		.byte	64
  36 0008 35       		.byte	53
  37 0009 04       		.byte	4
  38 000a 01       		.byte	1
  39 000b 40       		.byte	64
  40 000c 2C       		.byte	44
  41 000d 05       		.byte	5
  42 000e 01       		.byte	1
  43 000f 40       		.byte	64
  44 0010 36       		.byte	54
  45 0011 06       		.byte	6
  46 0012 01       		.byte	1
  47 0013 40       		.byte	64
  48 0014 36       		.byte	54
  49 0015 07       		.byte	7
  50 0016 01       		.byte	1
  51 0017 40       		.byte	64
  52 0018 0A       		.byte	10
  53 0019 15       		.byte	21
  54 001a 01       		.byte	1
  55 001b 40       		.byte	64
  56 001c 29       		.byte	41
  57 001d 16       		.byte	22
ARM GAS  C:\Users\doug_000\AppData\Local\Temp\ccy7cV4j.s 			page 2


  58 001e 01       		.byte	1
  59 001f 40       		.byte	64
  60 0020 2A       		.byte	42
  61 0021 17       		.byte	23
  62 0022 01       		.byte	1
  63 0023 40       		.byte	64
  64 0024 01       		.byte	1
  65 0025 19       		.byte	25
  66 0026 01       		.byte	1
  67 0027 40       		.byte	64
  68 0028 0A       		.byte	10
  69 0029 40       		.byte	64
  70 002a 01       		.byte	1
  71 002b 40       		.byte	64
  72 002c 14       		.byte	20
  73 002d 41       		.byte	65
  74 002e 01       		.byte	1
  75 002f 40       		.byte	64
  76 0030 13       		.byte	19
  77 0031 42       		.byte	66
  78 0032 01       		.byte	1
  79 0033 40       		.byte	64
  80 0034 10       		.byte	16
  81 0035 43       		.byte	67
  82 0036 01       		.byte	1
  83 0037 40       		.byte	64
  84 0038 10       		.byte	16
  85 0039 48       		.byte	72
  86 003a 01       		.byte	1
  87 003b 40       		.byte	64
  88 003c 1B       		.byte	27
  89 003d 49       		.byte	73
  90 003e 01       		.byte	1
  91 003f 40       		.byte	64
  92 0040 03       		.byte	3
  93 0041 4C       		.byte	76
  94 0042 01       		.byte	1
  95 0043 40       		.byte	64
  96 0044 03       		.byte	3
  97 0045 4D       		.byte	77
  98 0046 01       		.byte	1
  99 0047 40       		.byte	64
 100 0048 02       		.byte	2
 101 0049 50       		.byte	80
 102 004a 01       		.byte	1
 103 004b 40       		.byte	64
 104 004c 00       		.byte	0
 105 004d 5C       		.byte	92
 106 004e 01       		.byte	1
 107 004f 3A       		.byte	58
 108 0050 18       		.byte	24
 109 0051 53       		.byte	83
 110 0052 19       		.byte	25
 111 0053 95       		.byte	-107
 112 0054 20       		.byte	32
 113 0055 66       		.byte	102
 114 0056 21       		.byte	33
ARM GAS  C:\Users\doug_000\AppData\Local\Temp\ccy7cV4j.s 			page 3


 115 0057 C5       		.byte	-59
 116 0058 28       		.byte	40
 117 0059 10       		.byte	16
 118 005a 29       		.byte	41
 119 005b 10       		.byte	16
 120 005c 60       		.byte	96
 121 005d 06       		.byte	6
 122 005e 61       		.byte	97
 123 005f 0C       		.byte	12
 124 0060 78       		.byte	120
 125 0061 08       		.byte	8
 126 0062 80       		.byte	-128
 127 0063 40       		.byte	64
 128 0064 86       		.byte	-122
 129 0065 01       		.byte	1
 130 0066 04       		.byte	4
 131 0067 0F       		.byte	15
 132 0068 05       		.byte	5
 133 0069 01       		.byte	1
 134 006a 08       		.byte	8
 135 006b 05       		.byte	5
 136 006c 09       		.byte	9
 137 006d 01       		.byte	1
 138 006e 0A       		.byte	10
 139 006f 0A       		.byte	10
 140 0070 0C       		.byte	12
 141 0071 09       		.byte	9
 142 0072 0E       		.byte	14
 143 0073 06       		.byte	6
 144 0074 10       		.byte	16
 145 0075 03       		.byte	3
 146 0076 12       		.byte	18
 147 0077 0C       		.byte	12
 148 0078 13       		.byte	19
 149 0079 01       		.byte	1
 150 007a 29       		.byte	41
 151 007b 01       		.byte	1
 152 007c 2A       		.byte	42
 153 007d 0F       		.byte	15
 154 007e 2D       		.byte	45
 155 007f 01       		.byte	1
 156 0080 30       		.byte	48
 157 0081 08       		.byte	8
 158 0082 32       		.byte	50
 159 0083 04       		.byte	4
 160 0084 33       		.byte	51
 161 0085 01       		.byte	1
 162 0086 34       		.byte	52
 163 0087 01       		.byte	1
 164 0088 36       		.byte	54
 165 0089 02       		.byte	2
 166 008a 3E       		.byte	62
 167 008b 55       		.byte	85
 168 008c 3F       		.byte	63
 169 008d 04       		.byte	4
 170 008e 58       		.byte	88
 171 008f 04       		.byte	4
ARM GAS  C:\Users\doug_000\AppData\Local\Temp\ccy7cV4j.s 			page 4


 172 0090 59       		.byte	89
 173 0091 04       		.byte	4
 174 0092 5F       		.byte	95
 175 0093 01       		.byte	1
 176 0094 84       		.byte	-124
 177 0095 03       		.byte	3
 178 0096 86       		.byte	-122
 179 0097 0C       		.byte	12
 180 0098 87       		.byte	-121
 181 0099 07       		.byte	7
 182 009a 88       		.byte	-120
 183 009b 0E       		.byte	14
 184 009c 89       		.byte	-119
 185 009d 06       		.byte	6
 186 009e 8A       		.byte	-118
 187 009f 01       		.byte	1
 188 00a0 8B       		.byte	-117
 189 00a1 01       		.byte	1
 190 00a2 8D       		.byte	-115
 191 00a3 05       		.byte	5
 192 00a4 8F       		.byte	-113
 193 00a5 02       		.byte	2
 194 00a6 90       		.byte	-112
 195 00a7 07       		.byte	7
 196 00a8 91       		.byte	-111
 197 00a9 04       		.byte	4
 198 00aa 92       		.byte	-110
 199 00ab 08       		.byte	8
 200 00ac 93       		.byte	-109
 201 00ad 03       		.byte	3
 202 00ae 94       		.byte	-108
 203 00af 0D       		.byte	13
 204 00b0 96       		.byte	-106
 205 00b1 02       		.byte	2
 206 00b2 97       		.byte	-105
 207 00b3 07       		.byte	7
 208 00b4 A0       		.byte	-96
 209 00b5 01       		.byte	1
 210 00b6 A2       		.byte	-94
 211 00b7 0E       		.byte	14
 212 00b8 B0       		.byte	-80
 213 00b9 02       		.byte	2
 214 00ba B1       		.byte	-79
 215 00bb 02       		.byte	2
 216 00bc B2       		.byte	-78
 217 00bd 08       		.byte	8
 218 00be B4       		.byte	-76
 219 00bf 04       		.byte	4
 220 00c0 B5       		.byte	-75
 221 00c1 01       		.byte	1
 222 00c2 B6       		.byte	-74
 223 00c3 01       		.byte	1
 224 00c4 B7       		.byte	-73
 225 00c5 04       		.byte	4
 226 00c6 BE       		.byte	-66
 227 00c7 55       		.byte	85
 228 00c8 BF       		.byte	-65
ARM GAS  C:\Users\doug_000\AppData\Local\Temp\ccy7cV4j.s 			page 5


 229 00c9 51       		.byte	81
 230 00ca D8       		.byte	-40
 231 00cb 04       		.byte	4
 232 00cc D9       		.byte	-39
 233 00cd 04       		.byte	4
 234 00ce DF       		.byte	-33
 235 00cf 01       		.byte	1
 236 00d0 00       		.byte	0
 237 00d1 14       		.byte	20
 238 00d2 03       		.byte	3
 239 00d3 01       		.byte	1
 240 00d4 04       		.byte	4
 241 00d5 14       		.byte	20
 242 00d6 09       		.byte	9
 243 00d7 02       		.byte	2
 244 00d8 0C       		.byte	12
 245 00d9 04       		.byte	4
 246 00da 0D       		.byte	13
 247 00db 02       		.byte	2
 248 00dc 10       		.byte	16
 249 00dd 04       		.byte	4
 250 00de 16       		.byte	22
 251 00df 80       		.byte	-128
 252 00e0 18       		.byte	24
 253 00e1 20       		.byte	32
 254 00e2 19       		.byte	25
 255 00e3 41       		.byte	65
 256 00e4 1B       		.byte	27
 257 00e5 10       		.byte	16
 258 00e6 1D       		.byte	29
 259 00e7 08       		.byte	8
 260 00e8 1E       		.byte	30
 261 00e9 81       		.byte	-127
 262 00ea 1F       		.byte	31
 263 00eb 20       		.byte	32
 264 00ec 22       		.byte	34
 265 00ed 04       		.byte	4
 266 00ee 24       		.byte	36
 267 00ef 08       		.byte	8
 268 00f0 25       		.byte	37
 269 00f1 80       		.byte	-128
 270 00f2 26       		.byte	38
 271 00f3 01       		.byte	1
 272 00f4 28       		.byte	40
 273 00f5 04       		.byte	4
 274 00f6 2A       		.byte	42
 275 00f7 80       		.byte	-128
 276 00f8 31       		.byte	49
 277 00f9 02       		.byte	2
 278 00fa 32       		.byte	50
 279 00fb 02       		.byte	2
 280 00fc 34       		.byte	52
 281 00fd 04       		.byte	4
 282 00fe 36       		.byte	54
 283 00ff 02       		.byte	2
 284 0100 38       		.byte	56
 285 0101 14       		.byte	20
ARM GAS  C:\Users\doug_000\AppData\Local\Temp\ccy7cV4j.s 			page 6


 286 0102 3C       		.byte	60
 287 0103 14       		.byte	20
 288 0104 3E       		.byte	62
 289 0105 80       		.byte	-128
 290 0106 81       		.byte	-127
 291 0107 88       		.byte	-120
 292 0108 85       		.byte	-123
 293 0109 40       		.byte	64
 294 010a 86       		.byte	-122
 295 010b 04       		.byte	4
 296 010c 8A       		.byte	-118
 297 010d 10       		.byte	16
 298 010e 8F       		.byte	-113
 299 010f 10       		.byte	16
 300 0110 94       		.byte	-108
 301 0111 80       		.byte	-128
 302 0112 96       		.byte	-106
 303 0113 01       		.byte	1
 304 0114 A5       		.byte	-91
 305 0115 10       		.byte	16
 306 0116 B5       		.byte	-75
 307 0117 10       		.byte	16
 308 0118 C0       		.byte	-64
 309 0119 67       		.byte	103
 310 011a C2       		.byte	-62
 311 011b 38       		.byte	56
 312 011c C4       		.byte	-60
 313 011d 12       		.byte	18
 314 011e CA       		.byte	-54
 315 011f 0C       		.byte	12
 316 0120 CC       		.byte	-52
 317 0121 C1       		.byte	-63
 318 0122 CE       		.byte	-50
 319 0123 76       		.byte	118
 320 0124 E2       		.byte	-30
 321 0125 90       		.byte	-112
 322 0126 EE       		.byte	-18
 323 0127 10       		.byte	16
 324 0128 04       		.byte	4
 325 0129 02       		.byte	2
 326 012a 05       		.byte	5
 327 012b 07       		.byte	7
 328 012c 06       		.byte	6
 329 012d 0D       		.byte	13
 330 012e 08       		.byte	8
 331 012f 07       		.byte	7
 332 0130 09       		.byte	9
 333 0131 05       		.byte	5
 334 0132 0A       		.byte	10
 335 0133 08       		.byte	8
 336 0134 0B       		.byte	11
 337 0135 02       		.byte	2
 338 0136 0D       		.byte	13
 339 0137 06       		.byte	6
 340 0138 0F       		.byte	15
 341 0139 01       		.byte	1
 342 013a 10       		.byte	16
ARM GAS  C:\Users\doug_000\AppData\Local\Temp\ccy7cV4j.s 			page 7


 343 013b 03       		.byte	3
 344 013c 12       		.byte	18
 345 013d 0C       		.byte	12
 346 013e 13       		.byte	19
 347 013f 07       		.byte	7
 348 0140 14       		.byte	20
 349 0141 0A       		.byte	10
 350 0142 15       		.byte	21
 351 0143 07       		.byte	7
 352 0144 16       		.byte	22
 353 0145 05       		.byte	5
 354 0146 20       		.byte	32
 355 0147 0E       		.byte	14
 356 0148 22       		.byte	34
 357 0149 01       		.byte	1
 358 014a 30       		.byte	48
 359 014b 08       		.byte	8
 360 014c 32       		.byte	50
 361 014d 02       		.byte	2
 362 014e 33       		.byte	51
 363 014f 02       		.byte	2
 364 0150 34       		.byte	52
 365 0151 01       		.byte	1
 366 0152 35       		.byte	53
 367 0153 01       		.byte	1
 368 0154 36       		.byte	54
 369 0155 04       		.byte	4
 370 0156 37       		.byte	55
 371 0157 04       		.byte	4
 372 0158 3E       		.byte	62
 373 0159 55       		.byte	85
 374 015a 3F       		.byte	63
 375 015b 54       		.byte	84
 376 015c 58       		.byte	88
 377 015d 04       		.byte	4
 378 015e 59       		.byte	89
 379 015f 04       		.byte	4
 380 0160 5F       		.byte	95
 381 0161 01       		.byte	1
 382 0162 84       		.byte	-124
 383 0163 02       		.byte	2
 384 0164 86       		.byte	-122
 385 0165 0D       		.byte	13
 386 0166 87       		.byte	-121
 387 0167 01       		.byte	1
 388 0168 88       		.byte	-120
 389 0169 02       		.byte	2
 390 016a 89       		.byte	-119
 391 016b 01       		.byte	1
 392 016c 8A       		.byte	-118
 393 016d 0D       		.byte	13
 394 016e 8C       		.byte	-116
 395 016f 0A       		.byte	10
 396 0170 8E       		.byte	-114
 397 0171 05       		.byte	5
 398 0172 90       		.byte	-112
 399 0173 09       		.byte	9
ARM GAS  C:\Users\doug_000\AppData\Local\Temp\ccy7cV4j.s 			page 8


 400 0174 91       		.byte	-111
 401 0175 01       		.byte	1
 402 0176 92       		.byte	-110
 403 0177 06       		.byte	6
 404 0178 A8       		.byte	-88
 405 0179 09       		.byte	9
 406 017a A9       		.byte	-87
 407 017b 01       		.byte	1
 408 017c AA       		.byte	-86
 409 017d 06       		.byte	6
 410 017e AD       		.byte	-83
 411 017f 01       		.byte	1
 412 0180 B0       		.byte	-80
 413 0181 01       		.byte	1
 414 0182 B2       		.byte	-78
 415 0183 08       		.byte	8
 416 0184 B4       		.byte	-76
 417 0185 02       		.byte	2
 418 0186 B6       		.byte	-74
 419 0187 04       		.byte	4
 420 0188 B7       		.byte	-73
 421 0189 01       		.byte	1
 422 018a BE       		.byte	-66
 423 018b 55       		.byte	85
 424 018c BF       		.byte	-65
 425 018d 40       		.byte	64
 426 018e D8       		.byte	-40
 427 018f 04       		.byte	4
 428 0190 D9       		.byte	-39
 429 0191 04       		.byte	4
 430 0192 DF       		.byte	-33
 431 0193 01       		.byte	1
 432 0194 00       		.byte	0
 433 0195 14       		.byte	20
 434 0196 03       		.byte	3
 435 0197 01       		.byte	1
 436 0198 04       		.byte	4
 437 0199 14       		.byte	20
 438 019a 0A       		.byte	10
 439 019b 40       		.byte	64
 440 019c 0C       		.byte	12
 441 019d 04       		.byte	4
 442 019e 0D       		.byte	13
 443 019f 02       		.byte	2
 444 01a0 0E       		.byte	14
 445 01a1 40       		.byte	64
 446 01a2 0F       		.byte	15
 447 01a3 20       		.byte	32
 448 01a4 10       		.byte	16
 449 01a5 04       		.byte	4
 450 01a6 16       		.byte	22
 451 01a7 80       		.byte	-128
 452 01a8 17       		.byte	23
 453 01a9 01       		.byte	1
 454 01aa 18       		.byte	24
 455 01ab 80       		.byte	-128
 456 01ac 1A       		.byte	26
ARM GAS  C:\Users\doug_000\AppData\Local\Temp\ccy7cV4j.s 			page 9


 457 01ad 14       		.byte	20
 458 01ae 1B       		.byte	27
 459 01af 80       		.byte	-128
 460 01b0 1C       		.byte	28
 461 01b1 82       		.byte	-126
 462 01b2 1D       		.byte	29
 463 01b3 10       		.byte	16
 464 01b4 1E       		.byte	30
 465 01b5 20       		.byte	32
 466 01b6 22       		.byte	34
 467 01b7 40       		.byte	64
 468 01b8 25       		.byte	37
 469 01b9 90       		.byte	-112
 470 01ba 26       		.byte	38
 471 01bb 04       		.byte	4
 472 01bc 28       		.byte	40
 473 01bd 04       		.byte	4
 474 01be 2A       		.byte	42
 475 01bf 80       		.byte	-128
 476 01c0 31       		.byte	49
 477 01c1 02       		.byte	2
 478 01c2 34       		.byte	52
 479 01c3 04       		.byte	4
 480 01c4 37       		.byte	55
 481 01c5 01       		.byte	1
 482 01c6 38       		.byte	56
 483 01c7 14       		.byte	20
 484 01c8 3C       		.byte	60
 485 01c9 14       		.byte	20
 486 01ca 3E       		.byte	62
 487 01cb 40       		.byte	64
 488 01cc 81       		.byte	-127
 489 01cd 04       		.byte	4
 490 01ce 82       		.byte	-126
 491 01cf 40       		.byte	64
 492 01d0 84       		.byte	-124
 493 01d1 41       		.byte	65
 494 01d2 89       		.byte	-119
 495 01d3 80       		.byte	-128
 496 01d4 8E       		.byte	-114
 497 01d5 14       		.byte	20
 498 01d6 90       		.byte	-112
 499 01d7 28       		.byte	40
 500 01d8 94       		.byte	-108
 501 01d9 94       		.byte	-108
 502 01da 99       		.byte	-103
 503 01db 40       		.byte	64
 504 01dc 9C       		.byte	-100
 505 01dd 04       		.byte	4
 506 01de 9E       		.byte	-98
 507 01df 80       		.byte	-128
 508 01e0 9F       		.byte	-97
 509 01e1 01       		.byte	1
 510 01e2 A2       		.byte	-94
 511 01e3 41       		.byte	65
 512 01e4 A5       		.byte	-91
 513 01e5 52       		.byte	82
ARM GAS  C:\Users\doug_000\AppData\Local\Temp\ccy7cV4j.s 			page 10


 514 01e6 A6       		.byte	-90
 515 01e7 10       		.byte	16
 516 01e8 B3       		.byte	-77
 517 01e9 20       		.byte	32
 518 01ea B5       		.byte	-75
 519 01eb 01       		.byte	1
 520 01ec C0       		.byte	-64
 521 01ed 67       		.byte	103
 522 01ee C2       		.byte	-62
 523 01ef 38       		.byte	56
 524 01f0 C4       		.byte	-60
 525 01f1 12       		.byte	18
 526 01f2 CA       		.byte	-54
 527 01f3 0C       		.byte	12
 528 01f4 CC       		.byte	-52
 529 01f5 C1       		.byte	-63
 530 01f6 CE       		.byte	-50
 531 01f7 76       		.byte	118
 532 01f8 E2       		.byte	-30
 533 01f9 60       		.byte	96
 534 01fa E6       		.byte	-26
 535 01fb 10       		.byte	16
 536 01fc EA       		.byte	-22
 537 01fd 80       		.byte	-128
 538 01fe EE       		.byte	-18
 539 01ff 40       		.byte	64
 540 0200 85       		.byte	-123
 541 0201 40       		.byte	64
 542 0202 86       		.byte	-122
 543 0203 44       		.byte	68
 544 0204 8E       		.byte	-114
 545 0205 01       		.byte	1
 546 0206 92       		.byte	-110
 547 0207 04       		.byte	4
 548 0208 99       		.byte	-103
 549 0209 40       		.byte	64
 550 020a A2       		.byte	-94
 551 020b 41       		.byte	65
 552 020c AD       		.byte	-83
 553 020d 02       		.byte	2
 554 020e B5       		.byte	-75
 555 020f 80       		.byte	-128
 556 0210 E2       		.byte	-30
 557 0211 10       		.byte	16
 558 0212 EA       		.byte	-22
 559 0213 10       		.byte	16
 560 0214 00       		.byte	0
 561 0215 07       		.byte	7
 562 0216 02       		.byte	2
 563 0217 08       		.byte	8
 564 0218 04       		.byte	4
 565 0219 01       		.byte	1
 566 021a 05       		.byte	5
 567 021b 05       		.byte	5
 568 021c 06       		.byte	6
 569 021d 0E       		.byte	14
 570 021e 07       		.byte	7
ARM GAS  C:\Users\doug_000\AppData\Local\Temp\ccy7cV4j.s 			page 11


 571 021f 02       		.byte	2
 572 0220 08       		.byte	8
 573 0221 04       		.byte	4
 574 0222 0A       		.byte	10
 575 0223 0B       		.byte	11
 576 0224 0B       		.byte	11
 577 0225 0F       		.byte	15
 578 0226 0D       		.byte	13
 579 0227 01       		.byte	1
 580 0228 0F       		.byte	15
 581 0229 0E       		.byte	14
 582 022a 10       		.byte	16
 583 022b 0B       		.byte	11
 584 022c 12       		.byte	18
 585 022d 04       		.byte	4
 586 022e 13       		.byte	19
 587 022f 0F       		.byte	15
 588 0230 14       		.byte	20
 589 0231 04       		.byte	4
 590 0232 16       		.byte	22
 591 0233 0B       		.byte	11
 592 0234 25       		.byte	37
 593 0235 07       		.byte	7
 594 0236 27       		.byte	39
 595 0237 08       		.byte	8
 596 0238 30       		.byte	48
 597 0239 08       		.byte	8
 598 023a 31       		.byte	49
 599 023b 04       		.byte	4
 600 023c 32       		.byte	50
 601 023d 04       		.byte	4
 602 023e 33       		.byte	51
 603 023f 01       		.byte	1
 604 0240 34       		.byte	52
 605 0241 02       		.byte	2
 606 0242 35       		.byte	53
 607 0243 08       		.byte	8
 608 0244 36       		.byte	54
 609 0245 01       		.byte	1
 610 0246 37       		.byte	55
 611 0247 02       		.byte	2
 612 0248 3B       		.byte	59
 613 0249 20       		.byte	32
 614 024a 3E       		.byte	62
 615 024b 55       		.byte	85
 616 024c 3F       		.byte	63
 617 024d 45       		.byte	69
 618 024e 58       		.byte	88
 619 024f 04       		.byte	4
 620 0250 59       		.byte	89
 621 0251 04       		.byte	4
 622 0252 5F       		.byte	95
 623 0253 01       		.byte	1
 624 0254 8A       		.byte	-118
 625 0255 03       		.byte	3
 626 0256 92       		.byte	-110
 627 0257 07       		.byte	7
ARM GAS  C:\Users\doug_000\AppData\Local\Temp\ccy7cV4j.s 			page 12


 628 0258 9E       		.byte	-98
 629 0259 01       		.byte	1
 630 025a B2       		.byte	-78
 631 025b 04       		.byte	4
 632 025c B4       		.byte	-76
 633 025d 01       		.byte	1
 634 025e B6       		.byte	-74
 635 025f 02       		.byte	2
 636 0260 BA       		.byte	-70
 637 0261 AB       		.byte	-85
 638 0262 D8       		.byte	-40
 639 0263 04       		.byte	4
 640 0264 DF       		.byte	-33
 641 0265 01       		.byte	1
 642 0266 00       		.byte	0
 643 0267 10       		.byte	16
 644 0268 04       		.byte	4
 645 0269 14       		.byte	20
 646 026a 06       		.byte	6
 647 026b 80       		.byte	-128
 648 026c 0A       		.byte	10
 649 026d 42       		.byte	66
 650 026e 0E       		.byte	14
 651 026f 40       		.byte	64
 652 0270 0F       		.byte	15
 653 0271 20       		.byte	32
 654 0272 18       		.byte	24
 655 0273 10       		.byte	16
 656 0274 19       		.byte	25
 657 0275 01       		.byte	1
 658 0276 1A       		.byte	26
 659 0277 42       		.byte	66
 660 0278 1B       		.byte	27
 661 0279 70       		.byte	112
 662 027a 1C       		.byte	28
 663 027b 40       		.byte	64
 664 027c 1D       		.byte	29
 665 027d 80       		.byte	-128
 666 027e 1E       		.byte	30
 667 027f 24       		.byte	36
 668 0280 24       		.byte	36
 669 0281 04       		.byte	4
 670 0282 25       		.byte	37
 671 0283 46       		.byte	70
 672 0284 2F       		.byte	47
 673 0285 20       		.byte	32
 674 0286 35       		.byte	53
 675 0287 01       		.byte	1
 676 0288 3C       		.byte	60
 677 0289 14       		.byte	20
 678 028a 3E       		.byte	62
 679 028b 80       		.byte	-128
 680 028c 3F       		.byte	63
 681 028d 80       		.byte	-128
 682 028e 80       		.byte	-128
 683 028f 40       		.byte	64
 684 0290 8A       		.byte	-118
ARM GAS  C:\Users\doug_000\AppData\Local\Temp\ccy7cV4j.s 			page 13


 685 0291 10       		.byte	16
 686 0292 8C       		.byte	-116
 687 0293 14       		.byte	20
 688 0294 90       		.byte	-112
 689 0295 28       		.byte	40
 690 0296 94       		.byte	-108
 691 0297 14       		.byte	20
 692 0298 96       		.byte	-106
 693 0299 40       		.byte	64
 694 029a 99       		.byte	-103
 695 029b 40       		.byte	64
 696 029c 9E       		.byte	-98
 697 029d 80       		.byte	-128
 698 029e A2       		.byte	-94
 699 029f 41       		.byte	65
 700 02a0 A5       		.byte	-91
 701 02a1 44       		.byte	68
 702 02a2 A7       		.byte	-89
 703 02a3 10       		.byte	16
 704 02a4 A9       		.byte	-87
 705 02a5 10       		.byte	16
 706 02a6 B2       		.byte	-78
 707 02a7 04       		.byte	4
 708 02a8 B3       		.byte	-77
 709 02a9 80       		.byte	-128
 710 02aa C0       		.byte	-64
 711 02ab 72       		.byte	114
 712 02ac C2       		.byte	-62
 713 02ad 39       		.byte	57
 714 02ae CA       		.byte	-54
 715 02af 40       		.byte	64
 716 02b0 CC       		.byte	-52
 717 02b1 80       		.byte	-128
 718 02b2 CE       		.byte	-50
 719 02b3 70       		.byte	112
 720 02b4 E2       		.byte	-30
 721 02b5 90       		.byte	-112
 722 02b6 E6       		.byte	-26
 723 02b7 40       		.byte	64
 724 02b8 EE       		.byte	-18
 725 02b9 20       		.byte	32
 726 02ba E8       		.byte	-24
 727 02bb 80       		.byte	-128
 728 02bc 50       		.byte	80
 729 02bd 80       		.byte	-128
 730 02be 55       		.byte	85
 731 02bf 02       		.byte	2
 732 02c0 56       		.byte	86
 733 02c1 10       		.byte	16
 734 02c2 59       		.byte	89
 735 02c3 02       		.byte	2
 736 02c4 5B       		.byte	91
 737 02c5 20       		.byte	32
 738 02c6 60       		.byte	96
 739 02c7 08       		.byte	8
 740 02c8 65       		.byte	101
 741 02c9 44       		.byte	68
ARM GAS  C:\Users\doug_000\AppData\Local\Temp\ccy7cV4j.s 			page 14


 742 02ca D4       		.byte	-44
 743 02cb E0       		.byte	-32
 744 02cc D6       		.byte	-42
 745 02cd E0       		.byte	-32
 746 02ce D8       		.byte	-40
 747 02cf C0       		.byte	-64
 748 02d0 50       		.byte	80
 749 02d1 01       		.byte	1
 750 02d2 51       		.byte	81
 751 02d3 08       		.byte	8
 752 02d4 54       		.byte	84
 753 02d5 08       		.byte	8
 754 02d6 59       		.byte	89
 755 02d7 01       		.byte	1
 756 02d8 5F       		.byte	95
 757 02d9 80       		.byte	-128
 758 02da 60       		.byte	96
 759 02db 80       		.byte	-128
 760 02dc 64       		.byte	100
 761 02dd 01       		.byte	1
 762 02de 65       		.byte	101
 763 02df 08       		.byte	8
 764 02e0 81       		.byte	-127
 765 02e1 08       		.byte	8
 766 02e2 84       		.byte	-124
 767 02e3 80       		.byte	-128
 768 02e4 9C       		.byte	-100
 769 02e5 08       		.byte	8
 770 02e6 9D       		.byte	-99
 771 02e7 46       		.byte	70
 772 02e8 9E       		.byte	-98
 773 02e9 10       		.byte	16
 774 02ea 9F       		.byte	-97
 775 02eb 20       		.byte	32
 776 02ec A4       		.byte	-92
 777 02ed 80       		.byte	-128
 778 02ee A5       		.byte	-91
 779 02ef 02       		.byte	2
 780 02f0 D4       		.byte	-44
 781 02f1 E0       		.byte	-32
 782 02f2 D6       		.byte	-42
 783 02f3 E0       		.byte	-32
 784 02f4 D8       		.byte	-40
 785 02f5 C0       		.byte	-64
 786 02f6 E2       		.byte	-30
 787 02f7 90       		.byte	-112
 788 02f8 51       		.byte	81
 789 02f9 80       		.byte	-128
 790 02fa 56       		.byte	86
 791 02fb 08       		.byte	8
 792 02fc 80       		.byte	-128
 793 02fd 08       		.byte	8
 794 02fe 82       		.byte	-126
 795 02ff 08       		.byte	8
 796 0300 85       		.byte	-123
 797 0301 40       		.byte	64
 798 0302 87       		.byte	-121
ARM GAS  C:\Users\doug_000\AppData\Local\Temp\ccy7cV4j.s 			page 15


 799 0303 20       		.byte	32
 800 0304 88       		.byte	-120
 801 0305 08       		.byte	8
 802 0306 8D       		.byte	-115
 803 0307 80       		.byte	-128
 804 0308 94       		.byte	-108
 805 0309 02       		.byte	2
 806 030a 9C       		.byte	-100
 807 030b 89       		.byte	-119
 808 030c 9D       		.byte	-99
 809 030d 4F       		.byte	79
 810 030e 9E       		.byte	-98
 811 030f 10       		.byte	16
 812 0310 9F       		.byte	-97
 813 0311 20       		.byte	32
 814 0312 A4       		.byte	-92
 815 0313 08       		.byte	8
 816 0314 A5       		.byte	-91
 817 0315 02       		.byte	2
 818 0316 B7       		.byte	-73
 819 0317 80       		.byte	-128
 820 0318 D4       		.byte	-44
 821 0319 60       		.byte	96
 822 031a E2       		.byte	-30
 823 031b C0       		.byte	-64
 824 031c E6       		.byte	-26
 825 031d 90       		.byte	-112
 826 031e 81       		.byte	-127
 827 031f 05       		.byte	5
 828 0320 84       		.byte	-124
 829 0321 01       		.byte	1
 830 0322 86       		.byte	-122
 831 0323 80       		.byte	-128
 832 0324 88       		.byte	-120
 833 0325 80       		.byte	-128
 834 0326 8C       		.byte	-116
 835 0327 01       		.byte	1
 836 0328 8D       		.byte	-115
 837 0329 02       		.byte	2
 838 032a 94       		.byte	-108
 839 032b 02       		.byte	2
 840 032c 9A       		.byte	-102
 841 032d 01       		.byte	1
 842 032e 9C       		.byte	-100
 843 032f 81       		.byte	-127
 844 0330 9D       		.byte	-99
 845 0331 07       		.byte	7
 846 0332 9E       		.byte	-98
 847 0333 10       		.byte	16
 848 0334 A5       		.byte	-91
 849 0335 02       		.byte	2
 850 0336 B1       		.byte	-79
 851 0337 08       		.byte	8
 852 0338 B6       		.byte	-74
 853 0339 01       		.byte	1
 854 033a E2       		.byte	-30
 855 033b 60       		.byte	96
ARM GAS  C:\Users\doug_000\AppData\Local\Temp\ccy7cV4j.s 			page 16


 856 033c E6       		.byte	-26
 857 033d 90       		.byte	-112
 858 033e 52       		.byte	82
 859 033f 80       		.byte	-128
 860 0340 55       		.byte	85
 861 0341 08       		.byte	8
 862 0342 81       		.byte	-127
 863 0343 40       		.byte	64
 864 0344 89       		.byte	-119
 865 0345 02       		.byte	2
 866 0346 8C       		.byte	-116
 867 0347 02       		.byte	2
 868 0348 8E       		.byte	-114
 869 0349 08       		.byte	8
 870 034a 9A       		.byte	-102
 871 034b 03       		.byte	3
 872 034c 9D       		.byte	-99
 873 034d 02       		.byte	2
 874 034e 9E       		.byte	-98
 875 034f 10       		.byte	16
 876 0350 A1       		.byte	-95
 877 0351 08       		.byte	8
 878 0352 A2       		.byte	-94
 879 0353 80       		.byte	-128
 880 0354 AA       		.byte	-86
 881 0355 02       		.byte	2
 882 0356 B1       		.byte	-79
 883 0357 08       		.byte	8
 884 0358 D4       		.byte	-44
 885 0359 60       		.byte	96
 886 035a E6       		.byte	-26
 887 035b 20       		.byte	32
 888 035c EE       		.byte	-18
 889 035d 20       		.byte	32
 890 035e 52       		.byte	82
 891 035f 08       		.byte	8
 892 0360 57       		.byte	87
 893 0361 20       		.byte	32
 894 0362 5A       		.byte	90
 895 0363 82       		.byte	-126
 896 0364 5C       		.byte	92
 897 0365 02       		.byte	2
 898 0366 5D       		.byte	93
 899 0367 40       		.byte	64
 900 0368 62       		.byte	98
 901 0369 01       		.byte	1
 902 036a 66       		.byte	102
 903 036b 02       		.byte	2
 904 036c 71       		.byte	113
 905 036d 08       		.byte	8
 906 036e 7C       		.byte	124
 907 036f 80       		.byte	-128
 908 0370 85       		.byte	-123
 909 0371 08       		.byte	8
 910 0372 86       		.byte	-122
 911 0373 01       		.byte	1
 912 0374 87       		.byte	-121
ARM GAS  C:\Users\doug_000\AppData\Local\Temp\ccy7cV4j.s 			page 17


 913 0375 20       		.byte	32
 914 0376 8E       		.byte	-114
 915 0377 40       		.byte	64
 916 0378 91       		.byte	-111
 917 0379 40       		.byte	64
 918 037a 98       		.byte	-104
 919 037b 82       		.byte	-126
 920 037c 9A       		.byte	-102
 921 037d 03       		.byte	3
 922 037e A2       		.byte	-94
 923 037f 08       		.byte	8
 924 0380 AE       		.byte	-82
 925 0381 10       		.byte	16
 926 0382 B4       		.byte	-76
 927 0383 80       		.byte	-128
 928 0384 D4       		.byte	-44
 929 0385 E0       		.byte	-32
 930 0386 D6       		.byte	-42
 931 0387 E0       		.byte	-32
 932 0388 D8       		.byte	-40
 933 0389 C0       		.byte	-64
 934 038a DC       		.byte	-36
 935 038b 80       		.byte	-128
 936 038c DE       		.byte	-34
 937 038d 20       		.byte	32
 938 038e E2       		.byte	-30
 939 038f 40       		.byte	64
 940 0390 E6       		.byte	-26
 941 0391 50       		.byte	80
 942 0392 EA       		.byte	-22
 943 0393 40       		.byte	64
 944 0394 93       		.byte	-109
 945 0395 08       		.byte	8
 946 0396 B3       		.byte	-77
 947 0397 04       		.byte	4
 948 0398 E8       		.byte	-24
 949 0399 01       		.byte	1
 950 039a 67       		.byte	103
 951 039b 08       		.byte	8
 952 039c 93       		.byte	-109
 953 039d 08       		.byte	8
 954 039e D8       		.byte	-40
 955 039f 01       		.byte	1
 956 03a0 10       		.byte	16
 957 03a1 01       		.byte	1
 958 03a2 1A       		.byte	26
 959 03a3 01       		.byte	1
 960 03a4 00       		.byte	0
 961 03a5 FF       		.byte	-1
 962 03a6 FF       		.byte	-1
 963 03a7 00       		.byte	0
 964 03a8 FF       		.byte	-1
 965 03a9 00       		.byte	0
 966 03aa 00       		.byte	0
 967 03ab 00       		.byte	0
 968 03ac 00       		.byte	0
 969 03ad 0F       		.byte	15
ARM GAS  C:\Users\doug_000\AppData\Local\Temp\ccy7cV4j.s 			page 18


 970 03ae 0F       		.byte	15
 971 03af 00       		.byte	0
 972 03b0 0F       		.byte	15
 973 03b1 00       		.byte	0
 974 03b2 00       		.byte	0
 975 03b3 00       		.byte	0
 976 03b4 00       		.byte	0
 977 03b5 0C       		.byte	12
 978 03b6 0C       		.byte	12
 979 03b7 00       		.byte	0
 980 03b8 0C       		.byte	12
 981 03b9 00       		.byte	0
 982 03ba 00       		.byte	0
 983 03bb 00       		.byte	0
 984 03bc 00       		.byte	0
 985 03bd 0B       		.byte	11
 986 03be 0B       		.byte	11
 987 03bf 00       		.byte	0
 988 03c0 00       		.byte	0
 989 03c1 00       		.byte	0
 990 03c2 00       		.byte	0
 991 03c3 00       		.byte	0
 992 03c4 00       		.byte	0
 993 03c5 FF       		.byte	-1
 994 03c6 FF       		.byte	-1
 995 03c7 FF       		.byte	-1
 996 03c8 FF       		.byte	-1
 997 03c9 00       		.byte	0
 998 03ca 00       		.byte	0
 999 03cb 00       		.byte	0
 1000 03cc 00       		.byte	0
 1001 03cd FF       		.byte	-1
 1002 03ce FF       		.byte	-1
 1003 03cf 00       		.byte	0
 1004 03d0 FF       		.byte	-1
 1005 03d1 00       		.byte	0
 1006 03d2 00       		.byte	0
 1007 03d3 00       		.byte	0
 1008 03d4 00       		.byte	0
 1009 03d5 10       		.byte	16
 1010 03d6 10       		.byte	16
 1011 03d7 00       		.byte	0
 1012 03d8 10       		.byte	16
 1013 03d9 00       		.byte	0
 1014 03da 00       		.byte	0
 1015 03db 00       		.byte	0
 1016              		.section	.cywolatch,"a",%progbits
 1017              		.align	2
 1018              		.type	cy_meta_wonvl, %object
 1019              		.size	cy_meta_wonvl, 4
 1020              	cy_meta_wonvl:
 1021 0000 BC       		.byte	-68
 1022 0001 90       		.byte	-112
 1023 0002 AC       		.byte	-84
 1024 0003 AF       		.byte	-81
 1025              		.section	.cycustnvl,"a",%progbits
 1026              		.align	2
ARM GAS  C:\Users\doug_000\AppData\Local\Temp\ccy7cV4j.s 			page 19


 1027              		.type	cy_meta_custnvl, %object
 1028              		.size	cy_meta_custnvl, 4
 1029              	cy_meta_custnvl:
 1030 0000 00       		.byte	0
 1031 0001 00       		.byte	0
 1032 0002 40       		.byte	64
 1033 0003 05       		.byte	5
 1034              		.section	.cymeta,"a",%progbits
 1035              		.align	2
 1036              		.type	cy_metadata, %object
 1037              		.size	cy_metadata, 12
 1038              	cy_metadata:
 1039 0000 00       		.byte	0
 1040 0001 01       		.byte	1
 1041 0002 2E       		.byte	46
 1042 0003 13       		.byte	19
 1043 0004 30       		.byte	48
 1044 0005 69       		.byte	105
 1045 0006 00       		.byte	0
 1046 0007 01       		.byte	1
 1047 0008 00       		.byte	0
 1048 0009 00       		.byte	0
 1049 000a 00       		.byte	0
 1050 000b 00       		.byte	0
 1051              		.section	.cyflashprotect,"a",%progbits
 1052              		.align	2
 1053              		.type	cy_meta_flashprotect, %object
 1054              		.size	cy_meta_flashprotect, 128
 1055              	cy_meta_flashprotect:
 1056 0000 00000000 		.space	128
 1056      00000000 
 1056      00000000 
 1056      00000000 
 1056      00000000 
 1057              		.text
 1058              	.Letext0:
 1059              		.file 1 "Generated_Source\\PSoC5\\cymetadata.c"
 1060              		.file 2 "Generated_Source\\PSoC5\\cytypes.h"
 1061              		.section	.debug_info,"",%progbits
 1062              	.Ldebug_info0:
 1063 0000 37010000 		.4byte	0x137
 1064 0004 0400     		.2byte	0x4
 1065 0006 00000000 		.4byte	.Ldebug_abbrev0
 1066 000a 04       		.byte	0x4
 1067 000b 01       		.uleb128 0x1
 1068 000c 6E000000 		.4byte	.LASF18
 1069 0010 01       		.byte	0x1
 1070 0011 D9010000 		.4byte	.LASF19
 1071 0015 20010000 		.4byte	.LASF20
 1072 0019 00000000 		.4byte	.Ldebug_line0
 1073 001d 02       		.uleb128 0x2
 1074 001e 01       		.byte	0x1
 1075 001f 06       		.byte	0x6
 1076 0020 CD010000 		.4byte	.LASF0
 1077 0024 02       		.uleb128 0x2
 1078 0025 01       		.byte	0x1
 1079 0026 08       		.byte	0x8
ARM GAS  C:\Users\doug_000\AppData\Local\Temp\ccy7cV4j.s 			page 20


 1080 0027 12000000 		.4byte	.LASF1
 1081 002b 02       		.uleb128 0x2
 1082 002c 02       		.byte	0x2
 1083 002d 05       		.byte	0x5
 1084 002e B4010000 		.4byte	.LASF2
 1085 0032 02       		.uleb128 0x2
 1086 0033 02       		.byte	0x2
 1087 0034 07       		.byte	0x7
 1088 0035 32000000 		.4byte	.LASF3
 1089 0039 02       		.uleb128 0x2
 1090 003a 04       		.byte	0x4
 1091 003b 05       		.byte	0x5
 1092 003c C4010000 		.4byte	.LASF4
 1093 0040 02       		.uleb128 0x2
 1094 0041 04       		.byte	0x4
 1095 0042 07       		.byte	0x7
 1096 0043 20000000 		.4byte	.LASF5
 1097 0047 02       		.uleb128 0x2
 1098 0048 08       		.byte	0x8
 1099 0049 05       		.byte	0x5
 1100 004a A1010000 		.4byte	.LASF6
 1101 004e 02       		.uleb128 0x2
 1102 004f 08       		.byte	0x8
 1103 0050 07       		.byte	0x7
 1104 0051 09010000 		.4byte	.LASF7
 1105 0055 03       		.uleb128 0x3
 1106 0056 04       		.byte	0x4
 1107 0057 05       		.byte	0x5
 1108 0058 696E7400 		.ascii	"int\000"
 1109 005c 02       		.uleb128 0x2
 1110 005d 04       		.byte	0x4
 1111 005e 07       		.byte	0x7
 1112 005f FC000000 		.4byte	.LASF8
 1113 0063 04       		.uleb128 0x4
 1114 0064 BE010000 		.4byte	.LASF21
 1115 0068 02       		.byte	0x2
 1116 0069 9201     		.2byte	0x192
 1117 006b 24000000 		.4byte	0x24
 1118 006f 02       		.uleb128 0x2
 1119 0070 04       		.byte	0x4
 1120 0071 04       		.byte	0x4
 1121 0072 0C000000 		.4byte	.LASF9
 1122 0076 02       		.uleb128 0x2
 1123 0077 08       		.byte	0x8
 1124 0078 04       		.byte	0x4
 1125 0079 45000000 		.4byte	.LASF10
 1126 007d 02       		.uleb128 0x2
 1127 007e 01       		.byte	0x1
 1128 007f 08       		.byte	0x8
 1129 0080 AF010000 		.4byte	.LASF11
 1130 0084 05       		.uleb128 0x5
 1131 0085 63000000 		.4byte	0x63
 1132 0089 95000000 		.4byte	0x95
 1133 008d 06       		.uleb128 0x6
 1134 008e 95000000 		.4byte	0x95
 1135 0092 DB03     		.2byte	0x3db
 1136 0094 00       		.byte	0
ARM GAS  C:\Users\doug_000\AppData\Local\Temp\ccy7cV4j.s 			page 21


 1137 0095 02       		.uleb128 0x2
 1138 0096 04       		.byte	0x4
 1139 0097 07       		.byte	0x7
 1140 0098 98010000 		.4byte	.LASF12
 1141 009c 07       		.uleb128 0x7
 1142 009d 5C000000 		.4byte	.LASF13
 1143 00a1 01       		.byte	0x1
 1144 00a2 1F       		.byte	0x1f
 1145 00a3 AD000000 		.4byte	0xad
 1146 00a7 05       		.uleb128 0x5
 1147 00a8 03       		.byte	0x3
 1148 00a9 00000000 		.4byte	cy_meta_configecc
 1149 00ad 08       		.uleb128 0x8
 1150 00ae 84000000 		.4byte	0x84
 1151 00b2 05       		.uleb128 0x5
 1152 00b3 63000000 		.4byte	0x63
 1153 00b7 C2000000 		.4byte	0xc2
 1154 00bb 09       		.uleb128 0x9
 1155 00bc 95000000 		.4byte	0x95
 1156 00c0 03       		.byte	0x3
 1157 00c1 00       		.byte	0
 1158 00c2 07       		.uleb128 0x7
 1159 00c3 4C000000 		.4byte	.LASF14
 1160 00c7 01       		.byte	0x1
 1161 00c8 A8       		.byte	0xa8
 1162 00c9 D3000000 		.4byte	0xd3
 1163 00cd 05       		.uleb128 0x5
 1164 00ce 03       		.byte	0x3
 1165 00cf 00000000 		.4byte	cy_meta_custnvl
 1166 00d3 08       		.uleb128 0x8
 1167 00d4 B2000000 		.4byte	0xb2
 1168 00d8 07       		.uleb128 0x7
 1169 00d9 8A010000 		.4byte	.LASF15
 1170 00dd 01       		.byte	0x1
 1171 00de B6       		.byte	0xb6
 1172 00df E9000000 		.4byte	0xe9
 1173 00e3 05       		.uleb128 0x5
 1174 00e4 03       		.byte	0x3
 1175 00e5 00000000 		.4byte	cy_meta_wonvl
 1176 00e9 08       		.uleb128 0x8
 1177 00ea B2000000 		.4byte	0xb2
 1178 00ee 05       		.uleb128 0x5
 1179 00ef 63000000 		.4byte	0x63
 1180 00f3 FE000000 		.4byte	0xfe
 1181 00f7 09       		.uleb128 0x9
 1182 00f8 95000000 		.4byte	0x95
 1183 00fc 7F       		.byte	0x7f
 1184 00fd 00       		.byte	0
 1185 00fe 07       		.uleb128 0x7
 1186 00ff 75010000 		.4byte	.LASF16
 1187 0103 01       		.byte	0x1
 1188 0104 C4       		.byte	0xc4
 1189 0105 0F010000 		.4byte	0x10f
 1190 0109 05       		.uleb128 0x5
 1191 010a 03       		.byte	0x3
 1192 010b 00000000 		.4byte	cy_meta_flashprotect
 1193 010f 08       		.uleb128 0x8
ARM GAS  C:\Users\doug_000\AppData\Local\Temp\ccy7cV4j.s 			page 22


 1194 0110 EE000000 		.4byte	0xee
 1195 0114 05       		.uleb128 0x5
 1196 0115 63000000 		.4byte	0x63
 1197 0119 24010000 		.4byte	0x124
 1198 011d 09       		.uleb128 0x9
 1199 011e 95000000 		.4byte	0x95
 1200 0122 0B       		.byte	0xb
 1201 0123 00       		.byte	0
 1202 0124 07       		.uleb128 0x7
 1203 0125 00000000 		.4byte	.LASF17
 1204 0129 01       		.byte	0x1
 1205 012a E1       		.byte	0xe1
 1206 012b 35010000 		.4byte	0x135
 1207 012f 05       		.uleb128 0x5
 1208 0130 03       		.byte	0x3
 1209 0131 00000000 		.4byte	cy_metadata
 1210 0135 08       		.uleb128 0x8
 1211 0136 14010000 		.4byte	0x114
 1212 013a 00       		.byte	0
 1213              		.section	.debug_abbrev,"",%progbits
 1214              	.Ldebug_abbrev0:
 1215 0000 01       		.uleb128 0x1
 1216 0001 11       		.uleb128 0x11
 1217 0002 01       		.byte	0x1
 1218 0003 25       		.uleb128 0x25
 1219 0004 0E       		.uleb128 0xe
 1220 0005 13       		.uleb128 0x13
 1221 0006 0B       		.uleb128 0xb
 1222 0007 03       		.uleb128 0x3
 1223 0008 0E       		.uleb128 0xe
 1224 0009 1B       		.uleb128 0x1b
 1225 000a 0E       		.uleb128 0xe
 1226 000b 10       		.uleb128 0x10
 1227 000c 17       		.uleb128 0x17
 1228 000d 00       		.byte	0
 1229 000e 00       		.byte	0
 1230 000f 02       		.uleb128 0x2
 1231 0010 24       		.uleb128 0x24
 1232 0011 00       		.byte	0
 1233 0012 0B       		.uleb128 0xb
 1234 0013 0B       		.uleb128 0xb
 1235 0014 3E       		.uleb128 0x3e
 1236 0015 0B       		.uleb128 0xb
 1237 0016 03       		.uleb128 0x3
 1238 0017 0E       		.uleb128 0xe
 1239 0018 00       		.byte	0
 1240 0019 00       		.byte	0
 1241 001a 03       		.uleb128 0x3
 1242 001b 24       		.uleb128 0x24
 1243 001c 00       		.byte	0
 1244 001d 0B       		.uleb128 0xb
 1245 001e 0B       		.uleb128 0xb
 1246 001f 3E       		.uleb128 0x3e
 1247 0020 0B       		.uleb128 0xb
 1248 0021 03       		.uleb128 0x3
 1249 0022 08       		.uleb128 0x8
 1250 0023 00       		.byte	0
ARM GAS  C:\Users\doug_000\AppData\Local\Temp\ccy7cV4j.s 			page 23


 1251 0024 00       		.byte	0
 1252 0025 04       		.uleb128 0x4
 1253 0026 16       		.uleb128 0x16
 1254 0027 00       		.byte	0
 1255 0028 03       		.uleb128 0x3
 1256 0029 0E       		.uleb128 0xe
 1257 002a 3A       		.uleb128 0x3a
 1258 002b 0B       		.uleb128 0xb
 1259 002c 3B       		.uleb128 0x3b
 1260 002d 05       		.uleb128 0x5
 1261 002e 49       		.uleb128 0x49
 1262 002f 13       		.uleb128 0x13
 1263 0030 00       		.byte	0
 1264 0031 00       		.byte	0
 1265 0032 05       		.uleb128 0x5
 1266 0033 01       		.uleb128 0x1
 1267 0034 01       		.byte	0x1
 1268 0035 49       		.uleb128 0x49
 1269 0036 13       		.uleb128 0x13
 1270 0037 01       		.uleb128 0x1
 1271 0038 13       		.uleb128 0x13
 1272 0039 00       		.byte	0
 1273 003a 00       		.byte	0
 1274 003b 06       		.uleb128 0x6
 1275 003c 21       		.uleb128 0x21
 1276 003d 00       		.byte	0
 1277 003e 49       		.uleb128 0x49
 1278 003f 13       		.uleb128 0x13
 1279 0040 2F       		.uleb128 0x2f
 1280 0041 05       		.uleb128 0x5
 1281 0042 00       		.byte	0
 1282 0043 00       		.byte	0
 1283 0044 07       		.uleb128 0x7
 1284 0045 34       		.uleb128 0x34
 1285 0046 00       		.byte	0
 1286 0047 03       		.uleb128 0x3
 1287 0048 0E       		.uleb128 0xe
 1288 0049 3A       		.uleb128 0x3a
 1289 004a 0B       		.uleb128 0xb
 1290 004b 3B       		.uleb128 0x3b
 1291 004c 0B       		.uleb128 0xb
 1292 004d 49       		.uleb128 0x49
 1293 004e 13       		.uleb128 0x13
 1294 004f 3F       		.uleb128 0x3f
 1295 0050 19       		.uleb128 0x19
 1296 0051 02       		.uleb128 0x2
 1297 0052 18       		.uleb128 0x18
 1298 0053 00       		.byte	0
 1299 0054 00       		.byte	0
 1300 0055 08       		.uleb128 0x8
 1301 0056 26       		.uleb128 0x26
 1302 0057 00       		.byte	0
 1303 0058 49       		.uleb128 0x49
 1304 0059 13       		.uleb128 0x13
 1305 005a 00       		.byte	0
 1306 005b 00       		.byte	0
 1307 005c 09       		.uleb128 0x9
ARM GAS  C:\Users\doug_000\AppData\Local\Temp\ccy7cV4j.s 			page 24


 1308 005d 21       		.uleb128 0x21
 1309 005e 00       		.byte	0
 1310 005f 49       		.uleb128 0x49
 1311 0060 13       		.uleb128 0x13
 1312 0061 2F       		.uleb128 0x2f
 1313 0062 0B       		.uleb128 0xb
 1314 0063 00       		.byte	0
 1315 0064 00       		.byte	0
 1316 0065 00       		.byte	0
 1317              		.section	.debug_aranges,"",%progbits
 1318 0000 14000000 		.4byte	0x14
 1319 0004 0200     		.2byte	0x2
 1320 0006 00000000 		.4byte	.Ldebug_info0
 1321 000a 04       		.byte	0x4
 1322 000b 00       		.byte	0
 1323 000c 0000     		.2byte	0
 1324 000e 0000     		.2byte	0
 1325 0010 00000000 		.4byte	0
 1326 0014 00000000 		.4byte	0
 1327              		.section	.debug_line,"",%progbits
 1328              	.Ldebug_line0:
 1329 0000 4D000000 		.section	.debug_str,"MS",%progbits,1
 1329      02004700 
 1329      00000201 
 1329      FB0E0D00 
 1329      01010101 
 1330              	.LASF17:
 1331 0000 63795F6D 		.ascii	"cy_metadata\000"
 1331      65746164 
 1331      61746100 
 1332              	.LASF9:
 1333 000c 666C6F61 		.ascii	"float\000"
 1333      7400
 1334              	.LASF1:
 1335 0012 756E7369 		.ascii	"unsigned char\000"
 1335      676E6564 
 1335      20636861 
 1335      7200
 1336              	.LASF5:
 1337 0020 6C6F6E67 		.ascii	"long unsigned int\000"
 1337      20756E73 
 1337      69676E65 
 1337      6420696E 
 1337      7400
 1338              	.LASF3:
 1339 0032 73686F72 		.ascii	"short unsigned int\000"
 1339      7420756E 
 1339      7369676E 
 1339      65642069 
 1339      6E7400
 1340              	.LASF10:
 1341 0045 646F7562 		.ascii	"double\000"
 1341      6C6500
 1342              	.LASF14:
 1343 004c 63795F6D 		.ascii	"cy_meta_custnvl\000"
 1343      6574615F 
 1343      63757374 
ARM GAS  C:\Users\doug_000\AppData\Local\Temp\ccy7cV4j.s 			page 25


 1343      6E766C00 
 1344              	.LASF13:
 1345 005c 63795F6D 		.ascii	"cy_meta_configecc\000"
 1345      6574615F 
 1345      636F6E66 
 1345      69676563 
 1345      6300
 1346              	.LASF18:
 1347 006e 474E5520 		.ascii	"GNU C 4.9.3 20150303 (release) [ARM/embedded-4_9-br"
 1347      4320342E 
 1347      392E3320 
 1347      32303135 
 1347      30333033 
 1348 00a1 616E6368 		.ascii	"anch revision 221220] -mcpu=cortex-m3 -mthumb -g -O"
 1348      20726576 
 1348      6973696F 
 1348      6E203232 
 1348      31323230 
 1349 00d4 67202D66 		.ascii	"g -ffunction-sections -ffat-lto-objects\000"
 1349      66756E63 
 1349      74696F6E 
 1349      2D736563 
 1349      74696F6E 
 1350              	.LASF8:
 1351 00fc 756E7369 		.ascii	"unsigned int\000"
 1351      676E6564 
 1351      20696E74 
 1351      00
 1352              	.LASF7:
 1353 0109 6C6F6E67 		.ascii	"long long unsigned int\000"
 1353      206C6F6E 
 1353      6720756E 
 1353      7369676E 
 1353      65642069 
 1354              	.LASF20:
 1355 0120 433A5C55 		.ascii	"C:\\Users\\doug_000\\Documents\\GitHub\\ODAS\\ODAS-"
 1355      73657273 
 1355      5C646F75 
 1355      675F3030 
 1355      305C446F 
 1356 014d 50534F43 		.ascii	"PSOC5\\Projects\\ODAS-PSOC5-LEDS-01.cydsn\000"
 1356      355C5072 
 1356      6F6A6563 
 1356      74735C4F 
 1356      4441532D 
 1357              	.LASF16:
 1358 0175 63795F6D 		.ascii	"cy_meta_flashprotect\000"
 1358      6574615F 
 1358      666C6173 
 1358      6870726F 
 1358      74656374 
 1359              	.LASF15:
 1360 018a 63795F6D 		.ascii	"cy_meta_wonvl\000"
 1360      6574615F 
 1360      776F6E76 
 1360      6C00
 1361              	.LASF12:
ARM GAS  C:\Users\doug_000\AppData\Local\Temp\ccy7cV4j.s 			page 26


 1362 0198 73697A65 		.ascii	"sizetype\000"
 1362      74797065 
 1362      00
 1363              	.LASF6:
 1364 01a1 6C6F6E67 		.ascii	"long long int\000"
 1364      206C6F6E 
 1364      6720696E 
 1364      7400
 1365              	.LASF11:
 1366 01af 63686172 		.ascii	"char\000"
 1366      00
 1367              	.LASF2:
 1368 01b4 73686F72 		.ascii	"short int\000"
 1368      7420696E 
 1368      7400
 1369              	.LASF21:
 1370 01be 75696E74 		.ascii	"uint8\000"
 1370      3800
 1371              	.LASF4:
 1372 01c4 6C6F6E67 		.ascii	"long int\000"
 1372      20696E74 
 1372      00
 1373              	.LASF0:
 1374 01cd 7369676E 		.ascii	"signed char\000"
 1374      65642063 
 1374      68617200 
 1375              	.LASF19:
 1376 01d9 47656E65 		.ascii	"Generated_Source\\PSoC5\\cymetadata.c\000"
 1376      72617465 
 1376      645F536F 
 1376      75726365 
 1376      5C50536F 
 1377              		.ident	"GCC: (GNU Tools for ARM Embedded Processors) 4.9.3 20150303 (release) [ARM/embedded-4_9-br
