ARM GAS  C:\Users\DGILLI~1\AppData\Local\Temp\ccH1TzNF.s 			page 1


   1              		.syntax unified
   2              		.cpu cortex-m3
   3              		.fpu softvfp
   4              		.eabi_attribute 20, 1
   5              		.eabi_attribute 21, 1
   6              		.eabi_attribute 23, 3
   7              		.eabi_attribute 24, 1
   8              		.eabi_attribute 25, 1
   9              		.eabi_attribute 26, 1
  10              		.eabi_attribute 30, 1
  11              		.eabi_attribute 34, 1
  12              		.eabi_attribute 18, 4
  13              		.thumb
  14              		.file	"cymetadata.c"
  15              		.text
  16              	.Ltext0:
  17              		.cfi_sections	.debug_frame
  18              		.global	cy_metadata
  19              		.global	cy_meta_flashprotect
  20              		.global	cy_meta_wonvl
  21              		.global	cy_meta_custnvl
  22              		.global	cy_meta_configecc
  23              		.section	.cyconfigecc,"a",%progbits
  24              		.align	2
  25              		.type	cy_meta_configecc, %object
  26              		.size	cy_meta_configecc, 1812
  27              	cy_meta_configecc:
  28 0000 09       		.byte	9
  29 0001 52       		.byte	82
  30 0002 00       		.byte	0
  31 0003 40       		.byte	64
  32 0004 03       		.byte	3
  33 0005 64       		.byte	100
  34 0006 00       		.byte	0
  35 0007 40       		.byte	64
  36 0008 02       		.byte	2
  37 0009 01       		.byte	1
  38 000a 01       		.byte	1
  39 000b 40       		.byte	64
  40 000c 31       		.byte	49
  41 000d 02       		.byte	2
  42 000e 01       		.byte	1
  43 000f 40       		.byte	64
  44 0010 3D       		.byte	61
  45 0011 03       		.byte	3
  46 0012 01       		.byte	1
  47 0013 40       		.byte	64
  48 0014 50       		.byte	80
  49 0015 04       		.byte	4
  50 0016 01       		.byte	1
  51 0017 40       		.byte	64
  52 0018 45       		.byte	69
  53 0019 05       		.byte	5
  54 001a 01       		.byte	1
  55 001b 40       		.byte	64
  56 001c 48       		.byte	72
  57 001d 06       		.byte	6
ARM GAS  C:\Users\DGILLI~1\AppData\Local\Temp\ccH1TzNF.s 			page 2


  58 001e 01       		.byte	1
  59 001f 40       		.byte	64
  60 0020 41       		.byte	65
  61 0021 07       		.byte	7
  62 0022 01       		.byte	1
  63 0023 40       		.byte	64
  64 0024 02       		.byte	2
  65 0025 09       		.byte	9
  66 0026 01       		.byte	1
  67 0027 40       		.byte	64
  68 0028 05       		.byte	5
  69 0029 0B       		.byte	11
  70 002a 01       		.byte	1
  71 002b 40       		.byte	64
  72 002c 3F       		.byte	63
  73 002d 0C       		.byte	12
  74 002e 01       		.byte	1
  75 002f 40       		.byte	64
  76 0030 40       		.byte	64
  77 0031 0D       		.byte	13
  78 0032 01       		.byte	1
  79 0033 40       		.byte	64
  80 0034 55       		.byte	85
  81 0035 0E       		.byte	14
  82 0036 01       		.byte	1
  83 0037 40       		.byte	64
  84 0038 34       		.byte	52
  85 0039 0F       		.byte	15
  86 003a 01       		.byte	1
  87 003b 40       		.byte	64
  88 003c 01       		.byte	1
  89 003d 15       		.byte	21
  90 003e 01       		.byte	1
  91 003f 40       		.byte	64
  92 0040 05       		.byte	5
  93 0041 17       		.byte	23
  94 0042 01       		.byte	1
  95 0043 40       		.byte	64
  96 0044 01       		.byte	1
  97 0045 1B       		.byte	27
  98 0046 01       		.byte	1
  99 0047 40       		.byte	64
 100 0048 0B       		.byte	11
 101 0049 40       		.byte	64
 102 004a 01       		.byte	1
 103 004b 40       		.byte	64
 104 004c 18       		.byte	24
 105 004d 41       		.byte	65
 106 004e 01       		.byte	1
 107 004f 40       		.byte	64
 108 0050 0E       		.byte	14
 109 0051 42       		.byte	66
 110 0052 01       		.byte	1
 111 0053 40       		.byte	64
 112 0054 08       		.byte	8
 113 0055 43       		.byte	67
 114 0056 01       		.byte	1
ARM GAS  C:\Users\DGILLI~1\AppData\Local\Temp\ccH1TzNF.s 			page 3


 115 0057 40       		.byte	64
 116 0058 09       		.byte	9
 117 0059 44       		.byte	68
 118 005a 01       		.byte	1
 119 005b 40       		.byte	64
 120 005c 03       		.byte	3
 121 005d 45       		.byte	69
 122 005e 01       		.byte	1
 123 005f 40       		.byte	64
 124 0060 01       		.byte	1
 125 0061 46       		.byte	70
 126 0062 01       		.byte	1
 127 0063 40       		.byte	64
 128 0064 01       		.byte	1
 129 0065 47       		.byte	71
 130 0066 01       		.byte	1
 131 0067 40       		.byte	64
 132 0068 0C       		.byte	12
 133 0069 48       		.byte	72
 134 006a 01       		.byte	1
 135 006b 40       		.byte	64
 136 006c 0C       		.byte	12
 137 006d 49       		.byte	73
 138 006e 01       		.byte	1
 139 006f 40       		.byte	64
 140 0070 08       		.byte	8
 141 0071 4C       		.byte	76
 142 0072 01       		.byte	1
 143 0073 40       		.byte	64
 144 0074 06       		.byte	6
 145 0075 4D       		.byte	77
 146 0076 01       		.byte	1
 147 0077 40       		.byte	64
 148 0078 04       		.byte	4
 149 0079 50       		.byte	80
 150 007a 01       		.byte	1
 151 007b 40       		.byte	64
 152 007c 01       		.byte	1
 153 007d 51       		.byte	81
 154 007e 01       		.byte	1
 155 007f 40       		.byte	64
 156 0080 00       		.byte	0
 157 0081 C5       		.byte	-59
 158 0082 01       		.byte	1
 159 0083 99       		.byte	-103
 160 0084 18       		.byte	24
 161 0085 54       		.byte	84
 162 0086 19       		.byte	25
 163 0087 15       		.byte	21
 164 0088 20       		.byte	32
 165 0089 6A       		.byte	106
 166 008a 21       		.byte	33
 167 008b C6       		.byte	-58
 168 008c 31       		.byte	49
 169 008d 80       		.byte	-128
 170 008e 34       		.byte	52
 171 008f 40       		.byte	64
ARM GAS  C:\Users\DGILLI~1\AppData\Local\Temp\ccH1TzNF.s 			page 4


 172 0090 78       		.byte	120
 173 0091 08       		.byte	8
 174 0092 83       		.byte	-125
 175 0093 0F       		.byte	15
 176 0094 8C       		.byte	-116
 177 0095 72       		.byte	114
 178 0096 8E       		.byte	-114
 179 0097 38       		.byte	56
 180 0098 85       		.byte	-123
 181 0099 04       		.byte	4
 182 009a 8F       		.byte	-113
 183 009b 04       		.byte	4
 184 009c 05       		.byte	5
 185 009d 02       		.byte	2
 186 009e 07       		.byte	7
 187 009f 01       		.byte	1
 188 00a0 11       		.byte	17
 189 00a1 01       		.byte	1
 190 00a2 13       		.byte	19
 191 00a3 02       		.byte	2
 192 00a4 1D       		.byte	29
 193 00a5 02       		.byte	2
 194 00a6 1F       		.byte	31
 195 00a7 01       		.byte	1
 196 00a8 20       		.byte	32
 197 00a9 03       		.byte	3
 198 00aa 21       		.byte	33
 199 00ab 03       		.byte	3
 200 00ac 26       		.byte	38
 201 00ad 03       		.byte	3
 202 00ae 2A       		.byte	42
 203 00af 03       		.byte	3
 204 00b0 2C       		.byte	44
 205 00b1 01       		.byte	1
 206 00b2 2E       		.byte	46
 207 00b3 02       		.byte	2
 208 00b4 30       		.byte	48
 209 00b5 01       		.byte	1
 210 00b6 31       		.byte	49
 211 00b7 01       		.byte	1
 212 00b8 36       		.byte	54
 213 00b9 02       		.byte	2
 214 00ba 37       		.byte	55
 215 00bb 02       		.byte	2
 216 00bc 3E       		.byte	62
 217 00bd 41       		.byte	65
 218 00be 3F       		.byte	63
 219 00bf 41       		.byte	65
 220 00c0 58       		.byte	88
 221 00c1 04       		.byte	4
 222 00c2 59       		.byte	89
 223 00c3 04       		.byte	4
 224 00c4 5B       		.byte	91
 225 00c5 04       		.byte	4
 226 00c6 5F       		.byte	95
 227 00c7 01       		.byte	1
 228 00c8 81       		.byte	-127
ARM GAS  C:\Users\DGILLI~1\AppData\Local\Temp\ccH1TzNF.s 			page 5


 229 00c9 04       		.byte	4
 230 00ca 87       		.byte	-121
 231 00cb 01       		.byte	1
 232 00cc 88       		.byte	-120
 233 00cd 01       		.byte	1
 234 00ce 89       		.byte	-119
 235 00cf 01       		.byte	1
 236 00d0 8D       		.byte	-115
 237 00d1 02       		.byte	2
 238 00d2 90       		.byte	-112
 239 00d3 02       		.byte	2
 240 00d4 91       		.byte	-111
 241 00d5 02       		.byte	2
 242 00d6 94       		.byte	-108
 243 00d7 02       		.byte	2
 244 00d8 99       		.byte	-103
 245 00d9 01       		.byte	1
 246 00da A0       		.byte	-96
 247 00db 02       		.byte	2
 248 00dc A3       		.byte	-93
 249 00dd 01       		.byte	1
 250 00de A7       		.byte	-89
 251 00df 01       		.byte	1
 252 00e0 AB       		.byte	-85
 253 00e1 02       		.byte	2
 254 00e2 AC       		.byte	-84
 255 00e3 02       		.byte	2
 256 00e4 AD       		.byte	-83
 257 00e5 02       		.byte	2
 258 00e6 B2       		.byte	-78
 259 00e7 01       		.byte	1
 260 00e8 B3       		.byte	-77
 261 00e9 04       		.byte	4
 262 00ea B4       		.byte	-76
 263 00eb 02       		.byte	2
 264 00ec B5       		.byte	-75
 265 00ed 02       		.byte	2
 266 00ee B7       		.byte	-73
 267 00ef 01       		.byte	1
 268 00f0 BE       		.byte	-66
 269 00f1 14       		.byte	20
 270 00f2 BF       		.byte	-65
 271 00f3 54       		.byte	84
 272 00f4 D4       		.byte	-44
 273 00f5 01       		.byte	1
 274 00f6 D8       		.byte	-40
 275 00f7 04       		.byte	4
 276 00f8 D9       		.byte	-39
 277 00f9 04       		.byte	4
 278 00fa DB       		.byte	-37
 279 00fb 04       		.byte	4
 280 00fc DF       		.byte	-33
 281 00fd 01       		.byte	1
 282 00fe 00       		.byte	0
 283 00ff 10       		.byte	16
 284 0100 08       		.byte	8
 285 0101 06       		.byte	6
ARM GAS  C:\Users\DGILLI~1\AppData\Local\Temp\ccH1TzNF.s 			page 6


 286 0102 09       		.byte	9
 287 0103 04       		.byte	4
 288 0104 10       		.byte	16
 289 0105 80       		.byte	-128
 290 0106 11       		.byte	17
 291 0107 80       		.byte	-128
 292 0108 14       		.byte	20
 293 0109 06       		.byte	6
 294 010a 16       		.byte	22
 295 010b 50       		.byte	80
 296 010c 19       		.byte	25
 297 010d 10       		.byte	16
 298 010e 1B       		.byte	27
 299 010f 04       		.byte	4
 300 0110 1D       		.byte	29
 301 0111 02       		.byte	2
 302 0112 1F       		.byte	31
 303 0113 40       		.byte	64
 304 0114 22       		.byte	34
 305 0115 44       		.byte	68
 306 0116 23       		.byte	35
 307 0117 08       		.byte	8
 308 0118 26       		.byte	38
 309 0119 80       		.byte	-128
 310 011a 27       		.byte	39
 311 011b 80       		.byte	-128
 312 011c 28       		.byte	40
 313 011d 16       		.byte	22
 314 011e 29       		.byte	41
 315 011f 04       		.byte	4
 316 0120 2A       		.byte	42
 317 0121 01       		.byte	1
 318 0122 2C       		.byte	44
 319 0123 80       		.byte	-128
 320 0124 32       		.byte	50
 321 0125 02       		.byte	2
 322 0126 33       		.byte	51
 323 0127 10       		.byte	16
 324 0128 36       		.byte	54
 325 0129 02       		.byte	2
 326 012a 37       		.byte	55
 327 012b 40       		.byte	64
 328 012c 38       		.byte	56
 329 012d 24       		.byte	36
 330 012e 3A       		.byte	58
 331 012f 40       		.byte	64
 332 0130 3B       		.byte	59
 333 0131 02       		.byte	2
 334 0132 3D       		.byte	61
 335 0133 08       		.byte	8
 336 0134 58       		.byte	88
 337 0135 11       		.byte	17
 338 0136 5A       		.byte	90
 339 0137 88       		.byte	-120
 340 0138 64       		.byte	100
 341 0139 01       		.byte	1
 342 013a 67       		.byte	103
ARM GAS  C:\Users\DGILLI~1\AppData\Local\Temp\ccH1TzNF.s 			page 7


 343 013b 02       		.byte	2
 344 013c 6D       		.byte	109
 345 013d 04       		.byte	4
 346 013e 6F       		.byte	111
 347 013f 85       		.byte	-123
 348 0140 74       		.byte	116
 349 0141 05       		.byte	5
 350 0142 76       		.byte	118
 351 0143 04       		.byte	4
 352 0144 77       		.byte	119
 353 0145 02       		.byte	2
 354 0146 81       		.byte	-127
 355 0147 01       		.byte	1
 356 0148 83       		.byte	-125
 357 0149 80       		.byte	-128
 358 014a 84       		.byte	-124
 359 014b 05       		.byte	5
 360 014c 87       		.byte	-121
 361 014d 08       		.byte	8
 362 014e 88       		.byte	-120
 363 014f 80       		.byte	-128
 364 0150 8A       		.byte	-118
 365 0151 40       		.byte	64
 366 0152 8E       		.byte	-114
 367 0153 80       		.byte	-128
 368 0154 8F       		.byte	-113
 369 0155 04       		.byte	4
 370 0156 95       		.byte	-107
 371 0157 04       		.byte	4
 372 0158 97       		.byte	-105
 373 0159 80       		.byte	-128
 374 015a 9D       		.byte	-99
 375 015b 10       		.byte	16
 376 015c 9F       		.byte	-97
 377 015d 01       		.byte	1
 378 015e A7       		.byte	-89
 379 015f 04       		.byte	4
 380 0160 AF       		.byte	-81
 381 0161 41       		.byte	65
 382 0162 B5       		.byte	-75
 383 0163 10       		.byte	16
 384 0164 C0       		.byte	-64
 385 0165 02       		.byte	2
 386 0166 C2       		.byte	-62
 387 0167 0C       		.byte	12
 388 0168 C4       		.byte	-60
 389 0169 F9       		.byte	-7
 390 016a CA       		.byte	-54
 391 016b 8F       		.byte	-113
 392 016c CC       		.byte	-52
 393 016d 95       		.byte	-107
 394 016e CE       		.byte	-50
 395 016f 4F       		.byte	79
 396 0170 D6       		.byte	-42
 397 0171 0F       		.byte	15
 398 0172 E2       		.byte	-30
 399 0173 40       		.byte	64
ARM GAS  C:\Users\DGILLI~1\AppData\Local\Temp\ccH1TzNF.s 			page 8


 400 0174 E6       		.byte	-26
 401 0175 10       		.byte	16
 402 0176 EA       		.byte	-22
 403 0177 40       		.byte	64
 404 0178 02       		.byte	2
 405 0179 01       		.byte	1
 406 017a 04       		.byte	4
 407 017b 18       		.byte	24
 408 017c 05       		.byte	5
 409 017d 0C       		.byte	12
 410 017e 06       		.byte	6
 411 017f 22       		.byte	34
 412 0180 07       		.byte	7
 413 0181 03       		.byte	3
 414 0182 09       		.byte	9
 415 0183 01       		.byte	1
 416 0184 0A       		.byte	10
 417 0185 06       		.byte	6
 418 0186 0B       		.byte	11
 419 0187 0E       		.byte	14
 420 0188 0C       		.byte	12
 421 0189 28       		.byte	40
 422 018a 0F       		.byte	15
 423 018b 0C       		.byte	12
 424 018c 10       		.byte	16
 425 018d 12       		.byte	18
 426 018e 12       		.byte	18
 427 018f 20       		.byte	32
 428 0190 13       		.byte	19
 429 0191 10       		.byte	16
 430 0192 14       		.byte	20
 431 0193 38       		.byte	56
 432 0194 15       		.byte	21
 433 0195 01       		.byte	1
 434 0196 16       		.byte	22
 435 0197 04       		.byte	4
 436 0198 17       		.byte	23
 437 0199 06       		.byte	6
 438 019a 18       		.byte	24
 439 019b 20       		.byte	32
 440 019c 1D       		.byte	29
 441 019d 10       		.byte	16
 442 019e 1E       		.byte	30
 443 019f 01       		.byte	1
 444 01a0 20       		.byte	32
 445 01a1 01       		.byte	1
 446 01a2 23       		.byte	35
 447 01a3 10       		.byte	16
 448 01a4 25       		.byte	37
 449 01a5 10       		.byte	16
 450 01a6 28       		.byte	40
 451 01a7 20       		.byte	32
 452 01a8 2A       		.byte	42
 453 01a9 18       		.byte	24
 454 01aa 2B       		.byte	43
 455 01ab 08       		.byte	8
 456 01ac 2E       		.byte	46
ARM GAS  C:\Users\DGILLI~1\AppData\Local\Temp\ccH1TzNF.s 			page 9


 457 01ad 01       		.byte	1
 458 01ae 2F       		.byte	47
 459 01af 03       		.byte	3
 460 01b0 30       		.byte	48
 461 01b1 01       		.byte	1
 462 01b2 32       		.byte	50
 463 01b3 3E       		.byte	62
 464 01b4 33       		.byte	51
 465 01b5 10       		.byte	16
 466 01b6 35       		.byte	53
 467 01b7 0F       		.byte	15
 468 01b8 3B       		.byte	59
 469 01b9 20       		.byte	32
 470 01ba 3E       		.byte	62
 471 01bb 01       		.byte	1
 472 01bc 3F       		.byte	63
 473 01bd 04       		.byte	4
 474 01be 58       		.byte	88
 475 01bf 04       		.byte	4
 476 01c0 59       		.byte	89
 477 01c1 04       		.byte	4
 478 01c2 5F       		.byte	95
 479 01c3 01       		.byte	1
 480 01c4 80       		.byte	-128
 481 01c5 01       		.byte	1
 482 01c6 82       		.byte	-126
 483 01c7 02       		.byte	2
 484 01c8 84       		.byte	-124
 485 01c9 0C       		.byte	12
 486 01ca 85       		.byte	-123
 487 01cb 01       		.byte	1
 488 01cc 88       		.byte	-120
 489 01cd 0C       		.byte	12
 490 01ce 8C       		.byte	-116
 491 01cf 02       		.byte	2
 492 01d0 8E       		.byte	-114
 493 01d1 01       		.byte	1
 494 01d2 91       		.byte	-111
 495 01d3 01       		.byte	1
 496 01d4 98       		.byte	-104
 497 01d5 03       		.byte	3
 498 01d6 9E       		.byte	-98
 499 01d7 04       		.byte	4
 500 01d8 9F       		.byte	-97
 501 01d9 01       		.byte	1
 502 01da A0       		.byte	-96
 503 01db 01       		.byte	1
 504 01dc A1       		.byte	-95
 505 01dd 01       		.byte	1
 506 01de A2       		.byte	-94
 507 01df 02       		.byte	2
 508 01e0 A8       		.byte	-88
 509 01e1 08       		.byte	8
 510 01e2 B0       		.byte	-80
 511 01e3 01       		.byte	1
 512 01e4 B1       		.byte	-79
 513 01e5 01       		.byte	1
ARM GAS  C:\Users\DGILLI~1\AppData\Local\Temp\ccH1TzNF.s 			page 10


 514 01e6 B2       		.byte	-78
 515 01e7 0C       		.byte	12
 516 01e8 B4       		.byte	-76
 517 01e9 02       		.byte	2
 518 01ea B8       		.byte	-72
 519 01eb 08       		.byte	8
 520 01ec BB       		.byte	-69
 521 01ed 0C       		.byte	12
 522 01ee BE       		.byte	-66
 523 01ef 15       		.byte	21
 524 01f0 BF       		.byte	-65
 525 01f1 01       		.byte	1
 526 01f2 C0       		.byte	-64
 527 01f3 03       		.byte	3
 528 01f4 C5       		.byte	-59
 529 01f5 04       		.byte	4
 530 01f6 C9       		.byte	-55
 531 01f7 FF       		.byte	-1
 532 01f8 CA       		.byte	-54
 533 01f9 07       		.byte	7
 534 01fa CB       		.byte	-53
 535 01fb FF       		.byte	-1
 536 01fc CC       		.byte	-52
 537 01fd 40       		.byte	64
 538 01fe CD       		.byte	-51
 539 01ff 20       		.byte	32
 540 0200 CE       		.byte	-50
 541 0201 F0       		.byte	-16
 542 0202 CF       		.byte	-49
 543 0203 05       		.byte	5
 544 0204 D0       		.byte	-48
 545 0205 08       		.byte	8
 546 0206 D8       		.byte	-40
 547 0207 04       		.byte	4
 548 0208 D9       		.byte	-39
 549 0209 04       		.byte	4
 550 020a DA       		.byte	-38
 551 020b 04       		.byte	4
 552 020c DC       		.byte	-36
 553 020d 10       		.byte	16
 554 020e DF       		.byte	-33
 555 020f 01       		.byte	1
 556 0210 E0       		.byte	-32
 557 0211 40       		.byte	64
 558 0212 E1       		.byte	-31
 559 0213 A8       		.byte	-88
 560 0214 E2       		.byte	-30
 561 0215 40       		.byte	64
 562 0216 E3       		.byte	-29
 563 0217 20       		.byte	32
 564 0218 00       		.byte	0
 565 0219 10       		.byte	16
 566 021a 03       		.byte	3
 567 021b 52       		.byte	82
 568 021c 04       		.byte	4
 569 021d A0       		.byte	-96
 570 021e 06       		.byte	6
ARM GAS  C:\Users\DGILLI~1\AppData\Local\Temp\ccH1TzNF.s 			page 11


 571 021f 26       		.byte	38
 572 0220 07       		.byte	7
 573 0221 50       		.byte	80
 574 0222 0A       		.byte	10
 575 0223 21       		.byte	33
 576 0224 0B       		.byte	11
 577 0225 44       		.byte	68
 578 0226 0E       		.byte	14
 579 0227 0A       		.byte	10
 580 0228 0F       		.byte	15
 581 0229 02       		.byte	2
 582 022a 12       		.byte	18
 583 022b 86       		.byte	-122
 584 022c 15       		.byte	21
 585 022d 20       		.byte	32
 586 022e 17       		.byte	23
 587 022f 01       		.byte	1
 588 0230 18       		.byte	24
 589 0231 10       		.byte	16
 590 0232 1A       		.byte	26
 591 0233 80       		.byte	-128
 592 0234 1D       		.byte	29
 593 0235 28       		.byte	40
 594 0236 1E       		.byte	30
 595 0237 80       		.byte	-128
 596 0238 20       		.byte	32
 597 0239 04       		.byte	4
 598 023a 21       		.byte	33
 599 023b 10       		.byte	16
 600 023c 22       		.byte	34
 601 023d 10       		.byte	16
 602 023e 23       		.byte	35
 603 023f 10       		.byte	16
 604 0240 25       		.byte	37
 605 0241 05       		.byte	5
 606 0242 26       		.byte	38
 607 0243 04       		.byte	4
 608 0244 2A       		.byte	42
 609 0245 0A       		.byte	10
 610 0246 2B       		.byte	43
 611 0247 05       		.byte	5
 612 0248 2C       		.byte	44
 613 0249 80       		.byte	-128
 614 024a 2E       		.byte	46
 615 024b 03       		.byte	3
 616 024c 32       		.byte	50
 617 024d 02       		.byte	2
 618 024e 33       		.byte	51
 619 024f 48       		.byte	72
 620 0250 36       		.byte	54
 621 0251 02       		.byte	2
 622 0252 37       		.byte	55
 623 0253 41       		.byte	65
 624 0254 38       		.byte	56
 625 0255 04       		.byte	4
 626 0256 3A       		.byte	58
 627 0257 20       		.byte	32
ARM GAS  C:\Users\DGILLI~1\AppData\Local\Temp\ccH1TzNF.s 			page 12


 628 0258 3B       		.byte	59
 629 0259 40       		.byte	64
 630 025a 3D       		.byte	61
 631 025b 08       		.byte	8
 632 025c 3E       		.byte	62
 633 025d 08       		.byte	8
 634 025e 45       		.byte	69
 635 025f 08       		.byte	8
 636 0260 4C       		.byte	76
 637 0261 20       		.byte	32
 638 0262 4F       		.byte	79
 639 0263 0C       		.byte	12
 640 0264 56       		.byte	86
 641 0265 01       		.byte	1
 642 0266 57       		.byte	87
 643 0267 01       		.byte	1
 644 0268 85       		.byte	-123
 645 0269 20       		.byte	32
 646 026a 8A       		.byte	-118
 647 026b 40       		.byte	64
 648 026c 94       		.byte	-108
 649 026d 34       		.byte	52
 650 026e 97       		.byte	-105
 651 026f 02       		.byte	2
 652 0270 98       		.byte	-104
 653 0271 04       		.byte	4
 654 0272 9B       		.byte	-101
 655 0273 40       		.byte	64
 656 0274 9D       		.byte	-99
 657 0275 04       		.byte	4
 658 0276 9E       		.byte	-98
 659 0277 01       		.byte	1
 660 0278 9F       		.byte	-97
 661 0279 10       		.byte	16
 662 027a A0       		.byte	-96
 663 027b 80       		.byte	-128
 664 027c A2       		.byte	-94
 665 027d 02       		.byte	2
 666 027e A5       		.byte	-91
 667 027f 05       		.byte	5
 668 0280 A8       		.byte	-88
 669 0281 02       		.byte	2
 670 0282 AB       		.byte	-85
 671 0283 C0       		.byte	-64
 672 0284 AD       		.byte	-83
 673 0285 40       		.byte	64
 674 0286 AE       		.byte	-82
 675 0287 12       		.byte	18
 676 0288 B1       		.byte	-79
 677 0289 02       		.byte	2
 678 028a B6       		.byte	-74
 679 028b 04       		.byte	4
 680 028c B7       		.byte	-73
 681 028d 02       		.byte	2
 682 028e C0       		.byte	-64
 683 028f FF       		.byte	-1
 684 0290 C2       		.byte	-62
ARM GAS  C:\Users\DGILLI~1\AppData\Local\Temp\ccH1TzNF.s 			page 13


 685 0291 CF       		.byte	-49
 686 0292 C4       		.byte	-60
 687 0293 5B       		.byte	91
 688 0294 CA       		.byte	-54
 689 0295 8F       		.byte	-113
 690 0296 CC       		.byte	-52
 691 0297 9B       		.byte	-101
 692 0298 CE       		.byte	-50
 693 0299 4E       		.byte	78
 694 029a D0       		.byte	-48
 695 029b 40       		.byte	64
 696 029c E2       		.byte	-30
 697 029d 20       		.byte	32
 698 029e EA       		.byte	-22
 699 029f 12       		.byte	18
 700 02a0 EE       		.byte	-18
 701 02a1 31       		.byte	49
 702 02a2 00       		.byte	0
 703 02a3 01       		.byte	1
 704 02a4 05       		.byte	5
 705 02a5 0C       		.byte	12
 706 02a6 07       		.byte	7
 707 02a7 02       		.byte	2
 708 02a8 0E       		.byte	14
 709 02a9 01       		.byte	1
 710 02aa 0F       		.byte	15
 711 02ab 0C       		.byte	12
 712 02ac 11       		.byte	17
 713 02ad 01       		.byte	1
 714 02ae 17       		.byte	23
 715 02af 06       		.byte	6
 716 02b0 19       		.byte	25
 717 02b1 01       		.byte	1
 718 02b2 1F       		.byte	31
 719 02b3 01       		.byte	1
 720 02b4 22       		.byte	34
 721 02b5 01       		.byte	1
 722 02b6 23       		.byte	35
 723 02b7 02       		.byte	2
 724 02b8 27       		.byte	39
 725 02b9 04       		.byte	4
 726 02ba 2A       		.byte	42
 727 02bb 01       		.byte	1
 728 02bc 2B       		.byte	43
 729 02bd 0A       		.byte	10
 730 02be 2F       		.byte	47
 731 02bf 01       		.byte	1
 732 02c0 33       		.byte	51
 733 02c1 0E       		.byte	14
 734 02c2 34       		.byte	52
 735 02c3 01       		.byte	1
 736 02c4 37       		.byte	55
 737 02c5 01       		.byte	1
 738 02c6 3B       		.byte	59
 739 02c7 08       		.byte	8
 740 02c8 3E       		.byte	62
 741 02c9 10       		.byte	16
ARM GAS  C:\Users\DGILLI~1\AppData\Local\Temp\ccH1TzNF.s 			page 14


 742 02ca 3F       		.byte	63
 743 02cb 40       		.byte	64
 744 02cc 58       		.byte	88
 745 02cd 04       		.byte	4
 746 02ce 59       		.byte	89
 747 02cf 04       		.byte	4
 748 02d0 5F       		.byte	95
 749 02d1 01       		.byte	1
 750 02d2 82       		.byte	-126
 751 02d3 01       		.byte	1
 752 02d4 84       		.byte	-124
 753 02d5 06       		.byte	6
 754 02d6 86       		.byte	-122
 755 02d7 08       		.byte	8
 756 02d8 87       		.byte	-121
 757 02d9 01       		.byte	1
 758 02da 88       		.byte	-120
 759 02db 06       		.byte	6
 760 02dc 8A       		.byte	-118
 761 02dd 18       		.byte	24
 762 02de 8E       		.byte	-114
 763 02df 0A       		.byte	10
 764 02e0 8F       		.byte	-113
 765 02e1 04       		.byte	4
 766 02e2 91       		.byte	-111
 767 02e3 04       		.byte	4
 768 02e4 92       		.byte	-110
 769 02e5 10       		.byte	16
 770 02e6 94       		.byte	-108
 771 02e7 14       		.byte	20
 772 02e8 95       		.byte	-107
 773 02e9 01       		.byte	1
 774 02ea 96       		.byte	-106
 775 02eb 08       		.byte	8
 776 02ec 99       		.byte	-103
 777 02ed 01       		.byte	1
 778 02ee 9C       		.byte	-100
 779 02ef 06       		.byte	6
 780 02f0 9D       		.byte	-99
 781 02f1 04       		.byte	4
 782 02f2 9E       		.byte	-98
 783 02f3 08       		.byte	8
 784 02f4 A1       		.byte	-95
 785 02f5 02       		.byte	2
 786 02f6 A2       		.byte	-94
 787 02f7 01       		.byte	1
 788 02f8 AA       		.byte	-86
 789 02f9 01       		.byte	1
 790 02fa AB       		.byte	-85
 791 02fb 04       		.byte	4
 792 02fc AC       		.byte	-84
 793 02fd 01       		.byte	1
 794 02fe B0       		.byte	-80
 795 02ff 01       		.byte	1
 796 0300 B1       		.byte	-79
 797 0301 03       		.byte	3
 798 0302 B2       		.byte	-78
ARM GAS  C:\Users\DGILLI~1\AppData\Local\Temp\ccH1TzNF.s 			page 15


 799 0303 1E       		.byte	30
 800 0304 B3       		.byte	-77
 801 0305 04       		.byte	4
 802 0306 B9       		.byte	-71
 803 0307 02       		.byte	2
 804 0308 BA       		.byte	-70
 805 0309 08       		.byte	8
 806 030a BE       		.byte	-66
 807 030b 01       		.byte	1
 808 030c BF       		.byte	-65
 809 030d 04       		.byte	4
 810 030e C0       		.byte	-64
 811 030f 35       		.byte	53
 812 0310 C1       		.byte	-63
 813 0311 02       		.byte	2
 814 0312 C5       		.byte	-59
 815 0313 EC       		.byte	-20
 816 0314 C7       		.byte	-57
 817 0315 B0       		.byte	-80
 818 0316 C8       		.byte	-56
 819 0317 23       		.byte	35
 820 0318 C9       		.byte	-55
 821 0319 FF       		.byte	-1
 822 031a CA       		.byte	-54
 823 031b FF       		.byte	-1
 824 031c CB       		.byte	-53
 825 031d FF       		.byte	-1
 826 031e CE       		.byte	-50
 827 031f F0       		.byte	-16
 828 0320 CF       		.byte	-49
 829 0321 44       		.byte	68
 830 0322 D0       		.byte	-48
 831 0323 0C       		.byte	12
 832 0324 D8       		.byte	-40
 833 0325 04       		.byte	4
 834 0326 D9       		.byte	-39
 835 0327 04       		.byte	4
 836 0328 DA       		.byte	-38
 837 0329 04       		.byte	4
 838 032a DF       		.byte	-33
 839 032b 01       		.byte	1
 840 032c E6       		.byte	-26
 841 032d C0       		.byte	-64
 842 032e EA       		.byte	-22
 843 032f 40       		.byte	64
 844 0330 EB       		.byte	-21
 845 0331 02       		.byte	2
 846 0332 02       		.byte	2
 847 0333 41       		.byte	65
 848 0334 03       		.byte	3
 849 0335 18       		.byte	24
 850 0336 07       		.byte	7
 851 0337 41       		.byte	65
 852 0338 09       		.byte	9
 853 0339 80       		.byte	-128
 854 033a 0A       		.byte	10
 855 033b 20       		.byte	32
ARM GAS  C:\Users\DGILLI~1\AppData\Local\Temp\ccH1TzNF.s 			page 16


 856 033c 0B       		.byte	11
 857 033d 40       		.byte	64
 858 033e 10       		.byte	16
 859 033f 04       		.byte	4
 860 0340 12       		.byte	18
 861 0341 82       		.byte	-126
 862 0342 14       		.byte	20
 863 0343 04       		.byte	4
 864 0344 16       		.byte	22
 865 0345 40       		.byte	64
 866 0346 18       		.byte	24
 867 0347 20       		.byte	32
 868 0348 1A       		.byte	26
 869 0349 40       		.byte	64
 870 034a 1B       		.byte	27
 871 034b 08       		.byte	8
 872 034c 1F       		.byte	31
 873 034d 20       		.byte	32
 874 034e 22       		.byte	34
 875 034f 04       		.byte	4
 876 0350 23       		.byte	35
 877 0351 40       		.byte	64
 878 0352 26       		.byte	38
 879 0353 48       		.byte	72
 880 0354 27       		.byte	39
 881 0355 10       		.byte	16
 882 0356 28       		.byte	40
 883 0357 04       		.byte	4
 884 0358 29       		.byte	41
 885 0359 10       		.byte	16
 886 035a 2A       		.byte	42
 887 035b 01       		.byte	1
 888 035c 2C       		.byte	44
 889 035d 20       		.byte	32
 890 035e 2E       		.byte	46
 891 035f 80       		.byte	-128
 892 0360 2F       		.byte	47
 893 0361 48       		.byte	72
 894 0362 32       		.byte	50
 895 0363 82       		.byte	-126
 896 0364 33       		.byte	51
 897 0365 59       		.byte	89
 898 0366 35       		.byte	53
 899 0367 10       		.byte	16
 900 0368 36       		.byte	54
 901 0369 0A       		.byte	10
 902 036a 37       		.byte	55
 903 036b 40       		.byte	64
 904 036c 38       		.byte	56
 905 036d 84       		.byte	-124
 906 036e 3A       		.byte	58
 907 036f C0       		.byte	-64
 908 0370 3C       		.byte	60
 909 0371 04       		.byte	4
 910 0372 3F       		.byte	63
 911 0373 40       		.byte	64
 912 0374 43       		.byte	67
ARM GAS  C:\Users\DGILLI~1\AppData\Local\Temp\ccH1TzNF.s 			page 17


 913 0375 18       		.byte	24
 914 0376 49       		.byte	73
 915 0377 04       		.byte	4
 916 0378 4A       		.byte	74
 917 0379 01       		.byte	1
 918 037a 4B       		.byte	75
 919 037b 82       		.byte	-126
 920 037c 53       		.byte	83
 921 037d 02       		.byte	2
 922 037e 8A       		.byte	-118
 923 037f 04       		.byte	4
 924 0380 8D       		.byte	-115
 925 0381 84       		.byte	-124
 926 0382 90       		.byte	-112
 927 0383 84       		.byte	-124
 928 0384 92       		.byte	-110
 929 0385 20       		.byte	32
 930 0386 94       		.byte	-108
 931 0387 20       		.byte	32
 932 0388 97       		.byte	-105
 933 0389 42       		.byte	66
 934 038a 98       		.byte	-104
 935 038b 04       		.byte	4
 936 038c 9A       		.byte	-102
 937 038d 01       		.byte	1
 938 038e 9B       		.byte	-101
 939 038f 40       		.byte	64
 940 0390 9D       		.byte	-99
 941 0391 04       		.byte	4
 942 0392 9F       		.byte	-97
 943 0393 10       		.byte	16
 944 0394 A0       		.byte	-96
 945 0395 20       		.byte	32
 946 0396 A2       		.byte	-94
 947 0397 03       		.byte	3
 948 0398 A7       		.byte	-89
 949 0399 0A       		.byte	10
 950 039a AA       		.byte	-86
 951 039b 40       		.byte	64
 952 039c B3       		.byte	-77
 953 039d 10       		.byte	16
 954 039e B6       		.byte	-74
 955 039f 84       		.byte	-124
 956 03a0 C0       		.byte	-64
 957 03a1 9F       		.byte	-97
 958 03a2 C2       		.byte	-62
 959 03a3 0D       		.byte	13
 960 03a4 C4       		.byte	-60
 961 03a5 5B       		.byte	91
 962 03a6 CA       		.byte	-54
 963 03a7 F5       		.byte	-11
 964 03a8 CC       		.byte	-52
 965 03a9 FF       		.byte	-1
 966 03aa CE       		.byte	-50
 967 03ab 5A       		.byte	90
 968 03ac D0       		.byte	-48
 969 03ad 06       		.byte	6
ARM GAS  C:\Users\DGILLI~1\AppData\Local\Temp\ccH1TzNF.s 			page 18


 970 03ae D2       		.byte	-46
 971 03af 08       		.byte	8
 972 03b0 E2       		.byte	-30
 973 03b1 80       		.byte	-128
 974 03b2 EE       		.byte	-18
 975 03b3 80       		.byte	-128
 976 03b4 B6       		.byte	-74
 977 03b5 10       		.byte	16
 978 03b6 E8       		.byte	-24
 979 03b7 40       		.byte	64
 980 03b8 96       		.byte	-106
 981 03b9 20       		.byte	32
 982 03ba AB       		.byte	-85
 983 03bb 10       		.byte	16
 984 03bc AD       		.byte	-83
 985 03bd 10       		.byte	16
 986 03be B0       		.byte	-80
 987 03bf 40       		.byte	64
 988 03c0 B3       		.byte	-77
 989 03c1 20       		.byte	32
 990 03c2 00       		.byte	0
 991 03c3 03       		.byte	3
 992 03c4 01       		.byte	1
 993 03c5 10       		.byte	16
 994 03c6 04       		.byte	4
 995 03c7 0F       		.byte	15
 996 03c8 05       		.byte	5
 997 03c9 08       		.byte	8
 998 03ca 08       		.byte	8
 999 03cb 0C       		.byte	12
 1000 03cc 09       		.byte	9
 1001 03cd 18       		.byte	24
 1002 03ce 0A       		.byte	10
 1003 03cf 03       		.byte	3
 1004 03d0 0C       		.byte	12
 1005 03d1 08       		.byte	8
 1006 03d2 0D       		.byte	13
 1007 03d3 44       		.byte	68
 1008 03d4 10       		.byte	16
 1009 03d5 02       		.byte	2
 1010 03d6 13       		.byte	19
 1011 03d7 E3       		.byte	-29
 1012 03d8 14       		.byte	20
 1013 03d9 03       		.byte	3
 1014 03da 15       		.byte	21
 1015 03db 3C       		.byte	60
 1016 03dc 16       		.byte	22
 1017 03dd 0C       		.byte	12
 1018 03de 17       		.byte	23
 1019 03df C2       		.byte	-62
 1020 03e0 18       		.byte	24
 1021 03e1 01       		.byte	1
 1022 03e2 19       		.byte	25
 1023 03e3 1C       		.byte	28
 1024 03e4 1A       		.byte	26
 1025 03e5 10       		.byte	16
 1026 03e6 1B       		.byte	27
ARM GAS  C:\Users\DGILLI~1\AppData\Local\Temp\ccH1TzNF.s 			page 19


 1027 03e7 E1       		.byte	-31
 1028 03e8 1D       		.byte	29
 1029 03e9 80       		.byte	-128
 1030 03ea 1E       		.byte	30
 1031 03eb 03       		.byte	3
 1032 03ec 20       		.byte	32
 1033 03ed 0F       		.byte	15
 1034 03ee 21       		.byte	33
 1035 03ef C0       		.byte	-64
 1036 03f0 24       		.byte	36
 1037 03f1 04       		.byte	4
 1038 03f2 25       		.byte	37
 1039 03f3 FF       		.byte	-1
 1040 03f4 28       		.byte	40
 1041 03f5 0C       		.byte	12
 1042 03f6 29       		.byte	41
 1043 03f7 E7       		.byte	-25
 1044 03f8 2B       		.byte	43
 1045 03f9 18       		.byte	24
 1046 03fa 2F       		.byte	47
 1047 03fb 04       		.byte	4
 1048 03fc 30       		.byte	48
 1049 03fd 10       		.byte	16
 1050 03fe 32       		.byte	50
 1051 03ff 0F       		.byte	15
 1052 0400 33       		.byte	51
 1053 0401 38       		.byte	56
 1054 0402 35       		.byte	53
 1055 0403 1F       		.byte	31
 1056 0404 37       		.byte	55
 1057 0405 C0       		.byte	-64
 1058 0406 3A       		.byte	58
 1059 0407 28       		.byte	40
 1060 0408 3B       		.byte	59
 1061 0409 20       		.byte	32
 1062 040a 56       		.byte	86
 1063 040b 02       		.byte	2
 1064 040c 57       		.byte	87
 1065 040d 11       		.byte	17
 1066 040e 58       		.byte	88
 1067 040f 04       		.byte	4
 1068 0410 59       		.byte	89
 1069 0411 04       		.byte	4
 1070 0412 5B       		.byte	91
 1071 0413 04       		.byte	4
 1072 0414 5F       		.byte	95
 1073 0415 01       		.byte	1
 1074 0416 80       		.byte	-128
 1075 0417 04       		.byte	4
 1076 0418 82       		.byte	-126
 1077 0419 01       		.byte	1
 1078 041a 8A       		.byte	-118
 1079 041b 08       		.byte	8
 1080 041c 8C       		.byte	-116
 1081 041d 02       		.byte	2
 1082 041e 8E       		.byte	-114
 1083 041f 01       		.byte	1
ARM GAS  C:\Users\DGILLI~1\AppData\Local\Temp\ccH1TzNF.s 			page 20


 1084 0420 90       		.byte	-112
 1085 0421 01       		.byte	1
 1086 0422 92       		.byte	-110
 1087 0423 06       		.byte	6
 1088 0424 96       		.byte	-106
 1089 0425 08       		.byte	8
 1090 0426 9B       		.byte	-101
 1091 0427 01       		.byte	1
 1092 0428 A4       		.byte	-92
 1093 0429 07       		.byte	7
 1094 042a A7       		.byte	-89
 1095 042b 01       		.byte	1
 1096 042c A8       		.byte	-88
 1097 042d 07       		.byte	7
 1098 042e B0       		.byte	-80
 1099 042f 07       		.byte	7
 1100 0430 B2       		.byte	-78
 1101 0431 08       		.byte	8
 1102 0432 B5       		.byte	-75
 1103 0433 01       		.byte	1
 1104 0434 BB       		.byte	-69
 1105 0435 20       		.byte	32
 1106 0436 BE       		.byte	-66
 1107 0437 04       		.byte	4
 1108 0438 D8       		.byte	-40
 1109 0439 04       		.byte	4
 1110 043a D9       		.byte	-39
 1111 043b 04       		.byte	4
 1112 043c DC       		.byte	-36
 1113 043d 10       		.byte	16
 1114 043e DF       		.byte	-33
 1115 043f 01       		.byte	1
 1116 0440 00       		.byte	0
 1117 0441 80       		.byte	-128
 1118 0442 02       		.byte	2
 1119 0443 84       		.byte	-124
 1120 0444 05       		.byte	5
 1121 0445 01       		.byte	1
 1122 0446 06       		.byte	6
 1123 0447 02       		.byte	2
 1124 0448 07       		.byte	7
 1125 0449 14       		.byte	20
 1126 044a 0A       		.byte	10
 1127 044b 80       		.byte	-128
 1128 044c 0B       		.byte	11
 1129 044d 10       		.byte	16
 1130 044e 0D       		.byte	13
 1131 044f 08       		.byte	8
 1132 0450 0E       		.byte	14
 1133 0451 86       		.byte	-122
 1134 0452 0F       		.byte	15
 1135 0453 40       		.byte	64
 1136 0454 11       		.byte	17
 1137 0455 18       		.byte	24
 1138 0456 14       		.byte	20
 1139 0457 40       		.byte	64
 1140 0458 17       		.byte	23
ARM GAS  C:\Users\DGILLI~1\AppData\Local\Temp\ccH1TzNF.s 			page 21


 1141 0459 28       		.byte	40
 1142 045a 19       		.byte	25
 1143 045b 03       		.byte	3
 1144 045c 1A       		.byte	26
 1145 045d 80       		.byte	-128
 1146 045e 1B       		.byte	27
 1147 045f 04       		.byte	4
 1148 0460 1D       		.byte	29
 1149 0461 1C       		.byte	28
 1150 0462 1F       		.byte	31
 1151 0463 25       		.byte	37
 1152 0464 21       		.byte	33
 1153 0465 10       		.byte	16
 1154 0466 24       		.byte	36
 1155 0467 10       		.byte	16
 1156 0468 27       		.byte	39
 1157 0469 05       		.byte	5
 1158 046a 2B       		.byte	43
 1159 046b 10       		.byte	16
 1160 046c 2D       		.byte	45
 1161 046d 02       		.byte	2
 1162 046e 2F       		.byte	47
 1163 046f 25       		.byte	37
 1164 0470 32       		.byte	50
 1165 0471 10       		.byte	16
 1166 0472 36       		.byte	54
 1167 0473 C1       		.byte	-63
 1168 0474 37       		.byte	55
 1169 0475 14       		.byte	20
 1170 0476 3C       		.byte	60
 1171 0477 80       		.byte	-128
 1172 0478 3E       		.byte	62
 1173 0479 2A       		.byte	42
 1174 047a 5E       		.byte	94
 1175 047b 20       		.byte	32
 1176 047c 6C       		.byte	108
 1177 047d 10       		.byte	16
 1178 047e 6D       		.byte	109
 1179 047f 58       		.byte	88
 1180 0480 75       		.byte	117
 1181 0481 20       		.byte	32
 1182 0482 76       		.byte	118
 1183 0483 2A       		.byte	42
 1184 0484 77       		.byte	119
 1185 0485 28       		.byte	40
 1186 0486 8B       		.byte	-117
 1187 0487 40       		.byte	64
 1188 0488 8C       		.byte	-116
 1189 0489 10       		.byte	16
 1190 048a 8E       		.byte	-114
 1191 048b 01       		.byte	1
 1192 048c 92       		.byte	-110
 1193 048d 04       		.byte	4
 1194 048e 93       		.byte	-109
 1195 048f D0       		.byte	-48
 1196 0490 94       		.byte	-108
 1197 0491 10       		.byte	16
ARM GAS  C:\Users\DGILLI~1\AppData\Local\Temp\ccH1TzNF.s 			page 22


 1198 0492 95       		.byte	-107
 1199 0493 70       		.byte	112
 1200 0494 96       		.byte	-106
 1201 0495 20       		.byte	32
 1202 0496 9A       		.byte	-102
 1203 0497 04       		.byte	4
 1204 0498 9B       		.byte	-101
 1205 0499 10       		.byte	16
 1206 049a 9D       		.byte	-99
 1207 049b 35       		.byte	53
 1208 049c 9E       		.byte	-98
 1209 049d 03       		.byte	3
 1210 049e 9F       		.byte	-97
 1211 049f 25       		.byte	37
 1212 04a0 A0       		.byte	-96
 1213 04a1 40       		.byte	64
 1214 04a2 A2       		.byte	-94
 1215 04a3 11       		.byte	17
 1216 04a4 A3       		.byte	-93
 1217 04a5 10       		.byte	16
 1218 04a6 A7       		.byte	-89
 1219 04a7 04       		.byte	4
 1220 04a8 B0       		.byte	-80
 1221 04a9 48       		.byte	72
 1222 04aa B2       		.byte	-78
 1223 04ab 04       		.byte	4
 1224 04ac B4       		.byte	-76
 1225 04ad 01       		.byte	1
 1226 04ae B6       		.byte	-74
 1227 04af 10       		.byte	16
 1228 04b0 C0       		.byte	-64
 1229 04b1 FB       		.byte	-5
 1230 04b2 C2       		.byte	-62
 1231 04b3 FC       		.byte	-4
 1232 04b4 C4       		.byte	-60
 1233 04b5 76       		.byte	118
 1234 04b6 CA       		.byte	-54
 1235 04b7 F2       		.byte	-14
 1236 04b8 CC       		.byte	-52
 1237 04b9 F4       		.byte	-12
 1238 04ba CE       		.byte	-50
 1239 04bb F0       		.byte	-16
 1240 04bc D6       		.byte	-42
 1241 04bd 20       		.byte	32
 1242 04be E6       		.byte	-26
 1243 04bf 80       		.byte	-128
 1244 04c0 01       		.byte	1
 1245 04c1 03       		.byte	3
 1246 04c2 02       		.byte	2
 1247 04c3 02       		.byte	2
 1248 04c4 07       		.byte	7
 1249 04c5 10       		.byte	16
 1250 04c6 09       		.byte	9
 1251 04c7 03       		.byte	3
 1252 04c8 0A       		.byte	10
 1253 04c9 02       		.byte	2
 1254 04ca 0D       		.byte	13
ARM GAS  C:\Users\DGILLI~1\AppData\Local\Temp\ccH1TzNF.s 			page 23


 1255 04cb 02       		.byte	2
 1256 04cc 0F       		.byte	15
 1257 04cd 09       		.byte	9
 1258 04ce 13       		.byte	19
 1259 04cf 04       		.byte	4
 1260 04d0 15       		.byte	21
 1261 04d1 01       		.byte	1
 1262 04d2 16       		.byte	22
 1263 04d3 01       		.byte	1
 1264 04d4 17       		.byte	23
 1265 04d5 0A       		.byte	10
 1266 04d6 1B       		.byte	27
 1267 04d7 10       		.byte	16
 1268 04d8 25       		.byte	37
 1269 04d9 10       		.byte	16
 1270 04da 29       		.byte	41
 1271 04db 10       		.byte	16
 1272 04dc 30       		.byte	48
 1273 04dd 02       		.byte	2
 1274 04de 31       		.byte	49
 1275 04df 03       		.byte	3
 1276 04e0 33       		.byte	51
 1277 04e1 10       		.byte	16
 1278 04e2 34       		.byte	52
 1279 04e3 01       		.byte	1
 1280 04e4 37       		.byte	55
 1281 04e5 0C       		.byte	12
 1282 04e6 39       		.byte	57
 1283 04e7 08       		.byte	8
 1284 04e8 3A       		.byte	58
 1285 04e9 20       		.byte	32
 1286 04ea 3E       		.byte	62
 1287 04eb 01       		.byte	1
 1288 04ec 3F       		.byte	63
 1289 04ed 40       		.byte	64
 1290 04ee 40       		.byte	64
 1291 04ef 35       		.byte	53
 1292 04f0 41       		.byte	65
 1293 04f1 02       		.byte	2
 1294 04f2 42       		.byte	66
 1295 04f3 06       		.byte	6
 1296 04f4 44       		.byte	68
 1297 04f5 01       		.byte	1
 1298 04f6 45       		.byte	69
 1299 04f7 C0       		.byte	-64
 1300 04f8 47       		.byte	71
 1301 04f9 0E       		.byte	14
 1302 04fa 48       		.byte	72
 1303 04fb 12       		.byte	18
 1304 04fc 49       		.byte	73
 1305 04fd FF       		.byte	-1
 1306 04fe 4A       		.byte	74
 1307 04ff FF       		.byte	-1
 1308 0500 4B       		.byte	75
 1309 0501 FF       		.byte	-1
 1310 0502 4C       		.byte	76
 1311 0503 62       		.byte	98
ARM GAS  C:\Users\DGILLI~1\AppData\Local\Temp\ccH1TzNF.s 			page 24


 1312 0504 4D       		.byte	77
 1313 0505 A0       		.byte	-96
 1314 0506 4E       		.byte	78
 1315 0507 F0       		.byte	-16
 1316 0508 4F       		.byte	79
 1317 0509 41       		.byte	65
 1318 050a 50       		.byte	80
 1319 050b 0C       		.byte	12
 1320 050c 54       		.byte	84
 1321 050d 18       		.byte	24
 1322 050e 58       		.byte	88
 1323 050f 04       		.byte	4
 1324 0510 59       		.byte	89
 1325 0511 04       		.byte	4
 1326 0512 5A       		.byte	90
 1327 0513 04       		.byte	4
 1328 0514 5B       		.byte	91
 1329 0515 04       		.byte	4
 1330 0516 5C       		.byte	92
 1331 0517 01       		.byte	1
 1332 0518 5F       		.byte	95
 1333 0519 01       		.byte	1
 1334 051a 66       		.byte	102
 1335 051b 40       		.byte	64
 1336 051c 67       		.byte	103
 1337 051d 02       		.byte	2
 1338 051e 69       		.byte	105
 1339 051f 10       		.byte	16
 1340 0520 6A       		.byte	106
 1341 0521 30       		.byte	48
 1342 0522 6B       		.byte	107
 1343 0523 10       		.byte	16
 1344 0524 6D       		.byte	109
 1345 0525 10       		.byte	16
 1346 0526 6E       		.byte	110
 1347 0527 10       		.byte	16
 1348 0528 6F       		.byte	111
 1349 0529 12       		.byte	18
 1350 052a 81       		.byte	-127
 1351 052b 04       		.byte	4
 1352 052c 82       		.byte	-126
 1353 052d 02       		.byte	2
 1354 052e 84       		.byte	-124
 1355 052f 01       		.byte	1
 1356 0530 85       		.byte	-123
 1357 0531 06       		.byte	6
 1358 0532 87       		.byte	-121
 1359 0533 01       		.byte	1
 1360 0534 88       		.byte	-120
 1361 0535 01       		.byte	1
 1362 0536 89       		.byte	-119
 1363 0537 08       		.byte	8
 1364 0538 8D       		.byte	-115
 1365 0539 08       		.byte	8
 1366 053a 93       		.byte	-109
 1367 053b 01       		.byte	1
 1368 053c 95       		.byte	-107
ARM GAS  C:\Users\DGILLI~1\AppData\Local\Temp\ccH1TzNF.s 			page 25


 1369 053d 07       		.byte	7
 1370 053e 96       		.byte	-106
 1371 053f 02       		.byte	2
 1372 0540 99       		.byte	-103
 1373 0541 06       		.byte	6
 1374 0542 9A       		.byte	-102
 1375 0543 02       		.byte	2
 1376 0544 A1       		.byte	-95
 1377 0545 08       		.byte	8
 1378 0546 A4       		.byte	-92
 1379 0547 01       		.byte	1
 1380 0548 A5       		.byte	-91
 1381 0549 01       		.byte	1
 1382 054a A7       		.byte	-89
 1383 054b 06       		.byte	6
 1384 054c A8       		.byte	-88
 1385 054d 01       		.byte	1
 1386 054e A9       		.byte	-87
 1387 054f 02       		.byte	2
 1388 0550 AD       		.byte	-83
 1389 0551 06       		.byte	6
 1390 0552 AF       		.byte	-81
 1391 0553 01       		.byte	1
 1392 0554 B1       		.byte	-79
 1393 0555 08       		.byte	8
 1394 0556 B2       		.byte	-78
 1395 0557 01       		.byte	1
 1396 0558 B3       		.byte	-77
 1397 0559 07       		.byte	7
 1398 055a B6       		.byte	-74
 1399 055b 02       		.byte	2
 1400 055c BA       		.byte	-70
 1401 055d 80       		.byte	-128
 1402 055e BB       		.byte	-69
 1403 055f 08       		.byte	8
 1404 0560 BE       		.byte	-66
 1405 0561 04       		.byte	4
 1406 0562 D8       		.byte	-40
 1407 0563 04       		.byte	4
 1408 0564 D9       		.byte	-39
 1409 0565 04       		.byte	4
 1410 0566 DC       		.byte	-36
 1411 0567 01       		.byte	1
 1412 0568 DF       		.byte	-33
 1413 0569 01       		.byte	1
 1414 056a 00       		.byte	0
 1415 056b 10       		.byte	16
 1416 056c 01       		.byte	1
 1417 056d 02       		.byte	2
 1418 056e 02       		.byte	2
 1419 056f 08       		.byte	8
 1420 0570 04       		.byte	4
 1421 0571 02       		.byte	2
 1422 0572 05       		.byte	5
 1423 0573 1C       		.byte	28
 1424 0574 06       		.byte	6
 1425 0575 28       		.byte	40
ARM GAS  C:\Users\DGILLI~1\AppData\Local\Temp\ccH1TzNF.s 			page 26


 1426 0576 07       		.byte	7
 1427 0577 08       		.byte	8
 1428 0578 0A       		.byte	10
 1429 0579 20       		.byte	32
 1430 057a 0D       		.byte	13
 1431 057b 10       		.byte	16
 1432 057c 0F       		.byte	15
 1433 057d 20       		.byte	32
 1434 057e 15       		.byte	21
 1435 057f 04       		.byte	4
 1436 0580 17       		.byte	23
 1437 0581 14       		.byte	20
 1438 0582 1B       		.byte	27
 1439 0583 11       		.byte	17
 1440 0584 1E       		.byte	30
 1441 0585 20       		.byte	32
 1442 0586 1F       		.byte	31
 1443 0587 40       		.byte	64
 1444 0588 20       		.byte	32
 1445 0589 01       		.byte	1
 1446 058a 23       		.byte	35
 1447 058b 50       		.byte	80
 1448 058c 26       		.byte	38
 1449 058d 01       		.byte	1
 1450 058e 27       		.byte	39
 1451 058f 10       		.byte	16
 1452 0590 29       		.byte	41
 1453 0591 14       		.byte	20
 1454 0592 2D       		.byte	45
 1455 0593 29       		.byte	41
 1456 0594 2E       		.byte	46
 1457 0595 40       		.byte	64
 1458 0596 30       		.byte	48
 1459 0597 08       		.byte	8
 1460 0598 31       		.byte	49
 1461 0599 01       		.byte	1
 1462 059a 33       		.byte	51
 1463 059b 10       		.byte	16
 1464 059c 36       		.byte	54
 1465 059d 01       		.byte	1
 1466 059e 37       		.byte	55
 1467 059f 28       		.byte	40
 1468 05a0 39       		.byte	57
 1469 05a1 15       		.byte	21
 1470 05a2 3A       		.byte	58
 1471 05a3 01       		.byte	1
 1472 05a4 3B       		.byte	59
 1473 05a5 40       		.byte	64
 1474 05a6 3D       		.byte	61
 1475 05a7 54       		.byte	84
 1476 05a8 3E       		.byte	62
 1477 05a9 02       		.byte	2
 1478 05aa 40       		.byte	64
 1479 05ab 01       		.byte	1
 1480 05ac 42       		.byte	66
 1481 05ad 28       		.byte	40
 1482 05ae 49       		.byte	73
ARM GAS  C:\Users\DGILLI~1\AppData\Local\Temp\ccH1TzNF.s 			page 27


 1483 05af 02       		.byte	2
 1484 05b0 4A       		.byte	74
 1485 05b1 09       		.byte	9
 1486 05b2 52       		.byte	82
 1487 05b3 04       		.byte	4
 1488 05b4 5B       		.byte	91
 1489 05b5 01       		.byte	1
 1490 05b6 63       		.byte	99
 1491 05b7 0A       		.byte	10
 1492 05b8 8E       		.byte	-114
 1493 05b9 40       		.byte	64
 1494 05ba 8F       		.byte	-113
 1495 05bb 10       		.byte	16
 1496 05bc C0       		.byte	-64
 1497 05bd 7A       		.byte	122
 1498 05be C2       		.byte	-62
 1499 05bf 64       		.byte	100
 1500 05c0 C4       		.byte	-60
 1501 05c1 60       		.byte	96
 1502 05c2 CA       		.byte	-54
 1503 05c3 F6       		.byte	-10
 1504 05c4 CC       		.byte	-52
 1505 05c5 E7       		.byte	-25
 1506 05c6 CE       		.byte	-50
 1507 05c7 FF       		.byte	-1
 1508 05c8 D0       		.byte	-48
 1509 05c9 0E       		.byte	14
 1510 05ca D2       		.byte	-46
 1511 05cb 0C       		.byte	12
 1512 05cc D6       		.byte	-42
 1513 05cd 01       		.byte	1
 1514 05ce D8       		.byte	-40
 1515 05cf 0C       		.byte	12
 1516 05d0 E0       		.byte	-32
 1517 05d1 40       		.byte	64
 1518 05d2 EA       		.byte	-22
 1519 05d3 01       		.byte	1
 1520 05d4 82       		.byte	-126
 1521 05d5 40       		.byte	64
 1522 05d6 92       		.byte	-110
 1523 05d7 40       		.byte	64
 1524 05d8 AF       		.byte	-81
 1525 05d9 20       		.byte	32
 1526 05da B2       		.byte	-78
 1527 05db 40       		.byte	64
 1528 05dc EA       		.byte	-22
 1529 05dd 20       		.byte	32
 1530 05de EA       		.byte	-22
 1531 05df 01       		.byte	1
 1532 05e0 51       		.byte	81
 1533 05e1 01       		.byte	1
 1534 05e2 53       		.byte	83
 1535 05e3 20       		.byte	32
 1536 05e4 57       		.byte	87
 1537 05e5 0A       		.byte	10
 1538 05e6 63       		.byte	99
 1539 05e7 09       		.byte	9
ARM GAS  C:\Users\DGILLI~1\AppData\Local\Temp\ccH1TzNF.s 			page 28


 1540 05e8 66       		.byte	102
 1541 05e9 40       		.byte	64
 1542 05ea 67       		.byte	103
 1543 05eb 04       		.byte	4
 1544 05ec 85       		.byte	-123
 1545 05ed 01       		.byte	1
 1546 05ee D4       		.byte	-44
 1547 05ef E0       		.byte	-32
 1548 05f0 D6       		.byte	-42
 1549 05f1 E0       		.byte	-32
 1550 05f2 D8       		.byte	-40
 1551 05f3 C0       		.byte	-64
 1552 05f4 E6       		.byte	-26
 1553 05f5 40       		.byte	64
 1554 05f6 52       		.byte	82
 1555 05f7 02       		.byte	2
 1556 05f8 53       		.byte	83
 1557 05f9 40       		.byte	64
 1558 05fa 55       		.byte	85
 1559 05fb 08       		.byte	8
 1560 05fc 59       		.byte	89
 1561 05fd 08       		.byte	8
 1562 05fe 5F       		.byte	95
 1563 05ff 40       		.byte	64
 1564 0600 60       		.byte	96
 1565 0601 10       		.byte	16
 1566 0602 66       		.byte	102
 1567 0603 04       		.byte	4
 1568 0604 67       		.byte	103
 1569 0605 02       		.byte	2
 1570 0606 83       		.byte	-125
 1571 0607 09       		.byte	9
 1572 0608 86       		.byte	-122
 1573 0609 40       		.byte	64
 1574 060a 87       		.byte	-121
 1575 060b 60       		.byte	96
 1576 060c 8D       		.byte	-115
 1577 060d 08       		.byte	8
 1578 060e 8F       		.byte	-113
 1579 060f 01       		.byte	1
 1580 0610 97       		.byte	-105
 1581 0611 01       		.byte	1
 1582 0612 9E       		.byte	-98
 1583 0613 40       		.byte	64
 1584 0614 A7       		.byte	-89
 1585 0615 28       		.byte	40
 1586 0616 AF       		.byte	-81
 1587 0617 06       		.byte	6
 1588 0618 B7       		.byte	-73
 1589 0619 04       		.byte	4
 1590 061a D4       		.byte	-44
 1591 061b E0       		.byte	-32
 1592 061c D6       		.byte	-42
 1593 061d E0       		.byte	-32
 1594 061e D8       		.byte	-40
 1595 061f C0       		.byte	-64
 1596 0620 E2       		.byte	-30
ARM GAS  C:\Users\DGILLI~1\AppData\Local\Temp\ccH1TzNF.s 			page 29


 1597 0621 10       		.byte	16
 1598 0622 E6       		.byte	-26
 1599 0623 F0       		.byte	-16
 1600 0624 EA       		.byte	-22
 1601 0625 50       		.byte	80
 1602 0626 3E       		.byte	62
 1603 0627 10       		.byte	16
 1604 0628 52       		.byte	82
 1605 0629 20       		.byte	32
 1606 062a 55       		.byte	85
 1607 062b 80       		.byte	-128
 1608 062c 87       		.byte	-121
 1609 062d 40       		.byte	64
 1610 062e 8A       		.byte	-118
 1611 062f 20       		.byte	32
 1612 0630 97       		.byte	-105
 1613 0631 80       		.byte	-128
 1614 0632 AA       		.byte	-86
 1615 0633 04       		.byte	4
 1616 0634 B2       		.byte	-78
 1617 0635 02       		.byte	2
 1618 0636 B4       		.byte	-76
 1619 0637 10       		.byte	16
 1620 0638 B5       		.byte	-75
 1621 0639 08       		.byte	8
 1622 063a CE       		.byte	-50
 1623 063b 20       		.byte	32
 1624 063c D4       		.byte	-44
 1625 063d 60       		.byte	96
 1626 063e E2       		.byte	-30
 1627 063f 10       		.byte	16
 1628 0640 EA       		.byte	-22
 1629 0641 80       		.byte	-128
 1630 0642 8B       		.byte	-117
 1631 0643 04       		.byte	4
 1632 0644 96       		.byte	-106
 1633 0645 10       		.byte	16
 1634 0646 9A       		.byte	-102
 1635 0647 20       		.byte	32
 1636 0648 9B       		.byte	-101
 1637 0649 40       		.byte	64
 1638 064a A5       		.byte	-91
 1639 064b 80       		.byte	-128
 1640 064c AB       		.byte	-85
 1641 064d 40       		.byte	64
 1642 064e B2       		.byte	-78
 1643 064f 20       		.byte	32
 1644 0650 EE       		.byte	-18
 1645 0651 80       		.byte	-128
 1646 0652 09       		.byte	9
 1647 0653 40       		.byte	64
 1648 0654 10       		.byte	16
 1649 0655 10       		.byte	16
 1650 0656 14       		.byte	20
 1651 0657 20       		.byte	32
 1652 0658 63       		.byte	99
 1653 0659 08       		.byte	8
ARM GAS  C:\Users\DGILLI~1\AppData\Local\Temp\ccH1TzNF.s 			page 30


 1654 065a 8F       		.byte	-113
 1655 065b 04       		.byte	4
 1656 065c C2       		.byte	-62
 1657 065d 02       		.byte	2
 1658 065e C4       		.byte	-60
 1659 065f 0C       		.byte	12
 1660 0660 D8       		.byte	-40
 1661 0661 02       		.byte	2
 1662 0662 E0       		.byte	-32
 1663 0663 02       		.byte	2
 1664 0664 98       		.byte	-104
 1665 0665 30       		.byte	48
 1666 0666 B1       		.byte	-79
 1667 0667 40       		.byte	64
 1668 0668 EE       		.byte	-18
 1669 0669 04       		.byte	4
 1670 066a 98       		.byte	-104
 1671 066b 30       		.byte	48
 1672 066c 98       		.byte	-104
 1673 066d 30       		.byte	48
 1674 066e 53       		.byte	83
 1675 066f 04       		.byte	4
 1676 0670 83       		.byte	-125
 1677 0671 08       		.byte	8
 1678 0672 93       		.byte	-109
 1679 0673 08       		.byte	8
 1680 0674 96       		.byte	-106
 1681 0675 10       		.byte	16
 1682 0676 9A       		.byte	-102
 1683 0677 20       		.byte	32
 1684 0678 9B       		.byte	-101
 1685 0679 40       		.byte	64
 1686 067a A2       		.byte	-94
 1687 067b 10       		.byte	16
 1688 067c AE       		.byte	-82
 1689 067d 10       		.byte	16
 1690 067e B1       		.byte	-79
 1691 067f 80       		.byte	-128
 1692 0680 D4       		.byte	-44
 1693 0681 20       		.byte	32
 1694 0682 E2       		.byte	-30
 1695 0683 20       		.byte	32
 1696 0684 EE       		.byte	-18
 1697 0685 10       		.byte	16
 1698 0686 5B       		.byte	91
 1699 0687 40       		.byte	64
 1700 0688 5E       		.byte	94
 1701 0689 20       		.byte	32
 1702 068a 5F       		.byte	95
 1703 068b 08       		.byte	8
 1704 068c 66       		.byte	102
 1705 068d 20       		.byte	32
 1706 068e 9A       		.byte	-102
 1707 068f 20       		.byte	32
 1708 0690 9B       		.byte	-101
 1709 0691 48       		.byte	72
 1710 0692 A2       		.byte	-94
ARM GAS  C:\Users\DGILLI~1\AppData\Local\Temp\ccH1TzNF.s 			page 31


 1711 0693 10       		.byte	16
 1712 0694 AA       		.byte	-86
 1713 0695 10       		.byte	16
 1714 0696 D4       		.byte	-44
 1715 0697 80       		.byte	-128
 1716 0698 D6       		.byte	-42
 1717 0699 A0       		.byte	-96
 1718 069a D8       		.byte	-40
 1719 069b 80       		.byte	-128
 1720 069c EA       		.byte	-22
 1721 069d 80       		.byte	-128
 1722 069e 10       		.byte	16
 1723 069f 40       		.byte	64
 1724 06a0 13       		.byte	19
 1725 06a1 20       		.byte	32
 1726 06a2 14       		.byte	20
 1727 06a3 80       		.byte	-128
 1728 06a4 78       		.byte	120
 1729 06a5 10       		.byte	16
 1730 06a6 7C       		.byte	124
 1731 06a7 20       		.byte	32
 1732 06a8 98       		.byte	-104
 1733 06a9 30       		.byte	48
 1734 06aa C4       		.byte	-60
 1735 06ab 0E       		.byte	14
 1736 06ac DE       		.byte	-34
 1737 06ad 03       		.byte	3
 1738 06ae 78       		.byte	120
 1739 06af 40       		.byte	64
 1740 06b0 7C       		.byte	124
 1741 06b1 80       		.byte	-128
 1742 06b2 98       		.byte	-104
 1743 06b3 C0       		.byte	-64
 1744 06b4 AB       		.byte	-85
 1745 06b5 20       		.byte	32
 1746 06b6 DC       		.byte	-36
 1747 06b7 01       		.byte	1
 1748 06b8 DE       		.byte	-34
 1749 06b9 04       		.byte	4
 1750 06ba 00       		.byte	0
 1751 06bb 03       		.byte	3
 1752 06bc 08       		.byte	8
 1753 06bd 01       		.byte	1
 1754 06be 0A       		.byte	10
 1755 06bf 03       		.byte	3
 1756 06c0 0E       		.byte	14
 1757 06c1 03       		.byte	3
 1758 06c2 03       		.byte	3
 1759 06c3 C0       		.byte	-64
 1760 06c4 21       		.byte	33
 1761 06c5 35       		.byte	53
 1762 06c6 00       		.byte	0
 1763 06c7 00       		.byte	0
 1764 06c8 30       		.byte	48
 1765 06c9 00       		.byte	0
 1766 06ca 00       		.byte	0
 1767 06cb 00       		.byte	0
ARM GAS  C:\Users\DGILLI~1\AppData\Local\Temp\ccH1TzNF.s 			page 32


 1768 06cc 00       		.byte	0
 1769 06cd FF       		.byte	-1
 1770 06ce FF       		.byte	-1
 1771 06cf 00       		.byte	0
 1772 06d0 FF       		.byte	-1
 1773 06d1 00       		.byte	0
 1774 06d2 00       		.byte	0
 1775 06d3 00       		.byte	0
 1776 06d4 30       		.byte	48
 1777 06d5 00       		.byte	0
 1778 06d6 00       		.byte	0
 1779 06d7 0F       		.byte	15
 1780 06d8 3F       		.byte	63
 1781 06d9 00       		.byte	0
 1782 06da 3F       		.byte	63
 1783 06db 00       		.byte	0
 1784 06dc 00       		.byte	0
 1785 06dd 00       		.byte	0
 1786 06de 00       		.byte	0
 1787 06df 00       		.byte	0
 1788 06e0 00       		.byte	0
 1789 06e1 0C       		.byte	12
 1790 06e2 0C       		.byte	12
 1791 06e3 00       		.byte	0
 1792 06e4 0C       		.byte	12
 1793 06e5 00       		.byte	0
 1794 06e6 00       		.byte	0
 1795 06e7 00       		.byte	0
 1796 06e8 00       		.byte	0
 1797 06e9 0B       		.byte	11
 1798 06ea 0B       		.byte	11
 1799 06eb 00       		.byte	0
 1800 06ec 00       		.byte	0
 1801 06ed 00       		.byte	0
 1802 06ee 00       		.byte	0
 1803 06ef 00       		.byte	0
 1804 06f0 00       		.byte	0
 1805 06f1 F5       		.byte	-11
 1806 06f2 F5       		.byte	-11
 1807 06f3 F5       		.byte	-11
 1808 06f4 F5       		.byte	-11
 1809 06f5 00       		.byte	0
 1810 06f6 00       		.byte	0
 1811 06f7 00       		.byte	0
 1812 06f8 00       		.byte	0
 1813 06f9 FF       		.byte	-1
 1814 06fa FF       		.byte	-1
 1815 06fb 00       		.byte	0
 1816 06fc FF       		.byte	-1
 1817 06fd 00       		.byte	0
 1818 06fe 00       		.byte	0
 1819 06ff 00       		.byte	0
 1820 0700 00       		.byte	0
 1821 0701 10       		.byte	16
 1822 0702 10       		.byte	16
 1823 0703 00       		.byte	0
 1824 0704 00       		.byte	0
ARM GAS  C:\Users\DGILLI~1\AppData\Local\Temp\ccH1TzNF.s 			page 33


 1825 0705 00       		.byte	0
 1826 0706 00       		.byte	0
 1827 0707 00       		.byte	0
 1828 0708 80       		.byte	-128
 1829 0709 00       		.byte	0
 1830 070a 40       		.byte	64
 1831 070b 80       		.byte	-128
 1832 070c 80       		.byte	-128
 1833 070d 00       		.byte	0
 1834 070e 80       		.byte	-128
 1835 070f 00       		.byte	0
 1836 0710 00       		.byte	0
 1837 0711 00       		.byte	0
 1838 0712 00       		.byte	0
 1839 0713 00       		.byte	0
 1840              		.section	.cywolatch,"a",%progbits
 1841              		.align	2
 1842              		.type	cy_meta_wonvl, %object
 1843              		.size	cy_meta_wonvl, 4
 1844              	cy_meta_wonvl:
 1845 0000 BC       		.byte	-68
 1846 0001 90       		.byte	-112
 1847 0002 AC       		.byte	-84
 1848 0003 AF       		.byte	-81
 1849              		.section	.cycustnvl,"a",%progbits
 1850              		.align	2
 1851              		.type	cy_meta_custnvl, %object
 1852              		.size	cy_meta_custnvl, 4
 1853              	cy_meta_custnvl:
 1854 0000 00       		.byte	0
 1855 0001 00       		.byte	0
 1856 0002 40       		.byte	64
 1857 0003 05       		.byte	5
 1858              		.section	.cymeta,"a",%progbits
 1859              		.align	2
 1860              		.type	cy_metadata, %object
 1861              		.size	cy_metadata, 12
 1862              	cy_metadata:
 1863 0000 00       		.byte	0
 1864 0001 01       		.byte	1
 1865 0002 2E       		.byte	46
 1866 0003 13       		.byte	19
 1867 0004 30       		.byte	48
 1868 0005 69       		.byte	105
 1869 0006 00       		.byte	0
 1870 0007 01       		.byte	1
 1871 0008 00       		.byte	0
 1872 0009 00       		.byte	0
 1873 000a 00       		.byte	0
 1874 000b 00       		.byte	0
 1875              		.section	.cyflashprotect,"a",%progbits
 1876              		.align	2
 1877              		.type	cy_meta_flashprotect, %object
 1878              		.size	cy_meta_flashprotect, 128
 1879              	cy_meta_flashprotect:
 1880 0000 00000000 		.space	128
 1880      00000000 
ARM GAS  C:\Users\DGILLI~1\AppData\Local\Temp\ccH1TzNF.s 			page 34


 1880      00000000 
 1880      00000000 
 1880      00000000 
 1881              		.text
 1882              	.Letext0:
 1883              		.file 1 "Generated_Source\\PSoC5\\cymetadata.c"
 1884              		.file 2 "Generated_Source\\PSoC5\\cytypes.h"
 1885              		.section	.debug_info,"",%progbits
 1886              	.Ldebug_info0:
 1887 0000 3B010000 		.4byte	0x13b
 1888 0004 0400     		.2byte	0x4
 1889 0006 00000000 		.4byte	.Ldebug_abbrev0
 1890 000a 04       		.byte	0x4
 1891 000b 01       		.uleb128 0x1
 1892 000c 6E000000 		.4byte	.LASF18
 1893 0010 01       		.byte	0x1
 1894 0011 E4010000 		.4byte	.LASF19
 1895 0015 84010000 		.4byte	.LASF20
 1896 0019 00000000 		.4byte	.Ldebug_line0
 1897 001d 02       		.uleb128 0x2
 1898 001e 01       		.byte	0x1
 1899 001f 06       		.byte	0x6
 1900 0020 78010000 		.4byte	.LASF0
 1901 0024 02       		.uleb128 0x2
 1902 0025 01       		.byte	0x1
 1903 0026 08       		.byte	0x8
 1904 0027 12000000 		.4byte	.LASF1
 1905 002b 02       		.uleb128 0x2
 1906 002c 02       		.byte	0x2
 1907 002d 05       		.byte	0x5
 1908 002e 5F010000 		.4byte	.LASF2
 1909 0032 02       		.uleb128 0x2
 1910 0033 02       		.byte	0x2
 1911 0034 07       		.byte	0x7
 1912 0035 32000000 		.4byte	.LASF3
 1913 0039 02       		.uleb128 0x2
 1914 003a 04       		.byte	0x4
 1915 003b 05       		.byte	0x5
 1916 003c 6F010000 		.4byte	.LASF4
 1917 0040 02       		.uleb128 0x2
 1918 0041 04       		.byte	0x4
 1919 0042 07       		.byte	0x7
 1920 0043 20000000 		.4byte	.LASF5
 1921 0047 02       		.uleb128 0x2
 1922 0048 08       		.byte	0x8
 1923 0049 05       		.byte	0x5
 1924 004a 4C010000 		.4byte	.LASF6
 1925 004e 02       		.uleb128 0x2
 1926 004f 08       		.byte	0x8
 1927 0050 07       		.byte	0x7
 1928 0051 09010000 		.4byte	.LASF7
 1929 0055 03       		.uleb128 0x3
 1930 0056 04       		.byte	0x4
 1931 0057 05       		.byte	0x5
 1932 0058 696E7400 		.ascii	"int\000"
 1933 005c 02       		.uleb128 0x2
 1934 005d 04       		.byte	0x4
ARM GAS  C:\Users\DGILLI~1\AppData\Local\Temp\ccH1TzNF.s 			page 35


 1935 005e 07       		.byte	0x7
 1936 005f FC000000 		.4byte	.LASF8
 1937 0063 04       		.uleb128 0x4
 1938 0064 69010000 		.4byte	.LASF21
 1939 0068 02       		.byte	0x2
 1940 0069 9201     		.2byte	0x192
 1941 006b 24000000 		.4byte	0x24
 1942 006f 02       		.uleb128 0x2
 1943 0070 04       		.byte	0x4
 1944 0071 04       		.byte	0x4
 1945 0072 0C000000 		.4byte	.LASF9
 1946 0076 02       		.uleb128 0x2
 1947 0077 08       		.byte	0x8
 1948 0078 04       		.byte	0x4
 1949 0079 45000000 		.4byte	.LASF10
 1950 007d 02       		.uleb128 0x2
 1951 007e 01       		.byte	0x1
 1952 007f 08       		.byte	0x8
 1953 0080 5A010000 		.4byte	.LASF11
 1954 0084 05       		.uleb128 0x5
 1955 0085 63000000 		.4byte	0x63
 1956 0089 95000000 		.4byte	0x95
 1957 008d 06       		.uleb128 0x6
 1958 008e 95000000 		.4byte	0x95
 1959 0092 1307     		.2byte	0x713
 1960 0094 00       		.byte	0
 1961 0095 02       		.uleb128 0x2
 1962 0096 04       		.byte	0x4
 1963 0097 07       		.byte	0x7
 1964 0098 43010000 		.4byte	.LASF12
 1965 009c 07       		.uleb128 0x7
 1966 009d 5C000000 		.4byte	.LASF13
 1967 00a1 01       		.byte	0x1
 1968 00a2 1F       		.byte	0x1f
 1969 00a3 AD000000 		.4byte	0xad
 1970 00a7 05       		.uleb128 0x5
 1971 00a8 03       		.byte	0x3
 1972 00a9 00000000 		.4byte	cy_meta_configecc
 1973 00ad 08       		.uleb128 0x8
 1974 00ae 84000000 		.4byte	0x84
 1975 00b2 05       		.uleb128 0x5
 1976 00b3 63000000 		.4byte	0x63
 1977 00b7 C2000000 		.4byte	0xc2
 1978 00bb 09       		.uleb128 0x9
 1979 00bc 95000000 		.4byte	0x95
 1980 00c0 03       		.byte	0x3
 1981 00c1 00       		.byte	0
 1982 00c2 0A       		.uleb128 0xa
 1983 00c3 4C000000 		.4byte	.LASF14
 1984 00c7 01       		.byte	0x1
 1985 00c8 0F01     		.2byte	0x10f
 1986 00ca D4000000 		.4byte	0xd4
 1987 00ce 05       		.uleb128 0x5
 1988 00cf 03       		.byte	0x3
 1989 00d0 00000000 		.4byte	cy_meta_custnvl
 1990 00d4 08       		.uleb128 0x8
 1991 00d5 B2000000 		.4byte	0xb2
ARM GAS  C:\Users\DGILLI~1\AppData\Local\Temp\ccH1TzNF.s 			page 36


 1992 00d9 0A       		.uleb128 0xa
 1993 00da 35010000 		.4byte	.LASF15
 1994 00de 01       		.byte	0x1
 1995 00df 1D01     		.2byte	0x11d
 1996 00e1 EB000000 		.4byte	0xeb
 1997 00e5 05       		.uleb128 0x5
 1998 00e6 03       		.byte	0x3
 1999 00e7 00000000 		.4byte	cy_meta_wonvl
 2000 00eb 08       		.uleb128 0x8
 2001 00ec B2000000 		.4byte	0xb2
 2002 00f0 05       		.uleb128 0x5
 2003 00f1 63000000 		.4byte	0x63
 2004 00f5 00010000 		.4byte	0x100
 2005 00f9 09       		.uleb128 0x9
 2006 00fa 95000000 		.4byte	0x95
 2007 00fe 7F       		.byte	0x7f
 2008 00ff 00       		.byte	0
 2009 0100 0A       		.uleb128 0xa
 2010 0101 20010000 		.4byte	.LASF16
 2011 0105 01       		.byte	0x1
 2012 0106 2B01     		.2byte	0x12b
 2013 0108 12010000 		.4byte	0x112
 2014 010c 05       		.uleb128 0x5
 2015 010d 03       		.byte	0x3
 2016 010e 00000000 		.4byte	cy_meta_flashprotect
 2017 0112 08       		.uleb128 0x8
 2018 0113 F0000000 		.4byte	0xf0
 2019 0117 05       		.uleb128 0x5
 2020 0118 63000000 		.4byte	0x63
 2021 011c 27010000 		.4byte	0x127
 2022 0120 09       		.uleb128 0x9
 2023 0121 95000000 		.4byte	0x95
 2024 0125 0B       		.byte	0xb
 2025 0126 00       		.byte	0
 2026 0127 0A       		.uleb128 0xa
 2027 0128 00000000 		.4byte	.LASF17
 2028 012c 01       		.byte	0x1
 2029 012d 4801     		.2byte	0x148
 2030 012f 39010000 		.4byte	0x139
 2031 0133 05       		.uleb128 0x5
 2032 0134 03       		.byte	0x3
 2033 0135 00000000 		.4byte	cy_metadata
 2034 0139 08       		.uleb128 0x8
 2035 013a 17010000 		.4byte	0x117
 2036 013e 00       		.byte	0
 2037              		.section	.debug_abbrev,"",%progbits
 2038              	.Ldebug_abbrev0:
 2039 0000 01       		.uleb128 0x1
 2040 0001 11       		.uleb128 0x11
 2041 0002 01       		.byte	0x1
 2042 0003 25       		.uleb128 0x25
 2043 0004 0E       		.uleb128 0xe
 2044 0005 13       		.uleb128 0x13
 2045 0006 0B       		.uleb128 0xb
 2046 0007 03       		.uleb128 0x3
 2047 0008 0E       		.uleb128 0xe
 2048 0009 1B       		.uleb128 0x1b
ARM GAS  C:\Users\DGILLI~1\AppData\Local\Temp\ccH1TzNF.s 			page 37


 2049 000a 0E       		.uleb128 0xe
 2050 000b 10       		.uleb128 0x10
 2051 000c 17       		.uleb128 0x17
 2052 000d 00       		.byte	0
 2053 000e 00       		.byte	0
 2054 000f 02       		.uleb128 0x2
 2055 0010 24       		.uleb128 0x24
 2056 0011 00       		.byte	0
 2057 0012 0B       		.uleb128 0xb
 2058 0013 0B       		.uleb128 0xb
 2059 0014 3E       		.uleb128 0x3e
 2060 0015 0B       		.uleb128 0xb
 2061 0016 03       		.uleb128 0x3
 2062 0017 0E       		.uleb128 0xe
 2063 0018 00       		.byte	0
 2064 0019 00       		.byte	0
 2065 001a 03       		.uleb128 0x3
 2066 001b 24       		.uleb128 0x24
 2067 001c 00       		.byte	0
 2068 001d 0B       		.uleb128 0xb
 2069 001e 0B       		.uleb128 0xb
 2070 001f 3E       		.uleb128 0x3e
 2071 0020 0B       		.uleb128 0xb
 2072 0021 03       		.uleb128 0x3
 2073 0022 08       		.uleb128 0x8
 2074 0023 00       		.byte	0
 2075 0024 00       		.byte	0
 2076 0025 04       		.uleb128 0x4
 2077 0026 16       		.uleb128 0x16
 2078 0027 00       		.byte	0
 2079 0028 03       		.uleb128 0x3
 2080 0029 0E       		.uleb128 0xe
 2081 002a 3A       		.uleb128 0x3a
 2082 002b 0B       		.uleb128 0xb
 2083 002c 3B       		.uleb128 0x3b
 2084 002d 05       		.uleb128 0x5
 2085 002e 49       		.uleb128 0x49
 2086 002f 13       		.uleb128 0x13
 2087 0030 00       		.byte	0
 2088 0031 00       		.byte	0
 2089 0032 05       		.uleb128 0x5
 2090 0033 01       		.uleb128 0x1
 2091 0034 01       		.byte	0x1
 2092 0035 49       		.uleb128 0x49
 2093 0036 13       		.uleb128 0x13
 2094 0037 01       		.uleb128 0x1
 2095 0038 13       		.uleb128 0x13
 2096 0039 00       		.byte	0
 2097 003a 00       		.byte	0
 2098 003b 06       		.uleb128 0x6
 2099 003c 21       		.uleb128 0x21
 2100 003d 00       		.byte	0
 2101 003e 49       		.uleb128 0x49
 2102 003f 13       		.uleb128 0x13
 2103 0040 2F       		.uleb128 0x2f
 2104 0041 05       		.uleb128 0x5
 2105 0042 00       		.byte	0
ARM GAS  C:\Users\DGILLI~1\AppData\Local\Temp\ccH1TzNF.s 			page 38


 2106 0043 00       		.byte	0
 2107 0044 07       		.uleb128 0x7
 2108 0045 34       		.uleb128 0x34
 2109 0046 00       		.byte	0
 2110 0047 03       		.uleb128 0x3
 2111 0048 0E       		.uleb128 0xe
 2112 0049 3A       		.uleb128 0x3a
 2113 004a 0B       		.uleb128 0xb
 2114 004b 3B       		.uleb128 0x3b
 2115 004c 0B       		.uleb128 0xb
 2116 004d 49       		.uleb128 0x49
 2117 004e 13       		.uleb128 0x13
 2118 004f 3F       		.uleb128 0x3f
 2119 0050 19       		.uleb128 0x19
 2120 0051 02       		.uleb128 0x2
 2121 0052 18       		.uleb128 0x18
 2122 0053 00       		.byte	0
 2123 0054 00       		.byte	0
 2124 0055 08       		.uleb128 0x8
 2125 0056 26       		.uleb128 0x26
 2126 0057 00       		.byte	0
 2127 0058 49       		.uleb128 0x49
 2128 0059 13       		.uleb128 0x13
 2129 005a 00       		.byte	0
 2130 005b 00       		.byte	0
 2131 005c 09       		.uleb128 0x9
 2132 005d 21       		.uleb128 0x21
 2133 005e 00       		.byte	0
 2134 005f 49       		.uleb128 0x49
 2135 0060 13       		.uleb128 0x13
 2136 0061 2F       		.uleb128 0x2f
 2137 0062 0B       		.uleb128 0xb
 2138 0063 00       		.byte	0
 2139 0064 00       		.byte	0
 2140 0065 0A       		.uleb128 0xa
 2141 0066 34       		.uleb128 0x34
 2142 0067 00       		.byte	0
 2143 0068 03       		.uleb128 0x3
 2144 0069 0E       		.uleb128 0xe
 2145 006a 3A       		.uleb128 0x3a
 2146 006b 0B       		.uleb128 0xb
 2147 006c 3B       		.uleb128 0x3b
 2148 006d 05       		.uleb128 0x5
 2149 006e 49       		.uleb128 0x49
 2150 006f 13       		.uleb128 0x13
 2151 0070 3F       		.uleb128 0x3f
 2152 0071 19       		.uleb128 0x19
 2153 0072 02       		.uleb128 0x2
 2154 0073 18       		.uleb128 0x18
 2155 0074 00       		.byte	0
 2156 0075 00       		.byte	0
 2157 0076 00       		.byte	0
 2158              		.section	.debug_aranges,"",%progbits
 2159 0000 14000000 		.4byte	0x14
 2160 0004 0200     		.2byte	0x2
 2161 0006 00000000 		.4byte	.Ldebug_info0
 2162 000a 04       		.byte	0x4
ARM GAS  C:\Users\DGILLI~1\AppData\Local\Temp\ccH1TzNF.s 			page 39


 2163 000b 00       		.byte	0
 2164 000c 0000     		.2byte	0
 2165 000e 0000     		.2byte	0
 2166 0010 00000000 		.4byte	0
 2167 0014 00000000 		.4byte	0
 2168              		.section	.debug_line,"",%progbits
 2169              	.Ldebug_line0:
 2170 0000 4D000000 		.section	.debug_str,"MS",%progbits,1
 2170      02004700 
 2170      00000201 
 2170      FB0E0D00 
 2170      01010101 
 2171              	.LASF17:
 2172 0000 63795F6D 		.ascii	"cy_metadata\000"
 2172      65746164 
 2172      61746100 
 2173              	.LASF9:
 2174 000c 666C6F61 		.ascii	"float\000"
 2174      7400
 2175              	.LASF1:
 2176 0012 756E7369 		.ascii	"unsigned char\000"
 2176      676E6564 
 2176      20636861 
 2176      7200
 2177              	.LASF5:
 2178 0020 6C6F6E67 		.ascii	"long unsigned int\000"
 2178      20756E73 
 2178      69676E65 
 2178      6420696E 
 2178      7400
 2179              	.LASF3:
 2180 0032 73686F72 		.ascii	"short unsigned int\000"
 2180      7420756E 
 2180      7369676E 
 2180      65642069 
 2180      6E7400
 2181              	.LASF10:
 2182 0045 646F7562 		.ascii	"double\000"
 2182      6C6500
 2183              	.LASF14:
 2184 004c 63795F6D 		.ascii	"cy_meta_custnvl\000"
 2184      6574615F 
 2184      63757374 
 2184      6E766C00 
 2185              	.LASF13:
 2186 005c 63795F6D 		.ascii	"cy_meta_configecc\000"
 2186      6574615F 
 2186      636F6E66 
 2186      69676563 
 2186      6300
 2187              	.LASF18:
 2188 006e 474E5520 		.ascii	"GNU C 4.9.3 20150303 (release) [ARM/embedded-4_9-br"
 2188      4320342E 
 2188      392E3320 
 2188      32303135 
 2188      30333033 
 2189 00a1 616E6368 		.ascii	"anch revision 221220] -mcpu=cortex-m3 -mthumb -g -O"
ARM GAS  C:\Users\DGILLI~1\AppData\Local\Temp\ccH1TzNF.s 			page 40


 2189      20726576 
 2189      6973696F 
 2189      6E203232 
 2189      31323230 
 2190 00d4 67202D66 		.ascii	"g -ffunction-sections -ffat-lto-objects\000"
 2190      66756E63 
 2190      74696F6E 
 2190      2D736563 
 2190      74696F6E 
 2191              	.LASF8:
 2192 00fc 756E7369 		.ascii	"unsigned int\000"
 2192      676E6564 
 2192      20696E74 
 2192      00
 2193              	.LASF7:
 2194 0109 6C6F6E67 		.ascii	"long long unsigned int\000"
 2194      206C6F6E 
 2194      6720756E 
 2194      7369676E 
 2194      65642069 
 2195              	.LASF16:
 2196 0120 63795F6D 		.ascii	"cy_meta_flashprotect\000"
 2196      6574615F 
 2196      666C6173 
 2196      6870726F 
 2196      74656374 
 2197              	.LASF15:
 2198 0135 63795F6D 		.ascii	"cy_meta_wonvl\000"
 2198      6574615F 
 2198      776F6E76 
 2198      6C00
 2199              	.LASF12:
 2200 0143 73697A65 		.ascii	"sizetype\000"
 2200      74797065 
 2200      00
 2201              	.LASF6:
 2202 014c 6C6F6E67 		.ascii	"long long int\000"
 2202      206C6F6E 
 2202      6720696E 
 2202      7400
 2203              	.LASF11:
 2204 015a 63686172 		.ascii	"char\000"
 2204      00
 2205              	.LASF2:
 2206 015f 73686F72 		.ascii	"short int\000"
 2206      7420696E 
 2206      7400
 2207              	.LASF21:
 2208 0169 75696E74 		.ascii	"uint8\000"
 2208      3800
 2209              	.LASF4:
 2210 016f 6C6F6E67 		.ascii	"long int\000"
 2210      20696E74 
 2210      00
 2211              	.LASF0:
 2212 0178 7369676E 		.ascii	"signed char\000"
 2212      65642063 
ARM GAS  C:\Users\DGILLI~1\AppData\Local\Temp\ccH1TzNF.s 			page 41


 2212      68617200 
 2213              	.LASF20:
 2214 0184 433A5C55 		.ascii	"C:\\Users\\DGilliland\\Documents\\GitHub\\ODAS\\ODA"
 2214      73657273 
 2214      5C444769 
 2214      6C6C696C 
 2214      616E645C 
 2215 01b1 532D5053 		.ascii	"S-PSOC5\\Projects\\ODAS-PSOC5-I2CIO8-BlinkLED3.cyds"
 2215      4F43355C 
 2215      50726F6A 
 2215      65637473 
 2215      5C4F4441 
 2216 01e2 6E00     		.ascii	"n\000"
 2217              	.LASF19:
 2218 01e4 47656E65 		.ascii	"Generated_Source\\PSoC5\\cymetadata.c\000"
 2218      72617465 
 2218      645F536F 
 2218      75726365 
 2218      5C50536F 
 2219              		.ident	"GCC: (GNU Tools for ARM Embedded Processors) 4.9.3 20150303 (release) [ARM/embedded-4_9-br
