ARM GAS  C:\Users\DGILLI~1\AppData\Local\Temp\ccvoJVNB.s 			page 1


   1              		.syntax unified
   2              		.cpu cortex-m3
   3              		.fpu softvfp
   4              		.eabi_attribute 20, 1
   5              		.eabi_attribute 21, 1
   6              		.eabi_attribute 23, 3
   7              		.eabi_attribute 24, 1
   8              		.eabi_attribute 25, 1
   9              		.eabi_attribute 26, 1
  10              		.eabi_attribute 30, 1
  11              		.eabi_attribute 34, 1
  12              		.eabi_attribute 18, 4
  13              		.thumb
  14              		.file	"serialIO.c"
  15              		.text
  16              	.Ltext0:
  17              		.cfi_sections	.debug_frame
  18              		.section	.text.initSerial,"ax",%progbits
  19              		.align	2
  20              		.global	initSerial
  21              		.thumb
  22              		.thumb_func
  23              		.type	initSerial, %function
  24              	initSerial:
  25              	.LFB63:
  26              		.file 1 "serialIO.c"
   1:serialIO.c    **** /* ========================================
   2:serialIO.c    ****  *
   3:serialIO.c    ****  * Copyright Land Boards, LLC, 2017
   4:serialIO.c    ****  * All Rights Reserved
   5:serialIO.c    ****  * UNPUBLISHED, LICENSED SOFTWARE.
   6:serialIO.c    ****  *
   7:serialIO.c    ****  * CONFIDENTIAL AND PROPRIETARY INFORMATION
   8:serialIO.c    ****  * WHICH IS THE PROPERTY OF your company.
   9:serialIO.c    ****  *
  10:serialIO.c    ****  * ========================================
  11:serialIO.c    **** */
  12:serialIO.c    **** 
  13:serialIO.c    **** #include "project.h"
  14:serialIO.c    **** #undef DEBUG_ON_PC
  15:serialIO.c    **** #include "serialIO.h"
  16:serialIO.c    **** 
  17:serialIO.c    **** ////////////////////////////////////////////////////////////////
  18:serialIO.c    **** // void initSerial(void)
  19:serialIO.c    **** ////////////////////////////////////////////////////////////////
  20:serialIO.c    **** 
  21:serialIO.c    **** void initSerial(void)
  22:serialIO.c    **** {
  27              		.loc 1 22 0
  28              		.cfi_startproc
  29              		@ args = 0, pretend = 0, frame = 0
  30              		@ frame_needed = 0, uses_anonymous_args = 0
  31 0000 08B5     		push	{r3, lr}
  32              		.cfi_def_cfa_offset 8
  33              		.cfi_offset 3, -8
  34              		.cfi_offset 14, -4
  23:serialIO.c    ****     UART_1_Start();
ARM GAS  C:\Users\DGILLI~1\AppData\Local\Temp\ccvoJVNB.s 			page 2


  35              		.loc 1 23 0
  36 0002 FFF7FEFF 		bl	UART_1_Start
  37              	.LVL0:
  38 0006 08BD     		pop	{r3, pc}
  39              		.cfi_endproc
  40              	.LFE63:
  41              		.size	initSerial, .-initSerial
  42              		.section	.text.outSingleChar,"ax",%progbits
  43              		.align	2
  44              		.global	outSingleChar
  45              		.thumb
  46              		.thumb_func
  47              		.type	outSingleChar, %function
  48              	outSingleChar:
  49              	.LFB64:
  24:serialIO.c    **** }
  25:serialIO.c    **** 
  26:serialIO.c    **** ////////////////////////////////////////////////////////////////
  27:serialIO.c    **** // outSingleChar(char)
  28:serialIO.c    **** ////////////////////////////////////////////////////////////////
  29:serialIO.c    **** 
  30:serialIO.c    **** void outSingleChar(char8 txChar)
  31:serialIO.c    **** {
  50              		.loc 1 31 0
  51              		.cfi_startproc
  52              		@ args = 0, pretend = 0, frame = 0
  53              		@ frame_needed = 0, uses_anonymous_args = 0
  54              	.LVL1:
  55 0000 10B5     		push	{r4, lr}
  56              		.cfi_def_cfa_offset 8
  57              		.cfi_offset 4, -8
  58              		.cfi_offset 14, -4
  59 0002 0446     		mov	r4, r0
  60              	.LVL2:
  61              	.L4:
  32:serialIO.c    ****     uint8 txStat;
  33:serialIO.c    ****     do
  34:serialIO.c    ****     {
  35:serialIO.c    ****         txStat = UART_1_ReadTxStatus();
  62              		.loc 1 35 0 discriminator 1
  63 0004 FFF7FEFF 		bl	UART_1_ReadTxStatus
  64              	.LVL3:
  36:serialIO.c    ****     }
  37:serialIO.c    ****     while (txStat & UART_1_TX_STS_FIFO_FULL);
  65              		.loc 1 37 0 discriminator 1
  66 0008 10F0040F 		tst	r0, #4
  67 000c FAD1     		bne	.L4
  38:serialIO.c    ****     UART_1_PutChar(txChar);
  68              		.loc 1 38 0
  69 000e 2046     		mov	r0, r4
  70              	.LVL4:
  71 0010 FFF7FEFF 		bl	UART_1_PutChar
  72              	.LVL5:
  73 0014 10BD     		pop	{r4, pc}
  74              		.cfi_endproc
  75              	.LFE64:
  76              		.size	outSingleChar, .-outSingleChar
ARM GAS  C:\Users\DGILLI~1\AppData\Local\Temp\ccvoJVNB.s 			page 3


  77 0016 00BF     		.section	.text.writeLineNoLF,"ax",%progbits
  78              		.align	2
  79              		.global	writeLineNoLF
  80              		.thumb
  81              		.thumb_func
  82              		.type	writeLineNoLF, %function
  83              	writeLineNoLF:
  84              	.LFB65:
  39:serialIO.c    **** }
  40:serialIO.c    **** 
  41:serialIO.c    **** ////////////////////////////////////////////////////////////////
  42:serialIO.c    **** // void writeLineNoLF(char * lineBuffer)
  43:serialIO.c    **** ////////////////////////////////////////////////////////////////
  44:serialIO.c    **** 
  45:serialIO.c    **** void writeLineNoLF(char * lineBuffer)
  46:serialIO.c    **** {
  85              		.loc 1 46 0
  86              		.cfi_startproc
  87              		@ args = 0, pretend = 0, frame = 0
  88              		@ frame_needed = 0, uses_anonymous_args = 0
  89              	.LVL6:
  90 0000 10B5     		push	{r4, lr}
  91              		.cfi_def_cfa_offset 8
  92              		.cfi_offset 4, -8
  93              		.cfi_offset 14, -4
  94 0002 0446     		mov	r4, r0
  95              	.LVL7:
  47:serialIO.c    ****     char * linePtr;
  48:serialIO.c    ****     linePtr = lineBuffer;
  49:serialIO.c    ****     while (*linePtr != 0)
  96              		.loc 1 49 0
  97 0004 02E0     		b	.L7
  98              	.LVL8:
  99              	.L8:
  50:serialIO.c    ****         outSingleChar(*linePtr++);
 100              		.loc 1 50 0
 101 0006 0134     		adds	r4, r4, #1
 102              	.LVL9:
 103 0008 FFF7FEFF 		bl	outSingleChar
 104              	.LVL10:
 105              	.L7:
  49:serialIO.c    ****         outSingleChar(*linePtr++);
 106              		.loc 1 49 0
 107 000c 2078     		ldrb	r0, [r4]	@ zero_extendqisi2
 108 000e 0028     		cmp	r0, #0
 109 0010 F9D1     		bne	.L8
  51:serialIO.c    **** }
 110              		.loc 1 51 0
 111 0012 10BD     		pop	{r4, pc}
 112              		.cfi_endproc
 113              	.LFE65:
 114              		.size	writeLineNoLF, .-writeLineNoLF
 115              		.section	.text.writeLine,"ax",%progbits
 116              		.align	2
 117              		.global	writeLine
 118              		.thumb
 119              		.thumb_func
ARM GAS  C:\Users\DGILLI~1\AppData\Local\Temp\ccvoJVNB.s 			page 4


 120              		.type	writeLine, %function
 121              	writeLine:
 122              	.LFB66:
  52:serialIO.c    **** 
  53:serialIO.c    **** ////////////////////////////////////////////////////////////////
  54:serialIO.c    **** // void writeLine(char *)
  55:serialIO.c    **** ////////////////////////////////////////////////////////////////
  56:serialIO.c    **** 
  57:serialIO.c    **** void writeLine(char * lineBuffer)
  58:serialIO.c    **** {
 123              		.loc 1 58 0
 124              		.cfi_startproc
 125              		@ args = 0, pretend = 0, frame = 0
 126              		@ frame_needed = 0, uses_anonymous_args = 0
 127              	.LVL11:
 128 0000 08B5     		push	{r3, lr}
 129              		.cfi_def_cfa_offset 8
 130              		.cfi_offset 3, -8
 131              		.cfi_offset 14, -4
  59:serialIO.c    ****    writeLineNoLF(lineBuffer);
 132              		.loc 1 59 0
 133 0002 FFF7FEFF 		bl	writeLineNoLF
 134              	.LVL12:
  60:serialIO.c    ****    outSingleChar(0x0d);
 135              		.loc 1 60 0
 136 0006 0D20     		movs	r0, #13
 137 0008 FFF7FEFF 		bl	outSingleChar
 138              	.LVL13:
  61:serialIO.c    ****    outSingleChar(0x0a);
 139              		.loc 1 61 0
 140 000c 0A20     		movs	r0, #10
 141 000e FFF7FEFF 		bl	outSingleChar
 142              	.LVL14:
 143 0012 08BD     		pop	{r3, pc}
 144              		.cfi_endproc
 145              	.LFE66:
 146              		.size	writeLine, .-writeLine
 147              		.section	.text.getSingleChar,"ax",%progbits
 148              		.align	2
 149              		.global	getSingleChar
 150              		.thumb
 151              		.thumb_func
 152              		.type	getSingleChar, %function
 153              	getSingleChar:
 154              	.LFB67:
  62:serialIO.c    **** }
  63:serialIO.c    **** 
  64:serialIO.c    **** ////////////////////////////////////////////////////////////////
  65:serialIO.c    **** // char8 getSingleChar(void)
  66:serialIO.c    **** ////////////////////////////////////////////////////////////////
  67:serialIO.c    **** 
  68:serialIO.c    **** char8 getSingleChar(void)
  69:serialIO.c    **** {
 155              		.loc 1 69 0
 156              		.cfi_startproc
 157              		@ args = 0, pretend = 0, frame = 0
 158              		@ frame_needed = 0, uses_anonymous_args = 0
ARM GAS  C:\Users\DGILLI~1\AppData\Local\Temp\ccvoJVNB.s 			page 5


 159 0000 08B5     		push	{r3, lr}
 160              		.cfi_def_cfa_offset 8
 161              		.cfi_offset 3, -8
 162              		.cfi_offset 14, -4
 163              	.L13:
  70:serialIO.c    ****     uint8 rxStat;
  71:serialIO.c    ****     char8 rxChar;       /* Data received from the Serial port */
  72:serialIO.c    ****     while(1)
  73:serialIO.c    ****     {
  74:serialIO.c    ****         rxStat = UART_1_ReadRxStatus(); 
 164              		.loc 1 74 0
 165 0002 FFF7FEFF 		bl	UART_1_ReadRxStatus
 166              	.LVL15:
  75:serialIO.c    ****         if (rxStat & UART_1_RX_STS_FIFO_NOTEMPTY)
 167              		.loc 1 75 0
 168 0006 10F0200F 		tst	r0, #32
 169 000a FAD0     		beq	.L13
  76:serialIO.c    ****         {
  77:serialIO.c    ****             rxChar = UART_1_GetChar();
 170              		.loc 1 77 0
 171 000c FFF7FEFF 		bl	UART_1_GetChar
 172              	.LVL16:
  78:serialIO.c    ****             return rxChar;
  79:serialIO.c    ****         }
  80:serialIO.c    ****     }
  81:serialIO.c    **** }
 173              		.loc 1 81 0
 174 0010 08BD     		pop	{r3, pc}
 175              		.cfi_endproc
 176              	.LFE67:
 177              		.size	getSingleChar, .-getSingleChar
 178 0012 00BF     		.section	.text.checkReceiveChar,"ax",%progbits
 179              		.align	2
 180              		.global	checkReceiveChar
 181              		.thumb
 182              		.thumb_func
 183              		.type	checkReceiveChar, %function
 184              	checkReceiveChar:
 185              	.LFB68:
  82:serialIO.c    **** 
  83:serialIO.c    **** ////////////////////////////////////////////////////////////////
  84:serialIO.c    **** // uint8 checkReceiveChar(void) - returns True if character present
  85:serialIO.c    **** ////////////////////////////////////////////////////////////////
  86:serialIO.c    **** 
  87:serialIO.c    **** uint8 checkReceiveChar(void)
  88:serialIO.c    **** {
 186              		.loc 1 88 0
 187              		.cfi_startproc
 188              		@ args = 0, pretend = 0, frame = 0
 189              		@ frame_needed = 0, uses_anonymous_args = 0
 190 0000 08B5     		push	{r3, lr}
 191              		.cfi_def_cfa_offset 8
 192              		.cfi_offset 3, -8
 193              		.cfi_offset 14, -4
  89:serialIO.c    ****     uint8 rxStat = UART_1_ReadRxStatus();
 194              		.loc 1 89 0
 195 0002 FFF7FEFF 		bl	UART_1_ReadRxStatus
ARM GAS  C:\Users\DGILLI~1\AppData\Local\Temp\ccvoJVNB.s 			page 6


 196              	.LVL17:
  90:serialIO.c    ****     if (rxStat & UART_1_RX_STS_FIFO_NOTEMPTY)
 197              		.loc 1 90 0
 198 0006 00F02003 		and	r3, r0, #32
 199 000a 03F0FF00 		and	r0, r3, #255
 200              	.LVL18:
 201 000e 03B1     		cbz	r3, .L16
  91:serialIO.c    ****         return 1;
 202              		.loc 1 91 0
 203 0010 0120     		movs	r0, #1
 204              	.L16:
  92:serialIO.c    ****     return 0;
  93:serialIO.c    **** }
 205              		.loc 1 93 0
 206 0012 08BD     		pop	{r3, pc}
 207              		.cfi_endproc
 208              	.LFE68:
 209              		.size	checkReceiveChar, .-checkReceiveChar
 210              		.section	.text.readLine,"ax",%progbits
 211              		.align	2
 212              		.global	readLine
 213              		.thumb
 214              		.thumb_func
 215              		.type	readLine, %function
 216              	readLine:
 217              	.LFB69:
  94:serialIO.c    **** 
  95:serialIO.c    **** ////////////////////////////////////////////////////////////////
  96:serialIO.c    **** // uint8 readLine(char * lineBuffer)
  97:serialIO.c    **** ////////////////////////////////////////////////////////////////
  98:serialIO.c    **** 
  99:serialIO.c    **** uint8 readLine(char * lineBuffer)
 100:serialIO.c    **** {
 218              		.loc 1 100 0
 219              		.cfi_startproc
 220              		@ args = 0, pretend = 0, frame = 0
 221              		@ frame_needed = 0, uses_anonymous_args = 0
 222              	.LVL19:
 223 0000 F8B5     		push	{r3, r4, r5, r6, r7, lr}
 224              		.cfi_def_cfa_offset 24
 225              		.cfi_offset 3, -24
 226              		.cfi_offset 4, -20
 227              		.cfi_offset 5, -16
 228              		.cfi_offset 6, -12
 229              		.cfi_offset 7, -8
 230              		.cfi_offset 14, -4
 231 0002 0746     		mov	r7, r0
 232              	.LVL20:
 101:serialIO.c    ****     uint8 byteCount=0;
 102:serialIO.c    ****     char * linePtr;
 103:serialIO.c    ****     uint8 rxStat;
 104:serialIO.c    ****     char8 rxChar;       /* Data received from the Serial port */
 105:serialIO.c    ****     uint8 endOfLine = 0;
 233              		.loc 1 105 0
 234 0004 0026     		movs	r6, #0
 101:serialIO.c    ****     uint8 byteCount=0;
 235              		.loc 1 101 0
ARM GAS  C:\Users\DGILLI~1\AppData\Local\Temp\ccvoJVNB.s 			page 7


 236 0006 3546     		mov	r5, r6
 237              	.LVL21:
 238              	.L26:
 106:serialIO.c    ****     linePtr = lineBuffer;
 107:serialIO.c    ****     do
 108:serialIO.c    ****     {
 109:serialIO.c    ****         rxStat = UART_1_ReadRxStatus(); 
 239              		.loc 1 109 0
 240 0008 FFF7FEFF 		bl	UART_1_ReadRxStatus
 241              	.LVL22:
 110:serialIO.c    ****         if (rxStat & UART_1_RX_STS_FIFO_NOTEMPTY)
 242              		.loc 1 110 0
 243 000c 10F0200F 		tst	r0, #32
 244 0010 2CD0     		beq	.L19
 111:serialIO.c    ****         {
 112:serialIO.c    ****             rxChar = UART_1_GetChar();
 245              		.loc 1 112 0
 246 0012 FFF7FEFF 		bl	UART_1_GetChar
 247              	.LVL23:
 248 0016 0446     		mov	r4, r0
 249              	.LVL24:
 113:serialIO.c    ****             if (rxChar == 0x0a || rxChar == 0x0d)
 250              		.loc 1 113 0
 251 0018 0A28     		cmp	r0, #10
 252 001a 01D0     		beq	.L20
 253              		.loc 1 113 0 is_stmt 0 discriminator 1
 254 001c 0D28     		cmp	r0, #13
 255 001e 07D1     		bne	.L21
 256              	.L20:
 114:serialIO.c    ****             {
 115:serialIO.c    ****                 outSingleChar(rxChar);
 257              		.loc 1 115 0 is_stmt 1
 258 0020 2046     		mov	r0, r4
 259              	.LVL25:
 260 0022 FFF7FEFF 		bl	outSingleChar
 261              	.LVL26:
 116:serialIO.c    ****                 endOfLine = 1;
 117:serialIO.c    ****                 *linePtr = 0;
 262              		.loc 1 117 0
 263 0026 0023     		movs	r3, #0
 264 0028 3B70     		strb	r3, [r7]
 118:serialIO.c    ****                 byteCount++;
 265              		.loc 1 118 0
 266 002a 0135     		adds	r5, r5, #1
 267              	.LVL27:
 268 002c E8B2     		uxtb	r0, r5
 119:serialIO.c    ****                 return byteCount;
 269              		.loc 1 119 0
 270 002e F8BD     		pop	{r3, r4, r5, r6, r7, pc}
 271              	.LVL28:
 272              	.L21:
 120:serialIO.c    ****             }
 121:serialIO.c    ****             else if ((rxChar == 0x08) ||(rxChar == 0x7f))
 273              		.loc 1 121 0
 274 0030 0828     		cmp	r0, #8
 275 0032 01D0     		beq	.L23
 276              		.loc 1 121 0 is_stmt 0 discriminator 1
ARM GAS  C:\Users\DGILLI~1\AppData\Local\Temp\ccvoJVNB.s 			page 8


 277 0034 7F28     		cmp	r0, #127
 278 0036 0DD1     		bne	.L24
 279              	.L23:
 122:serialIO.c    ****             {
 123:serialIO.c    ****                 if (byteCount > 0)
 280              		.loc 1 123 0 is_stmt 1
 281 0038 C5B1     		cbz	r5, .L19
 124:serialIO.c    ****                 {
 125:serialIO.c    ****                     outSingleChar(0x08);
 282              		.loc 1 125 0
 283 003a 0820     		movs	r0, #8
 284              	.LVL29:
 285 003c FFF7FEFF 		bl	outSingleChar
 286              	.LVL30:
 126:serialIO.c    ****                     outSingleChar(' ');
 287              		.loc 1 126 0
 288 0040 2020     		movs	r0, #32
 289 0042 FFF7FEFF 		bl	outSingleChar
 290              	.LVL31:
 127:serialIO.c    ****                     outSingleChar(0x08);
 291              		.loc 1 127 0
 292 0046 0820     		movs	r0, #8
 293 0048 FFF7FEFF 		bl	outSingleChar
 294              	.LVL32:
 128:serialIO.c    ****                     linePtr--;
 295              		.loc 1 128 0
 296 004c 013F     		subs	r7, r7, #1
 297              	.LVL33:
 129:serialIO.c    ****                     byteCount--;
 298              		.loc 1 129 0
 299 004e 013D     		subs	r5, r5, #1
 300              	.LVL34:
 301 0050 EDB2     		uxtb	r5, r5
 302              	.LVL35:
 303 0052 0BE0     		b	.L19
 304              	.LVL36:
 305              	.L24:
 130:serialIO.c    ****                 }
 131:serialIO.c    ****             }
 132:serialIO.c    ****             else if (byteCount > MAXLINELENGTH-2)
 306              		.loc 1 132 0
 307 0054 4E2D     		cmp	r5, #78
 308 0056 03D9     		bls	.L25
 309              	.LVL37:
 133:serialIO.c    ****             {
 134:serialIO.c    ****                 endOfLine = 1;
 135:serialIO.c    ****                 *linePtr = 0;
 310              		.loc 1 135 0
 311 0058 0023     		movs	r3, #0
 312 005a 3B70     		strb	r3, [r7]
 134:serialIO.c    ****                 *linePtr = 0;
 313              		.loc 1 134 0
 314 005c 0126     		movs	r6, #1
 315 005e 05E0     		b	.L19
 316              	.LVL38:
 317              	.L25:
 136:serialIO.c    ****             }
ARM GAS  C:\Users\DGILLI~1\AppData\Local\Temp\ccvoJVNB.s 			page 9


 137:serialIO.c    ****             else
 138:serialIO.c    ****             {
 139:serialIO.c    ****                 outSingleChar(rxChar);
 318              		.loc 1 139 0
 319 0060 FFF7FEFF 		bl	outSingleChar
 320              	.LVL39:
 140:serialIO.c    ****                 *linePtr = rxChar;
 321              		.loc 1 140 0
 322 0064 07F8014B 		strb	r4, [r7], #1
 323              	.LVL40:
 141:serialIO.c    ****                 linePtr++;
 142:serialIO.c    ****                 byteCount++;
 324              		.loc 1 142 0
 325 0068 0135     		adds	r5, r5, #1
 326              	.LVL41:
 327 006a EDB2     		uxtb	r5, r5
 328              	.LVL42:
 329              	.L19:
 143:serialIO.c    ****             }
 144:serialIO.c    ****         }    
 145:serialIO.c    ****     }
 146:serialIO.c    ****     while(endOfLine == 0);
 330              		.loc 1 146 0
 331 006c 002E     		cmp	r6, #0
 332 006e CBD0     		beq	.L26
 147:serialIO.c    ****     return byteCount;
 333              		.loc 1 147 0
 334 0070 2846     		mov	r0, r5
 148:serialIO.c    **** }
 335              		.loc 1 148 0
 336 0072 F8BD     		pop	{r3, r4, r5, r6, r7, pc}
 337              		.cfi_endproc
 338              	.LFE69:
 339              		.size	readLine, .-readLine
 340              		.text
 341              	.Letext0:
 342              		.file 2 "c:\\program files (x86)\\cypress\\psoc creator\\4.0\\psoc creator\\import\\gnu\\arm\\4.9.
 343              		.file 3 "c:\\program files (x86)\\cypress\\psoc creator\\4.0\\psoc creator\\import\\gnu\\arm\\4.9.
 344              		.file 4 "Generated_Source\\PSoC5/cytypes.h"
 345              		.file 5 "Generated_Source\\PSoC5/UART_1.h"
 346              		.file 6 "Generated_Source\\PSoC5/core_cm3.h"
 347              		.section	.debug_info,"",%progbits
 348              	.Ldebug_info0:
 349 0000 5E030000 		.4byte	0x35e
 350 0004 0400     		.2byte	0x4
 351 0006 00000000 		.4byte	.Ldebug_abbrev0
 352 000a 04       		.byte	0x4
 353 000b 01       		.uleb128 0x1
 354 000c 0E010000 		.4byte	.LASF35
 355 0010 01       		.byte	0x1
 356 0011 6D000000 		.4byte	.LASF36
 357 0015 52020000 		.4byte	.LASF37
 358 0019 00000000 		.4byte	.Ldebug_ranges0+0
 359 001d 00000000 		.4byte	0
 360 0021 00000000 		.4byte	.Ldebug_line0
 361 0025 02       		.uleb128 0x2
 362 0026 01       		.byte	0x1
ARM GAS  C:\Users\DGILLI~1\AppData\Local\Temp\ccvoJVNB.s 			page 10


 363 0027 06       		.byte	0x6
 364 0028 78000000 		.4byte	.LASF0
 365 002c 02       		.uleb128 0x2
 366 002d 01       		.byte	0x1
 367 002e 08       		.byte	0x8
 368 002f CF000000 		.4byte	.LASF1
 369 0033 02       		.uleb128 0x2
 370 0034 02       		.byte	0x2
 371 0035 05       		.byte	0x5
 372 0036 09020000 		.4byte	.LASF2
 373 003a 02       		.uleb128 0x2
 374 003b 02       		.byte	0x2
 375 003c 07       		.byte	0x7
 376 003d 3C000000 		.4byte	.LASF3
 377 0041 03       		.uleb128 0x3
 378 0042 28000000 		.4byte	.LASF9
 379 0046 02       		.byte	0x2
 380 0047 3F       		.byte	0x3f
 381 0048 4C000000 		.4byte	0x4c
 382 004c 02       		.uleb128 0x2
 383 004d 04       		.byte	0x4
 384 004e 05       		.byte	0x5
 385 004f 2A020000 		.4byte	.LASF4
 386 0053 02       		.uleb128 0x2
 387 0054 04       		.byte	0x4
 388 0055 07       		.byte	0x7
 389 0056 9A000000 		.4byte	.LASF5
 390 005a 02       		.uleb128 0x2
 391 005b 08       		.byte	0x8
 392 005c 05       		.byte	0x5
 393 005d EF010000 		.4byte	.LASF6
 394 0061 02       		.uleb128 0x2
 395 0062 08       		.byte	0x8
 396 0063 07       		.byte	0x7
 397 0064 B8010000 		.4byte	.LASF7
 398 0068 04       		.uleb128 0x4
 399 0069 04       		.byte	0x4
 400 006a 05       		.byte	0x5
 401 006b 696E7400 		.ascii	"int\000"
 402 006f 02       		.uleb128 0x2
 403 0070 04       		.byte	0x4
 404 0071 07       		.byte	0x7
 405 0072 AB010000 		.4byte	.LASF8
 406 0076 03       		.uleb128 0x3
 407 0077 DE010000 		.4byte	.LASF10
 408 007b 03       		.byte	0x3
 409 007c 2C       		.byte	0x2c
 410 007d 41000000 		.4byte	0x41
 411 0081 05       		.uleb128 0x5
 412 0082 24020000 		.4byte	.LASF11
 413 0086 04       		.byte	0x4
 414 0087 9201     		.2byte	0x192
 415 0089 2C000000 		.4byte	0x2c
 416 008d 02       		.uleb128 0x2
 417 008e 04       		.byte	0x4
 418 008f 04       		.byte	0x4
 419 0090 22000000 		.4byte	.LASF12
ARM GAS  C:\Users\DGILLI~1\AppData\Local\Temp\ccvoJVNB.s 			page 11


 420 0094 02       		.uleb128 0x2
 421 0095 08       		.byte	0x8
 422 0096 04       		.byte	0x4
 423 0097 EC000000 		.4byte	.LASF13
 424 009b 05       		.uleb128 0x5
 425 009c 94000000 		.4byte	.LASF14
 426 00a0 04       		.byte	0x4
 427 00a1 A301     		.2byte	0x1a3
 428 00a3 A7000000 		.4byte	0xa7
 429 00a7 02       		.uleb128 0x2
 430 00a8 01       		.byte	0x1
 431 00a9 08       		.byte	0x8
 432 00aa 04020000 		.4byte	.LASF15
 433 00ae 02       		.uleb128 0x2
 434 00af 04       		.byte	0x4
 435 00b0 07       		.byte	0x7
 436 00b1 E6010000 		.4byte	.LASF16
 437 00b5 06       		.uleb128 0x6
 438 00b6 04       		.byte	0x4
 439 00b7 A7000000 		.4byte	0xa7
 440 00bb 07       		.uleb128 0x7
 441 00bc AC000000 		.4byte	.LASF17
 442 00c0 01       		.byte	0x1
 443 00c1 15       		.byte	0x15
 444 00c2 00000000 		.4byte	.LFB63
 445 00c6 08000000 		.4byte	.LFE63-.LFB63
 446 00ca 01       		.uleb128 0x1
 447 00cb 9C       		.byte	0x9c
 448 00cc DA000000 		.4byte	0xda
 449 00d0 08       		.uleb128 0x8
 450 00d1 06000000 		.4byte	.LVL0
 451 00d5 28030000 		.4byte	0x328
 452 00d9 00       		.byte	0
 453 00da 07       		.uleb128 0x7
 454 00db F3000000 		.4byte	.LASF18
 455 00df 01       		.byte	0x1
 456 00e0 1E       		.byte	0x1e
 457 00e1 00000000 		.4byte	.LFB64
 458 00e5 16000000 		.4byte	.LFE64-.LFB64
 459 00e9 01       		.uleb128 0x1
 460 00ea 9C       		.byte	0x9c
 461 00eb 27010000 		.4byte	0x127
 462 00ef 09       		.uleb128 0x9
 463 00f0 DD000000 		.4byte	.LASF20
 464 00f4 01       		.byte	0x1
 465 00f5 1E       		.byte	0x1e
 466 00f6 9B000000 		.4byte	0x9b
 467 00fa 00000000 		.4byte	.LLST0
 468 00fe 0A       		.uleb128 0xa
 469 00ff 00000000 		.4byte	.LASF22
 470 0103 01       		.byte	0x1
 471 0104 20       		.byte	0x20
 472 0105 81000000 		.4byte	0x81
 473 0109 21000000 		.4byte	.LLST1
 474 010d 08       		.uleb128 0x8
 475 010e 08000000 		.4byte	.LVL3
 476 0112 2F030000 		.4byte	0x32f
ARM GAS  C:\Users\DGILLI~1\AppData\Local\Temp\ccvoJVNB.s 			page 12


 477 0116 0B       		.uleb128 0xb
 478 0117 14000000 		.4byte	.LVL5
 479 011b 3A030000 		.4byte	0x33a
 480 011f 0C       		.uleb128 0xc
 481 0120 01       		.uleb128 0x1
 482 0121 50       		.byte	0x50
 483 0122 02       		.uleb128 0x2
 484 0123 74       		.byte	0x74
 485 0124 00       		.sleb128 0
 486 0125 00       		.byte	0
 487 0126 00       		.byte	0
 488 0127 07       		.uleb128 0x7
 489 0128 B7000000 		.4byte	.LASF19
 490 012c 01       		.byte	0x1
 491 012d 2D       		.byte	0x2d
 492 012e 00000000 		.4byte	.LFB65
 493 0132 14000000 		.4byte	.LFE65-.LFB65
 494 0136 01       		.uleb128 0x1
 495 0137 9C       		.byte	0x9c
 496 0138 64010000 		.4byte	0x164
 497 013c 09       		.uleb128 0x9
 498 013d 33020000 		.4byte	.LASF21
 499 0141 01       		.byte	0x1
 500 0142 2D       		.byte	0x2d
 501 0143 B5000000 		.4byte	0xb5
 502 0147 34000000 		.4byte	.LLST2
 503 014b 0A       		.uleb128 0xa
 504 014c E4000000 		.4byte	.LASF23
 505 0150 01       		.byte	0x1
 506 0151 2F       		.byte	0x2f
 507 0152 B5000000 		.4byte	0xb5
 508 0156 55000000 		.4byte	.LLST3
 509 015a 08       		.uleb128 0x8
 510 015b 0C000000 		.4byte	.LVL10
 511 015f DA000000 		.4byte	0xda
 512 0163 00       		.byte	0
 513 0164 07       		.uleb128 0x7
 514 0165 63000000 		.4byte	.LASF24
 515 0169 01       		.byte	0x1
 516 016a 39       		.byte	0x39
 517 016b 00000000 		.4byte	.LFB66
 518 016f 14000000 		.4byte	.LFE66-.LFB66
 519 0173 01       		.uleb128 0x1
 520 0174 9C       		.byte	0x9c
 521 0175 C0010000 		.4byte	0x1c0
 522 0179 09       		.uleb128 0x9
 523 017a 33020000 		.4byte	.LASF21
 524 017e 01       		.byte	0x1
 525 017f 39       		.byte	0x39
 526 0180 B5000000 		.4byte	0xb5
 527 0184 73000000 		.4byte	.LLST4
 528 0188 0D       		.uleb128 0xd
 529 0189 06000000 		.4byte	.LVL12
 530 018d 27010000 		.4byte	0x127
 531 0191 9D010000 		.4byte	0x19d
 532 0195 0C       		.uleb128 0xc
 533 0196 01       		.uleb128 0x1
ARM GAS  C:\Users\DGILLI~1\AppData\Local\Temp\ccvoJVNB.s 			page 13


 534 0197 50       		.byte	0x50
 535 0198 03       		.uleb128 0x3
 536 0199 F3       		.byte	0xf3
 537 019a 01       		.uleb128 0x1
 538 019b 50       		.byte	0x50
 539 019c 00       		.byte	0
 540 019d 0D       		.uleb128 0xd
 541 019e 0C000000 		.4byte	.LVL13
 542 01a2 DA000000 		.4byte	0xda
 543 01a6 B0010000 		.4byte	0x1b0
 544 01aa 0C       		.uleb128 0xc
 545 01ab 01       		.uleb128 0x1
 546 01ac 50       		.byte	0x50
 547 01ad 01       		.uleb128 0x1
 548 01ae 3D       		.byte	0x3d
 549 01af 00       		.byte	0
 550 01b0 0B       		.uleb128 0xb
 551 01b1 12000000 		.4byte	.LVL14
 552 01b5 DA000000 		.4byte	0xda
 553 01b9 0C       		.uleb128 0xc
 554 01ba 01       		.uleb128 0x1
 555 01bb 50       		.byte	0x50
 556 01bc 01       		.uleb128 0x1
 557 01bd 3A       		.byte	0x3a
 558 01be 00       		.byte	0
 559 01bf 00       		.byte	0
 560 01c0 0E       		.uleb128 0xe
 561 01c1 14000000 		.4byte	.LASF27
 562 01c5 01       		.byte	0x1
 563 01c6 44       		.byte	0x44
 564 01c7 9B000000 		.4byte	0x9b
 565 01cb 00000000 		.4byte	.LFB67
 566 01cf 12000000 		.4byte	.LFE67-.LFB67
 567 01d3 01       		.uleb128 0x1
 568 01d4 9C       		.byte	0x9c
 569 01d5 08020000 		.4byte	0x208
 570 01d9 0A       		.uleb128 0xa
 571 01da 8D000000 		.4byte	.LASF25
 572 01de 01       		.byte	0x1
 573 01df 46       		.byte	0x46
 574 01e0 81000000 		.4byte	0x81
 575 01e4 94000000 		.4byte	.LLST5
 576 01e8 0F       		.uleb128 0xf
 577 01e9 FD010000 		.4byte	.LASF26
 578 01ed 01       		.byte	0x1
 579 01ee 47       		.byte	0x47
 580 01ef 9B000000 		.4byte	0x9b
 581 01f3 01       		.uleb128 0x1
 582 01f4 50       		.byte	0x50
 583 01f5 08       		.uleb128 0x8
 584 01f6 06000000 		.4byte	.LVL15
 585 01fa 4B030000 		.4byte	0x34b
 586 01fe 08       		.uleb128 0x8
 587 01ff 10000000 		.4byte	.LVL16
 588 0203 56030000 		.4byte	0x356
 589 0207 00       		.byte	0
 590 0208 0E       		.uleb128 0xe
ARM GAS  C:\Users\DGILLI~1\AppData\Local\Temp\ccvoJVNB.s 			page 14


 591 0209 13020000 		.4byte	.LASF28
 592 020d 01       		.byte	0x1
 593 020e 57       		.byte	0x57
 594 020f 81000000 		.4byte	0x81
 595 0213 00000000 		.4byte	.LFB68
 596 0217 14000000 		.4byte	.LFE68-.LFB68
 597 021b 01       		.uleb128 0x1
 598 021c 9C       		.byte	0x9c
 599 021d 3A020000 		.4byte	0x23a
 600 0221 0A       		.uleb128 0xa
 601 0222 8D000000 		.4byte	.LASF25
 602 0226 01       		.byte	0x1
 603 0227 59       		.byte	0x59
 604 0228 81000000 		.4byte	0x81
 605 022c A7000000 		.4byte	.LLST6
 606 0230 08       		.uleb128 0x8
 607 0231 06000000 		.4byte	.LVL17
 608 0235 4B030000 		.4byte	0x34b
 609 0239 00       		.byte	0
 610 023a 0E       		.uleb128 0xe
 611 023b 84000000 		.4byte	.LASF29
 612 023f 01       		.byte	0x1
 613 0240 63       		.byte	0x63
 614 0241 81000000 		.4byte	0x81
 615 0245 00000000 		.4byte	.LFB69
 616 0249 74000000 		.4byte	.LFE69-.LFB69
 617 024d 01       		.uleb128 0x1
 618 024e 9C       		.byte	0x9c
 619 024f 17030000 		.4byte	0x317
 620 0253 09       		.uleb128 0x9
 621 0254 33020000 		.4byte	.LASF21
 622 0258 01       		.byte	0x1
 623 0259 63       		.byte	0x63
 624 025a B5000000 		.4byte	0xb5
 625 025e BA000000 		.4byte	.LLST7
 626 0262 0A       		.uleb128 0xa
 627 0263 C5000000 		.4byte	.LASF30
 628 0267 01       		.byte	0x1
 629 0268 65       		.byte	0x65
 630 0269 81000000 		.4byte	0x81
 631 026d DB000000 		.4byte	.LLST8
 632 0271 0A       		.uleb128 0xa
 633 0272 E4000000 		.4byte	.LASF23
 634 0276 01       		.byte	0x1
 635 0277 66       		.byte	0x66
 636 0278 B5000000 		.4byte	0xb5
 637 027c 1B010000 		.4byte	.LLST9
 638 0280 0A       		.uleb128 0xa
 639 0281 8D000000 		.4byte	.LASF25
 640 0285 01       		.byte	0x1
 641 0286 67       		.byte	0x67
 642 0287 81000000 		.4byte	0x81
 643 028b 39010000 		.4byte	.LLST10
 644 028f 0A       		.uleb128 0xa
 645 0290 FD010000 		.4byte	.LASF26
 646 0294 01       		.byte	0x1
 647 0295 68       		.byte	0x68
ARM GAS  C:\Users\DGILLI~1\AppData\Local\Temp\ccvoJVNB.s 			page 15


 648 0296 9B000000 		.4byte	0x9b
 649 029a 4C010000 		.4byte	.LLST11
 650 029e 0A       		.uleb128 0xa
 651 029f 32000000 		.4byte	.LASF31
 652 02a3 01       		.byte	0x1
 653 02a4 69       		.byte	0x69
 654 02a5 81000000 		.4byte	0x81
 655 02a9 75010000 		.4byte	.LLST12
 656 02ad 08       		.uleb128 0x8
 657 02ae 0C000000 		.4byte	.LVL22
 658 02b2 4B030000 		.4byte	0x34b
 659 02b6 08       		.uleb128 0x8
 660 02b7 16000000 		.4byte	.LVL23
 661 02bb 56030000 		.4byte	0x356
 662 02bf 0D       		.uleb128 0xd
 663 02c0 26000000 		.4byte	.LVL26
 664 02c4 DA000000 		.4byte	0xda
 665 02c8 D3020000 		.4byte	0x2d3
 666 02cc 0C       		.uleb128 0xc
 667 02cd 01       		.uleb128 0x1
 668 02ce 50       		.byte	0x50
 669 02cf 02       		.uleb128 0x2
 670 02d0 74       		.byte	0x74
 671 02d1 00       		.sleb128 0
 672 02d2 00       		.byte	0
 673 02d3 0D       		.uleb128 0xd
 674 02d4 40000000 		.4byte	.LVL30
 675 02d8 DA000000 		.4byte	0xda
 676 02dc E6020000 		.4byte	0x2e6
 677 02e0 0C       		.uleb128 0xc
 678 02e1 01       		.uleb128 0x1
 679 02e2 50       		.byte	0x50
 680 02e3 01       		.uleb128 0x1
 681 02e4 38       		.byte	0x38
 682 02e5 00       		.byte	0
 683 02e6 0D       		.uleb128 0xd
 684 02e7 46000000 		.4byte	.LVL31
 685 02eb DA000000 		.4byte	0xda
 686 02ef FA020000 		.4byte	0x2fa
 687 02f3 0C       		.uleb128 0xc
 688 02f4 01       		.uleb128 0x1
 689 02f5 50       		.byte	0x50
 690 02f6 02       		.uleb128 0x2
 691 02f7 08       		.byte	0x8
 692 02f8 20       		.byte	0x20
 693 02f9 00       		.byte	0
 694 02fa 0D       		.uleb128 0xd
 695 02fb 4C000000 		.4byte	.LVL32
 696 02ff DA000000 		.4byte	0xda
 697 0303 0D030000 		.4byte	0x30d
 698 0307 0C       		.uleb128 0xc
 699 0308 01       		.uleb128 0x1
 700 0309 50       		.byte	0x50
 701 030a 01       		.uleb128 0x1
 702 030b 38       		.byte	0x38
 703 030c 00       		.byte	0
 704 030d 08       		.uleb128 0x8
ARM GAS  C:\Users\DGILLI~1\AppData\Local\Temp\ccvoJVNB.s 			page 16


 705 030e 64000000 		.4byte	.LVL39
 706 0312 DA000000 		.4byte	0xda
 707 0316 00       		.byte	0
 708 0317 10       		.uleb128 0x10
 709 0318 01010000 		.4byte	.LASF38
 710 031c 06       		.byte	0x6
 711 031d 9606     		.2byte	0x696
 712 031f 23030000 		.4byte	0x323
 713 0323 11       		.uleb128 0x11
 714 0324 76000000 		.4byte	0x76
 715 0328 12       		.uleb128 0x12
 716 0329 07000000 		.4byte	.LASF39
 717 032d 05       		.byte	0x5
 718 032e 54       		.byte	0x54
 719 032f 13       		.uleb128 0x13
 720 0330 4F000000 		.4byte	.LASF32
 721 0334 05       		.byte	0x5
 722 0335 89       		.byte	0x89
 723 0336 81000000 		.4byte	0x81
 724 033a 14       		.uleb128 0x14
 725 033b 9C010000 		.4byte	.LASF40
 726 033f 05       		.byte	0x5
 727 0340 8A       		.byte	0x8a
 728 0341 4B030000 		.4byte	0x34b
 729 0345 15       		.uleb128 0x15
 730 0346 81000000 		.4byte	0x81
 731 034a 00       		.byte	0
 732 034b 13       		.uleb128 0x13
 733 034c 3E020000 		.4byte	.LASF33
 734 0350 05       		.byte	0x5
 735 0351 70       		.byte	0x70
 736 0352 81000000 		.4byte	0x81
 737 0356 13       		.uleb128 0x13
 738 0357 CF010000 		.4byte	.LASF34
 739 035b 05       		.byte	0x5
 740 035c 71       		.byte	0x71
 741 035d 81000000 		.4byte	0x81
 742 0361 00       		.byte	0
 743              		.section	.debug_abbrev,"",%progbits
 744              	.Ldebug_abbrev0:
 745 0000 01       		.uleb128 0x1
 746 0001 11       		.uleb128 0x11
 747 0002 01       		.byte	0x1
 748 0003 25       		.uleb128 0x25
 749 0004 0E       		.uleb128 0xe
 750 0005 13       		.uleb128 0x13
 751 0006 0B       		.uleb128 0xb
 752 0007 03       		.uleb128 0x3
 753 0008 0E       		.uleb128 0xe
 754 0009 1B       		.uleb128 0x1b
 755 000a 0E       		.uleb128 0xe
 756 000b 55       		.uleb128 0x55
 757 000c 17       		.uleb128 0x17
 758 000d 11       		.uleb128 0x11
 759 000e 01       		.uleb128 0x1
 760 000f 10       		.uleb128 0x10
 761 0010 17       		.uleb128 0x17
ARM GAS  C:\Users\DGILLI~1\AppData\Local\Temp\ccvoJVNB.s 			page 17


 762 0011 00       		.byte	0
 763 0012 00       		.byte	0
 764 0013 02       		.uleb128 0x2
 765 0014 24       		.uleb128 0x24
 766 0015 00       		.byte	0
 767 0016 0B       		.uleb128 0xb
 768 0017 0B       		.uleb128 0xb
 769 0018 3E       		.uleb128 0x3e
 770 0019 0B       		.uleb128 0xb
 771 001a 03       		.uleb128 0x3
 772 001b 0E       		.uleb128 0xe
 773 001c 00       		.byte	0
 774 001d 00       		.byte	0
 775 001e 03       		.uleb128 0x3
 776 001f 16       		.uleb128 0x16
 777 0020 00       		.byte	0
 778 0021 03       		.uleb128 0x3
 779 0022 0E       		.uleb128 0xe
 780 0023 3A       		.uleb128 0x3a
 781 0024 0B       		.uleb128 0xb
 782 0025 3B       		.uleb128 0x3b
 783 0026 0B       		.uleb128 0xb
 784 0027 49       		.uleb128 0x49
 785 0028 13       		.uleb128 0x13
 786 0029 00       		.byte	0
 787 002a 00       		.byte	0
 788 002b 04       		.uleb128 0x4
 789 002c 24       		.uleb128 0x24
 790 002d 00       		.byte	0
 791 002e 0B       		.uleb128 0xb
 792 002f 0B       		.uleb128 0xb
 793 0030 3E       		.uleb128 0x3e
 794 0031 0B       		.uleb128 0xb
 795 0032 03       		.uleb128 0x3
 796 0033 08       		.uleb128 0x8
 797 0034 00       		.byte	0
 798 0035 00       		.byte	0
 799 0036 05       		.uleb128 0x5
 800 0037 16       		.uleb128 0x16
 801 0038 00       		.byte	0
 802 0039 03       		.uleb128 0x3
 803 003a 0E       		.uleb128 0xe
 804 003b 3A       		.uleb128 0x3a
 805 003c 0B       		.uleb128 0xb
 806 003d 3B       		.uleb128 0x3b
 807 003e 05       		.uleb128 0x5
 808 003f 49       		.uleb128 0x49
 809 0040 13       		.uleb128 0x13
 810 0041 00       		.byte	0
 811 0042 00       		.byte	0
 812 0043 06       		.uleb128 0x6
 813 0044 0F       		.uleb128 0xf
 814 0045 00       		.byte	0
 815 0046 0B       		.uleb128 0xb
 816 0047 0B       		.uleb128 0xb
 817 0048 49       		.uleb128 0x49
 818 0049 13       		.uleb128 0x13
ARM GAS  C:\Users\DGILLI~1\AppData\Local\Temp\ccvoJVNB.s 			page 18


 819 004a 00       		.byte	0
 820 004b 00       		.byte	0
 821 004c 07       		.uleb128 0x7
 822 004d 2E       		.uleb128 0x2e
 823 004e 01       		.byte	0x1
 824 004f 3F       		.uleb128 0x3f
 825 0050 19       		.uleb128 0x19
 826 0051 03       		.uleb128 0x3
 827 0052 0E       		.uleb128 0xe
 828 0053 3A       		.uleb128 0x3a
 829 0054 0B       		.uleb128 0xb
 830 0055 3B       		.uleb128 0x3b
 831 0056 0B       		.uleb128 0xb
 832 0057 27       		.uleb128 0x27
 833 0058 19       		.uleb128 0x19
 834 0059 11       		.uleb128 0x11
 835 005a 01       		.uleb128 0x1
 836 005b 12       		.uleb128 0x12
 837 005c 06       		.uleb128 0x6
 838 005d 40       		.uleb128 0x40
 839 005e 18       		.uleb128 0x18
 840 005f 9742     		.uleb128 0x2117
 841 0061 19       		.uleb128 0x19
 842 0062 01       		.uleb128 0x1
 843 0063 13       		.uleb128 0x13
 844 0064 00       		.byte	0
 845 0065 00       		.byte	0
 846 0066 08       		.uleb128 0x8
 847 0067 898201   		.uleb128 0x4109
 848 006a 00       		.byte	0
 849 006b 11       		.uleb128 0x11
 850 006c 01       		.uleb128 0x1
 851 006d 31       		.uleb128 0x31
 852 006e 13       		.uleb128 0x13
 853 006f 00       		.byte	0
 854 0070 00       		.byte	0
 855 0071 09       		.uleb128 0x9
 856 0072 05       		.uleb128 0x5
 857 0073 00       		.byte	0
 858 0074 03       		.uleb128 0x3
 859 0075 0E       		.uleb128 0xe
 860 0076 3A       		.uleb128 0x3a
 861 0077 0B       		.uleb128 0xb
 862 0078 3B       		.uleb128 0x3b
 863 0079 0B       		.uleb128 0xb
 864 007a 49       		.uleb128 0x49
 865 007b 13       		.uleb128 0x13
 866 007c 02       		.uleb128 0x2
 867 007d 17       		.uleb128 0x17
 868 007e 00       		.byte	0
 869 007f 00       		.byte	0
 870 0080 0A       		.uleb128 0xa
 871 0081 34       		.uleb128 0x34
 872 0082 00       		.byte	0
 873 0083 03       		.uleb128 0x3
 874 0084 0E       		.uleb128 0xe
 875 0085 3A       		.uleb128 0x3a
ARM GAS  C:\Users\DGILLI~1\AppData\Local\Temp\ccvoJVNB.s 			page 19


 876 0086 0B       		.uleb128 0xb
 877 0087 3B       		.uleb128 0x3b
 878 0088 0B       		.uleb128 0xb
 879 0089 49       		.uleb128 0x49
 880 008a 13       		.uleb128 0x13
 881 008b 02       		.uleb128 0x2
 882 008c 17       		.uleb128 0x17
 883 008d 00       		.byte	0
 884 008e 00       		.byte	0
 885 008f 0B       		.uleb128 0xb
 886 0090 898201   		.uleb128 0x4109
 887 0093 01       		.byte	0x1
 888 0094 11       		.uleb128 0x11
 889 0095 01       		.uleb128 0x1
 890 0096 31       		.uleb128 0x31
 891 0097 13       		.uleb128 0x13
 892 0098 00       		.byte	0
 893 0099 00       		.byte	0
 894 009a 0C       		.uleb128 0xc
 895 009b 8A8201   		.uleb128 0x410a
 896 009e 00       		.byte	0
 897 009f 02       		.uleb128 0x2
 898 00a0 18       		.uleb128 0x18
 899 00a1 9142     		.uleb128 0x2111
 900 00a3 18       		.uleb128 0x18
 901 00a4 00       		.byte	0
 902 00a5 00       		.byte	0
 903 00a6 0D       		.uleb128 0xd
 904 00a7 898201   		.uleb128 0x4109
 905 00aa 01       		.byte	0x1
 906 00ab 11       		.uleb128 0x11
 907 00ac 01       		.uleb128 0x1
 908 00ad 31       		.uleb128 0x31
 909 00ae 13       		.uleb128 0x13
 910 00af 01       		.uleb128 0x1
 911 00b0 13       		.uleb128 0x13
 912 00b1 00       		.byte	0
 913 00b2 00       		.byte	0
 914 00b3 0E       		.uleb128 0xe
 915 00b4 2E       		.uleb128 0x2e
 916 00b5 01       		.byte	0x1
 917 00b6 3F       		.uleb128 0x3f
 918 00b7 19       		.uleb128 0x19
 919 00b8 03       		.uleb128 0x3
 920 00b9 0E       		.uleb128 0xe
 921 00ba 3A       		.uleb128 0x3a
 922 00bb 0B       		.uleb128 0xb
 923 00bc 3B       		.uleb128 0x3b
 924 00bd 0B       		.uleb128 0xb
 925 00be 27       		.uleb128 0x27
 926 00bf 19       		.uleb128 0x19
 927 00c0 49       		.uleb128 0x49
 928 00c1 13       		.uleb128 0x13
 929 00c2 11       		.uleb128 0x11
 930 00c3 01       		.uleb128 0x1
 931 00c4 12       		.uleb128 0x12
 932 00c5 06       		.uleb128 0x6
ARM GAS  C:\Users\DGILLI~1\AppData\Local\Temp\ccvoJVNB.s 			page 20


 933 00c6 40       		.uleb128 0x40
 934 00c7 18       		.uleb128 0x18
 935 00c8 9742     		.uleb128 0x2117
 936 00ca 19       		.uleb128 0x19
 937 00cb 01       		.uleb128 0x1
 938 00cc 13       		.uleb128 0x13
 939 00cd 00       		.byte	0
 940 00ce 00       		.byte	0
 941 00cf 0F       		.uleb128 0xf
 942 00d0 34       		.uleb128 0x34
 943 00d1 00       		.byte	0
 944 00d2 03       		.uleb128 0x3
 945 00d3 0E       		.uleb128 0xe
 946 00d4 3A       		.uleb128 0x3a
 947 00d5 0B       		.uleb128 0xb
 948 00d6 3B       		.uleb128 0x3b
 949 00d7 0B       		.uleb128 0xb
 950 00d8 49       		.uleb128 0x49
 951 00d9 13       		.uleb128 0x13
 952 00da 02       		.uleb128 0x2
 953 00db 18       		.uleb128 0x18
 954 00dc 00       		.byte	0
 955 00dd 00       		.byte	0
 956 00de 10       		.uleb128 0x10
 957 00df 34       		.uleb128 0x34
 958 00e0 00       		.byte	0
 959 00e1 03       		.uleb128 0x3
 960 00e2 0E       		.uleb128 0xe
 961 00e3 3A       		.uleb128 0x3a
 962 00e4 0B       		.uleb128 0xb
 963 00e5 3B       		.uleb128 0x3b
 964 00e6 05       		.uleb128 0x5
 965 00e7 49       		.uleb128 0x49
 966 00e8 13       		.uleb128 0x13
 967 00e9 3F       		.uleb128 0x3f
 968 00ea 19       		.uleb128 0x19
 969 00eb 3C       		.uleb128 0x3c
 970 00ec 19       		.uleb128 0x19
 971 00ed 00       		.byte	0
 972 00ee 00       		.byte	0
 973 00ef 11       		.uleb128 0x11
 974 00f0 35       		.uleb128 0x35
 975 00f1 00       		.byte	0
 976 00f2 49       		.uleb128 0x49
 977 00f3 13       		.uleb128 0x13
 978 00f4 00       		.byte	0
 979 00f5 00       		.byte	0
 980 00f6 12       		.uleb128 0x12
 981 00f7 2E       		.uleb128 0x2e
 982 00f8 00       		.byte	0
 983 00f9 3F       		.uleb128 0x3f
 984 00fa 19       		.uleb128 0x19
 985 00fb 03       		.uleb128 0x3
 986 00fc 0E       		.uleb128 0xe
 987 00fd 3A       		.uleb128 0x3a
 988 00fe 0B       		.uleb128 0xb
 989 00ff 3B       		.uleb128 0x3b
ARM GAS  C:\Users\DGILLI~1\AppData\Local\Temp\ccvoJVNB.s 			page 21


 990 0100 0B       		.uleb128 0xb
 991 0101 27       		.uleb128 0x27
 992 0102 19       		.uleb128 0x19
 993 0103 3C       		.uleb128 0x3c
 994 0104 19       		.uleb128 0x19
 995 0105 00       		.byte	0
 996 0106 00       		.byte	0
 997 0107 13       		.uleb128 0x13
 998 0108 2E       		.uleb128 0x2e
 999 0109 00       		.byte	0
 1000 010a 3F       		.uleb128 0x3f
 1001 010b 19       		.uleb128 0x19
 1002 010c 03       		.uleb128 0x3
 1003 010d 0E       		.uleb128 0xe
 1004 010e 3A       		.uleb128 0x3a
 1005 010f 0B       		.uleb128 0xb
 1006 0110 3B       		.uleb128 0x3b
 1007 0111 0B       		.uleb128 0xb
 1008 0112 27       		.uleb128 0x27
 1009 0113 19       		.uleb128 0x19
 1010 0114 49       		.uleb128 0x49
 1011 0115 13       		.uleb128 0x13
 1012 0116 3C       		.uleb128 0x3c
 1013 0117 19       		.uleb128 0x19
 1014 0118 00       		.byte	0
 1015 0119 00       		.byte	0
 1016 011a 14       		.uleb128 0x14
 1017 011b 2E       		.uleb128 0x2e
 1018 011c 01       		.byte	0x1
 1019 011d 3F       		.uleb128 0x3f
 1020 011e 19       		.uleb128 0x19
 1021 011f 03       		.uleb128 0x3
 1022 0120 0E       		.uleb128 0xe
 1023 0121 3A       		.uleb128 0x3a
 1024 0122 0B       		.uleb128 0xb
 1025 0123 3B       		.uleb128 0x3b
 1026 0124 0B       		.uleb128 0xb
 1027 0125 27       		.uleb128 0x27
 1028 0126 19       		.uleb128 0x19
 1029 0127 3C       		.uleb128 0x3c
 1030 0128 19       		.uleb128 0x19
 1031 0129 01       		.uleb128 0x1
 1032 012a 13       		.uleb128 0x13
 1033 012b 00       		.byte	0
 1034 012c 00       		.byte	0
 1035 012d 15       		.uleb128 0x15
 1036 012e 05       		.uleb128 0x5
 1037 012f 00       		.byte	0
 1038 0130 49       		.uleb128 0x49
 1039 0131 13       		.uleb128 0x13
 1040 0132 00       		.byte	0
 1041 0133 00       		.byte	0
 1042 0134 00       		.byte	0
 1043              		.section	.debug_loc,"",%progbits
 1044              	.Ldebug_loc0:
 1045              	.LLST0:
 1046 0000 00000000 		.4byte	.LVL1
ARM GAS  C:\Users\DGILLI~1\AppData\Local\Temp\ccvoJVNB.s 			page 22


 1047 0004 04000000 		.4byte	.LVL2
 1048 0008 0100     		.2byte	0x1
 1049 000a 50       		.byte	0x50
 1050 000b 04000000 		.4byte	.LVL2
 1051 000f 16000000 		.4byte	.LFE64
 1052 0013 0400     		.2byte	0x4
 1053 0015 F3       		.byte	0xf3
 1054 0016 01       		.uleb128 0x1
 1055 0017 50       		.byte	0x50
 1056 0018 9F       		.byte	0x9f
 1057 0019 00000000 		.4byte	0
 1058 001d 00000000 		.4byte	0
 1059              	.LLST1:
 1060 0021 08000000 		.4byte	.LVL3
 1061 0025 10000000 		.4byte	.LVL4
 1062 0029 0100     		.2byte	0x1
 1063 002b 50       		.byte	0x50
 1064 002c 00000000 		.4byte	0
 1065 0030 00000000 		.4byte	0
 1066              	.LLST2:
 1067 0034 00000000 		.4byte	.LVL6
 1068 0038 06000000 		.4byte	.LVL8
 1069 003c 0100     		.2byte	0x1
 1070 003e 50       		.byte	0x50
 1071 003f 06000000 		.4byte	.LVL8
 1072 0043 14000000 		.4byte	.LFE65
 1073 0047 0400     		.2byte	0x4
 1074 0049 F3       		.byte	0xf3
 1075 004a 01       		.uleb128 0x1
 1076 004b 50       		.byte	0x50
 1077 004c 9F       		.byte	0x9f
 1078 004d 00000000 		.4byte	0
 1079 0051 00000000 		.4byte	0
 1080              	.LLST3:
 1081 0055 04000000 		.4byte	.LVL7
 1082 0059 06000000 		.4byte	.LVL8
 1083 005d 0100     		.2byte	0x1
 1084 005f 50       		.byte	0x50
 1085 0060 06000000 		.4byte	.LVL8
 1086 0064 14000000 		.4byte	.LFE65
 1087 0068 0100     		.2byte	0x1
 1088 006a 54       		.byte	0x54
 1089 006b 00000000 		.4byte	0
 1090 006f 00000000 		.4byte	0
 1091              	.LLST4:
 1092 0073 00000000 		.4byte	.LVL11
 1093 0077 05000000 		.4byte	.LVL12-1
 1094 007b 0100     		.2byte	0x1
 1095 007d 50       		.byte	0x50
 1096 007e 05000000 		.4byte	.LVL12-1
 1097 0082 14000000 		.4byte	.LFE66
 1098 0086 0400     		.2byte	0x4
 1099 0088 F3       		.byte	0xf3
 1100 0089 01       		.uleb128 0x1
 1101 008a 50       		.byte	0x50
 1102 008b 9F       		.byte	0x9f
 1103 008c 00000000 		.4byte	0
ARM GAS  C:\Users\DGILLI~1\AppData\Local\Temp\ccvoJVNB.s 			page 23


 1104 0090 00000000 		.4byte	0
 1105              	.LLST5:
 1106 0094 06000000 		.4byte	.LVL15
 1107 0098 0F000000 		.4byte	.LVL16-1
 1108 009c 0100     		.2byte	0x1
 1109 009e 50       		.byte	0x50
 1110 009f 00000000 		.4byte	0
 1111 00a3 00000000 		.4byte	0
 1112              	.LLST6:
 1113 00a7 06000000 		.4byte	.LVL17
 1114 00ab 0E000000 		.4byte	.LVL18
 1115 00af 0100     		.2byte	0x1
 1116 00b1 50       		.byte	0x50
 1117 00b2 00000000 		.4byte	0
 1118 00b6 00000000 		.4byte	0
 1119              	.LLST7:
 1120 00ba 00000000 		.4byte	.LVL19
 1121 00be 08000000 		.4byte	.LVL21
 1122 00c2 0100     		.2byte	0x1
 1123 00c4 50       		.byte	0x50
 1124 00c5 08000000 		.4byte	.LVL21
 1125 00c9 74000000 		.4byte	.LFE69
 1126 00cd 0400     		.2byte	0x4
 1127 00cf F3       		.byte	0xf3
 1128 00d0 01       		.uleb128 0x1
 1129 00d1 50       		.byte	0x50
 1130 00d2 9F       		.byte	0x9f
 1131 00d3 00000000 		.4byte	0
 1132 00d7 00000000 		.4byte	0
 1133              	.LLST8:
 1134 00db 04000000 		.4byte	.LVL20
 1135 00df 08000000 		.4byte	.LVL21
 1136 00e3 0200     		.2byte	0x2
 1137 00e5 30       		.byte	0x30
 1138 00e6 9F       		.byte	0x9f
 1139 00e7 08000000 		.4byte	.LVL21
 1140 00eb 2C000000 		.4byte	.LVL27
 1141 00ef 0100     		.2byte	0x1
 1142 00f1 55       		.byte	0x55
 1143 00f2 30000000 		.4byte	.LVL28
 1144 00f6 50000000 		.4byte	.LVL34
 1145 00fa 0100     		.2byte	0x1
 1146 00fc 55       		.byte	0x55
 1147 00fd 52000000 		.4byte	.LVL35
 1148 0101 6A000000 		.4byte	.LVL41
 1149 0105 0100     		.2byte	0x1
 1150 0107 55       		.byte	0x55
 1151 0108 6C000000 		.4byte	.LVL42
 1152 010c 74000000 		.4byte	.LFE69
 1153 0110 0100     		.2byte	0x1
 1154 0112 55       		.byte	0x55
 1155 0113 00000000 		.4byte	0
 1156 0117 00000000 		.4byte	0
 1157              	.LLST9:
 1158 011b 04000000 		.4byte	.LVL20
 1159 011f 08000000 		.4byte	.LVL21
 1160 0123 0100     		.2byte	0x1
ARM GAS  C:\Users\DGILLI~1\AppData\Local\Temp\ccvoJVNB.s 			page 24


 1161 0125 50       		.byte	0x50
 1162 0126 08000000 		.4byte	.LVL21
 1163 012a 74000000 		.4byte	.LFE69
 1164 012e 0100     		.2byte	0x1
 1165 0130 57       		.byte	0x57
 1166 0131 00000000 		.4byte	0
 1167 0135 00000000 		.4byte	0
 1168              	.LLST10:
 1169 0139 0C000000 		.4byte	.LVL22
 1170 013d 15000000 		.4byte	.LVL23-1
 1171 0141 0100     		.2byte	0x1
 1172 0143 50       		.byte	0x50
 1173 0144 00000000 		.4byte	0
 1174 0148 00000000 		.4byte	0
 1175              	.LLST11:
 1176 014c 18000000 		.4byte	.LVL24
 1177 0150 22000000 		.4byte	.LVL25
 1178 0154 0100     		.2byte	0x1
 1179 0156 50       		.byte	0x50
 1180 0157 30000000 		.4byte	.LVL28
 1181 015b 3C000000 		.4byte	.LVL29
 1182 015f 0100     		.2byte	0x1
 1183 0161 50       		.byte	0x50
 1184 0162 54000000 		.4byte	.LVL36
 1185 0166 63000000 		.4byte	.LVL39-1
 1186 016a 0100     		.2byte	0x1
 1187 016c 50       		.byte	0x50
 1188 016d 00000000 		.4byte	0
 1189 0171 00000000 		.4byte	0
 1190              	.LLST12:
 1191 0175 04000000 		.4byte	.LVL20
 1192 0179 08000000 		.4byte	.LVL21
 1193 017d 0200     		.2byte	0x2
 1194 017f 30       		.byte	0x30
 1195 0180 9F       		.byte	0x9f
 1196 0181 08000000 		.4byte	.LVL21
 1197 0185 26000000 		.4byte	.LVL26
 1198 0189 0100     		.2byte	0x1
 1199 018b 56       		.byte	0x56
 1200 018c 26000000 		.4byte	.LVL26
 1201 0190 30000000 		.4byte	.LVL28
 1202 0194 0200     		.2byte	0x2
 1203 0196 31       		.byte	0x31
 1204 0197 9F       		.byte	0x9f
 1205 0198 30000000 		.4byte	.LVL28
 1206 019c 58000000 		.4byte	.LVL37
 1207 01a0 0100     		.2byte	0x1
 1208 01a2 56       		.byte	0x56
 1209 01a3 58000000 		.4byte	.LVL37
 1210 01a7 60000000 		.4byte	.LVL38
 1211 01ab 0200     		.2byte	0x2
 1212 01ad 31       		.byte	0x31
 1213 01ae 9F       		.byte	0x9f
 1214 01af 60000000 		.4byte	.LVL38
 1215 01b3 74000000 		.4byte	.LFE69
 1216 01b7 0100     		.2byte	0x1
 1217 01b9 56       		.byte	0x56
ARM GAS  C:\Users\DGILLI~1\AppData\Local\Temp\ccvoJVNB.s 			page 25


 1218 01ba 00000000 		.4byte	0
 1219 01be 00000000 		.4byte	0
 1220              		.section	.debug_aranges,"",%progbits
 1221 0000 4C000000 		.4byte	0x4c
 1222 0004 0200     		.2byte	0x2
 1223 0006 00000000 		.4byte	.Ldebug_info0
 1224 000a 04       		.byte	0x4
 1225 000b 00       		.byte	0
 1226 000c 0000     		.2byte	0
 1227 000e 0000     		.2byte	0
 1228 0010 00000000 		.4byte	.LFB63
 1229 0014 08000000 		.4byte	.LFE63-.LFB63
 1230 0018 00000000 		.4byte	.LFB64
 1231 001c 16000000 		.4byte	.LFE64-.LFB64
 1232 0020 00000000 		.4byte	.LFB65
 1233 0024 14000000 		.4byte	.LFE65-.LFB65
 1234 0028 00000000 		.4byte	.LFB66
 1235 002c 14000000 		.4byte	.LFE66-.LFB66
 1236 0030 00000000 		.4byte	.LFB67
 1237 0034 12000000 		.4byte	.LFE67-.LFB67
 1238 0038 00000000 		.4byte	.LFB68
 1239 003c 14000000 		.4byte	.LFE68-.LFB68
 1240 0040 00000000 		.4byte	.LFB69
 1241 0044 74000000 		.4byte	.LFE69-.LFB69
 1242 0048 00000000 		.4byte	0
 1243 004c 00000000 		.4byte	0
 1244              		.section	.debug_ranges,"",%progbits
 1245              	.Ldebug_ranges0:
 1246 0000 00000000 		.4byte	.LFB63
 1247 0004 08000000 		.4byte	.LFE63
 1248 0008 00000000 		.4byte	.LFB64
 1249 000c 16000000 		.4byte	.LFE64
 1250 0010 00000000 		.4byte	.LFB65
 1251 0014 14000000 		.4byte	.LFE65
 1252 0018 00000000 		.4byte	.LFB66
 1253 001c 14000000 		.4byte	.LFE66
 1254 0020 00000000 		.4byte	.LFB67
 1255 0024 12000000 		.4byte	.LFE67
 1256 0028 00000000 		.4byte	.LFB68
 1257 002c 14000000 		.4byte	.LFE68
 1258 0030 00000000 		.4byte	.LFB69
 1259 0034 74000000 		.4byte	.LFE69
 1260 0038 00000000 		.4byte	0
 1261 003c 00000000 		.4byte	0
 1262              		.section	.debug_line,"",%progbits
 1263              	.Ldebug_line0:
 1264 0000 0C020000 		.section	.debug_str,"MS",%progbits,1
 1264      02005701 
 1264      00000201 
 1264      FB0E0D00 
 1264      01010101 
 1265              	.LASF22:
 1266 0000 74785374 		.ascii	"txStat\000"
 1266      617400
 1267              	.LASF39:
 1268 0007 55415254 		.ascii	"UART_1_Start\000"
 1268      5F315F53 
ARM GAS  C:\Users\DGILLI~1\AppData\Local\Temp\ccvoJVNB.s 			page 26


 1268      74617274 
 1268      00
 1269              	.LASF27:
 1270 0014 67657453 		.ascii	"getSingleChar\000"
 1270      696E676C 
 1270      65436861 
 1270      7200
 1271              	.LASF12:
 1272 0022 666C6F61 		.ascii	"float\000"
 1272      7400
 1273              	.LASF9:
 1274 0028 5F5F696E 		.ascii	"__int32_t\000"
 1274      7433325F 
 1274      7400
 1275              	.LASF31:
 1276 0032 656E644F 		.ascii	"endOfLine\000"
 1276      664C696E 
 1276      6500
 1277              	.LASF3:
 1278 003c 73686F72 		.ascii	"short unsigned int\000"
 1278      7420756E 
 1278      7369676E 
 1278      65642069 
 1278      6E7400
 1279              	.LASF32:
 1280 004f 55415254 		.ascii	"UART_1_ReadTxStatus\000"
 1280      5F315F52 
 1280      65616454 
 1280      78537461 
 1280      74757300 
 1281              	.LASF24:
 1282 0063 77726974 		.ascii	"writeLine\000"
 1282      654C696E 
 1282      6500
 1283              	.LASF36:
 1284 006d 73657269 		.ascii	"serialIO.c\000"
 1284      616C494F 
 1284      2E6300
 1285              	.LASF0:
 1286 0078 7369676E 		.ascii	"signed char\000"
 1286      65642063 
 1286      68617200 
 1287              	.LASF29:
 1288 0084 72656164 		.ascii	"readLine\000"
 1288      4C696E65 
 1288      00
 1289              	.LASF25:
 1290 008d 72785374 		.ascii	"rxStat\000"
 1290      617400
 1291              	.LASF14:
 1292 0094 63686172 		.ascii	"char8\000"
 1292      3800
 1293              	.LASF5:
 1294 009a 6C6F6E67 		.ascii	"long unsigned int\000"
 1294      20756E73 
 1294      69676E65 
 1294      6420696E 
ARM GAS  C:\Users\DGILLI~1\AppData\Local\Temp\ccvoJVNB.s 			page 27


 1294      7400
 1295              	.LASF17:
 1296 00ac 696E6974 		.ascii	"initSerial\000"
 1296      53657269 
 1296      616C00
 1297              	.LASF19:
 1298 00b7 77726974 		.ascii	"writeLineNoLF\000"
 1298      654C696E 
 1298      654E6F4C 
 1298      4600
 1299              	.LASF30:
 1300 00c5 62797465 		.ascii	"byteCount\000"
 1300      436F756E 
 1300      7400
 1301              	.LASF1:
 1302 00cf 756E7369 		.ascii	"unsigned char\000"
 1302      676E6564 
 1302      20636861 
 1302      7200
 1303              	.LASF20:
 1304 00dd 74784368 		.ascii	"txChar\000"
 1304      617200
 1305              	.LASF23:
 1306 00e4 6C696E65 		.ascii	"linePtr\000"
 1306      50747200 
 1307              	.LASF13:
 1308 00ec 646F7562 		.ascii	"double\000"
 1308      6C6500
 1309              	.LASF18:
 1310 00f3 6F757453 		.ascii	"outSingleChar\000"
 1310      696E676C 
 1310      65436861 
 1310      7200
 1311              	.LASF38:
 1312 0101 49544D5F 		.ascii	"ITM_RxBuffer\000"
 1312      52784275 
 1312      66666572 
 1312      00
 1313              	.LASF35:
 1314 010e 474E5520 		.ascii	"GNU C 4.9.3 20150303 (release) [ARM/embedded-4_9-br"
 1314      4320342E 
 1314      392E3320 
 1314      32303135 
 1314      30333033 
 1315 0141 616E6368 		.ascii	"anch revision 221220] -mcpu=cortex-m3 -mthumb -g -O"
 1315      20726576 
 1315      6973696F 
 1315      6E203232 
 1315      31323230 
 1316 0174 67202D66 		.ascii	"g -ffunction-sections -ffat-lto-objects\000"
 1316      66756E63 
 1316      74696F6E 
 1316      2D736563 
 1316      74696F6E 
 1317              	.LASF40:
 1318 019c 55415254 		.ascii	"UART_1_PutChar\000"
 1318      5F315F50 
ARM GAS  C:\Users\DGILLI~1\AppData\Local\Temp\ccvoJVNB.s 			page 28


 1318      75744368 
 1318      617200
 1319              	.LASF8:
 1320 01ab 756E7369 		.ascii	"unsigned int\000"
 1320      676E6564 
 1320      20696E74 
 1320      00
 1321              	.LASF7:
 1322 01b8 6C6F6E67 		.ascii	"long long unsigned int\000"
 1322      206C6F6E 
 1322      6720756E 
 1322      7369676E 
 1322      65642069 
 1323              	.LASF34:
 1324 01cf 55415254 		.ascii	"UART_1_GetChar\000"
 1324      5F315F47 
 1324      65744368 
 1324      617200
 1325              	.LASF10:
 1326 01de 696E7433 		.ascii	"int32_t\000"
 1326      325F7400 
 1327              	.LASF16:
 1328 01e6 73697A65 		.ascii	"sizetype\000"
 1328      74797065 
 1328      00
 1329              	.LASF6:
 1330 01ef 6C6F6E67 		.ascii	"long long int\000"
 1330      206C6F6E 
 1330      6720696E 
 1330      7400
 1331              	.LASF26:
 1332 01fd 72784368 		.ascii	"rxChar\000"
 1332      617200
 1333              	.LASF15:
 1334 0204 63686172 		.ascii	"char\000"
 1334      00
 1335              	.LASF2:
 1336 0209 73686F72 		.ascii	"short int\000"
 1336      7420696E 
 1336      7400
 1337              	.LASF28:
 1338 0213 63686563 		.ascii	"checkReceiveChar\000"
 1338      6B526563 
 1338      65697665 
 1338      43686172 
 1338      00
 1339              	.LASF11:
 1340 0224 75696E74 		.ascii	"uint8\000"
 1340      3800
 1341              	.LASF4:
 1342 022a 6C6F6E67 		.ascii	"long int\000"
 1342      20696E74 
 1342      00
 1343              	.LASF21:
 1344 0233 6C696E65 		.ascii	"lineBuffer\000"
 1344      42756666 
 1344      657200
ARM GAS  C:\Users\DGILLI~1\AppData\Local\Temp\ccvoJVNB.s 			page 29


 1345              	.LASF33:
 1346 023e 55415254 		.ascii	"UART_1_ReadRxStatus\000"
 1346      5F315F52 
 1346      65616452 
 1346      78537461 
 1346      74757300 
 1347              	.LASF37:
 1348 0252 433A5C55 		.ascii	"C:\\Users\\DGilliland\\Documents\\GitHub\\ODAS\\ODA"
 1348      73657273 
 1348      5C444769 
 1348      6C6C696C 
 1348      616E645C 
 1349 027f 532D5053 		.ascii	"S-PSOC5\\Projects\\ODAS-PSOC5-I2CIO8-BlinkLED3.cyds"
 1349      4F43355C 
 1349      50726F6A 
 1349      65637473 
 1349      5C4F4441 
 1350 02b0 6E00     		.ascii	"n\000"
 1351              		.ident	"GCC: (GNU Tools for ARM Embedded Processors) 4.9.3 20150303 (release) [ARM/embedded-4_9-br
