ARM GAS  C:\Users\HPz420\AppData\Local\Temp\ccRqrIDh.s 			page 1


   1              		.syntax unified
   2              		.cpu cortex-m3
   3              		.fpu softvfp
   4              		.eabi_attribute 20, 1
   5              		.eabi_attribute 21, 1
   6              		.eabi_attribute 23, 3
   7              		.eabi_attribute 24, 1
   8              		.eabi_attribute 25, 1
   9              		.eabi_attribute 26, 1
  10              		.eabi_attribute 30, 1
  11              		.eabi_attribute 34, 1
  12              		.eabi_attribute 18, 4
  13              		.thumb
  14              		.syntax unified
  15              		.file	"cymetadata.c"
  16              		.text
  17              	.Ltext0:
  18              		.cfi_sections	.debug_frame
  19              		.global	cy_metadata
  20              		.global	cy_meta_flashprotect
  21              		.global	cy_meta_wonvl
  22              		.global	cy_meta_custnvl
  23              		.global	cy_meta_configecc
  24              		.section	.cyconfigecc,"a",%progbits
  25              		.align	2
  26              		.type	cy_meta_configecc, %object
  27              		.size	cy_meta_configecc, 988
  28              	cy_meta_configecc:
  29 0000 0A       		.byte	10
  30 0001 52       		.byte	82
  31 0002 00       		.byte	0
  32 0003 40       		.byte	64
  33 0004 03       		.byte	3
  34 0005 03       		.byte	3
  35 0006 01       		.byte	1
  36 0007 40       		.byte	64
  37 0008 0D       		.byte	13
  38 0009 05       		.byte	5
  39 000a 01       		.byte	1
  40 000b 40       		.byte	64
  41 000c 39       		.byte	57
  42 000d 06       		.byte	6
  43 000e 01       		.byte	1
  44 000f 40       		.byte	64
  45 0010 2C       		.byte	44
  46 0011 07       		.byte	7
  47 0012 01       		.byte	1
  48 0013 40       		.byte	64
  49 0014 1F       		.byte	31
  50 0015 14       		.byte	20
  51 0016 01       		.byte	1
  52 0017 40       		.byte	64
  53 0018 24       		.byte	36
  54 0019 15       		.byte	21
  55 001a 01       		.byte	1
  56 001b 40       		.byte	64
  57 001c 39       		.byte	57
ARM GAS  C:\Users\HPz420\AppData\Local\Temp\ccRqrIDh.s 			page 2


  58 001d 16       		.byte	22
  59 001e 01       		.byte	1
  60 001f 40       		.byte	64
  61 0020 38       		.byte	56
  62 0021 17       		.byte	23
  63 0022 01       		.byte	1
  64 0023 40       		.byte	64
  65 0024 01       		.byte	1
  66 0025 1B       		.byte	27
  67 0026 01       		.byte	1
  68 0027 40       		.byte	64
  69 0028 0B       		.byte	11
  70 0029 40       		.byte	64
  71 002a 01       		.byte	1
  72 002b 40       		.byte	64
  73 002c 14       		.byte	20
  74 002d 41       		.byte	65
  75 002e 01       		.byte	1
  76 002f 40       		.byte	64
  77 0030 12       		.byte	18
  78 0031 42       		.byte	66
  79 0032 01       		.byte	1
  80 0033 40       		.byte	64
  81 0034 0B       		.byte	11
  82 0035 43       		.byte	67
  83 0036 01       		.byte	1
  84 0037 40       		.byte	64
  85 0038 19       		.byte	25
  86 0039 48       		.byte	72
  87 003a 01       		.byte	1
  88 003b 40       		.byte	64
  89 003c 1E       		.byte	30
  90 003d 49       		.byte	73
  91 003e 01       		.byte	1
  92 003f 40       		.byte	64
  93 0040 04       		.byte	4
  94 0041 4D       		.byte	77
  95 0042 01       		.byte	1
  96 0043 40       		.byte	64
  97 0044 02       		.byte	2
  98 0045 50       		.byte	80
  99 0046 01       		.byte	1
 100 0047 40       		.byte	64
 101 0048 00       		.byte	0
 102 0049 33       		.byte	51
 103 004a 01       		.byte	1
 104 004b 66       		.byte	102
 105 004c 18       		.byte	24
 106 004d 5C       		.byte	92
 107 004e 19       		.byte	25
 108 004f 96       		.byte	-106
 109 0050 20       		.byte	32
 110 0051 C6       		.byte	-58
 111 0052 21       		.byte	33
 112 0053 65       		.byte	101
 113 0054 28       		.byte	40
 114 0055 10       		.byte	16
ARM GAS  C:\Users\HPz420\AppData\Local\Temp\ccRqrIDh.s 			page 3


 115 0056 60       		.byte	96
 116 0057 0A       		.byte	10
 117 0058 61       		.byte	97
 118 0059 0C       		.byte	12
 119 005a 78       		.byte	120
 120 005b 08       		.byte	8
 121 005c 84       		.byte	-124
 122 005d 10       		.byte	16
 123 005e 97       		.byte	-105
 124 005f 08       		.byte	8
 125 0060 AF       		.byte	-81
 126 0061 04       		.byte	4
 127 0062 82       		.byte	-126
 128 0063 10       		.byte	16
 129 0064 83       		.byte	-125
 130 0065 08       		.byte	8
 131 0066 87       		.byte	-121
 132 0067 04       		.byte	4
 133 0068 89       		.byte	-119
 134 0069 01       		.byte	1
 135 006a 8A       		.byte	-118
 136 006b 10       		.byte	16
 137 006c 8F       		.byte	-113
 138 006d 01       		.byte	1
 139 006e 97       		.byte	-105
 140 006f 08       		.byte	8
 141 0070 A4       		.byte	-92
 142 0071 10       		.byte	16
 143 0072 A7       		.byte	-89
 144 0073 10       		.byte	16
 145 0074 B7       		.byte	-73
 146 0075 10       		.byte	16
 147 0076 E2       		.byte	-30
 148 0077 A0       		.byte	-96
 149 0078 E6       		.byte	-26
 150 0079 10       		.byte	16
 151 007a EA       		.byte	-22
 152 007b 10       		.byte	16
 153 007c 00       		.byte	0
 154 007d 02       		.byte	2
 155 007e 02       		.byte	2
 156 007f 05       		.byte	5
 157 0080 05       		.byte	5
 158 0081 03       		.byte	3
 159 0082 07       		.byte	7
 160 0083 0C       		.byte	12
 161 0084 08       		.byte	8
 162 0085 02       		.byte	2
 163 0086 09       		.byte	9
 164 0087 01       		.byte	1
 165 0088 0A       		.byte	10
 166 0089 05       		.byte	5
 167 008a 0B       		.byte	11
 168 008b 0E       		.byte	14
 169 008c 11       		.byte	17
 170 008d 0F       		.byte	15
 171 008e 15       		.byte	21
ARM GAS  C:\Users\HPz420\AppData\Local\Temp\ccRqrIDh.s 			page 4


 172 008f 0C       		.byte	12
 173 0090 17       		.byte	23
 174 0091 03       		.byte	3
 175 0092 18       		.byte	24
 176 0093 04       		.byte	4
 177 0094 1A       		.byte	26
 178 0095 03       		.byte	3
 179 0096 24       		.byte	36
 180 0097 02       		.byte	2
 181 0098 26       		.byte	38
 182 0099 05       		.byte	5
 183 009a 28       		.byte	40
 184 009b 01       		.byte	1
 185 009c 29       		.byte	41
 186 009d 08       		.byte	8
 187 009e 2A       		.byte	42
 188 009f 06       		.byte	6
 189 00a0 2B       		.byte	43
 190 00a1 07       		.byte	7
 191 00a2 30       		.byte	48
 192 00a3 01       		.byte	1
 193 00a4 31       		.byte	49
 194 00a5 04       		.byte	4
 195 00a6 32       		.byte	50
 196 00a7 04       		.byte	4
 197 00a8 33       		.byte	51
 198 00a9 02       		.byte	2
 199 00aa 35       		.byte	53
 200 00ab 01       		.byte	1
 201 00ac 36       		.byte	54
 202 00ad 02       		.byte	2
 203 00ae 37       		.byte	55
 204 00af 08       		.byte	8
 205 00b0 3E       		.byte	62
 206 00b1 45       		.byte	69
 207 00b2 3F       		.byte	63
 208 00b3 55       		.byte	85
 209 00b4 58       		.byte	88
 210 00b5 04       		.byte	4
 211 00b6 59       		.byte	89
 212 00b7 04       		.byte	4
 213 00b8 5F       		.byte	95
 214 00b9 01       		.byte	1
 215 00ba 88       		.byte	-120
 216 00bb 02       		.byte	2
 217 00bc 89       		.byte	-119
 218 00bd 05       		.byte	5
 219 00be 8A       		.byte	-118
 220 00bf 05       		.byte	5
 221 00c0 8B       		.byte	-117
 222 00c1 0A       		.byte	10
 223 00c2 93       		.byte	-109
 224 00c3 0F       		.byte	15
 225 00c4 98       		.byte	-104
 226 00c5 07       		.byte	7
 227 00c6 99       		.byte	-103
 228 00c7 0F       		.byte	15
ARM GAS  C:\Users\HPz420\AppData\Local\Temp\ccRqrIDh.s 			page 5


 229 00c8 A0       		.byte	-96
 230 00c9 07       		.byte	7
 231 00ca A4       		.byte	-92
 232 00cb 07       		.byte	7
 233 00cc A5       		.byte	-91
 234 00cd 03       		.byte	3
 235 00ce A7       		.byte	-89
 236 00cf 0C       		.byte	12
 237 00d0 A8       		.byte	-88
 238 00d1 01       		.byte	1
 239 00d2 A9       		.byte	-87
 240 00d3 0F       		.byte	15
 241 00d4 AA       		.byte	-86
 242 00d5 06       		.byte	6
 243 00d6 B0       		.byte	-80
 244 00d7 02       		.byte	2
 245 00d8 B1       		.byte	-79
 246 00d9 02       		.byte	2
 247 00da B2       		.byte	-78
 248 00db 04       		.byte	4
 249 00dc B3       		.byte	-77
 250 00dd 01       		.byte	1
 251 00de B4       		.byte	-76
 252 00df 01       		.byte	1
 253 00e0 B5       		.byte	-75
 254 00e1 08       		.byte	8
 255 00e2 B7       		.byte	-73
 256 00e3 04       		.byte	4
 257 00e4 BE       		.byte	-66
 258 00e5 15       		.byte	21
 259 00e6 BF       		.byte	-65
 260 00e7 55       		.byte	85
 261 00e8 D8       		.byte	-40
 262 00e9 04       		.byte	4
 263 00ea D9       		.byte	-39
 264 00eb 04       		.byte	4
 265 00ec DF       		.byte	-33
 266 00ed 01       		.byte	1
 267 00ee 00       		.byte	0
 268 00ef 10       		.byte	16
 269 00f0 04       		.byte	4
 270 00f1 10       		.byte	16
 271 00f2 05       		.byte	5
 272 00f3 01       		.byte	1
 273 00f4 09       		.byte	9
 274 00f5 20       		.byte	32
 275 00f6 0A       		.byte	10
 276 00f7 04       		.byte	4
 277 00f8 0D       		.byte	13
 278 00f9 20       		.byte	32
 279 00fa 10       		.byte	16
 280 00fb 04       		.byte	4
 281 00fc 12       		.byte	18
 282 00fd 40       		.byte	64
 283 00fe 13       		.byte	19
 284 00ff 08       		.byte	8
 285 0100 14       		.byte	20
ARM GAS  C:\Users\HPz420\AppData\Local\Temp\ccRqrIDh.s 			page 6


 286 0101 04       		.byte	4
 287 0102 17       		.byte	23
 288 0103 08       		.byte	8
 289 0104 1A       		.byte	26
 290 0105 40       		.byte	64
 291 0106 1B       		.byte	27
 292 0107 18       		.byte	24
 293 0108 1D       		.byte	29
 294 0109 02       		.byte	2
 295 010a 1F       		.byte	31
 296 010b 44       		.byte	68
 297 010c 20       		.byte	32
 298 010d 20       		.byte	32
 299 010e 21       		.byte	33
 300 010f 01       		.byte	1
 301 0110 23       		.byte	35
 302 0111 05       		.byte	5
 303 0112 26       		.byte	38
 304 0113 12       		.byte	18
 305 0114 27       		.byte	39
 306 0115 21       		.byte	33
 307 0116 28       		.byte	40
 308 0117 04       		.byte	4
 309 0118 29       		.byte	41
 310 0119 04       		.byte	4
 311 011a 2C       		.byte	44
 312 011b 04       		.byte	4
 313 011c 31       		.byte	49
 314 011d 21       		.byte	33
 315 011e 35       		.byte	53
 316 011f 05       		.byte	5
 317 0120 37       		.byte	55
 318 0121 08       		.byte	8
 319 0122 38       		.byte	56
 320 0123 10       		.byte	16
 321 0124 3C       		.byte	60
 322 0125 10       		.byte	16
 323 0126 3E       		.byte	62
 324 0127 04       		.byte	4
 325 0128 87       		.byte	-121
 326 0129 41       		.byte	65
 327 012a 8E       		.byte	-114
 328 012b 40       		.byte	64
 329 012c 95       		.byte	-107
 330 012d 02       		.byte	2
 331 012e 96       		.byte	-106
 332 012f 10       		.byte	16
 333 0130 97       		.byte	-105
 334 0131 0D       		.byte	13
 335 0132 A4       		.byte	-92
 336 0133 10       		.byte	16
 337 0134 A6       		.byte	-90
 338 0135 10       		.byte	16
 339 0136 A7       		.byte	-89
 340 0137 18       		.byte	24
 341 0138 C0       		.byte	-64
 342 0139 52       		.byte	82
ARM GAS  C:\Users\HPz420\AppData\Local\Temp\ccRqrIDh.s 			page 7


 343 013a C2       		.byte	-62
 344 013b 42       		.byte	66
 345 013c C4       		.byte	-60
 346 013d 6E       		.byte	110
 347 013e CA       		.byte	-54
 348 013f 26       		.byte	38
 349 0140 CC       		.byte	-52
 350 0141 C5       		.byte	-59
 351 0142 CE       		.byte	-50
 352 0143 64       		.byte	100
 353 0144 E6       		.byte	-26
 354 0145 40       		.byte	64
 355 0146 82       		.byte	-126
 356 0147 05       		.byte	5
 357 0148 91       		.byte	-111
 358 0149 08       		.byte	8
 359 014a 93       		.byte	-109
 360 014b 10       		.byte	16
 361 014c 95       		.byte	-107
 362 014d 11       		.byte	17
 363 014e 96       		.byte	-106
 364 014f 4E       		.byte	78
 365 0150 97       		.byte	-105
 366 0151 0A       		.byte	10
 367 0152 99       		.byte	-103
 368 0153 06       		.byte	6
 369 0154 9A       		.byte	-102
 370 0155 16       		.byte	22
 371 0156 9B       		.byte	-101
 372 0157 19       		.byte	25
 373 0158 9C       		.byte	-100
 374 0159 2A       		.byte	42
 375 015a 9E       		.byte	-98
 376 015b 51       		.byte	81
 377 015c A1       		.byte	-95
 378 015d 07       		.byte	7
 379 015e A6       		.byte	-90
 380 015f 2E       		.byte	46
 381 0160 A7       		.byte	-89
 382 0161 18       		.byte	24
 383 0162 A8       		.byte	-88
 384 0163 04       		.byte	4
 385 0164 AA       		.byte	-86
 386 0165 2A       		.byte	42
 387 0166 AB       		.byte	-85
 388 0167 18       		.byte	24
 389 0168 B0       		.byte	-80
 390 0169 03       		.byte	3
 391 016a B1       		.byte	-79
 392 016b 10       		.byte	16
 393 016c B2       		.byte	-78
 394 016d 60       		.byte	96
 395 016e B3       		.byte	-77
 396 016f 04       		.byte	4
 397 0170 B4       		.byte	-76
 398 0171 18       		.byte	24
 399 0172 B5       		.byte	-75
ARM GAS  C:\Users\HPz420\AppData\Local\Temp\ccRqrIDh.s 			page 8


 400 0173 03       		.byte	3
 401 0174 B6       		.byte	-74
 402 0175 04       		.byte	4
 403 0176 B7       		.byte	-73
 404 0177 08       		.byte	8
 405 0178 BA       		.byte	-70
 406 0179 2A       		.byte	42
 407 017a BE       		.byte	-66
 408 017b 40       		.byte	64
 409 017c BF       		.byte	-65
 410 017d 41       		.byte	65
 411 017e D8       		.byte	-40
 412 017f 04       		.byte	4
 413 0180 D9       		.byte	-39
 414 0181 04       		.byte	4
 415 0182 DF       		.byte	-33
 416 0183 01       		.byte	1
 417 0184 05       		.byte	5
 418 0185 01       		.byte	1
 419 0186 0E       		.byte	14
 420 0187 2A       		.byte	42
 421 0188 17       		.byte	23
 422 0189 28       		.byte	40
 423 018a 1D       		.byte	29
 424 018b 01       		.byte	1
 425 018c 1E       		.byte	30
 426 018d 2A       		.byte	42
 427 018e 1F       		.byte	31
 428 018f 68       		.byte	104
 429 0190 24       		.byte	36
 430 0191 90       		.byte	-112
 431 0192 26       		.byte	38
 432 0193 80       		.byte	-128
 433 0194 27       		.byte	39
 434 0195 28       		.byte	40
 435 0196 2F       		.byte	47
 436 0197 68       		.byte	104
 437 0198 35       		.byte	53
 438 0199 01       		.byte	1
 439 019a 37       		.byte	55
 440 019b 28       		.byte	40
 441 019c 80       		.byte	-128
 442 019d 40       		.byte	64
 443 019e 84       		.byte	-124
 444 019f 01       		.byte	1
 445 01a0 8A       		.byte	-118
 446 01a1 02       		.byte	2
 447 01a2 8E       		.byte	-114
 448 01a3 81       		.byte	-127
 449 01a4 94       		.byte	-108
 450 01a5 10       		.byte	16
 451 01a6 9D       		.byte	-99
 452 01a7 01       		.byte	1
 453 01a8 9F       		.byte	-97
 454 01a9 08       		.byte	8
 455 01aa A0       		.byte	-96
 456 01ab 01       		.byte	1
ARM GAS  C:\Users\HPz420\AppData\Local\Temp\ccRqrIDh.s 			page 9


 457 01ac A2       		.byte	-94
 458 01ad 02       		.byte	2
 459 01ae A6       		.byte	-90
 460 01af 14       		.byte	20
 461 01b0 A8       		.byte	-88
 462 01b1 40       		.byte	64
 463 01b2 AB       		.byte	-85
 464 01b3 40       		.byte	64
 465 01b4 B1       		.byte	-79
 466 01b5 40       		.byte	64
 467 01b6 B2       		.byte	-78
 468 01b7 04       		.byte	4
 469 01b8 B5       		.byte	-75
 470 01b9 10       		.byte	16
 471 01ba C0       		.byte	-64
 472 01bb 10       		.byte	16
 473 01bc C2       		.byte	-62
 474 01bd E0       		.byte	-32
 475 01be C4       		.byte	-60
 476 01bf 60       		.byte	96
 477 01c0 CA       		.byte	-54
 478 01c1 E0       		.byte	-32
 479 01c2 CC       		.byte	-52
 480 01c3 E0       		.byte	-32
 481 01c4 E2       		.byte	-30
 482 01c5 10       		.byte	16
 483 01c6 E6       		.byte	-26
 484 01c7 20       		.byte	32
 485 01c8 EA       		.byte	-22
 486 01c9 C0       		.byte	-64
 487 01ca EE       		.byte	-18
 488 01cb 20       		.byte	32
 489 01cc 00       		.byte	0
 490 01cd 0E       		.byte	14
 491 01ce 02       		.byte	2
 492 01cf 01       		.byte	1
 493 01d0 07       		.byte	7
 494 01d1 03       		.byte	3
 495 01d2 08       		.byte	8
 496 01d3 03       		.byte	3
 497 01d4 09       		.byte	9
 498 01d5 03       		.byte	3
 499 01d6 0A       		.byte	10
 500 01d7 0C       		.byte	12
 501 01d8 11       		.byte	17
 502 01d9 03       		.byte	3
 503 01da 14       		.byte	20
 504 01db 0E       		.byte	14
 505 01dc 16       		.byte	22
 506 01dd 01       		.byte	1
 507 01de 17       		.byte	23
 508 01df 03       		.byte	3
 509 01e0 18       		.byte	24
 510 01e1 06       		.byte	6
 511 01e2 19       		.byte	25
 512 01e3 01       		.byte	1
 513 01e4 1A       		.byte	26
ARM GAS  C:\Users\HPz420\AppData\Local\Temp\ccRqrIDh.s 			page 10


 514 01e5 09       		.byte	9
 515 01e6 1B       		.byte	27
 516 01e7 02       		.byte	2
 517 01e8 24       		.byte	36
 518 01e9 03       		.byte	3
 519 01ea 26       		.byte	38
 520 01eb 0C       		.byte	12
 521 01ec 30       		.byte	48
 522 01ed 02       		.byte	2
 523 01ee 31       		.byte	49
 524 01ef 02       		.byte	2
 525 01f0 32       		.byte	50
 526 01f1 04       		.byte	4
 527 01f2 34       		.byte	52
 528 01f3 01       		.byte	1
 529 01f4 36       		.byte	54
 530 01f5 08       		.byte	8
 531 01f6 37       		.byte	55
 532 01f7 01       		.byte	1
 533 01f8 3E       		.byte	62
 534 01f9 55       		.byte	85
 535 01fa 3F       		.byte	63
 536 01fb 41       		.byte	65
 537 01fc 58       		.byte	88
 538 01fd 04       		.byte	4
 539 01fe 59       		.byte	89
 540 01ff 04       		.byte	4
 541 0200 5F       		.byte	95
 542 0201 01       		.byte	1
 543 0202 87       		.byte	-121
 544 0203 0F       		.byte	15
 545 0204 88       		.byte	-120
 546 0205 0B       		.byte	11
 547 0206 89       		.byte	-119
 548 0207 0B       		.byte	11
 549 0208 8A       		.byte	-118
 550 0209 04       		.byte	4
 551 020a 8B       		.byte	-117
 552 020b 04       		.byte	4
 553 020c 91       		.byte	-111
 554 020d 01       		.byte	1
 555 020e 93       		.byte	-109
 556 020f 0E       		.byte	14
 557 0210 95       		.byte	-107
 558 0211 0F       		.byte	15
 559 0212 98       		.byte	-104
 560 0213 0F       		.byte	15
 561 0214 99       		.byte	-103
 562 0215 07       		.byte	7
 563 0216 9B       		.byte	-101
 564 0217 08       		.byte	8
 565 0218 A0       		.byte	-96
 566 0219 01       		.byte	1
 567 021a A2       		.byte	-94
 568 021b 0E       		.byte	14
 569 021c A4       		.byte	-92
 570 021d 06       		.byte	6
ARM GAS  C:\Users\HPz420\AppData\Local\Temp\ccRqrIDh.s 			page 11


 571 021e A6       		.byte	-90
 572 021f 09       		.byte	9
 573 0220 A8       		.byte	-88
 574 0221 01       		.byte	1
 575 0222 AA       		.byte	-86
 576 0223 0E       		.byte	14
 577 0224 B0       		.byte	-80
 578 0225 01       		.byte	1
 579 0226 B1       		.byte	-79
 580 0227 08       		.byte	8
 581 0228 B2       		.byte	-78
 582 0229 08       		.byte	8
 583 022a B3       		.byte	-77
 584 022b 04       		.byte	4
 585 022c B4       		.byte	-76
 586 022d 02       		.byte	2
 587 022e B5       		.byte	-75
 588 022f 02       		.byte	2
 589 0230 B6       		.byte	-74
 590 0231 04       		.byte	4
 591 0232 B7       		.byte	-73
 592 0233 01       		.byte	1
 593 0234 BE       		.byte	-66
 594 0235 55       		.byte	85
 595 0236 BF       		.byte	-65
 596 0237 55       		.byte	85
 597 0238 D8       		.byte	-40
 598 0239 04       		.byte	4
 599 023a D9       		.byte	-39
 600 023b 04       		.byte	4
 601 023c DF       		.byte	-33
 602 023d 01       		.byte	1
 603 023e 00       		.byte	0
 604 023f 10       		.byte	16
 605 0240 04       		.byte	4
 606 0241 10       		.byte	16
 607 0242 05       		.byte	5
 608 0243 01       		.byte	1
 609 0244 06       		.byte	6
 610 0245 40       		.byte	64
 611 0246 09       		.byte	9
 612 0247 20       		.byte	32
 613 0248 0C       		.byte	12
 614 0249 04       		.byte	4
 615 024a 0D       		.byte	13
 616 024b 20       		.byte	32
 617 024c 0E       		.byte	14
 618 024d 28       		.byte	40
 619 024e 0F       		.byte	15
 620 024f 04       		.byte	4
 621 0250 10       		.byte	16
 622 0251 14       		.byte	20
 623 0252 12       		.byte	18
 624 0253 40       		.byte	64
 625 0254 13       		.byte	19
 626 0255 08       		.byte	8
 627 0256 17       		.byte	23
ARM GAS  C:\Users\HPz420\AppData\Local\Temp\ccRqrIDh.s 			page 12


 628 0257 08       		.byte	8
 629 0258 18       		.byte	24
 630 0259 80       		.byte	-128
 631 025a 1A       		.byte	26
 632 025b 10       		.byte	16
 633 025c 1B       		.byte	27
 634 025d 60       		.byte	96
 635 025e 1C       		.byte	28
 636 025f 02       		.byte	2
 637 0260 1D       		.byte	29
 638 0261 10       		.byte	16
 639 0262 1E       		.byte	30
 640 0263 80       		.byte	-128
 641 0264 1F       		.byte	31
 642 0265 04       		.byte	4
 643 0266 20       		.byte	32
 644 0267 04       		.byte	4
 645 0268 22       		.byte	34
 646 0269 84       		.byte	-124
 647 026a 23       		.byte	35
 648 026b 40       		.byte	64
 649 026c 25       		.byte	37
 650 026d 40       		.byte	64
 651 026e 26       		.byte	38
 652 026f 02       		.byte	2
 653 0270 30       		.byte	48
 654 0271 14       		.byte	20
 655 0272 31       		.byte	49
 656 0273 01       		.byte	1
 657 0274 35       		.byte	53
 658 0275 01       		.byte	1
 659 0276 36       		.byte	54
 660 0277 10       		.byte	16
 661 0278 37       		.byte	55
 662 0279 08       		.byte	8
 663 027a 38       		.byte	56
 664 027b 10       		.byte	16
 665 027c 3B       		.byte	59
 666 027d 04       		.byte	4
 667 027e 3C       		.byte	60
 668 027f 10       		.byte	16
 669 0280 3F       		.byte	63
 670 0281 04       		.byte	4
 671 0282 80       		.byte	-128
 672 0283 04       		.byte	4
 673 0284 82       		.byte	-126
 674 0285 80       		.byte	-128
 675 0286 87       		.byte	-121
 676 0287 60       		.byte	96
 677 0288 8A       		.byte	-118
 678 0289 40       		.byte	64
 679 028a 8B       		.byte	-117
 680 028b 04       		.byte	4
 681 028c 94       		.byte	-108
 682 028d 10       		.byte	16
 683 028e 96       		.byte	-106
 684 028f 10       		.byte	16
ARM GAS  C:\Users\HPz420\AppData\Local\Temp\ccRqrIDh.s 			page 13


 685 0290 9C       		.byte	-100
 686 0291 04       		.byte	4
 687 0292 9D       		.byte	-99
 688 0293 01       		.byte	1
 689 0294 9E       		.byte	-98
 690 0295 40       		.byte	64
 691 0296 9F       		.byte	-97
 692 0297 08       		.byte	8
 693 0298 A5       		.byte	-91
 694 0299 20       		.byte	32
 695 029a AA       		.byte	-86
 696 029b 02       		.byte	2
 697 029c B3       		.byte	-77
 698 029d 20       		.byte	32
 699 029e B5       		.byte	-75
 700 029f 02       		.byte	2
 701 02a0 C0       		.byte	-64
 702 02a1 52       		.byte	82
 703 02a2 C2       		.byte	-62
 704 02a3 62       		.byte	98
 705 02a4 C4       		.byte	-60
 706 02a5 2E       		.byte	46
 707 02a6 CC       		.byte	-52
 708 02a7 E7       		.byte	-25
 709 02a8 CE       		.byte	-50
 710 02a9 66       		.byte	102
 711 02aa E2       		.byte	-30
 712 02ab A0       		.byte	-96
 713 02ac EE       		.byte	-18
 714 02ad 30       		.byte	48
 715 02ae E0       		.byte	-32
 716 02af 40       		.byte	64
 717 02b0 51       		.byte	81
 718 02b1 40       		.byte	64
 719 02b2 56       		.byte	86
 720 02b3 10       		.byte	16
 721 02b4 58       		.byte	88
 722 02b5 40       		.byte	64
 723 02b6 5D       		.byte	93
 724 02b7 04       		.byte	4
 725 02b8 5E       		.byte	94
 726 02b9 10       		.byte	16
 727 02ba 60       		.byte	96
 728 02bb 10       		.byte	16
 729 02bc 61       		.byte	97
 730 02bd 80       		.byte	-128
 731 02be 64       		.byte	100
 732 02bf 04       		.byte	4
 733 02c0 D4       		.byte	-44
 734 02c1 E0       		.byte	-32
 735 02c2 D6       		.byte	-42
 736 02c3 E0       		.byte	-32
 737 02c4 D8       		.byte	-40
 738 02c5 C0       		.byte	-64
 739 02c6 50       		.byte	80
 740 02c7 04       		.byte	4
 741 02c8 54       		.byte	84
ARM GAS  C:\Users\HPz420\AppData\Local\Temp\ccRqrIDh.s 			page 14


 742 02c9 08       		.byte	8
 743 02ca 5A       		.byte	90
 744 02cb 40       		.byte	64
 745 02cc 5D       		.byte	93
 746 02cd 18       		.byte	24
 747 02ce 61       		.byte	97
 748 02cf 02       		.byte	2
 749 02d0 62       		.byte	98
 750 02d1 80       		.byte	-128
 751 02d2 66       		.byte	102
 752 02d3 20       		.byte	32
 753 02d4 84       		.byte	-124
 754 02d5 04       		.byte	4
 755 02d6 94       		.byte	-108
 756 02d7 10       		.byte	16
 757 02d8 95       		.byte	-107
 758 02d9 84       		.byte	-124
 759 02da 96       		.byte	-106
 760 02db 10       		.byte	16
 761 02dc 9C       		.byte	-100
 762 02dd 04       		.byte	4
 763 02de 9E       		.byte	-98
 764 02df 10       		.byte	16
 765 02e0 A5       		.byte	-91
 766 02e1 80       		.byte	-128
 767 02e2 AC       		.byte	-84
 768 02e3 40       		.byte	64
 769 02e4 D4       		.byte	-44
 770 02e5 E0       		.byte	-32
 771 02e6 D6       		.byte	-42
 772 02e7 E0       		.byte	-32
 773 02e8 D8       		.byte	-40
 774 02e9 C0       		.byte	-64
 775 02ea E2       		.byte	-30
 776 02eb 10       		.byte	16
 777 02ec EE       		.byte	-18
 778 02ed 10       		.byte	16
 779 02ee 50       		.byte	80
 780 02ef 10       		.byte	16
 781 02f0 57       		.byte	87
 782 02f1 04       		.byte	4
 783 02f2 80       		.byte	-128
 784 02f3 0C       		.byte	12
 785 02f4 85       		.byte	-123
 786 02f5 02       		.byte	2
 787 02f6 89       		.byte	-119
 788 02f7 90       		.byte	-112
 789 02f8 8E       		.byte	-114
 790 02f9 10       		.byte	16
 791 02fa 94       		.byte	-108
 792 02fb 08       		.byte	8
 793 02fc 95       		.byte	-107
 794 02fd 94       		.byte	-108
 795 02fe 96       		.byte	-106
 796 02ff 50       		.byte	80
 797 0300 9D       		.byte	-99
 798 0301 08       		.byte	8
ARM GAS  C:\Users\HPz420\AppData\Local\Temp\ccRqrIDh.s 			page 15


 799 0302 9E       		.byte	-98
 800 0303 30       		.byte	48
 801 0304 A4       		.byte	-92
 802 0305 08       		.byte	8
 803 0306 A5       		.byte	-91
 804 0307 82       		.byte	-126
 805 0308 A6       		.byte	-90
 806 0309 80       		.byte	-128
 807 030a B4       		.byte	-76
 808 030b 10       		.byte	16
 809 030c D4       		.byte	-44
 810 030d 60       		.byte	96
 811 030e E2       		.byte	-30
 812 030f C0       		.byte	-64
 813 0310 E6       		.byte	-26
 814 0311 80       		.byte	-128
 815 0312 84       		.byte	-124
 816 0313 04       		.byte	4
 817 0314 85       		.byte	-123
 818 0315 08       		.byte	8
 819 0316 8E       		.byte	-114
 820 0317 20       		.byte	32
 821 0318 94       		.byte	-108
 822 0319 20       		.byte	32
 823 031a 95       		.byte	-107
 824 031b 84       		.byte	-124
 825 031c 96       		.byte	-106
 826 031d 40       		.byte	64
 827 031e 9D       		.byte	-99
 828 031f 08       		.byte	8
 829 0320 9E       		.byte	-98
 830 0321 30       		.byte	48
 831 0322 A6       		.byte	-90
 832 0323 80       		.byte	-128
 833 0324 A7       		.byte	-89
 834 0325 04       		.byte	4
 835 0326 E2       		.byte	-30
 836 0327 50       		.byte	80
 837 0328 53       		.byte	83
 838 0329 80       		.byte	-128
 839 032a 55       		.byte	85
 840 032b 08       		.byte	8
 841 032c 80       		.byte	-128
 842 032d 10       		.byte	16
 843 032e 83       		.byte	-125
 844 032f 04       		.byte	4
 845 0330 84       		.byte	-124
 846 0331 80       		.byte	-128
 847 0332 85       		.byte	-123
 848 0333 08       		.byte	8
 849 0334 89       		.byte	-119
 850 0335 04       		.byte	4
 851 0336 8A       		.byte	-118
 852 0337 80       		.byte	-128
 853 0338 90       		.byte	-112
 854 0339 01       		.byte	1
 855 033a 94       		.byte	-108
ARM GAS  C:\Users\HPz420\AppData\Local\Temp\ccRqrIDh.s 			page 16


 856 033b 20       		.byte	32
 857 033c 95       		.byte	-107
 858 033d 84       		.byte	-124
 859 033e 96       		.byte	-106
 860 033f 40       		.byte	64
 861 0340 98       		.byte	-104
 862 0341 04       		.byte	4
 863 0342 9A       		.byte	-102
 864 0343 04       		.byte	4
 865 0344 9D       		.byte	-99
 866 0345 08       		.byte	8
 867 0346 A1       		.byte	-95
 868 0347 08       		.byte	8
 869 0348 A6       		.byte	-90
 870 0349 80       		.byte	-128
 871 034a A7       		.byte	-89
 872 034b 04       		.byte	4
 873 034c AA       		.byte	-86
 874 034d 04       		.byte	4
 875 034e B2       		.byte	-78
 876 034f 10       		.byte	16
 877 0350 B4       		.byte	-76
 878 0351 01       		.byte	1
 879 0352 D4       		.byte	-44
 880 0353 60       		.byte	96
 881 0354 E2       		.byte	-30
 882 0355 20       		.byte	32
 883 0356 E6       		.byte	-26
 884 0357 70       		.byte	112
 885 0358 EA       		.byte	-22
 886 0359 80       		.byte	-128
 887 035a 50       		.byte	80
 888 035b 04       		.byte	4
 889 035c 56       		.byte	86
 890 035d 04       		.byte	4
 891 035e 58       		.byte	88
 892 035f 04       		.byte	4
 893 0360 5B       		.byte	91
 894 0361 20       		.byte	32
 895 0362 5C       		.byte	92
 896 0363 01       		.byte	1
 897 0364 5E       		.byte	94
 898 0365 10       		.byte	16
 899 0366 60       		.byte	96
 900 0367 08       		.byte	8
 901 0368 66       		.byte	102
 902 0369 02       		.byte	2
 903 036a 76       		.byte	118
 904 036b 80       		.byte	-128
 905 036c 78       		.byte	120
 906 036d 80       		.byte	-128
 907 036e 82       		.byte	-126
 908 036f 10       		.byte	16
 909 0370 84       		.byte	-124
 910 0371 08       		.byte	8
 911 0372 8B       		.byte	-117
 912 0373 20       		.byte	32
ARM GAS  C:\Users\HPz420\AppData\Local\Temp\ccRqrIDh.s 			page 17


 913 0374 8C       		.byte	-116
 914 0375 04       		.byte	4
 915 0376 90       		.byte	-112
 916 0377 01       		.byte	1
 917 0378 98       		.byte	-104
 918 0379 84       		.byte	-124
 919 037a 9A       		.byte	-102
 920 037b 86       		.byte	-122
 921 037c A9       		.byte	-87
 922 037d 40       		.byte	64
 923 037e AA       		.byte	-86
 924 037f 40       		.byte	64
 925 0380 B2       		.byte	-78
 926 0381 80       		.byte	-128
 927 0382 B3       		.byte	-77
 928 0383 80       		.byte	-128
 929 0384 B6       		.byte	-74
 930 0385 02       		.byte	2
 931 0386 D4       		.byte	-44
 932 0387 E0       		.byte	-32
 933 0388 D6       		.byte	-42
 934 0389 E0       		.byte	-32
 935 038a D8       		.byte	-40
 936 038b C0       		.byte	-64
 937 038c DC       		.byte	-36
 938 038d 80       		.byte	-128
 939 038e DE       		.byte	-34
 940 038f 20       		.byte	32
 941 0390 E2       		.byte	-30
 942 0391 80       		.byte	-128
 943 0392 E6       		.byte	-26
 944 0393 10       		.byte	16
 945 0394 EA       		.byte	-22
 946 0395 A0       		.byte	-96
 947 0396 67       		.byte	103
 948 0397 02       		.byte	2
 949 0398 8F       		.byte	-113
 950 0399 01       		.byte	1
 951 039a D6       		.byte	-42
 952 039b 01       		.byte	1
 953 039c E0       		.byte	-32
 954 039d 02       		.byte	2
 955 039e 10       		.byte	16
 956 039f 01       		.byte	1
 957 03a0 1A       		.byte	26
 958 03a1 01       		.byte	1
 959 03a2 00       		.byte	0
 960 03a3 00       		.byte	0
 961 03a4 00       		.byte	0
 962 03a5 FF       		.byte	-1
 963 03a6 FF       		.byte	-1
 964 03a7 00       		.byte	0
 965 03a8 FF       		.byte	-1
 966 03a9 00       		.byte	0
 967 03aa 00       		.byte	0
 968 03ab 00       		.byte	0
 969 03ac 00       		.byte	0
ARM GAS  C:\Users\HPz420\AppData\Local\Temp\ccRqrIDh.s 			page 18


 970 03ad 0F       		.byte	15
 971 03ae 0F       		.byte	15
 972 03af 00       		.byte	0
 973 03b0 0F       		.byte	15
 974 03b1 00       		.byte	0
 975 03b2 00       		.byte	0
 976 03b3 00       		.byte	0
 977 03b4 00       		.byte	0
 978 03b5 0C       		.byte	12
 979 03b6 0C       		.byte	12
 980 03b7 00       		.byte	0
 981 03b8 0C       		.byte	12
 982 03b9 00       		.byte	0
 983 03ba 00       		.byte	0
 984 03bb 00       		.byte	0
 985 03bc 00       		.byte	0
 986 03bd 0B       		.byte	11
 987 03be 0B       		.byte	11
 988 03bf 00       		.byte	0
 989 03c0 00       		.byte	0
 990 03c1 00       		.byte	0
 991 03c2 00       		.byte	0
 992 03c3 00       		.byte	0
 993 03c4 00       		.byte	0
 994 03c5 FF       		.byte	-1
 995 03c6 FF       		.byte	-1
 996 03c7 FF       		.byte	-1
 997 03c8 FF       		.byte	-1
 998 03c9 00       		.byte	0
 999 03ca 00       		.byte	0
 1000 03cb 00       		.byte	0
 1001 03cc 00       		.byte	0
 1002 03cd FF       		.byte	-1
 1003 03ce FF       		.byte	-1
 1004 03cf 00       		.byte	0
 1005 03d0 FF       		.byte	-1
 1006 03d1 00       		.byte	0
 1007 03d2 00       		.byte	0
 1008 03d3 00       		.byte	0
 1009 03d4 00       		.byte	0
 1010 03d5 10       		.byte	16
 1011 03d6 10       		.byte	16
 1012 03d7 00       		.byte	0
 1013 03d8 10       		.byte	16
 1014 03d9 00       		.byte	0
 1015 03da 00       		.byte	0
 1016 03db 00       		.byte	0
 1017              		.section	.cywolatch,"a",%progbits
 1018              		.align	2
 1019              		.type	cy_meta_wonvl, %object
 1020              		.size	cy_meta_wonvl, 4
 1021              	cy_meta_wonvl:
 1022 0000 BC       		.byte	-68
 1023 0001 90       		.byte	-112
 1024 0002 AC       		.byte	-84
 1025 0003 AF       		.byte	-81
 1026              		.section	.cycustnvl,"a",%progbits
ARM GAS  C:\Users\HPz420\AppData\Local\Temp\ccRqrIDh.s 			page 19


 1027              		.align	2
 1028              		.type	cy_meta_custnvl, %object
 1029              		.size	cy_meta_custnvl, 4
 1030              	cy_meta_custnvl:
 1031 0000 00       		.byte	0
 1032 0001 00       		.byte	0
 1033 0002 40       		.byte	64
 1034 0003 05       		.byte	5
 1035              		.section	.cymeta,"a",%progbits
 1036              		.align	2
 1037              		.type	cy_metadata, %object
 1038              		.size	cy_metadata, 12
 1039              	cy_metadata:
 1040 0000 00       		.byte	0
 1041 0001 01       		.byte	1
 1042 0002 2E       		.byte	46
 1043 0003 13       		.byte	19
 1044 0004 30       		.byte	48
 1045 0005 69       		.byte	105
 1046 0006 00       		.byte	0
 1047 0007 01       		.byte	1
 1048 0008 00       		.byte	0
 1049 0009 00       		.byte	0
 1050 000a 00       		.byte	0
 1051 000b 00       		.byte	0
 1052              		.section	.cyflashprotect,"a",%progbits
 1053              		.align	2
 1054              		.type	cy_meta_flashprotect, %object
 1055              		.size	cy_meta_flashprotect, 128
 1056              	cy_meta_flashprotect:
 1057 0000 00000000 		.space	128
 1057      00000000 
 1057      00000000 
 1057      00000000 
 1057      00000000 
 1058              		.text
 1059              	.Letext0:
 1060              		.file 1 "c:\\program files (x86)\\cypress\\psoc creator\\4.4\\psoc creator\\import\\gnu\\arm\\5.4.
 1061              		.file 2 "c:\\program files (x86)\\cypress\\psoc creator\\4.4\\psoc creator\\import\\gnu\\arm\\5.4.
 1062              		.file 3 "Generated_Source\\PSoC5\\cymetadata.c"
 1063              		.section	.debug_info,"",%progbits
 1064              	.Ldebug_info0:
 1065 0000 31010000 		.4byte	0x131
 1066 0004 0400     		.2byte	0x4
 1067 0006 00000000 		.4byte	.Ldebug_abbrev0
 1068 000a 04       		.byte	0x4
 1069 000b 01       		.uleb128 0x1
 1070 000c 24000000 		.4byte	.LASF17
 1071 0010 0C       		.byte	0xc
 1072 0011 DD010000 		.4byte	.LASF18
 1073 0015 5F010000 		.4byte	.LASF19
 1074 0019 00000000 		.4byte	.Ldebug_line0
 1075 001d 02       		.uleb128 0x2
 1076 001e 01       		.byte	0x1
 1077 001f 06       		.byte	0x6
 1078 0020 D1010000 		.4byte	.LASF0
 1079 0024 03       		.uleb128 0x3
ARM GAS  C:\Users\HPz420\AppData\Local\Temp\ccRqrIDh.s 			page 20


 1080 0025 00000000 		.4byte	.LASF9
 1081 0029 01       		.byte	0x1
 1082 002a 1D       		.byte	0x1d
 1083 002b 2F000000 		.4byte	0x2f
 1084 002f 02       		.uleb128 0x2
 1085 0030 01       		.byte	0x1
 1086 0031 08       		.byte	0x8
 1087 0032 16000000 		.4byte	.LASF1
 1088 0036 02       		.uleb128 0x2
 1089 0037 02       		.byte	0x2
 1090 0038 05       		.byte	0x5
 1091 0039 BE010000 		.4byte	.LASF2
 1092 003d 02       		.uleb128 0x2
 1093 003e 02       		.byte	0x2
 1094 003f 07       		.byte	0x7
 1095 0040 C4000000 		.4byte	.LASF3
 1096 0044 02       		.uleb128 0x2
 1097 0045 04       		.byte	0x4
 1098 0046 05       		.byte	0x5
 1099 0047 C8010000 		.4byte	.LASF4
 1100 004b 02       		.uleb128 0x2
 1101 004c 04       		.byte	0x4
 1102 004d 07       		.byte	0x7
 1103 004e B2000000 		.4byte	.LASF5
 1104 0052 02       		.uleb128 0x2
 1105 0053 08       		.byte	0x8
 1106 0054 05       		.byte	0x5
 1107 0055 51010000 		.4byte	.LASF6
 1108 0059 02       		.uleb128 0x2
 1109 005a 08       		.byte	0x8
 1110 005b 07       		.byte	0x7
 1111 005c 06010000 		.4byte	.LASF7
 1112 0060 04       		.uleb128 0x4
 1113 0061 04       		.byte	0x4
 1114 0062 05       		.byte	0x5
 1115 0063 696E7400 		.ascii	"int\000"
 1116 0067 02       		.uleb128 0x2
 1117 0068 04       		.byte	0x4
 1118 0069 07       		.byte	0x7
 1119 006a F9000000 		.4byte	.LASF8
 1120 006e 03       		.uleb128 0x3
 1121 006f 1D010000 		.4byte	.LASF10
 1122 0073 02       		.byte	0x2
 1123 0074 18       		.byte	0x18
 1124 0075 24000000 		.4byte	0x24
 1125 0079 05       		.uleb128 0x5
 1126 007a 91000000 		.4byte	0x91
 1127 007e 8A000000 		.4byte	0x8a
 1128 0082 06       		.uleb128 0x6
 1129 0083 8A000000 		.4byte	0x8a
 1130 0087 DB03     		.2byte	0x3db
 1131 0089 00       		.byte	0
 1132 008a 02       		.uleb128 0x2
 1133 008b 04       		.byte	0x4
 1134 008c 07       		.byte	0x7
 1135 008d 48010000 		.4byte	.LASF11
 1136 0091 07       		.uleb128 0x7
ARM GAS  C:\Users\HPz420\AppData\Local\Temp\ccRqrIDh.s 			page 21


 1137 0092 6E000000 		.4byte	0x6e
 1138 0096 08       		.uleb128 0x8
 1139 0097 E7000000 		.4byte	.LASF12
 1140 009b 03       		.byte	0x3
 1141 009c 1F       		.byte	0x1f
 1142 009d A7000000 		.4byte	0xa7
 1143 00a1 05       		.uleb128 0x5
 1144 00a2 03       		.byte	0x3
 1145 00a3 00000000 		.4byte	cy_meta_configecc
 1146 00a7 07       		.uleb128 0x7
 1147 00a8 79000000 		.4byte	0x79
 1148 00ac 05       		.uleb128 0x5
 1149 00ad 91000000 		.4byte	0x91
 1150 00b1 BC000000 		.4byte	0xbc
 1151 00b5 09       		.uleb128 0x9
 1152 00b6 8A000000 		.4byte	0x8a
 1153 00ba 03       		.byte	0x3
 1154 00bb 00       		.byte	0
 1155 00bc 08       		.uleb128 0x8
 1156 00bd D7000000 		.4byte	.LASF13
 1157 00c1 03       		.byte	0x3
 1158 00c2 A8       		.byte	0xa8
 1159 00c3 CD000000 		.4byte	0xcd
 1160 00c7 05       		.uleb128 0x5
 1161 00c8 03       		.byte	0x3
 1162 00c9 00000000 		.4byte	cy_meta_custnvl
 1163 00cd 07       		.uleb128 0x7
 1164 00ce AC000000 		.4byte	0xac
 1165 00d2 08       		.uleb128 0x8
 1166 00d3 3A010000 		.4byte	.LASF14
 1167 00d7 03       		.byte	0x3
 1168 00d8 B6       		.byte	0xb6
 1169 00d9 E3000000 		.4byte	0xe3
 1170 00dd 05       		.uleb128 0x5
 1171 00de 03       		.byte	0x3
 1172 00df 00000000 		.4byte	cy_meta_wonvl
 1173 00e3 07       		.uleb128 0x7
 1174 00e4 AC000000 		.4byte	0xac
 1175 00e8 05       		.uleb128 0x5
 1176 00e9 91000000 		.4byte	0x91
 1177 00ed F8000000 		.4byte	0xf8
 1178 00f1 09       		.uleb128 0x9
 1179 00f2 8A000000 		.4byte	0x8a
 1180 00f6 7F       		.byte	0x7f
 1181 00f7 00       		.byte	0
 1182 00f8 08       		.uleb128 0x8
 1183 00f9 25010000 		.4byte	.LASF15
 1184 00fd 03       		.byte	0x3
 1185 00fe C4       		.byte	0xc4
 1186 00ff 09010000 		.4byte	0x109
 1187 0103 05       		.uleb128 0x5
 1188 0104 03       		.byte	0x3
 1189 0105 00000000 		.4byte	cy_meta_flashprotect
 1190 0109 07       		.uleb128 0x7
 1191 010a E8000000 		.4byte	0xe8
 1192 010e 05       		.uleb128 0x5
 1193 010f 91000000 		.4byte	0x91
ARM GAS  C:\Users\HPz420\AppData\Local\Temp\ccRqrIDh.s 			page 22


 1194 0113 1E010000 		.4byte	0x11e
 1195 0117 09       		.uleb128 0x9
 1196 0118 8A000000 		.4byte	0x8a
 1197 011c 0B       		.byte	0xb
 1198 011d 00       		.byte	0
 1199 011e 08       		.uleb128 0x8
 1200 011f 0A000000 		.4byte	.LASF16
 1201 0123 03       		.byte	0x3
 1202 0124 E1       		.byte	0xe1
 1203 0125 2F010000 		.4byte	0x12f
 1204 0129 05       		.uleb128 0x5
 1205 012a 03       		.byte	0x3
 1206 012b 00000000 		.4byte	cy_metadata
 1207 012f 07       		.uleb128 0x7
 1208 0130 0E010000 		.4byte	0x10e
 1209 0134 00       		.byte	0
 1210              		.section	.debug_abbrev,"",%progbits
 1211              	.Ldebug_abbrev0:
 1212 0000 01       		.uleb128 0x1
 1213 0001 11       		.uleb128 0x11
 1214 0002 01       		.byte	0x1
 1215 0003 25       		.uleb128 0x25
 1216 0004 0E       		.uleb128 0xe
 1217 0005 13       		.uleb128 0x13
 1218 0006 0B       		.uleb128 0xb
 1219 0007 03       		.uleb128 0x3
 1220 0008 0E       		.uleb128 0xe
 1221 0009 1B       		.uleb128 0x1b
 1222 000a 0E       		.uleb128 0xe
 1223 000b 10       		.uleb128 0x10
 1224 000c 17       		.uleb128 0x17
 1225 000d 00       		.byte	0
 1226 000e 00       		.byte	0
 1227 000f 02       		.uleb128 0x2
 1228 0010 24       		.uleb128 0x24
 1229 0011 00       		.byte	0
 1230 0012 0B       		.uleb128 0xb
 1231 0013 0B       		.uleb128 0xb
 1232 0014 3E       		.uleb128 0x3e
 1233 0015 0B       		.uleb128 0xb
 1234 0016 03       		.uleb128 0x3
 1235 0017 0E       		.uleb128 0xe
 1236 0018 00       		.byte	0
 1237 0019 00       		.byte	0
 1238 001a 03       		.uleb128 0x3
 1239 001b 16       		.uleb128 0x16
 1240 001c 00       		.byte	0
 1241 001d 03       		.uleb128 0x3
 1242 001e 0E       		.uleb128 0xe
 1243 001f 3A       		.uleb128 0x3a
 1244 0020 0B       		.uleb128 0xb
 1245 0021 3B       		.uleb128 0x3b
 1246 0022 0B       		.uleb128 0xb
 1247 0023 49       		.uleb128 0x49
 1248 0024 13       		.uleb128 0x13
 1249 0025 00       		.byte	0
 1250 0026 00       		.byte	0
ARM GAS  C:\Users\HPz420\AppData\Local\Temp\ccRqrIDh.s 			page 23


 1251 0027 04       		.uleb128 0x4
 1252 0028 24       		.uleb128 0x24
 1253 0029 00       		.byte	0
 1254 002a 0B       		.uleb128 0xb
 1255 002b 0B       		.uleb128 0xb
 1256 002c 3E       		.uleb128 0x3e
 1257 002d 0B       		.uleb128 0xb
 1258 002e 03       		.uleb128 0x3
 1259 002f 08       		.uleb128 0x8
 1260 0030 00       		.byte	0
 1261 0031 00       		.byte	0
 1262 0032 05       		.uleb128 0x5
 1263 0033 01       		.uleb128 0x1
 1264 0034 01       		.byte	0x1
 1265 0035 49       		.uleb128 0x49
 1266 0036 13       		.uleb128 0x13
 1267 0037 01       		.uleb128 0x1
 1268 0038 13       		.uleb128 0x13
 1269 0039 00       		.byte	0
 1270 003a 00       		.byte	0
 1271 003b 06       		.uleb128 0x6
 1272 003c 21       		.uleb128 0x21
 1273 003d 00       		.byte	0
 1274 003e 49       		.uleb128 0x49
 1275 003f 13       		.uleb128 0x13
 1276 0040 2F       		.uleb128 0x2f
 1277 0041 05       		.uleb128 0x5
 1278 0042 00       		.byte	0
 1279 0043 00       		.byte	0
 1280 0044 07       		.uleb128 0x7
 1281 0045 26       		.uleb128 0x26
 1282 0046 00       		.byte	0
 1283 0047 49       		.uleb128 0x49
 1284 0048 13       		.uleb128 0x13
 1285 0049 00       		.byte	0
 1286 004a 00       		.byte	0
 1287 004b 08       		.uleb128 0x8
 1288 004c 34       		.uleb128 0x34
 1289 004d 00       		.byte	0
 1290 004e 03       		.uleb128 0x3
 1291 004f 0E       		.uleb128 0xe
 1292 0050 3A       		.uleb128 0x3a
 1293 0051 0B       		.uleb128 0xb
 1294 0052 3B       		.uleb128 0x3b
 1295 0053 0B       		.uleb128 0xb
 1296 0054 49       		.uleb128 0x49
 1297 0055 13       		.uleb128 0x13
 1298 0056 3F       		.uleb128 0x3f
 1299 0057 19       		.uleb128 0x19
 1300 0058 02       		.uleb128 0x2
 1301 0059 18       		.uleb128 0x18
 1302 005a 00       		.byte	0
 1303 005b 00       		.byte	0
 1304 005c 09       		.uleb128 0x9
 1305 005d 21       		.uleb128 0x21
 1306 005e 00       		.byte	0
 1307 005f 49       		.uleb128 0x49
ARM GAS  C:\Users\HPz420\AppData\Local\Temp\ccRqrIDh.s 			page 24


 1308 0060 13       		.uleb128 0x13
 1309 0061 2F       		.uleb128 0x2f
 1310 0062 0B       		.uleb128 0xb
 1311 0063 00       		.byte	0
 1312 0064 00       		.byte	0
 1313 0065 00       		.byte	0
 1314              		.section	.debug_aranges,"",%progbits
 1315 0000 14000000 		.4byte	0x14
 1316 0004 0200     		.2byte	0x2
 1317 0006 00000000 		.4byte	.Ldebug_info0
 1318 000a 04       		.byte	0x4
 1319 000b 00       		.byte	0
 1320 000c 0000     		.2byte	0
 1321 000e 0000     		.2byte	0
 1322 0010 00000000 		.4byte	0
 1323 0014 00000000 		.4byte	0
 1324              		.section	.debug_line,"",%progbits
 1325              	.Ldebug_line0:
 1326 0000 3D010000 		.section	.debug_str,"MS",%progbits,1
 1326      02003701 
 1326      00000201 
 1326      FB0E0D00 
 1326      01010101 
 1327              	.LASF9:
 1328 0000 5F5F7569 		.ascii	"__uint8_t\000"
 1328      6E74385F 
 1328      7400
 1329              	.LASF16:
 1330 000a 63795F6D 		.ascii	"cy_metadata\000"
 1330      65746164 
 1330      61746100 
 1331              	.LASF1:
 1332 0016 756E7369 		.ascii	"unsigned char\000"
 1332      676E6564 
 1332      20636861 
 1332      7200
 1333              	.LASF17:
 1334 0024 474E5520 		.ascii	"GNU C11 5.4.1 20160609 (release) [ARM/embedded-5-br"
 1334      43313120 
 1334      352E342E 
 1334      31203230 
 1334      31363036 
 1335 0057 616E6368 		.ascii	"anch revision 237715] -mcpu=cortex-m3 -mthumb -g -O"
 1335      20726576 
 1335      6973696F 
 1335      6E203233 
 1335      37373135 
 1336 008a 67202D66 		.ascii	"g -ffunction-sections -ffat-lto-objects\000"
 1336      66756E63 
 1336      74696F6E 
 1336      2D736563 
 1336      74696F6E 
 1337              	.LASF5:
 1338 00b2 6C6F6E67 		.ascii	"long unsigned int\000"
 1338      20756E73 
 1338      69676E65 
 1338      6420696E 
ARM GAS  C:\Users\HPz420\AppData\Local\Temp\ccRqrIDh.s 			page 25


 1338      7400
 1339              	.LASF3:
 1340 00c4 73686F72 		.ascii	"short unsigned int\000"
 1340      7420756E 
 1340      7369676E 
 1340      65642069 
 1340      6E7400
 1341              	.LASF13:
 1342 00d7 63795F6D 		.ascii	"cy_meta_custnvl\000"
 1342      6574615F 
 1342      63757374 
 1342      6E766C00 
 1343              	.LASF12:
 1344 00e7 63795F6D 		.ascii	"cy_meta_configecc\000"
 1344      6574615F 
 1344      636F6E66 
 1344      69676563 
 1344      6300
 1345              	.LASF8:
 1346 00f9 756E7369 		.ascii	"unsigned int\000"
 1346      676E6564 
 1346      20696E74 
 1346      00
 1347              	.LASF7:
 1348 0106 6C6F6E67 		.ascii	"long long unsigned int\000"
 1348      206C6F6E 
 1348      6720756E 
 1348      7369676E 
 1348      65642069 
 1349              	.LASF10:
 1350 011d 75696E74 		.ascii	"uint8_t\000"
 1350      385F7400 
 1351              	.LASF15:
 1352 0125 63795F6D 		.ascii	"cy_meta_flashprotect\000"
 1352      6574615F 
 1352      666C6173 
 1352      6870726F 
 1352      74656374 
 1353              	.LASF14:
 1354 013a 63795F6D 		.ascii	"cy_meta_wonvl\000"
 1354      6574615F 
 1354      776F6E76 
 1354      6C00
 1355              	.LASF11:
 1356 0148 73697A65 		.ascii	"sizetype\000"
 1356      74797065 
 1356      00
 1357              	.LASF6:
 1358 0151 6C6F6E67 		.ascii	"long long int\000"
 1358      206C6F6E 
 1358      6720696E 
 1358      7400
 1359              	.LASF19:
 1360 015f 433A5C55 		.ascii	"C:\\Users\\HPz420\\Documents\\GitHub\\land-boards\\"
 1360      73657273 
 1360      5C48507A 
 1360      3432305C 
ARM GAS  C:\Users\HPz420\AppData\Local\Temp\ccRqrIDh.s 			page 26


 1360      446F6375 
 1361 018c 4F444153 		.ascii	"ODAS\\ODAS-PSOC5\\Projects\\ODAS-PSOC5-LEDS-01.cyds"
 1361      5C4F4441 
 1361      532D5053 
 1361      4F43355C 
 1361      50726F6A 
 1362 01bc 6E00     		.ascii	"n\000"
 1363              	.LASF2:
 1364 01be 73686F72 		.ascii	"short int\000"
 1364      7420696E 
 1364      7400
 1365              	.LASF4:
 1366 01c8 6C6F6E67 		.ascii	"long int\000"
 1366      20696E74 
 1366      00
 1367              	.LASF0:
 1368 01d1 7369676E 		.ascii	"signed char\000"
 1368      65642063 
 1368      68617200 
 1369              	.LASF18:
 1370 01dd 47656E65 		.ascii	"Generated_Source\\PSoC5\\cymetadata.c\000"
 1370      72617465 
 1370      645F536F 
 1370      75726365 
 1370      5C50536F 
 1371              		.ident	"GCC: (GNU Tools for ARM Embedded Processors) 5.4.1 20160609 (release) [ARM/embedded-5-bran
