ARM GAS  C:\Users\HPz420\AppData\Local\Temp\ccyEjl1a.s 			page 1


   1              		.syntax unified
   2              		.cpu cortex-m3
   3              		.fpu softvfp
   4              		.eabi_attribute 20, 1
   5              		.eabi_attribute 21, 1
   6              		.eabi_attribute 23, 3
   7              		.eabi_attribute 24, 1
   8              		.eabi_attribute 25, 1
   9              		.eabi_attribute 26, 1
  10              		.eabi_attribute 30, 1
  11              		.eabi_attribute 34, 1
  12              		.eabi_attribute 18, 4
  13              		.thumb
  14              		.syntax unified
  15              		.file	"main.c"
  16              		.text
  17              	.Ltext0:
  18              		.cfi_sections	.debug_frame
  19              		.section	.text.main,"ax",%progbits
  20              		.align	2
  21              		.global	main
  22              		.thumb
  23              		.thumb_func
  24              		.type	main, %function
  25              	main:
  26              	.LFB63:
  27              		.file 1 "main.c"
   1:main.c        **** /* ========================================
   2:main.c        ****  *
   3:main.c        ****  * Copyright YOUR COMPANY, THE YEAR
   4:main.c        ****  * All Rights Reserved
   5:main.c        ****  * UNPUBLISHED, LICENSED SOFTWARE.
   6:main.c        ****  *
   7:main.c        ****  * CONFIDENTIAL AND PROPRIETARY INFORMATION
   8:main.c        ****  * WHICH IS THE PROPERTY OF your company.
   9:main.c        ****  *
  10:main.c        ****  * ========================================
  11:main.c        **** */
  12:main.c        **** 
  13:main.c        **** #include "project.h"
  14:main.c        **** 
  15:main.c        **** ////////////////////////////////////////////////////////////////
  16:main.c        **** ////////////////////////////////////////////////////////////////
  17:main.c        **** 
  18:main.c        **** int main(void)
  19:main.c        **** {
  28              		.loc 1 19 0
  29              		.cfi_startproc
  30              		@ Volatile: function does not return.
  31              		@ args = 0, pretend = 0, frame = 0
  32              		@ frame_needed = 0, uses_anonymous_args = 0
  33              		@ link register save eliminated.
  34              	.L2:
  35 0000 FEE7     		b	.L2
  36              		.cfi_endproc
  37              	.LFE63:
  38              		.size	main, .-main
ARM GAS  C:\Users\HPz420\AppData\Local\Temp\ccyEjl1a.s 			page 2


  39 0002 00BF     		.text
  40              	.Letext0:
  41              		.file 2 "c:\\program files (x86)\\cypress\\psoc creator\\4.4\\psoc creator\\import\\gnu\\arm\\5.4.
  42              		.file 3 "c:\\program files (x86)\\cypress\\psoc creator\\4.4\\psoc creator\\import\\gnu\\arm\\5.4.
  43              		.file 4 "Generated_Source\\PSoC5/core_cm3.h"
  44              		.section	.debug_info,"",%progbits
  45              	.Ldebug_info0:
  46 0000 C7000000 		.4byte	0xc7
  47 0004 0400     		.2byte	0x4
  48 0006 00000000 		.4byte	.Ldebug_abbrev0
  49 000a 04       		.byte	0x4
  50 000b 01       		.uleb128 0x1
  51 000c 3A000000 		.4byte	.LASF16
  52 0010 0C       		.byte	0xc
  53 0011 2E000000 		.4byte	.LASF17
  54 0015 0D010000 		.4byte	.LASF18
  55 0019 00000000 		.4byte	.Ldebug_ranges0+0
  56 001d 00000000 		.4byte	0
  57 0021 00000000 		.4byte	.Ldebug_line0
  58 0025 02       		.uleb128 0x2
  59 0026 01       		.byte	0x1
  60 0027 06       		.byte	0x6
  61 0028 80010000 		.4byte	.LASF0
  62 002c 02       		.uleb128 0x2
  63 002d 01       		.byte	0x1
  64 002e 08       		.byte	0x8
  65 002f F1000000 		.4byte	.LASF1
  66 0033 02       		.uleb128 0x2
  67 0034 02       		.byte	0x2
  68 0035 05       		.byte	0x5
  69 0036 A8010000 		.4byte	.LASF2
  70 003a 02       		.uleb128 0x2
  71 003b 02       		.byte	0x2
  72 003c 07       		.byte	0x7
  73 003d 0E000000 		.4byte	.LASF3
  74 0041 03       		.uleb128 0x3
  75 0042 98010000 		.4byte	.LASF9
  76 0046 02       		.byte	0x2
  77 0047 3F       		.byte	0x3f
  78 0048 4C000000 		.4byte	0x4c
  79 004c 02       		.uleb128 0x2
  80 004d 04       		.byte	0x4
  81 004e 05       		.byte	0x5
  82 004f 04010000 		.4byte	.LASF4
  83 0053 02       		.uleb128 0x2
  84 0054 04       		.byte	0x4
  85 0055 07       		.byte	0x7
  86 0056 C8000000 		.4byte	.LASF5
  87 005a 02       		.uleb128 0x2
  88 005b 08       		.byte	0x8
  89 005c 05       		.byte	0x5
  90 005d 00000000 		.4byte	.LASF6
  91 0061 02       		.uleb128 0x2
  92 0062 08       		.byte	0x8
  93 0063 07       		.byte	0x7
  94 0064 DA000000 		.4byte	.LASF7
  95 0068 04       		.uleb128 0x4
ARM GAS  C:\Users\HPz420\AppData\Local\Temp\ccyEjl1a.s 			page 3


  96 0069 04       		.byte	0x4
  97 006a 05       		.byte	0x5
  98 006b 696E7400 		.ascii	"int\000"
  99 006f 02       		.uleb128 0x2
 100 0070 04       		.byte	0x4
 101 0071 07       		.byte	0x7
 102 0072 21000000 		.4byte	.LASF8
 103 0076 03       		.uleb128 0x3
 104 0077 B2010000 		.4byte	.LASF10
 105 007b 03       		.byte	0x3
 106 007c 2C       		.byte	0x2c
 107 007d 41000000 		.4byte	0x41
 108 0081 02       		.uleb128 0x2
 109 0082 04       		.byte	0x4
 110 0083 04       		.byte	0x4
 111 0084 A2010000 		.4byte	.LASF11
 112 0088 02       		.uleb128 0x2
 113 0089 08       		.byte	0x8
 114 008a 04       		.byte	0x4
 115 008b 6C010000 		.4byte	.LASF12
 116 008f 02       		.uleb128 0x2
 117 0090 01       		.byte	0x1
 118 0091 08       		.byte	0x8
 119 0092 FF000000 		.4byte	.LASF13
 120 0096 02       		.uleb128 0x2
 121 0097 08       		.byte	0x8
 122 0098 04       		.byte	0x4
 123 0099 8C010000 		.4byte	.LASF14
 124 009d 02       		.uleb128 0x2
 125 009e 04       		.byte	0x4
 126 009f 07       		.byte	0x7
 127 00a0 BA010000 		.4byte	.LASF15
 128 00a4 05       		.uleb128 0x5
 129 00a5 35000000 		.4byte	.LASF19
 130 00a9 01       		.byte	0x1
 131 00aa 12       		.byte	0x12
 132 00ab 68000000 		.4byte	0x68
 133 00af 00000000 		.4byte	.LFB63
 134 00b3 02000000 		.4byte	.LFE63-.LFB63
 135 00b7 01       		.uleb128 0x1
 136 00b8 9C       		.byte	0x9c
 137 00b9 06       		.uleb128 0x6
 138 00ba 73010000 		.4byte	.LASF20
 139 00be 04       		.byte	0x4
 140 00bf 9606     		.2byte	0x696
 141 00c1 C5000000 		.4byte	0xc5
 142 00c5 07       		.uleb128 0x7
 143 00c6 76000000 		.4byte	0x76
 144 00ca 00       		.byte	0
 145              		.section	.debug_abbrev,"",%progbits
 146              	.Ldebug_abbrev0:
 147 0000 01       		.uleb128 0x1
 148 0001 11       		.uleb128 0x11
 149 0002 01       		.byte	0x1
 150 0003 25       		.uleb128 0x25
 151 0004 0E       		.uleb128 0xe
 152 0005 13       		.uleb128 0x13
ARM GAS  C:\Users\HPz420\AppData\Local\Temp\ccyEjl1a.s 			page 4


 153 0006 0B       		.uleb128 0xb
 154 0007 03       		.uleb128 0x3
 155 0008 0E       		.uleb128 0xe
 156 0009 1B       		.uleb128 0x1b
 157 000a 0E       		.uleb128 0xe
 158 000b 55       		.uleb128 0x55
 159 000c 17       		.uleb128 0x17
 160 000d 11       		.uleb128 0x11
 161 000e 01       		.uleb128 0x1
 162 000f 10       		.uleb128 0x10
 163 0010 17       		.uleb128 0x17
 164 0011 00       		.byte	0
 165 0012 00       		.byte	0
 166 0013 02       		.uleb128 0x2
 167 0014 24       		.uleb128 0x24
 168 0015 00       		.byte	0
 169 0016 0B       		.uleb128 0xb
 170 0017 0B       		.uleb128 0xb
 171 0018 3E       		.uleb128 0x3e
 172 0019 0B       		.uleb128 0xb
 173 001a 03       		.uleb128 0x3
 174 001b 0E       		.uleb128 0xe
 175 001c 00       		.byte	0
 176 001d 00       		.byte	0
 177 001e 03       		.uleb128 0x3
 178 001f 16       		.uleb128 0x16
 179 0020 00       		.byte	0
 180 0021 03       		.uleb128 0x3
 181 0022 0E       		.uleb128 0xe
 182 0023 3A       		.uleb128 0x3a
 183 0024 0B       		.uleb128 0xb
 184 0025 3B       		.uleb128 0x3b
 185 0026 0B       		.uleb128 0xb
 186 0027 49       		.uleb128 0x49
 187 0028 13       		.uleb128 0x13
 188 0029 00       		.byte	0
 189 002a 00       		.byte	0
 190 002b 04       		.uleb128 0x4
 191 002c 24       		.uleb128 0x24
 192 002d 00       		.byte	0
 193 002e 0B       		.uleb128 0xb
 194 002f 0B       		.uleb128 0xb
 195 0030 3E       		.uleb128 0x3e
 196 0031 0B       		.uleb128 0xb
 197 0032 03       		.uleb128 0x3
 198 0033 08       		.uleb128 0x8
 199 0034 00       		.byte	0
 200 0035 00       		.byte	0
 201 0036 05       		.uleb128 0x5
 202 0037 2E       		.uleb128 0x2e
 203 0038 00       		.byte	0
 204 0039 3F       		.uleb128 0x3f
 205 003a 19       		.uleb128 0x19
 206 003b 03       		.uleb128 0x3
 207 003c 0E       		.uleb128 0xe
 208 003d 3A       		.uleb128 0x3a
 209 003e 0B       		.uleb128 0xb
ARM GAS  C:\Users\HPz420\AppData\Local\Temp\ccyEjl1a.s 			page 5


 210 003f 3B       		.uleb128 0x3b
 211 0040 0B       		.uleb128 0xb
 212 0041 27       		.uleb128 0x27
 213 0042 19       		.uleb128 0x19
 214 0043 49       		.uleb128 0x49
 215 0044 13       		.uleb128 0x13
 216 0045 8701     		.uleb128 0x87
 217 0047 19       		.uleb128 0x19
 218 0048 11       		.uleb128 0x11
 219 0049 01       		.uleb128 0x1
 220 004a 12       		.uleb128 0x12
 221 004b 06       		.uleb128 0x6
 222 004c 40       		.uleb128 0x40
 223 004d 18       		.uleb128 0x18
 224 004e 9742     		.uleb128 0x2117
 225 0050 19       		.uleb128 0x19
 226 0051 00       		.byte	0
 227 0052 00       		.byte	0
 228 0053 06       		.uleb128 0x6
 229 0054 34       		.uleb128 0x34
 230 0055 00       		.byte	0
 231 0056 03       		.uleb128 0x3
 232 0057 0E       		.uleb128 0xe
 233 0058 3A       		.uleb128 0x3a
 234 0059 0B       		.uleb128 0xb
 235 005a 3B       		.uleb128 0x3b
 236 005b 05       		.uleb128 0x5
 237 005c 49       		.uleb128 0x49
 238 005d 13       		.uleb128 0x13
 239 005e 3F       		.uleb128 0x3f
 240 005f 19       		.uleb128 0x19
 241 0060 3C       		.uleb128 0x3c
 242 0061 19       		.uleb128 0x19
 243 0062 00       		.byte	0
 244 0063 00       		.byte	0
 245 0064 07       		.uleb128 0x7
 246 0065 35       		.uleb128 0x35
 247 0066 00       		.byte	0
 248 0067 49       		.uleb128 0x49
 249 0068 13       		.uleb128 0x13
 250 0069 00       		.byte	0
 251 006a 00       		.byte	0
 252 006b 00       		.byte	0
 253              		.section	.debug_aranges,"",%progbits
 254 0000 1C000000 		.4byte	0x1c
 255 0004 0200     		.2byte	0x2
 256 0006 00000000 		.4byte	.Ldebug_info0
 257 000a 04       		.byte	0x4
 258 000b 00       		.byte	0
 259 000c 0000     		.2byte	0
 260 000e 0000     		.2byte	0
 261 0010 00000000 		.4byte	.LFB63
 262 0014 02000000 		.4byte	.LFE63-.LFB63
 263 0018 00000000 		.4byte	0
 264 001c 00000000 		.4byte	0
 265              		.section	.debug_ranges,"",%progbits
 266              	.Ldebug_ranges0:
ARM GAS  C:\Users\HPz420\AppData\Local\Temp\ccyEjl1a.s 			page 6


 267 0000 00000000 		.4byte	.LFB63
 268 0004 02000000 		.4byte	.LFE63
 269 0008 00000000 		.4byte	0
 270 000c 00000000 		.4byte	0
 271              		.section	.debug_line,"",%progbits
 272              	.Ldebug_line0:
 273 0000 54010000 		.section	.debug_str,"MS",%progbits,1
 273      02003F01 
 273      00000201 
 273      FB0E0D00 
 273      01010101 
 274              	.LASF6:
 275 0000 6C6F6E67 		.ascii	"long long int\000"
 275      206C6F6E 
 275      6720696E 
 275      7400
 276              	.LASF3:
 277 000e 73686F72 		.ascii	"short unsigned int\000"
 277      7420756E 
 277      7369676E 
 277      65642069 
 277      6E7400
 278              	.LASF8:
 279 0021 756E7369 		.ascii	"unsigned int\000"
 279      676E6564 
 279      20696E74 
 279      00
 280              	.LASF17:
 281 002e 6D61696E 		.ascii	"main.c\000"
 281      2E6300
 282              	.LASF19:
 283 0035 6D61696E 		.ascii	"main\000"
 283      00
 284              	.LASF16:
 285 003a 474E5520 		.ascii	"GNU C11 5.4.1 20160609 (release) [ARM/embedded-5-br"
 285      43313120 
 285      352E342E 
 285      31203230 
 285      31363036 
 286 006d 616E6368 		.ascii	"anch revision 237715] -mcpu=cortex-m3 -mthumb -g -O"
 286      20726576 
 286      6973696F 
 286      6E203233 
 286      37373135 
 287 00a0 67202D66 		.ascii	"g -ffunction-sections -ffat-lto-objects\000"
 287      66756E63 
 287      74696F6E 
 287      2D736563 
 287      74696F6E 
 288              	.LASF5:
 289 00c8 6C6F6E67 		.ascii	"long unsigned int\000"
 289      20756E73 
 289      69676E65 
 289      6420696E 
 289      7400
 290              	.LASF7:
 291 00da 6C6F6E67 		.ascii	"long long unsigned int\000"
ARM GAS  C:\Users\HPz420\AppData\Local\Temp\ccyEjl1a.s 			page 7


 291      206C6F6E 
 291      6720756E 
 291      7369676E 
 291      65642069 
 292              	.LASF1:
 293 00f1 756E7369 		.ascii	"unsigned char\000"
 293      676E6564 
 293      20636861 
 293      7200
 294              	.LASF13:
 295 00ff 63686172 		.ascii	"char\000"
 295      00
 296              	.LASF4:
 297 0104 6C6F6E67 		.ascii	"long int\000"
 297      20696E74 
 297      00
 298              	.LASF18:
 299 010d 433A5C55 		.ascii	"C:\\Users\\HPz420\\Documents\\GitHub\\land-boards\\"
 299      73657273 
 299      5C48507A 
 299      3432305C 
 299      446F6375 
 300 013a 4F444153 		.ascii	"ODAS\\ODAS-PSOC5\\Projects\\ODAS-PSOC5-LEDS-01.cyds"
 300      5C4F4441 
 300      532D5053 
 300      4F43355C 
 300      50726F6A 
 301 016a 6E00     		.ascii	"n\000"
 302              	.LASF12:
 303 016c 646F7562 		.ascii	"double\000"
 303      6C6500
 304              	.LASF20:
 305 0173 49544D5F 		.ascii	"ITM_RxBuffer\000"
 305      52784275 
 305      66666572 
 305      00
 306              	.LASF0:
 307 0180 7369676E 		.ascii	"signed char\000"
 307      65642063 
 307      68617200 
 308              	.LASF14:
 309 018c 6C6F6E67 		.ascii	"long double\000"
 309      20646F75 
 309      626C6500 
 310              	.LASF9:
 311 0198 5F5F696E 		.ascii	"__int32_t\000"
 311      7433325F 
 311      7400
 312              	.LASF11:
 313 01a2 666C6F61 		.ascii	"float\000"
 313      7400
 314              	.LASF2:
 315 01a8 73686F72 		.ascii	"short int\000"
 315      7420696E 
 315      7400
 316              	.LASF10:
 317 01b2 696E7433 		.ascii	"int32_t\000"
ARM GAS  C:\Users\HPz420\AppData\Local\Temp\ccyEjl1a.s 			page 8


 317      325F7400 
 318              	.LASF15:
 319 01ba 73697A65 		.ascii	"sizetype\000"
 319      74797065 
 319      00
 320              		.ident	"GCC: (GNU Tools for ARM Embedded Processors) 5.4.1 20160609 (release) [ARM/embedded-5-bran
