ARM GAS  C:\Users\DGILLI~1\AppData\Local\Temp\ccpsqw7a.s 			page 1


   1              		.syntax unified
   2              		.cpu cortex-m3
   3              		.fpu softvfp
   4              		.eabi_attribute 20, 1
   5              		.eabi_attribute 21, 1
   6              		.eabi_attribute 23, 3
   7              		.eabi_attribute 24, 1
   8              		.eabi_attribute 25, 1
   9              		.eabi_attribute 26, 1
  10              		.eabi_attribute 30, 6
  11              		.eabi_attribute 34, 1
  12              		.eabi_attribute 18, 4
  13              		.thumb
  14              		.file	"main.c"
  15              		.text
  16              	.Ltext0:
  17              		.cfi_sections	.debug_frame
  18              		.section	.rodata
  19              		.align	2
  20              	.LC0:
  21 0000 4D617374 		.ascii	"Master Code Running\000"
  21      65722043 
  21      6F646520 
  21      52756E6E 
  21      696E6700 
  22              		.section	.text.main,"ax",%progbits
  23              		.align	2
  24              		.global	main
  25              		.thumb
  26              		.thumb_func
  27              		.type	main, %function
  28              	main:
  29              	.LFB63:
  30              		.file 1 "main.c"
   1:main.c        **** /*******************************************************************************
   2:main.c        **** * File Name: main.c
   3:main.c        **** *
   4:main.c        **** * Version: 1.0
   5:main.c        **** *
   6:main.c        **** * Description:
   7:main.c        **** *  This is source code for I2C Master.
   8:main.c        **** *
   9:main.c        **** * Parameters used:
  10:main.c        **** *  I2C Master
  11:main.c        **** *   Implementation      Fixed function
  12:main.c        **** *   Data rate           100kbps
  13:main.c        **** *   SDA SCL pin config  Open drain, drives low
  14:main.c        **** *   Pull-up resistors   2.2k each
  15:main.c        **** *
  16:main.c        **** * Data is sent via a I2C Master.
  17:main.c        **** *
  18:main.c        **** *******************************************************************************/
  19:main.c        **** 
  20:main.c        **** #include <project.h>
  21:main.c        **** #include "serialIO.h"
  22:main.c        **** #include "myI2CMaster.h"
  23:main.c        **** 
ARM GAS  C:\Users\DGILLI~1\AppData\Local\Temp\ccpsqw7a.s 			page 2


  24:main.c        **** /*******************************************************************************
  25:main.c        **** * Function Name: main
  26:main.c        **** ********************************************************************************
  27:main.c        **** *
  28:main.c        **** * Summary:
  29:main.c        **** *  main function performs following functions:
  30:main.c        **** *   1. Starts all used components.
  31:main.c        **** *   2. Toggles an LED on the slave card
  32:main.c        **** *
  33:main.c        **** * Parameters:
  34:main.c        **** *  None.
  35:main.c        **** *
  36:main.c        **** * Return:
  37:main.c        **** *  None.
  38:main.c        **** *
  39:main.c        **** *******************************************************************************/
  40:main.c        **** int main()
  41:main.c        **** {
  31              		.loc 1 41 0
  32              		.cfi_startproc
  33              		@ args = 0, pretend = 0, frame = 0
  34              		@ frame_needed = 1, uses_anonymous_args = 0
  35 0000 80B5     		push	{r7, lr}
  36              		.cfi_def_cfa_offset 8
  37              		.cfi_offset 7, -8
  38              		.cfi_offset 14, -4
  39 0002 00AF     		add	r7, sp, #0
  40              		.cfi_def_cfa_register 7
  42:main.c        **** 
  43:main.c        ****     /* Enable global interrupts - required for I2C */
  44:main.c        ****     CyGlobalIntEnable;
  41              		.loc 1 44 0
  42              	@ 44 "main.c" 1
  43 0004 62B6     		CPSIE   i
  44              	@ 0 "" 2
  45:main.c        ****     LED_Write(0);
  45              		.loc 1 45 0
  46              		.thumb
  47 0006 0020     		movs	r0, #0
  48 0008 FFF7FEFF 		bl	LED_Write
  46:main.c        ****     I2CM_Start();
  49              		.loc 1 46 0
  50 000c FFF7FEFF 		bl	I2CM_Start
  47:main.c        ****     UART_1_Start();
  51              		.loc 1 47 0
  52 0010 FFF7FEFF 		bl	UART_1_Start
  48:main.c        ****     // Initialize the read/write buffers
  49:main.c        ****     I2CM_MasterClearWriteBuf();     // Buffer to be written from the master
  53              		.loc 1 49 0
  54 0014 FFF7FEFF 		bl	I2CM_MasterClearWriteBuf
  50:main.c        ****     I2CM_MasterClearReadBuf();      // Buffer to be read from the master
  55              		.loc 1 50 0
  56 0018 FFF7FEFF 		bl	I2CM_MasterClearReadBuf
  51:main.c        **** 
  52:main.c        ****     wrBuf[0] = SLAVE_LED_ON;
  57              		.loc 1 52 0
  58 001c 214B     		ldr	r3, .L5
ARM GAS  C:\Users\DGILLI~1\AppData\Local\Temp\ccpsqw7a.s 			page 3


  59 001e 0222     		movs	r2, #2
  60 0020 1A70     		strb	r2, [r3]
  53:main.c        ****     wrBuf[1] = 0;
  61              		.loc 1 53 0
  62 0022 204B     		ldr	r3, .L5
  63 0024 0022     		movs	r2, #0
  64 0026 5A70     		strb	r2, [r3, #1]
  54:main.c        ****     wrBuf[2] = 0;
  65              		.loc 1 54 0
  66 0028 1E4B     		ldr	r3, .L5
  67 002a 0022     		movs	r2, #0
  68 002c 9A70     		strb	r2, [r3, #2]
  55:main.c        ****     wrBuf[3] = 0;
  69              		.loc 1 55 0
  70 002e 1D4B     		ldr	r3, .L5
  71 0030 0022     		movs	r2, #0
  72 0032 DA70     		strb	r2, [r3, #3]
  56:main.c        ****     wrBuf[4] = 0;
  73              		.loc 1 56 0
  74 0034 1B4B     		ldr	r3, .L5
  75 0036 0022     		movs	r2, #0
  76 0038 1A71     		strb	r2, [r3, #4]
  57:main.c        ****     rdBuf[0] = NULL_CMD;
  77              		.loc 1 57 0
  78 003a 1B4B     		ldr	r3, .L5+4
  79 003c 0022     		movs	r2, #0
  80 003e 1A70     		strb	r2, [r3]
  58:main.c        ****     rdBuf[1] = 0;
  81              		.loc 1 58 0
  82 0040 194B     		ldr	r3, .L5+4
  83 0042 0022     		movs	r2, #0
  84 0044 5A70     		strb	r2, [r3, #1]
  59:main.c        ****     rdBuf[2] = 0;
  85              		.loc 1 59 0
  86 0046 184B     		ldr	r3, .L5+4
  87 0048 0022     		movs	r2, #0
  88 004a 9A70     		strb	r2, [r3, #2]
  60:main.c        ****     rdBuf[3] = 0;
  89              		.loc 1 60 0
  90 004c 164B     		ldr	r3, .L5+4
  91 004e 0022     		movs	r2, #0
  92 0050 DA70     		strb	r2, [r3, #3]
  61:main.c        ****     rdBuf[4] = 0;
  93              		.loc 1 61 0
  94 0052 154B     		ldr	r3, .L5+4
  95 0054 0022     		movs	r2, #0
  96 0056 1A71     		strb	r2, [r3, #4]
  62:main.c        ****     printLine("Master Code Running");
  97              		.loc 1 62 0
  98 0058 1448     		ldr	r0, .L5+8
  99 005a FFF7FEFF 		bl	printLine
  63:main.c        ****     I2CM_MasterClearStatus();
 100              		.loc 1 63 0
 101 005e FFF7FEFF 		bl	I2CM_MasterClearStatus
 102              	.L4:
  64:main.c        **** 
  65:main.c        ****     for(;;)
ARM GAS  C:\Users\DGILLI~1\AppData\Local\Temp\ccpsqw7a.s 			page 4


  66:main.c        ****     {
  67:main.c        ****         rdBuf[0] = 'W';
 103              		.loc 1 67 0
 104 0062 114B     		ldr	r3, .L5+4
 105 0064 5722     		movs	r2, #87
 106 0066 1A70     		strb	r2, [r3]
  68:main.c        ****         if (wrBuf[0] == SLAVE_LED_ON)
 107              		.loc 1 68 0
 108 0068 0E4B     		ldr	r3, .L5
 109 006a 1B78     		ldrb	r3, [r3]	@ zero_extendqisi2
 110 006c 022B     		cmp	r3, #2
 111 006e 03D1     		bne	.L2
  69:main.c        ****             wrBuf[0] = SLAVE_LED_OFF;
 112              		.loc 1 69 0
 113 0070 0C4B     		ldr	r3, .L5
 114 0072 0122     		movs	r2, #1
 115 0074 1A70     		strb	r2, [r3]
 116 0076 02E0     		b	.L3
 117              	.L2:
  70:main.c        ****         else
  71:main.c        ****             wrBuf[0] = SLAVE_LED_ON;
 118              		.loc 1 71 0
 119 0078 0A4B     		ldr	r3, .L5
 120 007a 0222     		movs	r2, #2
 121 007c 1A70     		strb	r2, [r3]
 122              	.L3:
  72:main.c        ****         sendBuffToI2C(0x50);    // Send a buffer to the I2C interface
 123              		.loc 1 72 0
 124 007e 5020     		movs	r0, #80
 125 0080 FFF7FEFF 		bl	sendBuffToI2C
  73:main.c        ****         CyDelay(6);             // Wait 10 msecs before checking for a reply
 126              		.loc 1 73 0
 127 0084 0620     		movs	r0, #6
 128 0086 FFF7FEFF 		bl	CyDelay
  74:main.c        ****         LED_Write(1);
 129              		.loc 1 74 0
 130 008a 0120     		movs	r0, #1
 131 008c FFF7FEFF 		bl	LED_Write
  75:main.c        ****         getBuffFromI2C(0x50);   // Get a buffer from the I2C interface
 132              		.loc 1 75 0
 133 0090 5020     		movs	r0, #80
 134 0092 FFF7FEFF 		bl	getBuffFromI2C
  76:main.c        ****         LED_Write(0);
 135              		.loc 1 76 0
 136 0096 0020     		movs	r0, #0
 137 0098 FFF7FEFF 		bl	LED_Write
  77:main.c        ****         CyDelay(250);           // Wait mSecs
 138              		.loc 1 77 0
 139 009c FA20     		movs	r0, #250
 140 009e FFF7FEFF 		bl	CyDelay
  78:main.c        ****     }
 141              		.loc 1 78 0
 142 00a2 DEE7     		b	.L4
 143              	.L6:
 144              		.align	2
 145              	.L5:
 146 00a4 00000000 		.word	wrBuf
ARM GAS  C:\Users\DGILLI~1\AppData\Local\Temp\ccpsqw7a.s 			page 5


 147 00a8 00000000 		.word	rdBuf
 148 00ac 00000000 		.word	.LC0
 149              		.cfi_endproc
 150              	.LFE63:
 151              		.size	main, .-main
 152              		.text
 153              	.Letext0:
 154              		.file 2 "c:\\program files (x86)\\cypress\\psoc creator\\4.0\\psoc creator\\import\\gnu\\arm\\4.9.
 155              		.file 3 "c:\\program files (x86)\\cypress\\psoc creator\\4.0\\psoc creator\\import\\gnu\\arm\\4.9.
 156              		.file 4 "Generated_Source\\PSoC5/cytypes.h"
 157              		.file 5 "Generated_Source\\PSoC5/core_cm3.h"
 158              		.file 6 "myI2CMaster.h"
 159              		.section	.debug_info,"",%progbits
 160              	.Ldebug_info0:
 161 0000 35010000 		.4byte	0x135
 162 0004 0400     		.2byte	0x4
 163 0006 00000000 		.4byte	.Ldebug_abbrev0
 164 000a 04       		.byte	0x4
 165 000b 01       		.uleb128 0x1
 166 000c 0A000000 		.4byte	.LASF28
 167 0010 01       		.byte	0x1
 168 0011 BC010000 		.4byte	.LASF29
 169 0015 DF010000 		.4byte	.LASF30
 170 0019 00000000 		.4byte	.Ldebug_ranges0+0
 171 001d 00000000 		.4byte	0
 172 0021 00000000 		.4byte	.Ldebug_line0
 173 0025 02       		.uleb128 0x2
 174 0026 01       		.byte	0x1
 175 0027 06       		.byte	0x6
 176 0028 5E020000 		.4byte	.LASF0
 177 002c 02       		.uleb128 0x2
 178 002d 01       		.byte	0x1
 179 002e 08       		.byte	0x8
 180 002f 5E010000 		.4byte	.LASF1
 181 0033 02       		.uleb128 0x2
 182 0034 02       		.byte	0x2
 183 0035 05       		.byte	0x5
 184 0036 D5010000 		.4byte	.LASF2
 185 003a 02       		.uleb128 0x2
 186 003b 02       		.byte	0x2
 187 003c 07       		.byte	0x7
 188 003d F8000000 		.4byte	.LASF3
 189 0041 03       		.uleb128 0x3
 190 0042 00000000 		.4byte	.LASF9
 191 0046 02       		.byte	0x2
 192 0047 3F       		.byte	0x3f
 193 0048 4C000000 		.4byte	0x4c
 194 004c 02       		.uleb128 0x2
 195 004d 04       		.byte	0x4
 196 004e 05       		.byte	0x5
 197 004f 55020000 		.4byte	.LASF4
 198 0053 02       		.uleb128 0x2
 199 0054 04       		.byte	0x4
 200 0055 07       		.byte	0x7
 201 0056 E6000000 		.4byte	.LASF5
 202 005a 02       		.uleb128 0x2
 203 005b 08       		.byte	0x8
ARM GAS  C:\Users\DGILLI~1\AppData\Local\Temp\ccpsqw7a.s 			page 6


 204 005c 05       		.byte	0x5
 205 005d A1010000 		.4byte	.LASF6
 206 0061 02       		.uleb128 0x2
 207 0062 08       		.byte	0x8
 208 0063 07       		.byte	0x7
 209 0064 79010000 		.4byte	.LASF7
 210 0068 04       		.uleb128 0x4
 211 0069 04       		.byte	0x4
 212 006a 05       		.byte	0x5
 213 006b 696E7400 		.ascii	"int\000"
 214 006f 02       		.uleb128 0x2
 215 0070 04       		.byte	0x4
 216 0071 07       		.byte	0x7
 217 0072 6C010000 		.4byte	.LASF8
 218 0076 03       		.uleb128 0x3
 219 0077 90010000 		.4byte	.LASF10
 220 007b 03       		.byte	0x3
 221 007c 2C       		.byte	0x2c
 222 007d 41000000 		.4byte	0x41
 223 0081 05       		.uleb128 0x5
 224 0082 41020000 		.4byte	.LASF11
 225 0086 04       		.byte	0x4
 226 0087 9201     		.2byte	0x192
 227 0089 2C000000 		.4byte	0x2c
 228 008d 02       		.uleb128 0x2
 229 008e 04       		.byte	0x4
 230 008f 04       		.byte	0x4
 231 0090 B4000000 		.4byte	.LASF12
 232 0094 02       		.uleb128 0x2
 233 0095 08       		.byte	0x8
 234 0096 04       		.byte	0x4
 235 0097 52010000 		.4byte	.LASF13
 236 009b 02       		.uleb128 0x2
 237 009c 01       		.byte	0x1
 238 009d 08       		.byte	0x8
 239 009e C3010000 		.4byte	.LASF14
 240 00a2 02       		.uleb128 0x2
 241 00a3 04       		.byte	0x4
 242 00a4 07       		.byte	0x7
 243 00a5 98010000 		.4byte	.LASF15
 244 00a9 06       		.uleb128 0x6
 245 00aa C8010000 		.4byte	.LASF31
 246 00ae 01       		.byte	0x1
 247 00af 06       		.byte	0x6
 248 00b0 17       		.byte	0x17
 249 00b1 EC000000 		.4byte	0xec
 250 00b5 07       		.uleb128 0x7
 251 00b6 49010000 		.4byte	.LASF16
 252 00ba 00       		.sleb128 0
 253 00bb 07       		.uleb128 0x7
 254 00bc 47020000 		.4byte	.LASF17
 255 00c0 01       		.sleb128 1
 256 00c1 07       		.uleb128 0x7
 257 00c2 AF010000 		.4byte	.LASF18
 258 00c6 02       		.sleb128 2
 259 00c7 07       		.uleb128 0x7
 260 00c8 6A020000 		.4byte	.LASF19
ARM GAS  C:\Users\DGILLI~1\AppData\Local\Temp\ccpsqw7a.s 			page 7


 261 00cc 03       		.sleb128 3
 262 00cd 07       		.uleb128 0x7
 263 00ce 0B010000 		.4byte	.LASF20
 264 00d2 04       		.sleb128 4
 265 00d3 07       		.uleb128 0x7
 266 00d4 20010000 		.4byte	.LASF21
 267 00d8 05       		.sleb128 5
 268 00d9 07       		.uleb128 0x7
 269 00da 98000000 		.4byte	.LASF22
 270 00de 06       		.sleb128 6
 271 00df 07       		.uleb128 0x7
 272 00e0 CE000000 		.4byte	.LASF23
 273 00e4 07       		.sleb128 7
 274 00e5 07       		.uleb128 0x7
 275 00e6 BA000000 		.4byte	.LASF24
 276 00ea 08       		.sleb128 8
 277 00eb 00       		.byte	0
 278 00ec 08       		.uleb128 0x8
 279 00ed 59010000 		.4byte	.LASF32
 280 00f1 01       		.byte	0x1
 281 00f2 28       		.byte	0x28
 282 00f3 68000000 		.4byte	0x68
 283 00f7 00000000 		.4byte	.LFB63
 284 00fb B0000000 		.4byte	.LFE63-.LFB63
 285 00ff 01       		.uleb128 0x1
 286 0100 9C       		.byte	0x9c
 287 0101 09       		.uleb128 0x9
 288 0102 36010000 		.4byte	.LASF25
 289 0106 05       		.byte	0x5
 290 0107 9606     		.2byte	0x696
 291 0109 0D010000 		.4byte	0x10d
 292 010d 0A       		.uleb128 0xa
 293 010e 76000000 		.4byte	0x76
 294 0112 0B       		.uleb128 0xb
 295 0113 81000000 		.4byte	0x81
 296 0117 22010000 		.4byte	0x122
 297 011b 0C       		.uleb128 0xc
 298 011c A2000000 		.4byte	0xa2
 299 0120 04       		.byte	0x4
 300 0121 00       		.byte	0
 301 0122 0D       		.uleb128 0xd
 302 0123 43010000 		.4byte	.LASF26
 303 0127 06       		.byte	0x6
 304 0128 25       		.byte	0x25
 305 0129 12010000 		.4byte	0x112
 306 012d 0D       		.uleb128 0xd
 307 012e AE000000 		.4byte	.LASF27
 308 0132 06       		.byte	0x6
 309 0133 26       		.byte	0x26
 310 0134 12010000 		.4byte	0x112
 311 0138 00       		.byte	0
 312              		.section	.debug_abbrev,"",%progbits
 313              	.Ldebug_abbrev0:
 314 0000 01       		.uleb128 0x1
 315 0001 11       		.uleb128 0x11
 316 0002 01       		.byte	0x1
 317 0003 25       		.uleb128 0x25
ARM GAS  C:\Users\DGILLI~1\AppData\Local\Temp\ccpsqw7a.s 			page 8


 318 0004 0E       		.uleb128 0xe
 319 0005 13       		.uleb128 0x13
 320 0006 0B       		.uleb128 0xb
 321 0007 03       		.uleb128 0x3
 322 0008 0E       		.uleb128 0xe
 323 0009 1B       		.uleb128 0x1b
 324 000a 0E       		.uleb128 0xe
 325 000b 55       		.uleb128 0x55
 326 000c 17       		.uleb128 0x17
 327 000d 11       		.uleb128 0x11
 328 000e 01       		.uleb128 0x1
 329 000f 10       		.uleb128 0x10
 330 0010 17       		.uleb128 0x17
 331 0011 00       		.byte	0
 332 0012 00       		.byte	0
 333 0013 02       		.uleb128 0x2
 334 0014 24       		.uleb128 0x24
 335 0015 00       		.byte	0
 336 0016 0B       		.uleb128 0xb
 337 0017 0B       		.uleb128 0xb
 338 0018 3E       		.uleb128 0x3e
 339 0019 0B       		.uleb128 0xb
 340 001a 03       		.uleb128 0x3
 341 001b 0E       		.uleb128 0xe
 342 001c 00       		.byte	0
 343 001d 00       		.byte	0
 344 001e 03       		.uleb128 0x3
 345 001f 16       		.uleb128 0x16
 346 0020 00       		.byte	0
 347 0021 03       		.uleb128 0x3
 348 0022 0E       		.uleb128 0xe
 349 0023 3A       		.uleb128 0x3a
 350 0024 0B       		.uleb128 0xb
 351 0025 3B       		.uleb128 0x3b
 352 0026 0B       		.uleb128 0xb
 353 0027 49       		.uleb128 0x49
 354 0028 13       		.uleb128 0x13
 355 0029 00       		.byte	0
 356 002a 00       		.byte	0
 357 002b 04       		.uleb128 0x4
 358 002c 24       		.uleb128 0x24
 359 002d 00       		.byte	0
 360 002e 0B       		.uleb128 0xb
 361 002f 0B       		.uleb128 0xb
 362 0030 3E       		.uleb128 0x3e
 363 0031 0B       		.uleb128 0xb
 364 0032 03       		.uleb128 0x3
 365 0033 08       		.uleb128 0x8
 366 0034 00       		.byte	0
 367 0035 00       		.byte	0
 368 0036 05       		.uleb128 0x5
 369 0037 16       		.uleb128 0x16
 370 0038 00       		.byte	0
 371 0039 03       		.uleb128 0x3
 372 003a 0E       		.uleb128 0xe
 373 003b 3A       		.uleb128 0x3a
 374 003c 0B       		.uleb128 0xb
ARM GAS  C:\Users\DGILLI~1\AppData\Local\Temp\ccpsqw7a.s 			page 9


 375 003d 3B       		.uleb128 0x3b
 376 003e 05       		.uleb128 0x5
 377 003f 49       		.uleb128 0x49
 378 0040 13       		.uleb128 0x13
 379 0041 00       		.byte	0
 380 0042 00       		.byte	0
 381 0043 06       		.uleb128 0x6
 382 0044 04       		.uleb128 0x4
 383 0045 01       		.byte	0x1
 384 0046 03       		.uleb128 0x3
 385 0047 0E       		.uleb128 0xe
 386 0048 0B       		.uleb128 0xb
 387 0049 0B       		.uleb128 0xb
 388 004a 3A       		.uleb128 0x3a
 389 004b 0B       		.uleb128 0xb
 390 004c 3B       		.uleb128 0x3b
 391 004d 0B       		.uleb128 0xb
 392 004e 01       		.uleb128 0x1
 393 004f 13       		.uleb128 0x13
 394 0050 00       		.byte	0
 395 0051 00       		.byte	0
 396 0052 07       		.uleb128 0x7
 397 0053 28       		.uleb128 0x28
 398 0054 00       		.byte	0
 399 0055 03       		.uleb128 0x3
 400 0056 0E       		.uleb128 0xe
 401 0057 1C       		.uleb128 0x1c
 402 0058 0D       		.uleb128 0xd
 403 0059 00       		.byte	0
 404 005a 00       		.byte	0
 405 005b 08       		.uleb128 0x8
 406 005c 2E       		.uleb128 0x2e
 407 005d 00       		.byte	0
 408 005e 3F       		.uleb128 0x3f
 409 005f 19       		.uleb128 0x19
 410 0060 03       		.uleb128 0x3
 411 0061 0E       		.uleb128 0xe
 412 0062 3A       		.uleb128 0x3a
 413 0063 0B       		.uleb128 0xb
 414 0064 3B       		.uleb128 0x3b
 415 0065 0B       		.uleb128 0xb
 416 0066 49       		.uleb128 0x49
 417 0067 13       		.uleb128 0x13
 418 0068 11       		.uleb128 0x11
 419 0069 01       		.uleb128 0x1
 420 006a 12       		.uleb128 0x12
 421 006b 06       		.uleb128 0x6
 422 006c 40       		.uleb128 0x40
 423 006d 18       		.uleb128 0x18
 424 006e 9642     		.uleb128 0x2116
 425 0070 19       		.uleb128 0x19
 426 0071 00       		.byte	0
 427 0072 00       		.byte	0
 428 0073 09       		.uleb128 0x9
 429 0074 34       		.uleb128 0x34
 430 0075 00       		.byte	0
 431 0076 03       		.uleb128 0x3
ARM GAS  C:\Users\DGILLI~1\AppData\Local\Temp\ccpsqw7a.s 			page 10


 432 0077 0E       		.uleb128 0xe
 433 0078 3A       		.uleb128 0x3a
 434 0079 0B       		.uleb128 0xb
 435 007a 3B       		.uleb128 0x3b
 436 007b 05       		.uleb128 0x5
 437 007c 49       		.uleb128 0x49
 438 007d 13       		.uleb128 0x13
 439 007e 3F       		.uleb128 0x3f
 440 007f 19       		.uleb128 0x19
 441 0080 3C       		.uleb128 0x3c
 442 0081 19       		.uleb128 0x19
 443 0082 00       		.byte	0
 444 0083 00       		.byte	0
 445 0084 0A       		.uleb128 0xa
 446 0085 35       		.uleb128 0x35
 447 0086 00       		.byte	0
 448 0087 49       		.uleb128 0x49
 449 0088 13       		.uleb128 0x13
 450 0089 00       		.byte	0
 451 008a 00       		.byte	0
 452 008b 0B       		.uleb128 0xb
 453 008c 01       		.uleb128 0x1
 454 008d 01       		.byte	0x1
 455 008e 49       		.uleb128 0x49
 456 008f 13       		.uleb128 0x13
 457 0090 01       		.uleb128 0x1
 458 0091 13       		.uleb128 0x13
 459 0092 00       		.byte	0
 460 0093 00       		.byte	0
 461 0094 0C       		.uleb128 0xc
 462 0095 21       		.uleb128 0x21
 463 0096 00       		.byte	0
 464 0097 49       		.uleb128 0x49
 465 0098 13       		.uleb128 0x13
 466 0099 2F       		.uleb128 0x2f
 467 009a 0B       		.uleb128 0xb
 468 009b 00       		.byte	0
 469 009c 00       		.byte	0
 470 009d 0D       		.uleb128 0xd
 471 009e 34       		.uleb128 0x34
 472 009f 00       		.byte	0
 473 00a0 03       		.uleb128 0x3
 474 00a1 0E       		.uleb128 0xe
 475 00a2 3A       		.uleb128 0x3a
 476 00a3 0B       		.uleb128 0xb
 477 00a4 3B       		.uleb128 0x3b
 478 00a5 0B       		.uleb128 0xb
 479 00a6 49       		.uleb128 0x49
 480 00a7 13       		.uleb128 0x13
 481 00a8 3F       		.uleb128 0x3f
 482 00a9 19       		.uleb128 0x19
 483 00aa 3C       		.uleb128 0x3c
 484 00ab 19       		.uleb128 0x19
 485 00ac 00       		.byte	0
 486 00ad 00       		.byte	0
 487 00ae 00       		.byte	0
 488              		.section	.debug_aranges,"",%progbits
ARM GAS  C:\Users\DGILLI~1\AppData\Local\Temp\ccpsqw7a.s 			page 11


 489 0000 1C000000 		.4byte	0x1c
 490 0004 0200     		.2byte	0x2
 491 0006 00000000 		.4byte	.Ldebug_info0
 492 000a 04       		.byte	0x4
 493 000b 00       		.byte	0
 494 000c 0000     		.2byte	0
 495 000e 0000     		.2byte	0
 496 0010 00000000 		.4byte	.LFB63
 497 0014 B0000000 		.4byte	.LFE63-.LFB63
 498 0018 00000000 		.4byte	0
 499 001c 00000000 		.4byte	0
 500              		.section	.debug_ranges,"",%progbits
 501              	.Ldebug_ranges0:
 502 0000 00000000 		.4byte	.LFB63
 503 0004 B0000000 		.4byte	.LFE63
 504 0008 00000000 		.4byte	0
 505 000c 00000000 		.4byte	0
 506              		.section	.debug_line,"",%progbits
 507              	.Ldebug_line0:
 508 0000 8A010000 		.section	.debug_str,"MS",%progbits,1
 508      02005801 
 508      00000201 
 508      FB0E0D00 
 508      01010101 
 509              	.LASF9:
 510 0000 5F5F696E 		.ascii	"__int32_t\000"
 510      7433325F 
 510      7400
 511              	.LASF28:
 512 000a 474E5520 		.ascii	"GNU C 4.9.3 20150303 (release) [ARM/embedded-4_9-br"
 512      4320342E 
 512      392E3320 
 512      32303135 
 512      30333033 
 513 003d 616E6368 		.ascii	"anch revision 221220] -mcpu=cortex-m3 -mthumb -g -O"
 513      20726576 
 513      6973696F 
 513      6E203232 
 513      31323230 
 514 0070 30202D66 		.ascii	"0 -ffunction-sections -ffat-lto-objects\000"
 514      66756E63 
 514      74696F6E 
 514      2D736563 
 514      74696F6E 
 515              	.LASF22:
 516 0098 5553455F 		.ascii	"USE_PWM_CHANNELS_MASK\000"
 516      50574D5F 
 516      4348414E 
 516      4E454C53 
 516      5F4D4153 
 517              	.LASF27:
 518 00ae 72644275 		.ascii	"rdBuf\000"
 518      6600
 519              	.LASF12:
 520 00b4 666C6F61 		.ascii	"float\000"
 520      7400
 521              	.LASF24:
ARM GAS  C:\Users\DGILLI~1\AppData\Local\Temp\ccpsqw7a.s 			page 12


 522 00ba 52455455 		.ascii	"RETURN_ERROR_STATUS\000"
 522      524E5F45 
 522      52524F52 
 522      5F535441 
 522      54555300 
 523              	.LASF23:
 524 00ce 414C4C5F 		.ascii	"ALL_PWM_CHANNELS_ACTIVE\000"
 524      50574D5F 
 524      4348414E 
 524      4E454C53 
 524      5F414354 
 525              	.LASF5:
 526 00e6 6C6F6E67 		.ascii	"long unsigned int\000"
 526      20756E73 
 526      69676E65 
 526      6420696E 
 526      7400
 527              	.LASF3:
 528 00f8 73686F72 		.ascii	"short unsigned int\000"
 528      7420756E 
 528      7369676E 
 528      65642069 
 528      6E7400
 529              	.LASF20:
 530 010b 414C4C5F 		.ascii	"ALL_PWM_CHANNELS_LOW\000"
 530      50574D5F 
 530      4348414E 
 530      4E454C53 
 530      5F4C4F57 
 531              	.LASF21:
 532 0120 414C4C5F 		.ascii	"ALL_PWM_CHANNELS_HIGH\000"
 532      50574D5F 
 532      4348414E 
 532      4E454C53 
 532      5F484947 
 533              	.LASF25:
 534 0136 49544D5F 		.ascii	"ITM_RxBuffer\000"
 534      52784275 
 534      66666572 
 534      00
 535              	.LASF26:
 536 0143 77724275 		.ascii	"wrBuf\000"
 536      6600
 537              	.LASF16:
 538 0149 4E554C4C 		.ascii	"NULL_CMD\000"
 538      5F434D44 
 538      00
 539              	.LASF13:
 540 0152 646F7562 		.ascii	"double\000"
 540      6C6500
 541              	.LASF32:
 542 0159 6D61696E 		.ascii	"main\000"
 542      00
 543              	.LASF1:
 544 015e 756E7369 		.ascii	"unsigned char\000"
 544      676E6564 
 544      20636861 
ARM GAS  C:\Users\DGILLI~1\AppData\Local\Temp\ccpsqw7a.s 			page 13


 544      7200
 545              	.LASF8:
 546 016c 756E7369 		.ascii	"unsigned int\000"
 546      676E6564 
 546      20696E74 
 546      00
 547              	.LASF7:
 548 0179 6C6F6E67 		.ascii	"long long unsigned int\000"
 548      206C6F6E 
 548      6720756E 
 548      7369676E 
 548      65642069 
 549              	.LASF10:
 550 0190 696E7433 		.ascii	"int32_t\000"
 550      325F7400 
 551              	.LASF15:
 552 0198 73697A65 		.ascii	"sizetype\000"
 552      74797065 
 552      00
 553              	.LASF6:
 554 01a1 6C6F6E67 		.ascii	"long long int\000"
 554      206C6F6E 
 554      6720696E 
 554      7400
 555              	.LASF18:
 556 01af 534C4156 		.ascii	"SLAVE_LED_ON\000"
 556      455F4C45 
 556      445F4F4E 
 556      00
 557              	.LASF29:
 558 01bc 6D61696E 		.ascii	"main.c\000"
 558      2E6300
 559              	.LASF14:
 560 01c3 63686172 		.ascii	"char\000"
 560      00
 561              	.LASF31:
 562 01c8 4932435F 		.ascii	"I2C_COMMANDS\000"
 562      434F4D4D 
 562      414E4453 
 562      00
 563              	.LASF2:
 564 01d5 73686F72 		.ascii	"short int\000"
 564      7420696E 
 564      7400
 565              	.LASF30:
 566 01df 433A5C55 		.ascii	"C:\\Users\\DGilliland\\Documents\\GitHub\\ODAS\\ODA"
 566      73657273 
 566      5C444769 
 566      6C6C696C 
 566      616E645C 
 567 020c 532D5053 		.ascii	"S-PSOC5\\Projects\\I2C_Master-Slave\\I2CMaster-01.c"
 567      4F43355C 
 567      50726F6A 
 567      65637473 
 567      5C493243 
 568 023c 7964736E 		.ascii	"ydsn\000"
 568      00
ARM GAS  C:\Users\DGILLI~1\AppData\Local\Temp\ccpsqw7a.s 			page 14


 569              	.LASF11:
 570 0241 75696E74 		.ascii	"uint8\000"
 570      3800
 571              	.LASF17:
 572 0247 534C4156 		.ascii	"SLAVE_LED_OFF\000"
 572      455F4C45 
 572      445F4F46 
 572      4600
 573              	.LASF4:
 574 0255 6C6F6E67 		.ascii	"long int\000"
 574      20696E74 
 574      00
 575              	.LASF0:
 576 025e 7369676E 		.ascii	"signed char\000"
 576      65642063 
 576      68617200 
 577              	.LASF19:
 578 026a 50574D5F 		.ascii	"PWM_CHANNEL_MASK_VALUE\000"
 578      4348414E 
 578      4E454C5F 
 578      4D41534B 
 578      5F56414C 
 579              		.ident	"GCC: (GNU Tools for ARM Embedded Processors) 4.9.3 20150303 (release) [ARM/embedded-4_9-br
